ARM GAS  C:\Users\IVYLIU~1\AppData\Local\Temp\ccNxtTNh.s 			page 1


   1              		.syntax unified
   2              		.cpu cortex-m3
   3              		.fpu softvfp
   4              		.eabi_attribute 20, 1
   5              		.eabi_attribute 21, 1
   6              		.eabi_attribute 23, 3
   7              		.eabi_attribute 24, 1
   8              		.eabi_attribute 25, 1
   9              		.eabi_attribute 26, 1
  10              		.eabi_attribute 30, 4
  11              		.eabi_attribute 34, 1
  12              		.eabi_attribute 18, 4
  13              		.thumb
  14              		.file	"ADC_DelSig_1_AMux.c"
  15              		.text
  16              	.Ltext0:
  17              		.cfi_sections	.debug_frame
  18              		.section	.text.ADC_DelSig_1_AMux_Start,"ax",%progbits
  19              		.align	1
  20              		.global	ADC_DelSig_1_AMux_Start
  21              		.thumb
  22              		.thumb_func
  23              		.type	ADC_DelSig_1_AMux_Start, %function
  24              	ADC_DelSig_1_AMux_Start:
  25              	.LFB0:
  26              		.file 1 ".\\Generated_Source\\PSoC5\\ADC_DelSig_1_AMux.c"
   1:.\Generated_Source\PSoC5/ADC_DelSig_1_AMux.c **** /*******************************************************************************
   2:.\Generated_Source\PSoC5/ADC_DelSig_1_AMux.c **** * File Name: ADC_DelSig_1_AMux.c
   3:.\Generated_Source\PSoC5/ADC_DelSig_1_AMux.c **** * Version 1.80
   4:.\Generated_Source\PSoC5/ADC_DelSig_1_AMux.c **** *
   5:.\Generated_Source\PSoC5/ADC_DelSig_1_AMux.c **** *  Description:
   6:.\Generated_Source\PSoC5/ADC_DelSig_1_AMux.c **** *    This file contains all functions required for the analog multiplexer
   7:.\Generated_Source\PSoC5/ADC_DelSig_1_AMux.c **** *    AMux User Module.
   8:.\Generated_Source\PSoC5/ADC_DelSig_1_AMux.c **** *
   9:.\Generated_Source\PSoC5/ADC_DelSig_1_AMux.c **** *   Note:
  10:.\Generated_Source\PSoC5/ADC_DelSig_1_AMux.c **** *
  11:.\Generated_Source\PSoC5/ADC_DelSig_1_AMux.c **** *******************************************************************************
  12:.\Generated_Source\PSoC5/ADC_DelSig_1_AMux.c **** * Copyright 2008-2010, Cypress Semiconductor Corporation.  All rights reserved.
  13:.\Generated_Source\PSoC5/ADC_DelSig_1_AMux.c **** * You may use this file only in accordance with the license, terms, conditions, 
  14:.\Generated_Source\PSoC5/ADC_DelSig_1_AMux.c **** * disclaimers, and limitations in the end user license agreement accompanying 
  15:.\Generated_Source\PSoC5/ADC_DelSig_1_AMux.c **** * the software package with which this file was provided.
  16:.\Generated_Source\PSoC5/ADC_DelSig_1_AMux.c **** ********************************************************************************/
  17:.\Generated_Source\PSoC5/ADC_DelSig_1_AMux.c **** 
  18:.\Generated_Source\PSoC5/ADC_DelSig_1_AMux.c **** #include "ADC_DelSig_1_AMux.h"
  19:.\Generated_Source\PSoC5/ADC_DelSig_1_AMux.c **** 
  20:.\Generated_Source\PSoC5/ADC_DelSig_1_AMux.c **** static uint8 ADC_DelSig_1_AMux_lastChannel = ADC_DelSig_1_AMux_NULL_CHANNEL;
  21:.\Generated_Source\PSoC5/ADC_DelSig_1_AMux.c **** 
  22:.\Generated_Source\PSoC5/ADC_DelSig_1_AMux.c **** 
  23:.\Generated_Source\PSoC5/ADC_DelSig_1_AMux.c **** /*******************************************************************************
  24:.\Generated_Source\PSoC5/ADC_DelSig_1_AMux.c **** * Function Name: ADC_DelSig_1_AMux_Start
  25:.\Generated_Source\PSoC5/ADC_DelSig_1_AMux.c **** ********************************************************************************
  26:.\Generated_Source\PSoC5/ADC_DelSig_1_AMux.c **** * Summary:
  27:.\Generated_Source\PSoC5/ADC_DelSig_1_AMux.c **** *  Disconnect all channels.
  28:.\Generated_Source\PSoC5/ADC_DelSig_1_AMux.c **** *
  29:.\Generated_Source\PSoC5/ADC_DelSig_1_AMux.c **** * Parameters:
  30:.\Generated_Source\PSoC5/ADC_DelSig_1_AMux.c **** *  void
  31:.\Generated_Source\PSoC5/ADC_DelSig_1_AMux.c **** *
ARM GAS  C:\Users\IVYLIU~1\AppData\Local\Temp\ccNxtTNh.s 			page 2


  32:.\Generated_Source\PSoC5/ADC_DelSig_1_AMux.c **** * Return:
  33:.\Generated_Source\PSoC5/ADC_DelSig_1_AMux.c **** *  void
  34:.\Generated_Source\PSoC5/ADC_DelSig_1_AMux.c **** *
  35:.\Generated_Source\PSoC5/ADC_DelSig_1_AMux.c **** *******************************************************************************/
  36:.\Generated_Source\PSoC5/ADC_DelSig_1_AMux.c **** void ADC_DelSig_1_AMux_Start(void) 
  37:.\Generated_Source\PSoC5/ADC_DelSig_1_AMux.c **** {
  27              		.loc 1 37 0
  28              		.cfi_startproc
  29              		@ args = 0, pretend = 0, frame = 0
  30              		@ frame_needed = 0, uses_anonymous_args = 0
  31              	.LVL0:
  32 0000 08B5     		push	{r3, lr}
  33              		.cfi_def_cfa_offset 8
  34              		.cfi_offset 3, -8
  35              		.cfi_offset 14, -4
  38:.\Generated_Source\PSoC5/ADC_DelSig_1_AMux.c ****     uint8 chan;
  39:.\Generated_Source\PSoC5/ADC_DelSig_1_AMux.c **** 
  40:.\Generated_Source\PSoC5/ADC_DelSig_1_AMux.c ****     for(chan = 0u; chan < ADC_DelSig_1_AMux_CHANNELS ; chan++)
  41:.\Generated_Source\PSoC5/ADC_DelSig_1_AMux.c ****     {
  42:.\Generated_Source\PSoC5/ADC_DelSig_1_AMux.c **** #if (ADC_DelSig_1_AMux_MUXTYPE == ADC_DelSig_1_AMux_MUX_SINGLE)
  43:.\Generated_Source\PSoC5/ADC_DelSig_1_AMux.c ****         ADC_DelSig_1_AMux_Unset(chan);
  36              		.loc 1 43 0
  37 0002 0020     		movs	r0, #0
  38 0004 FFF7FEFF 		bl	ADC_DelSig_1_AMux_Unset
  39              	.LVL1:
  40 0008 0120     		movs	r0, #1
  41 000a FFF7FEFF 		bl	ADC_DelSig_1_AMux_Unset
  42              	.LVL2:
  44:.\Generated_Source\PSoC5/ADC_DelSig_1_AMux.c **** #else
  45:.\Generated_Source\PSoC5/ADC_DelSig_1_AMux.c ****         ADC_DelSig_1_AMux_CYAMUXSIDE_A_Unset(chan);
  46:.\Generated_Source\PSoC5/ADC_DelSig_1_AMux.c ****         ADC_DelSig_1_AMux_CYAMUXSIDE_B_Unset(chan);
  47:.\Generated_Source\PSoC5/ADC_DelSig_1_AMux.c **** #endif
  48:.\Generated_Source\PSoC5/ADC_DelSig_1_AMux.c ****     }
  49:.\Generated_Source\PSoC5/ADC_DelSig_1_AMux.c **** 
  50:.\Generated_Source\PSoC5/ADC_DelSig_1_AMux.c ****     ADC_DelSig_1_AMux_lastChannel = ADC_DelSig_1_AMux_NULL_CHANNEL;
  43              		.loc 1 50 0
  44 000e 024B     		ldr	r3, .L2
  45 0010 FF22     		movs	r2, #255
  46 0012 1A70     		strb	r2, [r3]
  47 0014 08BD     		pop	{r3, pc}
  48              	.L3:
  49 0016 00BF     		.align	2
  50              	.L2:
  51 0018 00000000 		.word	.LANCHOR0
  52              		.cfi_endproc
  53              	.LFE0:
  54              		.size	ADC_DelSig_1_AMux_Start, .-ADC_DelSig_1_AMux_Start
  55              		.section	.text.ADC_DelSig_1_AMux_Select,"ax",%progbits
  56              		.align	1
  57              		.global	ADC_DelSig_1_AMux_Select
  58              		.thumb
  59              		.thumb_func
  60              		.type	ADC_DelSig_1_AMux_Select, %function
  61              	ADC_DelSig_1_AMux_Select:
  62              	.LFB1:
  51:.\Generated_Source\PSoC5/ADC_DelSig_1_AMux.c **** }
  52:.\Generated_Source\PSoC5/ADC_DelSig_1_AMux.c **** 
ARM GAS  C:\Users\IVYLIU~1\AppData\Local\Temp\ccNxtTNh.s 			page 3


  53:.\Generated_Source\PSoC5/ADC_DelSig_1_AMux.c **** 
  54:.\Generated_Source\PSoC5/ADC_DelSig_1_AMux.c **** #if (!ADC_DelSig_1_AMux_ATMOSTONE)
  55:.\Generated_Source\PSoC5/ADC_DelSig_1_AMux.c **** /*******************************************************************************
  56:.\Generated_Source\PSoC5/ADC_DelSig_1_AMux.c **** * Function Name: ADC_DelSig_1_AMux_Select
  57:.\Generated_Source\PSoC5/ADC_DelSig_1_AMux.c **** ********************************************************************************
  58:.\Generated_Source\PSoC5/ADC_DelSig_1_AMux.c **** * Summary:
  59:.\Generated_Source\PSoC5/ADC_DelSig_1_AMux.c **** *  This functions first disconnects all channels then connects the given
  60:.\Generated_Source\PSoC5/ADC_DelSig_1_AMux.c **** *  channel.
  61:.\Generated_Source\PSoC5/ADC_DelSig_1_AMux.c **** *
  62:.\Generated_Source\PSoC5/ADC_DelSig_1_AMux.c **** * Parameters:
  63:.\Generated_Source\PSoC5/ADC_DelSig_1_AMux.c **** *  channel:  The channel to connect to the common terminal.
  64:.\Generated_Source\PSoC5/ADC_DelSig_1_AMux.c **** *
  65:.\Generated_Source\PSoC5/ADC_DelSig_1_AMux.c **** * Return:
  66:.\Generated_Source\PSoC5/ADC_DelSig_1_AMux.c **** *  void
  67:.\Generated_Source\PSoC5/ADC_DelSig_1_AMux.c **** *
  68:.\Generated_Source\PSoC5/ADC_DelSig_1_AMux.c **** *******************************************************************************/
  69:.\Generated_Source\PSoC5/ADC_DelSig_1_AMux.c **** void ADC_DelSig_1_AMux_Select(uint8 channel) 
  70:.\Generated_Source\PSoC5/ADC_DelSig_1_AMux.c **** {
  63              		.loc 1 70 0
  64              		.cfi_startproc
  65              		@ args = 0, pretend = 0, frame = 0
  66              		@ frame_needed = 0, uses_anonymous_args = 0
  67              	.LVL3:
  68 0000 10B5     		push	{r4, lr}
  69              		.cfi_def_cfa_offset 8
  70              		.cfi_offset 4, -8
  71              		.cfi_offset 14, -4
  72              		.loc 1 70 0
  73 0002 0446     		mov	r4, r0
  71:.\Generated_Source\PSoC5/ADC_DelSig_1_AMux.c ****     ADC_DelSig_1_AMux_DisconnectAll();        /* Disconnect all previous connections */
  74              		.loc 1 71 0
  75 0004 FFF7FEFF 		bl	ADC_DelSig_1_AMux_Start
  76              	.LVL4:
  72:.\Generated_Source\PSoC5/ADC_DelSig_1_AMux.c ****     ADC_DelSig_1_AMux_Connect(channel);       /* Make the given selection */
  77              		.loc 1 72 0
  78 0008 2046     		mov	r0, r4
  79 000a FFF7FEFF 		bl	ADC_DelSig_1_AMux_Set
  80              	.LVL5:
  73:.\Generated_Source\PSoC5/ADC_DelSig_1_AMux.c ****     ADC_DelSig_1_AMux_lastChannel = channel;  /* Update last channel */
  81              		.loc 1 73 0
  82 000e 014B     		ldr	r3, .L5
  83 0010 1C70     		strb	r4, [r3]
  84 0012 10BD     		pop	{r4, pc}
  85              	.L6:
  86              		.align	2
  87              	.L5:
  88 0014 00000000 		.word	.LANCHOR0
  89              		.cfi_endproc
  90              	.LFE1:
  91              		.size	ADC_DelSig_1_AMux_Select, .-ADC_DelSig_1_AMux_Select
  92              		.section	.text.ADC_DelSig_1_AMux_FastSelect,"ax",%progbits
  93              		.align	1
  94              		.global	ADC_DelSig_1_AMux_FastSelect
  95              		.thumb
  96              		.thumb_func
  97              		.type	ADC_DelSig_1_AMux_FastSelect, %function
  98              	ADC_DelSig_1_AMux_FastSelect:
ARM GAS  C:\Users\IVYLIU~1\AppData\Local\Temp\ccNxtTNh.s 			page 4


  99              	.LFB2:
  74:.\Generated_Source\PSoC5/ADC_DelSig_1_AMux.c **** }
  75:.\Generated_Source\PSoC5/ADC_DelSig_1_AMux.c **** #endif
  76:.\Generated_Source\PSoC5/ADC_DelSig_1_AMux.c **** 
  77:.\Generated_Source\PSoC5/ADC_DelSig_1_AMux.c **** 
  78:.\Generated_Source\PSoC5/ADC_DelSig_1_AMux.c **** /*******************************************************************************
  79:.\Generated_Source\PSoC5/ADC_DelSig_1_AMux.c **** * Function Name: ADC_DelSig_1_AMux_FastSelect
  80:.\Generated_Source\PSoC5/ADC_DelSig_1_AMux.c **** ********************************************************************************
  81:.\Generated_Source\PSoC5/ADC_DelSig_1_AMux.c **** * Summary:
  82:.\Generated_Source\PSoC5/ADC_DelSig_1_AMux.c **** *  This function first disconnects the last connection made with FastSelect or
  83:.\Generated_Source\PSoC5/ADC_DelSig_1_AMux.c **** *  Select, then connects the given channel. The FastSelect function is similar
  84:.\Generated_Source\PSoC5/ADC_DelSig_1_AMux.c **** *  to the Select function, except it is faster since it only disconnects the
  85:.\Generated_Source\PSoC5/ADC_DelSig_1_AMux.c **** *  last channel selected rather than all channels.
  86:.\Generated_Source\PSoC5/ADC_DelSig_1_AMux.c **** *
  87:.\Generated_Source\PSoC5/ADC_DelSig_1_AMux.c **** * Parameters:
  88:.\Generated_Source\PSoC5/ADC_DelSig_1_AMux.c **** *  channel:  The channel to connect to the common terminal.
  89:.\Generated_Source\PSoC5/ADC_DelSig_1_AMux.c **** *
  90:.\Generated_Source\PSoC5/ADC_DelSig_1_AMux.c **** * Return:
  91:.\Generated_Source\PSoC5/ADC_DelSig_1_AMux.c **** *  void
  92:.\Generated_Source\PSoC5/ADC_DelSig_1_AMux.c **** *
  93:.\Generated_Source\PSoC5/ADC_DelSig_1_AMux.c **** *******************************************************************************/
  94:.\Generated_Source\PSoC5/ADC_DelSig_1_AMux.c **** void ADC_DelSig_1_AMux_FastSelect(uint8 channel) 
  95:.\Generated_Source\PSoC5/ADC_DelSig_1_AMux.c **** {
 100              		.loc 1 95 0
 101              		.cfi_startproc
 102              		@ args = 0, pretend = 0, frame = 0
 103              		@ frame_needed = 0, uses_anonymous_args = 0
 104              	.LVL6:
 105 0000 38B5     		push	{r3, r4, r5, lr}
 106              		.cfi_def_cfa_offset 16
 107              		.cfi_offset 3, -16
 108              		.cfi_offset 4, -12
 109              		.cfi_offset 5, -8
 110              		.cfi_offset 14, -4
  96:.\Generated_Source\PSoC5/ADC_DelSig_1_AMux.c ****     /* Disconnect the last valid channel */
  97:.\Generated_Source\PSoC5/ADC_DelSig_1_AMux.c ****     if( ADC_DelSig_1_AMux_lastChannel != ADC_DelSig_1_AMux_NULL_CHANNEL)
 111              		.loc 1 97 0
 112 0002 064B     		ldr	r3, .L13
  95:.\Generated_Source\PSoC5/ADC_DelSig_1_AMux.c ****     /* Disconnect the last valid channel */
 113              		.loc 1 95 0
 114 0004 0546     		mov	r5, r0
 115              		.loc 1 97 0
 116 0006 1878     		ldrb	r0, [r3]	@ zero_extendqisi2
 117              	.LVL7:
 118 0008 1C46     		mov	r4, r3
 119 000a FF28     		cmp	r0, #255
 120 000c 01D0     		beq	.L8
  98:.\Generated_Source\PSoC5/ADC_DelSig_1_AMux.c ****     {
  99:.\Generated_Source\PSoC5/ADC_DelSig_1_AMux.c ****         ADC_DelSig_1_AMux_Disconnect(ADC_DelSig_1_AMux_lastChannel);
 121              		.loc 1 99 0
 122 000e FFF7FEFF 		bl	ADC_DelSig_1_AMux_Unset
 123              	.LVL8:
 124              	.L8:
 100:.\Generated_Source\PSoC5/ADC_DelSig_1_AMux.c ****     }
 101:.\Generated_Source\PSoC5/ADC_DelSig_1_AMux.c **** 
 102:.\Generated_Source\PSoC5/ADC_DelSig_1_AMux.c ****     /* Make the new channel connection */
 103:.\Generated_Source\PSoC5/ADC_DelSig_1_AMux.c **** #if (ADC_DelSig_1_AMux_MUXTYPE == ADC_DelSig_1_AMux_MUX_SINGLE)
ARM GAS  C:\Users\IVYLIU~1\AppData\Local\Temp\ccNxtTNh.s 			page 5


 104:.\Generated_Source\PSoC5/ADC_DelSig_1_AMux.c ****     ADC_DelSig_1_AMux_Set(channel);
 125              		.loc 1 104 0
 126 0012 2846     		mov	r0, r5
 127 0014 FFF7FEFF 		bl	ADC_DelSig_1_AMux_Set
 128              	.LVL9:
 105:.\Generated_Source\PSoC5/ADC_DelSig_1_AMux.c **** #else
 106:.\Generated_Source\PSoC5/ADC_DelSig_1_AMux.c ****     ADC_DelSig_1_AMux_CYAMUXSIDE_A_Set(channel);
 107:.\Generated_Source\PSoC5/ADC_DelSig_1_AMux.c ****     ADC_DelSig_1_AMux_CYAMUXSIDE_B_Set(channel);
 108:.\Generated_Source\PSoC5/ADC_DelSig_1_AMux.c **** #endif
 109:.\Generated_Source\PSoC5/ADC_DelSig_1_AMux.c **** 
 110:.\Generated_Source\PSoC5/ADC_DelSig_1_AMux.c **** 
 111:.\Generated_Source\PSoC5/ADC_DelSig_1_AMux.c ****     ADC_DelSig_1_AMux_lastChannel = channel;   /* Update last channel */
 129              		.loc 1 111 0
 130 0018 2570     		strb	r5, [r4]
 131 001a 38BD     		pop	{r3, r4, r5, pc}
 132              	.L14:
 133              		.align	2
 134              	.L13:
 135 001c 00000000 		.word	.LANCHOR0
 136              		.cfi_endproc
 137              	.LFE2:
 138              		.size	ADC_DelSig_1_AMux_FastSelect, .-ADC_DelSig_1_AMux_FastSelect
 139              		.data
 140              		.set	.LANCHOR0,. + 0
 141              		.type	ADC_DelSig_1_AMux_lastChannel, %object
 142              		.size	ADC_DelSig_1_AMux_lastChannel, 1
 143              	ADC_DelSig_1_AMux_lastChannel:
 144 0000 FF       		.byte	-1
 145              		.text
 146              	.Letext0:
 147              		.file 2 ".\\Generated_Source\\PSoC5\\cytypes.h"
 148              		.file 3 ".\\Generated_Source\\PSoC5\\cyfitter_cfg.h"
 149              		.section	.debug_info,"",%progbits
 150              	.Ldebug_info0:
 151 0000 7B010000 		.4byte	0x17b
 152 0004 0400     		.2byte	0x4
 153 0006 00000000 		.4byte	.Ldebug_abbrev0
 154 000a 04       		.byte	0x4
 155 000b 01       		.uleb128 0x1
 156 000c 34000000 		.4byte	.LASF18
 157 0010 01       		.byte	0x1
 158 0011 CD000000 		.4byte	.LASF19
 159 0015 49010000 		.4byte	.LASF20
 160 0019 00000000 		.4byte	.Ldebug_ranges0+0
 161 001d 00000000 		.4byte	0
 162 0021 00000000 		.4byte	.Ldebug_line0
 163 0025 02       		.uleb128 0x2
 164 0026 01       		.byte	0x1
 165 0027 06       		.byte	0x6
 166 0028 11020000 		.4byte	.LASF0
 167 002c 02       		.uleb128 0x2
 168 002d 01       		.byte	0x1
 169 002e 08       		.byte	0x8
 170 002f 26000000 		.4byte	.LASF1
 171 0033 02       		.uleb128 0x2
 172 0034 02       		.byte	0x2
 173 0035 05       		.byte	0x5
ARM GAS  C:\Users\IVYLIU~1\AppData\Local\Temp\ccNxtTNh.s 			page 6


 174 0036 E0010000 		.4byte	.LASF2
 175 003a 02       		.uleb128 0x2
 176 003b 02       		.byte	0x2
 177 003c 07       		.byte	0x7
 178 003d 0C010000 		.4byte	.LASF3
 179 0041 02       		.uleb128 0x2
 180 0042 04       		.byte	0x4
 181 0043 05       		.byte	0x5
 182 0044 08020000 		.4byte	.LASF4
 183 0048 02       		.uleb128 0x2
 184 0049 04       		.byte	0x4
 185 004a 07       		.byte	0x7
 186 004b FA000000 		.4byte	.LASF5
 187 004f 02       		.uleb128 0x2
 188 0050 08       		.byte	0x8
 189 0051 05       		.byte	0x5
 190 0052 CD010000 		.4byte	.LASF6
 191 0056 02       		.uleb128 0x2
 192 0057 08       		.byte	0x8
 193 0058 07       		.byte	0x7
 194 0059 98010000 		.4byte	.LASF7
 195 005d 03       		.uleb128 0x3
 196 005e 04       		.byte	0x4
 197 005f 05       		.byte	0x5
 198 0060 696E7400 		.ascii	"int\000"
 199 0064 02       		.uleb128 0x2
 200 0065 04       		.byte	0x4
 201 0066 07       		.byte	0x7
 202 0067 3C010000 		.4byte	.LASF8
 203 006b 04       		.uleb128 0x4
 204 006c EA010000 		.4byte	.LASF21
 205 0070 02       		.byte	0x2
 206 0071 9201     		.2byte	0x192
 207 0073 2C000000 		.4byte	0x2c
 208 0077 02       		.uleb128 0x2
 209 0078 04       		.byte	0x4
 210 0079 04       		.byte	0x4
 211 007a 20000000 		.4byte	.LASF9
 212 007e 02       		.uleb128 0x2
 213 007f 08       		.byte	0x8
 214 0080 04       		.byte	0x4
 215 0081 1F010000 		.4byte	.LASF10
 216 0085 02       		.uleb128 0x2
 217 0086 01       		.byte	0x1
 218 0087 08       		.byte	0x8
 219 0088 DB010000 		.4byte	.LASF11
 220 008c 05       		.uleb128 0x5
 221 008d 08000000 		.4byte	.LASF12
 222 0091 01       		.byte	0x1
 223 0092 24       		.byte	0x24
 224 0093 00000000 		.4byte	.LFB0
 225 0097 1C000000 		.4byte	.LFE0-.LFB0
 226 009b 01       		.uleb128 0x1
 227 009c 9C       		.byte	0x9c
 228 009d D3000000 		.4byte	0xd3
 229 00a1 06       		.uleb128 0x6
 230 00a2 C8010000 		.4byte	.LASF16
ARM GAS  C:\Users\IVYLIU~1\AppData\Local\Temp\ccNxtTNh.s 			page 7


 231 00a6 01       		.byte	0x1
 232 00a7 26       		.byte	0x26
 233 00a8 6B000000 		.4byte	0x6b
 234 00ac 00000000 		.4byte	.LLST0
 235 00b0 07       		.uleb128 0x7
 236 00b1 08000000 		.4byte	.LVL1
 237 00b5 60010000 		.4byte	0x160
 238 00b9 C3000000 		.4byte	0xc3
 239 00bd 08       		.uleb128 0x8
 240 00be 01       		.uleb128 0x1
 241 00bf 50       		.byte	0x50
 242 00c0 01       		.uleb128 0x1
 243 00c1 30       		.byte	0x30
 244 00c2 00       		.byte	0
 245 00c3 09       		.uleb128 0x9
 246 00c4 0E000000 		.4byte	.LVL2
 247 00c8 60010000 		.4byte	0x160
 248 00cc 08       		.uleb128 0x8
 249 00cd 01       		.uleb128 0x1
 250 00ce 50       		.byte	0x50
 251 00cf 01       		.uleb128 0x1
 252 00d0 31       		.byte	0x31
 253 00d1 00       		.byte	0
 254 00d2 00       		.byte	0
 255 00d3 05       		.uleb128 0x5
 256 00d4 AF010000 		.4byte	.LASF13
 257 00d8 01       		.byte	0x1
 258 00d9 45       		.byte	0x45
 259 00da 00000000 		.4byte	.LFB1
 260 00de 18000000 		.4byte	.LFE1-.LFB1
 261 00e2 01       		.uleb128 0x1
 262 00e3 9C       		.byte	0x9c
 263 00e4 11010000 		.4byte	0x111
 264 00e8 0A       		.uleb128 0xa
 265 00e9 00000000 		.4byte	.LASF15
 266 00ed 01       		.byte	0x1
 267 00ee 45       		.byte	0x45
 268 00ef 6B000000 		.4byte	0x6b
 269 00f3 2C000000 		.4byte	.LLST1
 270 00f7 0B       		.uleb128 0xb
 271 00f8 08000000 		.4byte	.LVL4
 272 00fc 8C000000 		.4byte	0x8c
 273 0100 09       		.uleb128 0x9
 274 0101 0E000000 		.4byte	.LVL5
 275 0105 71010000 		.4byte	0x171
 276 0109 08       		.uleb128 0x8
 277 010a 01       		.uleb128 0x1
 278 010b 50       		.byte	0x50
 279 010c 02       		.uleb128 0x2
 280 010d 74       		.byte	0x74
 281 010e 00       		.sleb128 0
 282 010f 00       		.byte	0
 283 0110 00       		.byte	0
 284 0111 05       		.uleb128 0x5
 285 0112 3B020000 		.4byte	.LASF14
 286 0116 01       		.byte	0x1
 287 0117 5E       		.byte	0x5e
ARM GAS  C:\Users\IVYLIU~1\AppData\Local\Temp\ccNxtTNh.s 			page 8


 288 0118 00000000 		.4byte	.LFB2
 289 011c 20000000 		.4byte	.LFE2-.LFB2
 290 0120 01       		.uleb128 0x1
 291 0121 9C       		.byte	0x9c
 292 0122 4F010000 		.4byte	0x14f
 293 0126 0A       		.uleb128 0xa
 294 0127 00000000 		.4byte	.LASF15
 295 012b 01       		.byte	0x1
 296 012c 5E       		.byte	0x5e
 297 012d 6B000000 		.4byte	0x6b
 298 0131 4D000000 		.4byte	.LLST2
 299 0135 0B       		.uleb128 0xb
 300 0136 12000000 		.4byte	.LVL8
 301 013a 60010000 		.4byte	0x160
 302 013e 09       		.uleb128 0x9
 303 013f 18000000 		.4byte	.LVL9
 304 0143 71010000 		.4byte	0x171
 305 0147 08       		.uleb128 0x8
 306 0148 01       		.uleb128 0x1
 307 0149 50       		.byte	0x50
 308 014a 02       		.uleb128 0x2
 309 014b 75       		.byte	0x75
 310 014c 00       		.sleb128 0
 311 014d 00       		.byte	0
 312 014e 00       		.byte	0
 313 014f 0C       		.uleb128 0xc
 314 0150 1D020000 		.4byte	.LASF17
 315 0154 01       		.byte	0x1
 316 0155 14       		.byte	0x14
 317 0156 6B000000 		.4byte	0x6b
 318 015a 05       		.uleb128 0x5
 319 015b 03       		.byte	0x3
 320 015c 00000000 		.4byte	ADC_DelSig_1_AMux_lastChannel
 321 0160 0D       		.uleb128 0xd
 322 0161 F0010000 		.4byte	.LASF22
 323 0165 03       		.byte	0x3
 324 0166 1B       		.byte	0x1b
 325 0167 71010000 		.4byte	0x171
 326 016b 0E       		.uleb128 0xe
 327 016c 6B000000 		.4byte	0x6b
 328 0170 00       		.byte	0
 329 0171 0F       		.uleb128 0xf
 330 0172 26010000 		.4byte	.LASF23
 331 0176 03       		.byte	0x3
 332 0177 1A       		.byte	0x1a
 333 0178 0E       		.uleb128 0xe
 334 0179 6B000000 		.4byte	0x6b
 335 017d 00       		.byte	0
 336 017e 00       		.byte	0
 337              		.section	.debug_abbrev,"",%progbits
 338              	.Ldebug_abbrev0:
 339 0000 01       		.uleb128 0x1
 340 0001 11       		.uleb128 0x11
 341 0002 01       		.byte	0x1
 342 0003 25       		.uleb128 0x25
 343 0004 0E       		.uleb128 0xe
 344 0005 13       		.uleb128 0x13
ARM GAS  C:\Users\IVYLIU~1\AppData\Local\Temp\ccNxtTNh.s 			page 9


 345 0006 0B       		.uleb128 0xb
 346 0007 03       		.uleb128 0x3
 347 0008 0E       		.uleb128 0xe
 348 0009 1B       		.uleb128 0x1b
 349 000a 0E       		.uleb128 0xe
 350 000b 55       		.uleb128 0x55
 351 000c 17       		.uleb128 0x17
 352 000d 11       		.uleb128 0x11
 353 000e 01       		.uleb128 0x1
 354 000f 10       		.uleb128 0x10
 355 0010 17       		.uleb128 0x17
 356 0011 00       		.byte	0
 357 0012 00       		.byte	0
 358 0013 02       		.uleb128 0x2
 359 0014 24       		.uleb128 0x24
 360 0015 00       		.byte	0
 361 0016 0B       		.uleb128 0xb
 362 0017 0B       		.uleb128 0xb
 363 0018 3E       		.uleb128 0x3e
 364 0019 0B       		.uleb128 0xb
 365 001a 03       		.uleb128 0x3
 366 001b 0E       		.uleb128 0xe
 367 001c 00       		.byte	0
 368 001d 00       		.byte	0
 369 001e 03       		.uleb128 0x3
 370 001f 24       		.uleb128 0x24
 371 0020 00       		.byte	0
 372 0021 0B       		.uleb128 0xb
 373 0022 0B       		.uleb128 0xb
 374 0023 3E       		.uleb128 0x3e
 375 0024 0B       		.uleb128 0xb
 376 0025 03       		.uleb128 0x3
 377 0026 08       		.uleb128 0x8
 378 0027 00       		.byte	0
 379 0028 00       		.byte	0
 380 0029 04       		.uleb128 0x4
 381 002a 16       		.uleb128 0x16
 382 002b 00       		.byte	0
 383 002c 03       		.uleb128 0x3
 384 002d 0E       		.uleb128 0xe
 385 002e 3A       		.uleb128 0x3a
 386 002f 0B       		.uleb128 0xb
 387 0030 3B       		.uleb128 0x3b
 388 0031 05       		.uleb128 0x5
 389 0032 49       		.uleb128 0x49
 390 0033 13       		.uleb128 0x13
 391 0034 00       		.byte	0
 392 0035 00       		.byte	0
 393 0036 05       		.uleb128 0x5
 394 0037 2E       		.uleb128 0x2e
 395 0038 01       		.byte	0x1
 396 0039 3F       		.uleb128 0x3f
 397 003a 19       		.uleb128 0x19
 398 003b 03       		.uleb128 0x3
 399 003c 0E       		.uleb128 0xe
 400 003d 3A       		.uleb128 0x3a
 401 003e 0B       		.uleb128 0xb
ARM GAS  C:\Users\IVYLIU~1\AppData\Local\Temp\ccNxtTNh.s 			page 10


 402 003f 3B       		.uleb128 0x3b
 403 0040 0B       		.uleb128 0xb
 404 0041 27       		.uleb128 0x27
 405 0042 19       		.uleb128 0x19
 406 0043 11       		.uleb128 0x11
 407 0044 01       		.uleb128 0x1
 408 0045 12       		.uleb128 0x12
 409 0046 06       		.uleb128 0x6
 410 0047 40       		.uleb128 0x40
 411 0048 18       		.uleb128 0x18
 412 0049 9742     		.uleb128 0x2117
 413 004b 19       		.uleb128 0x19
 414 004c 01       		.uleb128 0x1
 415 004d 13       		.uleb128 0x13
 416 004e 00       		.byte	0
 417 004f 00       		.byte	0
 418 0050 06       		.uleb128 0x6
 419 0051 34       		.uleb128 0x34
 420 0052 00       		.byte	0
 421 0053 03       		.uleb128 0x3
 422 0054 0E       		.uleb128 0xe
 423 0055 3A       		.uleb128 0x3a
 424 0056 0B       		.uleb128 0xb
 425 0057 3B       		.uleb128 0x3b
 426 0058 0B       		.uleb128 0xb
 427 0059 49       		.uleb128 0x49
 428 005a 13       		.uleb128 0x13
 429 005b 02       		.uleb128 0x2
 430 005c 17       		.uleb128 0x17
 431 005d 00       		.byte	0
 432 005e 00       		.byte	0
 433 005f 07       		.uleb128 0x7
 434 0060 898201   		.uleb128 0x4109
 435 0063 01       		.byte	0x1
 436 0064 11       		.uleb128 0x11
 437 0065 01       		.uleb128 0x1
 438 0066 31       		.uleb128 0x31
 439 0067 13       		.uleb128 0x13
 440 0068 01       		.uleb128 0x1
 441 0069 13       		.uleb128 0x13
 442 006a 00       		.byte	0
 443 006b 00       		.byte	0
 444 006c 08       		.uleb128 0x8
 445 006d 8A8201   		.uleb128 0x410a
 446 0070 00       		.byte	0
 447 0071 02       		.uleb128 0x2
 448 0072 18       		.uleb128 0x18
 449 0073 9142     		.uleb128 0x2111
 450 0075 18       		.uleb128 0x18
 451 0076 00       		.byte	0
 452 0077 00       		.byte	0
 453 0078 09       		.uleb128 0x9
 454 0079 898201   		.uleb128 0x4109
 455 007c 01       		.byte	0x1
 456 007d 11       		.uleb128 0x11
 457 007e 01       		.uleb128 0x1
 458 007f 31       		.uleb128 0x31
ARM GAS  C:\Users\IVYLIU~1\AppData\Local\Temp\ccNxtTNh.s 			page 11


 459 0080 13       		.uleb128 0x13
 460 0081 00       		.byte	0
 461 0082 00       		.byte	0
 462 0083 0A       		.uleb128 0xa
 463 0084 05       		.uleb128 0x5
 464 0085 00       		.byte	0
 465 0086 03       		.uleb128 0x3
 466 0087 0E       		.uleb128 0xe
 467 0088 3A       		.uleb128 0x3a
 468 0089 0B       		.uleb128 0xb
 469 008a 3B       		.uleb128 0x3b
 470 008b 0B       		.uleb128 0xb
 471 008c 49       		.uleb128 0x49
 472 008d 13       		.uleb128 0x13
 473 008e 02       		.uleb128 0x2
 474 008f 17       		.uleb128 0x17
 475 0090 00       		.byte	0
 476 0091 00       		.byte	0
 477 0092 0B       		.uleb128 0xb
 478 0093 898201   		.uleb128 0x4109
 479 0096 00       		.byte	0
 480 0097 11       		.uleb128 0x11
 481 0098 01       		.uleb128 0x1
 482 0099 31       		.uleb128 0x31
 483 009a 13       		.uleb128 0x13
 484 009b 00       		.byte	0
 485 009c 00       		.byte	0
 486 009d 0C       		.uleb128 0xc
 487 009e 34       		.uleb128 0x34
 488 009f 00       		.byte	0
 489 00a0 03       		.uleb128 0x3
 490 00a1 0E       		.uleb128 0xe
 491 00a2 3A       		.uleb128 0x3a
 492 00a3 0B       		.uleb128 0xb
 493 00a4 3B       		.uleb128 0x3b
 494 00a5 0B       		.uleb128 0xb
 495 00a6 49       		.uleb128 0x49
 496 00a7 13       		.uleb128 0x13
 497 00a8 02       		.uleb128 0x2
 498 00a9 18       		.uleb128 0x18
 499 00aa 00       		.byte	0
 500 00ab 00       		.byte	0
 501 00ac 0D       		.uleb128 0xd
 502 00ad 2E       		.uleb128 0x2e
 503 00ae 01       		.byte	0x1
 504 00af 3F       		.uleb128 0x3f
 505 00b0 19       		.uleb128 0x19
 506 00b1 03       		.uleb128 0x3
 507 00b2 0E       		.uleb128 0xe
 508 00b3 3A       		.uleb128 0x3a
 509 00b4 0B       		.uleb128 0xb
 510 00b5 3B       		.uleb128 0x3b
 511 00b6 0B       		.uleb128 0xb
 512 00b7 27       		.uleb128 0x27
 513 00b8 19       		.uleb128 0x19
 514 00b9 3C       		.uleb128 0x3c
 515 00ba 19       		.uleb128 0x19
ARM GAS  C:\Users\IVYLIU~1\AppData\Local\Temp\ccNxtTNh.s 			page 12


 516 00bb 01       		.uleb128 0x1
 517 00bc 13       		.uleb128 0x13
 518 00bd 00       		.byte	0
 519 00be 00       		.byte	0
 520 00bf 0E       		.uleb128 0xe
 521 00c0 05       		.uleb128 0x5
 522 00c1 00       		.byte	0
 523 00c2 49       		.uleb128 0x49
 524 00c3 13       		.uleb128 0x13
 525 00c4 00       		.byte	0
 526 00c5 00       		.byte	0
 527 00c6 0F       		.uleb128 0xf
 528 00c7 2E       		.uleb128 0x2e
 529 00c8 01       		.byte	0x1
 530 00c9 3F       		.uleb128 0x3f
 531 00ca 19       		.uleb128 0x19
 532 00cb 03       		.uleb128 0x3
 533 00cc 0E       		.uleb128 0xe
 534 00cd 3A       		.uleb128 0x3a
 535 00ce 0B       		.uleb128 0xb
 536 00cf 3B       		.uleb128 0x3b
 537 00d0 0B       		.uleb128 0xb
 538 00d1 27       		.uleb128 0x27
 539 00d2 19       		.uleb128 0x19
 540 00d3 3C       		.uleb128 0x3c
 541 00d4 19       		.uleb128 0x19
 542 00d5 00       		.byte	0
 543 00d6 00       		.byte	0
 544 00d7 00       		.byte	0
 545              		.section	.debug_loc,"",%progbits
 546              	.Ldebug_loc0:
 547              	.LLST0:
 548 0000 00000000 		.4byte	.LVL0
 549 0004 08000000 		.4byte	.LVL1
 550 0008 0200     		.2byte	0x2
 551 000a 30       		.byte	0x30
 552 000b 9F       		.byte	0x9f
 553 000c 08000000 		.4byte	.LVL1
 554 0010 0E000000 		.4byte	.LVL2
 555 0014 0200     		.2byte	0x2
 556 0016 31       		.byte	0x31
 557 0017 9F       		.byte	0x9f
 558 0018 0E000000 		.4byte	.LVL2
 559 001c 1C000000 		.4byte	.LFE0
 560 0020 0200     		.2byte	0x2
 561 0022 32       		.byte	0x32
 562 0023 9F       		.byte	0x9f
 563 0024 00000000 		.4byte	0
 564 0028 00000000 		.4byte	0
 565              	.LLST1:
 566 002c 00000000 		.4byte	.LVL3
 567 0030 07000000 		.4byte	.LVL4-1
 568 0034 0100     		.2byte	0x1
 569 0036 50       		.byte	0x50
 570 0037 07000000 		.4byte	.LVL4-1
 571 003b 18000000 		.4byte	.LFE1
 572 003f 0400     		.2byte	0x4
ARM GAS  C:\Users\IVYLIU~1\AppData\Local\Temp\ccNxtTNh.s 			page 13


 573 0041 F3       		.byte	0xf3
 574 0042 01       		.uleb128 0x1
 575 0043 50       		.byte	0x50
 576 0044 9F       		.byte	0x9f
 577 0045 00000000 		.4byte	0
 578 0049 00000000 		.4byte	0
 579              	.LLST2:
 580 004d 00000000 		.4byte	.LVL6
 581 0051 08000000 		.4byte	.LVL7
 582 0055 0100     		.2byte	0x1
 583 0057 50       		.byte	0x50
 584 0058 08000000 		.4byte	.LVL7
 585 005c 20000000 		.4byte	.LFE2
 586 0060 0400     		.2byte	0x4
 587 0062 F3       		.byte	0xf3
 588 0063 01       		.uleb128 0x1
 589 0064 50       		.byte	0x50
 590 0065 9F       		.byte	0x9f
 591 0066 00000000 		.4byte	0
 592 006a 00000000 		.4byte	0
 593              		.section	.debug_aranges,"",%progbits
 594 0000 2C000000 		.4byte	0x2c
 595 0004 0200     		.2byte	0x2
 596 0006 00000000 		.4byte	.Ldebug_info0
 597 000a 04       		.byte	0x4
 598 000b 00       		.byte	0
 599 000c 0000     		.2byte	0
 600 000e 0000     		.2byte	0
 601 0010 00000000 		.4byte	.LFB0
 602 0014 1C000000 		.4byte	.LFE0-.LFB0
 603 0018 00000000 		.4byte	.LFB1
 604 001c 18000000 		.4byte	.LFE1-.LFB1
 605 0020 00000000 		.4byte	.LFB2
 606 0024 20000000 		.4byte	.LFE2-.LFB2
 607 0028 00000000 		.4byte	0
 608 002c 00000000 		.4byte	0
 609              		.section	.debug_ranges,"",%progbits
 610              	.Ldebug_ranges0:
 611 0000 00000000 		.4byte	.LFB0
 612 0004 1C000000 		.4byte	.LFE0
 613 0008 00000000 		.4byte	.LFB1
 614 000c 18000000 		.4byte	.LFE1
 615 0010 00000000 		.4byte	.LFB2
 616 0014 20000000 		.4byte	.LFE2
 617 0018 00000000 		.4byte	0
 618 001c 00000000 		.4byte	0
 619              		.section	.debug_line,"",%progbits
 620              	.Ldebug_line0:
 621 0000 A3000000 		.section	.debug_str,"MS",%progbits,1
 621      02006200 
 621      00000201 
 621      FB0E0D00 
 621      01010101 
 622              	.LASF15:
 623 0000 6368616E 		.ascii	"channel\000"
 623      6E656C00 
 624              	.LASF12:
ARM GAS  C:\Users\IVYLIU~1\AppData\Local\Temp\ccNxtTNh.s 			page 14


 625 0008 4144435F 		.ascii	"ADC_DelSig_1_AMux_Start\000"
 625      44656C53 
 625      69675F31 
 625      5F414D75 
 625      785F5374 
 626              	.LASF9:
 627 0020 666C6F61 		.ascii	"float\000"
 627      7400
 628              	.LASF1:
 629 0026 756E7369 		.ascii	"unsigned char\000"
 629      676E6564 
 629      20636861 
 629      7200
 630              	.LASF18:
 631 0034 474E5520 		.ascii	"GNU C 4.9.3 20150303 (release) [ARM/embedded-4_9-br"
 631      4320342E 
 631      392E3320 
 631      32303135 
 631      30333033 
 632 0067 616E6368 		.ascii	"anch revision 221220] -mcpu=cortex-m3 -mthumb -g -O"
 632      20726576 
 632      6973696F 
 632      6E203232 
 632      31323230 
 633 009a 73202D73 		.ascii	"s -std=gnu99 -ffunction-sections -ffat-lto-objects\000"
 633      74643D67 
 633      6E753939 
 633      202D6666 
 633      756E6374 
 634              	.LASF19:
 635 00cd 2E5C4765 		.ascii	".\\Generated_Source\\PSoC5\\ADC_DelSig_1_AMux.c\000"
 635      6E657261 
 635      7465645F 
 635      536F7572 
 635      63655C50 
 636              	.LASF5:
 637 00fa 6C6F6E67 		.ascii	"long unsigned int\000"
 637      20756E73 
 637      69676E65 
 637      6420696E 
 637      7400
 638              	.LASF3:
 639 010c 73686F72 		.ascii	"short unsigned int\000"
 639      7420756E 
 639      7369676E 
 639      65642069 
 639      6E7400
 640              	.LASF10:
 641 011f 646F7562 		.ascii	"double\000"
 641      6C6500
 642              	.LASF23:
 643 0126 4144435F 		.ascii	"ADC_DelSig_1_AMux_Set\000"
 643      44656C53 
 643      69675F31 
 643      5F414D75 
 643      785F5365 
 644              	.LASF8:
ARM GAS  C:\Users\IVYLIU~1\AppData\Local\Temp\ccNxtTNh.s 			page 15


 645 013c 756E7369 		.ascii	"unsigned int\000"
 645      676E6564 
 645      20696E74 
 645      00
 646              	.LASF20:
 647 0149 5C5C766D 		.ascii	"\\\\vmware-host\\Shared Folders\\Documents\\PSoC Cr"
 647      77617265 
 647      2D686F73 
 647      745C5368 
 647      61726564 
 648 0177 6561746F 		.ascii	"eator\\FinalProject\\FinalV2.cydsn\000"
 648      725C4669 
 648      6E616C50 
 648      726F6A65 
 648      63745C46 
 649              	.LASF7:
 650 0198 6C6F6E67 		.ascii	"long long unsigned int\000"
 650      206C6F6E 
 650      6720756E 
 650      7369676E 
 650      65642069 
 651              	.LASF13:
 652 01af 4144435F 		.ascii	"ADC_DelSig_1_AMux_Select\000"
 652      44656C53 
 652      69675F31 
 652      5F414D75 
 652      785F5365 
 653              	.LASF16:
 654 01c8 6368616E 		.ascii	"chan\000"
 654      00
 655              	.LASF6:
 656 01cd 6C6F6E67 		.ascii	"long long int\000"
 656      206C6F6E 
 656      6720696E 
 656      7400
 657              	.LASF11:
 658 01db 63686172 		.ascii	"char\000"
 658      00
 659              	.LASF2:
 660 01e0 73686F72 		.ascii	"short int\000"
 660      7420696E 
 660      7400
 661              	.LASF21:
 662 01ea 75696E74 		.ascii	"uint8\000"
 662      3800
 663              	.LASF22:
 664 01f0 4144435F 		.ascii	"ADC_DelSig_1_AMux_Unset\000"
 664      44656C53 
 664      69675F31 
 664      5F414D75 
 664      785F556E 
 665              	.LASF4:
 666 0208 6C6F6E67 		.ascii	"long int\000"
 666      20696E74 
 666      00
 667              	.LASF0:
 668 0211 7369676E 		.ascii	"signed char\000"
ARM GAS  C:\Users\IVYLIU~1\AppData\Local\Temp\ccNxtTNh.s 			page 16


 668      65642063 
 668      68617200 
 669              	.LASF17:
 670 021d 4144435F 		.ascii	"ADC_DelSig_1_AMux_lastChannel\000"
 670      44656C53 
 670      69675F31 
 670      5F414D75 
 670      785F6C61 
 671              	.LASF14:
 672 023b 4144435F 		.ascii	"ADC_DelSig_1_AMux_FastSelect\000"
 672      44656C53 
 672      69675F31 
 672      5F414D75 
 672      785F4661 
 673              		.ident	"GCC: (GNU Tools for ARM Embedded Processors) 4.9.3 20150303 (release) [ARM/embedded-4_9-br
