ARM GAS  C:\Users\IVYLIU~1\AppData\Local\Temp\ccqhuj2P.s 			page 1


   1              		.syntax unified
   2              		.cpu cortex-m3
   3              		.fpu softvfp
   4              		.eabi_attribute 20, 1
   5              		.eabi_attribute 21, 1
   6              		.eabi_attribute 23, 3
   7              		.eabi_attribute 24, 1
   8              		.eabi_attribute 25, 1
   9              		.eabi_attribute 26, 1
  10              		.eabi_attribute 30, 4
  11              		.eabi_attribute 34, 1
  12              		.eabi_attribute 18, 4
  13              		.thumb
  14              		.file	"arm_cfft_init_f32.c"
  15              		.text
  16              	.Ltext0:
  17              		.cfi_sections	.debug_frame
  18              		.section	.text.arm_cfft_init_f32,"ax",%progbits
  19              		.align	1
  20              		.global	arm_cfft_init_f32
  21              		.thumb
  22              		.thumb_func
  23              		.type	arm_cfft_init_f32, %function
  24              	arm_cfft_init_f32:
  25              	.LFB84:
  26              		.file 1 ".\\DSP\\Source\\TransformFunctions\\arm_cfft_init_f32.c"
   1:.\DSP\Source\TransformFunctions/arm_cfft_init_f32.c **** /* ----------------------------------------------------------------------
   2:.\DSP\Source\TransformFunctions/arm_cfft_init_f32.c ****  * Project:      CMSIS DSP Library
   3:.\DSP\Source\TransformFunctions/arm_cfft_init_f32.c ****  * Title:        arm_cfft_init_f32.c
   4:.\DSP\Source\TransformFunctions/arm_cfft_init_f32.c ****  * Description:  Initialization function for cfft f32 instance
   5:.\DSP\Source\TransformFunctions/arm_cfft_init_f32.c ****  *
   6:.\DSP\Source\TransformFunctions/arm_cfft_init_f32.c ****  * $Date:        23 April 2021
   7:.\DSP\Source\TransformFunctions/arm_cfft_init_f32.c ****  * $Revision:    V1.9.0
   8:.\DSP\Source\TransformFunctions/arm_cfft_init_f32.c ****  *
   9:.\DSP\Source\TransformFunctions/arm_cfft_init_f32.c ****  * Target Processor: Cortex-M and Cortex-A cores
  10:.\DSP\Source\TransformFunctions/arm_cfft_init_f32.c ****  * -------------------------------------------------------------------- */
  11:.\DSP\Source\TransformFunctions/arm_cfft_init_f32.c **** /*
  12:.\DSP\Source\TransformFunctions/arm_cfft_init_f32.c ****  * Copyright (C) 2010-2021 ARM Limited or its affiliates. All rights reserved.
  13:.\DSP\Source\TransformFunctions/arm_cfft_init_f32.c ****  *
  14:.\DSP\Source\TransformFunctions/arm_cfft_init_f32.c ****  * SPDX-License-Identifier: Apache-2.0
  15:.\DSP\Source\TransformFunctions/arm_cfft_init_f32.c ****  *
  16:.\DSP\Source\TransformFunctions/arm_cfft_init_f32.c ****  * Licensed under the Apache License, Version 2.0 (the License); you may
  17:.\DSP\Source\TransformFunctions/arm_cfft_init_f32.c ****  * not use this file except in compliance with the License.
  18:.\DSP\Source\TransformFunctions/arm_cfft_init_f32.c ****  * You may obtain a copy of the License at
  19:.\DSP\Source\TransformFunctions/arm_cfft_init_f32.c ****  *
  20:.\DSP\Source\TransformFunctions/arm_cfft_init_f32.c ****  * www.apache.org/licenses/LICENSE-2.0
  21:.\DSP\Source\TransformFunctions/arm_cfft_init_f32.c ****  *
  22:.\DSP\Source\TransformFunctions/arm_cfft_init_f32.c ****  * Unless required by applicable law or agreed to in writing, software
  23:.\DSP\Source\TransformFunctions/arm_cfft_init_f32.c ****  * distributed under the License is distributed on an AS IS BASIS, WITHOUT
  24:.\DSP\Source\TransformFunctions/arm_cfft_init_f32.c ****  * WARRANTIES OR CONDITIONS OF ANY KIND, either express or implied.
  25:.\DSP\Source\TransformFunctions/arm_cfft_init_f32.c ****  * See the License for the specific language governing permissions and
  26:.\DSP\Source\TransformFunctions/arm_cfft_init_f32.c ****  * limitations under the License.
  27:.\DSP\Source\TransformFunctions/arm_cfft_init_f32.c ****  */
  28:.\DSP\Source\TransformFunctions/arm_cfft_init_f32.c **** 
  29:.\DSP\Source\TransformFunctions/arm_cfft_init_f32.c **** #define FFTINIT(EXT,SIZE)                                           \
  30:.\DSP\Source\TransformFunctions/arm_cfft_init_f32.c ****   S->bitRevLength = arm_cfft_sR_##EXT##_len##SIZE.bitRevLength;        \
  31:.\DSP\Source\TransformFunctions/arm_cfft_init_f32.c ****   S->pBitRevTable = arm_cfft_sR_##EXT##_len##SIZE.pBitRevTable;         \
ARM GAS  C:\Users\IVYLIU~1\AppData\Local\Temp\ccqhuj2P.s 			page 2


  32:.\DSP\Source\TransformFunctions/arm_cfft_init_f32.c ****   S->pTwiddle = arm_cfft_sR_##EXT##_len##SIZE.pTwiddle;
  33:.\DSP\Source\TransformFunctions/arm_cfft_init_f32.c **** 
  34:.\DSP\Source\TransformFunctions/arm_cfft_init_f32.c **** /**
  35:.\DSP\Source\TransformFunctions/arm_cfft_init_f32.c ****   @addtogroup ComplexFFT
  36:.\DSP\Source\TransformFunctions/arm_cfft_init_f32.c ****   @{
  37:.\DSP\Source\TransformFunctions/arm_cfft_init_f32.c ****  */
  38:.\DSP\Source\TransformFunctions/arm_cfft_init_f32.c **** 
  39:.\DSP\Source\TransformFunctions/arm_cfft_init_f32.c **** /**
  40:.\DSP\Source\TransformFunctions/arm_cfft_init_f32.c ****   @brief         Initialization function for the cfft f32 function
  41:.\DSP\Source\TransformFunctions/arm_cfft_init_f32.c ****   @param[in,out] S              points to an instance of the floating-point CFFT structure
  42:.\DSP\Source\TransformFunctions/arm_cfft_init_f32.c ****   @param[in]     fftLen         fft length (number of complex samples)
  43:.\DSP\Source\TransformFunctions/arm_cfft_init_f32.c ****   @return        execution status
  44:.\DSP\Source\TransformFunctions/arm_cfft_init_f32.c ****                    - \ref ARM_MATH_SUCCESS        : Operation successful
  45:.\DSP\Source\TransformFunctions/arm_cfft_init_f32.c ****                    - \ref ARM_MATH_ARGUMENT_ERROR : an error is detected
  46:.\DSP\Source\TransformFunctions/arm_cfft_init_f32.c **** 
  47:.\DSP\Source\TransformFunctions/arm_cfft_init_f32.c ****   @par          Use of this function is mandatory only for the MVE version of the FFT.
  48:.\DSP\Source\TransformFunctions/arm_cfft_init_f32.c ****                 Other versions can still initialize directly the data structure using 
  49:.\DSP\Source\TransformFunctions/arm_cfft_init_f32.c ****                 variables declared in arm_const_structs.h
  50:.\DSP\Source\TransformFunctions/arm_cfft_init_f32.c ****  */
  51:.\DSP\Source\TransformFunctions/arm_cfft_init_f32.c **** 
  52:.\DSP\Source\TransformFunctions/arm_cfft_init_f32.c **** #include "dsp/transform_functions.h"
  53:.\DSP\Source\TransformFunctions/arm_cfft_init_f32.c **** #include "arm_common_tables.h"
  54:.\DSP\Source\TransformFunctions/arm_cfft_init_f32.c **** #include "arm_const_structs.h"
  55:.\DSP\Source\TransformFunctions/arm_cfft_init_f32.c **** 
  56:.\DSP\Source\TransformFunctions/arm_cfft_init_f32.c **** #if defined(ARM_MATH_MVEF) && !defined(ARM_MATH_AUTOVECTORIZE)
  57:.\DSP\Source\TransformFunctions/arm_cfft_init_f32.c **** 
  58:.\DSP\Source\TransformFunctions/arm_cfft_init_f32.c **** #include "arm_vec_fft.h"
  59:.\DSP\Source\TransformFunctions/arm_cfft_init_f32.c **** #include "arm_mve_tables.h"
  60:.\DSP\Source\TransformFunctions/arm_cfft_init_f32.c **** 
  61:.\DSP\Source\TransformFunctions/arm_cfft_init_f32.c **** arm_status arm_cfft_radix4by2_rearrange_twiddles_f32(arm_cfft_instance_f32 *S, int twidCoefModifier
  62:.\DSP\Source\TransformFunctions/arm_cfft_init_f32.c **** {
  63:.\DSP\Source\TransformFunctions/arm_cfft_init_f32.c ****                                                                   
  64:.\DSP\Source\TransformFunctions/arm_cfft_init_f32.c ****         switch (S->fftLen >> (twidCoefModifier - 1)) {  
  65:.\DSP\Source\TransformFunctions/arm_cfft_init_f32.c **** 
  66:.\DSP\Source\TransformFunctions/arm_cfft_init_f32.c **** #if !defined(ARM_DSP_CONFIG_TABLES) || defined(ARM_ALL_FFT_TABLES) \
  67:.\DSP\Source\TransformFunctions/arm_cfft_init_f32.c ****             || defined(ARM_TABLE_TWIDDLECOEF_F32_4096)                                             
  68:.\DSP\Source\TransformFunctions/arm_cfft_init_f32.c ****         case 4096U:                                                                                
  69:.\DSP\Source\TransformFunctions/arm_cfft_init_f32.c ****             S->rearranged_twiddle_tab_stride1_arr = rearranged_twiddle_tab_stride1_arr_4096_f32;
  70:.\DSP\Source\TransformFunctions/arm_cfft_init_f32.c ****             S->rearranged_twiddle_stride1  =  rearranged_twiddle_stride1_4096_f32;     
  71:.\DSP\Source\TransformFunctions/arm_cfft_init_f32.c **** 
  72:.\DSP\Source\TransformFunctions/arm_cfft_init_f32.c ****             S->rearranged_twiddle_tab_stride2_arr = rearranged_twiddle_tab_stride2_arr_4096_f32;
  73:.\DSP\Source\TransformFunctions/arm_cfft_init_f32.c ****             S->rearranged_twiddle_stride2  =  rearranged_twiddle_stride2_4096_f32;    
  74:.\DSP\Source\TransformFunctions/arm_cfft_init_f32.c **** 
  75:.\DSP\Source\TransformFunctions/arm_cfft_init_f32.c ****             S->rearranged_twiddle_tab_stride3_arr = rearranged_twiddle_tab_stride3_arr_4096_f32;
  76:.\DSP\Source\TransformFunctions/arm_cfft_init_f32.c ****             S->rearranged_twiddle_stride3  =  rearranged_twiddle_stride3_4096_f32;                 
  77:.\DSP\Source\TransformFunctions/arm_cfft_init_f32.c ****             break; 
  78:.\DSP\Source\TransformFunctions/arm_cfft_init_f32.c **** #endif                                  
  79:.\DSP\Source\TransformFunctions/arm_cfft_init_f32.c **** 
  80:.\DSP\Source\TransformFunctions/arm_cfft_init_f32.c **** #if !defined(ARM_DSP_CONFIG_TABLES) || defined(ARM_ALL_FFT_TABLES) \
  81:.\DSP\Source\TransformFunctions/arm_cfft_init_f32.c ****             || defined(ARM_TABLE_TWIDDLECOEF_F32_1024) || defined(ARM_TABLE_TWIDDLECOEF_F32_2048)  
  82:.\DSP\Source\TransformFunctions/arm_cfft_init_f32.c ****         case 1024U:                                                                                
  83:.\DSP\Source\TransformFunctions/arm_cfft_init_f32.c ****             S->rearranged_twiddle_tab_stride1_arr = rearranged_twiddle_tab_stride1_arr_1024_f32;
  84:.\DSP\Source\TransformFunctions/arm_cfft_init_f32.c ****             S->rearranged_twiddle_stride1  =  rearranged_twiddle_stride1_1024_f32;     
  85:.\DSP\Source\TransformFunctions/arm_cfft_init_f32.c **** 
  86:.\DSP\Source\TransformFunctions/arm_cfft_init_f32.c ****             S->rearranged_twiddle_tab_stride2_arr = rearranged_twiddle_tab_stride2_arr_1024_f32;
  87:.\DSP\Source\TransformFunctions/arm_cfft_init_f32.c ****             S->rearranged_twiddle_stride2  =  rearranged_twiddle_stride2_1024_f32;    
  88:.\DSP\Source\TransformFunctions/arm_cfft_init_f32.c **** 
ARM GAS  C:\Users\IVYLIU~1\AppData\Local\Temp\ccqhuj2P.s 			page 3


  89:.\DSP\Source\TransformFunctions/arm_cfft_init_f32.c ****             S->rearranged_twiddle_tab_stride3_arr = rearranged_twiddle_tab_stride3_arr_1024_f32;
  90:.\DSP\Source\TransformFunctions/arm_cfft_init_f32.c ****             S->rearranged_twiddle_stride3  =  rearranged_twiddle_stride3_1024_f32;                 
  91:.\DSP\Source\TransformFunctions/arm_cfft_init_f32.c ****             break;                                                                                 
  92:.\DSP\Source\TransformFunctions/arm_cfft_init_f32.c ****  #endif 
  93:.\DSP\Source\TransformFunctions/arm_cfft_init_f32.c **** 
  94:.\DSP\Source\TransformFunctions/arm_cfft_init_f32.c ****  #if !defined(ARM_DSP_CONFIG_TABLES) || defined(ARM_ALL_FFT_TABLES) \
  95:.\DSP\Source\TransformFunctions/arm_cfft_init_f32.c ****             || defined(ARM_TABLE_TWIDDLECOEF_F32_256) || defined(ARM_TABLE_TWIDDLECOEF_F32_512)    
  96:.\DSP\Source\TransformFunctions/arm_cfft_init_f32.c ****         case 256U:                                                                                 
  97:.\DSP\Source\TransformFunctions/arm_cfft_init_f32.c ****             S->rearranged_twiddle_tab_stride1_arr = rearranged_twiddle_tab_stride1_arr_256_f32;
  98:.\DSP\Source\TransformFunctions/arm_cfft_init_f32.c ****             S->rearranged_twiddle_stride1  =  rearranged_twiddle_stride1_256_f32;     
  99:.\DSP\Source\TransformFunctions/arm_cfft_init_f32.c **** 
 100:.\DSP\Source\TransformFunctions/arm_cfft_init_f32.c ****             S->rearranged_twiddle_tab_stride2_arr = rearranged_twiddle_tab_stride2_arr_256_f32;
 101:.\DSP\Source\TransformFunctions/arm_cfft_init_f32.c ****             S->rearranged_twiddle_stride2  =  rearranged_twiddle_stride2_256_f32;    
 102:.\DSP\Source\TransformFunctions/arm_cfft_init_f32.c **** 
 103:.\DSP\Source\TransformFunctions/arm_cfft_init_f32.c ****             S->rearranged_twiddle_tab_stride3_arr = rearranged_twiddle_tab_stride3_arr_256_f32;
 104:.\DSP\Source\TransformFunctions/arm_cfft_init_f32.c ****             S->rearranged_twiddle_stride3  =  rearranged_twiddle_stride3_256_f32;    
 105:.\DSP\Source\TransformFunctions/arm_cfft_init_f32.c **** 
 106:.\DSP\Source\TransformFunctions/arm_cfft_init_f32.c ****             break;                     
 107:.\DSP\Source\TransformFunctions/arm_cfft_init_f32.c **** #endif 
 108:.\DSP\Source\TransformFunctions/arm_cfft_init_f32.c **** 
 109:.\DSP\Source\TransformFunctions/arm_cfft_init_f32.c **** #if !defined(ARM_DSP_CONFIG_TABLES) || defined(ARM_ALL_FFT_TABLES) \
 110:.\DSP\Source\TransformFunctions/arm_cfft_init_f32.c ****             || defined(ARM_TABLE_TWIDDLECOEF_F32_64) || defined(ARM_TABLE_TWIDDLECOEF_F32_128)
 111:.\DSP\Source\TransformFunctions/arm_cfft_init_f32.c ****         case 64U:                                                                                  
 112:.\DSP\Source\TransformFunctions/arm_cfft_init_f32.c ****             S->rearranged_twiddle_tab_stride1_arr = rearranged_twiddle_tab_stride1_arr_64_f32;
 113:.\DSP\Source\TransformFunctions/arm_cfft_init_f32.c ****             S->rearranged_twiddle_stride1  =  rearranged_twiddle_stride1_64_f32;     
 114:.\DSP\Source\TransformFunctions/arm_cfft_init_f32.c **** 
 115:.\DSP\Source\TransformFunctions/arm_cfft_init_f32.c ****             S->rearranged_twiddle_tab_stride2_arr = rearranged_twiddle_tab_stride2_arr_64_f32;
 116:.\DSP\Source\TransformFunctions/arm_cfft_init_f32.c ****             S->rearranged_twiddle_stride2  =  rearranged_twiddle_stride2_64_f32;    
 117:.\DSP\Source\TransformFunctions/arm_cfft_init_f32.c **** 
 118:.\DSP\Source\TransformFunctions/arm_cfft_init_f32.c ****             S->rearranged_twiddle_tab_stride3_arr = rearranged_twiddle_tab_stride3_arr_64_f32;
 119:.\DSP\Source\TransformFunctions/arm_cfft_init_f32.c ****             S->rearranged_twiddle_stride3  =  rearranged_twiddle_stride3_64_f32;                   
 120:.\DSP\Source\TransformFunctions/arm_cfft_init_f32.c ****             break;  
 121:.\DSP\Source\TransformFunctions/arm_cfft_init_f32.c **** #endif                                                                               
 122:.\DSP\Source\TransformFunctions/arm_cfft_init_f32.c ****               
 123:.\DSP\Source\TransformFunctions/arm_cfft_init_f32.c **** #if !defined(ARM_DSP_CONFIG_TABLES) || defined(ARM_ALL_FFT_TABLES) \
 124:.\DSP\Source\TransformFunctions/arm_cfft_init_f32.c ****             || defined(ARM_TABLE_TWIDDLECOEF_F32_16) || defined(ARM_TABLE_TWIDDLECOEF_F32_32)      
 125:.\DSP\Source\TransformFunctions/arm_cfft_init_f32.c ****         case 16U:                                                                                  
 126:.\DSP\Source\TransformFunctions/arm_cfft_init_f32.c ****             S->rearranged_twiddle_tab_stride1_arr = rearranged_twiddle_tab_stride1_arr_16_f32;
 127:.\DSP\Source\TransformFunctions/arm_cfft_init_f32.c ****             S->rearranged_twiddle_stride1  =  rearranged_twiddle_stride1_16_f32;     
 128:.\DSP\Source\TransformFunctions/arm_cfft_init_f32.c **** 
 129:.\DSP\Source\TransformFunctions/arm_cfft_init_f32.c ****             S->rearranged_twiddle_tab_stride2_arr = rearranged_twiddle_tab_stride2_arr_16_f32;
 130:.\DSP\Source\TransformFunctions/arm_cfft_init_f32.c ****             S->rearranged_twiddle_stride2  =  rearranged_twiddle_stride2_16_f32;    
 131:.\DSP\Source\TransformFunctions/arm_cfft_init_f32.c **** 
 132:.\DSP\Source\TransformFunctions/arm_cfft_init_f32.c ****             S->rearranged_twiddle_tab_stride3_arr = rearranged_twiddle_tab_stride3_arr_16_f32;
 133:.\DSP\Source\TransformFunctions/arm_cfft_init_f32.c ****             S->rearranged_twiddle_stride3  =  rearranged_twiddle_stride3_16_f32;                   
 134:.\DSP\Source\TransformFunctions/arm_cfft_init_f32.c ****             break;  
 135:.\DSP\Source\TransformFunctions/arm_cfft_init_f32.c **** #endif                                                                               
 136:.\DSP\Source\TransformFunctions/arm_cfft_init_f32.c ****                                                                                                    
 137:.\DSP\Source\TransformFunctions/arm_cfft_init_f32.c ****         default:  
 138:.\DSP\Source\TransformFunctions/arm_cfft_init_f32.c ****             return(ARM_MATH_ARGUMENT_ERROR);                                                       
 139:.\DSP\Source\TransformFunctions/arm_cfft_init_f32.c ****             break;                                                                                 
 140:.\DSP\Source\TransformFunctions/arm_cfft_init_f32.c ****             /* invalid sizes already filtered */                                                   
 141:.\DSP\Source\TransformFunctions/arm_cfft_init_f32.c ****         }                                                                                          
 142:.\DSP\Source\TransformFunctions/arm_cfft_init_f32.c **** 
 143:.\DSP\Source\TransformFunctions/arm_cfft_init_f32.c ****         return(ARM_MATH_SUCCESS);
 144:.\DSP\Source\TransformFunctions/arm_cfft_init_f32.c **** 
 145:.\DSP\Source\TransformFunctions/arm_cfft_init_f32.c **** }
ARM GAS  C:\Users\IVYLIU~1\AppData\Local\Temp\ccqhuj2P.s 			page 4


 146:.\DSP\Source\TransformFunctions/arm_cfft_init_f32.c **** 
 147:.\DSP\Source\TransformFunctions/arm_cfft_init_f32.c **** arm_status arm_cfft_init_f32(
 148:.\DSP\Source\TransformFunctions/arm_cfft_init_f32.c ****   arm_cfft_instance_f32 * S,
 149:.\DSP\Source\TransformFunctions/arm_cfft_init_f32.c ****   uint16_t fftLen)
 150:.\DSP\Source\TransformFunctions/arm_cfft_init_f32.c **** {
 151:.\DSP\Source\TransformFunctions/arm_cfft_init_f32.c **** 
 152:.\DSP\Source\TransformFunctions/arm_cfft_init_f32.c ****         /*  Initialise the default arm status */                                
 153:.\DSP\Source\TransformFunctions/arm_cfft_init_f32.c ****         arm_status status = ARM_MATH_SUCCESS;                                   
 154:.\DSP\Source\TransformFunctions/arm_cfft_init_f32.c ****                                                                                 
 155:.\DSP\Source\TransformFunctions/arm_cfft_init_f32.c ****         /*  Initialise the FFT length */                                        
 156:.\DSP\Source\TransformFunctions/arm_cfft_init_f32.c ****         S->fftLen = fftLen;                                                     
 157:.\DSP\Source\TransformFunctions/arm_cfft_init_f32.c ****                                                                                 
 158:.\DSP\Source\TransformFunctions/arm_cfft_init_f32.c ****         /*  Initialise the Twiddle coefficient pointer */                       
 159:.\DSP\Source\TransformFunctions/arm_cfft_init_f32.c ****         S->pTwiddle = NULL;                         
 160:.\DSP\Source\TransformFunctions/arm_cfft_init_f32.c ****                                                                                 
 161:.\DSP\Source\TransformFunctions/arm_cfft_init_f32.c ****                                                                                 
 162:.\DSP\Source\TransformFunctions/arm_cfft_init_f32.c ****         /*  Initializations of Instance structure depending on the FFT length */
 163:.\DSP\Source\TransformFunctions/arm_cfft_init_f32.c ****         switch (S->fftLen) {                                                    
 164:.\DSP\Source\TransformFunctions/arm_cfft_init_f32.c ****             /*  Initializations of structure parameters for 4096 point FFT */   
 165:.\DSP\Source\TransformFunctions/arm_cfft_init_f32.c **** #if !defined(ARM_DSP_CONFIG_TABLES) || defined(ARM_ALL_FFT_TABLES) || (defined(ARM_TABLE_BITREVIDX_
 166:.\DSP\Source\TransformFunctions/arm_cfft_init_f32.c ****         case 4096U:  
 167:.\DSP\Source\TransformFunctions/arm_cfft_init_f32.c ****             /*  Initialise the bit reversal table modifier */                   
 168:.\DSP\Source\TransformFunctions/arm_cfft_init_f32.c ****             S->bitRevLength = ARMBITREVINDEXTABLE_FIXED_4096_TABLE_LENGTH;      
 169:.\DSP\Source\TransformFunctions/arm_cfft_init_f32.c ****             S->pBitRevTable = (uint16_t *)armBitRevIndexTable_fixed_4096;   
 170:.\DSP\Source\TransformFunctions/arm_cfft_init_f32.c ****             S->pTwiddle = (float32_t *)twiddleCoef_4096;       
 171:.\DSP\Source\TransformFunctions/arm_cfft_init_f32.c ****             status=arm_cfft_radix4by2_rearrange_twiddles_f32(S, 1);               
 172:.\DSP\Source\TransformFunctions/arm_cfft_init_f32.c ****             break;                                                              
 173:.\DSP\Source\TransformFunctions/arm_cfft_init_f32.c **** #endif 
 174:.\DSP\Source\TransformFunctions/arm_cfft_init_f32.c **** 
 175:.\DSP\Source\TransformFunctions/arm_cfft_init_f32.c **** #if !defined(ARM_DSP_CONFIG_TABLES) || defined(ARM_ALL_FFT_TABLES) || (defined(ARM_TABLE_BITREVIDX_
 176:.\DSP\Source\TransformFunctions/arm_cfft_init_f32.c ****             /*  Initializations of structure parameters for 2048 point FFT */   
 177:.\DSP\Source\TransformFunctions/arm_cfft_init_f32.c ****         case 2048U:                                                             
 178:.\DSP\Source\TransformFunctions/arm_cfft_init_f32.c ****             /*  Initialise the bit reversal table modifier */                   
 179:.\DSP\Source\TransformFunctions/arm_cfft_init_f32.c ****             S->bitRevLength = ARMBITREVINDEXTABLE_FIXED_2048_TABLE_LENGTH;      
 180:.\DSP\Source\TransformFunctions/arm_cfft_init_f32.c ****             S->pBitRevTable = (uint16_t *)armBitRevIndexTable_fixed_2048;
 181:.\DSP\Source\TransformFunctions/arm_cfft_init_f32.c ****             S->pTwiddle = (float32_t *)twiddleCoef_2048;          
 182:.\DSP\Source\TransformFunctions/arm_cfft_init_f32.c ****             status=arm_cfft_radix4by2_rearrange_twiddles_f32(S, 2);           
 183:.\DSP\Source\TransformFunctions/arm_cfft_init_f32.c ****             break;     
 184:.\DSP\Source\TransformFunctions/arm_cfft_init_f32.c **** #endif 
 185:.\DSP\Source\TransformFunctions/arm_cfft_init_f32.c **** 
 186:.\DSP\Source\TransformFunctions/arm_cfft_init_f32.c **** #if !defined(ARM_DSP_CONFIG_TABLES) || defined(ARM_ALL_FFT_TABLES) || (defined(ARM_TABLE_BITREVIDX_
 187:.\DSP\Source\TransformFunctions/arm_cfft_init_f32.c ****             /*  Initializations of structure parameters for 1024 point FFT */   
 188:.\DSP\Source\TransformFunctions/arm_cfft_init_f32.c ****         case 1024U:                                                             
 189:.\DSP\Source\TransformFunctions/arm_cfft_init_f32.c ****             /*  Initialise the bit reversal table modifier */                   
 190:.\DSP\Source\TransformFunctions/arm_cfft_init_f32.c ****             S->bitRevLength = ARMBITREVINDEXTABLE_FIXED_1024_TABLE_LENGTH;      
 191:.\DSP\Source\TransformFunctions/arm_cfft_init_f32.c ****             S->pBitRevTable = (uint16_t *)armBitRevIndexTable_fixed_1024; 
 192:.\DSP\Source\TransformFunctions/arm_cfft_init_f32.c ****             S->pTwiddle = (float32_t *)twiddleCoef_1024;         
 193:.\DSP\Source\TransformFunctions/arm_cfft_init_f32.c ****             status=arm_cfft_radix4by2_rearrange_twiddles_f32(S, 1);           
 194:.\DSP\Source\TransformFunctions/arm_cfft_init_f32.c ****             break;                                                              
 195:.\DSP\Source\TransformFunctions/arm_cfft_init_f32.c **** #endif 
 196:.\DSP\Source\TransformFunctions/arm_cfft_init_f32.c **** 
 197:.\DSP\Source\TransformFunctions/arm_cfft_init_f32.c **** #if !defined(ARM_DSP_CONFIG_TABLES) || defined(ARM_ALL_FFT_TABLES) || (defined(ARM_TABLE_BITREVIDX_
 198:.\DSP\Source\TransformFunctions/arm_cfft_init_f32.c ****             /*  Initializations of structure parameters for 512 point FFT */    
 199:.\DSP\Source\TransformFunctions/arm_cfft_init_f32.c ****         case 512U:                                                              
 200:.\DSP\Source\TransformFunctions/arm_cfft_init_f32.c ****             /*  Initialise the bit reversal table modifier */                   
 201:.\DSP\Source\TransformFunctions/arm_cfft_init_f32.c ****             S->bitRevLength = ARMBITREVINDEXTABLE_FIXED_512_TABLE_LENGTH;       
 202:.\DSP\Source\TransformFunctions/arm_cfft_init_f32.c ****             S->pBitRevTable = (uint16_t *)armBitRevIndexTable_fixed_512;  
ARM GAS  C:\Users\IVYLIU~1\AppData\Local\Temp\ccqhuj2P.s 			page 5


 203:.\DSP\Source\TransformFunctions/arm_cfft_init_f32.c ****             S->pTwiddle = (float32_t *)twiddleCoef_512;         
 204:.\DSP\Source\TransformFunctions/arm_cfft_init_f32.c ****             status=arm_cfft_radix4by2_rearrange_twiddles_f32(S, 2);           
 205:.\DSP\Source\TransformFunctions/arm_cfft_init_f32.c ****             break;                                                              
 206:.\DSP\Source\TransformFunctions/arm_cfft_init_f32.c **** #endif 
 207:.\DSP\Source\TransformFunctions/arm_cfft_init_f32.c **** 
 208:.\DSP\Source\TransformFunctions/arm_cfft_init_f32.c **** #if !defined(ARM_DSP_CONFIG_TABLES) || defined(ARM_ALL_FFT_TABLES) || (defined(ARM_TABLE_BITREVIDX_
 209:.\DSP\Source\TransformFunctions/arm_cfft_init_f32.c ****         case 256U:                                                              
 210:.\DSP\Source\TransformFunctions/arm_cfft_init_f32.c ****             S->bitRevLength = ARMBITREVINDEXTABLE_FIXED_256_TABLE_LENGTH;       
 211:.\DSP\Source\TransformFunctions/arm_cfft_init_f32.c ****             S->pBitRevTable = (uint16_t *)armBitRevIndexTable_fixed_256; 
 212:.\DSP\Source\TransformFunctions/arm_cfft_init_f32.c ****             S->pTwiddle = (float32_t *)twiddleCoef_256;          
 213:.\DSP\Source\TransformFunctions/arm_cfft_init_f32.c ****             status=arm_cfft_radix4by2_rearrange_twiddles_f32(S, 1);           
 214:.\DSP\Source\TransformFunctions/arm_cfft_init_f32.c ****             break;  
 215:.\DSP\Source\TransformFunctions/arm_cfft_init_f32.c **** #endif                                                            
 216:.\DSP\Source\TransformFunctions/arm_cfft_init_f32.c ****                  
 217:.\DSP\Source\TransformFunctions/arm_cfft_init_f32.c **** #if !defined(ARM_DSP_CONFIG_TABLES) || defined(ARM_ALL_FFT_TABLES) || (defined(ARM_TABLE_BITREVIDX_
 218:.\DSP\Source\TransformFunctions/arm_cfft_init_f32.c ****         case 128U:                                                              
 219:.\DSP\Source\TransformFunctions/arm_cfft_init_f32.c ****             S->bitRevLength = ARMBITREVINDEXTABLE_FIXED_128_TABLE_LENGTH;       
 220:.\DSP\Source\TransformFunctions/arm_cfft_init_f32.c ****             S->pBitRevTable = (uint16_t *)armBitRevIndexTable_fixed_128; 
 221:.\DSP\Source\TransformFunctions/arm_cfft_init_f32.c ****             S->pTwiddle = (float32_t *)twiddleCoef_128;          
 222:.\DSP\Source\TransformFunctions/arm_cfft_init_f32.c ****             status=arm_cfft_radix4by2_rearrange_twiddles_f32(S, 2);           
 223:.\DSP\Source\TransformFunctions/arm_cfft_init_f32.c ****             break;                                                              
 224:.\DSP\Source\TransformFunctions/arm_cfft_init_f32.c **** #endif 
 225:.\DSP\Source\TransformFunctions/arm_cfft_init_f32.c **** 
 226:.\DSP\Source\TransformFunctions/arm_cfft_init_f32.c **** #if !defined(ARM_DSP_CONFIG_TABLES) || defined(ARM_ALL_FFT_TABLES) || (defined(ARM_TABLE_BITREVIDX_
 227:.\DSP\Source\TransformFunctions/arm_cfft_init_f32.c ****         case 64U:                                                               
 228:.\DSP\Source\TransformFunctions/arm_cfft_init_f32.c ****             S->bitRevLength = ARMBITREVINDEXTABLE_FIXED_64_TABLE_LENGTH;        
 229:.\DSP\Source\TransformFunctions/arm_cfft_init_f32.c ****             S->pBitRevTable = (uint16_t *)armBitRevIndexTable_fixed_64;  
 230:.\DSP\Source\TransformFunctions/arm_cfft_init_f32.c ****             S->pTwiddle = (float32_t *)twiddleCoef_64;          
 231:.\DSP\Source\TransformFunctions/arm_cfft_init_f32.c ****             status=arm_cfft_radix4by2_rearrange_twiddles_f32(S, 1);           
 232:.\DSP\Source\TransformFunctions/arm_cfft_init_f32.c ****             break;                                                              
 233:.\DSP\Source\TransformFunctions/arm_cfft_init_f32.c **** #endif 
 234:.\DSP\Source\TransformFunctions/arm_cfft_init_f32.c **** 
 235:.\DSP\Source\TransformFunctions/arm_cfft_init_f32.c **** #if !defined(ARM_DSP_CONFIG_TABLES) || defined(ARM_ALL_FFT_TABLES) || (defined(ARM_TABLE_BITREVIDX_
 236:.\DSP\Source\TransformFunctions/arm_cfft_init_f32.c ****         case 32U:                                                               
 237:.\DSP\Source\TransformFunctions/arm_cfft_init_f32.c ****             S->bitRevLength = ARMBITREVINDEXTABLE_FIXED_32_TABLE_LENGTH;        
 238:.\DSP\Source\TransformFunctions/arm_cfft_init_f32.c ****             S->pBitRevTable = (uint16_t *)armBitRevIndexTable_fixed_32;  
 239:.\DSP\Source\TransformFunctions/arm_cfft_init_f32.c ****             S->pTwiddle = (float32_t *)twiddleCoef_32;          
 240:.\DSP\Source\TransformFunctions/arm_cfft_init_f32.c ****             status=arm_cfft_radix4by2_rearrange_twiddles_f32(S, 2);           
 241:.\DSP\Source\TransformFunctions/arm_cfft_init_f32.c ****             break;                                                              
 242:.\DSP\Source\TransformFunctions/arm_cfft_init_f32.c **** #endif
 243:.\DSP\Source\TransformFunctions/arm_cfft_init_f32.c **** 
 244:.\DSP\Source\TransformFunctions/arm_cfft_init_f32.c **** #if !defined(ARM_DSP_CONFIG_TABLES) || defined(ARM_ALL_FFT_TABLES) || (defined(ARM_TABLE_BITREVIDX_
 245:.\DSP\Source\TransformFunctions/arm_cfft_init_f32.c ****         case 16U:                                                               
 246:.\DSP\Source\TransformFunctions/arm_cfft_init_f32.c ****             /*  Initializations of structure parameters for 16 point FFT */     
 247:.\DSP\Source\TransformFunctions/arm_cfft_init_f32.c ****             S->bitRevLength = ARMBITREVINDEXTABLE_FIXED_16_TABLE_LENGTH;        
 248:.\DSP\Source\TransformFunctions/arm_cfft_init_f32.c ****             S->pBitRevTable = (uint16_t *)armBitRevIndexTable_fixed_16; 
 249:.\DSP\Source\TransformFunctions/arm_cfft_init_f32.c ****             S->pTwiddle = (float32_t *)twiddleCoef_16;           
 250:.\DSP\Source\TransformFunctions/arm_cfft_init_f32.c ****             status=arm_cfft_radix4by2_rearrange_twiddles_f32(S, 1);           
 251:.\DSP\Source\TransformFunctions/arm_cfft_init_f32.c ****             break;                                                              
 252:.\DSP\Source\TransformFunctions/arm_cfft_init_f32.c **** #endif                                                                             
 253:.\DSP\Source\TransformFunctions/arm_cfft_init_f32.c ****                                                                                 
 254:.\DSP\Source\TransformFunctions/arm_cfft_init_f32.c ****         default:                                                                
 255:.\DSP\Source\TransformFunctions/arm_cfft_init_f32.c ****             /*  Reporting argument error if fftSize is not valid value */       
 256:.\DSP\Source\TransformFunctions/arm_cfft_init_f32.c ****             status = ARM_MATH_ARGUMENT_ERROR;                                   
 257:.\DSP\Source\TransformFunctions/arm_cfft_init_f32.c ****             break;                                                              
 258:.\DSP\Source\TransformFunctions/arm_cfft_init_f32.c ****         }                                                                       
 259:.\DSP\Source\TransformFunctions/arm_cfft_init_f32.c ****                                                                                 
ARM GAS  C:\Users\IVYLIU~1\AppData\Local\Temp\ccqhuj2P.s 			page 6


 260:.\DSP\Source\TransformFunctions/arm_cfft_init_f32.c ****                                                                                 
 261:.\DSP\Source\TransformFunctions/arm_cfft_init_f32.c ****         return (status);     
 262:.\DSP\Source\TransformFunctions/arm_cfft_init_f32.c **** }
 263:.\DSP\Source\TransformFunctions/arm_cfft_init_f32.c **** #else
 264:.\DSP\Source\TransformFunctions/arm_cfft_init_f32.c **** arm_status arm_cfft_init_f32(
 265:.\DSP\Source\TransformFunctions/arm_cfft_init_f32.c ****   arm_cfft_instance_f32 * S,
 266:.\DSP\Source\TransformFunctions/arm_cfft_init_f32.c ****   uint16_t fftLen)
 267:.\DSP\Source\TransformFunctions/arm_cfft_init_f32.c **** {
  27              		.loc 1 267 0
  28              		.cfi_startproc
  29              		@ args = 0, pretend = 0, frame = 0
  30              		@ frame_needed = 0, uses_anonymous_args = 0
  31              		@ link register save eliminated.
  32              	.LVL0:
  33              		.loc 1 267 0
  34 0000 0346     		mov	r3, r0
 268:.\DSP\Source\TransformFunctions/arm_cfft_init_f32.c ****         /*  Initialise the default arm status */
 269:.\DSP\Source\TransformFunctions/arm_cfft_init_f32.c ****         arm_status status = ARM_MATH_SUCCESS;
 270:.\DSP\Source\TransformFunctions/arm_cfft_init_f32.c **** 
 271:.\DSP\Source\TransformFunctions/arm_cfft_init_f32.c ****         /*  Initialise the FFT length */
 272:.\DSP\Source\TransformFunctions/arm_cfft_init_f32.c ****         S->fftLen = fftLen;
  35              		.loc 1 272 0
  36 0002 0180     		strh	r1, [r0]	@ movhi
 273:.\DSP\Source\TransformFunctions/arm_cfft_init_f32.c **** 
 274:.\DSP\Source\TransformFunctions/arm_cfft_init_f32.c ****         /*  Initialise the Twiddle coefficient pointer */
 275:.\DSP\Source\TransformFunctions/arm_cfft_init_f32.c ****         S->pTwiddle = NULL;
 276:.\DSP\Source\TransformFunctions/arm_cfft_init_f32.c **** 
 277:.\DSP\Source\TransformFunctions/arm_cfft_init_f32.c **** 
 278:.\DSP\Source\TransformFunctions/arm_cfft_init_f32.c ****         /*  Initializations of Instance structure depending on the FFT length */
 279:.\DSP\Source\TransformFunctions/arm_cfft_init_f32.c ****         switch (S->fftLen) {
  37              		.loc 1 279 0
  38 0004 B1F5807F 		cmp	r1, #256
 275:.\DSP\Source\TransformFunctions/arm_cfft_init_f32.c **** 
  39              		.loc 1 275 0
  40 0008 4FF00000 		mov	r0, #0
  41              	.LVL1:
  42 000c 5860     		str	r0, [r3, #4]
  43              		.loc 1 279 0
  44 000e 22D0     		beq	.L3
  45 0010 0CD8     		bhi	.L4
  46 0012 2029     		cmp	r1, #32
  47 0014 23D0     		beq	.L5
  48 0016 03D8     		bhi	.L6
  49 0018 1029     		cmp	r1, #16
  50 001a 28D1     		bne	.L15
 280:.\DSP\Source\TransformFunctions/arm_cfft_init_f32.c **** #if !defined(ARM_DSP_CONFIG_TABLES) || defined(ARM_ALL_FFT_TABLES) || (defined(ARM_TABLE_TWIDDLECOE
 281:.\DSP\Source\TransformFunctions/arm_cfft_init_f32.c ****             /*  Initializations of structure parameters for 4096 point FFT */
 282:.\DSP\Source\TransformFunctions/arm_cfft_init_f32.c ****         case 4096U:
 283:.\DSP\Source\TransformFunctions/arm_cfft_init_f32.c ****             /*  Initialise the bit reversal table modifier */
 284:.\DSP\Source\TransformFunctions/arm_cfft_init_f32.c ****             FFTINIT(f32,4096);
 285:.\DSP\Source\TransformFunctions/arm_cfft_init_f32.c ****             break;
 286:.\DSP\Source\TransformFunctions/arm_cfft_init_f32.c **** #endif
 287:.\DSP\Source\TransformFunctions/arm_cfft_init_f32.c **** 
 288:.\DSP\Source\TransformFunctions/arm_cfft_init_f32.c **** #if !defined(ARM_DSP_CONFIG_TABLES) || defined(ARM_ALL_FFT_TABLES) || (defined(ARM_TABLE_TWIDDLECOE
 289:.\DSP\Source\TransformFunctions/arm_cfft_init_f32.c ****             /*  Initializations of structure parameters for 2048 point FFT */
 290:.\DSP\Source\TransformFunctions/arm_cfft_init_f32.c ****         case 2048U:
 291:.\DSP\Source\TransformFunctions/arm_cfft_init_f32.c ****             /*  Initialise the bit reversal table modifier */
ARM GAS  C:\Users\IVYLIU~1\AppData\Local\Temp\ccqhuj2P.s 			page 7


 292:.\DSP\Source\TransformFunctions/arm_cfft_init_f32.c ****             FFTINIT(f32,2048);
 293:.\DSP\Source\TransformFunctions/arm_cfft_init_f32.c **** 
 294:.\DSP\Source\TransformFunctions/arm_cfft_init_f32.c ****             break;
 295:.\DSP\Source\TransformFunctions/arm_cfft_init_f32.c **** #endif
 296:.\DSP\Source\TransformFunctions/arm_cfft_init_f32.c **** 
 297:.\DSP\Source\TransformFunctions/arm_cfft_init_f32.c **** #if !defined(ARM_DSP_CONFIG_TABLES) || defined(ARM_ALL_FFT_TABLES) || (defined(ARM_TABLE_TWIDDLECOE
 298:.\DSP\Source\TransformFunctions/arm_cfft_init_f32.c ****             /*  Initializations of structure parameters for 1024 point FFT */
 299:.\DSP\Source\TransformFunctions/arm_cfft_init_f32.c ****         case 1024U:
 300:.\DSP\Source\TransformFunctions/arm_cfft_init_f32.c ****             /*  Initialise the bit reversal table modifier */
 301:.\DSP\Source\TransformFunctions/arm_cfft_init_f32.c ****             FFTINIT(f32,1024);
 302:.\DSP\Source\TransformFunctions/arm_cfft_init_f32.c **** 
 303:.\DSP\Source\TransformFunctions/arm_cfft_init_f32.c ****             break;
 304:.\DSP\Source\TransformFunctions/arm_cfft_init_f32.c **** #endif
 305:.\DSP\Source\TransformFunctions/arm_cfft_init_f32.c **** 
 306:.\DSP\Source\TransformFunctions/arm_cfft_init_f32.c **** #if !defined(ARM_DSP_CONFIG_TABLES) || defined(ARM_ALL_FFT_TABLES) || (defined(ARM_TABLE_TWIDDLECOE
 307:.\DSP\Source\TransformFunctions/arm_cfft_init_f32.c ****             /*  Initializations of structure parameters for 512 point FFT */
 308:.\DSP\Source\TransformFunctions/arm_cfft_init_f32.c ****         case 512U:
 309:.\DSP\Source\TransformFunctions/arm_cfft_init_f32.c ****             /*  Initialise the bit reversal table modifier */
 310:.\DSP\Source\TransformFunctions/arm_cfft_init_f32.c ****             FFTINIT(f32,512);
 311:.\DSP\Source\TransformFunctions/arm_cfft_init_f32.c ****             break;
 312:.\DSP\Source\TransformFunctions/arm_cfft_init_f32.c **** #endif
 313:.\DSP\Source\TransformFunctions/arm_cfft_init_f32.c **** 
 314:.\DSP\Source\TransformFunctions/arm_cfft_init_f32.c **** #if !defined(ARM_DSP_CONFIG_TABLES) || defined(ARM_ALL_FFT_TABLES) || (defined(ARM_TABLE_TWIDDLECOE
 315:.\DSP\Source\TransformFunctions/arm_cfft_init_f32.c ****         case 256U:
 316:.\DSP\Source\TransformFunctions/arm_cfft_init_f32.c ****             FFTINIT(f32,256);
 317:.\DSP\Source\TransformFunctions/arm_cfft_init_f32.c ****             break;
 318:.\DSP\Source\TransformFunctions/arm_cfft_init_f32.c **** #endif
 319:.\DSP\Source\TransformFunctions/arm_cfft_init_f32.c **** 
 320:.\DSP\Source\TransformFunctions/arm_cfft_init_f32.c **** #if !defined(ARM_DSP_CONFIG_TABLES) || defined(ARM_ALL_FFT_TABLES) || (defined(ARM_TABLE_TWIDDLECOE
 321:.\DSP\Source\TransformFunctions/arm_cfft_init_f32.c ****         case 128U:
 322:.\DSP\Source\TransformFunctions/arm_cfft_init_f32.c ****             FFTINIT(f32,128);
 323:.\DSP\Source\TransformFunctions/arm_cfft_init_f32.c ****             break;
 324:.\DSP\Source\TransformFunctions/arm_cfft_init_f32.c **** #endif 
 325:.\DSP\Source\TransformFunctions/arm_cfft_init_f32.c **** 
 326:.\DSP\Source\TransformFunctions/arm_cfft_init_f32.c **** #if !defined(ARM_DSP_CONFIG_TABLES) || defined(ARM_ALL_FFT_TABLES) || (defined(ARM_TABLE_TWIDDLECOE
 327:.\DSP\Source\TransformFunctions/arm_cfft_init_f32.c ****         case 64U:
 328:.\DSP\Source\TransformFunctions/arm_cfft_init_f32.c ****             FFTINIT(f32,64);
 329:.\DSP\Source\TransformFunctions/arm_cfft_init_f32.c ****             break;
 330:.\DSP\Source\TransformFunctions/arm_cfft_init_f32.c **** #endif 
 331:.\DSP\Source\TransformFunctions/arm_cfft_init_f32.c **** 
 332:.\DSP\Source\TransformFunctions/arm_cfft_init_f32.c **** #if !defined(ARM_DSP_CONFIG_TABLES) || defined(ARM_ALL_FFT_TABLES) || (defined(ARM_TABLE_TWIDDLECOE
 333:.\DSP\Source\TransformFunctions/arm_cfft_init_f32.c ****         case 32U:
 334:.\DSP\Source\TransformFunctions/arm_cfft_init_f32.c ****             FFTINIT(f32,32);
 335:.\DSP\Source\TransformFunctions/arm_cfft_init_f32.c ****             break;
 336:.\DSP\Source\TransformFunctions/arm_cfft_init_f32.c **** #endif 
 337:.\DSP\Source\TransformFunctions/arm_cfft_init_f32.c **** 
 338:.\DSP\Source\TransformFunctions/arm_cfft_init_f32.c **** #if !defined(ARM_DSP_CONFIG_TABLES) || defined(ARM_ALL_FFT_TABLES) || (defined(ARM_TABLE_TWIDDLECOE
 339:.\DSP\Source\TransformFunctions/arm_cfft_init_f32.c ****         case 16U:
 340:.\DSP\Source\TransformFunctions/arm_cfft_init_f32.c ****             /*  Initializations of structure parameters for 16 point FFT */
 341:.\DSP\Source\TransformFunctions/arm_cfft_init_f32.c ****             FFTINIT(f32,16);
  51              		.loc 1 341 0
  52 001c 154A     		ldr	r2, .L18
  53 001e 1FE0     		b	.L16
  54              	.L6:
 279:.\DSP\Source\TransformFunctions/arm_cfft_init_f32.c **** #if !defined(ARM_DSP_CONFIG_TABLES) || defined(ARM_ALL_FFT_TABLES) || (defined(ARM_TABLE_TWIDDLECOE
  55              		.loc 1 279 0
  56 0020 4029     		cmp	r1, #64
ARM GAS  C:\Users\IVYLIU~1\AppData\Local\Temp\ccqhuj2P.s 			page 8


  57 0022 1AD0     		beq	.L8
  58 0024 8029     		cmp	r1, #128
  59 0026 22D1     		bne	.L15
 322:.\DSP\Source\TransformFunctions/arm_cfft_init_f32.c ****             break;
  60              		.loc 1 322 0
  61 0028 134A     		ldr	r2, .L18+4
  62 002a 19E0     		b	.L16
  63              	.L4:
 279:.\DSP\Source\TransformFunctions/arm_cfft_init_f32.c **** #if !defined(ARM_DSP_CONFIG_TABLES) || defined(ARM_ALL_FFT_TABLES) || (defined(ARM_TABLE_TWIDDLECOE
  64              		.loc 1 279 0
  65 002c B1F5806F 		cmp	r1, #1024
  66 0030 0FD0     		beq	.L10
  67 0032 04D8     		bhi	.L11
  68 0034 B1F5007F 		cmp	r1, #512
  69 0038 19D1     		bne	.L15
 310:.\DSP\Source\TransformFunctions/arm_cfft_init_f32.c ****             break;
  70              		.loc 1 310 0
  71 003a 104A     		ldr	r2, .L18+8
  72 003c 10E0     		b	.L16
  73              	.L11:
 279:.\DSP\Source\TransformFunctions/arm_cfft_init_f32.c **** #if !defined(ARM_DSP_CONFIG_TABLES) || defined(ARM_ALL_FFT_TABLES) || (defined(ARM_TABLE_TWIDDLECOE
  74              		.loc 1 279 0
  75 003e B1F5006F 		cmp	r1, #2048
  76 0042 04D0     		beq	.L13
  77 0044 B1F5805F 		cmp	r1, #4096
  78 0048 11D1     		bne	.L15
 284:.\DSP\Source\TransformFunctions/arm_cfft_init_f32.c ****             break;
  79              		.loc 1 284 0
  80 004a 0D4A     		ldr	r2, .L18+12
  81 004c 08E0     		b	.L16
  82              	.L13:
 292:.\DSP\Source\TransformFunctions/arm_cfft_init_f32.c **** 
  83              		.loc 1 292 0
  84 004e 0D4A     		ldr	r2, .L18+16
  85 0050 06E0     		b	.L16
  86              	.L10:
 301:.\DSP\Source\TransformFunctions/arm_cfft_init_f32.c **** 
  87              		.loc 1 301 0
  88 0052 0D4A     		ldr	r2, .L18+20
  89 0054 04E0     		b	.L16
  90              	.L3:
 316:.\DSP\Source\TransformFunctions/arm_cfft_init_f32.c ****             break;
  91              		.loc 1 316 0
  92 0056 0D4A     		ldr	r2, .L18+24
  93 0058 02E0     		b	.L16
  94              	.L8:
 328:.\DSP\Source\TransformFunctions/arm_cfft_init_f32.c ****             break;
  95              		.loc 1 328 0
  96 005a 0D4A     		ldr	r2, .L18+28
  97 005c 00E0     		b	.L16
  98              	.L5:
 334:.\DSP\Source\TransformFunctions/arm_cfft_init_f32.c ****             break;
  99              		.loc 1 334 0
 100 005e 0D4A     		ldr	r2, .L18+32
 101              	.L16:
 102              		.loc 1 341 0
 103 0060 9189     		ldrh	r1, [r2, #12]
ARM GAS  C:\Users\IVYLIU~1\AppData\Local\Temp\ccqhuj2P.s 			page 9


 104              	.LVL2:
 105 0062 9981     		strh	r1, [r3, #12]	@ movhi
 106 0064 9168     		ldr	r1, [r2, #8]
 107 0066 5268     		ldr	r2, [r2, #4]
 108 0068 9960     		str	r1, [r3, #8]
 109 006a 5A60     		str	r2, [r3, #4]
 342:.\DSP\Source\TransformFunctions/arm_cfft_init_f32.c ****             break;
 110              		.loc 1 342 0
 111 006c 00E0     		b	.L2
 112              	.LVL3:
 113              	.L15:
 343:.\DSP\Source\TransformFunctions/arm_cfft_init_f32.c **** #endif
 344:.\DSP\Source\TransformFunctions/arm_cfft_init_f32.c **** 
 345:.\DSP\Source\TransformFunctions/arm_cfft_init_f32.c ****         default:
 346:.\DSP\Source\TransformFunctions/arm_cfft_init_f32.c ****             /*  Reporting argument error if fftSize is not valid value */
 347:.\DSP\Source\TransformFunctions/arm_cfft_init_f32.c ****             status = ARM_MATH_ARGUMENT_ERROR;
 114              		.loc 1 347 0
 115 006e FF20     		movs	r0, #255
 116              	.LVL4:
 117              	.L2:
 348:.\DSP\Source\TransformFunctions/arm_cfft_init_f32.c ****             break;
 349:.\DSP\Source\TransformFunctions/arm_cfft_init_f32.c ****         }
 350:.\DSP\Source\TransformFunctions/arm_cfft_init_f32.c **** 
 351:.\DSP\Source\TransformFunctions/arm_cfft_init_f32.c **** 
 352:.\DSP\Source\TransformFunctions/arm_cfft_init_f32.c ****         return (status);
 353:.\DSP\Source\TransformFunctions/arm_cfft_init_f32.c **** }
 118              		.loc 1 353 0
 119 0070 40B2     		sxtb	r0, r0
 120 0072 7047     		bx	lr
 121              	.L19:
 122              		.align	2
 123              	.L18:
 124 0074 00000000 		.word	arm_cfft_sR_f32_len16
 125 0078 00000000 		.word	arm_cfft_sR_f32_len128
 126 007c 00000000 		.word	arm_cfft_sR_f32_len512
 127 0080 00000000 		.word	arm_cfft_sR_f32_len4096
 128 0084 00000000 		.word	arm_cfft_sR_f32_len2048
 129 0088 00000000 		.word	arm_cfft_sR_f32_len1024
 130 008c 00000000 		.word	arm_cfft_sR_f32_len256
 131 0090 00000000 		.word	arm_cfft_sR_f32_len64
 132 0094 00000000 		.word	arm_cfft_sR_f32_len32
 133              		.cfi_endproc
 134              	.LFE84:
 135              		.size	arm_cfft_init_f32, .-arm_cfft_init_f32
 136              		.text
 137              	.Letext0:
 138              		.file 2 "c:\\program files (x86)\\cypress\\psoc creator\\3.3\\psoc creator\\import\\gnu\\arm\\4.9.
 139              		.file 3 "c:\\program files (x86)\\cypress\\psoc creator\\3.3\\psoc creator\\import\\gnu\\arm\\4.9.
 140              		.file 4 ".\\DSP\\Include/arm_math_types.h"
 141              		.file 5 ".\\DSP\\Include/dsp/transform_functions.h"
 142              		.file 6 ".\\Core\\Include/cmsis_gcc.h"
 143              		.file 7 ".\\DSP\\Include/arm_const_structs.h"
 144              		.section	.debug_info,"",%progbits
 145              	.Ldebug_info0:
 146 0000 C7020000 		.4byte	0x2c7
 147 0004 0400     		.2byte	0x4
 148 0006 00000000 		.4byte	.Ldebug_abbrev0
ARM GAS  C:\Users\IVYLIU~1\AppData\Local\Temp\ccqhuj2P.s 			page 10


 149 000a 04       		.byte	0x4
 150 000b 01       		.uleb128 0x1
 151 000c 3C010000 		.4byte	.LASF50
 152 0010 01       		.byte	0x1
 153 0011 87030000 		.4byte	.LASF51
 154 0015 45020000 		.4byte	.LASF52
 155 0019 00000000 		.4byte	.Ldebug_ranges0+0
 156 001d 00000000 		.4byte	0
 157 0021 00000000 		.4byte	.Ldebug_line0
 158 0025 02       		.uleb128 0x2
 159 0026 01       		.byte	0x1
 160 0027 06       		.byte	0x6
 161 0028 FB030000 		.4byte	.LASF0
 162 002c 02       		.uleb128 0x2
 163 002d 01       		.byte	0x1
 164 002e 08       		.byte	0x8
 165 002f 2E010000 		.4byte	.LASF1
 166 0033 02       		.uleb128 0x2
 167 0034 02       		.byte	0x2
 168 0035 05       		.byte	0x5
 169 0036 5E030000 		.4byte	.LASF2
 170 003a 03       		.uleb128 0x3
 171 003b D5010000 		.4byte	.LASF5
 172 003f 02       		.byte	0x2
 173 0040 2B       		.byte	0x2b
 174 0041 45000000 		.4byte	0x45
 175 0045 02       		.uleb128 0x2
 176 0046 02       		.byte	0x2
 177 0047 07       		.byte	0x7
 178 0048 E3000000 		.4byte	.LASF3
 179 004c 02       		.uleb128 0x2
 180 004d 04       		.byte	0x4
 181 004e 05       		.byte	0x5
 182 004f BB030000 		.4byte	.LASF4
 183 0053 03       		.uleb128 0x3
 184 0054 15020000 		.4byte	.LASF6
 185 0058 02       		.byte	0x2
 186 0059 41       		.byte	0x41
 187 005a 5E000000 		.4byte	0x5e
 188 005e 02       		.uleb128 0x2
 189 005f 04       		.byte	0x4
 190 0060 07       		.byte	0x7
 191 0061 D1000000 		.4byte	.LASF7
 192 0065 02       		.uleb128 0x2
 193 0066 08       		.byte	0x8
 194 0067 05       		.byte	0x5
 195 0068 03030000 		.4byte	.LASF8
 196 006c 02       		.uleb128 0x2
 197 006d 08       		.byte	0x8
 198 006e 07       		.byte	0x7
 199 006f AA020000 		.4byte	.LASF9
 200 0073 04       		.uleb128 0x4
 201 0074 04       		.byte	0x4
 202 0075 05       		.byte	0x5
 203 0076 696E7400 		.ascii	"int\000"
 204 007a 02       		.uleb128 0x2
 205 007b 04       		.byte	0x4
ARM GAS  C:\Users\IVYLIU~1\AppData\Local\Temp\ccqhuj2P.s 			page 11


 206 007c 07       		.byte	0x7
 207 007d 38020000 		.4byte	.LASF10
 208 0081 03       		.uleb128 0x3
 209 0082 68030000 		.4byte	.LASF11
 210 0086 03       		.byte	0x3
 211 0087 21       		.byte	0x21
 212 0088 3A000000 		.4byte	0x3a
 213 008c 03       		.uleb128 0x3
 214 008d FD000000 		.4byte	.LASF12
 215 0091 03       		.byte	0x3
 216 0092 2D       		.byte	0x2d
 217 0093 53000000 		.4byte	0x53
 218 0097 02       		.uleb128 0x2
 219 0098 04       		.byte	0x4
 220 0099 07       		.byte	0x7
 221 009a FA020000 		.4byte	.LASF13
 222 009e 02       		.uleb128 0x2
 223 009f 01       		.byte	0x1
 224 00a0 08       		.byte	0x8
 225 00a1 31030000 		.4byte	.LASF14
 226 00a5 02       		.uleb128 0x2
 227 00a6 08       		.byte	0x8
 228 00a7 04       		.byte	0x4
 229 00a8 E0010000 		.4byte	.LASF15
 230 00ac 02       		.uleb128 0x2
 231 00ad 04       		.byte	0x4
 232 00ae 04       		.byte	0x4
 233 00af 9B000000 		.4byte	.LASF16
 234 00b3 02       		.uleb128 0x2
 235 00b4 08       		.byte	0x8
 236 00b5 04       		.byte	0x4
 237 00b6 DA030000 		.4byte	.LASF17
 238 00ba 05       		.uleb128 0x5
 239 00bb C1020000 		.4byte	.LASF18
 240 00bf 04       		.byte	0x4
 241 00c0 2F01     		.2byte	0x12f
 242 00c2 AC000000 		.4byte	0xac
 243 00c6 06       		.uleb128 0x6
 244 00c7 01       		.byte	0x1
 245 00c8 04       		.byte	0x4
 246 00c9 5802     		.2byte	0x258
 247 00cb 00010000 		.4byte	0x100
 248 00cf 07       		.uleb128 0x7
 249 00d0 36030000 		.4byte	.LASF19
 250 00d4 00       		.sleb128 0
 251 00d5 07       		.uleb128 0x7
 252 00d6 20020000 		.4byte	.LASF20
 253 00da 7F       		.sleb128 -1
 254 00db 07       		.uleb128 0x7
 255 00dc 12000000 		.4byte	.LASF21
 256 00e0 7E       		.sleb128 -2
 257 00e1 07       		.uleb128 0x7
 258 00e2 77000000 		.4byte	.LASF22
 259 00e6 7D       		.sleb128 -3
 260 00e7 07       		.uleb128 0x7
 261 00e8 CB020000 		.4byte	.LASF23
 262 00ec 7C       		.sleb128 -4
ARM GAS  C:\Users\IVYLIU~1\AppData\Local\Temp\ccqhuj2P.s 			page 12


 263 00ed 07       		.uleb128 0x7
 264 00ee 3F040000 		.4byte	.LASF24
 265 00f2 7B       		.sleb128 -5
 266 00f3 07       		.uleb128 0x7
 267 00f4 06010000 		.4byte	.LASF25
 268 00f8 7A       		.sleb128 -6
 269 00f9 07       		.uleb128 0x7
 270 00fa DB020000 		.4byte	.LASF26
 271 00fe 79       		.sleb128 -7
 272 00ff 00       		.byte	0
 273 0100 05       		.uleb128 0x5
 274 0101 34040000 		.4byte	.LASF27
 275 0105 04       		.byte	0x4
 276 0106 6102     		.2byte	0x261
 277 0108 C6000000 		.4byte	0xc6
 278 010c 08       		.uleb128 0x8
 279 010d 04       		.byte	0x4
 280 010e 12010000 		.4byte	0x112
 281 0112 09       		.uleb128 0x9
 282 0113 81000000 		.4byte	0x81
 283 0117 08       		.uleb128 0x8
 284 0118 04       		.byte	0x4
 285 0119 1D010000 		.4byte	0x11d
 286 011d 09       		.uleb128 0x9
 287 011e BA000000 		.4byte	0xba
 288 0122 0A       		.uleb128 0xa
 289 0123 10       		.byte	0x10
 290 0124 05       		.byte	0x5
 291 0125 1101     		.2byte	0x111
 292 0127 60010000 		.4byte	0x160
 293 012b 0B       		.uleb128 0xb
 294 012c F6000000 		.4byte	.LASF28
 295 0130 05       		.byte	0x5
 296 0131 1301     		.2byte	0x113
 297 0133 81000000 		.4byte	0x81
 298 0137 00       		.byte	0
 299 0138 0B       		.uleb128 0xb
 300 0139 28030000 		.4byte	.LASF29
 301 013d 05       		.byte	0x5
 302 013e 1401     		.2byte	0x114
 303 0140 17010000 		.4byte	0x117
 304 0144 04       		.byte	0x4
 305 0145 0B       		.uleb128 0xb
 306 0146 8E000000 		.4byte	.LASF30
 307 014a 05       		.byte	0x5
 308 014b 1501     		.2byte	0x115
 309 014d 0C010000 		.4byte	0x10c
 310 0151 08       		.byte	0x8
 311 0152 0B       		.uleb128 0xb
 312 0153 05000000 		.4byte	.LASF31
 313 0157 05       		.byte	0x5
 314 0158 1601     		.2byte	0x116
 315 015a 81000000 		.4byte	0x81
 316 015e 0C       		.byte	0xc
 317 015f 00       		.byte	0
 318 0160 05       		.uleb128 0x5
 319 0161 94020000 		.4byte	.LASF32
ARM GAS  C:\Users\IVYLIU~1\AppData\Local\Temp\ccqhuj2P.s 			page 13


 320 0165 05       		.byte	0x5
 321 0166 1F01     		.2byte	0x11f
 322 0168 22010000 		.4byte	0x122
 323 016c 08       		.uleb128 0x8
 324 016d 04       		.byte	0x4
 325 016e 72010000 		.4byte	0x172
 326 0172 09       		.uleb128 0x9
 327 0173 8C000000 		.4byte	0x8c
 328 0177 0C       		.uleb128 0xc
 329 0178 1C010000 		.4byte	.LASF53
 330 017c 01       		.byte	0x1
 331 017d 0801     		.2byte	0x108
 332 017f 00010000 		.4byte	0x100
 333 0183 00000000 		.4byte	.LFB84
 334 0187 98000000 		.4byte	.LFE84-.LFB84
 335 018b 01       		.uleb128 0x1
 336 018c 9C       		.byte	0x9c
 337 018d C0010000 		.4byte	0x1c0
 338 0191 0D       		.uleb128 0xd
 339 0192 5300     		.ascii	"S\000"
 340 0194 01       		.byte	0x1
 341 0195 0901     		.2byte	0x109
 342 0197 C0010000 		.4byte	0x1c0
 343 019b 00000000 		.4byte	.LLST0
 344 019f 0E       		.uleb128 0xe
 345 01a0 F6000000 		.4byte	.LASF28
 346 01a4 01       		.byte	0x1
 347 01a5 0A01     		.2byte	0x10a
 348 01a7 81000000 		.4byte	0x81
 349 01ab 1E000000 		.4byte	.LLST1
 350 01af 0F       		.uleb128 0xf
 351 01b0 59000000 		.4byte	.LASF54
 352 01b4 01       		.byte	0x1
 353 01b5 0D01     		.2byte	0x10d
 354 01b7 00010000 		.4byte	0x100
 355 01bb 54000000 		.4byte	.LLST2
 356 01bf 00       		.byte	0
 357 01c0 08       		.uleb128 0x8
 358 01c1 04       		.byte	0x4
 359 01c2 60010000 		.4byte	0x160
 360 01c6 03       		.uleb128 0x3
 361 01c7 28000000 		.4byte	.LASF33
 362 01cb 06       		.byte	0x6
 363 01cc 8B       		.byte	0x8b
 364 01cd A1020000 		.4byte	0x2a1
 365 01d1 08       		.uleb128 0x8
 366 01d2 04       		.byte	0x4
 367 01d3 8C000000 		.4byte	0x8c
 368 01d7 10       		.uleb128 0x10
 369 01d8 07040000 		.4byte	.LASF34
 370 01dc 06       		.byte	0x6
 371 01dd 92       		.byte	0x92
 372 01de E2010000 		.4byte	0x1e2
 373 01e2 09       		.uleb128 0x9
 374 01e3 C6010000 		.4byte	0x1c6
 375 01e7 10       		.uleb128 0x10
 376 01e8 BE000000 		.4byte	.LASF35
ARM GAS  C:\Users\IVYLIU~1\AppData\Local\Temp\ccqhuj2P.s 			page 14


 377 01ec 06       		.byte	0x6
 378 01ed 93       		.byte	0x93
 379 01ee E2010000 		.4byte	0x1e2
 380 01f2 03       		.uleb128 0x3
 381 01f3 4A000000 		.4byte	.LASF36
 382 01f7 06       		.byte	0x6
 383 01f8 90       		.byte	0x90
 384 01f9 80020000 		.4byte	0x280
 385 01fd 10       		.uleb128 0x10
 386 01fe E6030000 		.4byte	.LASF37
 387 0202 06       		.byte	0x6
 388 0203 94       		.byte	0x94
 389 0204 08020000 		.4byte	0x208
 390 0208 09       		.uleb128 0x9
 391 0209 F2010000 		.4byte	0x1f2
 392 020d 10       		.uleb128 0x10
 393 020e 37000000 		.4byte	.LASF38
 394 0212 06       		.byte	0x6
 395 0213 95       		.byte	0x95
 396 0214 08020000 		.4byte	0x208
 397 0218 10       		.uleb128 0x10
 398 0219 71030000 		.4byte	.LASF39
 399 021d 07       		.byte	0x7
 400 021e 33       		.byte	0x33
 401 021f 23020000 		.4byte	0x223
 402 0223 09       		.uleb128 0x9
 403 0224 60010000 		.4byte	0x160
 404 0228 10       		.uleb128 0x10
 405 0229 C4030000 		.4byte	.LASF40
 406 022d 07       		.byte	0x7
 407 022e 34       		.byte	0x34
 408 022f 23020000 		.4byte	0x223
 409 0233 10       		.uleb128 0x10
 410 0234 FF010000 		.4byte	.LASF41
 411 0238 07       		.byte	0x7
 412 0239 35       		.byte	0x35
 413 023a 23020000 		.4byte	0x223
 414 023e 10       		.uleb128 0x10
 415 023f 47030000 		.4byte	.LASF42
 416 0243 07       		.byte	0x7
 417 0244 36       		.byte	0x36
 418 0245 23020000 		.4byte	0x223
 419 0249 10       		.uleb128 0x10
 420 024a 60000000 		.4byte	.LASF43
 421 024e 07       		.byte	0x7
 422 024f 37       		.byte	0x37
 423 0250 23020000 		.4byte	0x223
 424 0254 10       		.uleb128 0x10
 425 0255 11030000 		.4byte	.LASF44
 426 0259 07       		.byte	0x7
 427 025a 38       		.byte	0x38
 428 025b 23020000 		.4byte	0x223
 429 025f 10       		.uleb128 0x10
 430 0260 E7010000 		.4byte	.LASF45
 431 0264 07       		.byte	0x7
 432 0265 39       		.byte	0x39
 433 0266 23020000 		.4byte	0x223
ARM GAS  C:\Users\IVYLIU~1\AppData\Local\Temp\ccqhuj2P.s 			page 15


 434 026a 10       		.uleb128 0x10
 435 026b 1C040000 		.4byte	.LASF46
 436 026f 07       		.byte	0x7
 437 0270 3A       		.byte	0x3a
 438 0271 23020000 		.4byte	0x223
 439 0275 10       		.uleb128 0x10
 440 0276 A6000000 		.4byte	.LASF47
 441 027a 07       		.byte	0x7
 442 027b 3B       		.byte	0x3b
 443 027c 23020000 		.4byte	0x223
 444 0280 11       		.uleb128 0x11
 445 0281 08       		.byte	0x8
 446 0282 06       		.byte	0x6
 447 0283 8D       		.byte	0x8d
 448 0284 A1020000 		.4byte	0x2a1
 449 0288 12       		.uleb128 0x12
 450 0289 A1000000 		.4byte	.LASF48
 451 028d 06       		.byte	0x6
 452 028e 8E       		.byte	0x8e
 453 028f D1010000 		.4byte	0x1d1
 454 0293 00       		.byte	0
 455 0294 12       		.uleb128 0x12
 456 0295 00000000 		.4byte	.LASF49
 457 0299 06       		.byte	0x6
 458 029a 8F       		.byte	0x8f
 459 029b 8C000000 		.4byte	0x8c
 460 029f 04       		.byte	0x4
 461 02a0 00       		.byte	0
 462 02a1 13       		.uleb128 0x13
 463 02a2 0C       		.byte	0xc
 464 02a3 06       		.byte	0x6
 465 02a4 87       		.byte	0x87
 466 02a5 14       		.uleb128 0x14
 467 02a6 73726300 		.ascii	"src\000"
 468 02aa 06       		.byte	0x6
 469 02ab 88       		.byte	0x88
 470 02ac 6C010000 		.4byte	0x16c
 471 02b0 00       		.byte	0
 472 02b1 12       		.uleb128 0x12
 473 02b2 A1000000 		.4byte	.LASF48
 474 02b6 06       		.byte	0x6
 475 02b7 89       		.byte	0x89
 476 02b8 D1010000 		.4byte	0x1d1
 477 02bc 04       		.byte	0x4
 478 02bd 12       		.uleb128 0x12
 479 02be 00000000 		.4byte	.LASF49
 480 02c2 06       		.byte	0x6
 481 02c3 8A       		.byte	0x8a
 482 02c4 8C000000 		.4byte	0x8c
 483 02c8 08       		.byte	0x8
 484 02c9 00       		.byte	0
 485 02ca 00       		.byte	0
 486              		.section	.debug_abbrev,"",%progbits
 487              	.Ldebug_abbrev0:
 488 0000 01       		.uleb128 0x1
 489 0001 11       		.uleb128 0x11
 490 0002 01       		.byte	0x1
ARM GAS  C:\Users\IVYLIU~1\AppData\Local\Temp\ccqhuj2P.s 			page 16


 491 0003 25       		.uleb128 0x25
 492 0004 0E       		.uleb128 0xe
 493 0005 13       		.uleb128 0x13
 494 0006 0B       		.uleb128 0xb
 495 0007 03       		.uleb128 0x3
 496 0008 0E       		.uleb128 0xe
 497 0009 1B       		.uleb128 0x1b
 498 000a 0E       		.uleb128 0xe
 499 000b 55       		.uleb128 0x55
 500 000c 17       		.uleb128 0x17
 501 000d 11       		.uleb128 0x11
 502 000e 01       		.uleb128 0x1
 503 000f 10       		.uleb128 0x10
 504 0010 17       		.uleb128 0x17
 505 0011 00       		.byte	0
 506 0012 00       		.byte	0
 507 0013 02       		.uleb128 0x2
 508 0014 24       		.uleb128 0x24
 509 0015 00       		.byte	0
 510 0016 0B       		.uleb128 0xb
 511 0017 0B       		.uleb128 0xb
 512 0018 3E       		.uleb128 0x3e
 513 0019 0B       		.uleb128 0xb
 514 001a 03       		.uleb128 0x3
 515 001b 0E       		.uleb128 0xe
 516 001c 00       		.byte	0
 517 001d 00       		.byte	0
 518 001e 03       		.uleb128 0x3
 519 001f 16       		.uleb128 0x16
 520 0020 00       		.byte	0
 521 0021 03       		.uleb128 0x3
 522 0022 0E       		.uleb128 0xe
 523 0023 3A       		.uleb128 0x3a
 524 0024 0B       		.uleb128 0xb
 525 0025 3B       		.uleb128 0x3b
 526 0026 0B       		.uleb128 0xb
 527 0027 49       		.uleb128 0x49
 528 0028 13       		.uleb128 0x13
 529 0029 00       		.byte	0
 530 002a 00       		.byte	0
 531 002b 04       		.uleb128 0x4
 532 002c 24       		.uleb128 0x24
 533 002d 00       		.byte	0
 534 002e 0B       		.uleb128 0xb
 535 002f 0B       		.uleb128 0xb
 536 0030 3E       		.uleb128 0x3e
 537 0031 0B       		.uleb128 0xb
 538 0032 03       		.uleb128 0x3
 539 0033 08       		.uleb128 0x8
 540 0034 00       		.byte	0
 541 0035 00       		.byte	0
 542 0036 05       		.uleb128 0x5
 543 0037 16       		.uleb128 0x16
 544 0038 00       		.byte	0
 545 0039 03       		.uleb128 0x3
 546 003a 0E       		.uleb128 0xe
 547 003b 3A       		.uleb128 0x3a
ARM GAS  C:\Users\IVYLIU~1\AppData\Local\Temp\ccqhuj2P.s 			page 17


 548 003c 0B       		.uleb128 0xb
 549 003d 3B       		.uleb128 0x3b
 550 003e 05       		.uleb128 0x5
 551 003f 49       		.uleb128 0x49
 552 0040 13       		.uleb128 0x13
 553 0041 00       		.byte	0
 554 0042 00       		.byte	0
 555 0043 06       		.uleb128 0x6
 556 0044 04       		.uleb128 0x4
 557 0045 01       		.byte	0x1
 558 0046 0B       		.uleb128 0xb
 559 0047 0B       		.uleb128 0xb
 560 0048 3A       		.uleb128 0x3a
 561 0049 0B       		.uleb128 0xb
 562 004a 3B       		.uleb128 0x3b
 563 004b 05       		.uleb128 0x5
 564 004c 01       		.uleb128 0x1
 565 004d 13       		.uleb128 0x13
 566 004e 00       		.byte	0
 567 004f 00       		.byte	0
 568 0050 07       		.uleb128 0x7
 569 0051 28       		.uleb128 0x28
 570 0052 00       		.byte	0
 571 0053 03       		.uleb128 0x3
 572 0054 0E       		.uleb128 0xe
 573 0055 1C       		.uleb128 0x1c
 574 0056 0D       		.uleb128 0xd
 575 0057 00       		.byte	0
 576 0058 00       		.byte	0
 577 0059 08       		.uleb128 0x8
 578 005a 0F       		.uleb128 0xf
 579 005b 00       		.byte	0
 580 005c 0B       		.uleb128 0xb
 581 005d 0B       		.uleb128 0xb
 582 005e 49       		.uleb128 0x49
 583 005f 13       		.uleb128 0x13
 584 0060 00       		.byte	0
 585 0061 00       		.byte	0
 586 0062 09       		.uleb128 0x9
 587 0063 26       		.uleb128 0x26
 588 0064 00       		.byte	0
 589 0065 49       		.uleb128 0x49
 590 0066 13       		.uleb128 0x13
 591 0067 00       		.byte	0
 592 0068 00       		.byte	0
 593 0069 0A       		.uleb128 0xa
 594 006a 13       		.uleb128 0x13
 595 006b 01       		.byte	0x1
 596 006c 0B       		.uleb128 0xb
 597 006d 0B       		.uleb128 0xb
 598 006e 3A       		.uleb128 0x3a
 599 006f 0B       		.uleb128 0xb
 600 0070 3B       		.uleb128 0x3b
 601 0071 05       		.uleb128 0x5
 602 0072 01       		.uleb128 0x1
 603 0073 13       		.uleb128 0x13
 604 0074 00       		.byte	0
ARM GAS  C:\Users\IVYLIU~1\AppData\Local\Temp\ccqhuj2P.s 			page 18


 605 0075 00       		.byte	0
 606 0076 0B       		.uleb128 0xb
 607 0077 0D       		.uleb128 0xd
 608 0078 00       		.byte	0
 609 0079 03       		.uleb128 0x3
 610 007a 0E       		.uleb128 0xe
 611 007b 3A       		.uleb128 0x3a
 612 007c 0B       		.uleb128 0xb
 613 007d 3B       		.uleb128 0x3b
 614 007e 05       		.uleb128 0x5
 615 007f 49       		.uleb128 0x49
 616 0080 13       		.uleb128 0x13
 617 0081 38       		.uleb128 0x38
 618 0082 0B       		.uleb128 0xb
 619 0083 00       		.byte	0
 620 0084 00       		.byte	0
 621 0085 0C       		.uleb128 0xc
 622 0086 2E       		.uleb128 0x2e
 623 0087 01       		.byte	0x1
 624 0088 3F       		.uleb128 0x3f
 625 0089 19       		.uleb128 0x19
 626 008a 03       		.uleb128 0x3
 627 008b 0E       		.uleb128 0xe
 628 008c 3A       		.uleb128 0x3a
 629 008d 0B       		.uleb128 0xb
 630 008e 3B       		.uleb128 0x3b
 631 008f 05       		.uleb128 0x5
 632 0090 27       		.uleb128 0x27
 633 0091 19       		.uleb128 0x19
 634 0092 49       		.uleb128 0x49
 635 0093 13       		.uleb128 0x13
 636 0094 11       		.uleb128 0x11
 637 0095 01       		.uleb128 0x1
 638 0096 12       		.uleb128 0x12
 639 0097 06       		.uleb128 0x6
 640 0098 40       		.uleb128 0x40
 641 0099 18       		.uleb128 0x18
 642 009a 9742     		.uleb128 0x2117
 643 009c 19       		.uleb128 0x19
 644 009d 01       		.uleb128 0x1
 645 009e 13       		.uleb128 0x13
 646 009f 00       		.byte	0
 647 00a0 00       		.byte	0
 648 00a1 0D       		.uleb128 0xd
 649 00a2 05       		.uleb128 0x5
 650 00a3 00       		.byte	0
 651 00a4 03       		.uleb128 0x3
 652 00a5 08       		.uleb128 0x8
 653 00a6 3A       		.uleb128 0x3a
 654 00a7 0B       		.uleb128 0xb
 655 00a8 3B       		.uleb128 0x3b
 656 00a9 05       		.uleb128 0x5
 657 00aa 49       		.uleb128 0x49
 658 00ab 13       		.uleb128 0x13
 659 00ac 02       		.uleb128 0x2
 660 00ad 17       		.uleb128 0x17
 661 00ae 00       		.byte	0
ARM GAS  C:\Users\IVYLIU~1\AppData\Local\Temp\ccqhuj2P.s 			page 19


 662 00af 00       		.byte	0
 663 00b0 0E       		.uleb128 0xe
 664 00b1 05       		.uleb128 0x5
 665 00b2 00       		.byte	0
 666 00b3 03       		.uleb128 0x3
 667 00b4 0E       		.uleb128 0xe
 668 00b5 3A       		.uleb128 0x3a
 669 00b6 0B       		.uleb128 0xb
 670 00b7 3B       		.uleb128 0x3b
 671 00b8 05       		.uleb128 0x5
 672 00b9 49       		.uleb128 0x49
 673 00ba 13       		.uleb128 0x13
 674 00bb 02       		.uleb128 0x2
 675 00bc 17       		.uleb128 0x17
 676 00bd 00       		.byte	0
 677 00be 00       		.byte	0
 678 00bf 0F       		.uleb128 0xf
 679 00c0 34       		.uleb128 0x34
 680 00c1 00       		.byte	0
 681 00c2 03       		.uleb128 0x3
 682 00c3 0E       		.uleb128 0xe
 683 00c4 3A       		.uleb128 0x3a
 684 00c5 0B       		.uleb128 0xb
 685 00c6 3B       		.uleb128 0x3b
 686 00c7 05       		.uleb128 0x5
 687 00c8 49       		.uleb128 0x49
 688 00c9 13       		.uleb128 0x13
 689 00ca 02       		.uleb128 0x2
 690 00cb 17       		.uleb128 0x17
 691 00cc 00       		.byte	0
 692 00cd 00       		.byte	0
 693 00ce 10       		.uleb128 0x10
 694 00cf 34       		.uleb128 0x34
 695 00d0 00       		.byte	0
 696 00d1 03       		.uleb128 0x3
 697 00d2 0E       		.uleb128 0xe
 698 00d3 3A       		.uleb128 0x3a
 699 00d4 0B       		.uleb128 0xb
 700 00d5 3B       		.uleb128 0x3b
 701 00d6 0B       		.uleb128 0xb
 702 00d7 49       		.uleb128 0x49
 703 00d8 13       		.uleb128 0x13
 704 00d9 3F       		.uleb128 0x3f
 705 00da 19       		.uleb128 0x19
 706 00db 3C       		.uleb128 0x3c
 707 00dc 19       		.uleb128 0x19
 708 00dd 00       		.byte	0
 709 00de 00       		.byte	0
 710 00df 11       		.uleb128 0x11
 711 00e0 13       		.uleb128 0x13
 712 00e1 01       		.byte	0x1
 713 00e2 0B       		.uleb128 0xb
 714 00e3 0B       		.uleb128 0xb
 715 00e4 3A       		.uleb128 0x3a
 716 00e5 0B       		.uleb128 0xb
 717 00e6 3B       		.uleb128 0x3b
 718 00e7 0B       		.uleb128 0xb
ARM GAS  C:\Users\IVYLIU~1\AppData\Local\Temp\ccqhuj2P.s 			page 20


 719 00e8 01       		.uleb128 0x1
 720 00e9 13       		.uleb128 0x13
 721 00ea 00       		.byte	0
 722 00eb 00       		.byte	0
 723 00ec 12       		.uleb128 0x12
 724 00ed 0D       		.uleb128 0xd
 725 00ee 00       		.byte	0
 726 00ef 03       		.uleb128 0x3
 727 00f0 0E       		.uleb128 0xe
 728 00f1 3A       		.uleb128 0x3a
 729 00f2 0B       		.uleb128 0xb
 730 00f3 3B       		.uleb128 0x3b
 731 00f4 0B       		.uleb128 0xb
 732 00f5 49       		.uleb128 0x49
 733 00f6 13       		.uleb128 0x13
 734 00f7 38       		.uleb128 0x38
 735 00f8 0B       		.uleb128 0xb
 736 00f9 00       		.byte	0
 737 00fa 00       		.byte	0
 738 00fb 13       		.uleb128 0x13
 739 00fc 13       		.uleb128 0x13
 740 00fd 01       		.byte	0x1
 741 00fe 0B       		.uleb128 0xb
 742 00ff 0B       		.uleb128 0xb
 743 0100 3A       		.uleb128 0x3a
 744 0101 0B       		.uleb128 0xb
 745 0102 3B       		.uleb128 0x3b
 746 0103 0B       		.uleb128 0xb
 747 0104 00       		.byte	0
 748 0105 00       		.byte	0
 749 0106 14       		.uleb128 0x14
 750 0107 0D       		.uleb128 0xd
 751 0108 00       		.byte	0
 752 0109 03       		.uleb128 0x3
 753 010a 08       		.uleb128 0x8
 754 010b 3A       		.uleb128 0x3a
 755 010c 0B       		.uleb128 0xb
 756 010d 3B       		.uleb128 0x3b
 757 010e 0B       		.uleb128 0xb
 758 010f 49       		.uleb128 0x49
 759 0110 13       		.uleb128 0x13
 760 0111 38       		.uleb128 0x38
 761 0112 0B       		.uleb128 0xb
 762 0113 00       		.byte	0
 763 0114 00       		.byte	0
 764 0115 00       		.byte	0
 765              		.section	.debug_loc,"",%progbits
 766              	.Ldebug_loc0:
 767              	.LLST0:
 768 0000 00000000 		.4byte	.LVL0
 769 0004 0C000000 		.4byte	.LVL1
 770 0008 0100     		.2byte	0x1
 771 000a 50       		.byte	0x50
 772 000b 0C000000 		.4byte	.LVL1
 773 000f 98000000 		.4byte	.LFE84
 774 0013 0100     		.2byte	0x1
 775 0015 53       		.byte	0x53
ARM GAS  C:\Users\IVYLIU~1\AppData\Local\Temp\ccqhuj2P.s 			page 21


 776 0016 00000000 		.4byte	0
 777 001a 00000000 		.4byte	0
 778              	.LLST1:
 779 001e 00000000 		.4byte	.LVL0
 780 0022 62000000 		.4byte	.LVL2
 781 0026 0100     		.2byte	0x1
 782 0028 51       		.byte	0x51
 783 0029 62000000 		.4byte	.LVL2
 784 002d 6E000000 		.4byte	.LVL3
 785 0031 0200     		.2byte	0x2
 786 0033 73       		.byte	0x73
 787 0034 00       		.sleb128 0
 788 0035 6E000000 		.4byte	.LVL3
 789 0039 70000000 		.4byte	.LVL4
 790 003d 0100     		.2byte	0x1
 791 003f 51       		.byte	0x51
 792 0040 70000000 		.4byte	.LVL4
 793 0044 98000000 		.4byte	.LFE84
 794 0048 0200     		.2byte	0x2
 795 004a 73       		.byte	0x73
 796 004b 00       		.sleb128 0
 797 004c 00000000 		.4byte	0
 798 0050 00000000 		.4byte	0
 799              	.LLST2:
 800 0054 00000000 		.4byte	.LVL0
 801 0058 70000000 		.4byte	.LVL4
 802 005c 0200     		.2byte	0x2
 803 005e 30       		.byte	0x30
 804 005f 9F       		.byte	0x9f
 805 0060 70000000 		.4byte	.LVL4
 806 0064 98000000 		.4byte	.LFE84
 807 0068 0100     		.2byte	0x1
 808 006a 50       		.byte	0x50
 809 006b 00000000 		.4byte	0
 810 006f 00000000 		.4byte	0
 811              		.section	.debug_aranges,"",%progbits
 812 0000 1C000000 		.4byte	0x1c
 813 0004 0200     		.2byte	0x2
 814 0006 00000000 		.4byte	.Ldebug_info0
 815 000a 04       		.byte	0x4
 816 000b 00       		.byte	0
 817 000c 0000     		.2byte	0
 818 000e 0000     		.2byte	0
 819 0010 00000000 		.4byte	.LFB84
 820 0014 98000000 		.4byte	.LFE84-.LFB84
 821 0018 00000000 		.4byte	0
 822 001c 00000000 		.4byte	0
 823              		.section	.debug_ranges,"",%progbits
 824              	.Ldebug_ranges0:
 825 0000 00000000 		.4byte	.LFB84
 826 0004 98000000 		.4byte	.LFE84
 827 0008 00000000 		.4byte	0
 828 000c 00000000 		.4byte	0
 829              		.section	.debug_line,"",%progbits
 830              	.Ldebug_line0:
 831 0000 01020000 		.section	.debug_str,"MS",%progbits,1
 831      0200C401 
ARM GAS  C:\Users\IVYLIU~1\AppData\Local\Temp\ccqhuj2P.s 			page 22


 831      00000201 
 831      FB0E0D00 
 831      01010101 
 832              	.LASF49:
 833 0000 776C656E 		.ascii	"wlen\000"
 833      00
 834              	.LASF31:
 835 0005 62697452 		.ascii	"bitRevLength\000"
 835      65764C65 
 835      6E677468 
 835      00
 836              	.LASF21:
 837 0012 41524D5F 		.ascii	"ARM_MATH_LENGTH_ERROR\000"
 837      4D415448 
 837      5F4C454E 
 837      4754485F 
 837      4552524F 
 838              	.LASF33:
 839 0028 5F5F636F 		.ascii	"__copy_table_t\000"
 839      70795F74 
 839      61626C65 
 839      5F7400
 840              	.LASF38:
 841 0037 5F5F7A65 		.ascii	"__zero_table_end__\000"
 841      726F5F74 
 841      61626C65 
 841      5F656E64 
 841      5F5F00
 842              	.LASF36:
 843 004a 5F5F7A65 		.ascii	"__zero_table_t\000"
 843      726F5F74 
 843      61626C65 
 843      5F7400
 844              	.LASF54:
 845 0059 73746174 		.ascii	"status\000"
 845      757300
 846              	.LASF43:
 847 0060 61726D5F 		.ascii	"arm_cfft_sR_f32_len256\000"
 847      63666674 
 847      5F73525F 
 847      6633325F 
 847      6C656E32 
 848              	.LASF22:
 849 0077 41524D5F 		.ascii	"ARM_MATH_SIZE_MISMATCH\000"
 849      4D415448 
 849      5F53495A 
 849      455F4D49 
 849      534D4154 
 850              	.LASF30:
 851 008e 70426974 		.ascii	"pBitRevTable\000"
 851      52657654 
 851      61626C65 
 851      00
 852              	.LASF16:
 853 009b 666C6F61 		.ascii	"float\000"
 853      7400
 854              	.LASF48:
ARM GAS  C:\Users\IVYLIU~1\AppData\Local\Temp\ccqhuj2P.s 			page 23


 855 00a1 64657374 		.ascii	"dest\000"
 855      00
 856              	.LASF47:
 857 00a6 61726D5F 		.ascii	"arm_cfft_sR_f32_len4096\000"
 857      63666674 
 857      5F73525F 
 857      6633325F 
 857      6C656E34 
 858              	.LASF35:
 859 00be 5F5F636F 		.ascii	"__copy_table_end__\000"
 859      70795F74 
 859      61626C65 
 859      5F656E64 
 859      5F5F00
 860              	.LASF7:
 861 00d1 6C6F6E67 		.ascii	"long unsigned int\000"
 861      20756E73 
 861      69676E65 
 861      6420696E 
 861      7400
 862              	.LASF3:
 863 00e3 73686F72 		.ascii	"short unsigned int\000"
 863      7420756E 
 863      7369676E 
 863      65642069 
 863      6E7400
 864              	.LASF28:
 865 00f6 6666744C 		.ascii	"fftLen\000"
 865      656E00
 866              	.LASF12:
 867 00fd 75696E74 		.ascii	"uint32_t\000"
 867      33325F74 
 867      00
 868              	.LASF25:
 869 0106 41524D5F 		.ascii	"ARM_MATH_TEST_FAILURE\000"
 869      4D415448 
 869      5F544553 
 869      545F4641 
 869      494C5552 
 870              	.LASF53:
 871 011c 61726D5F 		.ascii	"arm_cfft_init_f32\000"
 871      63666674 
 871      5F696E69 
 871      745F6633 
 871      3200
 872              	.LASF1:
 873 012e 756E7369 		.ascii	"unsigned char\000"
 873      676E6564 
 873      20636861 
 873      7200
 874              	.LASF50:
 875 013c 474E5520 		.ascii	"GNU C 4.9.3 20150303 (release) [ARM/embedded-4_9-br"
 875      4320342E 
 875      392E3320 
 875      32303135 
 875      30333033 
 876 016f 616E6368 		.ascii	"anch revision 221220] -mcpu=cortex-m3 -mthumb -g -O"
ARM GAS  C:\Users\IVYLIU~1\AppData\Local\Temp\ccqhuj2P.s 			page 24


 876      20726576 
 876      6973696F 
 876      6E203232 
 876      31323230 
 877 01a2 73202D73 		.ascii	"s -std=gnu99 -ffunction-sections -ffat-lto-objects\000"
 877      74643D67 
 877      6E753939 
 877      202D6666 
 877      756E6374 
 878              	.LASF5:
 879 01d5 5F5F7569 		.ascii	"__uint16_t\000"
 879      6E743136 
 879      5F7400
 880              	.LASF15:
 881 01e0 646F7562 		.ascii	"double\000"
 881      6C6500
 882              	.LASF45:
 883 01e7 61726D5F 		.ascii	"arm_cfft_sR_f32_len1024\000"
 883      63666674 
 883      5F73525F 
 883      6633325F 
 883      6C656E31 
 884              	.LASF41:
 885 01ff 61726D5F 		.ascii	"arm_cfft_sR_f32_len64\000"
 885      63666674 
 885      5F73525F 
 885      6633325F 
 885      6C656E36 
 886              	.LASF6:
 887 0215 5F5F7569 		.ascii	"__uint32_t\000"
 887      6E743332 
 887      5F7400
 888              	.LASF20:
 889 0220 41524D5F 		.ascii	"ARM_MATH_ARGUMENT_ERROR\000"
 889      4D415448 
 889      5F415247 
 889      554D454E 
 889      545F4552 
 890              	.LASF10:
 891 0238 756E7369 		.ascii	"unsigned int\000"
 891      676E6564 
 891      20696E74 
 891      00
 892              	.LASF52:
 893 0245 5C5C766D 		.ascii	"\\\\vmware-host\\Shared Folders\\Documents\\PSoC Cr"
 893      77617265 
 893      2D686F73 
 893      745C5368 
 893      61726564 
 894 0273 6561746F 		.ascii	"eator\\FinalProject\\FinalV2.cydsn\000"
 894      725C4669 
 894      6E616C50 
 894      726F6A65 
 894      63745C46 
 895              	.LASF32:
 896 0294 61726D5F 		.ascii	"arm_cfft_instance_f32\000"
 896      63666674 
ARM GAS  C:\Users\IVYLIU~1\AppData\Local\Temp\ccqhuj2P.s 			page 25


 896      5F696E73 
 896      74616E63 
 896      655F6633 
 897              	.LASF9:
 898 02aa 6C6F6E67 		.ascii	"long long unsigned int\000"
 898      206C6F6E 
 898      6720756E 
 898      7369676E 
 898      65642069 
 899              	.LASF18:
 900 02c1 666C6F61 		.ascii	"float32_t\000"
 900      7433325F 
 900      7400
 901              	.LASF23:
 902 02cb 41524D5F 		.ascii	"ARM_MATH_NANINF\000"
 902      4D415448 
 902      5F4E414E 
 902      494E4600 
 903              	.LASF26:
 904 02db 41524D5F 		.ascii	"ARM_MATH_DECOMPOSITION_FAILURE\000"
 904      4D415448 
 904      5F444543 
 904      4F4D504F 
 904      53495449 
 905              	.LASF13:
 906 02fa 73697A65 		.ascii	"sizetype\000"
 906      74797065 
 906      00
 907              	.LASF8:
 908 0303 6C6F6E67 		.ascii	"long long int\000"
 908      206C6F6E 
 908      6720696E 
 908      7400
 909              	.LASF44:
 910 0311 61726D5F 		.ascii	"arm_cfft_sR_f32_len512\000"
 910      63666674 
 910      5F73525F 
 910      6633325F 
 910      6C656E35 
 911              	.LASF29:
 912 0328 70547769 		.ascii	"pTwiddle\000"
 912      64646C65 
 912      00
 913              	.LASF14:
 914 0331 63686172 		.ascii	"char\000"
 914      00
 915              	.LASF19:
 916 0336 41524D5F 		.ascii	"ARM_MATH_SUCCESS\000"
 916      4D415448 
 916      5F535543 
 916      43455353 
 916      00
 917              	.LASF42:
 918 0347 61726D5F 		.ascii	"arm_cfft_sR_f32_len128\000"
 918      63666674 
 918      5F73525F 
 918      6633325F 
ARM GAS  C:\Users\IVYLIU~1\AppData\Local\Temp\ccqhuj2P.s 			page 26


 918      6C656E31 
 919              	.LASF2:
 920 035e 73686F72 		.ascii	"short int\000"
 920      7420696E 
 920      7400
 921              	.LASF11:
 922 0368 75696E74 		.ascii	"uint16_t\000"
 922      31365F74 
 922      00
 923              	.LASF39:
 924 0371 61726D5F 		.ascii	"arm_cfft_sR_f32_len16\000"
 924      63666674 
 924      5F73525F 
 924      6633325F 
 924      6C656E31 
 925              	.LASF51:
 926 0387 2E5C4453 		.ascii	".\\DSP\\Source\\TransformFunctions\\arm_cfft_init_f"
 926      505C536F 
 926      75726365 
 926      5C547261 
 926      6E73666F 
 927 03b6 33322E63 		.ascii	"32.c\000"
 927      00
 928              	.LASF4:
 929 03bb 6C6F6E67 		.ascii	"long int\000"
 929      20696E74 
 929      00
 930              	.LASF40:
 931 03c4 61726D5F 		.ascii	"arm_cfft_sR_f32_len32\000"
 931      63666674 
 931      5F73525F 
 931      6633325F 
 931      6C656E33 
 932              	.LASF17:
 933 03da 6C6F6E67 		.ascii	"long double\000"
 933      20646F75 
 933      626C6500 
 934              	.LASF37:
 935 03e6 5F5F7A65 		.ascii	"__zero_table_start__\000"
 935      726F5F74 
 935      61626C65 
 935      5F737461 
 935      72745F5F 
 936              	.LASF0:
 937 03fb 7369676E 		.ascii	"signed char\000"
 937      65642063 
 937      68617200 
 938              	.LASF34:
 939 0407 5F5F636F 		.ascii	"__copy_table_start__\000"
 939      70795F74 
 939      61626C65 
 939      5F737461 
 939      72745F5F 
 940              	.LASF46:
 941 041c 61726D5F 		.ascii	"arm_cfft_sR_f32_len2048\000"
 941      63666674 
 941      5F73525F 
ARM GAS  C:\Users\IVYLIU~1\AppData\Local\Temp\ccqhuj2P.s 			page 27


 941      6633325F 
 941      6C656E32 
 942              	.LASF27:
 943 0434 61726D5F 		.ascii	"arm_status\000"
 943      73746174 
 943      757300
 944              	.LASF24:
 945 043f 41524D5F 		.ascii	"ARM_MATH_SINGULAR\000"
 945      4D415448 
 945      5F53494E 
 945      47554C41 
 945      5200
 946              		.ident	"GCC: (GNU Tools for ARM Embedded Processors) 4.9.3 20150303 (release) [ARM/embedded-4_9-br
