ARM GAS  C:\Users\IVYLIU~1\AppData\Local\Temp\cchH7lBf.s 			page 1


   1              		.syntax unified
   2              		.cpu cortex-m3
   3              		.fpu softvfp
   4              		.eabi_attribute 20, 1
   5              		.eabi_attribute 21, 1
   6              		.eabi_attribute 23, 3
   7              		.eabi_attribute 24, 1
   8              		.eabi_attribute 25, 1
   9              		.eabi_attribute 26, 1
  10              		.eabi_attribute 30, 4
  11              		.eabi_attribute 34, 1
  12              		.eabi_attribute 18, 4
  13              		.thumb
  14              		.file	"cymetadata.c"
  15              		.text
  16              	.Ltext0:
  17              		.cfi_sections	.debug_frame
  18              		.global	cy_metadata
  19              		.global	cy_meta_flashprotect
  20              		.global	cy_meta_wonvl
  21              		.global	cy_meta_custnvl
  22              		.global	cy_meta_configecc
  23              		.section	.cyconfigecc,"a",%progbits
  24              		.type	cy_meta_configecc, %object
  25              		.size	cy_meta_configecc, 1324
  26              	cy_meta_configecc:
  27 0000 05       		.byte	5
  28 0001 52       		.byte	82
  29 0002 00       		.byte	0
  30 0003 40       		.byte	64
  31 0004 04       		.byte	4
  32 0005 64       		.byte	100
  33 0006 00       		.byte	0
  34 0007 40       		.byte	64
  35 0008 56       		.byte	86
  36 0009 00       		.byte	0
  37 000a 01       		.byte	1
  38 000b 40       		.byte	64
  39 000c 33       		.byte	51
  40 000d 01       		.byte	1
  41 000e 01       		.byte	1
  42 000f 40       		.byte	64
  43 0010 07       		.byte	7
  44 0011 03       		.byte	3
  45 0012 01       		.byte	1
  46 0013 40       		.byte	64
  47 0014 45       		.byte	69
  48 0015 0A       		.byte	10
  49 0016 01       		.byte	1
  50 0017 40       		.byte	64
  51 0018 3D       		.byte	61
  52 0019 0B       		.byte	11
  53 001a 01       		.byte	1
  54 001b 40       		.byte	64
  55 001c 4E       		.byte	78
  56 001d 0C       		.byte	12
  57 001e 01       		.byte	1
ARM GAS  C:\Users\IVYLIU~1\AppData\Local\Temp\cchH7lBf.s 			page 2


  58 001f 40       		.byte	64
  59 0020 44       		.byte	68
  60 0021 0D       		.byte	13
  61 0022 01       		.byte	1
  62 0023 40       		.byte	64
  63 0024 3F       		.byte	63
  64 0025 0E       		.byte	14
  65 0026 01       		.byte	1
  66 0027 40       		.byte	64
  67 0028 33       		.byte	51
  68 0029 0F       		.byte	15
  69 002a 01       		.byte	1
  70 002b 40       		.byte	64
  71 002c 01       		.byte	1
  72 002d 15       		.byte	21
  73 002e 01       		.byte	1
  74 002f 40       		.byte	64
  75 0030 01       		.byte	1
  76 0031 1B       		.byte	27
  77 0032 01       		.byte	1
  78 0033 40       		.byte	64
  79 0034 05       		.byte	5
  80 0035 40       		.byte	64
  81 0036 01       		.byte	1
  82 0037 40       		.byte	64
  83 0038 03       		.byte	3
  84 0039 41       		.byte	65
  85 003a 01       		.byte	1
  86 003b 40       		.byte	64
  87 003c 03       		.byte	3
  88 003d 44       		.byte	68
  89 003e 01       		.byte	1
  90 003f 40       		.byte	64
  91 0040 0F       		.byte	15
  92 0041 45       		.byte	69
  93 0042 01       		.byte	1
  94 0043 40       		.byte	64
  95 0044 07       		.byte	7
  96 0045 46       		.byte	70
  97 0046 01       		.byte	1
  98 0047 40       		.byte	64
  99 0048 01       		.byte	1
 100 0049 47       		.byte	71
 101 004a 01       		.byte	1
 102 004b 40       		.byte	64
 103 004c 02       		.byte	2
 104 004d 48       		.byte	72
 105 004e 01       		.byte	1
 106 004f 40       		.byte	64
 107 0050 01       		.byte	1
 108 0051 49       		.byte	73
 109 0052 01       		.byte	1
 110 0053 40       		.byte	64
 111 0054 01       		.byte	1
 112 0055 4C       		.byte	76
 113 0056 01       		.byte	1
 114 0057 40       		.byte	64
ARM GAS  C:\Users\IVYLIU~1\AppData\Local\Temp\cchH7lBf.s 			page 3


 115 0058 02       		.byte	2
 116 0059 4D       		.byte	77
 117 005a 01       		.byte	1
 118 005b 40       		.byte	64
 119 005c 04       		.byte	4
 120 005d 50       		.byte	80
 121 005e 01       		.byte	1
 122 005f 40       		.byte	64
 123 0060 01       		.byte	1
 124 0061 51       		.byte	81
 125 0062 01       		.byte	1
 126 0063 40       		.byte	64
 127 0064 00       		.byte	0
 128 0065 01       		.byte	1
 129 0066 01       		.byte	1
 130 0067 01       		.byte	1
 131 0068 10       		.byte	16
 132 0069 5C       		.byte	92
 133 006a 11       		.byte	17
 134 006b 14       		.byte	20
 135 006c 14       		.byte	20
 136 006d 02       		.byte	2
 137 006e 80       		.byte	-128
 138 006f 7F       		.byte	127
 139 0070 81       		.byte	-127
 140 0071 7F       		.byte	127
 141 0072 8B       		.byte	-117
 142 0073 0F       		.byte	15
 143 0074 8F       		.byte	-113
 144 0075 7F       		.byte	127
 145 0076 02       		.byte	2
 146 0077 10       		.byte	16
 147 0078 04       		.byte	4
 148 0079 04       		.byte	4
 149 007a 05       		.byte	5
 150 007b 0A       		.byte	10
 151 007c 06       		.byte	6
 152 007d 02       		.byte	2
 153 007e 07       		.byte	7
 154 007f 05       		.byte	5
 155 0080 09       		.byte	9
 156 0081 33       		.byte	51
 157 0082 0A       		.byte	10
 158 0083 04       		.byte	4
 159 0084 0B       		.byte	11
 160 0085 0C       		.byte	12
 161 0086 0C       		.byte	12
 162 0087 17       		.byte	23
 163 0088 0E       		.byte	14
 164 0089 08       		.byte	8
 165 008a 12       		.byte	18
 166 008b 02       		.byte	2
 167 008c 14       		.byte	20
 168 008d 0F       		.byte	15
 169 008e 15       		.byte	21
 170 008f 2F       		.byte	47
 171 0090 17       		.byte	23
ARM GAS  C:\Users\IVYLIU~1\AppData\Local\Temp\cchH7lBf.s 			page 4


 172 0091 10       		.byte	16
 173 0092 19       		.byte	25
 174 0093 05       		.byte	5
 175 0094 1B       		.byte	27
 176 0095 0A       		.byte	10
 177 0096 1F       		.byte	31
 178 0097 10       		.byte	16
 179 0098 20       		.byte	32
 180 0099 08       		.byte	8
 181 009a 24       		.byte	36
 182 009b 11       		.byte	17
 183 009c 28       		.byte	40
 184 009d 11       		.byte	17
 185 009e 2A       		.byte	42
 186 009f 0E       		.byte	14
 187 00a0 2D       		.byte	45
 188 00a1 0C       		.byte	12
 189 00a2 2F       		.byte	47
 190 00a3 13       		.byte	19
 191 00a4 30       		.byte	48
 192 00a5 1F       		.byte	31
 193 00a6 33       		.byte	51
 194 00a7 10       		.byte	16
 195 00a8 35       		.byte	53
 196 00a9 0F       		.byte	15
 197 00aa 37       		.byte	55
 198 00ab 20       		.byte	32
 199 00ac 39       		.byte	57
 200 00ad 80       		.byte	-128
 201 00ae 3B       		.byte	59
 202 00af 20       		.byte	32
 203 00b0 3F       		.byte	63
 204 00b1 40       		.byte	64
 205 00b2 40       		.byte	64
 206 00b3 64       		.byte	100
 207 00b4 41       		.byte	65
 208 00b5 05       		.byte	5
 209 00b6 45       		.byte	69
 210 00b7 0C       		.byte	12
 211 00b8 46       		.byte	70
 212 00b9 E6       		.byte	-26
 213 00ba 47       		.byte	71
 214 00bb 0B       		.byte	11
 215 00bc 48       		.byte	72
 216 00bd 1D       		.byte	29
 217 00be 49       		.byte	73
 218 00bf FF       		.byte	-1
 219 00c0 4A       		.byte	74
 220 00c1 FF       		.byte	-1
 221 00c2 4B       		.byte	75
 222 00c3 FF       		.byte	-1
 223 00c4 4D       		.byte	77
 224 00c5 20       		.byte	32
 225 00c6 4E       		.byte	78
 226 00c7 F0       		.byte	-16
 227 00c8 51       		.byte	81
 228 00c9 10       		.byte	16
ARM GAS  C:\Users\IVYLIU~1\AppData\Local\Temp\cchH7lBf.s 			page 5


 229 00ca 56       		.byte	86
 230 00cb 02       		.byte	2
 231 00cc 57       		.byte	87
 232 00cd 3D       		.byte	61
 233 00ce 58       		.byte	88
 234 00cf 04       		.byte	4
 235 00d0 59       		.byte	89
 236 00d1 04       		.byte	4
 237 00d2 5A       		.byte	90
 238 00d3 04       		.byte	4
 239 00d4 5B       		.byte	91
 240 00d5 04       		.byte	4
 241 00d6 5C       		.byte	92
 242 00d7 11       		.byte	17
 243 00d8 5D       		.byte	93
 244 00d9 11       		.byte	17
 245 00da 5F       		.byte	95
 246 00db 01       		.byte	1
 247 00dc 62       		.byte	98
 248 00dd E0       		.byte	-32
 249 00de 63       		.byte	99
 250 00df 01       		.byte	1
 251 00e0 65       		.byte	101
 252 00e1 01       		.byte	1
 253 00e2 67       		.byte	103
 254 00e3 01       		.byte	1
 255 00e4 68       		.byte	104
 256 00e5 60       		.byte	96
 257 00e6 69       		.byte	105
 258 00e7 01       		.byte	1
 259 00e8 6B       		.byte	107
 260 00e9 01       		.byte	1
 261 00ea 6C       		.byte	108
 262 00eb 10       		.byte	16
 263 00ec 6D       		.byte	109
 264 00ed 50       		.byte	80
 265 00ee 6E       		.byte	110
 266 00ef 10       		.byte	16
 267 00f0 6F       		.byte	111
 268 00f1 50       		.byte	80
 269 00f2 89       		.byte	-119
 270 00f3 07       		.byte	7
 271 00f4 8B       		.byte	-117
 272 00f5 08       		.byte	8
 273 00f6 8E       		.byte	-114
 274 00f7 01       		.byte	1
 275 00f8 91       		.byte	-111
 276 00f9 08       		.byte	8
 277 00fa 94       		.byte	-108
 278 00fb 01       		.byte	1
 279 00fc 95       		.byte	-107
 280 00fd 0A       		.byte	10
 281 00fe 97       		.byte	-105
 282 00ff 01       		.byte	1
 283 0100 A1       		.byte	-95
 284 0101 04       		.byte	4
 285 0102 A8       		.byte	-88
ARM GAS  C:\Users\IVYLIU~1\AppData\Local\Temp\cchH7lBf.s 			page 6


 286 0103 01       		.byte	1
 287 0104 AD       		.byte	-83
 288 0105 09       		.byte	9
 289 0106 AF       		.byte	-81
 290 0107 06       		.byte	6
 291 0108 B0       		.byte	-80
 292 0109 01       		.byte	1
 293 010a B3       		.byte	-77
 294 010b 0F       		.byte	15
 295 010c B7       		.byte	-73
 296 010d 01       		.byte	1
 297 010e BE       		.byte	-66
 298 010f 01       		.byte	1
 299 0110 BF       		.byte	-65
 300 0111 40       		.byte	64
 301 0112 D6       		.byte	-42
 302 0113 02       		.byte	2
 303 0114 D7       		.byte	-41
 304 0115 38       		.byte	56
 305 0116 D8       		.byte	-40
 306 0117 04       		.byte	4
 307 0118 D9       		.byte	-39
 308 0119 04       		.byte	4
 309 011a DB       		.byte	-37
 310 011b 04       		.byte	4
 311 011c DC       		.byte	-36
 312 011d 10       		.byte	16
 313 011e DD       		.byte	-35
 314 011f 10       		.byte	16
 315 0120 DF       		.byte	-33
 316 0121 01       		.byte	1
 317 0122 00       		.byte	0
 318 0123 64       		.byte	100
 319 0124 01       		.byte	1
 320 0125 02       		.byte	2
 321 0126 04       		.byte	4
 322 0127 40       		.byte	64
 323 0128 09       		.byte	9
 324 0129 08       		.byte	8
 325 012a 0A       		.byte	10
 326 012b 40       		.byte	64
 327 012c 0D       		.byte	13
 328 012d 08       		.byte	8
 329 012e 10       		.byte	16
 330 012f A0       		.byte	-96
 331 0130 12       		.byte	18
 332 0131 08       		.byte	8
 333 0132 17       		.byte	23
 334 0133 10       		.byte	16
 335 0134 18       		.byte	24
 336 0135 40       		.byte	64
 337 0136 1B       		.byte	27
 338 0137 02       		.byte	2
 339 0138 1E       		.byte	30
 340 0139 80       		.byte	-128
 341 013a 20       		.byte	32
 342 013b 16       		.byte	22
ARM GAS  C:\Users\IVYLIU~1\AppData\Local\Temp\cchH7lBf.s 			page 7


 343 013c 21       		.byte	33
 344 013d 08       		.byte	8
 345 013e 22       		.byte	34
 346 013f 10       		.byte	16
 347 0140 25       		.byte	37
 348 0141 80       		.byte	-128
 349 0142 26       		.byte	38
 350 0143 08       		.byte	8
 351 0144 27       		.byte	39
 352 0145 10       		.byte	16
 353 0146 2B       		.byte	43
 354 0147 02       		.byte	2
 355 0148 2C       		.byte	44
 356 0149 80       		.byte	-128
 357 014a 2F       		.byte	47
 358 014b 02       		.byte	2
 359 014c 30       		.byte	48
 360 014d 80       		.byte	-128
 361 014e 32       		.byte	50
 362 014f 18       		.byte	24
 363 0150 35       		.byte	53
 364 0151 02       		.byte	2
 365 0152 36       		.byte	54
 366 0153 08       		.byte	8
 367 0154 38       		.byte	56
 368 0155 18       		.byte	24
 369 0156 3C       		.byte	60
 370 0157 10       		.byte	16
 371 0158 40       		.byte	64
 372 0159 40       		.byte	64
 373 015a 48       		.byte	72
 374 015b 21       		.byte	33
 375 015c 4A       		.byte	74
 376 015d 08       		.byte	8
 377 015e 50       		.byte	80
 378 015f 84       		.byte	-124
 379 0160 53       		.byte	83
 380 0161 10       		.byte	16
 381 0162 58       		.byte	88
 382 0163 20       		.byte	32
 383 0164 5E       		.byte	94
 384 0165 80       		.byte	-128
 385 0166 61       		.byte	97
 386 0167 02       		.byte	2
 387 0168 64       		.byte	100
 388 0169 20       		.byte	32
 389 016a 72       		.byte	114
 390 016b 40       		.byte	64
 391 016c 75       		.byte	117
 392 016d 02       		.byte	2
 393 016e 85       		.byte	-123
 394 016f 80       		.byte	-128
 395 0170 8B       		.byte	-117
 396 0171 10       		.byte	16
 397 0172 C0       		.byte	-64
 398 0173 8F       		.byte	-113
 399 0174 C2       		.byte	-62
ARM GAS  C:\Users\IVYLIU~1\AppData\Local\Temp\cchH7lBf.s 			page 8


 400 0175 2C       		.byte	44
 401 0176 C4       		.byte	-60
 402 0177 4E       		.byte	78
 403 0178 CA       		.byte	-54
 404 0179 98       		.byte	-104
 405 017a CC       		.byte	-52
 406 017b CE       		.byte	-50
 407 017c CE       		.byte	-50
 408 017d 26       		.byte	38
 409 017e D0       		.byte	-48
 410 017f 01       		.byte	1
 411 0180 D2       		.byte	-46
 412 0181 0C       		.byte	12
 413 0182 D6       		.byte	-42
 414 0183 14       		.byte	20
 415 0184 D8       		.byte	-40
 416 0185 41       		.byte	65
 417 0186 E2       		.byte	-30
 418 0187 20       		.byte	32
 419 0188 AC       		.byte	-84
 420 0189 30       		.byte	48
 421 018a AD       		.byte	-83
 422 018b 02       		.byte	2
 423 018c B1       		.byte	-79
 424 018d 08       		.byte	8
 425 018e B4       		.byte	-76
 426 018f 40       		.byte	64
 427 0190 B6       		.byte	-74
 428 0191 08       		.byte	8
 429 0192 EA       		.byte	-22
 430 0193 0A       		.byte	10
 431 0194 EE       		.byte	-18
 432 0195 08       		.byte	8
 433 0196 00       		.byte	0
 434 0197 0D       		.byte	13
 435 0198 07       		.byte	7
 436 0199 01       		.byte	1
 437 019a 08       		.byte	8
 438 019b 02       		.byte	2
 439 019c 0A       		.byte	10
 440 019d 0D       		.byte	13
 441 019e 0C       		.byte	12
 442 019f 0D       		.byte	13
 443 01a0 14       		.byte	20
 444 01a1 02       		.byte	2
 445 01a2 15       		.byte	21
 446 01a3 01       		.byte	1
 447 01a4 16       		.byte	22
 448 01a5 04       		.byte	4
 449 01a6 18       		.byte	24
 450 01a7 02       		.byte	2
 451 01a8 1A       		.byte	26
 452 01a9 08       		.byte	8
 453 01aa 1F       		.byte	31
 454 01ab 01       		.byte	1
 455 01ac 20       		.byte	32
 456 01ad 01       		.byte	1
ARM GAS  C:\Users\IVYLIU~1\AppData\Local\Temp\cchH7lBf.s 			page 9


 457 01ae 22       		.byte	34
 458 01af 02       		.byte	2
 459 01b0 24       		.byte	36
 460 01b1 0D       		.byte	13
 461 01b2 28       		.byte	40
 462 01b3 0D       		.byte	13
 463 01b4 2C       		.byte	44
 464 01b5 0D       		.byte	13
 465 01b6 32       		.byte	50
 466 01b7 0F       		.byte	15
 467 01b8 37       		.byte	55
 468 01b9 01       		.byte	1
 469 01ba 3A       		.byte	58
 470 01bb 08       		.byte	8
 471 01bc 3F       		.byte	63
 472 01bd 40       		.byte	64
 473 01be 58       		.byte	88
 474 01bf 04       		.byte	4
 475 01c0 59       		.byte	89
 476 01c1 04       		.byte	4
 477 01c2 5C       		.byte	92
 478 01c3 02       		.byte	2
 479 01c4 5F       		.byte	95
 480 01c5 01       		.byte	1
 481 01c6 80       		.byte	-128
 482 01c7 80       		.byte	-128
 483 01c8 81       		.byte	-127
 484 01c9 06       		.byte	6
 485 01ca 82       		.byte	-126
 486 01cb 20       		.byte	32
 487 01cc 84       		.byte	-124
 488 01cd 15       		.byte	21
 489 01ce 85       		.byte	-123
 490 01cf 02       		.byte	2
 491 01d0 86       		.byte	-122
 492 01d1 8A       		.byte	-118
 493 01d2 87       		.byte	-121
 494 01d3 04       		.byte	4
 495 01d4 88       		.byte	-120
 496 01d5 02       		.byte	2
 497 01d6 89       		.byte	-119
 498 01d7 04       		.byte	4
 499 01d8 8A       		.byte	-118
 500 01d9 0D       		.byte	13
 501 01da 8B       		.byte	-117
 502 01db 02       		.byte	2
 503 01dc 8C       		.byte	-116
 504 01dd A0       		.byte	-96
 505 01de 8D       		.byte	-115
 506 01df 06       		.byte	6
 507 01e0 91       		.byte	-111
 508 01e1 02       		.byte	2
 509 01e2 93       		.byte	-109
 510 01e3 04       		.byte	4
 511 01e4 94       		.byte	-108
 512 01e5 20       		.byte	32
 513 01e6 95       		.byte	-107
ARM GAS  C:\Users\IVYLIU~1\AppData\Local\Temp\cchH7lBf.s 			page 10


 514 01e7 04       		.byte	4
 515 01e8 96       		.byte	-106
 516 01e9 80       		.byte	-128
 517 01ea 98       		.byte	-104
 518 01eb A0       		.byte	-96
 519 01ec 99       		.byte	-103
 520 01ed 01       		.byte	1
 521 01ee 9B       		.byte	-101
 522 01ef 02       		.byte	2
 523 01f0 9C       		.byte	-100
 524 01f1 80       		.byte	-128
 525 01f2 9D       		.byte	-99
 526 01f3 07       		.byte	7
 527 01f4 A0       		.byte	-96
 528 01f5 80       		.byte	-128
 529 01f6 A1       		.byte	-95
 530 01f7 02       		.byte	2
 531 01f8 A2       		.byte	-94
 532 01f9 20       		.byte	32
 533 01fa A4       		.byte	-92
 534 01fb 20       		.byte	32
 535 01fc A8       		.byte	-88
 536 01fd C9       		.byte	-55
 537 01fe A9       		.byte	-87
 538 01ff 02       		.byte	2
 539 0200 AA       		.byte	-86
 540 0201 36       		.byte	54
 541 0202 AB       		.byte	-85
 542 0203 05       		.byte	5
 543 0204 AC       		.byte	-84
 544 0205 33       		.byte	51
 545 0206 AE       		.byte	-82
 546 0207 4C       		.byte	76
 547 0208 B1       		.byte	-79
 548 0209 07       		.byte	7
 549 020a B2       		.byte	-78
 550 020b F0       		.byte	-16
 551 020c B4       		.byte	-76
 552 020d 0F       		.byte	15
 553 020e BA       		.byte	-70
 554 020f 28       		.byte	40
 555 0210 D6       		.byte	-42
 556 0211 02       		.byte	2
 557 0212 D7       		.byte	-41
 558 0213 28       		.byte	40
 559 0214 D8       		.byte	-40
 560 0215 04       		.byte	4
 561 0216 D9       		.byte	-39
 562 0217 04       		.byte	4
 563 0218 DB       		.byte	-37
 564 0219 04       		.byte	4
 565 021a DC       		.byte	-36
 566 021b 22       		.byte	34
 567 021c DD       		.byte	-35
 568 021d 20       		.byte	32
 569 021e DF       		.byte	-33
 570 021f 01       		.byte	1
ARM GAS  C:\Users\IVYLIU~1\AppData\Local\Temp\cchH7lBf.s 			page 11


 571 0220 00       		.byte	0
 572 0221 90       		.byte	-112
 573 0222 01       		.byte	1
 574 0223 01       		.byte	1
 575 0224 05       		.byte	5
 576 0225 14       		.byte	20
 577 0226 06       		.byte	6
 578 0227 01       		.byte	1
 579 0228 07       		.byte	7
 580 0229 80       		.byte	-128
 581 022a 09       		.byte	9
 582 022b 08       		.byte	8
 583 022c 0B       		.byte	11
 584 022d 08       		.byte	8
 585 022e 0C       		.byte	12
 586 022f 08       		.byte	8
 587 0230 0D       		.byte	13
 588 0231 20       		.byte	32
 589 0232 0E       		.byte	14
 590 0233 03       		.byte	3
 591 0234 10       		.byte	16
 592 0235 6A       		.byte	106
 593 0236 16       		.byte	22
 594 0237 08       		.byte	8
 595 0238 17       		.byte	23
 596 0239 49       		.byte	73
 597 023a 18       		.byte	24
 598 023b 10       		.byte	16
 599 023c 1D       		.byte	29
 600 023d 1C       		.byte	28
 601 023e 1E       		.byte	30
 602 023f 20       		.byte	32
 603 0240 1F       		.byte	31
 604 0241 10       		.byte	16
 605 0242 22       		.byte	34
 606 0243 40       		.byte	64
 607 0244 27       		.byte	39
 608 0245 40       		.byte	64
 609 0246 2E       		.byte	46
 610 0247 01       		.byte	1
 611 0248 2F       		.byte	47
 612 0249 04       		.byte	4
 613 024a 30       		.byte	48
 614 024b 40       		.byte	64
 615 024c 31       		.byte	49
 616 024d 08       		.byte	8
 617 024e 33       		.byte	51
 618 024f 40       		.byte	64
 619 0250 36       		.byte	54
 620 0251 18       		.byte	24
 621 0252 37       		.byte	55
 622 0253 49       		.byte	73
 623 0254 3A       		.byte	58
 624 0255 08       		.byte	8
 625 0256 3B       		.byte	59
 626 0257 08       		.byte	8
 627 0258 3C       		.byte	60
ARM GAS  C:\Users\IVYLIU~1\AppData\Local\Temp\cchH7lBf.s 			page 12


 628 0259 80       		.byte	-128
 629 025a 3D       		.byte	61
 630 025b 21       		.byte	33
 631 025c 3E       		.byte	62
 632 025d 04       		.byte	4
 633 025e 67       		.byte	103
 634 025f 20       		.byte	32
 635 0260 6C       		.byte	108
 636 0261 6A       		.byte	106
 637 0262 6D       		.byte	109
 638 0263 21       		.byte	33
 639 0264 6E       		.byte	110
 640 0265 04       		.byte	4
 641 0266 6F       		.byte	111
 642 0267 01       		.byte	1
 643 0268 74       		.byte	116
 644 0269 40       		.byte	64
 645 026a 76       		.byte	118
 646 026b 01       		.byte	1
 647 026c 88       		.byte	-120
 648 026d 20       		.byte	32
 649 026e 89       		.byte	-119
 650 026f 21       		.byte	33
 651 0270 8B       		.byte	-117
 652 0271 80       		.byte	-128
 653 0272 93       		.byte	-109
 654 0273 08       		.byte	8
 655 0274 94       		.byte	-108
 656 0275 80       		.byte	-128
 657 0276 95       		.byte	-107
 658 0277 01       		.byte	1
 659 0278 96       		.byte	-106
 660 0279 80       		.byte	-128
 661 027a 9E       		.byte	-98
 662 027b 01       		.byte	1
 663 027c 9F       		.byte	-97
 664 027d 40       		.byte	64
 665 027e A2       		.byte	-94
 666 027f 09       		.byte	9
 667 0280 A4       		.byte	-92
 668 0281 6A       		.byte	106
 669 0282 A5       		.byte	-91
 670 0283 08       		.byte	8
 671 0284 AC       		.byte	-84
 672 0285 01       		.byte	1
 673 0286 AF       		.byte	-81
 674 0287 04       		.byte	4
 675 0288 B1       		.byte	-79
 676 0289 40       		.byte	64
 677 028a B4       		.byte	-76
 678 028b 04       		.byte	4
 679 028c C0       		.byte	-64
 680 028d FB       		.byte	-5
 681 028e C2       		.byte	-62
 682 028f E6       		.byte	-26
 683 0290 C4       		.byte	-60
 684 0291 FF       		.byte	-1
ARM GAS  C:\Users\IVYLIU~1\AppData\Local\Temp\cchH7lBf.s 			page 13


 685 0292 CA       		.byte	-54
 686 0293 A0       		.byte	-96
 687 0294 CC       		.byte	-52
 688 0295 FA       		.byte	-6
 689 0296 CE       		.byte	-50
 690 0297 F2       		.byte	-14
 691 0298 D8       		.byte	-40
 692 0299 40       		.byte	64
 693 029a 01       		.byte	1
 694 029b 04       		.byte	4
 695 029c 08       		.byte	8
 696 029d 04       		.byte	4
 697 029e 09       		.byte	9
 698 029f 56       		.byte	86
 699 02a0 0B       		.byte	11
 700 02a1 09       		.byte	9
 701 02a2 0D       		.byte	13
 702 02a3 04       		.byte	4
 703 02a4 11       		.byte	17
 704 02a5 60       		.byte	96
 705 02a6 14       		.byte	20
 706 02a7 06       		.byte	6
 707 02a8 15       		.byte	21
 708 02a9 01       		.byte	1
 709 02aa 16       		.byte	22
 710 02ab 01       		.byte	1
 711 02ac 19       		.byte	25
 712 02ad 0A       		.byte	10
 713 02ae 1B       		.byte	27
 714 02af 10       		.byte	16
 715 02b0 1D       		.byte	29
 716 02b1 07       		.byte	7
 717 02b2 1F       		.byte	31
 718 02b3 38       		.byte	56
 719 02b4 21       		.byte	33
 720 02b5 04       		.byte	4
 721 02b6 25       		.byte	37
 722 02b7 04       		.byte	4
 723 02b8 28       		.byte	40
 724 02b9 04       		.byte	4
 725 02ba 2B       		.byte	43
 726 02bb 04       		.byte	4
 727 02bc 2C       		.byte	44
 728 02bd 01       		.byte	1
 729 02be 2D       		.byte	45
 730 02bf 04       		.byte	4
 731 02c0 2E       		.byte	46
 732 02c1 02       		.byte	2
 733 02c2 32       		.byte	50
 734 02c3 07       		.byte	7
 735 02c4 35       		.byte	53
 736 02c5 7F       		.byte	127
 737 02c6 39       		.byte	57
 738 02c7 A0       		.byte	-96
 739 02c8 3A       		.byte	58
 740 02c9 08       		.byte	8
 741 02ca 3F       		.byte	63
ARM GAS  C:\Users\IVYLIU~1\AppData\Local\Temp\cchH7lBf.s 			page 14


 742 02cb 40       		.byte	64
 743 02cc 58       		.byte	88
 744 02cd 04       		.byte	4
 745 02ce 59       		.byte	89
 746 02cf 04       		.byte	4
 747 02d0 5C       		.byte	92
 748 02d1 22       		.byte	34
 749 02d2 5F       		.byte	95
 750 02d3 01       		.byte	1
 751 02d4 84       		.byte	-124
 752 02d5 07       		.byte	7
 753 02d6 88       		.byte	-120
 754 02d7 02       		.byte	2
 755 02d8 8A       		.byte	-118
 756 02d9 0C       		.byte	12
 757 02da 90       		.byte	-112
 758 02db 09       		.byte	9
 759 02dc 92       		.byte	-110
 760 02dd 02       		.byte	2
 761 02de 94       		.byte	-108
 762 02df 0A       		.byte	10
 763 02e0 95       		.byte	-107
 764 02e1 01       		.byte	1
 765 02e2 96       		.byte	-106
 766 02e3 05       		.byte	5
 767 02e4 9D       		.byte	-99
 768 02e5 01       		.byte	1
 769 02e6 A9       		.byte	-87
 770 02e7 01       		.byte	1
 771 02e8 B2       		.byte	-78
 772 02e9 0F       		.byte	15
 773 02ea B7       		.byte	-73
 774 02eb 01       		.byte	1
 775 02ec B8       		.byte	-72
 776 02ed 08       		.byte	8
 777 02ee BF       		.byte	-65
 778 02ef 40       		.byte	64
 779 02f0 C0       		.byte	-64
 780 02f1 35       		.byte	53
 781 02f2 C1       		.byte	-63
 782 02f3 01       		.byte	1
 783 02f4 C2       		.byte	-62
 784 02f5 60       		.byte	96
 785 02f6 C4       		.byte	-60
 786 02f7 02       		.byte	2
 787 02f8 C5       		.byte	-59
 788 02f9 0E       		.byte	14
 789 02fa C6       		.byte	-58
 790 02fb FD       		.byte	-3
 791 02fc C7       		.byte	-57
 792 02fd BC       		.byte	-68
 793 02fe C8       		.byte	-56
 794 02ff 3D       		.byte	61
 795 0300 C9       		.byte	-55
 796 0301 FF       		.byte	-1
 797 0302 CA       		.byte	-54
 798 0303 FF       		.byte	-1
ARM GAS  C:\Users\IVYLIU~1\AppData\Local\Temp\cchH7lBf.s 			page 15


 799 0304 CB       		.byte	-53
 800 0305 FF       		.byte	-1
 801 0306 CC       		.byte	-52
 802 0307 22       		.byte	34
 803 0308 CE       		.byte	-50
 804 0309 F0       		.byte	-16
 805 030a CF       		.byte	-49
 806 030b 08       		.byte	8
 807 030c D0       		.byte	-48
 808 030d 04       		.byte	4
 809 030e D4       		.byte	-44
 810 030f 09       		.byte	9
 811 0310 D8       		.byte	-40
 812 0311 04       		.byte	4
 813 0312 D9       		.byte	-39
 814 0313 04       		.byte	4
 815 0314 DA       		.byte	-38
 816 0315 04       		.byte	4
 817 0316 DB       		.byte	-37
 818 0317 04       		.byte	4
 819 0318 DC       		.byte	-36
 820 0319 02       		.byte	2
 821 031a DD       		.byte	-35
 822 031b 22       		.byte	34
 823 031c DF       		.byte	-33
 824 031d 01       		.byte	1
 825 031e E2       		.byte	-30
 826 031f C0       		.byte	-64
 827 0320 E4       		.byte	-28
 828 0321 40       		.byte	64
 829 0322 E5       		.byte	-27
 830 0323 01       		.byte	1
 831 0324 E6       		.byte	-26
 832 0325 10       		.byte	16
 833 0326 E7       		.byte	-25
 834 0327 11       		.byte	17
 835 0328 E8       		.byte	-24
 836 0329 C0       		.byte	-64
 837 032a E9       		.byte	-23
 838 032b 01       		.byte	1
 839 032c EB       		.byte	-21
 840 032d 11       		.byte	17
 841 032e EC       		.byte	-20
 842 032f 40       		.byte	64
 843 0330 ED       		.byte	-19
 844 0331 01       		.byte	1
 845 0332 EE       		.byte	-18
 846 0333 40       		.byte	64
 847 0334 EF       		.byte	-17
 848 0335 01       		.byte	1
 849 0336 00       		.byte	0
 850 0337 10       		.byte	16
 851 0338 01       		.byte	1
 852 0339 08       		.byte	8
 853 033a 04       		.byte	4
 854 033b 10       		.byte	16
 855 033c 08       		.byte	8
ARM GAS  C:\Users\IVYLIU~1\AppData\Local\Temp\cchH7lBf.s 			page 16


 856 033d 02       		.byte	2
 857 033e 09       		.byte	9
 858 033f 08       		.byte	8
 859 0340 0D       		.byte	13
 860 0341 08       		.byte	8
 861 0342 16       		.byte	22
 862 0343 04       		.byte	4
 863 0344 17       		.byte	23
 864 0345 60       		.byte	96
 865 0346 19       		.byte	25
 866 0347 08       		.byte	8
 867 0348 1C       		.byte	28
 868 0349 30       		.byte	48
 869 034a 1E       		.byte	30
 870 034b 20       		.byte	32
 871 034c 1F       		.byte	31
 872 034d 0C       		.byte	12
 873 034e 22       		.byte	34
 874 034f 80       		.byte	-128
 875 0350 25       		.byte	37
 876 0351 40       		.byte	64
 877 0352 27       		.byte	39
 878 0353 04       		.byte	4
 879 0354 2B       		.byte	43
 880 0355 08       		.byte	8
 881 0356 2C       		.byte	44
 882 0357 2A       		.byte	42
 883 0358 2F       		.byte	47
 884 0359 40       		.byte	64
 885 035a 31       		.byte	49
 886 035b 08       		.byte	8
 887 035c 33       		.byte	51
 888 035d 40       		.byte	64
 889 035e 34       		.byte	52
 890 035f 20       		.byte	32
 891 0360 36       		.byte	54
 892 0361 02       		.byte	2
 893 0362 37       		.byte	55
 894 0363 44       		.byte	68
 895 0364 3C       		.byte	60
 896 0365 A0       		.byte	-96
 897 0366 3D       		.byte	61
 898 0367 01       		.byte	1
 899 0368 40       		.byte	64
 900 0369 26       		.byte	38
 901 036a 41       		.byte	65
 902 036b 08       		.byte	8
 903 036c 43       		.byte	67
 904 036d 40       		.byte	64
 905 036e 48       		.byte	72
 906 036f 05       		.byte	5
 907 0370 49       		.byte	73
 908 0371 04       		.byte	4
 909 0372 50       		.byte	80
 910 0373 80       		.byte	-128
 911 0374 52       		.byte	82
 912 0375 2E       		.byte	46
ARM GAS  C:\Users\IVYLIU~1\AppData\Local\Temp\cchH7lBf.s 			page 17


 913 0376 59       		.byte	89
 914 0377 04       		.byte	4
 915 0378 5A       		.byte	90
 916 0379 81       		.byte	-127
 917 037a 5B       		.byte	91
 918 037b 20       		.byte	32
 919 037c 62       		.byte	98
 920 037d 80       		.byte	-128
 921 037e 83       		.byte	-125
 922 037f 04       		.byte	4
 923 0380 89       		.byte	-119
 924 0381 08       		.byte	8
 925 0382 92       		.byte	-110
 926 0383 01       		.byte	1
 927 0384 93       		.byte	-109
 928 0385 80       		.byte	-128
 929 0386 94       		.byte	-108
 930 0387 80       		.byte	-128
 931 0388 95       		.byte	-107
 932 0389 01       		.byte	1
 933 038a 9C       		.byte	-100
 934 038b 20       		.byte	32
 935 038c 9E       		.byte	-98
 936 038d 01       		.byte	1
 937 038e 9F       		.byte	-97
 938 038f 40       		.byte	64
 939 0390 A0       		.byte	-96
 940 0391 04       		.byte	4
 941 0392 A2       		.byte	-94
 942 0393 01       		.byte	1
 943 0394 A4       		.byte	-92
 944 0395 AA       		.byte	-86
 945 0396 A6       		.byte	-90
 946 0397 30       		.byte	48
 947 0398 A7       		.byte	-89
 948 0399 08       		.byte	8
 949 039a AE       		.byte	-82
 950 039b 40       		.byte	64
 951 039c AF       		.byte	-81
 952 039d A0       		.byte	-96
 953 039e B2       		.byte	-78
 954 039f 81       		.byte	-127
 955 03a0 B3       		.byte	-77
 956 03a1 08       		.byte	8
 957 03a2 B7       		.byte	-73
 958 03a3 44       		.byte	68
 959 03a4 C0       		.byte	-64
 960 03a5 46       		.byte	70
 961 03a6 C2       		.byte	-62
 962 03a7 2C       		.byte	44
 963 03a8 C4       		.byte	-60
 964 03a9 C0       		.byte	-64
 965 03aa CA       		.byte	-54
 966 03ab F4       		.byte	-12
 967 03ac CC       		.byte	-52
 968 03ad FA       		.byte	-6
 969 03ae CE       		.byte	-50
ARM GAS  C:\Users\IVYLIU~1\AppData\Local\Temp\cchH7lBf.s 			page 18


 970 03af B0       		.byte	-80
 971 03b0 D0       		.byte	-48
 972 03b1 0E       		.byte	14
 973 03b2 D2       		.byte	-46
 974 03b3 0C       		.byte	12
 975 03b4 D6       		.byte	-42
 976 03b5 0F       		.byte	15
 977 03b6 D8       		.byte	-40
 978 03b7 08       		.byte	8
 979 03b8 E0       		.byte	-32
 980 03b9 01       		.byte	1
 981 03ba E8       		.byte	-24
 982 03bb 40       		.byte	64
 983 03bc EC       		.byte	-20
 984 03bd 60       		.byte	96
 985 03be 07       		.byte	7
 986 03bf 02       		.byte	2
 987 03c0 0D       		.byte	13
 988 03c1 01       		.byte	1
 989 03c2 10       		.byte	16
 990 03c3 01       		.byte	1
 991 03c4 13       		.byte	19
 992 03c5 01       		.byte	1
 993 03c6 15       		.byte	21
 994 03c7 01       		.byte	1
 995 03c8 19       		.byte	25
 996 03c9 01       		.byte	1
 997 03ca 1D       		.byte	29
 998 03cb 04       		.byte	4
 999 03cc 1E       		.byte	30
 1000 03cd 01       		.byte	1
 1001 03ce 21       		.byte	33
 1002 03cf 01       		.byte	1
 1003 03d0 22       		.byte	34
 1004 03d1 01       		.byte	1
 1005 03d2 24       		.byte	36
 1006 03d3 01       		.byte	1
 1007 03d4 27       		.byte	39
 1008 03d5 06       		.byte	6
 1009 03d6 28       		.byte	40
 1010 03d7 01       		.byte	1
 1011 03d8 2B       		.byte	43
 1012 03d9 06       		.byte	6
 1013 03da 2C       		.byte	44
 1014 03db 01       		.byte	1
 1015 03dc 32       		.byte	50
 1016 03dd 01       		.byte	1
 1017 03de 33       		.byte	51
 1018 03df 06       		.byte	6
 1019 03e0 35       		.byte	53
 1020 03e1 01       		.byte	1
 1021 03e2 3E       		.byte	62
 1022 03e3 04       		.byte	4
 1023 03e4 3F       		.byte	63
 1024 03e5 10       		.byte	16
 1025 03e6 54       		.byte	84
 1026 03e7 40       		.byte	64
ARM GAS  C:\Users\IVYLIU~1\AppData\Local\Temp\cchH7lBf.s 			page 19


 1027 03e8 58       		.byte	88
 1028 03e9 04       		.byte	4
 1029 03ea 59       		.byte	89
 1030 03eb 04       		.byte	4
 1031 03ec 5B       		.byte	91
 1032 03ed 04       		.byte	4
 1033 03ee 5C       		.byte	92
 1034 03ef 20       		.byte	32
 1035 03f0 5D       		.byte	93
 1036 03f1 20       		.byte	32
 1037 03f2 5F       		.byte	95
 1038 03f3 01       		.byte	1
 1039 03f4 80       		.byte	-128
 1040 03f5 01       		.byte	1
 1041 03f6 82       		.byte	-126
 1042 03f7 02       		.byte	2
 1043 03f8 84       		.byte	-124
 1044 03f9 04       		.byte	4
 1045 03fa 85       		.byte	-123
 1046 03fb 06       		.byte	6
 1047 03fc 86       		.byte	-122
 1048 03fd 18       		.byte	24
 1049 03fe 87       		.byte	-121
 1050 03ff 01       		.byte	1
 1051 0400 88       		.byte	-120
 1052 0401 10       		.byte	16
 1053 0402 8C       		.byte	-116
 1054 0403 10       		.byte	16
 1055 0404 8D       		.byte	-115
 1056 0405 05       		.byte	5
 1057 0406 8F       		.byte	-113
 1058 0407 02       		.byte	2
 1059 0408 90       		.byte	-112
 1060 0409 03       		.byte	3
 1061 040a 94       		.byte	-108
 1062 040b 1C       		.byte	28
 1063 040c 98       		.byte	-104
 1064 040d 02       		.byte	2
 1065 040e 9A       		.byte	-102
 1066 040f 01       		.byte	1
 1067 0410 9C       		.byte	-100
 1068 0411 10       		.byte	16
 1069 0412 A0       		.byte	-96
 1070 0413 10       		.byte	16
 1071 0414 A4       		.byte	-92
 1072 0415 04       		.byte	4
 1073 0416 A6       		.byte	-90
 1074 0417 18       		.byte	24
 1075 0418 AA       		.byte	-86
 1076 0419 10       		.byte	16
 1077 041a AD       		.byte	-83
 1078 041b 03       		.byte	3
 1079 041c AE       		.byte	-82
 1080 041d 0C       		.byte	12
 1081 041e AF       		.byte	-81
 1082 041f 04       		.byte	4
 1083 0420 B1       		.byte	-79
ARM GAS  C:\Users\IVYLIU~1\AppData\Local\Temp\cchH7lBf.s 			page 20


 1084 0421 07       		.byte	7
 1085 0422 B4       		.byte	-76
 1086 0423 03       		.byte	3
 1087 0424 B6       		.byte	-74
 1088 0425 1C       		.byte	28
 1089 0426 BA       		.byte	-70
 1090 0427 80       		.byte	-128
 1091 0428 BE       		.byte	-66
 1092 0429 10       		.byte	16
 1093 042a BF       		.byte	-65
 1094 042b 01       		.byte	1
 1095 042c D6       		.byte	-42
 1096 042d 02       		.byte	2
 1097 042e D7       		.byte	-41
 1098 042f 32       		.byte	50
 1099 0430 D8       		.byte	-40
 1100 0431 04       		.byte	4
 1101 0432 D9       		.byte	-39
 1102 0433 04       		.byte	4
 1103 0434 DB       		.byte	-37
 1104 0435 04       		.byte	4
 1105 0436 DC       		.byte	-36
 1106 0437 02       		.byte	2
 1107 0438 DD       		.byte	-35
 1108 0439 10       		.byte	16
 1109 043a DF       		.byte	-33
 1110 043b 01       		.byte	1
 1111 043c 05       		.byte	5
 1112 043d 14       		.byte	20
 1113 043e 06       		.byte	6
 1114 043f 81       		.byte	-127
 1115 0440 08       		.byte	8
 1116 0441 40       		.byte	64
 1117 0442 0A       		.byte	10
 1118 0443 02       		.byte	2
 1119 0444 0B       		.byte	11
 1120 0445 40       		.byte	64
 1121 0446 0C       		.byte	12
 1122 0447 40       		.byte	64
 1123 0448 0E       		.byte	14
 1124 0449 20       		.byte	32
 1125 044a 0F       		.byte	15
 1126 044b 88       		.byte	-120
 1127 044c 10       		.byte	16
 1128 044d A8       		.byte	-88
 1129 044e 12       		.byte	18
 1130 044f 81       		.byte	-127
 1131 0450 14       		.byte	20
 1132 0451 24       		.byte	36
 1133 0452 15       		.byte	21
 1134 0453 01       		.byte	1
 1135 0454 17       		.byte	23
 1136 0455 40       		.byte	64
 1137 0456 18       		.byte	24
 1138 0457 10       		.byte	16
 1139 0458 1E       		.byte	30
 1140 0459 0A       		.byte	10
ARM GAS  C:\Users\IVYLIU~1\AppData\Local\Temp\cchH7lBf.s 			page 21


 1141 045a 1F       		.byte	31
 1142 045b 60       		.byte	96
 1143 045c 20       		.byte	32
 1144 045d 08       		.byte	8
 1145 045e 21       		.byte	33
 1146 045f 04       		.byte	4
 1147 0460 23       		.byte	35
 1148 0461 08       		.byte	8
 1149 0462 27       		.byte	39
 1150 0463 80       		.byte	-128
 1151 0464 28       		.byte	40
 1152 0465 20       		.byte	32
 1153 0466 2A       		.byte	42
 1154 0467 01       		.byte	1
 1155 0468 2B       		.byte	43
 1156 0469 08       		.byte	8
 1157 046a 2E       		.byte	46
 1158 046b 80       		.byte	-128
 1159 046c 30       		.byte	48
 1160 046d 2E       		.byte	46
 1161 046e 31       		.byte	49
 1162 046f 10       		.byte	16
 1163 0470 32       		.byte	50
 1164 0471 01       		.byte	1
 1165 0472 33       		.byte	51
 1166 0473 40       		.byte	64
 1167 0474 38       		.byte	56
 1168 0475 80       		.byte	-128
 1169 0476 39       		.byte	57
 1170 0477 08       		.byte	8
 1171 0478 3B       		.byte	59
 1172 0479 40       		.byte	64
 1173 047a 3F       		.byte	63
 1174 047b 88       		.byte	-120
 1175 047c 5D       		.byte	93
 1176 047d 80       		.byte	-128
 1177 047e 5E       		.byte	94
 1178 047f 08       		.byte	8
 1179 0480 5F       		.byte	95
 1180 0481 80       		.byte	-128
 1181 0482 60       		.byte	96
 1182 0483 10       		.byte	16
 1183 0484 62       		.byte	98
 1184 0485 A0       		.byte	-96
 1185 0486 65       		.byte	101
 1186 0487 80       		.byte	-128
 1187 0488 76       		.byte	118
 1188 0489 40       		.byte	64
 1189 048a 85       		.byte	-123
 1190 048b 04       		.byte	4
 1191 048c 8D       		.byte	-115
 1192 048d 04       		.byte	4
 1193 048e 8E       		.byte	-114
 1194 048f 01       		.byte	1
 1195 0490 C0       		.byte	-64
 1196 0491 F0       		.byte	-16
 1197 0492 C2       		.byte	-62
ARM GAS  C:\Users\IVYLIU~1\AppData\Local\Temp\cchH7lBf.s 			page 22


 1198 0493 F9       		.byte	-7
 1199 0494 C4       		.byte	-60
 1200 0495 FF       		.byte	-1
 1201 0496 CA       		.byte	-54
 1202 0497 17       		.byte	23
 1203 0498 CC       		.byte	-52
 1204 0499 0F       		.byte	15
 1205 049a CE       		.byte	-50
 1206 049b 5A       		.byte	90
 1207 049c D6       		.byte	-42
 1208 049d 40       		.byte	64
 1209 049e D8       		.byte	-40
 1210 049f 1E       		.byte	30
 1211 04a0 E0       		.byte	-32
 1212 04a1 08       		.byte	8
 1213 04a2 EC       		.byte	-20
 1214 04a3 10       		.byte	16
 1215 04a4 EC       		.byte	-20
 1216 04a5 10       		.byte	16
 1217 04a6 3F       		.byte	63
 1218 04a7 40       		.byte	64
 1219 04a8 85       		.byte	-123
 1220 04a9 20       		.byte	32
 1221 04aa 8B       		.byte	-117
 1222 04ab 40       		.byte	64
 1223 04ac CE       		.byte	-50
 1224 04ad 20       		.byte	32
 1225 04ae E6       		.byte	-26
 1226 04af 40       		.byte	64
 1227 04b0 5D       		.byte	93
 1228 04b1 20       		.byte	32
 1229 04b2 99       		.byte	-103
 1230 04b3 20       		.byte	32
 1231 04b4 D6       		.byte	-42
 1232 04b5 20       		.byte	32
 1233 04b6 7C       		.byte	124
 1234 04b7 01       		.byte	1
 1235 04b8 86       		.byte	-122
 1236 04b9 40       		.byte	64
 1237 04ba DE       		.byte	-34
 1238 04bb 01       		.byte	1
 1239 04bc 06       		.byte	6
 1240 04bd 20       		.byte	32
 1241 04be 56       		.byte	86
 1242 04bf 40       		.byte	64
 1243 04c0 58       		.byte	88
 1244 04c1 08       		.byte	8
 1245 04c2 5C       		.byte	92
 1246 04c3 01       		.byte	1
 1247 04c4 5F       		.byte	95
 1248 04c5 20       		.byte	32
 1249 04c6 66       		.byte	102
 1250 04c7 84       		.byte	-124
 1251 04c8 82       		.byte	-126
 1252 04c9 04       		.byte	4
 1253 04ca 88       		.byte	-120
 1254 04cb 08       		.byte	8
ARM GAS  C:\Users\IVYLIU~1\AppData\Local\Temp\cchH7lBf.s 			page 23


 1255 04cc 94       		.byte	-108
 1256 04cd 01       		.byte	1
 1257 04ce 9A       		.byte	-102
 1258 04cf 40       		.byte	64
 1259 04d0 C0       		.byte	-64
 1260 04d1 04       		.byte	4
 1261 04d2 D4       		.byte	-44
 1262 04d3 02       		.byte	2
 1263 04d4 D6       		.byte	-42
 1264 04d5 07       		.byte	7
 1265 04d6 D8       		.byte	-40
 1266 04d7 01       		.byte	1
 1267 04d8 E0       		.byte	-32
 1268 04d9 01       		.byte	1
 1269 04da 45       		.byte	69
 1270 04db 08       		.byte	8
 1271 04dc B2       		.byte	-78
 1272 04dd 80       		.byte	-128
 1273 04de B3       		.byte	-77
 1274 04df 20       		.byte	32
 1275 04e0 B6       		.byte	-74
 1276 04e1 20       		.byte	32
 1277 04e2 D0       		.byte	-48
 1278 04e3 01       		.byte	1
 1279 04e4 EC       		.byte	-20
 1280 04e5 04       		.byte	4
 1281 04e6 EE       		.byte	-18
 1282 04e7 02       		.byte	2
 1283 04e8 A5       		.byte	-91
 1284 04e9 08       		.byte	8
 1285 04ea 25       		.byte	37
 1286 04eb 10       		.byte	16
 1287 04ec C8       		.byte	-56
 1288 04ed 20       		.byte	32
 1289 04ee B5       		.byte	-75
 1290 04ef 10       		.byte	16
 1291 04f0 A5       		.byte	-91
 1292 04f1 08       		.byte	8
 1293 04f2 B5       		.byte	-75
 1294 04f3 08       		.byte	8
 1295 04f4 EC       		.byte	-20
 1296 04f5 08       		.byte	8
 1297 04f6 00       		.byte	0
 1298 04f7 06       		.byte	6
 1299 04f8 08       		.byte	8
 1300 04f9 02       		.byte	2
 1301 04fa 0C       		.byte	12
 1302 04fb 04       		.byte	4
 1303 04fc 0E       		.byte	14
 1304 04fd 06       		.byte	6
 1305 04fe 10       		.byte	16
 1306 04ff 01       		.byte	1
 1307 0500 00       		.byte	0
 1308 0501 01       		.byte	1
 1309 0502 01       		.byte	1
 1310 0503 00       		.byte	0
 1311 0504 01       		.byte	1
ARM GAS  C:\Users\IVYLIU~1\AppData\Local\Temp\cchH7lBf.s 			page 24


 1312 0505 00       		.byte	0
 1313 0506 00       		.byte	0
 1314 0507 00       		.byte	0
 1315 0508 20       		.byte	32
 1316 0509 00       		.byte	0
 1317 050a 00       		.byte	0
 1318 050b 20       		.byte	32
 1319 050c 00       		.byte	0
 1320 050d 00       		.byte	0
 1321 050e 00       		.byte	0
 1322 050f 00       		.byte	0
 1323 0510 00       		.byte	0
 1324 0511 00       		.byte	0
 1325 0512 00       		.byte	0
 1326 0513 00       		.byte	0
 1327 0514 02       		.byte	2
 1328 0515 FC       		.byte	-4
 1329 0516 FC       		.byte	-4
 1330 0517 00       		.byte	0
 1331 0518 DC       		.byte	-36
 1332 0519 00       		.byte	0
 1333 051a 00       		.byte	0
 1334 051b 00       		.byte	0
 1335 051c 02       		.byte	2
 1336 051d 00       		.byte	0
 1337 051e 00       		.byte	0
 1338 051f 0A       		.byte	10
 1339 0520 08       		.byte	8
 1340 0521 00       		.byte	0
 1341 0522 00       		.byte	0
 1342 0523 00       		.byte	0
 1343 0524 40       		.byte	64
 1344 0525 00       		.byte	0
 1345 0526 00       		.byte	0
 1346 0527 00       		.byte	0
 1347 0528 18       		.byte	24
 1348 0529 00       		.byte	0
 1349 052a 18       		.byte	24
 1350 052b 01       		.byte	1
 1351              		.section	.cywolatch,"a",%progbits
 1352              		.type	cy_meta_wonvl, %object
 1353              		.size	cy_meta_wonvl, 4
 1354              	cy_meta_wonvl:
 1355 0000 BC       		.byte	-68
 1356 0001 90       		.byte	-112
 1357 0002 AC       		.byte	-84
 1358 0003 AF       		.byte	-81
 1359              		.section	.cycustnvl,"a",%progbits
 1360              		.type	cy_meta_custnvl, %object
 1361              		.size	cy_meta_custnvl, 4
 1362              	cy_meta_custnvl:
 1363 0000 00       		.byte	0
 1364 0001 00       		.byte	0
 1365 0002 40       		.byte	64
 1366 0003 05       		.byte	5
 1367              		.section	.cymeta,"a",%progbits
 1368              		.type	cy_metadata, %object
ARM GAS  C:\Users\IVYLIU~1\AppData\Local\Temp\cchH7lBf.s 			page 25


 1369              		.size	cy_metadata, 12
 1370              	cy_metadata:
 1371 0000 00       		.byte	0
 1372 0001 01       		.byte	1
 1373 0002 2E       		.byte	46
 1374 0003 12       		.byte	18
 1375 0004 30       		.byte	48
 1376 0005 69       		.byte	105
 1377 0006 00       		.byte	0
 1378 0007 01       		.byte	1
 1379 0008 00       		.byte	0
 1380 0009 00       		.byte	0
 1381 000a 00       		.byte	0
 1382 000b 00       		.byte	0
 1383              		.section	.cyflashprotect,"a",%progbits
 1384              		.type	cy_meta_flashprotect, %object
 1385              		.size	cy_meta_flashprotect, 256
 1386              	cy_meta_flashprotect:
 1387 0000 00000000 		.space	256
 1387      00000000 
 1387      00000000 
 1387      00000000 
 1387      00000000 
 1388              		.text
 1389              	.Letext0:
 1390              		.file 1 ".\\Generated_Source\\PSoC5\\cymetadata.c"
 1391              		.file 2 ".\\Generated_Source\\PSoC5\\cytypes.h"
 1392              		.section	.debug_info,"",%progbits
 1393              	.Ldebug_info0:
 1394 0000 38010000 		.4byte	0x138
 1395 0004 0400     		.2byte	0x4
 1396 0006 00000000 		.4byte	.Ldebug_abbrev0
 1397 000a 04       		.byte	0x4
 1398 000b 01       		.uleb128 0x1
 1399 000c 46000000 		.4byte	.LASF18
 1400 0010 01       		.byte	0x1
 1401 0011 00000000 		.4byte	.LASF19
 1402 0015 3A010000 		.4byte	.LASF20
 1403 0019 00000000 		.4byte	.Ldebug_line0
 1404 001d 02       		.uleb128 0x2
 1405 001e 01       		.byte	0x1
 1406 001f 06       		.byte	0x6
 1407 0020 F8010000 		.4byte	.LASF0
 1408 0024 02       		.uleb128 0x2
 1409 0025 01       		.byte	0x1
 1410 0026 08       		.byte	0x8
 1411 0027 38000000 		.4byte	.LASF1
 1412 002b 02       		.uleb128 0x2
 1413 002c 02       		.byte	0x2
 1414 002d 05       		.byte	0x5
 1415 002e DF010000 		.4byte	.LASF2
 1416 0032 02       		.uleb128 0x2
 1417 0033 02       		.byte	0x2
 1418 0034 07       		.byte	0x7
 1419 0035 F1000000 		.4byte	.LASF3
 1420 0039 02       		.uleb128 0x2
 1421 003a 04       		.byte	0x4
ARM GAS  C:\Users\IVYLIU~1\AppData\Local\Temp\cchH7lBf.s 			page 26


 1422 003b 05       		.byte	0x5
 1423 003c EF010000 		.4byte	.LASF4
 1424 0040 02       		.uleb128 0x2
 1425 0041 04       		.byte	0x4
 1426 0042 07       		.byte	0x7
 1427 0043 DF000000 		.4byte	.LASF5
 1428 0047 02       		.uleb128 0x2
 1429 0048 08       		.byte	0x8
 1430 0049 05       		.byte	0x5
 1431 004a CC010000 		.4byte	.LASF6
 1432 004e 02       		.uleb128 0x2
 1433 004f 08       		.byte	0x8
 1434 0050 07       		.byte	0x7
 1435 0051 89010000 		.4byte	.LASF7
 1436 0055 03       		.uleb128 0x3
 1437 0056 04       		.byte	0x4
 1438 0057 05       		.byte	0x5
 1439 0058 696E7400 		.ascii	"int\000"
 1440 005c 02       		.uleb128 0x2
 1441 005d 04       		.byte	0x4
 1442 005e 07       		.byte	0x7
 1443 005f 2D010000 		.4byte	.LASF8
 1444 0063 04       		.uleb128 0x4
 1445 0064 E9010000 		.4byte	.LASF21
 1446 0068 02       		.byte	0x2
 1447 0069 9201     		.2byte	0x192
 1448 006b 24000000 		.4byte	0x24
 1449 006f 02       		.uleb128 0x2
 1450 0070 04       		.byte	0x4
 1451 0071 04       		.byte	0x4
 1452 0072 32000000 		.4byte	.LASF9
 1453 0076 02       		.uleb128 0x2
 1454 0077 08       		.byte	0x8
 1455 0078 04       		.byte	0x4
 1456 0079 04010000 		.4byte	.LASF10
 1457 007d 02       		.uleb128 0x2
 1458 007e 01       		.byte	0x1
 1459 007f 08       		.byte	0x8
 1460 0080 DA010000 		.4byte	.LASF11
 1461 0084 05       		.uleb128 0x5
 1462 0085 63000000 		.4byte	0x63
 1463 0089 95000000 		.4byte	0x95
 1464 008d 06       		.uleb128 0x6
 1465 008e 95000000 		.4byte	0x95
 1466 0092 2B05     		.2byte	0x52b
 1467 0094 00       		.byte	0
 1468 0095 02       		.uleb128 0x2
 1469 0096 04       		.byte	0x4
 1470 0097 07       		.byte	0x7
 1471 0098 C3010000 		.4byte	.LASF12
 1472 009c 07       		.uleb128 0x7
 1473 009d 1B010000 		.4byte	.LASF13
 1474 00a1 01       		.byte	0x1
 1475 00a2 1F       		.byte	0x1f
 1476 00a3 AD000000 		.4byte	0xad
 1477 00a7 05       		.uleb128 0x5
 1478 00a8 03       		.byte	0x3
ARM GAS  C:\Users\IVYLIU~1\AppData\Local\Temp\cchH7lBf.s 			page 27


 1479 00a9 00000000 		.4byte	cy_meta_configecc
 1480 00ad 08       		.uleb128 0x8
 1481 00ae 84000000 		.4byte	0x84
 1482 00b2 05       		.uleb128 0x5
 1483 00b3 63000000 		.4byte	0x63
 1484 00b7 C2000000 		.4byte	0xc2
 1485 00bb 09       		.uleb128 0x9
 1486 00bc 95000000 		.4byte	0x95
 1487 00c0 03       		.byte	0x3
 1488 00c1 00       		.byte	0
 1489 00c2 07       		.uleb128 0x7
 1490 00c3 0B010000 		.4byte	.LASF14
 1491 00c7 01       		.byte	0x1
 1492 00c8 D2       		.byte	0xd2
 1493 00c9 D3000000 		.4byte	0xd3
 1494 00cd 05       		.uleb128 0x5
 1495 00ce 03       		.byte	0x3
 1496 00cf 00000000 		.4byte	cy_meta_custnvl
 1497 00d3 08       		.uleb128 0x8
 1498 00d4 B2000000 		.4byte	0xb2
 1499 00d8 07       		.uleb128 0x7
 1500 00d9 B5010000 		.4byte	.LASF15
 1501 00dd 01       		.byte	0x1
 1502 00de E0       		.byte	0xe0
 1503 00df E9000000 		.4byte	0xe9
 1504 00e3 05       		.uleb128 0x5
 1505 00e4 03       		.byte	0x3
 1506 00e5 00000000 		.4byte	cy_meta_wonvl
 1507 00e9 08       		.uleb128 0x8
 1508 00ea B2000000 		.4byte	0xb2
 1509 00ee 05       		.uleb128 0x5
 1510 00ef 63000000 		.4byte	0x63
 1511 00f3 FE000000 		.4byte	0xfe
 1512 00f7 09       		.uleb128 0x9
 1513 00f8 95000000 		.4byte	0x95
 1514 00fc FF       		.byte	0xff
 1515 00fd 00       		.byte	0
 1516 00fe 07       		.uleb128 0x7
 1517 00ff A0010000 		.4byte	.LASF16
 1518 0103 01       		.byte	0x1
 1519 0104 EE       		.byte	0xee
 1520 0105 0F010000 		.4byte	0x10f
 1521 0109 05       		.uleb128 0x5
 1522 010a 03       		.byte	0x3
 1523 010b 00000000 		.4byte	cy_meta_flashprotect
 1524 010f 08       		.uleb128 0x8
 1525 0110 EE000000 		.4byte	0xee
 1526 0114 05       		.uleb128 0x5
 1527 0115 63000000 		.4byte	0x63
 1528 0119 24010000 		.4byte	0x124
 1529 011d 09       		.uleb128 0x9
 1530 011e 95000000 		.4byte	0x95
 1531 0122 0B       		.byte	0xb
 1532 0123 00       		.byte	0
 1533 0124 0A       		.uleb128 0xa
 1534 0125 26000000 		.4byte	.LASF17
 1535 0129 01       		.byte	0x1
ARM GAS  C:\Users\IVYLIU~1\AppData\Local\Temp\cchH7lBf.s 			page 28


 1536 012a 1B01     		.2byte	0x11b
 1537 012c 36010000 		.4byte	0x136
 1538 0130 05       		.uleb128 0x5
 1539 0131 03       		.byte	0x3
 1540 0132 00000000 		.4byte	cy_metadata
 1541 0136 08       		.uleb128 0x8
 1542 0137 14010000 		.4byte	0x114
 1543 013b 00       		.byte	0
 1544              		.section	.debug_abbrev,"",%progbits
 1545              	.Ldebug_abbrev0:
 1546 0000 01       		.uleb128 0x1
 1547 0001 11       		.uleb128 0x11
 1548 0002 01       		.byte	0x1
 1549 0003 25       		.uleb128 0x25
 1550 0004 0E       		.uleb128 0xe
 1551 0005 13       		.uleb128 0x13
 1552 0006 0B       		.uleb128 0xb
 1553 0007 03       		.uleb128 0x3
 1554 0008 0E       		.uleb128 0xe
 1555 0009 1B       		.uleb128 0x1b
 1556 000a 0E       		.uleb128 0xe
 1557 000b 10       		.uleb128 0x10
 1558 000c 17       		.uleb128 0x17
 1559 000d 00       		.byte	0
 1560 000e 00       		.byte	0
 1561 000f 02       		.uleb128 0x2
 1562 0010 24       		.uleb128 0x24
 1563 0011 00       		.byte	0
 1564 0012 0B       		.uleb128 0xb
 1565 0013 0B       		.uleb128 0xb
 1566 0014 3E       		.uleb128 0x3e
 1567 0015 0B       		.uleb128 0xb
 1568 0016 03       		.uleb128 0x3
 1569 0017 0E       		.uleb128 0xe
 1570 0018 00       		.byte	0
 1571 0019 00       		.byte	0
 1572 001a 03       		.uleb128 0x3
 1573 001b 24       		.uleb128 0x24
 1574 001c 00       		.byte	0
 1575 001d 0B       		.uleb128 0xb
 1576 001e 0B       		.uleb128 0xb
 1577 001f 3E       		.uleb128 0x3e
 1578 0020 0B       		.uleb128 0xb
 1579 0021 03       		.uleb128 0x3
 1580 0022 08       		.uleb128 0x8
 1581 0023 00       		.byte	0
 1582 0024 00       		.byte	0
 1583 0025 04       		.uleb128 0x4
 1584 0026 16       		.uleb128 0x16
 1585 0027 00       		.byte	0
 1586 0028 03       		.uleb128 0x3
 1587 0029 0E       		.uleb128 0xe
 1588 002a 3A       		.uleb128 0x3a
 1589 002b 0B       		.uleb128 0xb
 1590 002c 3B       		.uleb128 0x3b
 1591 002d 05       		.uleb128 0x5
 1592 002e 49       		.uleb128 0x49
ARM GAS  C:\Users\IVYLIU~1\AppData\Local\Temp\cchH7lBf.s 			page 29


 1593 002f 13       		.uleb128 0x13
 1594 0030 00       		.byte	0
 1595 0031 00       		.byte	0
 1596 0032 05       		.uleb128 0x5
 1597 0033 01       		.uleb128 0x1
 1598 0034 01       		.byte	0x1
 1599 0035 49       		.uleb128 0x49
 1600 0036 13       		.uleb128 0x13
 1601 0037 01       		.uleb128 0x1
 1602 0038 13       		.uleb128 0x13
 1603 0039 00       		.byte	0
 1604 003a 00       		.byte	0
 1605 003b 06       		.uleb128 0x6
 1606 003c 21       		.uleb128 0x21
 1607 003d 00       		.byte	0
 1608 003e 49       		.uleb128 0x49
 1609 003f 13       		.uleb128 0x13
 1610 0040 2F       		.uleb128 0x2f
 1611 0041 05       		.uleb128 0x5
 1612 0042 00       		.byte	0
 1613 0043 00       		.byte	0
 1614 0044 07       		.uleb128 0x7
 1615 0045 34       		.uleb128 0x34
 1616 0046 00       		.byte	0
 1617 0047 03       		.uleb128 0x3
 1618 0048 0E       		.uleb128 0xe
 1619 0049 3A       		.uleb128 0x3a
 1620 004a 0B       		.uleb128 0xb
 1621 004b 3B       		.uleb128 0x3b
 1622 004c 0B       		.uleb128 0xb
 1623 004d 49       		.uleb128 0x49
 1624 004e 13       		.uleb128 0x13
 1625 004f 3F       		.uleb128 0x3f
 1626 0050 19       		.uleb128 0x19
 1627 0051 02       		.uleb128 0x2
 1628 0052 18       		.uleb128 0x18
 1629 0053 00       		.byte	0
 1630 0054 00       		.byte	0
 1631 0055 08       		.uleb128 0x8
 1632 0056 26       		.uleb128 0x26
 1633 0057 00       		.byte	0
 1634 0058 49       		.uleb128 0x49
 1635 0059 13       		.uleb128 0x13
 1636 005a 00       		.byte	0
 1637 005b 00       		.byte	0
 1638 005c 09       		.uleb128 0x9
 1639 005d 21       		.uleb128 0x21
 1640 005e 00       		.byte	0
 1641 005f 49       		.uleb128 0x49
 1642 0060 13       		.uleb128 0x13
 1643 0061 2F       		.uleb128 0x2f
 1644 0062 0B       		.uleb128 0xb
 1645 0063 00       		.byte	0
 1646 0064 00       		.byte	0
 1647 0065 0A       		.uleb128 0xa
 1648 0066 34       		.uleb128 0x34
 1649 0067 00       		.byte	0
ARM GAS  C:\Users\IVYLIU~1\AppData\Local\Temp\cchH7lBf.s 			page 30


 1650 0068 03       		.uleb128 0x3
 1651 0069 0E       		.uleb128 0xe
 1652 006a 3A       		.uleb128 0x3a
 1653 006b 0B       		.uleb128 0xb
 1654 006c 3B       		.uleb128 0x3b
 1655 006d 05       		.uleb128 0x5
 1656 006e 49       		.uleb128 0x49
 1657 006f 13       		.uleb128 0x13
 1658 0070 3F       		.uleb128 0x3f
 1659 0071 19       		.uleb128 0x19
 1660 0072 02       		.uleb128 0x2
 1661 0073 18       		.uleb128 0x18
 1662 0074 00       		.byte	0
 1663 0075 00       		.byte	0
 1664 0076 00       		.byte	0
 1665              		.section	.debug_aranges,"",%progbits
 1666 0000 14000000 		.4byte	0x14
 1667 0004 0200     		.2byte	0x2
 1668 0006 00000000 		.4byte	.Ldebug_info0
 1669 000a 04       		.byte	0x4
 1670 000b 00       		.byte	0
 1671 000c 0000     		.2byte	0
 1672 000e 0000     		.2byte	0
 1673 0010 00000000 		.4byte	0
 1674 0014 00000000 		.4byte	0
 1675              		.section	.debug_line,"",%progbits
 1676              	.Ldebug_line0:
 1677 0000 4F000000 		.section	.debug_str,"MS",%progbits,1
 1677      02004900 
 1677      00000201 
 1677      FB0E0D00 
 1677      01010101 
 1678              	.LASF19:
 1679 0000 2E5C4765 		.ascii	".\\Generated_Source\\PSoC5\\cymetadata.c\000"
 1679      6E657261 
 1679      7465645F 
 1679      536F7572 
 1679      63655C50 
 1680              	.LASF17:
 1681 0026 63795F6D 		.ascii	"cy_metadata\000"
 1681      65746164 
 1681      61746100 
 1682              	.LASF9:
 1683 0032 666C6F61 		.ascii	"float\000"
 1683      7400
 1684              	.LASF1:
 1685 0038 756E7369 		.ascii	"unsigned char\000"
 1685      676E6564 
 1685      20636861 
 1685      7200
 1686              	.LASF18:
 1687 0046 474E5520 		.ascii	"GNU C 4.9.3 20150303 (release) [ARM/embedded-4_9-br"
 1687      4320342E 
 1687      392E3320 
 1687      32303135 
 1687      30333033 
 1688 0079 616E6368 		.ascii	"anch revision 221220] -mcpu=cortex-m3 -mthumb -g -O"
ARM GAS  C:\Users\IVYLIU~1\AppData\Local\Temp\cchH7lBf.s 			page 31


 1688      20726576 
 1688      6973696F 
 1688      6E203232 
 1688      31323230 
 1689 00ac 73202D73 		.ascii	"s -std=gnu99 -ffunction-sections -ffat-lto-objects\000"
 1689      74643D67 
 1689      6E753939 
 1689      202D6666 
 1689      756E6374 
 1690              	.LASF5:
 1691 00df 6C6F6E67 		.ascii	"long unsigned int\000"
 1691      20756E73 
 1691      69676E65 
 1691      6420696E 
 1691      7400
 1692              	.LASF3:
 1693 00f1 73686F72 		.ascii	"short unsigned int\000"
 1693      7420756E 
 1693      7369676E 
 1693      65642069 
 1693      6E7400
 1694              	.LASF10:
 1695 0104 646F7562 		.ascii	"double\000"
 1695      6C6500
 1696              	.LASF14:
 1697 010b 63795F6D 		.ascii	"cy_meta_custnvl\000"
 1697      6574615F 
 1697      63757374 
 1697      6E766C00 
 1698              	.LASF13:
 1699 011b 63795F6D 		.ascii	"cy_meta_configecc\000"
 1699      6574615F 
 1699      636F6E66 
 1699      69676563 
 1699      6300
 1700              	.LASF8:
 1701 012d 756E7369 		.ascii	"unsigned int\000"
 1701      676E6564 
 1701      20696E74 
 1701      00
 1702              	.LASF20:
 1703 013a 5C5C766D 		.ascii	"\\\\vmware-host\\Shared Folders\\Documents\\PSoC Cr"
 1703      77617265 
 1703      2D686F73 
 1703      745C5368 
 1703      61726564 
 1704 0168 6561746F 		.ascii	"eator\\FinalProject\\FinalV2.cydsn\000"
 1704      725C4669 
 1704      6E616C50 
 1704      726F6A65 
 1704      63745C46 
 1705              	.LASF7:
 1706 0189 6C6F6E67 		.ascii	"long long unsigned int\000"
 1706      206C6F6E 
 1706      6720756E 
 1706      7369676E 
 1706      65642069 
ARM GAS  C:\Users\IVYLIU~1\AppData\Local\Temp\cchH7lBf.s 			page 32


 1707              	.LASF16:
 1708 01a0 63795F6D 		.ascii	"cy_meta_flashprotect\000"
 1708      6574615F 
 1708      666C6173 
 1708      6870726F 
 1708      74656374 
 1709              	.LASF15:
 1710 01b5 63795F6D 		.ascii	"cy_meta_wonvl\000"
 1710      6574615F 
 1710      776F6E76 
 1710      6C00
 1711              	.LASF12:
 1712 01c3 73697A65 		.ascii	"sizetype\000"
 1712      74797065 
 1712      00
 1713              	.LASF6:
 1714 01cc 6C6F6E67 		.ascii	"long long int\000"
 1714      206C6F6E 
 1714      6720696E 
 1714      7400
 1715              	.LASF11:
 1716 01da 63686172 		.ascii	"char\000"
 1716      00
 1717              	.LASF2:
 1718 01df 73686F72 		.ascii	"short int\000"
 1718      7420696E 
 1718      7400
 1719              	.LASF21:
 1720 01e9 75696E74 		.ascii	"uint8\000"
 1720      3800
 1721              	.LASF4:
 1722 01ef 6C6F6E67 		.ascii	"long int\000"
 1722      20696E74 
 1722      00
 1723              	.LASF0:
 1724 01f8 7369676E 		.ascii	"signed char\000"
 1724      65642063 
 1724      68617200 
 1725              		.ident	"GCC: (GNU Tools for ARM Embedded Processors) 4.9.3 20150303 (release) [ARM/embedded-4_9-br
