ARM GAS  C:\Users\IVYLIU~1\AppData\Local\Temp\ccR2dic2.s 			page 1


   1              		.syntax unified
   2              		.cpu cortex-m3
   3              		.fpu softvfp
   4              		.eabi_attribute 20, 1
   5              		.eabi_attribute 21, 1
   6              		.eabi_attribute 23, 3
   7              		.eabi_attribute 24, 1
   8              		.eabi_attribute 25, 1
   9              		.eabi_attribute 26, 1
  10              		.eabi_attribute 30, 4
  11              		.eabi_attribute 34, 1
  12              		.eabi_attribute 18, 4
  13              		.thumb
  14              		.file	"NP_DMA_dma.c"
  15              		.text
  16              	.Ltext0:
  17              		.cfi_sections	.debug_frame
  18              		.section	.text.NP_DMA_DmaInitialize,"ax",%progbits
  19              		.align	1
  20              		.global	NP_DMA_DmaInitialize
  21              		.thumb
  22              		.thumb_func
  23              		.type	NP_DMA_DmaInitialize, %function
  24              	NP_DMA_DmaInitialize:
  25              	.LFB0:
  26              		.file 1 ".\\Generated_Source\\PSoC5\\NP_DMA_dma.c"
   1:.\Generated_Source\PSoC5/NP_DMA_dma.c **** /***************************************************************************
   2:.\Generated_Source\PSoC5/NP_DMA_dma.c **** * File Name: NP_DMA_dma.c  
   3:.\Generated_Source\PSoC5/NP_DMA_dma.c **** * Version 1.70
   4:.\Generated_Source\PSoC5/NP_DMA_dma.c **** *
   5:.\Generated_Source\PSoC5/NP_DMA_dma.c **** *  Description:
   6:.\Generated_Source\PSoC5/NP_DMA_dma.c **** *   Provides an API for the DMAC component. The API includes functions
   7:.\Generated_Source\PSoC5/NP_DMA_dma.c **** *   for the DMA controller, DMA channels and Transfer Descriptors.
   8:.\Generated_Source\PSoC5/NP_DMA_dma.c **** *
   9:.\Generated_Source\PSoC5/NP_DMA_dma.c **** *
  10:.\Generated_Source\PSoC5/NP_DMA_dma.c **** *   Note:
  11:.\Generated_Source\PSoC5/NP_DMA_dma.c **** *     This module requires the developer to finish or fill in the auto
  12:.\Generated_Source\PSoC5/NP_DMA_dma.c **** *     generated funcions and setup the dma channel and TD's.
  13:.\Generated_Source\PSoC5/NP_DMA_dma.c **** *
  14:.\Generated_Source\PSoC5/NP_DMA_dma.c **** ********************************************************************************
  15:.\Generated_Source\PSoC5/NP_DMA_dma.c **** * Copyright 2008-2010, Cypress Semiconductor Corporation.  All rights reserved.
  16:.\Generated_Source\PSoC5/NP_DMA_dma.c **** * You may use this file only in accordance with the license, terms, conditions, 
  17:.\Generated_Source\PSoC5/NP_DMA_dma.c **** * disclaimers, and limitations in the end user license agreement accompanying 
  18:.\Generated_Source\PSoC5/NP_DMA_dma.c **** * the software package with which this file was provided.
  19:.\Generated_Source\PSoC5/NP_DMA_dma.c **** ********************************************************************************/
  20:.\Generated_Source\PSoC5/NP_DMA_dma.c **** #include <CYLIB.H>
  21:.\Generated_Source\PSoC5/NP_DMA_dma.c **** #include <CYDMAC.H>
  22:.\Generated_Source\PSoC5/NP_DMA_dma.c **** #include <NP_DMA_dma.H>
  23:.\Generated_Source\PSoC5/NP_DMA_dma.c **** 
  24:.\Generated_Source\PSoC5/NP_DMA_dma.c **** 
  25:.\Generated_Source\PSoC5/NP_DMA_dma.c **** 
  26:.\Generated_Source\PSoC5/NP_DMA_dma.c **** /****************************************************************************
  27:.\Generated_Source\PSoC5/NP_DMA_dma.c **** * 
  28:.\Generated_Source\PSoC5/NP_DMA_dma.c **** * The following defines are available in Cyfitter.h
  29:.\Generated_Source\PSoC5/NP_DMA_dma.c **** * 
  30:.\Generated_Source\PSoC5/NP_DMA_dma.c **** * 
  31:.\Generated_Source\PSoC5/NP_DMA_dma.c **** * 
ARM GAS  C:\Users\IVYLIU~1\AppData\Local\Temp\ccR2dic2.s 			page 2


  32:.\Generated_Source\PSoC5/NP_DMA_dma.c **** * NP_DMA__DRQ_CTL_REG
  33:.\Generated_Source\PSoC5/NP_DMA_dma.c **** * 
  34:.\Generated_Source\PSoC5/NP_DMA_dma.c **** * 
  35:.\Generated_Source\PSoC5/NP_DMA_dma.c **** * NP_DMA__DRQ_NUMBER
  36:.\Generated_Source\PSoC5/NP_DMA_dma.c **** * 
  37:.\Generated_Source\PSoC5/NP_DMA_dma.c **** * Number of TD's used by this channel.
  38:.\Generated_Source\PSoC5/NP_DMA_dma.c **** * NP_DMA__NUMBEROF_TDS
  39:.\Generated_Source\PSoC5/NP_DMA_dma.c **** * 
  40:.\Generated_Source\PSoC5/NP_DMA_dma.c **** * Priority of this channel.
  41:.\Generated_Source\PSoC5/NP_DMA_dma.c **** * NP_DMA__PRIORITY
  42:.\Generated_Source\PSoC5/NP_DMA_dma.c **** * 
  43:.\Generated_Source\PSoC5/NP_DMA_dma.c **** * True if NP_DMA_TERMIN_SEL is used.
  44:.\Generated_Source\PSoC5/NP_DMA_dma.c **** * NP_DMA__TERMIN_EN
  45:.\Generated_Source\PSoC5/NP_DMA_dma.c **** * 
  46:.\Generated_Source\PSoC5/NP_DMA_dma.c **** * TERMIN interrupt line to signal terminate.
  47:.\Generated_Source\PSoC5/NP_DMA_dma.c **** * NP_DMA__TERMIN_SEL
  48:.\Generated_Source\PSoC5/NP_DMA_dma.c **** * 
  49:.\Generated_Source\PSoC5/NP_DMA_dma.c **** * 
  50:.\Generated_Source\PSoC5/NP_DMA_dma.c **** * True if NP_DMA_TERMOUT0_SEL is used.
  51:.\Generated_Source\PSoC5/NP_DMA_dma.c **** * NP_DMA__TERMOUT0_EN
  52:.\Generated_Source\PSoC5/NP_DMA_dma.c **** * 
  53:.\Generated_Source\PSoC5/NP_DMA_dma.c **** * 
  54:.\Generated_Source\PSoC5/NP_DMA_dma.c **** * TERMOUT0 interrupt line to signal completion.
  55:.\Generated_Source\PSoC5/NP_DMA_dma.c **** * NP_DMA__TERMOUT0_SEL
  56:.\Generated_Source\PSoC5/NP_DMA_dma.c **** * 
  57:.\Generated_Source\PSoC5/NP_DMA_dma.c **** * 
  58:.\Generated_Source\PSoC5/NP_DMA_dma.c **** * True if NP_DMA_TERMOUT1_SEL is used.
  59:.\Generated_Source\PSoC5/NP_DMA_dma.c **** * NP_DMA__TERMOUT1_EN
  60:.\Generated_Source\PSoC5/NP_DMA_dma.c **** * 
  61:.\Generated_Source\PSoC5/NP_DMA_dma.c **** * 
  62:.\Generated_Source\PSoC5/NP_DMA_dma.c **** * TERMOUT1 interrupt line to signal completion.
  63:.\Generated_Source\PSoC5/NP_DMA_dma.c **** * NP_DMA__TERMOUT1_SEL
  64:.\Generated_Source\PSoC5/NP_DMA_dma.c **** * 
  65:.\Generated_Source\PSoC5/NP_DMA_dma.c **** ****************************************************************************/
  66:.\Generated_Source\PSoC5/NP_DMA_dma.c **** 
  67:.\Generated_Source\PSoC5/NP_DMA_dma.c **** 
  68:.\Generated_Source\PSoC5/NP_DMA_dma.c **** /* Zero based index of NP_DMA dma channel */
  69:.\Generated_Source\PSoC5/NP_DMA_dma.c **** uint8 NP_DMA_DmaHandle = DMA_INVALID_CHANNEL;
  70:.\Generated_Source\PSoC5/NP_DMA_dma.c **** 
  71:.\Generated_Source\PSoC5/NP_DMA_dma.c **** /*********************************************************************
  72:.\Generated_Source\PSoC5/NP_DMA_dma.c **** * Function Name: uint8 NP_DMA_DmaInitalize
  73:.\Generated_Source\PSoC5/NP_DMA_dma.c **** **********************************************************************
  74:.\Generated_Source\PSoC5/NP_DMA_dma.c **** * Summary:
  75:.\Generated_Source\PSoC5/NP_DMA_dma.c **** *   Allocates and initialises a channel of the DMAC to be used by the
  76:.\Generated_Source\PSoC5/NP_DMA_dma.c **** *   caller.
  77:.\Generated_Source\PSoC5/NP_DMA_dma.c **** *
  78:.\Generated_Source\PSoC5/NP_DMA_dma.c **** * Parameters:
  79:.\Generated_Source\PSoC5/NP_DMA_dma.c **** *   BurstCount.
  80:.\Generated_Source\PSoC5/NP_DMA_dma.c **** *       
  81:.\Generated_Source\PSoC5/NP_DMA_dma.c **** *       
  82:.\Generated_Source\PSoC5/NP_DMA_dma.c **** *   ReqestPerBurst.
  83:.\Generated_Source\PSoC5/NP_DMA_dma.c **** *       
  84:.\Generated_Source\PSoC5/NP_DMA_dma.c **** *       
  85:.\Generated_Source\PSoC5/NP_DMA_dma.c **** *   UpperSrcAddress.
  86:.\Generated_Source\PSoC5/NP_DMA_dma.c **** *       
  87:.\Generated_Source\PSoC5/NP_DMA_dma.c **** *       
  88:.\Generated_Source\PSoC5/NP_DMA_dma.c **** *   UpperDestAddress.
ARM GAS  C:\Users\IVYLIU~1\AppData\Local\Temp\ccR2dic2.s 			page 3


  89:.\Generated_Source\PSoC5/NP_DMA_dma.c **** *       
  90:.\Generated_Source\PSoC5/NP_DMA_dma.c **** *
  91:.\Generated_Source\PSoC5/NP_DMA_dma.c **** * Return:
  92:.\Generated_Source\PSoC5/NP_DMA_dma.c **** *   The channel that can be used by the caller for DMA activity.
  93:.\Generated_Source\PSoC5/NP_DMA_dma.c **** *   DMA_INVALID_CHANNEL (0xFF) if there are no channels left. 
  94:.\Generated_Source\PSoC5/NP_DMA_dma.c **** *
  95:.\Generated_Source\PSoC5/NP_DMA_dma.c **** *
  96:.\Generated_Source\PSoC5/NP_DMA_dma.c **** *******************************************************************/
  97:.\Generated_Source\PSoC5/NP_DMA_dma.c **** uint8 NP_DMA_DmaInitialize(uint8 BurstCount, uint8 ReqestPerBurst, uint16 UpperSrcAddress, uint16 U
  98:.\Generated_Source\PSoC5/NP_DMA_dma.c **** {
  27              		.loc 1 98 0
  28              		.cfi_startproc
  29              		@ args = 0, pretend = 0, frame = 0
  30              		@ frame_needed = 0, uses_anonymous_args = 0
  31              	.LVL0:
  32 0000 F7B5     		push	{r0, r1, r2, r4, r5, r6, r7, lr}
  33              		.cfi_def_cfa_offset 32
  34              		.cfi_offset 4, -20
  35              		.cfi_offset 5, -16
  36              		.cfi_offset 6, -12
  37              		.cfi_offset 7, -8
  38              		.cfi_offset 14, -4
  39              		.loc 1 98 0
  40 0002 8646     		mov	lr, r0
  41 0004 0F46     		mov	r7, r1
  42 0006 1646     		mov	r6, r2
  43 0008 1D46     		mov	r5, r3
  99:.\Generated_Source\PSoC5/NP_DMA_dma.c **** 
 100:.\Generated_Source\PSoC5/NP_DMA_dma.c ****     /* Allocate a DMA channel. */
 101:.\Generated_Source\PSoC5/NP_DMA_dma.c ****     NP_DMA_DmaHandle = (uint8)NP_DMA__DRQ_NUMBER;
  44              		.loc 1 101 0
  45 000a 0B4C     		ldr	r4, .L2
  46 000c 0020     		movs	r0, #0
  47              	.LVL1:
 102:.\Generated_Source\PSoC5/NP_DMA_dma.c **** 
 103:.\Generated_Source\PSoC5/NP_DMA_dma.c ****     /* Configure the channel. */
 104:.\Generated_Source\PSoC5/NP_DMA_dma.c ****     (void)CyDmaChSetConfiguration(NP_DMA_DmaHandle,
  48              		.loc 1 104 0
  49 000e 7146     		mov	r1, lr
  50              	.LVL2:
  51 0010 0346     		mov	r3, r0
  52              	.LVL3:
  53 0012 3A46     		mov	r2, r7
  54              	.LVL4:
  55 0014 0090     		str	r0, [sp]
  56 0016 0190     		str	r0, [sp, #4]
 101:.\Generated_Source\PSoC5/NP_DMA_dma.c **** 
  57              		.loc 1 101 0
  58 0018 2070     		strb	r0, [r4]
  59              		.loc 1 104 0
  60 001a FFF7FEFF 		bl	CyDmaChSetConfiguration
  61              	.LVL5:
 105:.\Generated_Source\PSoC5/NP_DMA_dma.c ****                                   BurstCount,
 106:.\Generated_Source\PSoC5/NP_DMA_dma.c ****                                   ReqestPerBurst,
 107:.\Generated_Source\PSoC5/NP_DMA_dma.c ****                                   (uint8)NP_DMA__TERMOUT0_SEL,
 108:.\Generated_Source\PSoC5/NP_DMA_dma.c ****                                   (uint8)NP_DMA__TERMOUT1_SEL,
 109:.\Generated_Source\PSoC5/NP_DMA_dma.c ****                                   (uint8)NP_DMA__TERMIN_SEL);
ARM GAS  C:\Users\IVYLIU~1\AppData\Local\Temp\ccR2dic2.s 			page 4


 110:.\Generated_Source\PSoC5/NP_DMA_dma.c **** 
 111:.\Generated_Source\PSoC5/NP_DMA_dma.c ****     /* Set the extended address for the transfers */
 112:.\Generated_Source\PSoC5/NP_DMA_dma.c ****     (void)CyDmaChSetExtendedAddress(NP_DMA_DmaHandle, UpperSrcAddress, UpperDestAddress);
  62              		.loc 1 112 0
  63 001e 3146     		mov	r1, r6
  64 0020 2A46     		mov	r2, r5
  65 0022 2078     		ldrb	r0, [r4]	@ zero_extendqisi2
  66 0024 FFF7FEFF 		bl	CyDmaChSetExtendedAddress
  67              	.LVL6:
 113:.\Generated_Source\PSoC5/NP_DMA_dma.c **** 
 114:.\Generated_Source\PSoC5/NP_DMA_dma.c ****     /* Set the priority for this channel */
 115:.\Generated_Source\PSoC5/NP_DMA_dma.c ****     (void)CyDmaChPriority(NP_DMA_DmaHandle, (uint8)NP_DMA__PRIORITY);
  68              		.loc 1 115 0
  69 0028 2078     		ldrb	r0, [r4]	@ zero_extendqisi2
  70 002a 0221     		movs	r1, #2
  71 002c FFF7FEFF 		bl	CyDmaChPriority
  72              	.LVL7:
 116:.\Generated_Source\PSoC5/NP_DMA_dma.c ****     
 117:.\Generated_Source\PSoC5/NP_DMA_dma.c ****     return NP_DMA_DmaHandle;
 118:.\Generated_Source\PSoC5/NP_DMA_dma.c **** }
  73              		.loc 1 118 0
  74 0030 2078     		ldrb	r0, [r4]	@ zero_extendqisi2
  75 0032 03B0     		add	sp, sp, #12
  76              		.cfi_def_cfa_offset 20
  77              		@ sp needed
  78 0034 F0BD     		pop	{r4, r5, r6, r7, pc}
  79              	.L3:
  80 0036 00BF     		.align	2
  81              	.L2:
  82 0038 00000000 		.word	.LANCHOR0
  83              		.cfi_endproc
  84              	.LFE0:
  85              		.size	NP_DMA_DmaInitialize, .-NP_DMA_DmaInitialize
  86              		.section	.text.NP_DMA_DmaRelease,"ax",%progbits
  87              		.align	1
  88              		.global	NP_DMA_DmaRelease
  89              		.thumb
  90              		.thumb_func
  91              		.type	NP_DMA_DmaRelease, %function
  92              	NP_DMA_DmaRelease:
  93              	.LFB1:
 119:.\Generated_Source\PSoC5/NP_DMA_dma.c **** 
 120:.\Generated_Source\PSoC5/NP_DMA_dma.c **** /*********************************************************************
 121:.\Generated_Source\PSoC5/NP_DMA_dma.c **** * Function Name: void NP_DMA_DmaRelease
 122:.\Generated_Source\PSoC5/NP_DMA_dma.c **** **********************************************************************
 123:.\Generated_Source\PSoC5/NP_DMA_dma.c **** * Summary:
 124:.\Generated_Source\PSoC5/NP_DMA_dma.c **** *   Frees the channel associated with NP_DMA.
 125:.\Generated_Source\PSoC5/NP_DMA_dma.c **** *
 126:.\Generated_Source\PSoC5/NP_DMA_dma.c **** *
 127:.\Generated_Source\PSoC5/NP_DMA_dma.c **** * Parameters:
 128:.\Generated_Source\PSoC5/NP_DMA_dma.c **** *   void.
 129:.\Generated_Source\PSoC5/NP_DMA_dma.c **** *
 130:.\Generated_Source\PSoC5/NP_DMA_dma.c **** *
 131:.\Generated_Source\PSoC5/NP_DMA_dma.c **** *
 132:.\Generated_Source\PSoC5/NP_DMA_dma.c **** * Return:
 133:.\Generated_Source\PSoC5/NP_DMA_dma.c **** *   void.
 134:.\Generated_Source\PSoC5/NP_DMA_dma.c **** *
ARM GAS  C:\Users\IVYLIU~1\AppData\Local\Temp\ccR2dic2.s 			page 5


 135:.\Generated_Source\PSoC5/NP_DMA_dma.c **** *******************************************************************/
 136:.\Generated_Source\PSoC5/NP_DMA_dma.c **** void NP_DMA_DmaRelease(void) 
 137:.\Generated_Source\PSoC5/NP_DMA_dma.c **** {
  94              		.loc 1 137 0
  95              		.cfi_startproc
  96              		@ args = 0, pretend = 0, frame = 0
  97              		@ frame_needed = 0, uses_anonymous_args = 0
  98              		@ link register save eliminated.
 138:.\Generated_Source\PSoC5/NP_DMA_dma.c ****     /* Disable the channel */
 139:.\Generated_Source\PSoC5/NP_DMA_dma.c ****     (void)CyDmaChDisable(NP_DMA_DmaHandle);
  99              		.loc 1 139 0
 100 0000 014B     		ldr	r3, .L5
 101 0002 1878     		ldrb	r0, [r3]	@ zero_extendqisi2
 102 0004 FFF7FEBF 		b	CyDmaChDisable
 103              	.LVL8:
 104              	.L6:
 105              		.align	2
 106              	.L5:
 107 0008 00000000 		.word	.LANCHOR0
 108              		.cfi_endproc
 109              	.LFE1:
 110              		.size	NP_DMA_DmaRelease, .-NP_DMA_DmaRelease
 111              		.global	NP_DMA_DmaHandle
 112              		.data
 113              		.set	.LANCHOR0,. + 0
 114              		.type	NP_DMA_DmaHandle, %object
 115              		.size	NP_DMA_DmaHandle, 1
 116              	NP_DMA_DmaHandle:
 117 0000 FF       		.byte	-1
 118              		.text
 119              	.Letext0:
 120              		.file 2 "Generated_Source\\PSoC5/cytypes.h"
 121              		.file 3 "Generated_Source\\PSoC5/CYDMAC.H"
 122              		.section	.debug_info,"",%progbits
 123              	.Ldebug_info0:
 124 0000 F9010000 		.4byte	0x1f9
 125 0004 0400     		.2byte	0x4
 126 0006 00000000 		.4byte	.Ldebug_abbrev0
 127 000a 04       		.byte	0x4
 128 000b 01       		.uleb128 0x1
 129 000c 90000000 		.4byte	.LASF23
 130 0010 01       		.byte	0x1
 131 0011 25020000 		.4byte	.LASF24
 132 0015 5C010000 		.4byte	.LASF25
 133 0019 00000000 		.4byte	.Ldebug_ranges0+0
 134 001d 00000000 		.4byte	0
 135 0021 00000000 		.4byte	.Ldebug_line0
 136 0025 02       		.uleb128 0x2
 137 0026 04       		.byte	0x4
 138 0027 05       		.byte	0x5
 139 0028 696E7400 		.ascii	"int\000"
 140 002c 03       		.uleb128 0x3
 141 002d 04       		.byte	0x4
 142 002e 07       		.byte	0x7
 143 002f 4F010000 		.4byte	.LASF0
 144 0033 03       		.uleb128 0x3
 145 0034 01       		.byte	0x1
ARM GAS  C:\Users\IVYLIU~1\AppData\Local\Temp\ccR2dic2.s 			page 6


 146 0035 06       		.byte	0x6
 147 0036 54020000 		.4byte	.LASF1
 148 003a 03       		.uleb128 0x3
 149 003b 01       		.byte	0x1
 150 003c 08       		.byte	0x8
 151 003d 77000000 		.4byte	.LASF2
 152 0041 03       		.uleb128 0x3
 153 0042 02       		.byte	0x2
 154 0043 05       		.byte	0x5
 155 0044 1B020000 		.4byte	.LASF3
 156 0048 03       		.uleb128 0x3
 157 0049 02       		.byte	0x2
 158 004a 07       		.byte	0x7
 159 004b 49000000 		.4byte	.LASF4
 160 004f 03       		.uleb128 0x3
 161 0050 04       		.byte	0x4
 162 0051 05       		.byte	0x5
 163 0052 4B020000 		.4byte	.LASF5
 164 0056 03       		.uleb128 0x3
 165 0057 04       		.byte	0x4
 166 0058 07       		.byte	0x7
 167 0059 29010000 		.4byte	.LASF6
 168 005d 03       		.uleb128 0x3
 169 005e 08       		.byte	0x8
 170 005f 05       		.byte	0x5
 171 0060 EE010000 		.4byte	.LASF7
 172 0064 03       		.uleb128 0x3
 173 0065 08       		.byte	0x8
 174 0066 07       		.byte	0x7
 175 0067 AB010000 		.4byte	.LASF8
 176 006b 03       		.uleb128 0x3
 177 006c 04       		.byte	0x4
 178 006d 07       		.byte	0x7
 179 006e E5010000 		.4byte	.LASF9
 180 0072 03       		.uleb128 0x3
 181 0073 01       		.byte	0x1
 182 0074 08       		.byte	0x8
 183 0075 16020000 		.4byte	.LASF10
 184 0079 04       		.uleb128 0x4
 185 007a 3B010000 		.4byte	.LASF11
 186 007e 02       		.byte	0x2
 187 007f 9201     		.2byte	0x192
 188 0081 3A000000 		.4byte	0x3a
 189 0085 04       		.uleb128 0x4
 190 0086 48010000 		.4byte	.LASF12
 191 008a 02       		.byte	0x2
 192 008b 9301     		.2byte	0x193
 193 008d 48000000 		.4byte	0x48
 194 0091 03       		.uleb128 0x3
 195 0092 04       		.byte	0x4
 196 0093 04       		.byte	0x4
 197 0094 71000000 		.4byte	.LASF13
 198 0098 03       		.uleb128 0x3
 199 0099 08       		.byte	0x8
 200 009a 04       		.byte	0x4
 201 009b 41010000 		.4byte	.LASF14
 202 009f 04       		.uleb128 0x4
ARM GAS  C:\Users\IVYLIU~1\AppData\Local\Temp\ccR2dic2.s 			page 7


 203 00a0 00000000 		.4byte	.LASF15
 204 00a4 02       		.byte	0x2
 205 00a5 3402     		.2byte	0x234
 206 00a7 56000000 		.4byte	0x56
 207 00ab 05       		.uleb128 0x5
 208 00ac 5C000000 		.4byte	.LASF26
 209 00b0 01       		.byte	0x1
 210 00b1 61       		.byte	0x61
 211 00b2 79000000 		.4byte	0x79
 212 00b6 00000000 		.4byte	.LFB0
 213 00ba 3C000000 		.4byte	.LFE0-.LFB0
 214 00be 01       		.uleb128 0x1
 215 00bf 9C       		.byte	0x9c
 216 00c0 54010000 		.4byte	0x154
 217 00c4 06       		.uleb128 0x6
 218 00c5 85000000 		.4byte	.LASF16
 219 00c9 01       		.byte	0x1
 220 00ca 61       		.byte	0x61
 221 00cb 79000000 		.4byte	0x79
 222 00cf 00000000 		.4byte	.LLST0
 223 00d3 06       		.uleb128 0x6
 224 00d4 29000000 		.4byte	.LASF17
 225 00d8 01       		.byte	0x1
 226 00d9 61       		.byte	0x61
 227 00da 79000000 		.4byte	0x79
 228 00de 21000000 		.4byte	.LLST1
 229 00e2 06       		.uleb128 0x6
 230 00e3 09000000 		.4byte	.LASF18
 231 00e7 01       		.byte	0x1
 232 00e8 61       		.byte	0x61
 233 00e9 85000000 		.4byte	0x85
 234 00ed 42000000 		.4byte	.LLST2
 235 00f1 06       		.uleb128 0x6
 236 00f2 D4010000 		.4byte	.LASF19
 237 00f6 01       		.byte	0x1
 238 00f7 61       		.byte	0x61
 239 00f8 85000000 		.4byte	0x85
 240 00fc 63000000 		.4byte	.LLST3
 241 0100 07       		.uleb128 0x7
 242 0101 1E000000 		.4byte	.LVL5
 243 0105 84010000 		.4byte	0x184
 244 0109 2A010000 		.4byte	0x12a
 245 010d 08       		.uleb128 0x8
 246 010e 01       		.uleb128 0x1
 247 010f 53       		.byte	0x53
 248 0110 01       		.uleb128 0x1
 249 0111 30       		.byte	0x30
 250 0112 08       		.uleb128 0x8
 251 0113 01       		.uleb128 0x1
 252 0114 52       		.byte	0x52
 253 0115 02       		.uleb128 0x2
 254 0116 77       		.byte	0x77
 255 0117 00       		.sleb128 0
 256 0118 08       		.uleb128 0x8
 257 0119 01       		.uleb128 0x1
 258 011a 50       		.byte	0x50
 259 011b 01       		.uleb128 0x1
ARM GAS  C:\Users\IVYLIU~1\AppData\Local\Temp\ccR2dic2.s 			page 8


 260 011c 30       		.byte	0x30
 261 011d 08       		.uleb128 0x8
 262 011e 02       		.uleb128 0x2
 263 011f 7D       		.byte	0x7d
 264 0120 04       		.sleb128 4
 265 0121 01       		.uleb128 0x1
 266 0122 30       		.byte	0x30
 267 0123 08       		.uleb128 0x8
 268 0124 02       		.uleb128 0x2
 269 0125 7D       		.byte	0x7d
 270 0126 00       		.sleb128 0
 271 0127 01       		.uleb128 0x1
 272 0128 30       		.byte	0x30
 273 0129 00       		.byte	0
 274 012a 07       		.uleb128 0x7
 275 012b 28000000 		.4byte	.LVL6
 276 012f B2010000 		.4byte	0x1b2
 277 0133 44010000 		.4byte	0x144
 278 0137 08       		.uleb128 0x8
 279 0138 01       		.uleb128 0x1
 280 0139 52       		.byte	0x52
 281 013a 02       		.uleb128 0x2
 282 013b 75       		.byte	0x75
 283 013c 00       		.sleb128 0
 284 013d 08       		.uleb128 0x8
 285 013e 01       		.uleb128 0x1
 286 013f 51       		.byte	0x51
 287 0140 02       		.uleb128 0x2
 288 0141 76       		.byte	0x76
 289 0142 00       		.sleb128 0
 290 0143 00       		.byte	0
 291 0144 09       		.uleb128 0x9
 292 0145 30000000 		.4byte	.LVL7
 293 0149 D1010000 		.4byte	0x1d1
 294 014d 08       		.uleb128 0x8
 295 014e 01       		.uleb128 0x1
 296 014f 51       		.byte	0x51
 297 0150 01       		.uleb128 0x1
 298 0151 32       		.byte	0x32
 299 0152 00       		.byte	0
 300 0153 00       		.byte	0
 301 0154 0A       		.uleb128 0xa
 302 0155 C2010000 		.4byte	.LASF27
 303 0159 01       		.byte	0x1
 304 015a 88       		.byte	0x88
 305 015b 00000000 		.4byte	.LFB1
 306 015f 0C000000 		.4byte	.LFE1-.LFB1
 307 0163 01       		.uleb128 0x1
 308 0164 9C       		.byte	0x9c
 309 0165 73010000 		.4byte	0x173
 310 0169 0B       		.uleb128 0xb
 311 016a 08000000 		.4byte	.LVL8
 312 016e EB010000 		.4byte	0x1eb
 313 0172 00       		.byte	0
 314 0173 0C       		.uleb128 0xc
 315 0174 38000000 		.4byte	.LASF28
 316 0178 01       		.byte	0x1
ARM GAS  C:\Users\IVYLIU~1\AppData\Local\Temp\ccR2dic2.s 			page 9


 317 0179 45       		.byte	0x45
 318 017a 79000000 		.4byte	0x79
 319 017e 05       		.uleb128 0x5
 320 017f 03       		.byte	0x3
 321 0180 00000000 		.4byte	NP_DMA_DmaHandle
 322 0184 0D       		.uleb128 0xd
 323 0185 6F020000 		.4byte	.LASF20
 324 0189 03       		.byte	0x3
 325 018a 33       		.byte	0x33
 326 018b 9F000000 		.4byte	0x9f
 327 018f B2010000 		.4byte	0x1b2
 328 0193 0E       		.uleb128 0xe
 329 0194 79000000 		.4byte	0x79
 330 0198 0E       		.uleb128 0xe
 331 0199 79000000 		.4byte	0x79
 332 019d 0E       		.uleb128 0xe
 333 019e 79000000 		.4byte	0x79
 334 01a2 0E       		.uleb128 0xe
 335 01a3 79000000 		.4byte	0x79
 336 01a7 0E       		.uleb128 0xe
 337 01a8 79000000 		.4byte	0x79
 338 01ac 0E       		.uleb128 0xe
 339 01ad 79000000 		.4byte	0x79
 340 01b1 00       		.byte	0
 341 01b2 0D       		.uleb128 0xd
 342 01b3 FC010000 		.4byte	.LASF21
 343 01b7 03       		.byte	0x3
 344 01b8 2D       		.byte	0x2d
 345 01b9 9F000000 		.4byte	0x9f
 346 01bd D1010000 		.4byte	0x1d1
 347 01c1 0E       		.uleb128 0xe
 348 01c2 79000000 		.4byte	0x79
 349 01c6 0E       		.uleb128 0xe
 350 01c7 85000000 		.4byte	0x85
 351 01cb 0E       		.uleb128 0xe
 352 01cc 85000000 		.4byte	0x85
 353 01d0 00       		.byte	0
 354 01d1 0D       		.uleb128 0xd
 355 01d2 19000000 		.4byte	.LASF22
 356 01d6 03       		.byte	0x3
 357 01d7 2C       		.byte	0x2c
 358 01d8 9F000000 		.4byte	0x9f
 359 01dc EB010000 		.4byte	0x1eb
 360 01e0 0E       		.uleb128 0xe
 361 01e1 79000000 		.4byte	0x79
 362 01e5 0E       		.uleb128 0xe
 363 01e6 79000000 		.4byte	0x79
 364 01ea 00       		.byte	0
 365 01eb 0F       		.uleb128 0xf
 366 01ec 60020000 		.4byte	.LASF29
 367 01f0 03       		.byte	0x3
 368 01f1 2A       		.byte	0x2a
 369 01f2 9F000000 		.4byte	0x9f
 370 01f6 0E       		.uleb128 0xe
 371 01f7 79000000 		.4byte	0x79
 372 01fb 00       		.byte	0
 373 01fc 00       		.byte	0
ARM GAS  C:\Users\IVYLIU~1\AppData\Local\Temp\ccR2dic2.s 			page 10


 374              		.section	.debug_abbrev,"",%progbits
 375              	.Ldebug_abbrev0:
 376 0000 01       		.uleb128 0x1
 377 0001 11       		.uleb128 0x11
 378 0002 01       		.byte	0x1
 379 0003 25       		.uleb128 0x25
 380 0004 0E       		.uleb128 0xe
 381 0005 13       		.uleb128 0x13
 382 0006 0B       		.uleb128 0xb
 383 0007 03       		.uleb128 0x3
 384 0008 0E       		.uleb128 0xe
 385 0009 1B       		.uleb128 0x1b
 386 000a 0E       		.uleb128 0xe
 387 000b 55       		.uleb128 0x55
 388 000c 17       		.uleb128 0x17
 389 000d 11       		.uleb128 0x11
 390 000e 01       		.uleb128 0x1
 391 000f 10       		.uleb128 0x10
 392 0010 17       		.uleb128 0x17
 393 0011 00       		.byte	0
 394 0012 00       		.byte	0
 395 0013 02       		.uleb128 0x2
 396 0014 24       		.uleb128 0x24
 397 0015 00       		.byte	0
 398 0016 0B       		.uleb128 0xb
 399 0017 0B       		.uleb128 0xb
 400 0018 3E       		.uleb128 0x3e
 401 0019 0B       		.uleb128 0xb
 402 001a 03       		.uleb128 0x3
 403 001b 08       		.uleb128 0x8
 404 001c 00       		.byte	0
 405 001d 00       		.byte	0
 406 001e 03       		.uleb128 0x3
 407 001f 24       		.uleb128 0x24
 408 0020 00       		.byte	0
 409 0021 0B       		.uleb128 0xb
 410 0022 0B       		.uleb128 0xb
 411 0023 3E       		.uleb128 0x3e
 412 0024 0B       		.uleb128 0xb
 413 0025 03       		.uleb128 0x3
 414 0026 0E       		.uleb128 0xe
 415 0027 00       		.byte	0
 416 0028 00       		.byte	0
 417 0029 04       		.uleb128 0x4
 418 002a 16       		.uleb128 0x16
 419 002b 00       		.byte	0
 420 002c 03       		.uleb128 0x3
 421 002d 0E       		.uleb128 0xe
 422 002e 3A       		.uleb128 0x3a
 423 002f 0B       		.uleb128 0xb
 424 0030 3B       		.uleb128 0x3b
 425 0031 05       		.uleb128 0x5
 426 0032 49       		.uleb128 0x49
 427 0033 13       		.uleb128 0x13
 428 0034 00       		.byte	0
 429 0035 00       		.byte	0
 430 0036 05       		.uleb128 0x5
ARM GAS  C:\Users\IVYLIU~1\AppData\Local\Temp\ccR2dic2.s 			page 11


 431 0037 2E       		.uleb128 0x2e
 432 0038 01       		.byte	0x1
 433 0039 3F       		.uleb128 0x3f
 434 003a 19       		.uleb128 0x19
 435 003b 03       		.uleb128 0x3
 436 003c 0E       		.uleb128 0xe
 437 003d 3A       		.uleb128 0x3a
 438 003e 0B       		.uleb128 0xb
 439 003f 3B       		.uleb128 0x3b
 440 0040 0B       		.uleb128 0xb
 441 0041 27       		.uleb128 0x27
 442 0042 19       		.uleb128 0x19
 443 0043 49       		.uleb128 0x49
 444 0044 13       		.uleb128 0x13
 445 0045 11       		.uleb128 0x11
 446 0046 01       		.uleb128 0x1
 447 0047 12       		.uleb128 0x12
 448 0048 06       		.uleb128 0x6
 449 0049 40       		.uleb128 0x40
 450 004a 18       		.uleb128 0x18
 451 004b 9742     		.uleb128 0x2117
 452 004d 19       		.uleb128 0x19
 453 004e 01       		.uleb128 0x1
 454 004f 13       		.uleb128 0x13
 455 0050 00       		.byte	0
 456 0051 00       		.byte	0
 457 0052 06       		.uleb128 0x6
 458 0053 05       		.uleb128 0x5
 459 0054 00       		.byte	0
 460 0055 03       		.uleb128 0x3
 461 0056 0E       		.uleb128 0xe
 462 0057 3A       		.uleb128 0x3a
 463 0058 0B       		.uleb128 0xb
 464 0059 3B       		.uleb128 0x3b
 465 005a 0B       		.uleb128 0xb
 466 005b 49       		.uleb128 0x49
 467 005c 13       		.uleb128 0x13
 468 005d 02       		.uleb128 0x2
 469 005e 17       		.uleb128 0x17
 470 005f 00       		.byte	0
 471 0060 00       		.byte	0
 472 0061 07       		.uleb128 0x7
 473 0062 898201   		.uleb128 0x4109
 474 0065 01       		.byte	0x1
 475 0066 11       		.uleb128 0x11
 476 0067 01       		.uleb128 0x1
 477 0068 31       		.uleb128 0x31
 478 0069 13       		.uleb128 0x13
 479 006a 01       		.uleb128 0x1
 480 006b 13       		.uleb128 0x13
 481 006c 00       		.byte	0
 482 006d 00       		.byte	0
 483 006e 08       		.uleb128 0x8
 484 006f 8A8201   		.uleb128 0x410a
 485 0072 00       		.byte	0
 486 0073 02       		.uleb128 0x2
 487 0074 18       		.uleb128 0x18
ARM GAS  C:\Users\IVYLIU~1\AppData\Local\Temp\ccR2dic2.s 			page 12


 488 0075 9142     		.uleb128 0x2111
 489 0077 18       		.uleb128 0x18
 490 0078 00       		.byte	0
 491 0079 00       		.byte	0
 492 007a 09       		.uleb128 0x9
 493 007b 898201   		.uleb128 0x4109
 494 007e 01       		.byte	0x1
 495 007f 11       		.uleb128 0x11
 496 0080 01       		.uleb128 0x1
 497 0081 31       		.uleb128 0x31
 498 0082 13       		.uleb128 0x13
 499 0083 00       		.byte	0
 500 0084 00       		.byte	0
 501 0085 0A       		.uleb128 0xa
 502 0086 2E       		.uleb128 0x2e
 503 0087 01       		.byte	0x1
 504 0088 3F       		.uleb128 0x3f
 505 0089 19       		.uleb128 0x19
 506 008a 03       		.uleb128 0x3
 507 008b 0E       		.uleb128 0xe
 508 008c 3A       		.uleb128 0x3a
 509 008d 0B       		.uleb128 0xb
 510 008e 3B       		.uleb128 0x3b
 511 008f 0B       		.uleb128 0xb
 512 0090 27       		.uleb128 0x27
 513 0091 19       		.uleb128 0x19
 514 0092 11       		.uleb128 0x11
 515 0093 01       		.uleb128 0x1
 516 0094 12       		.uleb128 0x12
 517 0095 06       		.uleb128 0x6
 518 0096 40       		.uleb128 0x40
 519 0097 18       		.uleb128 0x18
 520 0098 9742     		.uleb128 0x2117
 521 009a 19       		.uleb128 0x19
 522 009b 01       		.uleb128 0x1
 523 009c 13       		.uleb128 0x13
 524 009d 00       		.byte	0
 525 009e 00       		.byte	0
 526 009f 0B       		.uleb128 0xb
 527 00a0 898201   		.uleb128 0x4109
 528 00a3 00       		.byte	0
 529 00a4 11       		.uleb128 0x11
 530 00a5 01       		.uleb128 0x1
 531 00a6 9542     		.uleb128 0x2115
 532 00a8 19       		.uleb128 0x19
 533 00a9 31       		.uleb128 0x31
 534 00aa 13       		.uleb128 0x13
 535 00ab 00       		.byte	0
 536 00ac 00       		.byte	0
 537 00ad 0C       		.uleb128 0xc
 538 00ae 34       		.uleb128 0x34
 539 00af 00       		.byte	0
 540 00b0 03       		.uleb128 0x3
 541 00b1 0E       		.uleb128 0xe
 542 00b2 3A       		.uleb128 0x3a
 543 00b3 0B       		.uleb128 0xb
 544 00b4 3B       		.uleb128 0x3b
ARM GAS  C:\Users\IVYLIU~1\AppData\Local\Temp\ccR2dic2.s 			page 13


 545 00b5 0B       		.uleb128 0xb
 546 00b6 49       		.uleb128 0x49
 547 00b7 13       		.uleb128 0x13
 548 00b8 3F       		.uleb128 0x3f
 549 00b9 19       		.uleb128 0x19
 550 00ba 02       		.uleb128 0x2
 551 00bb 18       		.uleb128 0x18
 552 00bc 00       		.byte	0
 553 00bd 00       		.byte	0
 554 00be 0D       		.uleb128 0xd
 555 00bf 2E       		.uleb128 0x2e
 556 00c0 01       		.byte	0x1
 557 00c1 3F       		.uleb128 0x3f
 558 00c2 19       		.uleb128 0x19
 559 00c3 03       		.uleb128 0x3
 560 00c4 0E       		.uleb128 0xe
 561 00c5 3A       		.uleb128 0x3a
 562 00c6 0B       		.uleb128 0xb
 563 00c7 3B       		.uleb128 0x3b
 564 00c8 0B       		.uleb128 0xb
 565 00c9 27       		.uleb128 0x27
 566 00ca 19       		.uleb128 0x19
 567 00cb 49       		.uleb128 0x49
 568 00cc 13       		.uleb128 0x13
 569 00cd 3C       		.uleb128 0x3c
 570 00ce 19       		.uleb128 0x19
 571 00cf 01       		.uleb128 0x1
 572 00d0 13       		.uleb128 0x13
 573 00d1 00       		.byte	0
 574 00d2 00       		.byte	0
 575 00d3 0E       		.uleb128 0xe
 576 00d4 05       		.uleb128 0x5
 577 00d5 00       		.byte	0
 578 00d6 49       		.uleb128 0x49
 579 00d7 13       		.uleb128 0x13
 580 00d8 00       		.byte	0
 581 00d9 00       		.byte	0
 582 00da 0F       		.uleb128 0xf
 583 00db 2E       		.uleb128 0x2e
 584 00dc 01       		.byte	0x1
 585 00dd 3F       		.uleb128 0x3f
 586 00de 19       		.uleb128 0x19
 587 00df 03       		.uleb128 0x3
 588 00e0 0E       		.uleb128 0xe
 589 00e1 3A       		.uleb128 0x3a
 590 00e2 0B       		.uleb128 0xb
 591 00e3 3B       		.uleb128 0x3b
 592 00e4 0B       		.uleb128 0xb
 593 00e5 27       		.uleb128 0x27
 594 00e6 19       		.uleb128 0x19
 595 00e7 49       		.uleb128 0x49
 596 00e8 13       		.uleb128 0x13
 597 00e9 3C       		.uleb128 0x3c
 598 00ea 19       		.uleb128 0x19
 599 00eb 00       		.byte	0
 600 00ec 00       		.byte	0
 601 00ed 00       		.byte	0
ARM GAS  C:\Users\IVYLIU~1\AppData\Local\Temp\ccR2dic2.s 			page 14


 602              		.section	.debug_loc,"",%progbits
 603              	.Ldebug_loc0:
 604              	.LLST0:
 605 0000 00000000 		.4byte	.LVL0
 606 0004 0E000000 		.4byte	.LVL1
 607 0008 0100     		.2byte	0x1
 608 000a 50       		.byte	0x50
 609 000b 0E000000 		.4byte	.LVL1
 610 000f 3C000000 		.4byte	.LFE0
 611 0013 0400     		.2byte	0x4
 612 0015 F3       		.byte	0xf3
 613 0016 01       		.uleb128 0x1
 614 0017 50       		.byte	0x50
 615 0018 9F       		.byte	0x9f
 616 0019 00000000 		.4byte	0
 617 001d 00000000 		.4byte	0
 618              	.LLST1:
 619 0021 00000000 		.4byte	.LVL0
 620 0025 10000000 		.4byte	.LVL2
 621 0029 0100     		.2byte	0x1
 622 002b 51       		.byte	0x51
 623 002c 10000000 		.4byte	.LVL2
 624 0030 3C000000 		.4byte	.LFE0
 625 0034 0400     		.2byte	0x4
 626 0036 F3       		.byte	0xf3
 627 0037 01       		.uleb128 0x1
 628 0038 51       		.byte	0x51
 629 0039 9F       		.byte	0x9f
 630 003a 00000000 		.4byte	0
 631 003e 00000000 		.4byte	0
 632              	.LLST2:
 633 0042 00000000 		.4byte	.LVL0
 634 0046 14000000 		.4byte	.LVL4
 635 004a 0100     		.2byte	0x1
 636 004c 52       		.byte	0x52
 637 004d 14000000 		.4byte	.LVL4
 638 0051 3C000000 		.4byte	.LFE0
 639 0055 0400     		.2byte	0x4
 640 0057 F3       		.byte	0xf3
 641 0058 01       		.uleb128 0x1
 642 0059 52       		.byte	0x52
 643 005a 9F       		.byte	0x9f
 644 005b 00000000 		.4byte	0
 645 005f 00000000 		.4byte	0
 646              	.LLST3:
 647 0063 00000000 		.4byte	.LVL0
 648 0067 12000000 		.4byte	.LVL3
 649 006b 0100     		.2byte	0x1
 650 006d 53       		.byte	0x53
 651 006e 12000000 		.4byte	.LVL3
 652 0072 3C000000 		.4byte	.LFE0
 653 0076 0400     		.2byte	0x4
 654 0078 F3       		.byte	0xf3
 655 0079 01       		.uleb128 0x1
 656 007a 53       		.byte	0x53
 657 007b 9F       		.byte	0x9f
 658 007c 00000000 		.4byte	0
ARM GAS  C:\Users\IVYLIU~1\AppData\Local\Temp\ccR2dic2.s 			page 15


 659 0080 00000000 		.4byte	0
 660              		.section	.debug_aranges,"",%progbits
 661 0000 24000000 		.4byte	0x24
 662 0004 0200     		.2byte	0x2
 663 0006 00000000 		.4byte	.Ldebug_info0
 664 000a 04       		.byte	0x4
 665 000b 00       		.byte	0
 666 000c 0000     		.2byte	0
 667 000e 0000     		.2byte	0
 668 0010 00000000 		.4byte	.LFB0
 669 0014 3C000000 		.4byte	.LFE0-.LFB0
 670 0018 00000000 		.4byte	.LFB1
 671 001c 0C000000 		.4byte	.LFE1-.LFB1
 672 0020 00000000 		.4byte	0
 673 0024 00000000 		.4byte	0
 674              		.section	.debug_ranges,"",%progbits
 675              	.Ldebug_ranges0:
 676 0000 00000000 		.4byte	.LFB0
 677 0004 3C000000 		.4byte	.LFE0
 678 0008 00000000 		.4byte	.LFB1
 679 000c 0C000000 		.4byte	.LFE1
 680 0010 00000000 		.4byte	0
 681 0014 00000000 		.4byte	0
 682              		.section	.debug_line,"",%progbits
 683              	.Ldebug_line0:
 684 0000 9B000000 		.section	.debug_str,"MS",%progbits,1
 684      02006C00 
 684      00000201 
 684      FB0E0D00 
 684      01010101 
 685              	.LASF15:
 686 0000 63797374 		.ascii	"cystatus\000"
 686      61747573 
 686      00
 687              	.LASF18:
 688 0009 55707065 		.ascii	"UpperSrcAddress\000"
 688      72537263 
 688      41646472 
 688      65737300 
 689              	.LASF22:
 690 0019 4379446D 		.ascii	"CyDmaChPriority\000"
 690      61436850 
 690      72696F72 
 690      69747900 
 691              	.LASF17:
 692 0029 52657165 		.ascii	"ReqestPerBurst\000"
 692      73745065 
 692      72427572 
 692      737400
 693              	.LASF28:
 694 0038 4E505F44 		.ascii	"NP_DMA_DmaHandle\000"
 694      4D415F44 
 694      6D614861 
 694      6E646C65 
 694      00
 695              	.LASF4:
 696 0049 73686F72 		.ascii	"short unsigned int\000"
ARM GAS  C:\Users\IVYLIU~1\AppData\Local\Temp\ccR2dic2.s 			page 16


 696      7420756E 
 696      7369676E 
 696      65642069 
 696      6E7400
 697              	.LASF26:
 698 005c 4E505F44 		.ascii	"NP_DMA_DmaInitialize\000"
 698      4D415F44 
 698      6D61496E 
 698      69746961 
 698      6C697A65 
 699              	.LASF13:
 700 0071 666C6F61 		.ascii	"float\000"
 700      7400
 701              	.LASF2:
 702 0077 756E7369 		.ascii	"unsigned char\000"
 702      676E6564 
 702      20636861 
 702      7200
 703              	.LASF16:
 704 0085 42757273 		.ascii	"BurstCount\000"
 704      74436F75 
 704      6E7400
 705              	.LASF23:
 706 0090 474E5520 		.ascii	"GNU C 4.9.3 20150303 (release) [ARM/embedded-4_9-br"
 706      4320342E 
 706      392E3320 
 706      32303135 
 706      30333033 
 707 00c3 616E6368 		.ascii	"anch revision 221220] -mcpu=cortex-m3 -mthumb -g -O"
 707      20726576 
 707      6973696F 
 707      6E203232 
 707      31323230 
 708 00f6 73202D73 		.ascii	"s -std=gnu99 -ffunction-sections -ffat-lto-objects\000"
 708      74643D67 
 708      6E753939 
 708      202D6666 
 708      756E6374 
 709              	.LASF6:
 710 0129 6C6F6E67 		.ascii	"long unsigned int\000"
 710      20756E73 
 710      69676E65 
 710      6420696E 
 710      7400
 711              	.LASF11:
 712 013b 75696E74 		.ascii	"uint8\000"
 712      3800
 713              	.LASF14:
 714 0141 646F7562 		.ascii	"double\000"
 714      6C6500
 715              	.LASF12:
 716 0148 75696E74 		.ascii	"uint16\000"
 716      313600
 717              	.LASF0:
 718 014f 756E7369 		.ascii	"unsigned int\000"
 718      676E6564 
 718      20696E74 
ARM GAS  C:\Users\IVYLIU~1\AppData\Local\Temp\ccR2dic2.s 			page 17


 718      00
 719              	.LASF25:
 720 015c 5C5C766D 		.ascii	"\\\\vmware-host\\Shared Folders\\Documents\\PSoC Cr"
 720      77617265 
 720      2D686F73 
 720      745C5368 
 720      61726564 
 721 018a 6561746F 		.ascii	"eator\\FinalProject\\FinalV2.cydsn\000"
 721      725C4669 
 721      6E616C50 
 721      726F6A65 
 721      63745C46 
 722              	.LASF8:
 723 01ab 6C6F6E67 		.ascii	"long long unsigned int\000"
 723      206C6F6E 
 723      6720756E 
 723      7369676E 
 723      65642069 
 724              	.LASF27:
 725 01c2 4E505F44 		.ascii	"NP_DMA_DmaRelease\000"
 725      4D415F44 
 725      6D615265 
 725      6C656173 
 725      6500
 726              	.LASF19:
 727 01d4 55707065 		.ascii	"UpperDestAddress\000"
 727      72446573 
 727      74416464 
 727      72657373 
 727      00
 728              	.LASF9:
 729 01e5 73697A65 		.ascii	"sizetype\000"
 729      74797065 
 729      00
 730              	.LASF7:
 731 01ee 6C6F6E67 		.ascii	"long long int\000"
 731      206C6F6E 
 731      6720696E 
 731      7400
 732              	.LASF21:
 733 01fc 4379446D 		.ascii	"CyDmaChSetExtendedAddress\000"
 733      61436853 
 733      65744578 
 733      74656E64 
 733      65644164 
 734              	.LASF10:
 735 0216 63686172 		.ascii	"char\000"
 735      00
 736              	.LASF3:
 737 021b 73686F72 		.ascii	"short int\000"
 737      7420696E 
 737      7400
 738              	.LASF24:
 739 0225 2E5C4765 		.ascii	".\\Generated_Source\\PSoC5\\NP_DMA_dma.c\000"
 739      6E657261 
 739      7465645F 
 739      536F7572 
ARM GAS  C:\Users\IVYLIU~1\AppData\Local\Temp\ccR2dic2.s 			page 18


 739      63655C50 
 740              	.LASF5:
 741 024b 6C6F6E67 		.ascii	"long int\000"
 741      20696E74 
 741      00
 742              	.LASF1:
 743 0254 7369676E 		.ascii	"signed char\000"
 743      65642063 
 743      68617200 
 744              	.LASF29:
 745 0260 4379446D 		.ascii	"CyDmaChDisable\000"
 745      61436844 
 745      69736162 
 745      6C6500
 746              	.LASF20:
 747 026f 4379446D 		.ascii	"CyDmaChSetConfiguration\000"
 747      61436853 
 747      6574436F 
 747      6E666967 
 747      75726174 
 748              		.ident	"GCC: (GNU Tools for ARM Embedded Processors) 4.9.3 20150303 (release) [ARM/embedded-4_9-br
