ARM GAS  C:\Users\IVYLIU~1\AppData\Local\Temp\ccGNVt9y.s 			page 1


   1              		.syntax unified
   2              		.cpu cortex-m3
   3              		.fpu softvfp
   4              		.eabi_attribute 20, 1
   5              		.eabi_attribute 21, 1
   6              		.eabi_attribute 23, 3
   7              		.eabi_attribute 24, 1
   8              		.eabi_attribute 25, 1
   9              		.eabi_attribute 26, 1
  10              		.eabi_attribute 30, 4
  11              		.eabi_attribute 34, 1
  12              		.eabi_attribute 18, 4
  13              		.thumb
  14              		.file	"NP_funcs.c"
  15              		.text
  16              	.Ltext0:
  17              		.cfi_sections	.debug_frame
  18              		.global	__aeabi_ddiv
  19              		.global	__aeabi_dcmpgt
  20              		.global	__aeabi_d2uiz
  21              		.section	.text.NP_Start,"ax",%progbits
  22              		.align	1
  23              		.global	NP_Start
  24              		.thumb
  25              		.thumb_func
  26              		.type	NP_Start, %function
  27              	NP_Start:
  28              	.LFB0:
  29              		.file 1 ".\\Generated_Source\\PSoC5\\NP_funcs.c"
   1:.\Generated_Source\PSoC5/NP_funcs.c **** /* ========================================
   2:.\Generated_Source\PSoC5/NP_funcs.c ****  *
   3:.\Generated_Source\PSoC5/NP_funcs.c ****  * API function definitions for NeoPixel
   4:.\Generated_Source\PSoC5/NP_funcs.c ****  * PSOC5 driver component.
   5:.\Generated_Source\PSoC5/NP_funcs.c ****  * 
   6:.\Generated_Source\PSoC5/NP_funcs.c ****  * Nick Burns (PolyVinalDistillate)
   7:.\Generated_Source\PSoC5/NP_funcs.c ****  *
   8:.\Generated_Source\PSoC5/NP_funcs.c ****  * ========================================
   9:.\Generated_Source\PSoC5/NP_funcs.c **** */
  10:.\Generated_Source\PSoC5/NP_funcs.c **** #include "NP_funcs.h"
  11:.\Generated_Source\PSoC5/NP_funcs.c **** 
  12:.\Generated_Source\PSoC5/NP_funcs.c **** volatile void* NP_Start(unsigned int nNumberOfNeopixels, void* pBuffer, double fSpeedMHz)
  13:.\Generated_Source\PSoC5/NP_funcs.c **** {
  30              		.loc 1 13 0
  31              		.cfi_startproc
  32              		@ args = 0, pretend = 0, frame = 8
  33              		@ frame_needed = 0, uses_anonymous_args = 0
  34              	.LVL0:
  35 0000 2DE9F74F 		push	{r0, r1, r2, r4, r5, r6, r7, r8, r9, r10, fp, lr}
  36              		.cfi_def_cfa_offset 48
  37              		.cfi_offset 4, -36
  38              		.cfi_offset 5, -32
  39              		.cfi_offset 6, -28
  40              		.cfi_offset 7, -24
  41              		.cfi_offset 8, -20
  42              		.cfi_offset 9, -16
  43              		.cfi_offset 10, -12
  44              		.cfi_offset 11, -8
ARM GAS  C:\Users\IVYLIU~1\AppData\Local\Temp\ccGNVt9y.s 			page 2


  45              		.cfi_offset 14, -4
  14:.\Generated_Source\PSoC5/NP_funcs.c ****     //work out cycles required at specified clock speed...
  15:.\Generated_Source\PSoC5/NP_funcs.c ****     NP_g_pFrameBuffer = NULL;
  46              		.loc 1 15 0
  47 0004 3C4D     		ldr	r5, .L8+24
  13:.\Generated_Source\PSoC5/NP_funcs.c ****     //work out cycles required at specified clock speed...
  48              		.loc 1 13 0
  49 0006 8246     		mov	r10, r0
  50 0008 8B46     		mov	fp, r1
  51              		.loc 1 15 0
  52 000a 0024     		movs	r4, #0
  16:.\Generated_Source\PSoC5/NP_funcs.c ****     if((1.25/(1.0/(fSpeedMHz))) > 255) return NULL;
  53              		.loc 1 16 0
  54 000c 0020     		movs	r0, #0
  55              	.LVL1:
  56 000e 3B49     		ldr	r1, .L8+28
  57              	.LVL2:
  15:.\Generated_Source\PSoC5/NP_funcs.c ****     if((1.25/(1.0/(fSpeedMHz))) > 255) return NULL;
  58              		.loc 1 15 0
  59 0010 2C60     		str	r4, [r5]
  60              		.loc 1 16 0
  61 0012 FFF7FEFF 		bl	__aeabi_ddiv
  62              	.LVL3:
  63 0016 0646     		mov	r6, r0
  64 0018 0F46     		mov	r7, r1
  65 001a 3246     		mov	r2, r6
  66 001c 3B46     		mov	r3, r7
  67 001e 0020     		movs	r0, #0
  68 0020 3749     		ldr	r1, .L8+32
  69 0022 FFF7FEFF 		bl	__aeabi_ddiv
  70              	.LVL4:
  71 0026 2EA3     		adr	r3, .L8
  72 0028 D3E90023 		ldrd	r2, [r3]
  73 002c 8046     		mov	r8, r0
  74 002e 8946     		mov	r9, r1
  75 0030 FFF7FEFF 		bl	__aeabi_dcmpgt
  76              	.LVL5:
  77 0034 0190     		str	r0, [sp, #4]
  78 0036 0028     		cmp	r0, #0
  79 0038 4ED1     		bne	.L6
  17:.\Generated_Source\PSoC5/NP_funcs.c ****     
  18:.\Generated_Source\PSoC5/NP_funcs.c ****     unsigned char fCyclesTotal = (unsigned char)(1.25/(1.0/(fSpeedMHz)));
  80              		.loc 1 18 0
  81 003a 4946     		mov	r1, r9
  82 003c 4046     		mov	r0, r8
  83 003e FFF7FEFF 		bl	__aeabi_d2uiz
  84              	.LVL6:
  19:.\Generated_Source\PSoC5/NP_funcs.c ****     unsigned char fCyclesOn = (unsigned char)(0.7/(1.0/(fSpeedMHz)));
  20:.\Generated_Source\PSoC5/NP_funcs.c ****     unsigned char fCyclesOff = (unsigned char)(0.35/(1.0/(fSpeedMHz)));
  21:.\Generated_Source\PSoC5/NP_funcs.c ****     
  22:.\Generated_Source\PSoC5/NP_funcs.c ****     NP_g_nFrameBufferSize = nNumberOfNeopixels*3;
  85              		.loc 1 22 0
  86 0042 304C     		ldr	r4, .L8+36
  87 0044 0AEB4A0A 		add	r10, r10, r10, lsl #1
  88              	.LVL7:
  18:.\Generated_Source\PSoC5/NP_funcs.c ****     unsigned char fCyclesOn = (unsigned char)(0.7/(1.0/(fSpeedMHz)));
  89              		.loc 1 18 0
ARM GAS  C:\Users\IVYLIU~1\AppData\Local\Temp\ccGNVt9y.s 			page 3


  90 0048 5FFA80F8 		uxtb	r8, r0
  91              	.LVL8:
  92              		.loc 1 22 0
  93 004c C4F800A0 		str	r10, [r4]
  23:.\Generated_Source\PSoC5/NP_funcs.c ****     //Configure for 19.2 MHz operation
  24:.\Generated_Source\PSoC5/NP_funcs.c ****     NP_Neo_BITCNT_Start();        //Counts bits in a byte
  94              		.loc 1 24 0
  95 0050 FFF7FEFF 		bl	NP_Neo_BITCNT_Start
  96              	.LVL9:
  25:.\Generated_Source\PSoC5/NP_funcs.c ****     NP_Neo_ONTime_Start();        //Sets number of clocks for logic 1 pulse width
  97              		.loc 1 25 0
  98 0054 FFF7FEFF 		bl	NP_Neo_ONTime_Start
  99              	.LVL10:
  26:.\Generated_Source\PSoC5/NP_funcs.c ****     NP_Neo_OFFTime_Start();       //clocks for logic 0 pulse width
 100              		.loc 1 26 0
 101 0058 FFF7FEFF 		bl	NP_Neo_OFFTime_Start
 102              	.LVL11:
  20:.\Generated_Source\PSoC5/NP_funcs.c ****     
 103              		.loc 1 20 0
 104 005c 22A1     		adr	r1, .L8+8
 105 005e D1E90001 		ldrd	r0, [r1]
  27:.\Generated_Source\PSoC5/NP_funcs.c ****     //Sets bitrate frequency in number of clocks. Must be larger than largest of above two counter 
  28:.\Generated_Source\PSoC5/NP_funcs.c ****     CY_SET_REG8(NP_Neo_DPTH_D1_PTR, fCyclesTotal);
 106              		.loc 1 28 0
 107 0062 294B     		ldr	r3, .L8+40
  20:.\Generated_Source\PSoC5/NP_funcs.c ****     
 108              		.loc 1 20 0
 109 0064 3246     		mov	r2, r6
 110              		.loc 1 28 0
 111 0066 83F80080 		strb	r8, [r3]
  20:.\Generated_Source\PSoC5/NP_funcs.c ****     
 112              		.loc 1 20 0
 113 006a 3B46     		mov	r3, r7
 114 006c FFF7FEFF 		bl	__aeabi_ddiv
 115              	.LVL12:
 116 0070 FFF7FEFF 		bl	__aeabi_d2uiz
 117              	.LVL13:
  29:.\Generated_Source\PSoC5/NP_funcs.c ****     NP_Neo_OFFTime_WritePeriod(fCyclesOff-1);
 118              		.loc 1 29 0
 119 0074 0138     		subs	r0, r0, #1
 120 0076 C0B2     		uxtb	r0, r0
 121 0078 FFF7FEFF 		bl	NP_Neo_OFFTime_WritePeriod
 122              	.LVL14:
  19:.\Generated_Source\PSoC5/NP_funcs.c ****     unsigned char fCyclesOff = (unsigned char)(0.35/(1.0/(fSpeedMHz)));
 123              		.loc 1 19 0
 124 007c 1CA1     		adr	r1, .L8+16
 125 007e D1E90001 		ldrd	r0, [r1]
 126 0082 3246     		mov	r2, r6
 127 0084 3B46     		mov	r3, r7
 128 0086 FFF7FEFF 		bl	__aeabi_ddiv
 129              	.LVL15:
 130 008a FFF7FEFF 		bl	__aeabi_d2uiz
 131              	.LVL16:
  30:.\Generated_Source\PSoC5/NP_funcs.c ****     NP_Neo_ONTime_WritePeriod(fCyclesOn-1);
 132              		.loc 1 30 0
 133 008e 0138     		subs	r0, r0, #1
 134 0090 C0B2     		uxtb	r0, r0
ARM GAS  C:\Users\IVYLIU~1\AppData\Local\Temp\ccGNVt9y.s 			page 4


 135 0092 FFF7FEFF 		bl	NP_Neo_ONTime_WritePeriod
 136              	.LVL17:
  31:.\Generated_Source\PSoC5/NP_funcs.c ****     //Setup a DMA channel
  32:.\Generated_Source\PSoC5/NP_funcs.c ****     NP_g_nDMA_Chan = NP_DMA_DmaInitialize(NP_DMA_BYTES_PER_BURST, 
 137              		.loc 1 32 0
 138 0096 0120     		movs	r0, #1
 139 0098 4FF48043 		mov	r3, #16384
 140 009c 0146     		mov	r1, r0
 141 009e 41F6FF72 		movw	r2, #8191
 142 00a2 FFF7FEFF 		bl	NP_DMA_DmaInitialize
 143              	.LVL18:
 144 00a6 194B     		ldr	r3, .L8+44
  33:.\Generated_Source\PSoC5/NP_funcs.c ****                                                         NP_DMA_REQUEST_PER_BURST, 
  34:.\Generated_Source\PSoC5/NP_funcs.c ****                                                         HI16(NP_DMA_SRC_BASE), 
  35:.\Generated_Source\PSoC5/NP_funcs.c ****                                                         HI16(NP_DMA_DST_BASE));
  36:.\Generated_Source\PSoC5/NP_funcs.c ****     
  37:.\Generated_Source\PSoC5/NP_funcs.c ****     if(pBuffer == NULL)
 145              		.loc 1 37 0
 146 00a8 DDF804C0 		ldr	ip, [sp, #4]
  32:.\Generated_Source\PSoC5/NP_funcs.c ****                                                         NP_DMA_REQUEST_PER_BURST, 
 147              		.loc 1 32 0
 148 00ac 1870     		strb	r0, [r3]
 149              		.loc 1 37 0
 150 00ae BBF1000F 		cmp	fp, #0
 151 00b2 0AD1     		bne	.L3
  38:.\Generated_Source\PSoC5/NP_funcs.c ****     {
  39:.\Generated_Source\PSoC5/NP_funcs.c ****         NP_g_pFrameBuffer = malloc(nNumberOfNeopixels*3);
 152              		.loc 1 39 0
 153 00b4 5046     		mov	r0, r10
 154 00b6 FFF7FEFF 		bl	malloc
 155              	.LVL19:
 156 00ba 2860     		str	r0, [r5]
  40:.\Generated_Source\PSoC5/NP_funcs.c ****         if(NP_g_pFrameBuffer != NULL)
 157              		.loc 1 40 0
 158 00bc 18B1     		cbz	r0, .L4
  41:.\Generated_Source\PSoC5/NP_funcs.c ****         {
  42:.\Generated_Source\PSoC5/NP_funcs.c ****             NP_g_bOwnsBuffer = 1;
 159              		.loc 1 42 0
 160 00be 144B     		ldr	r3, .L8+48
 161 00c0 0122     		movs	r2, #1
 162 00c2 1A70     		strb	r2, [r3]
 163 00c4 06E0     		b	.L5
 164              	.L4:
  43:.\Generated_Source\PSoC5/NP_funcs.c ****         }
  44:.\Generated_Source\PSoC5/NP_funcs.c ****         else
  45:.\Generated_Source\PSoC5/NP_funcs.c ****         {
  46:.\Generated_Source\PSoC5/NP_funcs.c ****             NP_g_nFrameBufferSize = 0;
 165              		.loc 1 46 0
 166 00c6 2060     		str	r0, [r4]
  47:.\Generated_Source\PSoC5/NP_funcs.c ****             return NULL;
 167              		.loc 1 47 0
 168 00c8 07E0     		b	.L2
 169              	.L3:
  48:.\Generated_Source\PSoC5/NP_funcs.c ****         }
  49:.\Generated_Source\PSoC5/NP_funcs.c ****     }
  50:.\Generated_Source\PSoC5/NP_funcs.c ****     else
  51:.\Generated_Source\PSoC5/NP_funcs.c ****     {
ARM GAS  C:\Users\IVYLIU~1\AppData\Local\Temp\ccGNVt9y.s 			page 5


  52:.\Generated_Source\PSoC5/NP_funcs.c ****         NP_g_pFrameBuffer = pBuffer;
  53:.\Generated_Source\PSoC5/NP_funcs.c ****         NP_g_bOwnsBuffer = 0;
 170              		.loc 1 53 0
 171 00ca 114B     		ldr	r3, .L8+48
  52:.\Generated_Source\PSoC5/NP_funcs.c ****         NP_g_bOwnsBuffer = 0;
 172              		.loc 1 52 0
 173 00cc C5F800B0 		str	fp, [r5]
 174              		.loc 1 53 0
 175 00d0 83F800C0 		strb	ip, [r3]
 176              	.L5:
  54:.\Generated_Source\PSoC5/NP_funcs.c ****     }
  55:.\Generated_Source\PSoC5/NP_funcs.c ****     return NP_g_pFrameBuffer;
 177              		.loc 1 55 0
 178 00d4 2868     		ldr	r0, [r5]
 179 00d6 00E0     		b	.L2
 180              	.LVL20:
 181              	.L6:
  16:.\Generated_Source\PSoC5/NP_funcs.c ****     
 182              		.loc 1 16 0
 183 00d8 2046     		mov	r0, r4
 184              	.LVL21:
 185              	.L2:
  56:.\Generated_Source\PSoC5/NP_funcs.c **** }
 186              		.loc 1 56 0
 187 00da 03B0     		add	sp, sp, #12
 188              		.cfi_def_cfa_offset 36
 189              		@ sp needed
 190 00dc BDE8F08F 		pop	{r4, r5, r6, r7, r8, r9, r10, fp, pc}
 191              	.LVL22:
 192              	.L9:
 193              		.align	3
 194              	.L8:
 195 00e0 00000000 		.word	0
 196 00e4 00E06F40 		.word	1081073664
 197 00e8 66666666 		.word	1717986918
 198 00ec 6666D63F 		.word	1071015526
 199 00f0 66666666 		.word	1717986918
 200 00f4 6666E63F 		.word	1072064102
 201 00f8 00000000 		.word	NP_g_pFrameBuffer
 202 00fc 0000F03F 		.word	1072693248
 203 0100 0000F43F 		.word	1072955392
 204 0104 00000000 		.word	NP_g_nFrameBufferSize
 205 0108 30640040 		.word	1073767472
 206 010c 00000000 		.word	NP_g_nDMA_Chan
 207 0110 00000000 		.word	NP_g_bOwnsBuffer
 208              		.cfi_endproc
 209              	.LFE0:
 210              		.size	NP_Start, .-NP_Start
 211 0114 AFF30080 		.section	.text.NP_Update,"ax",%progbits
 212              		.align	1
 213              		.global	NP_Update
 214              		.thumb
 215              		.thumb_func
 216              		.type	NP_Update, %function
 217              	NP_Update:
 218              	.LFB1:
  57:.\Generated_Source\PSoC5/NP_funcs.c **** 
ARM GAS  C:\Users\IVYLIU~1\AppData\Local\Temp\ccGNVt9y.s 			page 6


  58:.\Generated_Source\PSoC5/NP_funcs.c **** //copy frame buffer to LEDs
  59:.\Generated_Source\PSoC5/NP_funcs.c **** void NP_Update()
  60:.\Generated_Source\PSoC5/NP_funcs.c **** {
 219              		.loc 1 60 0
 220              		.cfi_startproc
 221              		@ args = 0, pretend = 0, frame = 0
 222              		@ frame_needed = 0, uses_anonymous_args = 0
 223 0000 38B5     		push	{r3, r4, r5, lr}
 224              		.cfi_def_cfa_offset 16
 225              		.cfi_offset 3, -16
 226              		.cfi_offset 4, -12
 227              		.cfi_offset 5, -8
 228              		.cfi_offset 14, -4
  61:.\Generated_Source\PSoC5/NP_funcs.c ****     if(NP_g_pFrameBuffer)
 229              		.loc 1 61 0
 230 0002 0F4D     		ldr	r5, .L12
 231 0004 2B68     		ldr	r3, [r5]
 232 0006 D3B1     		cbz	r3, .L10
  62:.\Generated_Source\PSoC5/NP_funcs.c ****     {
  63:.\Generated_Source\PSoC5/NP_funcs.c ****         NP_g_nDMA_TD = CyDmaTdAllocate();
 233              		.loc 1 63 0
 234 0008 FFF7FEFF 		bl	CyDmaTdAllocate
 235              	.LVL23:
  64:.\Generated_Source\PSoC5/NP_funcs.c ****         CyDmaTdSetConfiguration(NP_g_nDMA_TD, NP_g_nFrameBufferSize, CY_DMA_DISABLE_TD, TD_INC_SRC_
 236              		.loc 1 64 0
 237 000c 0D4B     		ldr	r3, .L12+4
  63:.\Generated_Source\PSoC5/NP_funcs.c ****         CyDmaTdSetConfiguration(NP_g_nDMA_TD, NP_g_nFrameBufferSize, CY_DMA_DISABLE_TD, TD_INC_SRC_
 238              		.loc 1 63 0
 239 000e 0E4C     		ldr	r4, .L12+8
 240              		.loc 1 64 0
 241 0010 1988     		ldrh	r1, [r3]
 242 0012 FE22     		movs	r2, #254
 243 0014 2123     		movs	r3, #33
  63:.\Generated_Source\PSoC5/NP_funcs.c ****         CyDmaTdSetConfiguration(NP_g_nDMA_TD, NP_g_nFrameBufferSize, CY_DMA_DISABLE_TD, TD_INC_SRC_
 244              		.loc 1 63 0
 245 0016 2070     		strb	r0, [r4]
 246              		.loc 1 64 0
 247 0018 FFF7FEFF 		bl	CyDmaTdSetConfiguration
 248              	.LVL24:
  65:.\Generated_Source\PSoC5/NP_funcs.c ****         CyDmaTdSetAddress(NP_g_nDMA_TD, LO16((uint32)NP_g_pFrameBuffer), LO16((uint32)NP_Neo_DPTH_F
 249              		.loc 1 65 0
 250 001c 2988     		ldrh	r1, [r5]
  66:.\Generated_Source\PSoC5/NP_funcs.c ****         CyDmaChSetInitialTd(NP_g_nDMA_Chan, NP_g_nDMA_TD);
 251              		.loc 1 66 0
 252 001e 0B4D     		ldr	r5, .L12+12
  65:.\Generated_Source\PSoC5/NP_funcs.c ****         CyDmaTdSetAddress(NP_g_nDMA_TD, LO16((uint32)NP_g_pFrameBuffer), LO16((uint32)NP_Neo_DPTH_F
 253              		.loc 1 65 0
 254 0020 2078     		ldrb	r0, [r4]	@ zero_extendqisi2
 255 0022 46F24042 		movw	r2, #25664
 256 0026 FFF7FEFF 		bl	CyDmaTdSetAddress
 257              	.LVL25:
 258              		.loc 1 66 0
 259 002a 2178     		ldrb	r1, [r4]	@ zero_extendqisi2
 260 002c 2878     		ldrb	r0, [r5]	@ zero_extendqisi2
 261 002e FFF7FEFF 		bl	CyDmaChSetInitialTd
 262              	.LVL26:
  67:.\Generated_Source\PSoC5/NP_funcs.c ****         CyDmaChEnable(NP_g_nDMA_Chan, 1);
ARM GAS  C:\Users\IVYLIU~1\AppData\Local\Temp\ccGNVt9y.s 			page 7


 263              		.loc 1 67 0
 264 0032 2878     		ldrb	r0, [r5]	@ zero_extendqisi2
 265 0034 0121     		movs	r1, #1
  68:.\Generated_Source\PSoC5/NP_funcs.c ****     }
  69:.\Generated_Source\PSoC5/NP_funcs.c **** }
 266              		.loc 1 69 0
 267 0036 BDE83840 		pop	{r3, r4, r5, lr}
 268              		.cfi_remember_state
 269              		.cfi_restore 14
 270              		.cfi_restore 5
 271              		.cfi_restore 4
 272              		.cfi_restore 3
 273              		.cfi_def_cfa_offset 0
  67:.\Generated_Source\PSoC5/NP_funcs.c ****         CyDmaChEnable(NP_g_nDMA_Chan, 1);
 274              		.loc 1 67 0
 275 003a FFF7FEBF 		b	CyDmaChEnable
 276              	.LVL27:
 277              	.L10:
 278              		.cfi_restore_state
 279 003e 38BD     		pop	{r3, r4, r5, pc}
 280              	.L13:
 281              		.align	2
 282              	.L12:
 283 0040 00000000 		.word	NP_g_pFrameBuffer
 284 0044 00000000 		.word	NP_g_nFrameBufferSize
 285 0048 00000000 		.word	NP_g_nDMA_TD
 286 004c 00000000 		.word	NP_g_nDMA_Chan
 287              		.cfi_endproc
 288              	.LFE1:
 289              		.size	NP_Update, .-NP_Update
 290              		.section	.text.NP_Stop,"ax",%progbits
 291              		.align	1
 292              		.global	NP_Stop
 293              		.thumb
 294              		.thumb_func
 295              		.type	NP_Stop, %function
 296              	NP_Stop:
 297              	.LFB2:
  70:.\Generated_Source\PSoC5/NP_funcs.c **** 
  71:.\Generated_Source\PSoC5/NP_funcs.c **** void NP_Stop()
  72:.\Generated_Source\PSoC5/NP_funcs.c **** {
 298              		.loc 1 72 0
 299              		.cfi_startproc
 300              		@ args = 0, pretend = 0, frame = 0
 301              		@ frame_needed = 0, uses_anonymous_args = 0
 302 0000 10B5     		push	{r4, lr}
 303              		.cfi_def_cfa_offset 8
 304              		.cfi_offset 4, -8
 305              		.cfi_offset 14, -4
  73:.\Generated_Source\PSoC5/NP_funcs.c ****     if(NP_g_pFrameBuffer != NULL)
 306              		.loc 1 73 0
 307 0002 0A4C     		ldr	r4, .L21
 308 0004 2368     		ldr	r3, [r4]
 309 0006 6BB1     		cbz	r3, .L16
  74:.\Generated_Source\PSoC5/NP_funcs.c ****     {
  75:.\Generated_Source\PSoC5/NP_funcs.c ****         CyDmaChFree(NP_g_nDMA_Chan);
 310              		.loc 1 75 0
ARM GAS  C:\Users\IVYLIU~1\AppData\Local\Temp\ccGNVt9y.s 			page 8


 311 0008 094B     		ldr	r3, .L21+4
 312 000a 1878     		ldrb	r0, [r3]	@ zero_extendqisi2
 313 000c FFF7FEFF 		bl	CyDmaChFree
 314              	.LVL28:
  76:.\Generated_Source\PSoC5/NP_funcs.c ****         CyDmaTdFree(NP_g_nDMA_TD);
 315              		.loc 1 76 0
 316 0010 084B     		ldr	r3, .L21+8
 317 0012 1878     		ldrb	r0, [r3]	@ zero_extendqisi2
 318 0014 FFF7FEFF 		bl	CyDmaTdFree
 319              	.LVL29:
  77:.\Generated_Source\PSoC5/NP_funcs.c ****         if(NP_g_bOwnsBuffer)
 320              		.loc 1 77 0
 321 0018 074B     		ldr	r3, .L21+12
 322 001a 1B78     		ldrb	r3, [r3]	@ zero_extendqisi2
 323 001c 13B1     		cbz	r3, .L16
  78:.\Generated_Source\PSoC5/NP_funcs.c ****             free((void*)NP_g_pFrameBuffer);
 324              		.loc 1 78 0
 325 001e 2068     		ldr	r0, [r4]
 326 0020 FFF7FEFF 		bl	free
 327              	.LVL30:
 328              	.L16:
  79:.\Generated_Source\PSoC5/NP_funcs.c ****     }
  80:.\Generated_Source\PSoC5/NP_funcs.c ****     NP_g_pFrameBuffer = NULL;
 329              		.loc 1 80 0
 330 0024 0023     		movs	r3, #0
 331 0026 2360     		str	r3, [r4]
 332 0028 10BD     		pop	{r4, pc}
 333              	.L22:
 334 002a 00BF     		.align	2
 335              	.L21:
 336 002c 00000000 		.word	NP_g_pFrameBuffer
 337 0030 00000000 		.word	NP_g_nDMA_Chan
 338 0034 00000000 		.word	NP_g_nDMA_TD
 339 0038 00000000 		.word	NP_g_bOwnsBuffer
 340              		.cfi_endproc
 341              	.LFE2:
 342              		.size	NP_Stop, .-NP_Stop
 343              		.comm	NP_g_nFrameBufferSize,4,4
 344              		.comm	NP_g_pFrameBuffer,4,4
 345              		.comm	NP_g_bOwnsBuffer,1,1
 346              		.comm	NP_g_nDMA_TD,1,1
 347              		.comm	NP_g_nDMA_Chan,1,1
 348              		.comm	NP_g_nNumberOfPixels,4,4
 349              		.text
 350              	.Letext0:
 351              		.file 2 ".\\Generated_Source\\PSoC5\\cytypes.h"
 352              		.file 3 "c:\\program files (x86)\\cypress\\psoc creator\\3.3\\psoc creator\\import\\gnu\\arm\\4.9.
 353              		.file 4 ".\\Generated_Source\\PSoC5\\NP_funcs.h"
 354              		.file 5 ".\\Generated_Source\\PSoC5\\NP_Neo_BITCNT.h"
 355              		.file 6 ".\\Generated_Source\\PSoC5\\NP_Neo_ONTime.h"
 356              		.file 7 ".\\Generated_Source\\PSoC5\\NP_Neo_OFFTime.h"
 357              		.file 8 ".\\Generated_Source\\PSoC5\\NP_DMA_DMA.h"
 358              		.file 9 "c:\\program files (x86)\\cypress\\psoc creator\\3.3\\psoc creator\\import\\gnu\\arm\\4.9.
 359              		.file 10 "Generated_Source\\PSoC5/CYDMAC.H"
 360              		.section	.debug_info,"",%progbits
 361              	.Ldebug_info0:
 362 0000 D8030000 		.4byte	0x3d8
ARM GAS  C:\Users\IVYLIU~1\AppData\Local\Temp\ccGNVt9y.s 			page 9


 363 0004 0400     		.2byte	0x4
 364 0006 00000000 		.4byte	.Ldebug_abbrev0
 365 000a 04       		.byte	0x4
 366 000b 01       		.uleb128 0x1
 367 000c 5C010000 		.4byte	.LASF46
 368 0010 01       		.byte	0x1
 369 0011 C3000000 		.4byte	.LASF47
 370 0015 58020000 		.4byte	.LASF48
 371 0019 00000000 		.4byte	.Ldebug_ranges0+0
 372 001d 00000000 		.4byte	0
 373 0021 00000000 		.4byte	.Ldebug_line0
 374 0025 02       		.uleb128 0x2
 375 0026 08       		.byte	0x8
 376 0027 04       		.byte	0x4
 377 0028 06020000 		.4byte	.LASF0
 378 002c 02       		.uleb128 0x2
 379 002d 01       		.byte	0x1
 380 002e 08       		.byte	0x8
 381 002f F1000000 		.4byte	.LASF1
 382 0033 02       		.uleb128 0x2
 383 0034 01       		.byte	0x1
 384 0035 06       		.byte	0x6
 385 0036 7F030000 		.4byte	.LASF2
 386 003a 02       		.uleb128 0x2
 387 003b 02       		.byte	0x2
 388 003c 05       		.byte	0x5
 389 003d 32030000 		.4byte	.LASF3
 390 0041 02       		.uleb128 0x2
 391 0042 02       		.byte	0x2
 392 0043 07       		.byte	0x7
 393 0044 42000000 		.4byte	.LASF4
 394 0048 02       		.uleb128 0x2
 395 0049 04       		.byte	0x4
 396 004a 05       		.byte	0x5
 397 004b 59030000 		.4byte	.LASF5
 398 004f 02       		.uleb128 0x2
 399 0050 04       		.byte	0x4
 400 0051 07       		.byte	0x7
 401 0052 2E010000 		.4byte	.LASF6
 402 0056 02       		.uleb128 0x2
 403 0057 08       		.byte	0x8
 404 0058 05       		.byte	0x5
 405 0059 EF020000 		.4byte	.LASF7
 406 005d 02       		.uleb128 0x2
 407 005e 08       		.byte	0x8
 408 005f 07       		.byte	0x7
 409 0060 A7020000 		.4byte	.LASF8
 410 0064 03       		.uleb128 0x3
 411 0065 04       		.byte	0x4
 412 0066 05       		.byte	0x5
 413 0067 696E7400 		.ascii	"int\000"
 414 006b 02       		.uleb128 0x2
 415 006c 04       		.byte	0x4
 416 006d 07       		.byte	0x7
 417 006e 4B020000 		.4byte	.LASF9
 418 0072 04       		.uleb128 0x4
 419 0073 40010000 		.4byte	.LASF10
ARM GAS  C:\Users\IVYLIU~1\AppData\Local\Temp\ccGNVt9y.s 			page 10


 420 0077 02       		.byte	0x2
 421 0078 9201     		.2byte	0x192
 422 007a 2C000000 		.4byte	0x2c
 423 007e 04       		.uleb128 0x4
 424 007f 28020000 		.4byte	.LASF11
 425 0083 02       		.byte	0x2
 426 0084 9301     		.2byte	0x193
 427 0086 41000000 		.4byte	0x41
 428 008a 04       		.uleb128 0x4
 429 008b 38020000 		.4byte	.LASF12
 430 008f 02       		.byte	0x2
 431 0090 9401     		.2byte	0x194
 432 0092 4F000000 		.4byte	0x4f
 433 0096 02       		.uleb128 0x2
 434 0097 04       		.byte	0x4
 435 0098 04       		.byte	0x4
 436 0099 BD000000 		.4byte	.LASF13
 437 009d 02       		.uleb128 0x2
 438 009e 01       		.byte	0x1
 439 009f 08       		.byte	0x8
 440 00a0 FD020000 		.4byte	.LASF14
 441 00a4 04       		.uleb128 0x4
 442 00a5 00000000 		.4byte	.LASF15
 443 00a9 02       		.byte	0x2
 444 00aa 3402     		.2byte	0x234
 445 00ac 4F000000 		.4byte	0x4f
 446 00b0 04       		.uleb128 0x4
 447 00b1 FF000000 		.4byte	.LASF16
 448 00b5 02       		.byte	0x2
 449 00b6 3C02     		.2byte	0x23c
 450 00b8 BC000000 		.4byte	0xbc
 451 00bc 05       		.uleb128 0x5
 452 00bd 72000000 		.4byte	0x72
 453 00c1 06       		.uleb128 0x6
 454 00c2 09000000 		.4byte	.LASF17
 455 00c6 03       		.byte	0x3
 456 00c7 D4       		.byte	0xd4
 457 00c8 6B000000 		.4byte	0x6b
 458 00cc 02       		.uleb128 0x2
 459 00cd 04       		.byte	0x4
 460 00ce 07       		.byte	0x7
 461 00cf E1020000 		.4byte	.LASF18
 462 00d3 07       		.uleb128 0x7
 463 00d4 04       		.byte	0x4
 464 00d5 08       		.uleb128 0x8
 465 00d6 2F020000 		.4byte	.LASF49
 466 00da 01       		.byte	0x1
 467 00db 0C       		.byte	0xc
 468 00dc AC010000 		.4byte	0x1ac
 469 00e0 00000000 		.4byte	.LFB0
 470 00e4 14010000 		.4byte	.LFE0-.LFB0
 471 00e8 01       		.uleb128 0x1
 472 00e9 9C       		.byte	0x9c
 473 00ea AC010000 		.4byte	0x1ac
 474 00ee 09       		.uleb128 0x9
 475 00ef 62030000 		.4byte	.LASF19
 476 00f3 01       		.byte	0x1
ARM GAS  C:\Users\IVYLIU~1\AppData\Local\Temp\ccGNVt9y.s 			page 11


 477 00f4 0C       		.byte	0xc
 478 00f5 6B000000 		.4byte	0x6b
 479 00f9 00000000 		.4byte	.LLST0
 480 00fd 09       		.uleb128 0x9
 481 00fe BE020000 		.4byte	.LASF20
 482 0102 01       		.byte	0x1
 483 0103 0C       		.byte	0xc
 484 0104 D3000000 		.4byte	0xd3
 485 0108 45000000 		.4byte	.LLST1
 486 010c 09       		.uleb128 0x9
 487 010d 75030000 		.4byte	.LASF21
 488 0111 01       		.byte	0x1
 489 0112 0C       		.byte	0xc
 490 0113 25000000 		.4byte	0x25
 491 0117 71000000 		.4byte	.LLST2
 492 011b 0A       		.uleb128 0xa
 493 011c 02030000 		.4byte	.LASF22
 494 0120 01       		.byte	0x1
 495 0121 12       		.byte	0x12
 496 0122 2C000000 		.4byte	0x2c
 497 0126 99000000 		.4byte	.LLST3
 498 012a 0A       		.uleb128 0xa
 499 012b 98000000 		.4byte	.LASF23
 500 012f 01       		.byte	0x1
 501 0130 13       		.byte	0x13
 502 0131 2C000000 		.4byte	0x2c
 503 0135 AC000000 		.4byte	.LLST4
 504 0139 0A       		.uleb128 0xa
 505 013a B2000000 		.4byte	.LASF24
 506 013e 01       		.byte	0x1
 507 013f 14       		.byte	0x14
 508 0140 2C000000 		.4byte	0x2c
 509 0144 D2000000 		.4byte	.LLST5
 510 0148 0B       		.uleb128 0xb
 511 0149 54000000 		.4byte	.LVL9
 512 014d B6020000 		.4byte	0x2b6
 513 0151 0B       		.uleb128 0xb
 514 0152 58000000 		.4byte	.LVL10
 515 0156 BD020000 		.4byte	0x2bd
 516 015a 0B       		.uleb128 0xb
 517 015b 5C000000 		.4byte	.LVL11
 518 015f C4020000 		.4byte	0x2c4
 519 0163 0B       		.uleb128 0xb
 520 0164 7C000000 		.4byte	.LVL14
 521 0168 CB020000 		.4byte	0x2cb
 522 016c 0B       		.uleb128 0xb
 523 016d 96000000 		.4byte	.LVL17
 524 0171 DC020000 		.4byte	0x2dc
 525 0175 0C       		.uleb128 0xc
 526 0176 A6000000 		.4byte	.LVL18
 527 017a ED020000 		.4byte	0x2ed
 528 017e 9B010000 		.4byte	0x19b
 529 0182 0D       		.uleb128 0xd
 530 0183 01       		.uleb128 0x1
 531 0184 53       		.byte	0x53
 532 0185 03       		.uleb128 0x3
 533 0186 0A       		.byte	0xa
ARM GAS  C:\Users\IVYLIU~1\AppData\Local\Temp\ccGNVt9y.s 			page 12


 534 0187 0040     		.2byte	0x4000
 535 0189 0D       		.uleb128 0xd
 536 018a 01       		.uleb128 0x1
 537 018b 52       		.byte	0x52
 538 018c 03       		.uleb128 0x3
 539 018d 0A       		.byte	0xa
 540 018e FF1F     		.2byte	0x1fff
 541 0190 0D       		.uleb128 0xd
 542 0191 01       		.uleb128 0x1
 543 0192 51       		.byte	0x51
 544 0193 01       		.uleb128 0x1
 545 0194 31       		.byte	0x31
 546 0195 0D       		.uleb128 0xd
 547 0196 01       		.uleb128 0x1
 548 0197 50       		.byte	0x50
 549 0198 01       		.uleb128 0x1
 550 0199 31       		.byte	0x31
 551 019a 00       		.byte	0
 552 019b 0E       		.uleb128 0xe
 553 019c BA000000 		.4byte	.LVL19
 554 01a0 11030000 		.4byte	0x311
 555 01a4 0D       		.uleb128 0xd
 556 01a5 01       		.uleb128 0x1
 557 01a6 50       		.byte	0x50
 558 01a7 02       		.uleb128 0x2
 559 01a8 7A       		.byte	0x7a
 560 01a9 00       		.sleb128 0
 561 01aa 00       		.byte	0
 562 01ab 00       		.byte	0
 563 01ac 0F       		.uleb128 0xf
 564 01ad 04       		.byte	0x4
 565 01ae B2010000 		.4byte	0x1b2
 566 01b2 10       		.uleb128 0x10
 567 01b3 11       		.uleb128 0x11
 568 01b4 E7000000 		.4byte	.LASF25
 569 01b8 01       		.byte	0x1
 570 01b9 3B       		.byte	0x3b
 571 01ba 00000000 		.4byte	.LFB1
 572 01be 50000000 		.4byte	.LFE1-.LFB1
 573 01c2 01       		.uleb128 0x1
 574 01c3 9C       		.byte	0x9c
 575 01c4 19020000 		.4byte	0x219
 576 01c8 0B       		.uleb128 0xb
 577 01c9 0C000000 		.4byte	.LVL23
 578 01cd 26030000 		.4byte	0x326
 579 01d1 0C       		.uleb128 0xc
 580 01d2 1C000000 		.4byte	.LVL24
 581 01d6 31030000 		.4byte	0x331
 582 01da EB010000 		.4byte	0x1eb
 583 01de 0D       		.uleb128 0xd
 584 01df 01       		.uleb128 0x1
 585 01e0 53       		.byte	0x53
 586 01e1 02       		.uleb128 0x2
 587 01e2 08       		.byte	0x8
 588 01e3 21       		.byte	0x21
 589 01e4 0D       		.uleb128 0xd
 590 01e5 01       		.uleb128 0x1
ARM GAS  C:\Users\IVYLIU~1\AppData\Local\Temp\ccGNVt9y.s 			page 13


 591 01e6 52       		.byte	0x52
 592 01e7 02       		.uleb128 0x2
 593 01e8 09       		.byte	0x9
 594 01e9 FE       		.byte	0xfe
 595 01ea 00       		.byte	0
 596 01eb 0C       		.uleb128 0xc
 597 01ec 2A000000 		.4byte	.LVL25
 598 01f0 55030000 		.4byte	0x355
 599 01f4 00020000 		.4byte	0x200
 600 01f8 0D       		.uleb128 0xd
 601 01f9 01       		.uleb128 0x1
 602 01fa 52       		.byte	0x52
 603 01fb 03       		.uleb128 0x3
 604 01fc 0A       		.byte	0xa
 605 01fd 4064     		.2byte	0x6440
 606 01ff 00       		.byte	0
 607 0200 0B       		.uleb128 0xb
 608 0201 32000000 		.4byte	.LVL26
 609 0205 74030000 		.4byte	0x374
 610 0209 12       		.uleb128 0x12
 611 020a 3E000000 		.4byte	.LVL27
 612 020e 8E030000 		.4byte	0x38e
 613 0212 0D       		.uleb128 0xd
 614 0213 01       		.uleb128 0x1
 615 0214 51       		.byte	0x51
 616 0215 01       		.uleb128 0x1
 617 0216 31       		.byte	0x31
 618 0217 00       		.byte	0
 619 0218 00       		.byte	0
 620 0219 11       		.uleb128 0x11
 621 021a 51030000 		.4byte	.LASF26
 622 021e 01       		.byte	0x1
 623 021f 47       		.byte	0x47
 624 0220 00000000 		.4byte	.LFB2
 625 0224 3C000000 		.4byte	.LFE2-.LFB2
 626 0228 01       		.uleb128 0x1
 627 0229 9C       		.byte	0x9c
 628 022a 4A020000 		.4byte	0x24a
 629 022e 0B       		.uleb128 0xb
 630 022f 10000000 		.4byte	.LVL28
 631 0233 A8030000 		.4byte	0x3a8
 632 0237 0B       		.uleb128 0xb
 633 0238 18000000 		.4byte	.LVL29
 634 023c BD030000 		.4byte	0x3bd
 635 0240 0B       		.uleb128 0xb
 636 0241 24000000 		.4byte	.LVL30
 637 0245 CE030000 		.4byte	0x3ce
 638 0249 00       		.byte	0
 639 024a 13       		.uleb128 0x13
 640 024b 8B030000 		.4byte	.LASF27
 641 024f 04       		.byte	0x4
 642 0250 17       		.byte	0x17
 643 0251 6B000000 		.4byte	0x6b
 644 0255 05       		.uleb128 0x5
 645 0256 03       		.byte	0x3
 646 0257 00000000 		.4byte	NP_g_nNumberOfPixels
 647 025b 13       		.uleb128 0x13
ARM GAS  C:\Users\IVYLIU~1\AppData\Local\Temp\ccGNVt9y.s 			page 14


 648 025c 23030000 		.4byte	.LASF28
 649 0260 04       		.byte	0x4
 650 0261 18       		.byte	0x18
 651 0262 72000000 		.4byte	0x72
 652 0266 05       		.uleb128 0x5
 653 0267 03       		.byte	0x3
 654 0268 00000000 		.4byte	NP_g_nDMA_Chan
 655 026c 13       		.uleb128 0x13
 656 026d 0D020000 		.4byte	.LASF29
 657 0271 04       		.byte	0x4
 658 0272 19       		.byte	0x19
 659 0273 72000000 		.4byte	0x72
 660 0277 05       		.uleb128 0x5
 661 0278 03       		.byte	0x3
 662 0279 00000000 		.4byte	NP_g_nDMA_TD
 663 027d 13       		.uleb128 0x13
 664 027e F5010000 		.4byte	.LASF30
 665 0282 04       		.byte	0x4
 666 0283 1A       		.byte	0x1a
 667 0284 72000000 		.4byte	0x72
 668 0288 05       		.uleb128 0x5
 669 0289 03       		.byte	0x3
 670 028a 00000000 		.4byte	NP_g_bOwnsBuffer
 671 028e 13       		.uleb128 0x13
 672 028f 04010000 		.4byte	.LASF31
 673 0293 04       		.byte	0x4
 674 0294 1C       		.byte	0x1c
 675 0295 9F020000 		.4byte	0x29f
 676 0299 05       		.uleb128 0x5
 677 029a 03       		.byte	0x3
 678 029b 00000000 		.4byte	NP_g_pFrameBuffer
 679 029f 0F       		.uleb128 0xf
 680 02a0 04       		.byte	0x4
 681 02a1 BC000000 		.4byte	0xbc
 682 02a5 13       		.uleb128 0x13
 683 02a6 46010000 		.4byte	.LASF32
 684 02aa 04       		.byte	0x4
 685 02ab 1D       		.byte	0x1d
 686 02ac 6B000000 		.4byte	0x6b
 687 02b0 05       		.uleb128 0x5
 688 02b1 03       		.byte	0x3
 689 02b2 00000000 		.4byte	NP_g_nFrameBufferSize
 690 02b6 14       		.uleb128 0x14
 691 02b7 10000000 		.4byte	.LASF33
 692 02bb 05       		.byte	0x5
 693 02bc 1E       		.byte	0x1e
 694 02bd 14       		.uleb128 0x14
 695 02be 0F030000 		.4byte	.LASF34
 696 02c2 06       		.byte	0x6
 697 02c3 1E       		.byte	0x1e
 698 02c4 14       		.uleb128 0x14
 699 02c5 3C030000 		.4byte	.LASF35
 700 02c9 07       		.byte	0x7
 701 02ca 1E       		.byte	0x1e
 702 02cb 15       		.uleb128 0x15
 703 02cc C6020000 		.4byte	.LASF36
 704 02d0 07       		.byte	0x7
ARM GAS  C:\Users\IVYLIU~1\AppData\Local\Temp\ccGNVt9y.s 			page 15


 705 02d1 22       		.byte	0x22
 706 02d2 DC020000 		.4byte	0x2dc
 707 02d6 16       		.uleb128 0x16
 708 02d7 72000000 		.4byte	0x72
 709 02db 00       		.byte	0
 710 02dc 15       		.uleb128 0x15
 711 02dd 69000000 		.4byte	.LASF37
 712 02e1 06       		.byte	0x6
 713 02e2 22       		.byte	0x22
 714 02e3 ED020000 		.4byte	0x2ed
 715 02e7 16       		.uleb128 0x16
 716 02e8 72000000 		.4byte	0x72
 717 02ec 00       		.byte	0
 718 02ed 17       		.uleb128 0x17
 719 02ee 83000000 		.4byte	.LASF38
 720 02f2 08       		.byte	0x8
 721 02f3 1E       		.byte	0x1e
 722 02f4 72000000 		.4byte	0x72
 723 02f8 11030000 		.4byte	0x311
 724 02fc 16       		.uleb128 0x16
 725 02fd 72000000 		.4byte	0x72
 726 0301 16       		.uleb128 0x16
 727 0302 72000000 		.4byte	0x72
 728 0306 16       		.uleb128 0x16
 729 0307 7E000000 		.4byte	0x7e
 730 030b 16       		.uleb128 0x16
 731 030c 7E000000 		.4byte	0x7e
 732 0310 00       		.byte	0
 733 0311 17       		.uleb128 0x17
 734 0312 A0030000 		.4byte	.LASF39
 735 0316 09       		.byte	0x9
 736 0317 25       		.byte	0x25
 737 0318 D3000000 		.4byte	0xd3
 738 031c 26030000 		.4byte	0x326
 739 0320 16       		.uleb128 0x16
 740 0321 C1000000 		.4byte	0xc1
 741 0325 00       		.byte	0
 742 0326 18       		.uleb128 0x18
 743 0327 A2000000 		.4byte	.LASF50
 744 032b 0A       		.byte	0xa
 745 032c 38       		.byte	0x38
 746 032d 72000000 		.4byte	0x72
 747 0331 17       		.uleb128 0x17
 748 0332 16010000 		.4byte	.LASF40
 749 0336 0A       		.byte	0xa
 750 0337 3B       		.byte	0x3b
 751 0338 A4000000 		.4byte	0xa4
 752 033c 55030000 		.4byte	0x355
 753 0340 16       		.uleb128 0x16
 754 0341 72000000 		.4byte	0x72
 755 0345 16       		.uleb128 0x16
 756 0346 7E000000 		.4byte	0x7e
 757 034a 16       		.uleb128 0x16
 758 034b 72000000 		.4byte	0x72
 759 034f 16       		.uleb128 0x16
 760 0350 72000000 		.4byte	0x72
 761 0354 00       		.byte	0
ARM GAS  C:\Users\IVYLIU~1\AppData\Local\Temp\ccGNVt9y.s 			page 16


 762 0355 17       		.uleb128 0x17
 763 0356 24000000 		.4byte	.LASF41
 764 035a 0A       		.byte	0xa
 765 035b 3F       		.byte	0x3f
 766 035c A4000000 		.4byte	0xa4
 767 0360 74030000 		.4byte	0x374
 768 0364 16       		.uleb128 0x16
 769 0365 72000000 		.4byte	0x72
 770 0369 16       		.uleb128 0x16
 771 036a 7E000000 		.4byte	0x7e
 772 036e 16       		.uleb128 0x16
 773 036f 7E000000 		.4byte	0x7e
 774 0373 00       		.byte	0
 775 0374 17       		.uleb128 0x17
 776 0375 55000000 		.4byte	.LASF42
 777 0379 0A       		.byte	0xa
 778 037a 2F       		.byte	0x2f
 779 037b A4000000 		.4byte	0xa4
 780 037f 8E030000 		.4byte	0x38e
 781 0383 16       		.uleb128 0x16
 782 0384 72000000 		.4byte	0x72
 783 0388 16       		.uleb128 0x16
 784 0389 72000000 		.4byte	0x72
 785 038d 00       		.byte	0
 786 038e 17       		.uleb128 0x17
 787 038f 1A020000 		.4byte	.LASF43
 788 0393 0A       		.byte	0xa
 789 0394 29       		.byte	0x29
 790 0395 A4000000 		.4byte	0xa4
 791 0399 A8030000 		.4byte	0x3a8
 792 039d 16       		.uleb128 0x16
 793 039e 72000000 		.4byte	0x72
 794 03a2 16       		.uleb128 0x16
 795 03a3 72000000 		.4byte	0x72
 796 03a7 00       		.byte	0
 797 03a8 17       		.uleb128 0x17
 798 03a9 36000000 		.4byte	.LASF44
 799 03ad 0A       		.byte	0xa
 800 03ae 28       		.byte	0x28
 801 03af A4000000 		.4byte	0xa4
 802 03b3 BD030000 		.4byte	0x3bd
 803 03b7 16       		.uleb128 0x16
 804 03b8 72000000 		.4byte	0x72
 805 03bc 00       		.byte	0
 806 03bd 15       		.uleb128 0x15
 807 03be 3F020000 		.4byte	.LASF45
 808 03c2 0A       		.byte	0xa
 809 03c3 39       		.byte	0x39
 810 03c4 CE030000 		.4byte	0x3ce
 811 03c8 16       		.uleb128 0x16
 812 03c9 72000000 		.4byte	0x72
 813 03cd 00       		.byte	0
 814 03ce 19       		.uleb128 0x19
 815 03cf EA020000 		.4byte	.LASF51
 816 03d3 09       		.byte	0x9
 817 03d4 2D       		.byte	0x2d
 818 03d5 16       		.uleb128 0x16
ARM GAS  C:\Users\IVYLIU~1\AppData\Local\Temp\ccGNVt9y.s 			page 17


 819 03d6 D3000000 		.4byte	0xd3
 820 03da 00       		.byte	0
 821 03db 00       		.byte	0
 822              		.section	.debug_abbrev,"",%progbits
 823              	.Ldebug_abbrev0:
 824 0000 01       		.uleb128 0x1
 825 0001 11       		.uleb128 0x11
 826 0002 01       		.byte	0x1
 827 0003 25       		.uleb128 0x25
 828 0004 0E       		.uleb128 0xe
 829 0005 13       		.uleb128 0x13
 830 0006 0B       		.uleb128 0xb
 831 0007 03       		.uleb128 0x3
 832 0008 0E       		.uleb128 0xe
 833 0009 1B       		.uleb128 0x1b
 834 000a 0E       		.uleb128 0xe
 835 000b 55       		.uleb128 0x55
 836 000c 17       		.uleb128 0x17
 837 000d 11       		.uleb128 0x11
 838 000e 01       		.uleb128 0x1
 839 000f 10       		.uleb128 0x10
 840 0010 17       		.uleb128 0x17
 841 0011 00       		.byte	0
 842 0012 00       		.byte	0
 843 0013 02       		.uleb128 0x2
 844 0014 24       		.uleb128 0x24
 845 0015 00       		.byte	0
 846 0016 0B       		.uleb128 0xb
 847 0017 0B       		.uleb128 0xb
 848 0018 3E       		.uleb128 0x3e
 849 0019 0B       		.uleb128 0xb
 850 001a 03       		.uleb128 0x3
 851 001b 0E       		.uleb128 0xe
 852 001c 00       		.byte	0
 853 001d 00       		.byte	0
 854 001e 03       		.uleb128 0x3
 855 001f 24       		.uleb128 0x24
 856 0020 00       		.byte	0
 857 0021 0B       		.uleb128 0xb
 858 0022 0B       		.uleb128 0xb
 859 0023 3E       		.uleb128 0x3e
 860 0024 0B       		.uleb128 0xb
 861 0025 03       		.uleb128 0x3
 862 0026 08       		.uleb128 0x8
 863 0027 00       		.byte	0
 864 0028 00       		.byte	0
 865 0029 04       		.uleb128 0x4
 866 002a 16       		.uleb128 0x16
 867 002b 00       		.byte	0
 868 002c 03       		.uleb128 0x3
 869 002d 0E       		.uleb128 0xe
 870 002e 3A       		.uleb128 0x3a
 871 002f 0B       		.uleb128 0xb
 872 0030 3B       		.uleb128 0x3b
 873 0031 05       		.uleb128 0x5
 874 0032 49       		.uleb128 0x49
 875 0033 13       		.uleb128 0x13
ARM GAS  C:\Users\IVYLIU~1\AppData\Local\Temp\ccGNVt9y.s 			page 18


 876 0034 00       		.byte	0
 877 0035 00       		.byte	0
 878 0036 05       		.uleb128 0x5
 879 0037 35       		.uleb128 0x35
 880 0038 00       		.byte	0
 881 0039 49       		.uleb128 0x49
 882 003a 13       		.uleb128 0x13
 883 003b 00       		.byte	0
 884 003c 00       		.byte	0
 885 003d 06       		.uleb128 0x6
 886 003e 16       		.uleb128 0x16
 887 003f 00       		.byte	0
 888 0040 03       		.uleb128 0x3
 889 0041 0E       		.uleb128 0xe
 890 0042 3A       		.uleb128 0x3a
 891 0043 0B       		.uleb128 0xb
 892 0044 3B       		.uleb128 0x3b
 893 0045 0B       		.uleb128 0xb
 894 0046 49       		.uleb128 0x49
 895 0047 13       		.uleb128 0x13
 896 0048 00       		.byte	0
 897 0049 00       		.byte	0
 898 004a 07       		.uleb128 0x7
 899 004b 0F       		.uleb128 0xf
 900 004c 00       		.byte	0
 901 004d 0B       		.uleb128 0xb
 902 004e 0B       		.uleb128 0xb
 903 004f 00       		.byte	0
 904 0050 00       		.byte	0
 905 0051 08       		.uleb128 0x8
 906 0052 2E       		.uleb128 0x2e
 907 0053 01       		.byte	0x1
 908 0054 3F       		.uleb128 0x3f
 909 0055 19       		.uleb128 0x19
 910 0056 03       		.uleb128 0x3
 911 0057 0E       		.uleb128 0xe
 912 0058 3A       		.uleb128 0x3a
 913 0059 0B       		.uleb128 0xb
 914 005a 3B       		.uleb128 0x3b
 915 005b 0B       		.uleb128 0xb
 916 005c 27       		.uleb128 0x27
 917 005d 19       		.uleb128 0x19
 918 005e 49       		.uleb128 0x49
 919 005f 13       		.uleb128 0x13
 920 0060 11       		.uleb128 0x11
 921 0061 01       		.uleb128 0x1
 922 0062 12       		.uleb128 0x12
 923 0063 06       		.uleb128 0x6
 924 0064 40       		.uleb128 0x40
 925 0065 18       		.uleb128 0x18
 926 0066 9642     		.uleb128 0x2116
 927 0068 19       		.uleb128 0x19
 928 0069 01       		.uleb128 0x1
 929 006a 13       		.uleb128 0x13
 930 006b 00       		.byte	0
 931 006c 00       		.byte	0
 932 006d 09       		.uleb128 0x9
ARM GAS  C:\Users\IVYLIU~1\AppData\Local\Temp\ccGNVt9y.s 			page 19


 933 006e 05       		.uleb128 0x5
 934 006f 00       		.byte	0
 935 0070 03       		.uleb128 0x3
 936 0071 0E       		.uleb128 0xe
 937 0072 3A       		.uleb128 0x3a
 938 0073 0B       		.uleb128 0xb
 939 0074 3B       		.uleb128 0x3b
 940 0075 0B       		.uleb128 0xb
 941 0076 49       		.uleb128 0x49
 942 0077 13       		.uleb128 0x13
 943 0078 02       		.uleb128 0x2
 944 0079 17       		.uleb128 0x17
 945 007a 00       		.byte	0
 946 007b 00       		.byte	0
 947 007c 0A       		.uleb128 0xa
 948 007d 34       		.uleb128 0x34
 949 007e 00       		.byte	0
 950 007f 03       		.uleb128 0x3
 951 0080 0E       		.uleb128 0xe
 952 0081 3A       		.uleb128 0x3a
 953 0082 0B       		.uleb128 0xb
 954 0083 3B       		.uleb128 0x3b
 955 0084 0B       		.uleb128 0xb
 956 0085 49       		.uleb128 0x49
 957 0086 13       		.uleb128 0x13
 958 0087 02       		.uleb128 0x2
 959 0088 17       		.uleb128 0x17
 960 0089 00       		.byte	0
 961 008a 00       		.byte	0
 962 008b 0B       		.uleb128 0xb
 963 008c 898201   		.uleb128 0x4109
 964 008f 00       		.byte	0
 965 0090 11       		.uleb128 0x11
 966 0091 01       		.uleb128 0x1
 967 0092 31       		.uleb128 0x31
 968 0093 13       		.uleb128 0x13
 969 0094 00       		.byte	0
 970 0095 00       		.byte	0
 971 0096 0C       		.uleb128 0xc
 972 0097 898201   		.uleb128 0x4109
 973 009a 01       		.byte	0x1
 974 009b 11       		.uleb128 0x11
 975 009c 01       		.uleb128 0x1
 976 009d 31       		.uleb128 0x31
 977 009e 13       		.uleb128 0x13
 978 009f 01       		.uleb128 0x1
 979 00a0 13       		.uleb128 0x13
 980 00a1 00       		.byte	0
 981 00a2 00       		.byte	0
 982 00a3 0D       		.uleb128 0xd
 983 00a4 8A8201   		.uleb128 0x410a
 984 00a7 00       		.byte	0
 985 00a8 02       		.uleb128 0x2
 986 00a9 18       		.uleb128 0x18
 987 00aa 9142     		.uleb128 0x2111
 988 00ac 18       		.uleb128 0x18
 989 00ad 00       		.byte	0
ARM GAS  C:\Users\IVYLIU~1\AppData\Local\Temp\ccGNVt9y.s 			page 20


 990 00ae 00       		.byte	0
 991 00af 0E       		.uleb128 0xe
 992 00b0 898201   		.uleb128 0x4109
 993 00b3 01       		.byte	0x1
 994 00b4 11       		.uleb128 0x11
 995 00b5 01       		.uleb128 0x1
 996 00b6 31       		.uleb128 0x31
 997 00b7 13       		.uleb128 0x13
 998 00b8 00       		.byte	0
 999 00b9 00       		.byte	0
 1000 00ba 0F       		.uleb128 0xf
 1001 00bb 0F       		.uleb128 0xf
 1002 00bc 00       		.byte	0
 1003 00bd 0B       		.uleb128 0xb
 1004 00be 0B       		.uleb128 0xb
 1005 00bf 49       		.uleb128 0x49
 1006 00c0 13       		.uleb128 0x13
 1007 00c1 00       		.byte	0
 1008 00c2 00       		.byte	0
 1009 00c3 10       		.uleb128 0x10
 1010 00c4 35       		.uleb128 0x35
 1011 00c5 00       		.byte	0
 1012 00c6 00       		.byte	0
 1013 00c7 00       		.byte	0
 1014 00c8 11       		.uleb128 0x11
 1015 00c9 2E       		.uleb128 0x2e
 1016 00ca 01       		.byte	0x1
 1017 00cb 3F       		.uleb128 0x3f
 1018 00cc 19       		.uleb128 0x19
 1019 00cd 03       		.uleb128 0x3
 1020 00ce 0E       		.uleb128 0xe
 1021 00cf 3A       		.uleb128 0x3a
 1022 00d0 0B       		.uleb128 0xb
 1023 00d1 3B       		.uleb128 0x3b
 1024 00d2 0B       		.uleb128 0xb
 1025 00d3 11       		.uleb128 0x11
 1026 00d4 01       		.uleb128 0x1
 1027 00d5 12       		.uleb128 0x12
 1028 00d6 06       		.uleb128 0x6
 1029 00d7 40       		.uleb128 0x40
 1030 00d8 18       		.uleb128 0x18
 1031 00d9 9742     		.uleb128 0x2117
 1032 00db 19       		.uleb128 0x19
 1033 00dc 01       		.uleb128 0x1
 1034 00dd 13       		.uleb128 0x13
 1035 00de 00       		.byte	0
 1036 00df 00       		.byte	0
 1037 00e0 12       		.uleb128 0x12
 1038 00e1 898201   		.uleb128 0x4109
 1039 00e4 01       		.byte	0x1
 1040 00e5 11       		.uleb128 0x11
 1041 00e6 01       		.uleb128 0x1
 1042 00e7 9542     		.uleb128 0x2115
 1043 00e9 19       		.uleb128 0x19
 1044 00ea 31       		.uleb128 0x31
 1045 00eb 13       		.uleb128 0x13
 1046 00ec 00       		.byte	0
ARM GAS  C:\Users\IVYLIU~1\AppData\Local\Temp\ccGNVt9y.s 			page 21


 1047 00ed 00       		.byte	0
 1048 00ee 13       		.uleb128 0x13
 1049 00ef 34       		.uleb128 0x34
 1050 00f0 00       		.byte	0
 1051 00f1 03       		.uleb128 0x3
 1052 00f2 0E       		.uleb128 0xe
 1053 00f3 3A       		.uleb128 0x3a
 1054 00f4 0B       		.uleb128 0xb
 1055 00f5 3B       		.uleb128 0x3b
 1056 00f6 0B       		.uleb128 0xb
 1057 00f7 49       		.uleb128 0x49
 1058 00f8 13       		.uleb128 0x13
 1059 00f9 3F       		.uleb128 0x3f
 1060 00fa 19       		.uleb128 0x19
 1061 00fb 02       		.uleb128 0x2
 1062 00fc 18       		.uleb128 0x18
 1063 00fd 00       		.byte	0
 1064 00fe 00       		.byte	0
 1065 00ff 14       		.uleb128 0x14
 1066 0100 2E       		.uleb128 0x2e
 1067 0101 00       		.byte	0
 1068 0102 3F       		.uleb128 0x3f
 1069 0103 19       		.uleb128 0x19
 1070 0104 03       		.uleb128 0x3
 1071 0105 0E       		.uleb128 0xe
 1072 0106 3A       		.uleb128 0x3a
 1073 0107 0B       		.uleb128 0xb
 1074 0108 3B       		.uleb128 0x3b
 1075 0109 0B       		.uleb128 0xb
 1076 010a 27       		.uleb128 0x27
 1077 010b 19       		.uleb128 0x19
 1078 010c 3C       		.uleb128 0x3c
 1079 010d 19       		.uleb128 0x19
 1080 010e 00       		.byte	0
 1081 010f 00       		.byte	0
 1082 0110 15       		.uleb128 0x15
 1083 0111 2E       		.uleb128 0x2e
 1084 0112 01       		.byte	0x1
 1085 0113 3F       		.uleb128 0x3f
 1086 0114 19       		.uleb128 0x19
 1087 0115 03       		.uleb128 0x3
 1088 0116 0E       		.uleb128 0xe
 1089 0117 3A       		.uleb128 0x3a
 1090 0118 0B       		.uleb128 0xb
 1091 0119 3B       		.uleb128 0x3b
 1092 011a 0B       		.uleb128 0xb
 1093 011b 27       		.uleb128 0x27
 1094 011c 19       		.uleb128 0x19
 1095 011d 3C       		.uleb128 0x3c
 1096 011e 19       		.uleb128 0x19
 1097 011f 01       		.uleb128 0x1
 1098 0120 13       		.uleb128 0x13
 1099 0121 00       		.byte	0
 1100 0122 00       		.byte	0
 1101 0123 16       		.uleb128 0x16
 1102 0124 05       		.uleb128 0x5
 1103 0125 00       		.byte	0
ARM GAS  C:\Users\IVYLIU~1\AppData\Local\Temp\ccGNVt9y.s 			page 22


 1104 0126 49       		.uleb128 0x49
 1105 0127 13       		.uleb128 0x13
 1106 0128 00       		.byte	0
 1107 0129 00       		.byte	0
 1108 012a 17       		.uleb128 0x17
 1109 012b 2E       		.uleb128 0x2e
 1110 012c 01       		.byte	0x1
 1111 012d 3F       		.uleb128 0x3f
 1112 012e 19       		.uleb128 0x19
 1113 012f 03       		.uleb128 0x3
 1114 0130 0E       		.uleb128 0xe
 1115 0131 3A       		.uleb128 0x3a
 1116 0132 0B       		.uleb128 0xb
 1117 0133 3B       		.uleb128 0x3b
 1118 0134 0B       		.uleb128 0xb
 1119 0135 27       		.uleb128 0x27
 1120 0136 19       		.uleb128 0x19
 1121 0137 49       		.uleb128 0x49
 1122 0138 13       		.uleb128 0x13
 1123 0139 3C       		.uleb128 0x3c
 1124 013a 19       		.uleb128 0x19
 1125 013b 01       		.uleb128 0x1
 1126 013c 13       		.uleb128 0x13
 1127 013d 00       		.byte	0
 1128 013e 00       		.byte	0
 1129 013f 18       		.uleb128 0x18
 1130 0140 2E       		.uleb128 0x2e
 1131 0141 00       		.byte	0
 1132 0142 3F       		.uleb128 0x3f
 1133 0143 19       		.uleb128 0x19
 1134 0144 03       		.uleb128 0x3
 1135 0145 0E       		.uleb128 0xe
 1136 0146 3A       		.uleb128 0x3a
 1137 0147 0B       		.uleb128 0xb
 1138 0148 3B       		.uleb128 0x3b
 1139 0149 0B       		.uleb128 0xb
 1140 014a 27       		.uleb128 0x27
 1141 014b 19       		.uleb128 0x19
 1142 014c 49       		.uleb128 0x49
 1143 014d 13       		.uleb128 0x13
 1144 014e 3C       		.uleb128 0x3c
 1145 014f 19       		.uleb128 0x19
 1146 0150 00       		.byte	0
 1147 0151 00       		.byte	0
 1148 0152 19       		.uleb128 0x19
 1149 0153 2E       		.uleb128 0x2e
 1150 0154 01       		.byte	0x1
 1151 0155 3F       		.uleb128 0x3f
 1152 0156 19       		.uleb128 0x19
 1153 0157 03       		.uleb128 0x3
 1154 0158 0E       		.uleb128 0xe
 1155 0159 3A       		.uleb128 0x3a
 1156 015a 0B       		.uleb128 0xb
 1157 015b 3B       		.uleb128 0x3b
 1158 015c 0B       		.uleb128 0xb
 1159 015d 27       		.uleb128 0x27
 1160 015e 19       		.uleb128 0x19
ARM GAS  C:\Users\IVYLIU~1\AppData\Local\Temp\ccGNVt9y.s 			page 23


 1161 015f 3C       		.uleb128 0x3c
 1162 0160 19       		.uleb128 0x19
 1163 0161 00       		.byte	0
 1164 0162 00       		.byte	0
 1165 0163 00       		.byte	0
 1166              		.section	.debug_loc,"",%progbits
 1167              	.Ldebug_loc0:
 1168              	.LLST0:
 1169 0000 00000000 		.4byte	.LVL0
 1170 0004 0E000000 		.4byte	.LVL1
 1171 0008 0100     		.2byte	0x1
 1172 000a 50       		.byte	0x50
 1173 000b 0E000000 		.4byte	.LVL1
 1174 000f 48000000 		.4byte	.LVL7
 1175 0013 0100     		.2byte	0x1
 1176 0015 5A       		.byte	0x5a
 1177 0016 48000000 		.4byte	.LVL7
 1178 001a D8000000 		.4byte	.LVL20
 1179 001e 0400     		.2byte	0x4
 1180 0020 F3       		.byte	0xf3
 1181 0021 01       		.uleb128 0x1
 1182 0022 50       		.byte	0x50
 1183 0023 9F       		.byte	0x9f
 1184 0024 D8000000 		.4byte	.LVL20
 1185 0028 DA000000 		.4byte	.LVL21
 1186 002c 0100     		.2byte	0x1
 1187 002e 5A       		.byte	0x5a
 1188 002f DA000000 		.4byte	.LVL21
 1189 0033 14010000 		.4byte	.LFE0
 1190 0037 0400     		.2byte	0x4
 1191 0039 F3       		.byte	0xf3
 1192 003a 01       		.uleb128 0x1
 1193 003b 50       		.byte	0x50
 1194 003c 9F       		.byte	0x9f
 1195 003d 00000000 		.4byte	0
 1196 0041 00000000 		.4byte	0
 1197              	.LLST1:
 1198 0045 00000000 		.4byte	.LVL0
 1199 0049 10000000 		.4byte	.LVL2
 1200 004d 0100     		.2byte	0x1
 1201 004f 51       		.byte	0x51
 1202 0050 10000000 		.4byte	.LVL2
 1203 0054 E0000000 		.4byte	.LVL22
 1204 0058 0100     		.2byte	0x1
 1205 005a 5B       		.byte	0x5b
 1206 005b E0000000 		.4byte	.LVL22
 1207 005f 14010000 		.4byte	.LFE0
 1208 0063 0400     		.2byte	0x4
 1209 0065 F3       		.byte	0xf3
 1210 0066 01       		.uleb128 0x1
 1211 0067 51       		.byte	0x51
 1212 0068 9F       		.byte	0x9f
 1213 0069 00000000 		.4byte	0
 1214 006d 00000000 		.4byte	0
 1215              	.LLST2:
 1216 0071 00000000 		.4byte	.LVL0
 1217 0075 15000000 		.4byte	.LVL3-1
ARM GAS  C:\Users\IVYLIU~1\AppData\Local\Temp\ccGNVt9y.s 			page 24


 1218 0079 0600     		.2byte	0x6
 1219 007b 52       		.byte	0x52
 1220 007c 93       		.byte	0x93
 1221 007d 04       		.uleb128 0x4
 1222 007e 53       		.byte	0x53
 1223 007f 93       		.byte	0x93
 1224 0080 04       		.uleb128 0x4
 1225 0081 15000000 		.4byte	.LVL3-1
 1226 0085 14010000 		.4byte	.LFE0
 1227 0089 0600     		.2byte	0x6
 1228 008b F3       		.byte	0xf3
 1229 008c 03       		.uleb128 0x3
 1230 008d F5       		.byte	0xf5
 1231 008e 02       		.uleb128 0x2
 1232 008f 25       		.uleb128 0x25
 1233 0090 9F       		.byte	0x9f
 1234 0091 00000000 		.4byte	0
 1235 0095 00000000 		.4byte	0
 1236              	.LLST3:
 1237 0099 4C000000 		.4byte	.LVL8
 1238 009d D8000000 		.4byte	.LVL20
 1239 00a1 0100     		.2byte	0x1
 1240 00a3 58       		.byte	0x58
 1241 00a4 00000000 		.4byte	0
 1242 00a8 00000000 		.4byte	0
 1243              	.LLST4:
 1244 00ac 4C000000 		.4byte	.LVL8
 1245 00b0 D8000000 		.4byte	.LVL20
 1246 00b4 1400     		.2byte	0x14
 1247 00b6 F4       		.byte	0xf4
 1248 00b7 25       		.uleb128 0x25
 1249 00b8 08       		.byte	0x8
 1250 00b9 66666666 		.4byte	0x66666666
 1251 00bd 6666E63F 		.4byte	0x3fe66666
 1252 00c1 F5       		.byte	0xf5
 1253 00c2 06       		.uleb128 0x6
 1254 00c3 25       		.uleb128 0x25
 1255 00c4 1B       		.byte	0x1b
 1256 00c5 F7       		.byte	0xf7
 1257 00c6 2C       		.uleb128 0x2c
 1258 00c7 F7       		.byte	0xf7
 1259 00c8 00       		.uleb128 0
 1260 00c9 9F       		.byte	0x9f
 1261 00ca 00000000 		.4byte	0
 1262 00ce 00000000 		.4byte	0
 1263              	.LLST5:
 1264 00d2 4C000000 		.4byte	.LVL8
 1265 00d6 D8000000 		.4byte	.LVL20
 1266 00da 1400     		.2byte	0x14
 1267 00dc F4       		.byte	0xf4
 1268 00dd 25       		.uleb128 0x25
 1269 00de 08       		.byte	0x8
 1270 00df 66666666 		.4byte	0x66666666
 1271 00e3 6666D63F 		.4byte	0x3fd66666
 1272 00e7 F5       		.byte	0xf5
 1273 00e8 06       		.uleb128 0x6
 1274 00e9 25       		.uleb128 0x25
ARM GAS  C:\Users\IVYLIU~1\AppData\Local\Temp\ccGNVt9y.s 			page 25


 1275 00ea 1B       		.byte	0x1b
 1276 00eb F7       		.byte	0xf7
 1277 00ec 2C       		.uleb128 0x2c
 1278 00ed F7       		.byte	0xf7
 1279 00ee 00       		.uleb128 0
 1280 00ef 9F       		.byte	0x9f
 1281 00f0 00000000 		.4byte	0
 1282 00f4 00000000 		.4byte	0
 1283              		.section	.debug_aranges,"",%progbits
 1284 0000 2C000000 		.4byte	0x2c
 1285 0004 0200     		.2byte	0x2
 1286 0006 00000000 		.4byte	.Ldebug_info0
 1287 000a 04       		.byte	0x4
 1288 000b 00       		.byte	0
 1289 000c 0000     		.2byte	0
 1290 000e 0000     		.2byte	0
 1291 0010 00000000 		.4byte	.LFB0
 1292 0014 14010000 		.4byte	.LFE0-.LFB0
 1293 0018 00000000 		.4byte	.LFB1
 1294 001c 50000000 		.4byte	.LFE1-.LFB1
 1295 0020 00000000 		.4byte	.LFB2
 1296 0024 3C000000 		.4byte	.LFE2-.LFB2
 1297 0028 00000000 		.4byte	0
 1298 002c 00000000 		.4byte	0
 1299              		.section	.debug_ranges,"",%progbits
 1300              	.Ldebug_ranges0:
 1301 0000 00000000 		.4byte	.LFB0
 1302 0004 14010000 		.4byte	.LFE0
 1303 0008 00000000 		.4byte	.LFB1
 1304 000c 50000000 		.4byte	.LFE1
 1305 0010 00000000 		.4byte	.LFB2
 1306 0014 3C000000 		.4byte	.LFE2
 1307 0018 00000000 		.4byte	0
 1308 001c 00000000 		.4byte	0
 1309              		.section	.debug_line,"",%progbits
 1310              	.Ldebug_line0:
 1311 0000 35020000 		.section	.debug_str,"MS",%progbits,1
 1311      0200B801 
 1311      00000201 
 1311      FB0E0D00 
 1311      01010101 
 1312              	.LASF15:
 1313 0000 63797374 		.ascii	"cystatus\000"
 1313      61747573 
 1313      00
 1314              	.LASF17:
 1315 0009 73697A65 		.ascii	"size_t\000"
 1315      5F7400
 1316              	.LASF33:
 1317 0010 4E505F4E 		.ascii	"NP_Neo_BITCNT_Start\000"
 1317      656F5F42 
 1317      4954434E 
 1317      545F5374 
 1317      61727400 
 1318              	.LASF41:
 1319 0024 4379446D 		.ascii	"CyDmaTdSetAddress\000"
 1319      61546453 
ARM GAS  C:\Users\IVYLIU~1\AppData\Local\Temp\ccGNVt9y.s 			page 26


 1319      65744164 
 1319      64726573 
 1319      7300
 1320              	.LASF44:
 1321 0036 4379446D 		.ascii	"CyDmaChFree\000"
 1321      61436846 
 1321      72656500 
 1322              	.LASF4:
 1323 0042 73686F72 		.ascii	"short unsigned int\000"
 1323      7420756E 
 1323      7369676E 
 1323      65642069 
 1323      6E7400
 1324              	.LASF42:
 1325 0055 4379446D 		.ascii	"CyDmaChSetInitialTd\000"
 1325      61436853 
 1325      6574496E 
 1325      69746961 
 1325      6C546400 
 1326              	.LASF37:
 1327 0069 4E505F4E 		.ascii	"NP_Neo_ONTime_WritePeriod\000"
 1327      656F5F4F 
 1327      4E54696D 
 1327      655F5772 
 1327      69746550 
 1328              	.LASF38:
 1329 0083 4E505F44 		.ascii	"NP_DMA_DmaInitialize\000"
 1329      4D415F44 
 1329      6D61496E 
 1329      69746961 
 1329      6C697A65 
 1330              	.LASF23:
 1331 0098 66437963 		.ascii	"fCyclesOn\000"
 1331      6C65734F 
 1331      6E00
 1332              	.LASF50:
 1333 00a2 4379446D 		.ascii	"CyDmaTdAllocate\000"
 1333      61546441 
 1333      6C6C6F63 
 1333      61746500 
 1334              	.LASF24:
 1335 00b2 66437963 		.ascii	"fCyclesOff\000"
 1335      6C65734F 
 1335      666600
 1336              	.LASF13:
 1337 00bd 666C6F61 		.ascii	"float\000"
 1337      7400
 1338              	.LASF47:
 1339 00c3 2E5C4765 		.ascii	".\\Generated_Source\\PSoC5\\NP_funcs.c\000"
 1339      6E657261 
 1339      7465645F 
 1339      536F7572 
 1339      63655C50 
 1340              	.LASF25:
 1341 00e7 4E505F55 		.ascii	"NP_Update\000"
 1341      70646174 
 1341      6500
ARM GAS  C:\Users\IVYLIU~1\AppData\Local\Temp\ccGNVt9y.s 			page 27


 1342              	.LASF1:
 1343 00f1 756E7369 		.ascii	"unsigned char\000"
 1343      676E6564 
 1343      20636861 
 1343      7200
 1344              	.LASF16:
 1345 00ff 72656738 		.ascii	"reg8\000"
 1345      00
 1346              	.LASF31:
 1347 0104 4E505F67 		.ascii	"NP_g_pFrameBuffer\000"
 1347      5F704672 
 1347      616D6542 
 1347      75666665 
 1347      7200
 1348              	.LASF40:
 1349 0116 4379446D 		.ascii	"CyDmaTdSetConfiguration\000"
 1349      61546453 
 1349      6574436F 
 1349      6E666967 
 1349      75726174 
 1350              	.LASF6:
 1351 012e 6C6F6E67 		.ascii	"long unsigned int\000"
 1351      20756E73 
 1351      69676E65 
 1351      6420696E 
 1351      7400
 1352              	.LASF10:
 1353 0140 75696E74 		.ascii	"uint8\000"
 1353      3800
 1354              	.LASF32:
 1355 0146 4E505F67 		.ascii	"NP_g_nFrameBufferSize\000"
 1355      5F6E4672 
 1355      616D6542 
 1355      75666665 
 1355      7253697A 
 1356              	.LASF46:
 1357 015c 474E5520 		.ascii	"GNU C 4.9.3 20150303 (release) [ARM/embedded-4_9-br"
 1357      4320342E 
 1357      392E3320 
 1357      32303135 
 1357      30333033 
 1358 018f 616E6368 		.ascii	"anch revision 221220] -mcpu=cortex-m3 -mthumb -g -O"
 1358      20726576 
 1358      6973696F 
 1358      6E203232 
 1358      31323230 
 1359 01c2 73202D73 		.ascii	"s -std=gnu99 -ffunction-sections -ffat-lto-objects\000"
 1359      74643D67 
 1359      6E753939 
 1359      202D6666 
 1359      756E6374 
 1360              	.LASF30:
 1361 01f5 4E505F67 		.ascii	"NP_g_bOwnsBuffer\000"
 1361      5F624F77 
 1361      6E734275 
 1361      66666572 
 1361      00
ARM GAS  C:\Users\IVYLIU~1\AppData\Local\Temp\ccGNVt9y.s 			page 28


 1362              	.LASF0:
 1363 0206 646F7562 		.ascii	"double\000"
 1363      6C6500
 1364              	.LASF29:
 1365 020d 4E505F67 		.ascii	"NP_g_nDMA_TD\000"
 1365      5F6E444D 
 1365      415F5444 
 1365      00
 1366              	.LASF43:
 1367 021a 4379446D 		.ascii	"CyDmaChEnable\000"
 1367      61436845 
 1367      6E61626C 
 1367      6500
 1368              	.LASF11:
 1369 0228 75696E74 		.ascii	"uint16\000"
 1369      313600
 1370              	.LASF49:
 1371 022f 4E505F53 		.ascii	"NP_Start\000"
 1371      74617274 
 1371      00
 1372              	.LASF12:
 1373 0238 75696E74 		.ascii	"uint32\000"
 1373      333200
 1374              	.LASF45:
 1375 023f 4379446D 		.ascii	"CyDmaTdFree\000"
 1375      61546446 
 1375      72656500 
 1376              	.LASF9:
 1377 024b 756E7369 		.ascii	"unsigned int\000"
 1377      676E6564 
 1377      20696E74 
 1377      00
 1378              	.LASF48:
 1379 0258 5C5C766D 		.ascii	"\\\\vmware-host\\Shared Folders\\Documents\\PSoC Cr"
 1379      77617265 
 1379      2D686F73 
 1379      745C5368 
 1379      61726564 
 1380 0286 6561746F 		.ascii	"eator\\FinalProject\\FinalV2.cydsn\000"
 1380      725C4669 
 1380      6E616C50 
 1380      726F6A65 
 1380      63745C46 
 1381              	.LASF8:
 1382 02a7 6C6F6E67 		.ascii	"long long unsigned int\000"
 1382      206C6F6E 
 1382      6720756E 
 1382      7369676E 
 1382      65642069 
 1383              	.LASF20:
 1384 02be 70427566 		.ascii	"pBuffer\000"
 1384      66657200 
 1385              	.LASF36:
 1386 02c6 4E505F4E 		.ascii	"NP_Neo_OFFTime_WritePeriod\000"
 1386      656F5F4F 
 1386      46465469 
 1386      6D655F57 
ARM GAS  C:\Users\IVYLIU~1\AppData\Local\Temp\ccGNVt9y.s 			page 29


 1386      72697465 
 1387              	.LASF18:
 1388 02e1 73697A65 		.ascii	"sizetype\000"
 1388      74797065 
 1388      00
 1389              	.LASF51:
 1390 02ea 66726565 		.ascii	"free\000"
 1390      00
 1391              	.LASF7:
 1392 02ef 6C6F6E67 		.ascii	"long long int\000"
 1392      206C6F6E 
 1392      6720696E 
 1392      7400
 1393              	.LASF14:
 1394 02fd 63686172 		.ascii	"char\000"
 1394      00
 1395              	.LASF22:
 1396 0302 66437963 		.ascii	"fCyclesTotal\000"
 1396      6C657354 
 1396      6F74616C 
 1396      00
 1397              	.LASF34:
 1398 030f 4E505F4E 		.ascii	"NP_Neo_ONTime_Start\000"
 1398      656F5F4F 
 1398      4E54696D 
 1398      655F5374 
 1398      61727400 
 1399              	.LASF28:
 1400 0323 4E505F67 		.ascii	"NP_g_nDMA_Chan\000"
 1400      5F6E444D 
 1400      415F4368 
 1400      616E00
 1401              	.LASF3:
 1402 0332 73686F72 		.ascii	"short int\000"
 1402      7420696E 
 1402      7400
 1403              	.LASF35:
 1404 033c 4E505F4E 		.ascii	"NP_Neo_OFFTime_Start\000"
 1404      656F5F4F 
 1404      46465469 
 1404      6D655F53 
 1404      74617274 
 1405              	.LASF26:
 1406 0351 4E505F53 		.ascii	"NP_Stop\000"
 1406      746F7000 
 1407              	.LASF5:
 1408 0359 6C6F6E67 		.ascii	"long int\000"
 1408      20696E74 
 1408      00
 1409              	.LASF19:
 1410 0362 6E4E756D 		.ascii	"nNumberOfNeopixels\000"
 1410      6265724F 
 1410      664E656F 
 1410      70697865 
 1410      6C7300
 1411              	.LASF21:
 1412 0375 66537065 		.ascii	"fSpeedMHz\000"
ARM GAS  C:\Users\IVYLIU~1\AppData\Local\Temp\ccGNVt9y.s 			page 30


 1412      65644D48 
 1412      7A00
 1413              	.LASF2:
 1414 037f 7369676E 		.ascii	"signed char\000"
 1414      65642063 
 1414      68617200 
 1415              	.LASF27:
 1416 038b 4E505F67 		.ascii	"NP_g_nNumberOfPixels\000"
 1416      5F6E4E75 
 1416      6D626572 
 1416      4F665069 
 1416      78656C73 
 1417              	.LASF39:
 1418 03a0 6D616C6C 		.ascii	"malloc\000"
 1418      6F6300
 1419              		.ident	"GCC: (GNU Tools for ARM Embedded Processors) 4.9.3 20150303 (release) [ARM/embedded-4_9-br
