ARM GAS  C:\Users\IVYLIU~1\AppData\Local\Temp\ccC2NF0Z.s 			page 1


   1              		.syntax unified
   2              		.cpu cortex-m3
   3              		.fpu softvfp
   4              		.eabi_attribute 20, 1
   5              		.eabi_attribute 21, 1
   6              		.eabi_attribute 23, 3
   7              		.eabi_attribute 24, 1
   8              		.eabi_attribute 25, 1
   9              		.eabi_attribute 26, 1
  10              		.eabi_attribute 30, 4
  11              		.eabi_attribute 34, 1
  12              		.eabi_attribute 18, 4
  13              		.thumb
  14              		.file	"NP_Neo_ONTime.c"
  15              		.text
  16              	.Ltext0:
  17              		.cfi_sections	.debug_frame
  18              		.section	.text.NP_Neo_ONTime_Init,"ax",%progbits
  19              		.align	1
  20              		.global	NP_Neo_ONTime_Init
  21              		.thumb
  22              		.thumb_func
  23              		.type	NP_Neo_ONTime_Init, %function
  24              	NP_Neo_ONTime_Init:
  25              	.LFB0:
  26              		.file 1 ".\\Generated_Source\\PSoC5\\NP_Neo_ONTime.c"
   1:.\Generated_Source\PSoC5/NP_Neo_ONTime.c **** /*******************************************************************************
   2:.\Generated_Source\PSoC5/NP_Neo_ONTime.c **** * File Name: NP_Neo_ONTime.c
   3:.\Generated_Source\PSoC5/NP_Neo_ONTime.c **** * Version 1.0
   4:.\Generated_Source\PSoC5/NP_Neo_ONTime.c **** *
   5:.\Generated_Source\PSoC5/NP_Neo_ONTime.c **** * Description:
   6:.\Generated_Source\PSoC5/NP_Neo_ONTime.c **** *  This file provides source code for the Count7 component's API.
   7:.\Generated_Source\PSoC5/NP_Neo_ONTime.c **** *
   8:.\Generated_Source\PSoC5/NP_Neo_ONTime.c **** * Note:
   9:.\Generated_Source\PSoC5/NP_Neo_ONTime.c **** *
  10:.\Generated_Source\PSoC5/NP_Neo_ONTime.c **** ********************************************************************************
  11:.\Generated_Source\PSoC5/NP_Neo_ONTime.c **** * Copyright 2013, Cypress Semiconductor Corporation.  All rights reserved.
  12:.\Generated_Source\PSoC5/NP_Neo_ONTime.c **** * You may use this file only in accordance with the license, terms, conditions,
  13:.\Generated_Source\PSoC5/NP_Neo_ONTime.c **** * disclaimers, and limitations in the end user license agreement accompanying
  14:.\Generated_Source\PSoC5/NP_Neo_ONTime.c **** * the software package with which this file was provided.
  15:.\Generated_Source\PSoC5/NP_Neo_ONTime.c **** *******************************************************************************/
  16:.\Generated_Source\PSoC5/NP_Neo_ONTime.c **** 
  17:.\Generated_Source\PSoC5/NP_Neo_ONTime.c **** #include "NP_Neo_ONTime.h"
  18:.\Generated_Source\PSoC5/NP_Neo_ONTime.c **** #include "CyLib.h"
  19:.\Generated_Source\PSoC5/NP_Neo_ONTime.c **** 
  20:.\Generated_Source\PSoC5/NP_Neo_ONTime.c **** 
  21:.\Generated_Source\PSoC5/NP_Neo_ONTime.c **** uint8 NP_Neo_ONTime_initVar = 0u;
  22:.\Generated_Source\PSoC5/NP_Neo_ONTime.c **** 
  23:.\Generated_Source\PSoC5/NP_Neo_ONTime.c **** 
  24:.\Generated_Source\PSoC5/NP_Neo_ONTime.c **** /*******************************************************************************
  25:.\Generated_Source\PSoC5/NP_Neo_ONTime.c **** * Function Name: NP_Neo_ONTime_Init
  26:.\Generated_Source\PSoC5/NP_Neo_ONTime.c **** ********************************************************************************
  27:.\Generated_Source\PSoC5/NP_Neo_ONTime.c **** *
  28:.\Generated_Source\PSoC5/NP_Neo_ONTime.c **** * Summary:
  29:.\Generated_Source\PSoC5/NP_Neo_ONTime.c **** *  Initializes or restores the component according to the parameter editor
  30:.\Generated_Source\PSoC5/NP_Neo_ONTime.c **** *  settings.
  31:.\Generated_Source\PSoC5/NP_Neo_ONTime.c **** *
ARM GAS  C:\Users\IVYLIU~1\AppData\Local\Temp\ccC2NF0Z.s 			page 2


  32:.\Generated_Source\PSoC5/NP_Neo_ONTime.c **** * Parameters:
  33:.\Generated_Source\PSoC5/NP_Neo_ONTime.c **** *  None
  34:.\Generated_Source\PSoC5/NP_Neo_ONTime.c **** *
  35:.\Generated_Source\PSoC5/NP_Neo_ONTime.c **** * Return:
  36:.\Generated_Source\PSoC5/NP_Neo_ONTime.c **** *  None
  37:.\Generated_Source\PSoC5/NP_Neo_ONTime.c **** *
  38:.\Generated_Source\PSoC5/NP_Neo_ONTime.c **** * Theory:
  39:.\Generated_Source\PSoC5/NP_Neo_ONTime.c **** *  It is not necessary to call Count7_Init() because the Count7_Start() API
  40:.\Generated_Source\PSoC5/NP_Neo_ONTime.c **** *  calls this function and is the preferred method to begin component
  41:.\Generated_Source\PSoC5/NP_Neo_ONTime.c **** *  operation.
  42:.\Generated_Source\PSoC5/NP_Neo_ONTime.c **** *
  43:.\Generated_Source\PSoC5/NP_Neo_ONTime.c **** *******************************************************************************/
  44:.\Generated_Source\PSoC5/NP_Neo_ONTime.c **** void NP_Neo_ONTime_Init(void) 
  45:.\Generated_Source\PSoC5/NP_Neo_ONTime.c **** {
  27              		.loc 1 45 0
  28              		.cfi_startproc
  29              		@ args = 0, pretend = 0, frame = 0
  30              		@ frame_needed = 0, uses_anonymous_args = 0
  31              		@ link register save eliminated.
  46:.\Generated_Source\PSoC5/NP_Neo_ONTime.c ****     /* Set the initial period value from parameter editor */
  47:.\Generated_Source\PSoC5/NP_Neo_ONTime.c ****     NP_Neo_ONTime_PERIOD_REG = NP_Neo_ONTime_INITIAL_PERIOD;
  32              		.loc 1 47 0
  33 0000 014B     		ldr	r3, .L2
  34 0002 0C22     		movs	r2, #12
  35 0004 1A70     		strb	r2, [r3]
  36 0006 7047     		bx	lr
  37              	.L3:
  38              		.align	2
  39              	.L2:
  40 0008 80640040 		.word	1073767552
  41              		.cfi_endproc
  42              	.LFE0:
  43              		.size	NP_Neo_ONTime_Init, .-NP_Neo_ONTime_Init
  44              		.section	.text.NP_Neo_ONTime_Enable,"ax",%progbits
  45              		.align	1
  46              		.global	NP_Neo_ONTime_Enable
  47              		.thumb
  48              		.thumb_func
  49              		.type	NP_Neo_ONTime_Enable, %function
  50              	NP_Neo_ONTime_Enable:
  51              	.LFB1:
  48:.\Generated_Source\PSoC5/NP_Neo_ONTime.c **** }
  49:.\Generated_Source\PSoC5/NP_Neo_ONTime.c **** 
  50:.\Generated_Source\PSoC5/NP_Neo_ONTime.c **** 
  51:.\Generated_Source\PSoC5/NP_Neo_ONTime.c **** /*******************************************************************************
  52:.\Generated_Source\PSoC5/NP_Neo_ONTime.c **** * Function Name: NP_Neo_ONTime_Enable
  53:.\Generated_Source\PSoC5/NP_Neo_ONTime.c **** ********************************************************************************
  54:.\Generated_Source\PSoC5/NP_Neo_ONTime.c **** *
  55:.\Generated_Source\PSoC5/NP_Neo_ONTime.c **** * Summary:
  56:.\Generated_Source\PSoC5/NP_Neo_ONTime.c **** *  Enables the software enable of the counter.
  57:.\Generated_Source\PSoC5/NP_Neo_ONTime.c **** *
  58:.\Generated_Source\PSoC5/NP_Neo_ONTime.c **** * Parameters:
  59:.\Generated_Source\PSoC5/NP_Neo_ONTime.c **** *  None
  60:.\Generated_Source\PSoC5/NP_Neo_ONTime.c **** *
  61:.\Generated_Source\PSoC5/NP_Neo_ONTime.c **** * Return:
  62:.\Generated_Source\PSoC5/NP_Neo_ONTime.c **** *  None
  63:.\Generated_Source\PSoC5/NP_Neo_ONTime.c **** *
ARM GAS  C:\Users\IVYLIU~1\AppData\Local\Temp\ccC2NF0Z.s 			page 3


  64:.\Generated_Source\PSoC5/NP_Neo_ONTime.c **** * Theory:
  65:.\Generated_Source\PSoC5/NP_Neo_ONTime.c **** *  It is not necessary to call Count7_Enable() because the Count7_Start() API
  66:.\Generated_Source\PSoC5/NP_Neo_ONTime.c **** *  calls this function, which is the preferred method to begin component
  67:.\Generated_Source\PSoC5/NP_Neo_ONTime.c **** *  operation.
  68:.\Generated_Source\PSoC5/NP_Neo_ONTime.c **** *  This API performs modification of auxiliary control register which is a
  69:.\Generated_Source\PSoC5/NP_Neo_ONTime.c **** *  shared resource so it is required to disable interrupts until the
  70:.\Generated_Source\PSoC5/NP_Neo_ONTime.c **** *  modification will complete.
  71:.\Generated_Source\PSoC5/NP_Neo_ONTime.c **** *
  72:.\Generated_Source\PSoC5/NP_Neo_ONTime.c **** *******************************************************************************/
  73:.\Generated_Source\PSoC5/NP_Neo_ONTime.c **** void NP_Neo_ONTime_Enable(void) 
  74:.\Generated_Source\PSoC5/NP_Neo_ONTime.c **** {
  52              		.loc 1 74 0
  53              		.cfi_startproc
  54              		@ args = 0, pretend = 0, frame = 0
  55              		@ frame_needed = 0, uses_anonymous_args = 0
  56 0000 08B5     		push	{r3, lr}
  57              		.cfi_def_cfa_offset 8
  58              		.cfi_offset 3, -8
  59              		.cfi_offset 14, -4
  75:.\Generated_Source\PSoC5/NP_Neo_ONTime.c ****     uint8 interruptState;
  76:.\Generated_Source\PSoC5/NP_Neo_ONTime.c **** 
  77:.\Generated_Source\PSoC5/NP_Neo_ONTime.c ****     interruptState = CyEnterCriticalSection();
  60              		.loc 1 77 0
  61 0002 FFF7FEFF 		bl	CyEnterCriticalSection
  62              	.LVL0:
  78:.\Generated_Source\PSoC5/NP_Neo_ONTime.c ****     /* Set the counter start bit in auxiliary control. If routed enable
  79:.\Generated_Source\PSoC5/NP_Neo_ONTime.c ****     * isn't used then this will immediately star the Count7 operation.
  80:.\Generated_Source\PSoC5/NP_Neo_ONTime.c ****     */
  81:.\Generated_Source\PSoC5/NP_Neo_ONTime.c ****     NP_Neo_ONTime_AUX_CONTROL_REG |= NP_Neo_ONTime_COUNTER_START;
  63              		.loc 1 81 0
  64 0006 044A     		ldr	r2, .L5
  65 0008 1378     		ldrb	r3, [r2]	@ zero_extendqisi2
  66 000a 43F02003 		orr	r3, r3, #32
  67 000e 1370     		strb	r3, [r2]
  82:.\Generated_Source\PSoC5/NP_Neo_ONTime.c **** 
  83:.\Generated_Source\PSoC5/NP_Neo_ONTime.c ****     CyExitCriticalSection(interruptState);
  84:.\Generated_Source\PSoC5/NP_Neo_ONTime.c **** }
  68              		.loc 1 84 0
  69 0010 BDE80840 		pop	{r3, lr}
  70              		.cfi_restore 14
  71              		.cfi_restore 3
  72              		.cfi_def_cfa_offset 0
  83:.\Generated_Source\PSoC5/NP_Neo_ONTime.c **** }
  73              		.loc 1 83 0
  74 0014 FFF7FEBF 		b	CyExitCriticalSection
  75              	.LVL1:
  76              	.L6:
  77              		.align	2
  78              	.L5:
  79 0018 90640040 		.word	1073767568
  80              		.cfi_endproc
  81              	.LFE1:
  82              		.size	NP_Neo_ONTime_Enable, .-NP_Neo_ONTime_Enable
  83              		.section	.text.NP_Neo_ONTime_Start,"ax",%progbits
  84              		.align	1
  85              		.global	NP_Neo_ONTime_Start
  86              		.thumb
ARM GAS  C:\Users\IVYLIU~1\AppData\Local\Temp\ccC2NF0Z.s 			page 4


  87              		.thumb_func
  88              		.type	NP_Neo_ONTime_Start, %function
  89              	NP_Neo_ONTime_Start:
  90              	.LFB2:
  85:.\Generated_Source\PSoC5/NP_Neo_ONTime.c **** 
  86:.\Generated_Source\PSoC5/NP_Neo_ONTime.c **** 
  87:.\Generated_Source\PSoC5/NP_Neo_ONTime.c **** /*******************************************************************************
  88:.\Generated_Source\PSoC5/NP_Neo_ONTime.c **** * Function Name: NP_Neo_ONTime_Start
  89:.\Generated_Source\PSoC5/NP_Neo_ONTime.c **** ********************************************************************************
  90:.\Generated_Source\PSoC5/NP_Neo_ONTime.c **** *
  91:.\Generated_Source\PSoC5/NP_Neo_ONTime.c **** * Summary:
  92:.\Generated_Source\PSoC5/NP_Neo_ONTime.c **** *  Performs all of the required initialization for the component and enables
  93:.\Generated_Source\PSoC5/NP_Neo_ONTime.c **** *  the counter. The first time the routine is executed, the period is set as
  94:.\Generated_Source\PSoC5/NP_Neo_ONTime.c **** *  configured in the customizer. When called to restart the counter following a
  95:.\Generated_Source\PSoC5/NP_Neo_ONTime.c **** *  Count7_Stop() call, the current period value is retained.
  96:.\Generated_Source\PSoC5/NP_Neo_ONTime.c **** *
  97:.\Generated_Source\PSoC5/NP_Neo_ONTime.c **** * Parameters:
  98:.\Generated_Source\PSoC5/NP_Neo_ONTime.c **** *  None.
  99:.\Generated_Source\PSoC5/NP_Neo_ONTime.c **** *
 100:.\Generated_Source\PSoC5/NP_Neo_ONTime.c **** * Global Variables:
 101:.\Generated_Source\PSoC5/NP_Neo_ONTime.c **** *  NP_Neo_ONTime_initVar - global variable.
 102:.\Generated_Source\PSoC5/NP_Neo_ONTime.c **** *
 103:.\Generated_Source\PSoC5/NP_Neo_ONTime.c **** * Return:
 104:.\Generated_Source\PSoC5/NP_Neo_ONTime.c **** *  None.
 105:.\Generated_Source\PSoC5/NP_Neo_ONTime.c **** *
 106:.\Generated_Source\PSoC5/NP_Neo_ONTime.c **** *******************************************************************************/
 107:.\Generated_Source\PSoC5/NP_Neo_ONTime.c **** void NP_Neo_ONTime_Start(void) 
 108:.\Generated_Source\PSoC5/NP_Neo_ONTime.c **** {
  91              		.loc 1 108 0
  92              		.cfi_startproc
  93              		@ args = 0, pretend = 0, frame = 0
  94              		@ frame_needed = 0, uses_anonymous_args = 0
  95              		@ link register save eliminated.
 109:.\Generated_Source\PSoC5/NP_Neo_ONTime.c ****     /* If not initialized then perform initialization */
 110:.\Generated_Source\PSoC5/NP_Neo_ONTime.c ****     if(NP_Neo_ONTime_initVar == 0u)
  96              		.loc 1 110 0
  97 0000 044B     		ldr	r3, .L10
  98 0002 1A78     		ldrb	r2, [r3]	@ zero_extendqisi2
  99 0004 22B9     		cbnz	r2, .L8
 100              	.LBB4:
 101              	.LBB5:
  47:.\Generated_Source\PSoC5/NP_Neo_ONTime.c **** }
 102              		.loc 1 47 0
 103 0006 044A     		ldr	r2, .L10+4
 104 0008 0C21     		movs	r1, #12
 105 000a 1170     		strb	r1, [r2]
 106              	.LBE5:
 107              	.LBE4:
 111:.\Generated_Source\PSoC5/NP_Neo_ONTime.c ****     {
 112:.\Generated_Source\PSoC5/NP_Neo_ONTime.c ****         NP_Neo_ONTime_Init();
 113:.\Generated_Source\PSoC5/NP_Neo_ONTime.c ****         NP_Neo_ONTime_initVar = 1u;
 108              		.loc 1 113 0
 109 000c 0122     		movs	r2, #1
 110 000e 1A70     		strb	r2, [r3]
 111              	.L8:
 114:.\Generated_Source\PSoC5/NP_Neo_ONTime.c ****     }
 115:.\Generated_Source\PSoC5/NP_Neo_ONTime.c **** 
ARM GAS  C:\Users\IVYLIU~1\AppData\Local\Temp\ccC2NF0Z.s 			page 5


 116:.\Generated_Source\PSoC5/NP_Neo_ONTime.c ****     /* Enable Count7 */
 117:.\Generated_Source\PSoC5/NP_Neo_ONTime.c ****     NP_Neo_ONTime_Enable();
 112              		.loc 1 117 0
 113 0010 FFF7FEBF 		b	NP_Neo_ONTime_Enable
 114              	.LVL2:
 115              	.L11:
 116              		.align	2
 117              	.L10:
 118 0014 00000000 		.word	.LANCHOR0
 119 0018 80640040 		.word	1073767552
 120              		.cfi_endproc
 121              	.LFE2:
 122              		.size	NP_Neo_ONTime_Start, .-NP_Neo_ONTime_Start
 123              		.section	.text.NP_Neo_ONTime_Stop,"ax",%progbits
 124              		.align	1
 125              		.global	NP_Neo_ONTime_Stop
 126              		.thumb
 127              		.thumb_func
 128              		.type	NP_Neo_ONTime_Stop, %function
 129              	NP_Neo_ONTime_Stop:
 130              	.LFB3:
 118:.\Generated_Source\PSoC5/NP_Neo_ONTime.c **** }
 119:.\Generated_Source\PSoC5/NP_Neo_ONTime.c **** 
 120:.\Generated_Source\PSoC5/NP_Neo_ONTime.c **** 
 121:.\Generated_Source\PSoC5/NP_Neo_ONTime.c **** /*******************************************************************************
 122:.\Generated_Source\PSoC5/NP_Neo_ONTime.c **** * Function Name: NP_Neo_ONTime_Stop
 123:.\Generated_Source\PSoC5/NP_Neo_ONTime.c **** ********************************************************************************
 124:.\Generated_Source\PSoC5/NP_Neo_ONTime.c **** *
 125:.\Generated_Source\PSoC5/NP_Neo_ONTime.c **** * Summary:
 126:.\Generated_Source\PSoC5/NP_Neo_ONTime.c **** *  Disables the software enable of the counter.
 127:.\Generated_Source\PSoC5/NP_Neo_ONTime.c **** *
 128:.\Generated_Source\PSoC5/NP_Neo_ONTime.c **** * Parameters:
 129:.\Generated_Source\PSoC5/NP_Neo_ONTime.c **** *  None
 130:.\Generated_Source\PSoC5/NP_Neo_ONTime.c **** *
 131:.\Generated_Source\PSoC5/NP_Neo_ONTime.c **** * Return:
 132:.\Generated_Source\PSoC5/NP_Neo_ONTime.c **** *  None
 133:.\Generated_Source\PSoC5/NP_Neo_ONTime.c **** *
 134:.\Generated_Source\PSoC5/NP_Neo_ONTime.c **** *******************************************************************************/
 135:.\Generated_Source\PSoC5/NP_Neo_ONTime.c **** void NP_Neo_ONTime_Stop(void) 
 136:.\Generated_Source\PSoC5/NP_Neo_ONTime.c **** {
 131              		.loc 1 136 0
 132              		.cfi_startproc
 133              		@ args = 0, pretend = 0, frame = 0
 134              		@ frame_needed = 0, uses_anonymous_args = 0
 135 0000 08B5     		push	{r3, lr}
 136              		.cfi_def_cfa_offset 8
 137              		.cfi_offset 3, -8
 138              		.cfi_offset 14, -4
 137:.\Generated_Source\PSoC5/NP_Neo_ONTime.c ****     uint8 interruptState;
 138:.\Generated_Source\PSoC5/NP_Neo_ONTime.c **** 
 139:.\Generated_Source\PSoC5/NP_Neo_ONTime.c ****     interruptState = CyEnterCriticalSection();
 139              		.loc 1 139 0
 140 0002 FFF7FEFF 		bl	CyEnterCriticalSection
 141              	.LVL3:
 140:.\Generated_Source\PSoC5/NP_Neo_ONTime.c ****     /* Clear the counter start bit in auxiliary control. */
 141:.\Generated_Source\PSoC5/NP_Neo_ONTime.c ****     NP_Neo_ONTime_AUX_CONTROL_REG &= (uint8) ~((uint8) NP_Neo_ONTime_COUNTER_START);
 142              		.loc 1 141 0
ARM GAS  C:\Users\IVYLIU~1\AppData\Local\Temp\ccC2NF0Z.s 			page 6


 143 0006 044A     		ldr	r2, .L13
 144 0008 1378     		ldrb	r3, [r2]	@ zero_extendqisi2
 145 000a 03F0DF03 		and	r3, r3, #223
 146 000e 1370     		strb	r3, [r2]
 142:.\Generated_Source\PSoC5/NP_Neo_ONTime.c **** 
 143:.\Generated_Source\PSoC5/NP_Neo_ONTime.c ****     CyExitCriticalSection(interruptState);
 144:.\Generated_Source\PSoC5/NP_Neo_ONTime.c **** }
 147              		.loc 1 144 0
 148 0010 BDE80840 		pop	{r3, lr}
 149              		.cfi_restore 14
 150              		.cfi_restore 3
 151              		.cfi_def_cfa_offset 0
 143:.\Generated_Source\PSoC5/NP_Neo_ONTime.c **** }
 152              		.loc 1 143 0
 153 0014 FFF7FEBF 		b	CyExitCriticalSection
 154              	.LVL4:
 155              	.L14:
 156              		.align	2
 157              	.L13:
 158 0018 90640040 		.word	1073767568
 159              		.cfi_endproc
 160              	.LFE3:
 161              		.size	NP_Neo_ONTime_Stop, .-NP_Neo_ONTime_Stop
 162              		.section	.text.NP_Neo_ONTime_WriteCounter,"ax",%progbits
 163              		.align	1
 164              		.global	NP_Neo_ONTime_WriteCounter
 165              		.thumb
 166              		.thumb_func
 167              		.type	NP_Neo_ONTime_WriteCounter, %function
 168              	NP_Neo_ONTime_WriteCounter:
 169              	.LFB4:
 145:.\Generated_Source\PSoC5/NP_Neo_ONTime.c **** 
 146:.\Generated_Source\PSoC5/NP_Neo_ONTime.c **** 
 147:.\Generated_Source\PSoC5/NP_Neo_ONTime.c **** /*******************************************************************************
 148:.\Generated_Source\PSoC5/NP_Neo_ONTime.c **** * Function Name: NP_Neo_ONTime_WriteCounter
 149:.\Generated_Source\PSoC5/NP_Neo_ONTime.c **** ********************************************************************************
 150:.\Generated_Source\PSoC5/NP_Neo_ONTime.c **** *
 151:.\Generated_Source\PSoC5/NP_Neo_ONTime.c **** * Summary:
 152:.\Generated_Source\PSoC5/NP_Neo_ONTime.c **** *  This function writes the counter directly. The counter should be disabled
 153:.\Generated_Source\PSoC5/NP_Neo_ONTime.c **** *  before calling this function.
 154:.\Generated_Source\PSoC5/NP_Neo_ONTime.c **** *
 155:.\Generated_Source\PSoC5/NP_Neo_ONTime.c **** * Parameters:
 156:.\Generated_Source\PSoC5/NP_Neo_ONTime.c **** *  count - Value to be written to counter.
 157:.\Generated_Source\PSoC5/NP_Neo_ONTime.c **** *
 158:.\Generated_Source\PSoC5/NP_Neo_ONTime.c **** * Return:
 159:.\Generated_Source\PSoC5/NP_Neo_ONTime.c **** *  None
 160:.\Generated_Source\PSoC5/NP_Neo_ONTime.c **** *
 161:.\Generated_Source\PSoC5/NP_Neo_ONTime.c **** *******************************************************************************/
 162:.\Generated_Source\PSoC5/NP_Neo_ONTime.c **** void NP_Neo_ONTime_WriteCounter(uint8 count) 
 163:.\Generated_Source\PSoC5/NP_Neo_ONTime.c **** {
 170              		.loc 1 163 0
 171              		.cfi_startproc
 172              		@ args = 0, pretend = 0, frame = 0
 173              		@ frame_needed = 0, uses_anonymous_args = 0
 174              		@ link register save eliminated.
 175              	.LVL5:
 164:.\Generated_Source\PSoC5/NP_Neo_ONTime.c ****     NP_Neo_ONTime_COUNT_REG = (count & NP_Neo_ONTime_COUNT_7BIT_MASK);
ARM GAS  C:\Users\IVYLIU~1\AppData\Local\Temp\ccC2NF0Z.s 			page 7


 176              		.loc 1 164 0
 177 0000 024B     		ldr	r3, .L16
 178 0002 00F07F00 		and	r0, r0, #127
 179              	.LVL6:
 180 0006 1870     		strb	r0, [r3]
 181 0008 7047     		bx	lr
 182              	.L17:
 183 000a 00BF     		.align	2
 184              	.L16:
 185 000c 70640040 		.word	1073767536
 186              		.cfi_endproc
 187              	.LFE4:
 188              		.size	NP_Neo_ONTime_WriteCounter, .-NP_Neo_ONTime_WriteCounter
 189              		.section	.text.NP_Neo_ONTime_ReadCounter,"ax",%progbits
 190              		.align	1
 191              		.global	NP_Neo_ONTime_ReadCounter
 192              		.thumb
 193              		.thumb_func
 194              		.type	NP_Neo_ONTime_ReadCounter, %function
 195              	NP_Neo_ONTime_ReadCounter:
 196              	.LFB5:
 165:.\Generated_Source\PSoC5/NP_Neo_ONTime.c **** }
 166:.\Generated_Source\PSoC5/NP_Neo_ONTime.c **** 
 167:.\Generated_Source\PSoC5/NP_Neo_ONTime.c **** 
 168:.\Generated_Source\PSoC5/NP_Neo_ONTime.c **** /*******************************************************************************
 169:.\Generated_Source\PSoC5/NP_Neo_ONTime.c **** * Function Name: NP_Neo_ONTime_ReadCounter
 170:.\Generated_Source\PSoC5/NP_Neo_ONTime.c **** ********************************************************************************
 171:.\Generated_Source\PSoC5/NP_Neo_ONTime.c **** *
 172:.\Generated_Source\PSoC5/NP_Neo_ONTime.c **** * Summary:
 173:.\Generated_Source\PSoC5/NP_Neo_ONTime.c **** *  This function reads the counter value.
 174:.\Generated_Source\PSoC5/NP_Neo_ONTime.c **** *
 175:.\Generated_Source\PSoC5/NP_Neo_ONTime.c **** * Parameters:
 176:.\Generated_Source\PSoC5/NP_Neo_ONTime.c **** *  None
 177:.\Generated_Source\PSoC5/NP_Neo_ONTime.c **** *
 178:.\Generated_Source\PSoC5/NP_Neo_ONTime.c **** * Return:
 179:.\Generated_Source\PSoC5/NP_Neo_ONTime.c **** *  None
 180:.\Generated_Source\PSoC5/NP_Neo_ONTime.c **** *
 181:.\Generated_Source\PSoC5/NP_Neo_ONTime.c **** *******************************************************************************/
 182:.\Generated_Source\PSoC5/NP_Neo_ONTime.c **** uint8 NP_Neo_ONTime_ReadCounter(void) 
 183:.\Generated_Source\PSoC5/NP_Neo_ONTime.c **** {
 197              		.loc 1 183 0
 198              		.cfi_startproc
 199              		@ args = 0, pretend = 0, frame = 0
 200              		@ frame_needed = 0, uses_anonymous_args = 0
 201              		@ link register save eliminated.
 184:.\Generated_Source\PSoC5/NP_Neo_ONTime.c ****     return(NP_Neo_ONTime_COUNT_REG & NP_Neo_ONTime_COUNT_7BIT_MASK);
 202              		.loc 1 184 0
 203 0000 024B     		ldr	r3, .L19
 204 0002 1878     		ldrb	r0, [r3]	@ zero_extendqisi2
 185:.\Generated_Source\PSoC5/NP_Neo_ONTime.c **** }
 205              		.loc 1 185 0
 206 0004 00F07F00 		and	r0, r0, #127
 207 0008 7047     		bx	lr
 208              	.L20:
 209 000a 00BF     		.align	2
 210              	.L19:
 211 000c 70640040 		.word	1073767536
ARM GAS  C:\Users\IVYLIU~1\AppData\Local\Temp\ccC2NF0Z.s 			page 8


 212              		.cfi_endproc
 213              	.LFE5:
 214              		.size	NP_Neo_ONTime_ReadCounter, .-NP_Neo_ONTime_ReadCounter
 215              		.section	.text.NP_Neo_ONTime_WritePeriod,"ax",%progbits
 216              		.align	1
 217              		.global	NP_Neo_ONTime_WritePeriod
 218              		.thumb
 219              		.thumb_func
 220              		.type	NP_Neo_ONTime_WritePeriod, %function
 221              	NP_Neo_ONTime_WritePeriod:
 222              	.LFB6:
 186:.\Generated_Source\PSoC5/NP_Neo_ONTime.c **** 
 187:.\Generated_Source\PSoC5/NP_Neo_ONTime.c **** 
 188:.\Generated_Source\PSoC5/NP_Neo_ONTime.c **** /*******************************************************************************
 189:.\Generated_Source\PSoC5/NP_Neo_ONTime.c **** * Function Name: NP_Neo_ONTime_WritePeriod
 190:.\Generated_Source\PSoC5/NP_Neo_ONTime.c **** ********************************************************************************
 191:.\Generated_Source\PSoC5/NP_Neo_ONTime.c **** *
 192:.\Generated_Source\PSoC5/NP_Neo_ONTime.c **** * Summary:
 193:.\Generated_Source\PSoC5/NP_Neo_ONTime.c **** *  This function writes the period register. The actual period is one greater
 194:.\Generated_Source\PSoC5/NP_Neo_ONTime.c **** *  than the value in the period register since the counting sequence starts
 195:.\Generated_Source\PSoC5/NP_Neo_ONTime.c **** *  with the period register and counts down to 0 inclusive. The period of the
 196:.\Generated_Source\PSoC5/NP_Neo_ONTime.c **** *  counter output does not change until the counter is reloaded following the
 197:.\Generated_Source\PSoC5/NP_Neo_ONTime.c **** *  terminal count value of 0 or due to a hardware load signal.
 198:.\Generated_Source\PSoC5/NP_Neo_ONTime.c **** *
 199:.\Generated_Source\PSoC5/NP_Neo_ONTime.c **** * Parameters:
 200:.\Generated_Source\PSoC5/NP_Neo_ONTime.c **** *  period - Period value to be written.
 201:.\Generated_Source\PSoC5/NP_Neo_ONTime.c **** *
 202:.\Generated_Source\PSoC5/NP_Neo_ONTime.c **** * Return:
 203:.\Generated_Source\PSoC5/NP_Neo_ONTime.c **** *  None
 204:.\Generated_Source\PSoC5/NP_Neo_ONTime.c **** *
 205:.\Generated_Source\PSoC5/NP_Neo_ONTime.c **** *******************************************************************************/
 206:.\Generated_Source\PSoC5/NP_Neo_ONTime.c **** void NP_Neo_ONTime_WritePeriod(uint8 period) 
 207:.\Generated_Source\PSoC5/NP_Neo_ONTime.c **** {
 223              		.loc 1 207 0
 224              		.cfi_startproc
 225              		@ args = 0, pretend = 0, frame = 0
 226              		@ frame_needed = 0, uses_anonymous_args = 0
 227              		@ link register save eliminated.
 228              	.LVL7:
 208:.\Generated_Source\PSoC5/NP_Neo_ONTime.c ****     NP_Neo_ONTime_PERIOD_REG = period;
 229              		.loc 1 208 0
 230 0000 014B     		ldr	r3, .L22
 231 0002 1870     		strb	r0, [r3]
 232 0004 7047     		bx	lr
 233              	.L23:
 234 0006 00BF     		.align	2
 235              	.L22:
 236 0008 80640040 		.word	1073767552
 237              		.cfi_endproc
 238              	.LFE6:
 239              		.size	NP_Neo_ONTime_WritePeriod, .-NP_Neo_ONTime_WritePeriod
 240              		.section	.text.NP_Neo_ONTime_ReadPeriod,"ax",%progbits
 241              		.align	1
 242              		.global	NP_Neo_ONTime_ReadPeriod
 243              		.thumb
 244              		.thumb_func
 245              		.type	NP_Neo_ONTime_ReadPeriod, %function
ARM GAS  C:\Users\IVYLIU~1\AppData\Local\Temp\ccC2NF0Z.s 			page 9


 246              	NP_Neo_ONTime_ReadPeriod:
 247              	.LFB7:
 209:.\Generated_Source\PSoC5/NP_Neo_ONTime.c **** }
 210:.\Generated_Source\PSoC5/NP_Neo_ONTime.c **** 
 211:.\Generated_Source\PSoC5/NP_Neo_ONTime.c **** 
 212:.\Generated_Source\PSoC5/NP_Neo_ONTime.c **** /*******************************************************************************
 213:.\Generated_Source\PSoC5/NP_Neo_ONTime.c **** * Function Name: NP_Neo_ONTime_ReadPeriod
 214:.\Generated_Source\PSoC5/NP_Neo_ONTime.c **** ********************************************************************************
 215:.\Generated_Source\PSoC5/NP_Neo_ONTime.c **** *
 216:.\Generated_Source\PSoC5/NP_Neo_ONTime.c **** * Summary:
 217:.\Generated_Source\PSoC5/NP_Neo_ONTime.c **** *  This function reads the period register.
 218:.\Generated_Source\PSoC5/NP_Neo_ONTime.c **** *
 219:.\Generated_Source\PSoC5/NP_Neo_ONTime.c **** * Parameters:
 220:.\Generated_Source\PSoC5/NP_Neo_ONTime.c **** *  None
 221:.\Generated_Source\PSoC5/NP_Neo_ONTime.c **** *
 222:.\Generated_Source\PSoC5/NP_Neo_ONTime.c **** * Return:
 223:.\Generated_Source\PSoC5/NP_Neo_ONTime.c **** *  uint8 - Current period value.
 224:.\Generated_Source\PSoC5/NP_Neo_ONTime.c **** *
 225:.\Generated_Source\PSoC5/NP_Neo_ONTime.c **** *******************************************************************************/
 226:.\Generated_Source\PSoC5/NP_Neo_ONTime.c **** uint8 NP_Neo_ONTime_ReadPeriod(void) 
 227:.\Generated_Source\PSoC5/NP_Neo_ONTime.c **** {
 248              		.loc 1 227 0
 249              		.cfi_startproc
 250              		@ args = 0, pretend = 0, frame = 0
 251              		@ frame_needed = 0, uses_anonymous_args = 0
 252              		@ link register save eliminated.
 228:.\Generated_Source\PSoC5/NP_Neo_ONTime.c ****     return(NP_Neo_ONTime_PERIOD_REG);
 253              		.loc 1 228 0
 254 0000 014B     		ldr	r3, .L25
 255 0002 1878     		ldrb	r0, [r3]	@ zero_extendqisi2
 229:.\Generated_Source\PSoC5/NP_Neo_ONTime.c **** }
 256              		.loc 1 229 0
 257 0004 7047     		bx	lr
 258              	.L26:
 259 0006 00BF     		.align	2
 260              	.L25:
 261 0008 80640040 		.word	1073767552
 262              		.cfi_endproc
 263              	.LFE7:
 264              		.size	NP_Neo_ONTime_ReadPeriod, .-NP_Neo_ONTime_ReadPeriod
 265              		.global	NP_Neo_ONTime_initVar
 266              		.bss
 267              		.set	.LANCHOR0,. + 0
 268              		.type	NP_Neo_ONTime_initVar, %object
 269              		.size	NP_Neo_ONTime_initVar, 1
 270              	NP_Neo_ONTime_initVar:
 271 0000 00       		.space	1
 272              		.text
 273              	.Letext0:
 274              		.file 2 ".\\Generated_Source\\PSoC5\\cytypes.h"
 275              		.file 3 ".\\Generated_Source\\PSoC5\\CyLib.h"
 276              		.section	.debug_info,"",%progbits
 277              	.Ldebug_info0:
 278 0000 EF010000 		.4byte	0x1ef
 279 0004 0400     		.2byte	0x4
 280 0006 00000000 		.4byte	.Ldebug_abbrev0
 281 000a 04       		.byte	0x4
ARM GAS  C:\Users\IVYLIU~1\AppData\Local\Temp\ccC2NF0Z.s 			page 10


 282 000b 01       		.uleb128 0x1
 283 000c 0C010000 		.4byte	.LASF25
 284 0010 01       		.byte	0x1
 285 0011 16000000 		.4byte	.LASF26
 286 0015 EB010000 		.4byte	.LASF27
 287 0019 00000000 		.4byte	.Ldebug_ranges0+0
 288 001d 00000000 		.4byte	0
 289 0021 00000000 		.4byte	.Ldebug_line0
 290 0025 02       		.uleb128 0x2
 291 0026 01       		.byte	0x1
 292 0027 06       		.byte	0x6
 293 0028 AC020000 		.4byte	.LASF0
 294 002c 02       		.uleb128 0x2
 295 002d 01       		.byte	0x1
 296 002e 08       		.byte	0x8
 297 002f D2000000 		.4byte	.LASF1
 298 0033 02       		.uleb128 0x2
 299 0034 02       		.byte	0x2
 300 0035 05       		.byte	0x5
 301 0036 6C020000 		.4byte	.LASF2
 302 003a 02       		.uleb128 0x2
 303 003b 02       		.byte	0x2
 304 003c 07       		.byte	0x7
 305 003d 4C000000 		.4byte	.LASF3
 306 0041 02       		.uleb128 0x2
 307 0042 04       		.byte	0x4
 308 0043 05       		.byte	0x5
 309 0044 90020000 		.4byte	.LASF4
 310 0048 02       		.uleb128 0x2
 311 0049 04       		.byte	0x4
 312 004a 07       		.byte	0x7
 313 004b F4000000 		.4byte	.LASF5
 314 004f 02       		.uleb128 0x2
 315 0050 08       		.byte	0x8
 316 0051 05       		.byte	0x5
 317 0052 59020000 		.4byte	.LASF6
 318 0056 02       		.uleb128 0x2
 319 0057 08       		.byte	0x8
 320 0058 07       		.byte	0x7
 321 0059 BB000000 		.4byte	.LASF7
 322 005d 03       		.uleb128 0x3
 323 005e 04       		.byte	0x4
 324 005f 05       		.byte	0x5
 325 0060 696E7400 		.ascii	"int\000"
 326 0064 02       		.uleb128 0x2
 327 0065 04       		.byte	0x4
 328 0066 07       		.byte	0x7
 329 0067 DE010000 		.4byte	.LASF8
 330 006b 04       		.uleb128 0x4
 331 006c 06010000 		.4byte	.LASF12
 332 0070 02       		.byte	0x2
 333 0071 9201     		.2byte	0x192
 334 0073 2C000000 		.4byte	0x2c
 335 0077 02       		.uleb128 0x2
 336 0078 04       		.byte	0x4
 337 0079 04       		.byte	0x4
 338 007a B5000000 		.4byte	.LASF9
ARM GAS  C:\Users\IVYLIU~1\AppData\Local\Temp\ccC2NF0Z.s 			page 11


 339 007e 02       		.uleb128 0x2
 340 007f 08       		.byte	0x8
 341 0080 04       		.byte	0x4
 342 0081 C0010000 		.4byte	.LASF10
 343 0085 02       		.uleb128 0x2
 344 0086 01       		.byte	0x1
 345 0087 08       		.byte	0x8
 346 0088 67020000 		.4byte	.LASF11
 347 008c 04       		.uleb128 0x4
 348 008d E0000000 		.4byte	.LASF13
 349 0091 02       		.byte	0x2
 350 0092 3C02     		.2byte	0x23c
 351 0094 98000000 		.4byte	0x98
 352 0098 05       		.uleb128 0x5
 353 0099 6B000000 		.4byte	0x6b
 354 009d 02       		.uleb128 0x2
 355 009e 04       		.byte	0x4
 356 009f 07       		.byte	0x7
 357 00a0 50020000 		.4byte	.LASF14
 358 00a4 06       		.uleb128 0x6
 359 00a5 99020000 		.4byte	.LASF28
 360 00a9 01       		.byte	0x1
 361 00aa 2C       		.byte	0x2c
 362 00ab 01       		.byte	0x1
 363 00ac 07       		.uleb128 0x7
 364 00ad A4000000 		.4byte	0xa4
 365 00b1 00000000 		.4byte	.LFB0
 366 00b5 0C000000 		.4byte	.LFE0-.LFB0
 367 00b9 01       		.uleb128 0x1
 368 00ba 9C       		.byte	0x9c
 369 00bb 08       		.uleb128 0x8
 370 00bc 79000000 		.4byte	.LASF15
 371 00c0 01       		.byte	0x1
 372 00c1 49       		.byte	0x49
 373 00c2 00000000 		.4byte	.LFB1
 374 00c6 1C000000 		.4byte	.LFE1-.LFB1
 375 00ca 01       		.uleb128 0x1
 376 00cb 9C       		.byte	0x9c
 377 00cc F2000000 		.4byte	0xf2
 378 00d0 09       		.uleb128 0x9
 379 00d1 E5000000 		.4byte	.LASF18
 380 00d5 01       		.byte	0x1
 381 00d6 4B       		.byte	0x4b
 382 00d7 6B000000 		.4byte	0x6b
 383 00db 00000000 		.4byte	.LLST0
 384 00df 0A       		.uleb128 0xa
 385 00e0 06000000 		.4byte	.LVL0
 386 00e4 DA010000 		.4byte	0x1da
 387 00e8 0B       		.uleb128 0xb
 388 00e9 18000000 		.4byte	.LVL1
 389 00ed E5010000 		.4byte	0x1e5
 390 00f1 00       		.byte	0
 391 00f2 08       		.uleb128 0x8
 392 00f3 A1000000 		.4byte	.LASF16
 393 00f7 01       		.byte	0x1
 394 00f8 6B       		.byte	0x6b
 395 00f9 00000000 		.4byte	.LFB2
ARM GAS  C:\Users\IVYLIU~1\AppData\Local\Temp\ccC2NF0Z.s 			page 12


 396 00fd 1C000000 		.4byte	.LFE2-.LFB2
 397 0101 01       		.uleb128 0x1
 398 0102 9C       		.byte	0x9c
 399 0103 20010000 		.4byte	0x120
 400 0107 0C       		.uleb128 0xc
 401 0108 A4000000 		.4byte	0xa4
 402 010c 06000000 		.4byte	.LBB4
 403 0110 06000000 		.4byte	.LBE4-.LBB4
 404 0114 01       		.byte	0x1
 405 0115 70       		.byte	0x70
 406 0116 0B       		.uleb128 0xb
 407 0117 14000000 		.4byte	.LVL2
 408 011b BB000000 		.4byte	0xbb
 409 011f 00       		.byte	0
 410 0120 08       		.uleb128 0x8
 411 0121 8E000000 		.4byte	.LASF17
 412 0125 01       		.byte	0x1
 413 0126 87       		.byte	0x87
 414 0127 00000000 		.4byte	.LFB3
 415 012b 1C000000 		.4byte	.LFE3-.LFB3
 416 012f 01       		.uleb128 0x1
 417 0130 9C       		.byte	0x9c
 418 0131 57010000 		.4byte	0x157
 419 0135 09       		.uleb128 0x9
 420 0136 E5000000 		.4byte	.LASF18
 421 013a 01       		.byte	0x1
 422 013b 89       		.byte	0x89
 423 013c 6B000000 		.4byte	0x6b
 424 0140 13000000 		.4byte	.LLST1
 425 0144 0A       		.uleb128 0xa
 426 0145 06000000 		.4byte	.LVL3
 427 0149 DA010000 		.4byte	0x1da
 428 014d 0B       		.uleb128 0xb
 429 014e 18000000 		.4byte	.LVL4
 430 0152 E5010000 		.4byte	0x1e5
 431 0156 00       		.byte	0
 432 0157 08       		.uleb128 0x8
 433 0158 A5010000 		.4byte	.LASF19
 434 015c 01       		.byte	0x1
 435 015d A2       		.byte	0xa2
 436 015e 00000000 		.4byte	.LFB4
 437 0162 10000000 		.4byte	.LFE4-.LFB4
 438 0166 01       		.uleb128 0x1
 439 0167 9C       		.byte	0x9c
 440 0168 7C010000 		.4byte	0x17c
 441 016c 0D       		.uleb128 0xd
 442 016d 3F000000 		.4byte	.LASF21
 443 0171 01       		.byte	0x1
 444 0172 A2       		.byte	0xa2
 445 0173 6B000000 		.4byte	0x6b
 446 0177 26000000 		.4byte	.LLST2
 447 017b 00       		.byte	0
 448 017c 0E       		.uleb128 0xe
 449 017d 76020000 		.4byte	.LASF23
 450 0181 01       		.byte	0x1
 451 0182 B6       		.byte	0xb6
 452 0183 6B000000 		.4byte	0x6b
ARM GAS  C:\Users\IVYLIU~1\AppData\Local\Temp\ccC2NF0Z.s 			page 13


 453 0187 00000000 		.4byte	.LFB5
 454 018b 10000000 		.4byte	.LFE5-.LFB5
 455 018f 01       		.uleb128 0x1
 456 0190 9C       		.byte	0x9c
 457 0191 08       		.uleb128 0x8
 458 0192 5F000000 		.4byte	.LASF20
 459 0196 01       		.byte	0x1
 460 0197 CE       		.byte	0xce
 461 0198 00000000 		.4byte	.LFB6
 462 019c 0C000000 		.4byte	.LFE6-.LFB6
 463 01a0 01       		.uleb128 0x1
 464 01a1 9C       		.byte	0x9c
 465 01a2 B4010000 		.4byte	0x1b4
 466 01a6 0F       		.uleb128 0xf
 467 01a7 45000000 		.4byte	.LASF22
 468 01ab 01       		.byte	0x1
 469 01ac CE       		.byte	0xce
 470 01ad 6B000000 		.4byte	0x6b
 471 01b1 01       		.uleb128 0x1
 472 01b2 50       		.byte	0x50
 473 01b3 00       		.byte	0
 474 01b4 0E       		.uleb128 0xe
 475 01b5 B8020000 		.4byte	.LASF24
 476 01b9 01       		.byte	0x1
 477 01ba E2       		.byte	0xe2
 478 01bb 6B000000 		.4byte	0x6b
 479 01bf 00000000 		.4byte	.LFB7
 480 01c3 0C000000 		.4byte	.LFE7-.LFB7
 481 01c7 01       		.uleb128 0x1
 482 01c8 9C       		.byte	0x9c
 483 01c9 10       		.uleb128 0x10
 484 01ca 00000000 		.4byte	.LASF29
 485 01ce 01       		.byte	0x1
 486 01cf 15       		.byte	0x15
 487 01d0 6B000000 		.4byte	0x6b
 488 01d4 05       		.uleb128 0x5
 489 01d5 03       		.byte	0x3
 490 01d6 00000000 		.4byte	NP_Neo_ONTime_initVar
 491 01da 11       		.uleb128 0x11
 492 01db C7010000 		.4byte	.LASF30
 493 01df 03       		.byte	0x3
 494 01e0 7D       		.byte	0x7d
 495 01e1 6B000000 		.4byte	0x6b
 496 01e5 12       		.uleb128 0x12
 497 01e6 3A020000 		.4byte	.LASF31
 498 01ea 03       		.byte	0x3
 499 01eb 7E       		.byte	0x7e
 500 01ec 13       		.uleb128 0x13
 501 01ed 6B000000 		.4byte	0x6b
 502 01f1 00       		.byte	0
 503 01f2 00       		.byte	0
 504              		.section	.debug_abbrev,"",%progbits
 505              	.Ldebug_abbrev0:
 506 0000 01       		.uleb128 0x1
 507 0001 11       		.uleb128 0x11
 508 0002 01       		.byte	0x1
 509 0003 25       		.uleb128 0x25
ARM GAS  C:\Users\IVYLIU~1\AppData\Local\Temp\ccC2NF0Z.s 			page 14


 510 0004 0E       		.uleb128 0xe
 511 0005 13       		.uleb128 0x13
 512 0006 0B       		.uleb128 0xb
 513 0007 03       		.uleb128 0x3
 514 0008 0E       		.uleb128 0xe
 515 0009 1B       		.uleb128 0x1b
 516 000a 0E       		.uleb128 0xe
 517 000b 55       		.uleb128 0x55
 518 000c 17       		.uleb128 0x17
 519 000d 11       		.uleb128 0x11
 520 000e 01       		.uleb128 0x1
 521 000f 10       		.uleb128 0x10
 522 0010 17       		.uleb128 0x17
 523 0011 00       		.byte	0
 524 0012 00       		.byte	0
 525 0013 02       		.uleb128 0x2
 526 0014 24       		.uleb128 0x24
 527 0015 00       		.byte	0
 528 0016 0B       		.uleb128 0xb
 529 0017 0B       		.uleb128 0xb
 530 0018 3E       		.uleb128 0x3e
 531 0019 0B       		.uleb128 0xb
 532 001a 03       		.uleb128 0x3
 533 001b 0E       		.uleb128 0xe
 534 001c 00       		.byte	0
 535 001d 00       		.byte	0
 536 001e 03       		.uleb128 0x3
 537 001f 24       		.uleb128 0x24
 538 0020 00       		.byte	0
 539 0021 0B       		.uleb128 0xb
 540 0022 0B       		.uleb128 0xb
 541 0023 3E       		.uleb128 0x3e
 542 0024 0B       		.uleb128 0xb
 543 0025 03       		.uleb128 0x3
 544 0026 08       		.uleb128 0x8
 545 0027 00       		.byte	0
 546 0028 00       		.byte	0
 547 0029 04       		.uleb128 0x4
 548 002a 16       		.uleb128 0x16
 549 002b 00       		.byte	0
 550 002c 03       		.uleb128 0x3
 551 002d 0E       		.uleb128 0xe
 552 002e 3A       		.uleb128 0x3a
 553 002f 0B       		.uleb128 0xb
 554 0030 3B       		.uleb128 0x3b
 555 0031 05       		.uleb128 0x5
 556 0032 49       		.uleb128 0x49
 557 0033 13       		.uleb128 0x13
 558 0034 00       		.byte	0
 559 0035 00       		.byte	0
 560 0036 05       		.uleb128 0x5
 561 0037 35       		.uleb128 0x35
 562 0038 00       		.byte	0
 563 0039 49       		.uleb128 0x49
 564 003a 13       		.uleb128 0x13
 565 003b 00       		.byte	0
 566 003c 00       		.byte	0
ARM GAS  C:\Users\IVYLIU~1\AppData\Local\Temp\ccC2NF0Z.s 			page 15


 567 003d 06       		.uleb128 0x6
 568 003e 2E       		.uleb128 0x2e
 569 003f 00       		.byte	0
 570 0040 3F       		.uleb128 0x3f
 571 0041 19       		.uleb128 0x19
 572 0042 03       		.uleb128 0x3
 573 0043 0E       		.uleb128 0xe
 574 0044 3A       		.uleb128 0x3a
 575 0045 0B       		.uleb128 0xb
 576 0046 3B       		.uleb128 0x3b
 577 0047 0B       		.uleb128 0xb
 578 0048 27       		.uleb128 0x27
 579 0049 19       		.uleb128 0x19
 580 004a 20       		.uleb128 0x20
 581 004b 0B       		.uleb128 0xb
 582 004c 00       		.byte	0
 583 004d 00       		.byte	0
 584 004e 07       		.uleb128 0x7
 585 004f 2E       		.uleb128 0x2e
 586 0050 00       		.byte	0
 587 0051 31       		.uleb128 0x31
 588 0052 13       		.uleb128 0x13
 589 0053 11       		.uleb128 0x11
 590 0054 01       		.uleb128 0x1
 591 0055 12       		.uleb128 0x12
 592 0056 06       		.uleb128 0x6
 593 0057 40       		.uleb128 0x40
 594 0058 18       		.uleb128 0x18
 595 0059 9742     		.uleb128 0x2117
 596 005b 19       		.uleb128 0x19
 597 005c 00       		.byte	0
 598 005d 00       		.byte	0
 599 005e 08       		.uleb128 0x8
 600 005f 2E       		.uleb128 0x2e
 601 0060 01       		.byte	0x1
 602 0061 3F       		.uleb128 0x3f
 603 0062 19       		.uleb128 0x19
 604 0063 03       		.uleb128 0x3
 605 0064 0E       		.uleb128 0xe
 606 0065 3A       		.uleb128 0x3a
 607 0066 0B       		.uleb128 0xb
 608 0067 3B       		.uleb128 0x3b
 609 0068 0B       		.uleb128 0xb
 610 0069 27       		.uleb128 0x27
 611 006a 19       		.uleb128 0x19
 612 006b 11       		.uleb128 0x11
 613 006c 01       		.uleb128 0x1
 614 006d 12       		.uleb128 0x12
 615 006e 06       		.uleb128 0x6
 616 006f 40       		.uleb128 0x40
 617 0070 18       		.uleb128 0x18
 618 0071 9742     		.uleb128 0x2117
 619 0073 19       		.uleb128 0x19
 620 0074 01       		.uleb128 0x1
 621 0075 13       		.uleb128 0x13
 622 0076 00       		.byte	0
 623 0077 00       		.byte	0
ARM GAS  C:\Users\IVYLIU~1\AppData\Local\Temp\ccC2NF0Z.s 			page 16


 624 0078 09       		.uleb128 0x9
 625 0079 34       		.uleb128 0x34
 626 007a 00       		.byte	0
 627 007b 03       		.uleb128 0x3
 628 007c 0E       		.uleb128 0xe
 629 007d 3A       		.uleb128 0x3a
 630 007e 0B       		.uleb128 0xb
 631 007f 3B       		.uleb128 0x3b
 632 0080 0B       		.uleb128 0xb
 633 0081 49       		.uleb128 0x49
 634 0082 13       		.uleb128 0x13
 635 0083 02       		.uleb128 0x2
 636 0084 17       		.uleb128 0x17
 637 0085 00       		.byte	0
 638 0086 00       		.byte	0
 639 0087 0A       		.uleb128 0xa
 640 0088 898201   		.uleb128 0x4109
 641 008b 00       		.byte	0
 642 008c 11       		.uleb128 0x11
 643 008d 01       		.uleb128 0x1
 644 008e 31       		.uleb128 0x31
 645 008f 13       		.uleb128 0x13
 646 0090 00       		.byte	0
 647 0091 00       		.byte	0
 648 0092 0B       		.uleb128 0xb
 649 0093 898201   		.uleb128 0x4109
 650 0096 00       		.byte	0
 651 0097 11       		.uleb128 0x11
 652 0098 01       		.uleb128 0x1
 653 0099 9542     		.uleb128 0x2115
 654 009b 19       		.uleb128 0x19
 655 009c 31       		.uleb128 0x31
 656 009d 13       		.uleb128 0x13
 657 009e 00       		.byte	0
 658 009f 00       		.byte	0
 659 00a0 0C       		.uleb128 0xc
 660 00a1 1D       		.uleb128 0x1d
 661 00a2 00       		.byte	0
 662 00a3 31       		.uleb128 0x31
 663 00a4 13       		.uleb128 0x13
 664 00a5 11       		.uleb128 0x11
 665 00a6 01       		.uleb128 0x1
 666 00a7 12       		.uleb128 0x12
 667 00a8 06       		.uleb128 0x6
 668 00a9 58       		.uleb128 0x58
 669 00aa 0B       		.uleb128 0xb
 670 00ab 59       		.uleb128 0x59
 671 00ac 0B       		.uleb128 0xb
 672 00ad 00       		.byte	0
 673 00ae 00       		.byte	0
 674 00af 0D       		.uleb128 0xd
 675 00b0 05       		.uleb128 0x5
 676 00b1 00       		.byte	0
 677 00b2 03       		.uleb128 0x3
 678 00b3 0E       		.uleb128 0xe
 679 00b4 3A       		.uleb128 0x3a
 680 00b5 0B       		.uleb128 0xb
ARM GAS  C:\Users\IVYLIU~1\AppData\Local\Temp\ccC2NF0Z.s 			page 17


 681 00b6 3B       		.uleb128 0x3b
 682 00b7 0B       		.uleb128 0xb
 683 00b8 49       		.uleb128 0x49
 684 00b9 13       		.uleb128 0x13
 685 00ba 02       		.uleb128 0x2
 686 00bb 17       		.uleb128 0x17
 687 00bc 00       		.byte	0
 688 00bd 00       		.byte	0
 689 00be 0E       		.uleb128 0xe
 690 00bf 2E       		.uleb128 0x2e
 691 00c0 00       		.byte	0
 692 00c1 3F       		.uleb128 0x3f
 693 00c2 19       		.uleb128 0x19
 694 00c3 03       		.uleb128 0x3
 695 00c4 0E       		.uleb128 0xe
 696 00c5 3A       		.uleb128 0x3a
 697 00c6 0B       		.uleb128 0xb
 698 00c7 3B       		.uleb128 0x3b
 699 00c8 0B       		.uleb128 0xb
 700 00c9 27       		.uleb128 0x27
 701 00ca 19       		.uleb128 0x19
 702 00cb 49       		.uleb128 0x49
 703 00cc 13       		.uleb128 0x13
 704 00cd 11       		.uleb128 0x11
 705 00ce 01       		.uleb128 0x1
 706 00cf 12       		.uleb128 0x12
 707 00d0 06       		.uleb128 0x6
 708 00d1 40       		.uleb128 0x40
 709 00d2 18       		.uleb128 0x18
 710 00d3 9742     		.uleb128 0x2117
 711 00d5 19       		.uleb128 0x19
 712 00d6 00       		.byte	0
 713 00d7 00       		.byte	0
 714 00d8 0F       		.uleb128 0xf
 715 00d9 05       		.uleb128 0x5
 716 00da 00       		.byte	0
 717 00db 03       		.uleb128 0x3
 718 00dc 0E       		.uleb128 0xe
 719 00dd 3A       		.uleb128 0x3a
 720 00de 0B       		.uleb128 0xb
 721 00df 3B       		.uleb128 0x3b
 722 00e0 0B       		.uleb128 0xb
 723 00e1 49       		.uleb128 0x49
 724 00e2 13       		.uleb128 0x13
 725 00e3 02       		.uleb128 0x2
 726 00e4 18       		.uleb128 0x18
 727 00e5 00       		.byte	0
 728 00e6 00       		.byte	0
 729 00e7 10       		.uleb128 0x10
 730 00e8 34       		.uleb128 0x34
 731 00e9 00       		.byte	0
 732 00ea 03       		.uleb128 0x3
 733 00eb 0E       		.uleb128 0xe
 734 00ec 3A       		.uleb128 0x3a
 735 00ed 0B       		.uleb128 0xb
 736 00ee 3B       		.uleb128 0x3b
 737 00ef 0B       		.uleb128 0xb
ARM GAS  C:\Users\IVYLIU~1\AppData\Local\Temp\ccC2NF0Z.s 			page 18


 738 00f0 49       		.uleb128 0x49
 739 00f1 13       		.uleb128 0x13
 740 00f2 3F       		.uleb128 0x3f
 741 00f3 19       		.uleb128 0x19
 742 00f4 02       		.uleb128 0x2
 743 00f5 18       		.uleb128 0x18
 744 00f6 00       		.byte	0
 745 00f7 00       		.byte	0
 746 00f8 11       		.uleb128 0x11
 747 00f9 2E       		.uleb128 0x2e
 748 00fa 00       		.byte	0
 749 00fb 3F       		.uleb128 0x3f
 750 00fc 19       		.uleb128 0x19
 751 00fd 03       		.uleb128 0x3
 752 00fe 0E       		.uleb128 0xe
 753 00ff 3A       		.uleb128 0x3a
 754 0100 0B       		.uleb128 0xb
 755 0101 3B       		.uleb128 0x3b
 756 0102 0B       		.uleb128 0xb
 757 0103 27       		.uleb128 0x27
 758 0104 19       		.uleb128 0x19
 759 0105 49       		.uleb128 0x49
 760 0106 13       		.uleb128 0x13
 761 0107 3C       		.uleb128 0x3c
 762 0108 19       		.uleb128 0x19
 763 0109 00       		.byte	0
 764 010a 00       		.byte	0
 765 010b 12       		.uleb128 0x12
 766 010c 2E       		.uleb128 0x2e
 767 010d 01       		.byte	0x1
 768 010e 3F       		.uleb128 0x3f
 769 010f 19       		.uleb128 0x19
 770 0110 03       		.uleb128 0x3
 771 0111 0E       		.uleb128 0xe
 772 0112 3A       		.uleb128 0x3a
 773 0113 0B       		.uleb128 0xb
 774 0114 3B       		.uleb128 0x3b
 775 0115 0B       		.uleb128 0xb
 776 0116 27       		.uleb128 0x27
 777 0117 19       		.uleb128 0x19
 778 0118 3C       		.uleb128 0x3c
 779 0119 19       		.uleb128 0x19
 780 011a 00       		.byte	0
 781 011b 00       		.byte	0
 782 011c 13       		.uleb128 0x13
 783 011d 05       		.uleb128 0x5
 784 011e 00       		.byte	0
 785 011f 49       		.uleb128 0x49
 786 0120 13       		.uleb128 0x13
 787 0121 00       		.byte	0
 788 0122 00       		.byte	0
 789 0123 00       		.byte	0
 790              		.section	.debug_loc,"",%progbits
 791              	.Ldebug_loc0:
 792              	.LLST0:
 793 0000 06000000 		.4byte	.LVL0
 794 0004 17000000 		.4byte	.LVL1-1
ARM GAS  C:\Users\IVYLIU~1\AppData\Local\Temp\ccC2NF0Z.s 			page 19


 795 0008 0100     		.2byte	0x1
 796 000a 50       		.byte	0x50
 797 000b 00000000 		.4byte	0
 798 000f 00000000 		.4byte	0
 799              	.LLST1:
 800 0013 06000000 		.4byte	.LVL3
 801 0017 17000000 		.4byte	.LVL4-1
 802 001b 0100     		.2byte	0x1
 803 001d 50       		.byte	0x50
 804 001e 00000000 		.4byte	0
 805 0022 00000000 		.4byte	0
 806              	.LLST2:
 807 0026 00000000 		.4byte	.LVL5
 808 002a 06000000 		.4byte	.LVL6
 809 002e 0100     		.2byte	0x1
 810 0030 50       		.byte	0x50
 811 0031 06000000 		.4byte	.LVL6
 812 0035 10000000 		.4byte	.LFE4
 813 0039 0400     		.2byte	0x4
 814 003b F3       		.byte	0xf3
 815 003c 01       		.uleb128 0x1
 816 003d 50       		.byte	0x50
 817 003e 9F       		.byte	0x9f
 818 003f 00000000 		.4byte	0
 819 0043 00000000 		.4byte	0
 820              		.section	.debug_aranges,"",%progbits
 821 0000 54000000 		.4byte	0x54
 822 0004 0200     		.2byte	0x2
 823 0006 00000000 		.4byte	.Ldebug_info0
 824 000a 04       		.byte	0x4
 825 000b 00       		.byte	0
 826 000c 0000     		.2byte	0
 827 000e 0000     		.2byte	0
 828 0010 00000000 		.4byte	.LFB0
 829 0014 0C000000 		.4byte	.LFE0-.LFB0
 830 0018 00000000 		.4byte	.LFB1
 831 001c 1C000000 		.4byte	.LFE1-.LFB1
 832 0020 00000000 		.4byte	.LFB2
 833 0024 1C000000 		.4byte	.LFE2-.LFB2
 834 0028 00000000 		.4byte	.LFB3
 835 002c 1C000000 		.4byte	.LFE3-.LFB3
 836 0030 00000000 		.4byte	.LFB4
 837 0034 10000000 		.4byte	.LFE4-.LFB4
 838 0038 00000000 		.4byte	.LFB5
 839 003c 10000000 		.4byte	.LFE5-.LFB5
 840 0040 00000000 		.4byte	.LFB6
 841 0044 0C000000 		.4byte	.LFE6-.LFB6
 842 0048 00000000 		.4byte	.LFB7
 843 004c 0C000000 		.4byte	.LFE7-.LFB7
 844 0050 00000000 		.4byte	0
 845 0054 00000000 		.4byte	0
 846              		.section	.debug_ranges,"",%progbits
 847              	.Ldebug_ranges0:
 848 0000 00000000 		.4byte	.LFB0
 849 0004 0C000000 		.4byte	.LFE0
 850 0008 00000000 		.4byte	.LFB1
 851 000c 1C000000 		.4byte	.LFE1
ARM GAS  C:\Users\IVYLIU~1\AppData\Local\Temp\ccC2NF0Z.s 			page 20


 852 0010 00000000 		.4byte	.LFB2
 853 0014 1C000000 		.4byte	.LFE2
 854 0018 00000000 		.4byte	.LFB3
 855 001c 1C000000 		.4byte	.LFE3
 856 0020 00000000 		.4byte	.LFB4
 857 0024 10000000 		.4byte	.LFE4
 858 0028 00000000 		.4byte	.LFB5
 859 002c 10000000 		.4byte	.LFE5
 860 0030 00000000 		.4byte	.LFB6
 861 0034 0C000000 		.4byte	.LFE6
 862 0038 00000000 		.4byte	.LFB7
 863 003c 0C000000 		.4byte	.LFE7
 864 0040 00000000 		.4byte	0
 865 0044 00000000 		.4byte	0
 866              		.section	.debug_line,"",%progbits
 867              	.Ldebug_line0:
 868 0000 F4000000 		.section	.debug_str,"MS",%progbits,1
 868      02005700 
 868      00000201 
 868      FB0E0D00 
 868      01010101 
 869              	.LASF29:
 870 0000 4E505F4E 		.ascii	"NP_Neo_ONTime_initVar\000"
 870      656F5F4F 
 870      4E54696D 
 870      655F696E 
 870      69745661 
 871              	.LASF26:
 872 0016 2E5C4765 		.ascii	".\\Generated_Source\\PSoC5\\NP_Neo_ONTime.c\000"
 872      6E657261 
 872      7465645F 
 872      536F7572 
 872      63655C50 
 873              	.LASF21:
 874 003f 636F756E 		.ascii	"count\000"
 874      7400
 875              	.LASF22:
 876 0045 70657269 		.ascii	"period\000"
 876      6F6400
 877              	.LASF3:
 878 004c 73686F72 		.ascii	"short unsigned int\000"
 878      7420756E 
 878      7369676E 
 878      65642069 
 878      6E7400
 879              	.LASF20:
 880 005f 4E505F4E 		.ascii	"NP_Neo_ONTime_WritePeriod\000"
 880      656F5F4F 
 880      4E54696D 
 880      655F5772 
 880      69746550 
 881              	.LASF15:
 882 0079 4E505F4E 		.ascii	"NP_Neo_ONTime_Enable\000"
 882      656F5F4F 
 882      4E54696D 
 882      655F456E 
 882      61626C65 
ARM GAS  C:\Users\IVYLIU~1\AppData\Local\Temp\ccC2NF0Z.s 			page 21


 883              	.LASF17:
 884 008e 4E505F4E 		.ascii	"NP_Neo_ONTime_Stop\000"
 884      656F5F4F 
 884      4E54696D 
 884      655F5374 
 884      6F7000
 885              	.LASF16:
 886 00a1 4E505F4E 		.ascii	"NP_Neo_ONTime_Start\000"
 886      656F5F4F 
 886      4E54696D 
 886      655F5374 
 886      61727400 
 887              	.LASF9:
 888 00b5 666C6F61 		.ascii	"float\000"
 888      7400
 889              	.LASF7:
 890 00bb 6C6F6E67 		.ascii	"long long unsigned int\000"
 890      206C6F6E 
 890      6720756E 
 890      7369676E 
 890      65642069 
 891              	.LASF1:
 892 00d2 756E7369 		.ascii	"unsigned char\000"
 892      676E6564 
 892      20636861 
 892      7200
 893              	.LASF13:
 894 00e0 72656738 		.ascii	"reg8\000"
 894      00
 895              	.LASF18:
 896 00e5 696E7465 		.ascii	"interruptState\000"
 896      72727570 
 896      74537461 
 896      746500
 897              	.LASF5:
 898 00f4 6C6F6E67 		.ascii	"long unsigned int\000"
 898      20756E73 
 898      69676E65 
 898      6420696E 
 898      7400
 899              	.LASF12:
 900 0106 75696E74 		.ascii	"uint8\000"
 900      3800
 901              	.LASF25:
 902 010c 474E5520 		.ascii	"GNU C 4.9.3 20150303 (release) [ARM/embedded-4_9-br"
 902      4320342E 
 902      392E3320 
 902      32303135 
 902      30333033 
 903 013f 616E6368 		.ascii	"anch revision 221220] -mcpu=cortex-m3 -mthumb -g -O"
 903      20726576 
 903      6973696F 
 903      6E203232 
 903      31323230 
 904 0172 73202D73 		.ascii	"s -std=gnu99 -ffunction-sections -ffat-lto-objects\000"
 904      74643D67 
 904      6E753939 
ARM GAS  C:\Users\IVYLIU~1\AppData\Local\Temp\ccC2NF0Z.s 			page 22


 904      202D6666 
 904      756E6374 
 905              	.LASF19:
 906 01a5 4E505F4E 		.ascii	"NP_Neo_ONTime_WriteCounter\000"
 906      656F5F4F 
 906      4E54696D 
 906      655F5772 
 906      69746543 
 907              	.LASF10:
 908 01c0 646F7562 		.ascii	"double\000"
 908      6C6500
 909              	.LASF30:
 910 01c7 4379456E 		.ascii	"CyEnterCriticalSection\000"
 910      74657243 
 910      72697469 
 910      63616C53 
 910      65637469 
 911              	.LASF8:
 912 01de 756E7369 		.ascii	"unsigned int\000"
 912      676E6564 
 912      20696E74 
 912      00
 913              	.LASF27:
 914 01eb 5C5C766D 		.ascii	"\\\\vmware-host\\Shared Folders\\Documents\\PSoC Cr"
 914      77617265 
 914      2D686F73 
 914      745C5368 
 914      61726564 
 915 0219 6561746F 		.ascii	"eator\\FinalProject\\FinalV2.cydsn\000"
 915      725C4669 
 915      6E616C50 
 915      726F6A65 
 915      63745C46 
 916              	.LASF31:
 917 023a 43794578 		.ascii	"CyExitCriticalSection\000"
 917      69744372 
 917      69746963 
 917      616C5365 
 917      6374696F 
 918              	.LASF14:
 919 0250 73697A65 		.ascii	"sizetype\000"
 919      74797065 
 919      00
 920              	.LASF6:
 921 0259 6C6F6E67 		.ascii	"long long int\000"
 921      206C6F6E 
 921      6720696E 
 921      7400
 922              	.LASF11:
 923 0267 63686172 		.ascii	"char\000"
 923      00
 924              	.LASF2:
 925 026c 73686F72 		.ascii	"short int\000"
 925      7420696E 
 925      7400
 926              	.LASF23:
 927 0276 4E505F4E 		.ascii	"NP_Neo_ONTime_ReadCounter\000"
ARM GAS  C:\Users\IVYLIU~1\AppData\Local\Temp\ccC2NF0Z.s 			page 23


 927      656F5F4F 
 927      4E54696D 
 927      655F5265 
 927      6164436F 
 928              	.LASF4:
 929 0290 6C6F6E67 		.ascii	"long int\000"
 929      20696E74 
 929      00
 930              	.LASF28:
 931 0299 4E505F4E 		.ascii	"NP_Neo_ONTime_Init\000"
 931      656F5F4F 
 931      4E54696D 
 931      655F496E 
 931      697400
 932              	.LASF0:
 933 02ac 7369676E 		.ascii	"signed char\000"
 933      65642063 
 933      68617200 
 934              	.LASF24:
 935 02b8 4E505F4E 		.ascii	"NP_Neo_ONTime_ReadPeriod\000"
 935      656F5F4F 
 935      4E54696D 
 935      655F5265 
 935      61645065 
 936              		.ident	"GCC: (GNU Tools for ARM Embedded Processors) 4.9.3 20150303 (release) [ARM/embedded-4_9-br
