ARM GAS  C:\Users\IVYLIU~1\AppData\Local\Temp\ccn1EaSm.s 			page 1


   1              		.syntax unified
   2              		.cpu cortex-m3
   3              		.fpu softvfp
   4              		.eabi_attribute 20, 1
   5              		.eabi_attribute 21, 1
   6              		.eabi_attribute 23, 3
   7              		.eabi_attribute 24, 1
   8              		.eabi_attribute 25, 1
   9              		.eabi_attribute 26, 1
  10              		.eabi_attribute 30, 4
  11              		.eabi_attribute 34, 1
  12              		.eabi_attribute 18, 4
  13              		.thumb
  14              		.file	"NP_Neo_OFFTime_PM.c"
  15              		.text
  16              	.Ltext0:
  17              		.cfi_sections	.debug_frame
  18              		.section	.text.NP_Neo_OFFTime_SaveConfig,"ax",%progbits
  19              		.align	1
  20              		.global	NP_Neo_OFFTime_SaveConfig
  21              		.thumb
  22              		.thumb_func
  23              		.type	NP_Neo_OFFTime_SaveConfig, %function
  24              	NP_Neo_OFFTime_SaveConfig:
  25              	.LFB0:
  26              		.file 1 ".\\Generated_Source\\PSoC5\\NP_Neo_OFFTime_PM.c"
   1:.\Generated_Source\PSoC5/NP_Neo_OFFTime_PM.c **** /*******************************************************************************
   2:.\Generated_Source\PSoC5/NP_Neo_OFFTime_PM.c **** * File Name: NP_Neo_OFFTime_PM.c
   3:.\Generated_Source\PSoC5/NP_Neo_OFFTime_PM.c **** * Version 1.0
   4:.\Generated_Source\PSoC5/NP_Neo_OFFTime_PM.c **** *
   5:.\Generated_Source\PSoC5/NP_Neo_OFFTime_PM.c **** * Description:
   6:.\Generated_Source\PSoC5/NP_Neo_OFFTime_PM.c **** *  This file provides Low power mode APIs for Count7 component.
   7:.\Generated_Source\PSoC5/NP_Neo_OFFTime_PM.c **** *
   8:.\Generated_Source\PSoC5/NP_Neo_OFFTime_PM.c **** * Note:
   9:.\Generated_Source\PSoC5/NP_Neo_OFFTime_PM.c **** *  None
  10:.\Generated_Source\PSoC5/NP_Neo_OFFTime_PM.c **** *
  11:.\Generated_Source\PSoC5/NP_Neo_OFFTime_PM.c **** ********************************************************************************
  12:.\Generated_Source\PSoC5/NP_Neo_OFFTime_PM.c **** * Copyright 2013, Cypress Semiconductor Corporation.  All rights reserved.
  13:.\Generated_Source\PSoC5/NP_Neo_OFFTime_PM.c **** * You may use this file only in accordance with the license, terms, conditions,
  14:.\Generated_Source\PSoC5/NP_Neo_OFFTime_PM.c **** * disclaimers, and limitations in the end user license agreement accompanying
  15:.\Generated_Source\PSoC5/NP_Neo_OFFTime_PM.c **** * the software package with which this file was provided.
  16:.\Generated_Source\PSoC5/NP_Neo_OFFTime_PM.c **** *******************************************************************************/
  17:.\Generated_Source\PSoC5/NP_Neo_OFFTime_PM.c **** 
  18:.\Generated_Source\PSoC5/NP_Neo_OFFTime_PM.c **** #include "NP_Neo_OFFTime.h"
  19:.\Generated_Source\PSoC5/NP_Neo_OFFTime_PM.c **** 
  20:.\Generated_Source\PSoC5/NP_Neo_OFFTime_PM.c **** 
  21:.\Generated_Source\PSoC5/NP_Neo_OFFTime_PM.c **** NP_Neo_OFFTime_BACKUP_STRUCT NP_Neo_OFFTime_backup;
  22:.\Generated_Source\PSoC5/NP_Neo_OFFTime_PM.c **** 
  23:.\Generated_Source\PSoC5/NP_Neo_OFFTime_PM.c **** 
  24:.\Generated_Source\PSoC5/NP_Neo_OFFTime_PM.c **** /*******************************************************************************
  25:.\Generated_Source\PSoC5/NP_Neo_OFFTime_PM.c **** * Function Name: NP_Neo_OFFTime_SaveConfig
  26:.\Generated_Source\PSoC5/NP_Neo_OFFTime_PM.c **** ********************************************************************************
  27:.\Generated_Source\PSoC5/NP_Neo_OFFTime_PM.c **** *
  28:.\Generated_Source\PSoC5/NP_Neo_OFFTime_PM.c **** * Summary:
  29:.\Generated_Source\PSoC5/NP_Neo_OFFTime_PM.c **** *  This function saves the component configuration and non-retention registers.
  30:.\Generated_Source\PSoC5/NP_Neo_OFFTime_PM.c **** *  This function is called by the Count7_Sleep() function.
  31:.\Generated_Source\PSoC5/NP_Neo_OFFTime_PM.c **** *
ARM GAS  C:\Users\IVYLIU~1\AppData\Local\Temp\ccn1EaSm.s 			page 2


  32:.\Generated_Source\PSoC5/NP_Neo_OFFTime_PM.c **** * Parameters:
  33:.\Generated_Source\PSoC5/NP_Neo_OFFTime_PM.c **** *  None
  34:.\Generated_Source\PSoC5/NP_Neo_OFFTime_PM.c **** *
  35:.\Generated_Source\PSoC5/NP_Neo_OFFTime_PM.c **** * Return:
  36:.\Generated_Source\PSoC5/NP_Neo_OFFTime_PM.c **** *  None
  37:.\Generated_Source\PSoC5/NP_Neo_OFFTime_PM.c **** *
  38:.\Generated_Source\PSoC5/NP_Neo_OFFTime_PM.c **** * Global Variables:
  39:.\Generated_Source\PSoC5/NP_Neo_OFFTime_PM.c **** *  NP_Neo_OFFTime_backup - used to save component configuration and non-
  40:.\Generated_Source\PSoC5/NP_Neo_OFFTime_PM.c **** *  retention registers before enter sleep mode.
  41:.\Generated_Source\PSoC5/NP_Neo_OFFTime_PM.c **** *
  42:.\Generated_Source\PSoC5/NP_Neo_OFFTime_PM.c **** *******************************************************************************/
  43:.\Generated_Source\PSoC5/NP_Neo_OFFTime_PM.c **** void NP_Neo_OFFTime_SaveConfig(void) 
  44:.\Generated_Source\PSoC5/NP_Neo_OFFTime_PM.c **** {
  27              		.loc 1 44 0
  28              		.cfi_startproc
  29              		@ args = 0, pretend = 0, frame = 0
  30              		@ frame_needed = 0, uses_anonymous_args = 0
  31              		@ link register save eliminated.
  45:.\Generated_Source\PSoC5/NP_Neo_OFFTime_PM.c ****     NP_Neo_OFFTime_backup.count = NP_Neo_OFFTime_COUNT_REG;
  32              		.loc 1 45 0
  33 0000 024B     		ldr	r3, .L2
  34 0002 1A78     		ldrb	r2, [r3]	@ zero_extendqisi2
  35 0004 024B     		ldr	r3, .L2+4
  36 0006 5A70     		strb	r2, [r3, #1]
  37 0008 7047     		bx	lr
  38              	.L3:
  39 000a 00BF     		.align	2
  40              	.L2:
  41 000c 7F640040 		.word	1073767551
  42 0010 00000000 		.word	NP_Neo_OFFTime_backup
  43              		.cfi_endproc
  44              	.LFE0:
  45              		.size	NP_Neo_OFFTime_SaveConfig, .-NP_Neo_OFFTime_SaveConfig
  46              		.section	.text.NP_Neo_OFFTime_Sleep,"ax",%progbits
  47              		.align	1
  48              		.global	NP_Neo_OFFTime_Sleep
  49              		.thumb
  50              		.thumb_func
  51              		.type	NP_Neo_OFFTime_Sleep, %function
  52              	NP_Neo_OFFTime_Sleep:
  53              	.LFB1:
  46:.\Generated_Source\PSoC5/NP_Neo_OFFTime_PM.c **** }
  47:.\Generated_Source\PSoC5/NP_Neo_OFFTime_PM.c **** 
  48:.\Generated_Source\PSoC5/NP_Neo_OFFTime_PM.c **** 
  49:.\Generated_Source\PSoC5/NP_Neo_OFFTime_PM.c **** /*******************************************************************************
  50:.\Generated_Source\PSoC5/NP_Neo_OFFTime_PM.c **** * Function Name: NP_Neo_OFFTime_Sleep
  51:.\Generated_Source\PSoC5/NP_Neo_OFFTime_PM.c **** ********************************************************************************
  52:.\Generated_Source\PSoC5/NP_Neo_OFFTime_PM.c **** *
  53:.\Generated_Source\PSoC5/NP_Neo_OFFTime_PM.c **** * Summary:
  54:.\Generated_Source\PSoC5/NP_Neo_OFFTime_PM.c **** *  This is the preferred API to prepare the component for low power mode
  55:.\Generated_Source\PSoC5/NP_Neo_OFFTime_PM.c **** *  operation. The Count7_Sleep() API saves the current component state using
  56:.\Generated_Source\PSoC5/NP_Neo_OFFTime_PM.c **** *  Count7_SaveConfig() and disables the counter.
  57:.\Generated_Source\PSoC5/NP_Neo_OFFTime_PM.c **** *
  58:.\Generated_Source\PSoC5/NP_Neo_OFFTime_PM.c **** * Parameters:
  59:.\Generated_Source\PSoC5/NP_Neo_OFFTime_PM.c **** *  None
  60:.\Generated_Source\PSoC5/NP_Neo_OFFTime_PM.c **** *
  61:.\Generated_Source\PSoC5/NP_Neo_OFFTime_PM.c **** * Return:
ARM GAS  C:\Users\IVYLIU~1\AppData\Local\Temp\ccn1EaSm.s 			page 3


  62:.\Generated_Source\PSoC5/NP_Neo_OFFTime_PM.c **** *  None
  63:.\Generated_Source\PSoC5/NP_Neo_OFFTime_PM.c **** *
  64:.\Generated_Source\PSoC5/NP_Neo_OFFTime_PM.c **** *******************************************************************************/
  65:.\Generated_Source\PSoC5/NP_Neo_OFFTime_PM.c **** void NP_Neo_OFFTime_Sleep(void) 
  66:.\Generated_Source\PSoC5/NP_Neo_OFFTime_PM.c **** {
  54              		.loc 1 66 0
  55              		.cfi_startproc
  56              		@ args = 0, pretend = 0, frame = 0
  57              		@ frame_needed = 0, uses_anonymous_args = 0
  58 0000 08B5     		push	{r3, lr}
  59              		.cfi_def_cfa_offset 8
  60              		.cfi_offset 3, -8
  61              		.cfi_offset 14, -4
  67:.\Generated_Source\PSoC5/NP_Neo_OFFTime_PM.c ****     if(0u != (NP_Neo_OFFTime_AUX_CONTROL_REG & NP_Neo_OFFTime_COUNTER_START))
  62              		.loc 1 67 0
  63 0002 094B     		ldr	r3, .L8
  64 0004 094A     		ldr	r2, .L8+4
  65 0006 1B78     		ldrb	r3, [r3]	@ zero_extendqisi2
  66 0008 03F02003 		and	r3, r3, #32
  67 000c 03F0FF01 		and	r1, r3, #255
  68 0010 23B1     		cbz	r3, .L5
  68:.\Generated_Source\PSoC5/NP_Neo_OFFTime_PM.c ****     {
  69:.\Generated_Source\PSoC5/NP_Neo_OFFTime_PM.c ****         NP_Neo_OFFTime_backup.enableState = 1u;
  69              		.loc 1 69 0
  70 0012 0123     		movs	r3, #1
  71 0014 1370     		strb	r3, [r2]
  70:.\Generated_Source\PSoC5/NP_Neo_OFFTime_PM.c ****         NP_Neo_OFFTime_Stop();
  72              		.loc 1 70 0
  73 0016 FFF7FEFF 		bl	NP_Neo_OFFTime_Stop
  74              	.LVL0:
  75 001a 00E0     		b	.L6
  76              	.L5:
  71:.\Generated_Source\PSoC5/NP_Neo_OFFTime_PM.c ****     }
  72:.\Generated_Source\PSoC5/NP_Neo_OFFTime_PM.c ****     else
  73:.\Generated_Source\PSoC5/NP_Neo_OFFTime_PM.c ****     {
  74:.\Generated_Source\PSoC5/NP_Neo_OFFTime_PM.c ****         NP_Neo_OFFTime_backup.enableState = 0u;
  77              		.loc 1 74 0
  78 001c 1170     		strb	r1, [r2]
  79              	.L6:
  75:.\Generated_Source\PSoC5/NP_Neo_OFFTime_PM.c ****     }
  76:.\Generated_Source\PSoC5/NP_Neo_OFFTime_PM.c **** 
  77:.\Generated_Source\PSoC5/NP_Neo_OFFTime_PM.c ****     NP_Neo_OFFTime_SaveConfig();
  78:.\Generated_Source\PSoC5/NP_Neo_OFFTime_PM.c **** }
  80              		.loc 1 78 0
  81 001e BDE80840 		pop	{r3, lr}
  82              		.cfi_restore 14
  83              		.cfi_restore 3
  84              		.cfi_def_cfa_offset 0
  77:.\Generated_Source\PSoC5/NP_Neo_OFFTime_PM.c **** }
  85              		.loc 1 77 0
  86 0022 FFF7FEBF 		b	NP_Neo_OFFTime_SaveConfig
  87              	.LVL1:
  88              	.L9:
  89 0026 00BF     		.align	2
  90              	.L8:
  91 0028 9F640040 		.word	1073767583
  92 002c 00000000 		.word	NP_Neo_OFFTime_backup
ARM GAS  C:\Users\IVYLIU~1\AppData\Local\Temp\ccn1EaSm.s 			page 4


  93              		.cfi_endproc
  94              	.LFE1:
  95              		.size	NP_Neo_OFFTime_Sleep, .-NP_Neo_OFFTime_Sleep
  96              		.section	.text.NP_Neo_OFFTime_RestoreConfig,"ax",%progbits
  97              		.align	1
  98              		.global	NP_Neo_OFFTime_RestoreConfig
  99              		.thumb
 100              		.thumb_func
 101              		.type	NP_Neo_OFFTime_RestoreConfig, %function
 102              	NP_Neo_OFFTime_RestoreConfig:
 103              	.LFB2:
  79:.\Generated_Source\PSoC5/NP_Neo_OFFTime_PM.c **** 
  80:.\Generated_Source\PSoC5/NP_Neo_OFFTime_PM.c **** 
  81:.\Generated_Source\PSoC5/NP_Neo_OFFTime_PM.c **** /*******************************************************************************
  82:.\Generated_Source\PSoC5/NP_Neo_OFFTime_PM.c **** * Function Name: NP_Neo_OFFTime_RestoreConfig
  83:.\Generated_Source\PSoC5/NP_Neo_OFFTime_PM.c **** ********************************************************************************
  84:.\Generated_Source\PSoC5/NP_Neo_OFFTime_PM.c **** *
  85:.\Generated_Source\PSoC5/NP_Neo_OFFTime_PM.c **** * Summary:
  86:.\Generated_Source\PSoC5/NP_Neo_OFFTime_PM.c **** *  This function restores the component configuration and non-retention
  87:.\Generated_Source\PSoC5/NP_Neo_OFFTime_PM.c **** *  registers. This function is called by the Count7_Wakeup() function.
  88:.\Generated_Source\PSoC5/NP_Neo_OFFTime_PM.c **** *
  89:.\Generated_Source\PSoC5/NP_Neo_OFFTime_PM.c **** * Parameters:
  90:.\Generated_Source\PSoC5/NP_Neo_OFFTime_PM.c **** *  None
  91:.\Generated_Source\PSoC5/NP_Neo_OFFTime_PM.c **** *
  92:.\Generated_Source\PSoC5/NP_Neo_OFFTime_PM.c **** * Return:
  93:.\Generated_Source\PSoC5/NP_Neo_OFFTime_PM.c **** *  None
  94:.\Generated_Source\PSoC5/NP_Neo_OFFTime_PM.c **** *
  95:.\Generated_Source\PSoC5/NP_Neo_OFFTime_PM.c **** * Global Variables:
  96:.\Generated_Source\PSoC5/NP_Neo_OFFTime_PM.c **** *  NP_Neo_OFFTime_backup - used to save component configuration and
  97:.\Generated_Source\PSoC5/NP_Neo_OFFTime_PM.c **** *  non-retention registers before exit sleep mode.
  98:.\Generated_Source\PSoC5/NP_Neo_OFFTime_PM.c **** *
  99:.\Generated_Source\PSoC5/NP_Neo_OFFTime_PM.c **** *******************************************************************************/
 100:.\Generated_Source\PSoC5/NP_Neo_OFFTime_PM.c **** void NP_Neo_OFFTime_RestoreConfig(void) 
 101:.\Generated_Source\PSoC5/NP_Neo_OFFTime_PM.c **** {
 104              		.loc 1 101 0
 105              		.cfi_startproc
 106              		@ args = 0, pretend = 0, frame = 0
 107              		@ frame_needed = 0, uses_anonymous_args = 0
 108              		@ link register save eliminated.
 102:.\Generated_Source\PSoC5/NP_Neo_OFFTime_PM.c ****     NP_Neo_OFFTime_COUNT_REG = NP_Neo_OFFTime_backup.count;
 109              		.loc 1 102 0
 110 0000 024B     		ldr	r3, .L11
 111 0002 5A78     		ldrb	r2, [r3, #1]	@ zero_extendqisi2
 112 0004 024B     		ldr	r3, .L11+4
 113 0006 1A70     		strb	r2, [r3]
 114 0008 7047     		bx	lr
 115              	.L12:
 116 000a 00BF     		.align	2
 117              	.L11:
 118 000c 00000000 		.word	NP_Neo_OFFTime_backup
 119 0010 7F640040 		.word	1073767551
 120              		.cfi_endproc
 121              	.LFE2:
 122              		.size	NP_Neo_OFFTime_RestoreConfig, .-NP_Neo_OFFTime_RestoreConfig
 123              		.section	.text.NP_Neo_OFFTime_Wakeup,"ax",%progbits
 124              		.align	1
 125              		.global	NP_Neo_OFFTime_Wakeup
ARM GAS  C:\Users\IVYLIU~1\AppData\Local\Temp\ccn1EaSm.s 			page 5


 126              		.thumb
 127              		.thumb_func
 128              		.type	NP_Neo_OFFTime_Wakeup, %function
 129              	NP_Neo_OFFTime_Wakeup:
 130              	.LFB3:
 103:.\Generated_Source\PSoC5/NP_Neo_OFFTime_PM.c **** }
 104:.\Generated_Source\PSoC5/NP_Neo_OFFTime_PM.c **** 
 105:.\Generated_Source\PSoC5/NP_Neo_OFFTime_PM.c **** 
 106:.\Generated_Source\PSoC5/NP_Neo_OFFTime_PM.c **** /*******************************************************************************
 107:.\Generated_Source\PSoC5/NP_Neo_OFFTime_PM.c **** * Function Name: NP_Neo_OFFTime_Wakeup
 108:.\Generated_Source\PSoC5/NP_Neo_OFFTime_PM.c **** ********************************************************************************
 109:.\Generated_Source\PSoC5/NP_Neo_OFFTime_PM.c **** *
 110:.\Generated_Source\PSoC5/NP_Neo_OFFTime_PM.c **** * Summary:
 111:.\Generated_Source\PSoC5/NP_Neo_OFFTime_PM.c **** *  This is the preferred API to restore the component to the state when
 112:.\Generated_Source\PSoC5/NP_Neo_OFFTime_PM.c **** *  Count7_Sleep() was called. The Count7_Wakeup() function calls the
 113:.\Generated_Source\PSoC5/NP_Neo_OFFTime_PM.c **** *  Count7_RestoreConfig() function to restore the configuration.
 114:.\Generated_Source\PSoC5/NP_Neo_OFFTime_PM.c **** *
 115:.\Generated_Source\PSoC5/NP_Neo_OFFTime_PM.c **** * Parameters:
 116:.\Generated_Source\PSoC5/NP_Neo_OFFTime_PM.c **** *  None
 117:.\Generated_Source\PSoC5/NP_Neo_OFFTime_PM.c **** *
 118:.\Generated_Source\PSoC5/NP_Neo_OFFTime_PM.c **** * Return:
 119:.\Generated_Source\PSoC5/NP_Neo_OFFTime_PM.c **** *  None
 120:.\Generated_Source\PSoC5/NP_Neo_OFFTime_PM.c **** *
 121:.\Generated_Source\PSoC5/NP_Neo_OFFTime_PM.c **** *******************************************************************************/
 122:.\Generated_Source\PSoC5/NP_Neo_OFFTime_PM.c **** void NP_Neo_OFFTime_Wakeup(void) 
 123:.\Generated_Source\PSoC5/NP_Neo_OFFTime_PM.c **** {
 131              		.loc 1 123 0
 132              		.cfi_startproc
 133              		@ args = 0, pretend = 0, frame = 0
 134              		@ frame_needed = 0, uses_anonymous_args = 0
 135 0000 08B5     		push	{r3, lr}
 136              		.cfi_def_cfa_offset 8
 137              		.cfi_offset 3, -8
 138              		.cfi_offset 14, -4
 124:.\Generated_Source\PSoC5/NP_Neo_OFFTime_PM.c ****     NP_Neo_OFFTime_RestoreConfig();
 139              		.loc 1 124 0
 140 0002 FFF7FEFF 		bl	NP_Neo_OFFTime_RestoreConfig
 141              	.LVL2:
 125:.\Generated_Source\PSoC5/NP_Neo_OFFTime_PM.c **** 
 126:.\Generated_Source\PSoC5/NP_Neo_OFFTime_PM.c ****     /* Restore enable state */
 127:.\Generated_Source\PSoC5/NP_Neo_OFFTime_PM.c ****     if (NP_Neo_OFFTime_backup.enableState != 0u)
 142              		.loc 1 127 0
 143 0006 044B     		ldr	r3, .L15
 144 0008 1B78     		ldrb	r3, [r3]	@ zero_extendqisi2
 145 000a 1BB1     		cbz	r3, .L13
 128:.\Generated_Source\PSoC5/NP_Neo_OFFTime_PM.c ****     {
 129:.\Generated_Source\PSoC5/NP_Neo_OFFTime_PM.c ****         NP_Neo_OFFTime_Enable();
 130:.\Generated_Source\PSoC5/NP_Neo_OFFTime_PM.c ****     }
 131:.\Generated_Source\PSoC5/NP_Neo_OFFTime_PM.c **** }
 146              		.loc 1 131 0
 147 000c BDE80840 		pop	{r3, lr}
 148              		.cfi_remember_state
 149              		.cfi_restore 14
 150              		.cfi_restore 3
 151              		.cfi_def_cfa_offset 0
 129:.\Generated_Source\PSoC5/NP_Neo_OFFTime_PM.c ****     }
 152              		.loc 1 129 0
ARM GAS  C:\Users\IVYLIU~1\AppData\Local\Temp\ccn1EaSm.s 			page 6


 153 0010 FFF7FEBF 		b	NP_Neo_OFFTime_Enable
 154              	.LVL3:
 155              	.L13:
 156              		.cfi_restore_state
 157 0014 08BD     		pop	{r3, pc}
 158              	.L16:
 159 0016 00BF     		.align	2
 160              	.L15:
 161 0018 00000000 		.word	NP_Neo_OFFTime_backup
 162              		.cfi_endproc
 163              	.LFE3:
 164              		.size	NP_Neo_OFFTime_Wakeup, .-NP_Neo_OFFTime_Wakeup
 165              		.comm	NP_Neo_OFFTime_backup,2,1
 166              		.text
 167              	.Letext0:
 168              		.file 2 ".\\Generated_Source\\PSoC5\\cytypes.h"
 169              		.file 3 ".\\Generated_Source\\PSoC5\\NP_Neo_OFFTime.h"
 170              		.section	.debug_info,"",%progbits
 171              	.Ldebug_info0:
 172 0000 57010000 		.4byte	0x157
 173 0004 0400     		.2byte	0x4
 174 0006 00000000 		.4byte	.Ldebug_abbrev0
 175 000a 04       		.byte	0x4
 176 000b 01       		.uleb128 0x1
 177 000c A8000000 		.4byte	.LASF23
 178 0010 01       		.byte	0x1
 179 0011 1D000000 		.4byte	.LASF24
 180 0015 7A010000 		.4byte	.LASF25
 181 0019 00000000 		.4byte	.Ldebug_ranges0+0
 182 001d 00000000 		.4byte	0
 183 0021 00000000 		.4byte	.Ldebug_line0
 184 0025 02       		.uleb128 0x2
 185 0026 01       		.byte	0x1
 186 0027 06       		.byte	0x6
 187 0028 65020000 		.4byte	.LASF0
 188 002c 02       		.uleb128 0x2
 189 002d 01       		.byte	0x1
 190 002e 08       		.byte	0x8
 191 002f 9A000000 		.4byte	.LASF1
 192 0033 02       		.uleb128 0x2
 193 0034 02       		.byte	0x2
 194 0035 05       		.byte	0x5
 195 0036 23020000 		.4byte	.LASF2
 196 003a 02       		.uleb128 0x2
 197 003b 02       		.byte	0x2
 198 003c 07       		.byte	0x7
 199 003d 53010000 		.4byte	.LASF3
 200 0041 02       		.uleb128 0x2
 201 0042 04       		.byte	0x4
 202 0043 05       		.byte	0x5
 203 0044 50020000 		.4byte	.LASF4
 204 0048 02       		.uleb128 0x2
 205 0049 04       		.byte	0x4
 206 004a 07       		.byte	0x7
 207 004b 41010000 		.4byte	.LASF5
 208 004f 02       		.uleb128 0x2
 209 0050 08       		.byte	0x8
ARM GAS  C:\Users\IVYLIU~1\AppData\Local\Temp\ccn1EaSm.s 			page 7


 210 0051 05       		.byte	0x5
 211 0052 10020000 		.4byte	.LASF6
 212 0056 02       		.uleb128 0x2
 213 0057 08       		.byte	0x8
 214 0058 07       		.byte	0x7
 215 0059 C9010000 		.4byte	.LASF7
 216 005d 03       		.uleb128 0x3
 217 005e 04       		.byte	0x4
 218 005f 05       		.byte	0x5
 219 0060 696E7400 		.ascii	"int\000"
 220 0064 02       		.uleb128 0x2
 221 0065 04       		.byte	0x4
 222 0066 07       		.byte	0x7
 223 0067 6D010000 		.4byte	.LASF8
 224 006b 04       		.uleb128 0x4
 225 006c 2D020000 		.4byte	.LASF12
 226 0070 02       		.byte	0x2
 227 0071 9201     		.2byte	0x192
 228 0073 2C000000 		.4byte	0x2c
 229 0077 02       		.uleb128 0x2
 230 0078 04       		.byte	0x4
 231 0079 04       		.byte	0x4
 232 007a 94000000 		.4byte	.LASF9
 233 007e 02       		.uleb128 0x2
 234 007f 08       		.byte	0x8
 235 0080 04       		.byte	0x4
 236 0081 66010000 		.4byte	.LASF10
 237 0085 02       		.uleb128 0x2
 238 0086 01       		.byte	0x1
 239 0087 08       		.byte	0x8
 240 0088 1E020000 		.4byte	.LASF11
 241 008c 04       		.uleb128 0x4
 242 008d 0B020000 		.4byte	.LASF13
 243 0091 02       		.byte	0x2
 244 0092 3C02     		.2byte	0x23c
 245 0094 98000000 		.4byte	0x98
 246 0098 05       		.uleb128 0x5
 247 0099 6B000000 		.4byte	0x6b
 248 009d 06       		.uleb128 0x6
 249 009e 02       		.byte	0x2
 250 009f 03       		.byte	0x3
 251 00a0 2E       		.byte	0x2e
 252 00a1 BE000000 		.4byte	0xbe
 253 00a5 07       		.uleb128 0x7
 254 00a6 59020000 		.4byte	.LASF14
 255 00aa 03       		.byte	0x3
 256 00ab 30       		.byte	0x30
 257 00ac 6B000000 		.4byte	0x6b
 258 00b0 00       		.byte	0
 259 00b1 07       		.uleb128 0x7
 260 00b2 60000000 		.4byte	.LASF15
 261 00b6 03       		.byte	0x3
 262 00b7 31       		.byte	0x31
 263 00b8 6B000000 		.4byte	0x6b
 264 00bc 01       		.byte	0x1
 265 00bd 00       		.byte	0
 266 00be 08       		.uleb128 0x8
ARM GAS  C:\Users\IVYLIU~1\AppData\Local\Temp\ccn1EaSm.s 			page 8


 267 00bf 33020000 		.4byte	.LASF16
 268 00c3 03       		.byte	0x3
 269 00c4 32       		.byte	0x32
 270 00c5 9D000000 		.4byte	0x9d
 271 00c9 09       		.uleb128 0x9
 272 00ca 66000000 		.4byte	.LASF17
 273 00ce 01       		.byte	0x1
 274 00cf 2B       		.byte	0x2b
 275 00d0 00000000 		.4byte	.LFB0
 276 00d4 14000000 		.4byte	.LFE0-.LFB0
 277 00d8 01       		.uleb128 0x1
 278 00d9 9C       		.byte	0x9c
 279 00da 0A       		.uleb128 0xa
 280 00db F6010000 		.4byte	.LASF19
 281 00df 01       		.byte	0x1
 282 00e0 41       		.byte	0x41
 283 00e1 00000000 		.4byte	.LFB1
 284 00e5 30000000 		.4byte	.LFE1-.LFB1
 285 00e9 01       		.uleb128 0x1
 286 00ea 9C       		.byte	0x9c
 287 00eb 02010000 		.4byte	0x102
 288 00ef 0B       		.uleb128 0xb
 289 00f0 1A000000 		.4byte	.LVL0
 290 00f4 4C010000 		.4byte	0x14c
 291 00f8 0C       		.uleb128 0xc
 292 00f9 26000000 		.4byte	.LVL1
 293 00fd C9000000 		.4byte	0xc9
 294 0101 00       		.byte	0
 295 0102 09       		.uleb128 0x9
 296 0103 00000000 		.4byte	.LASF18
 297 0107 01       		.byte	0x1
 298 0108 64       		.byte	0x64
 299 0109 00000000 		.4byte	.LFB2
 300 010d 14000000 		.4byte	.LFE2-.LFB2
 301 0111 01       		.uleb128 0x1
 302 0112 9C       		.byte	0x9c
 303 0113 0A       		.uleb128 0xa
 304 0114 4A000000 		.4byte	.LASF20
 305 0118 01       		.byte	0x1
 306 0119 7A       		.byte	0x7a
 307 011a 00000000 		.4byte	.LFB3
 308 011e 1C000000 		.4byte	.LFE3-.LFB3
 309 0122 01       		.uleb128 0x1
 310 0123 9C       		.byte	0x9c
 311 0124 3B010000 		.4byte	0x13b
 312 0128 0B       		.uleb128 0xb
 313 0129 06000000 		.4byte	.LVL2
 314 012d 02010000 		.4byte	0x102
 315 0131 0C       		.uleb128 0xc
 316 0132 14000000 		.4byte	.LVL3
 317 0136 53010000 		.4byte	0x153
 318 013a 00       		.byte	0
 319 013b 0D       		.uleb128 0xd
 320 013c 71020000 		.4byte	.LASF26
 321 0140 01       		.byte	0x1
 322 0141 15       		.byte	0x15
 323 0142 BE000000 		.4byte	0xbe
ARM GAS  C:\Users\IVYLIU~1\AppData\Local\Temp\ccn1EaSm.s 			page 9


 324 0146 05       		.uleb128 0x5
 325 0147 03       		.byte	0x3
 326 0148 00000000 		.4byte	NP_Neo_OFFTime_backup
 327 014c 0E       		.uleb128 0xe
 328 014d 80000000 		.4byte	.LASF21
 329 0151 03       		.byte	0x3
 330 0152 1F       		.byte	0x1f
 331 0153 0E       		.uleb128 0xe
 332 0154 E0010000 		.4byte	.LASF22
 333 0158 03       		.byte	0x3
 334 0159 1D       		.byte	0x1d
 335 015a 00       		.byte	0
 336              		.section	.debug_abbrev,"",%progbits
 337              	.Ldebug_abbrev0:
 338 0000 01       		.uleb128 0x1
 339 0001 11       		.uleb128 0x11
 340 0002 01       		.byte	0x1
 341 0003 25       		.uleb128 0x25
 342 0004 0E       		.uleb128 0xe
 343 0005 13       		.uleb128 0x13
 344 0006 0B       		.uleb128 0xb
 345 0007 03       		.uleb128 0x3
 346 0008 0E       		.uleb128 0xe
 347 0009 1B       		.uleb128 0x1b
 348 000a 0E       		.uleb128 0xe
 349 000b 55       		.uleb128 0x55
 350 000c 17       		.uleb128 0x17
 351 000d 11       		.uleb128 0x11
 352 000e 01       		.uleb128 0x1
 353 000f 10       		.uleb128 0x10
 354 0010 17       		.uleb128 0x17
 355 0011 00       		.byte	0
 356 0012 00       		.byte	0
 357 0013 02       		.uleb128 0x2
 358 0014 24       		.uleb128 0x24
 359 0015 00       		.byte	0
 360 0016 0B       		.uleb128 0xb
 361 0017 0B       		.uleb128 0xb
 362 0018 3E       		.uleb128 0x3e
 363 0019 0B       		.uleb128 0xb
 364 001a 03       		.uleb128 0x3
 365 001b 0E       		.uleb128 0xe
 366 001c 00       		.byte	0
 367 001d 00       		.byte	0
 368 001e 03       		.uleb128 0x3
 369 001f 24       		.uleb128 0x24
 370 0020 00       		.byte	0
 371 0021 0B       		.uleb128 0xb
 372 0022 0B       		.uleb128 0xb
 373 0023 3E       		.uleb128 0x3e
 374 0024 0B       		.uleb128 0xb
 375 0025 03       		.uleb128 0x3
 376 0026 08       		.uleb128 0x8
 377 0027 00       		.byte	0
 378 0028 00       		.byte	0
 379 0029 04       		.uleb128 0x4
 380 002a 16       		.uleb128 0x16
ARM GAS  C:\Users\IVYLIU~1\AppData\Local\Temp\ccn1EaSm.s 			page 10


 381 002b 00       		.byte	0
 382 002c 03       		.uleb128 0x3
 383 002d 0E       		.uleb128 0xe
 384 002e 3A       		.uleb128 0x3a
 385 002f 0B       		.uleb128 0xb
 386 0030 3B       		.uleb128 0x3b
 387 0031 05       		.uleb128 0x5
 388 0032 49       		.uleb128 0x49
 389 0033 13       		.uleb128 0x13
 390 0034 00       		.byte	0
 391 0035 00       		.byte	0
 392 0036 05       		.uleb128 0x5
 393 0037 35       		.uleb128 0x35
 394 0038 00       		.byte	0
 395 0039 49       		.uleb128 0x49
 396 003a 13       		.uleb128 0x13
 397 003b 00       		.byte	0
 398 003c 00       		.byte	0
 399 003d 06       		.uleb128 0x6
 400 003e 13       		.uleb128 0x13
 401 003f 01       		.byte	0x1
 402 0040 0B       		.uleb128 0xb
 403 0041 0B       		.uleb128 0xb
 404 0042 3A       		.uleb128 0x3a
 405 0043 0B       		.uleb128 0xb
 406 0044 3B       		.uleb128 0x3b
 407 0045 0B       		.uleb128 0xb
 408 0046 01       		.uleb128 0x1
 409 0047 13       		.uleb128 0x13
 410 0048 00       		.byte	0
 411 0049 00       		.byte	0
 412 004a 07       		.uleb128 0x7
 413 004b 0D       		.uleb128 0xd
 414 004c 00       		.byte	0
 415 004d 03       		.uleb128 0x3
 416 004e 0E       		.uleb128 0xe
 417 004f 3A       		.uleb128 0x3a
 418 0050 0B       		.uleb128 0xb
 419 0051 3B       		.uleb128 0x3b
 420 0052 0B       		.uleb128 0xb
 421 0053 49       		.uleb128 0x49
 422 0054 13       		.uleb128 0x13
 423 0055 38       		.uleb128 0x38
 424 0056 0B       		.uleb128 0xb
 425 0057 00       		.byte	0
 426 0058 00       		.byte	0
 427 0059 08       		.uleb128 0x8
 428 005a 16       		.uleb128 0x16
 429 005b 00       		.byte	0
 430 005c 03       		.uleb128 0x3
 431 005d 0E       		.uleb128 0xe
 432 005e 3A       		.uleb128 0x3a
 433 005f 0B       		.uleb128 0xb
 434 0060 3B       		.uleb128 0x3b
 435 0061 0B       		.uleb128 0xb
 436 0062 49       		.uleb128 0x49
 437 0063 13       		.uleb128 0x13
ARM GAS  C:\Users\IVYLIU~1\AppData\Local\Temp\ccn1EaSm.s 			page 11


 438 0064 00       		.byte	0
 439 0065 00       		.byte	0
 440 0066 09       		.uleb128 0x9
 441 0067 2E       		.uleb128 0x2e
 442 0068 00       		.byte	0
 443 0069 3F       		.uleb128 0x3f
 444 006a 19       		.uleb128 0x19
 445 006b 03       		.uleb128 0x3
 446 006c 0E       		.uleb128 0xe
 447 006d 3A       		.uleb128 0x3a
 448 006e 0B       		.uleb128 0xb
 449 006f 3B       		.uleb128 0x3b
 450 0070 0B       		.uleb128 0xb
 451 0071 27       		.uleb128 0x27
 452 0072 19       		.uleb128 0x19
 453 0073 11       		.uleb128 0x11
 454 0074 01       		.uleb128 0x1
 455 0075 12       		.uleb128 0x12
 456 0076 06       		.uleb128 0x6
 457 0077 40       		.uleb128 0x40
 458 0078 18       		.uleb128 0x18
 459 0079 9742     		.uleb128 0x2117
 460 007b 19       		.uleb128 0x19
 461 007c 00       		.byte	0
 462 007d 00       		.byte	0
 463 007e 0A       		.uleb128 0xa
 464 007f 2E       		.uleb128 0x2e
 465 0080 01       		.byte	0x1
 466 0081 3F       		.uleb128 0x3f
 467 0082 19       		.uleb128 0x19
 468 0083 03       		.uleb128 0x3
 469 0084 0E       		.uleb128 0xe
 470 0085 3A       		.uleb128 0x3a
 471 0086 0B       		.uleb128 0xb
 472 0087 3B       		.uleb128 0x3b
 473 0088 0B       		.uleb128 0xb
 474 0089 27       		.uleb128 0x27
 475 008a 19       		.uleb128 0x19
 476 008b 11       		.uleb128 0x11
 477 008c 01       		.uleb128 0x1
 478 008d 12       		.uleb128 0x12
 479 008e 06       		.uleb128 0x6
 480 008f 40       		.uleb128 0x40
 481 0090 18       		.uleb128 0x18
 482 0091 9742     		.uleb128 0x2117
 483 0093 19       		.uleb128 0x19
 484 0094 01       		.uleb128 0x1
 485 0095 13       		.uleb128 0x13
 486 0096 00       		.byte	0
 487 0097 00       		.byte	0
 488 0098 0B       		.uleb128 0xb
 489 0099 898201   		.uleb128 0x4109
 490 009c 00       		.byte	0
 491 009d 11       		.uleb128 0x11
 492 009e 01       		.uleb128 0x1
 493 009f 31       		.uleb128 0x31
 494 00a0 13       		.uleb128 0x13
ARM GAS  C:\Users\IVYLIU~1\AppData\Local\Temp\ccn1EaSm.s 			page 12


 495 00a1 00       		.byte	0
 496 00a2 00       		.byte	0
 497 00a3 0C       		.uleb128 0xc
 498 00a4 898201   		.uleb128 0x4109
 499 00a7 00       		.byte	0
 500 00a8 11       		.uleb128 0x11
 501 00a9 01       		.uleb128 0x1
 502 00aa 9542     		.uleb128 0x2115
 503 00ac 19       		.uleb128 0x19
 504 00ad 31       		.uleb128 0x31
 505 00ae 13       		.uleb128 0x13
 506 00af 00       		.byte	0
 507 00b0 00       		.byte	0
 508 00b1 0D       		.uleb128 0xd
 509 00b2 34       		.uleb128 0x34
 510 00b3 00       		.byte	0
 511 00b4 03       		.uleb128 0x3
 512 00b5 0E       		.uleb128 0xe
 513 00b6 3A       		.uleb128 0x3a
 514 00b7 0B       		.uleb128 0xb
 515 00b8 3B       		.uleb128 0x3b
 516 00b9 0B       		.uleb128 0xb
 517 00ba 49       		.uleb128 0x49
 518 00bb 13       		.uleb128 0x13
 519 00bc 3F       		.uleb128 0x3f
 520 00bd 19       		.uleb128 0x19
 521 00be 02       		.uleb128 0x2
 522 00bf 18       		.uleb128 0x18
 523 00c0 00       		.byte	0
 524 00c1 00       		.byte	0
 525 00c2 0E       		.uleb128 0xe
 526 00c3 2E       		.uleb128 0x2e
 527 00c4 00       		.byte	0
 528 00c5 3F       		.uleb128 0x3f
 529 00c6 19       		.uleb128 0x19
 530 00c7 03       		.uleb128 0x3
 531 00c8 0E       		.uleb128 0xe
 532 00c9 3A       		.uleb128 0x3a
 533 00ca 0B       		.uleb128 0xb
 534 00cb 3B       		.uleb128 0x3b
 535 00cc 0B       		.uleb128 0xb
 536 00cd 27       		.uleb128 0x27
 537 00ce 19       		.uleb128 0x19
 538 00cf 3C       		.uleb128 0x3c
 539 00d0 19       		.uleb128 0x19
 540 00d1 00       		.byte	0
 541 00d2 00       		.byte	0
 542 00d3 00       		.byte	0
 543              		.section	.debug_aranges,"",%progbits
 544 0000 34000000 		.4byte	0x34
 545 0004 0200     		.2byte	0x2
 546 0006 00000000 		.4byte	.Ldebug_info0
 547 000a 04       		.byte	0x4
 548 000b 00       		.byte	0
 549 000c 0000     		.2byte	0
 550 000e 0000     		.2byte	0
 551 0010 00000000 		.4byte	.LFB0
ARM GAS  C:\Users\IVYLIU~1\AppData\Local\Temp\ccn1EaSm.s 			page 13


 552 0014 14000000 		.4byte	.LFE0-.LFB0
 553 0018 00000000 		.4byte	.LFB1
 554 001c 30000000 		.4byte	.LFE1-.LFB1
 555 0020 00000000 		.4byte	.LFB2
 556 0024 14000000 		.4byte	.LFE2-.LFB2
 557 0028 00000000 		.4byte	.LFB3
 558 002c 1C000000 		.4byte	.LFE3-.LFB3
 559 0030 00000000 		.4byte	0
 560 0034 00000000 		.4byte	0
 561              		.section	.debug_ranges,"",%progbits
 562              	.Ldebug_ranges0:
 563 0000 00000000 		.4byte	.LFB0
 564 0004 14000000 		.4byte	.LFE0
 565 0008 00000000 		.4byte	.LFB1
 566 000c 30000000 		.4byte	.LFE1
 567 0010 00000000 		.4byte	.LFB2
 568 0014 14000000 		.4byte	.LFE2
 569 0018 00000000 		.4byte	.LFB3
 570 001c 1C000000 		.4byte	.LFE3
 571 0020 00000000 		.4byte	0
 572 0024 00000000 		.4byte	0
 573              		.section	.debug_line,"",%progbits
 574              	.Ldebug_line0:
 575 0000 B5000000 		.section	.debug_str,"MS",%progbits,1
 575      02006400 
 575      00000201 
 575      FB0E0D00 
 575      01010101 
 576              	.LASF18:
 577 0000 4E505F4E 		.ascii	"NP_Neo_OFFTime_RestoreConfig\000"
 577      656F5F4F 
 577      46465469 
 577      6D655F52 
 577      6573746F 
 578              	.LASF24:
 579 001d 2E5C4765 		.ascii	".\\Generated_Source\\PSoC5\\NP_Neo_OFFTime_PM.c\000"
 579      6E657261 
 579      7465645F 
 579      536F7572 
 579      63655C50 
 580              	.LASF20:
 581 004a 4E505F4E 		.ascii	"NP_Neo_OFFTime_Wakeup\000"
 581      656F5F4F 
 581      46465469 
 581      6D655F57 
 581      616B6575 
 582              	.LASF15:
 583 0060 636F756E 		.ascii	"count\000"
 583      7400
 584              	.LASF17:
 585 0066 4E505F4E 		.ascii	"NP_Neo_OFFTime_SaveConfig\000"
 585      656F5F4F 
 585      46465469 
 585      6D655F53 
 585      61766543 
 586              	.LASF21:
 587 0080 4E505F4E 		.ascii	"NP_Neo_OFFTime_Stop\000"
ARM GAS  C:\Users\IVYLIU~1\AppData\Local\Temp\ccn1EaSm.s 			page 14


 587      656F5F4F 
 587      46465469 
 587      6D655F53 
 587      746F7000 
 588              	.LASF9:
 589 0094 666C6F61 		.ascii	"float\000"
 589      7400
 590              	.LASF1:
 591 009a 756E7369 		.ascii	"unsigned char\000"
 591      676E6564 
 591      20636861 
 591      7200
 592              	.LASF23:
 593 00a8 474E5520 		.ascii	"GNU C 4.9.3 20150303 (release) [ARM/embedded-4_9-br"
 593      4320342E 
 593      392E3320 
 593      32303135 
 593      30333033 
 594 00db 616E6368 		.ascii	"anch revision 221220] -mcpu=cortex-m3 -mthumb -g -O"
 594      20726576 
 594      6973696F 
 594      6E203232 
 594      31323230 
 595 010e 73202D73 		.ascii	"s -std=gnu99 -ffunction-sections -ffat-lto-objects\000"
 595      74643D67 
 595      6E753939 
 595      202D6666 
 595      756E6374 
 596              	.LASF5:
 597 0141 6C6F6E67 		.ascii	"long unsigned int\000"
 597      20756E73 
 597      69676E65 
 597      6420696E 
 597      7400
 598              	.LASF3:
 599 0153 73686F72 		.ascii	"short unsigned int\000"
 599      7420756E 
 599      7369676E 
 599      65642069 
 599      6E7400
 600              	.LASF10:
 601 0166 646F7562 		.ascii	"double\000"
 601      6C6500
 602              	.LASF8:
 603 016d 756E7369 		.ascii	"unsigned int\000"
 603      676E6564 
 603      20696E74 
 603      00
 604              	.LASF25:
 605 017a 5C5C766D 		.ascii	"\\\\vmware-host\\Shared Folders\\Documents\\PSoC Cr"
 605      77617265 
 605      2D686F73 
 605      745C5368 
 605      61726564 
 606 01a8 6561746F 		.ascii	"eator\\FinalProject\\FinalV2.cydsn\000"
 606      725C4669 
 606      6E616C50 
ARM GAS  C:\Users\IVYLIU~1\AppData\Local\Temp\ccn1EaSm.s 			page 15


 606      726F6A65 
 606      63745C46 
 607              	.LASF7:
 608 01c9 6C6F6E67 		.ascii	"long long unsigned int\000"
 608      206C6F6E 
 608      6720756E 
 608      7369676E 
 608      65642069 
 609              	.LASF22:
 610 01e0 4E505F4E 		.ascii	"NP_Neo_OFFTime_Enable\000"
 610      656F5F4F 
 610      46465469 
 610      6D655F45 
 610      6E61626C 
 611              	.LASF19:
 612 01f6 4E505F4E 		.ascii	"NP_Neo_OFFTime_Sleep\000"
 612      656F5F4F 
 612      46465469 
 612      6D655F53 
 612      6C656570 
 613              	.LASF13:
 614 020b 72656738 		.ascii	"reg8\000"
 614      00
 615              	.LASF6:
 616 0210 6C6F6E67 		.ascii	"long long int\000"
 616      206C6F6E 
 616      6720696E 
 616      7400
 617              	.LASF11:
 618 021e 63686172 		.ascii	"char\000"
 618      00
 619              	.LASF2:
 620 0223 73686F72 		.ascii	"short int\000"
 620      7420696E 
 620      7400
 621              	.LASF12:
 622 022d 75696E74 		.ascii	"uint8\000"
 622      3800
 623              	.LASF16:
 624 0233 4E505F4E 		.ascii	"NP_Neo_OFFTime_BACKUP_STRUCT\000"
 624      656F5F4F 
 624      46465469 
 624      6D655F42 
 624      41434B55 
 625              	.LASF4:
 626 0250 6C6F6E67 		.ascii	"long int\000"
 626      20696E74 
 626      00
 627              	.LASF14:
 628 0259 656E6162 		.ascii	"enableState\000"
 628      6C655374 
 628      61746500 
 629              	.LASF0:
 630 0265 7369676E 		.ascii	"signed char\000"
 630      65642063 
 630      68617200 
 631              	.LASF26:
ARM GAS  C:\Users\IVYLIU~1\AppData\Local\Temp\ccn1EaSm.s 			page 16


 632 0271 4E505F4E 		.ascii	"NP_Neo_OFFTime_backup\000"
 632      656F5F4F 
 632      46465469 
 632      6D655F62 
 632      61636B75 
 633              		.ident	"GCC: (GNU Tools for ARM Embedded Processors) 4.9.3 20150303 (release) [ARM/embedded-4_9-br
