--------------- Rebuild Started: 05/13/2024 16:41:29 Project: FinalV2, Configuration: ARM GCC 4.9-2015-q1-update Release ---------------
Deleting file ".\FinalV2.cycdx"
Deleting file ".\FinalV2.svd"
Deleting file ".\FinalV2.rpt"
Deleting file ".\FinalV2_timing.html"
cydsfit.exe -.appdatapath "C:\Users\Ivy Liu\AppData\Local\Cypress Semiconductor\PSoC Creator\3.3" -.fdsnotice -.fdswarpdepfile=warp_dependencies.txt -.fdselabdepfile=elab_dependencies.txt -.fdsbldfile=generated_files.txt -p "\\vmware-host\Shared Folders\Documents\PSoC Creator\FinalProject\FinalV2.cydsn\FinalV2.cyprj" -d CY8C5868AXI-LP035 -s "\\vmware-host\Shared Folders\Documents\PSoC Creator\FinalProject\FinalV2.cydsn\Generated_Source\PSoC5" -- -yv2 -q10 -ygs -o2 -v3 -.fftcfgtype=LE
Elaborating Design...
ADD: pft.M0028: warning: Clock Warning: (Clock_1's accuracy range '12 MHz +/- 1%, (11.88 MHz - 12.12 MHz)' is not within the specified tolerance range '12.8 MHz +/- 5%, (12.16 MHz - 13.44 MHz)'.).
 * \\vmware-host\Shared Folders\Documents\PSoC Creator\FinalProject\FinalV2.cydsn\FinalV2.cydwr (Clock_1)
 * \\vmware-host\Shared Folders\Documents\PSoC Creator\FinalProject\FinalV2.cydsn\TopDesign\TopDesign.cysch (Instance:Clock_1)
HDL Generation ...
Synthesis ...
Place and Route ...
Tech mapping ...
Analog Placement ...
Info: apr.M0002: Analog signal "\ADC_DelSig_1:Net_35\" is connected to one terminal only. (App=cydsfit)
Analog Routing ...
Analog Code Generation ...
Digital Placement ...
Digital Routing ...
Bitstream Generation ...
Static timing analysis ...
API Generation ...
Dependency Generation ...
Clean Temporary Files ...
arm-none-eabi-gcc.exe -mcpu=cortex-m3 -mthumb -Wno-main -I.\Core\Include -I.\DSP\Include -I..\emWinGraphics_v5_46\Code\Include\PSoC4_5\nosnts -I..\emWinGraphics_v5_46\Code\Include\PSoC4_5 -I. -IGenerated_Source\PSoC5 -Wa,-alh=.\CortexM3\ARM_GCC_493\Release/arm_const_structs.lst -g -D NDEBUG -Wall -ffunction-sections -Os -ffat-lto-objects gcc -std=c99 -c .\DSP\Source\CommonTables\arm_const_structs.c -o .\CortexM3\ARM_GCC_493\Release\arm_const_structs.o
arm-none-eabi-gcc.exe: error: gcc: No such file or directory
The command 'arm-none-eabi-gcc.exe' failed with exit code '1'.
--------------- Rebuild Failed: 05/13/2024 16:42:12 ---------------
