ARM GAS  C:\Users\IVYLIU~1\AppData\Local\Temp\cc4aCJXj.s 			page 1


   1              		.syntax unified
   2              		.cpu cortex-m3
   3              		.fpu softvfp
   4              		.eabi_attribute 20, 1
   5              		.eabi_attribute 21, 1
   6              		.eabi_attribute 23, 3
   7              		.eabi_attribute 24, 1
   8              		.eabi_attribute 25, 1
   9              		.eabi_attribute 26, 1
  10              		.eabi_attribute 30, 4
  11              		.eabi_attribute 34, 1
  12              		.eabi_attribute 18, 4
  13              		.thumb
  14              		.file	"SS.c"
  15              		.text
  16              	.Ltext0:
  17              		.cfi_sections	.debug_frame
  18              		.section	.text.SS_Write,"ax",%progbits
  19              		.align	1
  20              		.global	SS_Write
  21              		.thumb
  22              		.thumb_func
  23              		.type	SS_Write, %function
  24              	SS_Write:
  25              	.LFB0:
  26              		.file 1 ".\\Generated_Source\\PSoC5\\SS.c"
   1:.\Generated_Source\PSoC5/SS.c **** /*******************************************************************************
   2:.\Generated_Source\PSoC5/SS.c **** * File Name: SS.c  
   3:.\Generated_Source\PSoC5/SS.c **** * Version 2.10
   4:.\Generated_Source\PSoC5/SS.c **** *
   5:.\Generated_Source\PSoC5/SS.c **** * Description:
   6:.\Generated_Source\PSoC5/SS.c **** *  This file contains API to enable firmware control of a Pins component.
   7:.\Generated_Source\PSoC5/SS.c **** *
   8:.\Generated_Source\PSoC5/SS.c **** * Note:
   9:.\Generated_Source\PSoC5/SS.c **** *
  10:.\Generated_Source\PSoC5/SS.c **** ********************************************************************************
  11:.\Generated_Source\PSoC5/SS.c **** * Copyright 2008-2014, Cypress Semiconductor Corporation.  All rights reserved.
  12:.\Generated_Source\PSoC5/SS.c **** * You may use this file only in accordance with the license, terms, conditions, 
  13:.\Generated_Source\PSoC5/SS.c **** * disclaimers, and limitations in the end user license agreement accompanying 
  14:.\Generated_Source\PSoC5/SS.c **** * the software package with which this file was provided.
  15:.\Generated_Source\PSoC5/SS.c **** *******************************************************************************/
  16:.\Generated_Source\PSoC5/SS.c **** 
  17:.\Generated_Source\PSoC5/SS.c **** #include "cytypes.h"
  18:.\Generated_Source\PSoC5/SS.c **** #include "SS.h"
  19:.\Generated_Source\PSoC5/SS.c **** 
  20:.\Generated_Source\PSoC5/SS.c **** /* APIs are not generated for P15[7:6] on PSoC 5 */
  21:.\Generated_Source\PSoC5/SS.c **** #if !(CY_PSOC5A &&\
  22:.\Generated_Source\PSoC5/SS.c **** 	 SS__PORT == 15 && ((SS__MASK & 0xC0) != 0))
  23:.\Generated_Source\PSoC5/SS.c **** 
  24:.\Generated_Source\PSoC5/SS.c **** 
  25:.\Generated_Source\PSoC5/SS.c **** /*******************************************************************************
  26:.\Generated_Source\PSoC5/SS.c **** * Function Name: SS_Write
  27:.\Generated_Source\PSoC5/SS.c **** ********************************************************************************
  28:.\Generated_Source\PSoC5/SS.c **** *
  29:.\Generated_Source\PSoC5/SS.c **** * Summary:
  30:.\Generated_Source\PSoC5/SS.c **** *  Assign a new value to the digital port's data output register.  
  31:.\Generated_Source\PSoC5/SS.c **** *
ARM GAS  C:\Users\IVYLIU~1\AppData\Local\Temp\cc4aCJXj.s 			page 2


  32:.\Generated_Source\PSoC5/SS.c **** * Parameters:  
  33:.\Generated_Source\PSoC5/SS.c **** *  prtValue:  The value to be assigned to the Digital Port. 
  34:.\Generated_Source\PSoC5/SS.c **** *
  35:.\Generated_Source\PSoC5/SS.c **** * Return: 
  36:.\Generated_Source\PSoC5/SS.c **** *  None
  37:.\Generated_Source\PSoC5/SS.c **** *  
  38:.\Generated_Source\PSoC5/SS.c **** *******************************************************************************/
  39:.\Generated_Source\PSoC5/SS.c **** void SS_Write(uint8 value) 
  40:.\Generated_Source\PSoC5/SS.c **** {
  27              		.loc 1 40 0
  28              		.cfi_startproc
  29              		@ args = 0, pretend = 0, frame = 0
  30              		@ frame_needed = 0, uses_anonymous_args = 0
  31              		@ link register save eliminated.
  32              	.LVL0:
  41:.\Generated_Source\PSoC5/SS.c ****     uint8 staticBits = (SS_DR & (uint8)(~SS_MASK));
  33              		.loc 1 41 0
  34 0000 044A     		ldr	r2, .L2
  35 0002 1378     		ldrb	r3, [r2]	@ zero_extendqisi2
  36              	.LVL1:
  37 0004 03F07F03 		and	r3, r3, #127
  38              	.LVL2:
  42:.\Generated_Source\PSoC5/SS.c ****     SS_DR = staticBits | ((uint8)(value << SS_SHIFT) & SS_MASK);
  39              		.loc 1 42 0
  40 0008 43EAC010 		orr	r0, r3, r0, lsl #7
  41              	.LVL3:
  42 000c C0B2     		uxtb	r0, r0
  43 000e 1070     		strb	r0, [r2]
  44 0010 7047     		bx	lr
  45              	.L3:
  46 0012 00BF     		.align	2
  47              	.L2:
  48 0014 20510040 		.word	1073762592
  49              		.cfi_endproc
  50              	.LFE0:
  51              		.size	SS_Write, .-SS_Write
  52              		.section	.text.SS_SetDriveMode,"ax",%progbits
  53              		.align	1
  54              		.global	SS_SetDriveMode
  55              		.thumb
  56              		.thumb_func
  57              		.type	SS_SetDriveMode, %function
  58              	SS_SetDriveMode:
  59              	.LFB1:
  43:.\Generated_Source\PSoC5/SS.c **** }
  44:.\Generated_Source\PSoC5/SS.c **** 
  45:.\Generated_Source\PSoC5/SS.c **** 
  46:.\Generated_Source\PSoC5/SS.c **** /*******************************************************************************
  47:.\Generated_Source\PSoC5/SS.c **** * Function Name: SS_SetDriveMode
  48:.\Generated_Source\PSoC5/SS.c **** ********************************************************************************
  49:.\Generated_Source\PSoC5/SS.c **** *
  50:.\Generated_Source\PSoC5/SS.c **** * Summary:
  51:.\Generated_Source\PSoC5/SS.c **** *  Change the drive mode on the pins of the port.
  52:.\Generated_Source\PSoC5/SS.c **** * 
  53:.\Generated_Source\PSoC5/SS.c **** * Parameters:  
  54:.\Generated_Source\PSoC5/SS.c **** *  mode:  Change the pins to one of the following drive modes.
  55:.\Generated_Source\PSoC5/SS.c **** *
ARM GAS  C:\Users\IVYLIU~1\AppData\Local\Temp\cc4aCJXj.s 			page 3


  56:.\Generated_Source\PSoC5/SS.c **** *  SS_DM_STRONG     Strong Drive 
  57:.\Generated_Source\PSoC5/SS.c **** *  SS_DM_OD_HI      Open Drain, Drives High 
  58:.\Generated_Source\PSoC5/SS.c **** *  SS_DM_OD_LO      Open Drain, Drives Low 
  59:.\Generated_Source\PSoC5/SS.c **** *  SS_DM_RES_UP     Resistive Pull Up 
  60:.\Generated_Source\PSoC5/SS.c **** *  SS_DM_RES_DWN    Resistive Pull Down 
  61:.\Generated_Source\PSoC5/SS.c **** *  SS_DM_RES_UPDWN  Resistive Pull Up/Down 
  62:.\Generated_Source\PSoC5/SS.c **** *  SS_DM_DIG_HIZ    High Impedance Digital 
  63:.\Generated_Source\PSoC5/SS.c **** *  SS_DM_ALG_HIZ    High Impedance Analog 
  64:.\Generated_Source\PSoC5/SS.c **** *
  65:.\Generated_Source\PSoC5/SS.c **** * Return: 
  66:.\Generated_Source\PSoC5/SS.c **** *  None
  67:.\Generated_Source\PSoC5/SS.c **** *
  68:.\Generated_Source\PSoC5/SS.c **** *******************************************************************************/
  69:.\Generated_Source\PSoC5/SS.c **** void SS_SetDriveMode(uint8 mode) 
  70:.\Generated_Source\PSoC5/SS.c **** {
  60              		.loc 1 70 0
  61              		.cfi_startproc
  62              		@ args = 0, pretend = 0, frame = 0
  63              		@ frame_needed = 0, uses_anonymous_args = 0
  64              		@ link register save eliminated.
  65              	.LVL4:
  71:.\Generated_Source\PSoC5/SS.c **** 	CyPins_SetPinDriveMode(SS_0, mode);
  66              		.loc 1 71 0
  67 0000 044A     		ldr	r2, .L5
  68 0002 00F00E00 		and	r0, r0, #14
  69              	.LVL5:
  70 0006 1378     		ldrb	r3, [r2]	@ zero_extendqisi2
  71 0008 03F0F103 		and	r3, r3, #241
  72 000c 0343     		orrs	r3, r3, r0
  73 000e 1370     		strb	r3, [r2]
  74 0010 7047     		bx	lr
  75              	.L6:
  76 0012 00BF     		.align	2
  77              	.L5:
  78 0014 17500040 		.word	1073762327
  79              		.cfi_endproc
  80              	.LFE1:
  81              		.size	SS_SetDriveMode, .-SS_SetDriveMode
  82              		.section	.text.SS_Read,"ax",%progbits
  83              		.align	1
  84              		.global	SS_Read
  85              		.thumb
  86              		.thumb_func
  87              		.type	SS_Read, %function
  88              	SS_Read:
  89              	.LFB2:
  72:.\Generated_Source\PSoC5/SS.c **** }
  73:.\Generated_Source\PSoC5/SS.c **** 
  74:.\Generated_Source\PSoC5/SS.c **** 
  75:.\Generated_Source\PSoC5/SS.c **** /*******************************************************************************
  76:.\Generated_Source\PSoC5/SS.c **** * Function Name: SS_Read
  77:.\Generated_Source\PSoC5/SS.c **** ********************************************************************************
  78:.\Generated_Source\PSoC5/SS.c **** *
  79:.\Generated_Source\PSoC5/SS.c **** * Summary:
  80:.\Generated_Source\PSoC5/SS.c **** *  Read the current value on the pins of the Digital Port in right justified 
  81:.\Generated_Source\PSoC5/SS.c **** *  form.
  82:.\Generated_Source\PSoC5/SS.c **** *
ARM GAS  C:\Users\IVYLIU~1\AppData\Local\Temp\cc4aCJXj.s 			page 4


  83:.\Generated_Source\PSoC5/SS.c **** * Parameters:  
  84:.\Generated_Source\PSoC5/SS.c **** *  None
  85:.\Generated_Source\PSoC5/SS.c **** *
  86:.\Generated_Source\PSoC5/SS.c **** * Return: 
  87:.\Generated_Source\PSoC5/SS.c **** *  Returns the current value of the Digital Port as a right justified number
  88:.\Generated_Source\PSoC5/SS.c **** *  
  89:.\Generated_Source\PSoC5/SS.c **** * Note:
  90:.\Generated_Source\PSoC5/SS.c **** *  Macro SS_ReadPS calls this function. 
  91:.\Generated_Source\PSoC5/SS.c **** *  
  92:.\Generated_Source\PSoC5/SS.c **** *******************************************************************************/
  93:.\Generated_Source\PSoC5/SS.c **** uint8 SS_Read(void) 
  94:.\Generated_Source\PSoC5/SS.c **** {
  90              		.loc 1 94 0
  91              		.cfi_startproc
  92              		@ args = 0, pretend = 0, frame = 0
  93              		@ frame_needed = 0, uses_anonymous_args = 0
  94              		@ link register save eliminated.
  95:.\Generated_Source\PSoC5/SS.c ****     return (SS_PS & SS_MASK) >> SS_SHIFT;
  95              		.loc 1 95 0
  96 0000 014B     		ldr	r3, .L8
  97 0002 1878     		ldrb	r0, [r3]	@ zero_extendqisi2
  96:.\Generated_Source\PSoC5/SS.c **** }
  98              		.loc 1 96 0
  99 0004 C009     		lsrs	r0, r0, #7
 100 0006 7047     		bx	lr
 101              	.L9:
 102              		.align	2
 103              	.L8:
 104 0008 21510040 		.word	1073762593
 105              		.cfi_endproc
 106              	.LFE2:
 107              		.size	SS_Read, .-SS_Read
 108              		.section	.text.SS_ReadDataReg,"ax",%progbits
 109              		.align	1
 110              		.global	SS_ReadDataReg
 111              		.thumb
 112              		.thumb_func
 113              		.type	SS_ReadDataReg, %function
 114              	SS_ReadDataReg:
 115              	.LFB3:
  97:.\Generated_Source\PSoC5/SS.c **** 
  98:.\Generated_Source\PSoC5/SS.c **** 
  99:.\Generated_Source\PSoC5/SS.c **** /*******************************************************************************
 100:.\Generated_Source\PSoC5/SS.c **** * Function Name: SS_ReadDataReg
 101:.\Generated_Source\PSoC5/SS.c **** ********************************************************************************
 102:.\Generated_Source\PSoC5/SS.c **** *
 103:.\Generated_Source\PSoC5/SS.c **** * Summary:
 104:.\Generated_Source\PSoC5/SS.c **** *  Read the current value assigned to a Digital Port's data output register
 105:.\Generated_Source\PSoC5/SS.c **** *
 106:.\Generated_Source\PSoC5/SS.c **** * Parameters:  
 107:.\Generated_Source\PSoC5/SS.c **** *  None 
 108:.\Generated_Source\PSoC5/SS.c **** *
 109:.\Generated_Source\PSoC5/SS.c **** * Return: 
 110:.\Generated_Source\PSoC5/SS.c **** *  Returns the current value assigned to the Digital Port's data output register
 111:.\Generated_Source\PSoC5/SS.c **** *  
 112:.\Generated_Source\PSoC5/SS.c **** *******************************************************************************/
 113:.\Generated_Source\PSoC5/SS.c **** uint8 SS_ReadDataReg(void) 
ARM GAS  C:\Users\IVYLIU~1\AppData\Local\Temp\cc4aCJXj.s 			page 5


 114:.\Generated_Source\PSoC5/SS.c **** {
 116              		.loc 1 114 0
 117              		.cfi_startproc
 118              		@ args = 0, pretend = 0, frame = 0
 119              		@ frame_needed = 0, uses_anonymous_args = 0
 120              		@ link register save eliminated.
 115:.\Generated_Source\PSoC5/SS.c ****     return (SS_DR & SS_MASK) >> SS_SHIFT;
 121              		.loc 1 115 0
 122 0000 014B     		ldr	r3, .L11
 123 0002 1878     		ldrb	r0, [r3]	@ zero_extendqisi2
 116:.\Generated_Source\PSoC5/SS.c **** }
 124              		.loc 1 116 0
 125 0004 C009     		lsrs	r0, r0, #7
 126 0006 7047     		bx	lr
 127              	.L12:
 128              		.align	2
 129              	.L11:
 130 0008 20510040 		.word	1073762592
 131              		.cfi_endproc
 132              	.LFE3:
 133              		.size	SS_ReadDataReg, .-SS_ReadDataReg
 134              		.text
 135              	.Letext0:
 136              		.file 2 ".\\Generated_Source\\PSoC5\\cytypes.h"
 137              		.section	.debug_info,"",%progbits
 138              	.Ldebug_info0:
 139 0000 1D010000 		.4byte	0x11d
 140 0004 0400     		.2byte	0x4
 141 0006 00000000 		.4byte	.Ldebug_abbrev0
 142 000a 04       		.byte	0x4
 143 000b 01       		.uleb128 0x1
 144 000c 3D000000 		.4byte	.LASF20
 145 0010 01       		.byte	0x1
 146 0011 D6000000 		.4byte	.LASF21
 147 0015 35010000 		.4byte	.LASF22
 148 0019 00000000 		.4byte	.Ldebug_ranges0+0
 149 001d 00000000 		.4byte	0
 150 0021 00000000 		.4byte	.Ldebug_line0
 151 0025 02       		.uleb128 0x2
 152 0026 01       		.byte	0x1
 153 0027 06       		.byte	0x6
 154 0028 E1010000 		.4byte	.LASF0
 155 002c 02       		.uleb128 0x2
 156 002d 01       		.byte	0x1
 157 002e 08       		.byte	0x8
 158 002f 2F000000 		.4byte	.LASF1
 159 0033 02       		.uleb128 0x2
 160 0034 02       		.byte	0x2
 161 0035 05       		.byte	0x5
 162 0036 C8010000 		.4byte	.LASF2
 163 003a 02       		.uleb128 0x2
 164 003b 02       		.byte	0x2
 165 003c 07       		.byte	0x7
 166 003d 0E010000 		.4byte	.LASF3
 167 0041 02       		.uleb128 0x2
 168 0042 04       		.byte	0x4
 169 0043 05       		.byte	0x5
ARM GAS  C:\Users\IVYLIU~1\AppData\Local\Temp\cc4aCJXj.s 			page 6


 170 0044 D8010000 		.4byte	.LASF4
 171 0048 02       		.uleb128 0x2
 172 0049 04       		.byte	0x4
 173 004a 07       		.byte	0x7
 174 004b F4000000 		.4byte	.LASF5
 175 004f 02       		.uleb128 0x2
 176 0050 08       		.byte	0x8
 177 0051 05       		.byte	0x5
 178 0052 B5010000 		.4byte	.LASF6
 179 0056 02       		.uleb128 0x2
 180 0057 08       		.byte	0x8
 181 0058 07       		.byte	0x7
 182 0059 84010000 		.4byte	.LASF7
 183 005d 03       		.uleb128 0x3
 184 005e 04       		.byte	0x4
 185 005f 05       		.byte	0x5
 186 0060 696E7400 		.ascii	"int\000"
 187 0064 02       		.uleb128 0x2
 188 0065 04       		.byte	0x4
 189 0066 07       		.byte	0x7
 190 0067 28010000 		.4byte	.LASF8
 191 006b 04       		.uleb128 0x4
 192 006c D2010000 		.4byte	.LASF12
 193 0070 02       		.byte	0x2
 194 0071 9201     		.2byte	0x192
 195 0073 2C000000 		.4byte	0x2c
 196 0077 02       		.uleb128 0x2
 197 0078 04       		.byte	0x4
 198 0079 04       		.byte	0x4
 199 007a 29000000 		.4byte	.LASF9
 200 007e 02       		.uleb128 0x2
 201 007f 08       		.byte	0x8
 202 0080 04       		.byte	0x4
 203 0081 21010000 		.4byte	.LASF10
 204 0085 02       		.uleb128 0x2
 205 0086 01       		.byte	0x1
 206 0087 08       		.byte	0x8
 207 0088 C3010000 		.4byte	.LASF11
 208 008c 04       		.uleb128 0x4
 209 008d A0010000 		.4byte	.LASF13
 210 0091 02       		.byte	0x2
 211 0092 3C02     		.2byte	0x23c
 212 0094 98000000 		.4byte	0x98
 213 0098 05       		.uleb128 0x5
 214 0099 6B000000 		.4byte	0x6b
 215 009d 06       		.uleb128 0x6
 216 009e 00000000 		.4byte	.LASF14
 217 00a2 01       		.byte	0x1
 218 00a3 27       		.byte	0x27
 219 00a4 00000000 		.4byte	.LFB0
 220 00a8 18000000 		.4byte	.LFE0-.LFB0
 221 00ac 01       		.uleb128 0x1
 222 00ad 9C       		.byte	0x9c
 223 00ae D1000000 		.4byte	0xd1
 224 00b2 07       		.uleb128 0x7
 225 00b3 09000000 		.4byte	.LASF16
 226 00b7 01       		.byte	0x1
ARM GAS  C:\Users\IVYLIU~1\AppData\Local\Temp\cc4aCJXj.s 			page 7


 227 00b8 27       		.byte	0x27
 228 00b9 6B000000 		.4byte	0x6b
 229 00bd 00000000 		.4byte	.LLST0
 230 00c1 08       		.uleb128 0x8
 231 00c2 0F000000 		.4byte	.LASF23
 232 00c6 01       		.byte	0x1
 233 00c7 29       		.byte	0x29
 234 00c8 6B000000 		.4byte	0x6b
 235 00cc 21000000 		.4byte	.LLST1
 236 00d0 00       		.byte	0
 237 00d1 06       		.uleb128 0x6
 238 00d2 A5010000 		.4byte	.LASF15
 239 00d6 01       		.byte	0x1
 240 00d7 45       		.byte	0x45
 241 00d8 00000000 		.4byte	.LFB1
 242 00dc 18000000 		.4byte	.LFE1-.LFB1
 243 00e0 01       		.uleb128 0x1
 244 00e1 9C       		.byte	0x9c
 245 00e2 F6000000 		.4byte	0xf6
 246 00e6 07       		.uleb128 0x7
 247 00e7 9B010000 		.4byte	.LASF17
 248 00eb 01       		.byte	0x1
 249 00ec 45       		.byte	0x45
 250 00ed 6B000000 		.4byte	0x6b
 251 00f1 39000000 		.4byte	.LLST2
 252 00f5 00       		.byte	0
 253 00f6 09       		.uleb128 0x9
 254 00f7 06010000 		.4byte	.LASF18
 255 00fb 01       		.byte	0x1
 256 00fc 5D       		.byte	0x5d
 257 00fd 6B000000 		.4byte	0x6b
 258 0101 00000000 		.4byte	.LFB2
 259 0105 0C000000 		.4byte	.LFE2-.LFB2
 260 0109 01       		.uleb128 0x1
 261 010a 9C       		.byte	0x9c
 262 010b 09       		.uleb128 0x9
 263 010c 1A000000 		.4byte	.LASF19
 264 0110 01       		.byte	0x1
 265 0111 71       		.byte	0x71
 266 0112 6B000000 		.4byte	0x6b
 267 0116 00000000 		.4byte	.LFB3
 268 011a 0C000000 		.4byte	.LFE3-.LFB3
 269 011e 01       		.uleb128 0x1
 270 011f 9C       		.byte	0x9c
 271 0120 00       		.byte	0
 272              		.section	.debug_abbrev,"",%progbits
 273              	.Ldebug_abbrev0:
 274 0000 01       		.uleb128 0x1
 275 0001 11       		.uleb128 0x11
 276 0002 01       		.byte	0x1
 277 0003 25       		.uleb128 0x25
 278 0004 0E       		.uleb128 0xe
 279 0005 13       		.uleb128 0x13
 280 0006 0B       		.uleb128 0xb
 281 0007 03       		.uleb128 0x3
 282 0008 0E       		.uleb128 0xe
 283 0009 1B       		.uleb128 0x1b
ARM GAS  C:\Users\IVYLIU~1\AppData\Local\Temp\cc4aCJXj.s 			page 8


 284 000a 0E       		.uleb128 0xe
 285 000b 55       		.uleb128 0x55
 286 000c 17       		.uleb128 0x17
 287 000d 11       		.uleb128 0x11
 288 000e 01       		.uleb128 0x1
 289 000f 10       		.uleb128 0x10
 290 0010 17       		.uleb128 0x17
 291 0011 00       		.byte	0
 292 0012 00       		.byte	0
 293 0013 02       		.uleb128 0x2
 294 0014 24       		.uleb128 0x24
 295 0015 00       		.byte	0
 296 0016 0B       		.uleb128 0xb
 297 0017 0B       		.uleb128 0xb
 298 0018 3E       		.uleb128 0x3e
 299 0019 0B       		.uleb128 0xb
 300 001a 03       		.uleb128 0x3
 301 001b 0E       		.uleb128 0xe
 302 001c 00       		.byte	0
 303 001d 00       		.byte	0
 304 001e 03       		.uleb128 0x3
 305 001f 24       		.uleb128 0x24
 306 0020 00       		.byte	0
 307 0021 0B       		.uleb128 0xb
 308 0022 0B       		.uleb128 0xb
 309 0023 3E       		.uleb128 0x3e
 310 0024 0B       		.uleb128 0xb
 311 0025 03       		.uleb128 0x3
 312 0026 08       		.uleb128 0x8
 313 0027 00       		.byte	0
 314 0028 00       		.byte	0
 315 0029 04       		.uleb128 0x4
 316 002a 16       		.uleb128 0x16
 317 002b 00       		.byte	0
 318 002c 03       		.uleb128 0x3
 319 002d 0E       		.uleb128 0xe
 320 002e 3A       		.uleb128 0x3a
 321 002f 0B       		.uleb128 0xb
 322 0030 3B       		.uleb128 0x3b
 323 0031 05       		.uleb128 0x5
 324 0032 49       		.uleb128 0x49
 325 0033 13       		.uleb128 0x13
 326 0034 00       		.byte	0
 327 0035 00       		.byte	0
 328 0036 05       		.uleb128 0x5
 329 0037 35       		.uleb128 0x35
 330 0038 00       		.byte	0
 331 0039 49       		.uleb128 0x49
 332 003a 13       		.uleb128 0x13
 333 003b 00       		.byte	0
 334 003c 00       		.byte	0
 335 003d 06       		.uleb128 0x6
 336 003e 2E       		.uleb128 0x2e
 337 003f 01       		.byte	0x1
 338 0040 3F       		.uleb128 0x3f
 339 0041 19       		.uleb128 0x19
 340 0042 03       		.uleb128 0x3
ARM GAS  C:\Users\IVYLIU~1\AppData\Local\Temp\cc4aCJXj.s 			page 9


 341 0043 0E       		.uleb128 0xe
 342 0044 3A       		.uleb128 0x3a
 343 0045 0B       		.uleb128 0xb
 344 0046 3B       		.uleb128 0x3b
 345 0047 0B       		.uleb128 0xb
 346 0048 27       		.uleb128 0x27
 347 0049 19       		.uleb128 0x19
 348 004a 11       		.uleb128 0x11
 349 004b 01       		.uleb128 0x1
 350 004c 12       		.uleb128 0x12
 351 004d 06       		.uleb128 0x6
 352 004e 40       		.uleb128 0x40
 353 004f 18       		.uleb128 0x18
 354 0050 9742     		.uleb128 0x2117
 355 0052 19       		.uleb128 0x19
 356 0053 01       		.uleb128 0x1
 357 0054 13       		.uleb128 0x13
 358 0055 00       		.byte	0
 359 0056 00       		.byte	0
 360 0057 07       		.uleb128 0x7
 361 0058 05       		.uleb128 0x5
 362 0059 00       		.byte	0
 363 005a 03       		.uleb128 0x3
 364 005b 0E       		.uleb128 0xe
 365 005c 3A       		.uleb128 0x3a
 366 005d 0B       		.uleb128 0xb
 367 005e 3B       		.uleb128 0x3b
 368 005f 0B       		.uleb128 0xb
 369 0060 49       		.uleb128 0x49
 370 0061 13       		.uleb128 0x13
 371 0062 02       		.uleb128 0x2
 372 0063 17       		.uleb128 0x17
 373 0064 00       		.byte	0
 374 0065 00       		.byte	0
 375 0066 08       		.uleb128 0x8
 376 0067 34       		.uleb128 0x34
 377 0068 00       		.byte	0
 378 0069 03       		.uleb128 0x3
 379 006a 0E       		.uleb128 0xe
 380 006b 3A       		.uleb128 0x3a
 381 006c 0B       		.uleb128 0xb
 382 006d 3B       		.uleb128 0x3b
 383 006e 0B       		.uleb128 0xb
 384 006f 49       		.uleb128 0x49
 385 0070 13       		.uleb128 0x13
 386 0071 02       		.uleb128 0x2
 387 0072 17       		.uleb128 0x17
 388 0073 00       		.byte	0
 389 0074 00       		.byte	0
 390 0075 09       		.uleb128 0x9
 391 0076 2E       		.uleb128 0x2e
 392 0077 00       		.byte	0
 393 0078 3F       		.uleb128 0x3f
 394 0079 19       		.uleb128 0x19
 395 007a 03       		.uleb128 0x3
 396 007b 0E       		.uleb128 0xe
 397 007c 3A       		.uleb128 0x3a
ARM GAS  C:\Users\IVYLIU~1\AppData\Local\Temp\cc4aCJXj.s 			page 10


 398 007d 0B       		.uleb128 0xb
 399 007e 3B       		.uleb128 0x3b
 400 007f 0B       		.uleb128 0xb
 401 0080 27       		.uleb128 0x27
 402 0081 19       		.uleb128 0x19
 403 0082 49       		.uleb128 0x49
 404 0083 13       		.uleb128 0x13
 405 0084 11       		.uleb128 0x11
 406 0085 01       		.uleb128 0x1
 407 0086 12       		.uleb128 0x12
 408 0087 06       		.uleb128 0x6
 409 0088 40       		.uleb128 0x40
 410 0089 18       		.uleb128 0x18
 411 008a 9742     		.uleb128 0x2117
 412 008c 19       		.uleb128 0x19
 413 008d 00       		.byte	0
 414 008e 00       		.byte	0
 415 008f 00       		.byte	0
 416              		.section	.debug_loc,"",%progbits
 417              	.Ldebug_loc0:
 418              	.LLST0:
 419 0000 00000000 		.4byte	.LVL0
 420 0004 0C000000 		.4byte	.LVL3
 421 0008 0100     		.2byte	0x1
 422 000a 50       		.byte	0x50
 423 000b 0C000000 		.4byte	.LVL3
 424 000f 18000000 		.4byte	.LFE0
 425 0013 0400     		.2byte	0x4
 426 0015 F3       		.byte	0xf3
 427 0016 01       		.uleb128 0x1
 428 0017 50       		.byte	0x50
 429 0018 9F       		.byte	0x9f
 430 0019 00000000 		.4byte	0
 431 001d 00000000 		.4byte	0
 432              	.LLST1:
 433 0021 04000000 		.4byte	.LVL1
 434 0025 08000000 		.4byte	.LVL2
 435 0029 0600     		.2byte	0x6
 436 002b 73       		.byte	0x73
 437 002c 00       		.sleb128 0
 438 002d 08       		.byte	0x8
 439 002e 7F       		.byte	0x7f
 440 002f 1A       		.byte	0x1a
 441 0030 9F       		.byte	0x9f
 442 0031 00000000 		.4byte	0
 443 0035 00000000 		.4byte	0
 444              	.LLST2:
 445 0039 00000000 		.4byte	.LVL4
 446 003d 06000000 		.4byte	.LVL5
 447 0041 0100     		.2byte	0x1
 448 0043 50       		.byte	0x50
 449 0044 06000000 		.4byte	.LVL5
 450 0048 18000000 		.4byte	.LFE1
 451 004c 0400     		.2byte	0x4
 452 004e F3       		.byte	0xf3
 453 004f 01       		.uleb128 0x1
 454 0050 50       		.byte	0x50
ARM GAS  C:\Users\IVYLIU~1\AppData\Local\Temp\cc4aCJXj.s 			page 11


 455 0051 9F       		.byte	0x9f
 456 0052 00000000 		.4byte	0
 457 0056 00000000 		.4byte	0
 458              		.section	.debug_aranges,"",%progbits
 459 0000 34000000 		.4byte	0x34
 460 0004 0200     		.2byte	0x2
 461 0006 00000000 		.4byte	.Ldebug_info0
 462 000a 04       		.byte	0x4
 463 000b 00       		.byte	0
 464 000c 0000     		.2byte	0
 465 000e 0000     		.2byte	0
 466 0010 00000000 		.4byte	.LFB0
 467 0014 18000000 		.4byte	.LFE0-.LFB0
 468 0018 00000000 		.4byte	.LFB1
 469 001c 18000000 		.4byte	.LFE1-.LFB1
 470 0020 00000000 		.4byte	.LFB2
 471 0024 0C000000 		.4byte	.LFE2-.LFB2
 472 0028 00000000 		.4byte	.LFB3
 473 002c 0C000000 		.4byte	.LFE3-.LFB3
 474 0030 00000000 		.4byte	0
 475 0034 00000000 		.4byte	0
 476              		.section	.debug_ranges,"",%progbits
 477              	.Ldebug_ranges0:
 478 0000 00000000 		.4byte	.LFB0
 479 0004 18000000 		.4byte	.LFE0
 480 0008 00000000 		.4byte	.LFB1
 481 000c 18000000 		.4byte	.LFE1
 482 0010 00000000 		.4byte	.LFB2
 483 0014 0C000000 		.4byte	.LFE2
 484 0018 00000000 		.4byte	.LFB3
 485 001c 0C000000 		.4byte	.LFE3
 486 0020 00000000 		.4byte	0
 487 0024 00000000 		.4byte	0
 488              		.section	.debug_line,"",%progbits
 489              	.Ldebug_line0:
 490 0000 8D000000 		.section	.debug_str,"MS",%progbits,1
 490      02004100 
 490      00000201 
 490      FB0E0D00 
 490      01010101 
 491              	.LASF14:
 492 0000 53535F57 		.ascii	"SS_Write\000"
 492      72697465 
 492      00
 493              	.LASF16:
 494 0009 76616C75 		.ascii	"value\000"
 494      6500
 495              	.LASF23:
 496 000f 73746174 		.ascii	"staticBits\000"
 496      69634269 
 496      747300
 497              	.LASF19:
 498 001a 53535F52 		.ascii	"SS_ReadDataReg\000"
 498      65616444 
 498      61746152 
 498      656700
 499              	.LASF9:
ARM GAS  C:\Users\IVYLIU~1\AppData\Local\Temp\cc4aCJXj.s 			page 12


 500 0029 666C6F61 		.ascii	"float\000"
 500      7400
 501              	.LASF1:
 502 002f 756E7369 		.ascii	"unsigned char\000"
 502      676E6564 
 502      20636861 
 502      7200
 503              	.LASF20:
 504 003d 474E5520 		.ascii	"GNU C 4.9.3 20150303 (release) [ARM/embedded-4_9-br"
 504      4320342E 
 504      392E3320 
 504      32303135 
 504      30333033 
 505 0070 616E6368 		.ascii	"anch revision 221220] -mcpu=cortex-m3 -mthumb -g -O"
 505      20726576 
 505      6973696F 
 505      6E203232 
 505      31323230 
 506 00a3 73202D73 		.ascii	"s -std=gnu99 -ffunction-sections -ffat-lto-objects\000"
 506      74643D67 
 506      6E753939 
 506      202D6666 
 506      756E6374 
 507              	.LASF21:
 508 00d6 2E5C4765 		.ascii	".\\Generated_Source\\PSoC5\\SS.c\000"
 508      6E657261 
 508      7465645F 
 508      536F7572 
 508      63655C50 
 509              	.LASF5:
 510 00f4 6C6F6E67 		.ascii	"long unsigned int\000"
 510      20756E73 
 510      69676E65 
 510      6420696E 
 510      7400
 511              	.LASF18:
 512 0106 53535F52 		.ascii	"SS_Read\000"
 512      65616400 
 513              	.LASF3:
 514 010e 73686F72 		.ascii	"short unsigned int\000"
 514      7420756E 
 514      7369676E 
 514      65642069 
 514      6E7400
 515              	.LASF10:
 516 0121 646F7562 		.ascii	"double\000"
 516      6C6500
 517              	.LASF8:
 518 0128 756E7369 		.ascii	"unsigned int\000"
 518      676E6564 
 518      20696E74 
 518      00
 519              	.LASF22:
 520 0135 5C5C766D 		.ascii	"\\\\vmware-host\\Shared Folders\\Documents\\PSoC Cr"
 520      77617265 
 520      2D686F73 
 520      745C5368 
ARM GAS  C:\Users\IVYLIU~1\AppData\Local\Temp\cc4aCJXj.s 			page 13


 520      61726564 
 521 0163 6561746F 		.ascii	"eator\\FinalProject\\FinalV2.cydsn\000"
 521      725C4669 
 521      6E616C50 
 521      726F6A65 
 521      63745C46 
 522              	.LASF7:
 523 0184 6C6F6E67 		.ascii	"long long unsigned int\000"
 523      206C6F6E 
 523      6720756E 
 523      7369676E 
 523      65642069 
 524              	.LASF17:
 525 019b 6D6F6465 		.ascii	"mode\000"
 525      00
 526              	.LASF13:
 527 01a0 72656738 		.ascii	"reg8\000"
 527      00
 528              	.LASF15:
 529 01a5 53535F53 		.ascii	"SS_SetDriveMode\000"
 529      65744472 
 529      6976654D 
 529      6F646500 
 530              	.LASF6:
 531 01b5 6C6F6E67 		.ascii	"long long int\000"
 531      206C6F6E 
 531      6720696E 
 531      7400
 532              	.LASF11:
 533 01c3 63686172 		.ascii	"char\000"
 533      00
 534              	.LASF2:
 535 01c8 73686F72 		.ascii	"short int\000"
 535      7420696E 
 535      7400
 536              	.LASF12:
 537 01d2 75696E74 		.ascii	"uint8\000"
 537      3800
 538              	.LASF4:
 539 01d8 6C6F6E67 		.ascii	"long int\000"
 539      20696E74 
 539      00
 540              	.LASF0:
 541 01e1 7369676E 		.ascii	"signed char\000"
 541      65642063 
 541      68617200 
 542              		.ident	"GCC: (GNU Tools for ARM Embedded Processors) 4.9.3 20150303 (release) [ARM/embedded-4_9-br
