ARM GAS  C:\Users\IVYLIU~1\AppData\Local\Temp\ccGOFVTg.s 			page 1


   1              		.syntax unified
   2              		.cpu cortex-m3
   3              		.fpu softvfp
   4              		.eabi_attribute 20, 1
   5              		.eabi_attribute 21, 1
   6              		.eabi_attribute 23, 3
   7              		.eabi_attribute 24, 1
   8              		.eabi_attribute 25, 1
   9              		.eabi_attribute 26, 1
  10              		.eabi_attribute 30, 1
  11              		.eabi_attribute 34, 1
  12              		.eabi_attribute 18, 4
  13              		.thumb
  14              		.file	"arm_const_structs.c"
  15              		.text
  16              	.Ltext0:
  17              		.cfi_sections	.debug_frame
  18              		.global	arm_cfft_sR_f32_len4096
  19              		.global	arm_cfft_sR_f32_len2048
  20              		.global	arm_cfft_sR_f32_len1024
  21              		.global	arm_cfft_sR_f32_len512
  22              		.global	arm_cfft_sR_f32_len256
  23              		.global	arm_cfft_sR_f32_len128
  24              		.global	arm_cfft_sR_f32_len64
  25              		.global	arm_cfft_sR_f32_len32
  26              		.global	arm_cfft_sR_f32_len16
  27              		.section	.rodata
  28              		.align	2
  29              		.type	arm_cfft_sR_f32_len4096, %object
  30              		.size	arm_cfft_sR_f32_len4096, 16
  31              	arm_cfft_sR_f32_len4096:
  32 0000 0010     		.short	4096
  33 0002 0000     		.space	2
  34 0004 00000000 		.word	twiddleCoef_4096
  35 0008 00000000 		.word	armBitRevIndexTable4096
  36 000c C00F     		.short	4032
  37 000e 0000     		.space	2
  38              		.type	arm_cfft_sR_f32_len2048, %object
  39              		.size	arm_cfft_sR_f32_len2048, 16
  40              	arm_cfft_sR_f32_len2048:
  41 0010 0008     		.short	2048
  42 0012 0000     		.space	2
  43 0014 00000000 		.word	twiddleCoef_2048
  44 0018 00000000 		.word	armBitRevIndexTable2048
  45 001c E00E     		.short	3808
  46 001e 0000     		.space	2
  47              		.type	arm_cfft_sR_f32_len1024, %object
  48              		.size	arm_cfft_sR_f32_len1024, 16
  49              	arm_cfft_sR_f32_len1024:
  50 0020 0004     		.short	1024
  51 0022 0000     		.space	2
  52 0024 00000000 		.word	twiddleCoef_1024
  53 0028 00000000 		.word	armBitRevIndexTable1024
  54 002c 0807     		.short	1800
  55 002e 0000     		.space	2
  56              		.type	arm_cfft_sR_f32_len512, %object
  57              		.size	arm_cfft_sR_f32_len512, 16
ARM GAS  C:\Users\IVYLIU~1\AppData\Local\Temp\ccGOFVTg.s 			page 2


  58              	arm_cfft_sR_f32_len512:
  59 0030 0002     		.short	512
  60 0032 0000     		.space	2
  61 0034 00000000 		.word	twiddleCoef_512
  62 0038 00000000 		.word	armBitRevIndexTable512
  63 003c C001     		.short	448
  64 003e 0000     		.space	2
  65              		.type	arm_cfft_sR_f32_len256, %object
  66              		.size	arm_cfft_sR_f32_len256, 16
  67              	arm_cfft_sR_f32_len256:
  68 0040 0001     		.short	256
  69 0042 0000     		.space	2
  70 0044 00000000 		.word	twiddleCoef_256
  71 0048 00000000 		.word	armBitRevIndexTable256
  72 004c B801     		.short	440
  73 004e 0000     		.space	2
  74              		.type	arm_cfft_sR_f32_len128, %object
  75              		.size	arm_cfft_sR_f32_len128, 16
  76              	arm_cfft_sR_f32_len128:
  77 0050 8000     		.short	128
  78 0052 0000     		.space	2
  79 0054 00000000 		.word	twiddleCoef_128
  80 0058 00000000 		.word	armBitRevIndexTable128
  81 005c D000     		.short	208
  82 005e 0000     		.space	2
  83              		.type	arm_cfft_sR_f32_len64, %object
  84              		.size	arm_cfft_sR_f32_len64, 16
  85              	arm_cfft_sR_f32_len64:
  86 0060 4000     		.short	64
  87 0062 0000     		.space	2
  88 0064 00000000 		.word	twiddleCoef_64
  89 0068 00000000 		.word	armBitRevIndexTable64
  90 006c 3800     		.short	56
  91 006e 0000     		.space	2
  92              		.type	arm_cfft_sR_f32_len32, %object
  93              		.size	arm_cfft_sR_f32_len32, 16
  94              	arm_cfft_sR_f32_len32:
  95 0070 2000     		.short	32
  96 0072 0000     		.space	2
  97 0074 00000000 		.word	twiddleCoef_32
  98 0078 00000000 		.word	armBitRevIndexTable32
  99 007c 3000     		.short	48
 100 007e 0000     		.space	2
 101              		.type	arm_cfft_sR_f32_len16, %object
 102              		.size	arm_cfft_sR_f32_len16, 16
 103              	arm_cfft_sR_f32_len16:
 104 0080 1000     		.short	16
 105 0082 0000     		.space	2
 106 0084 00000000 		.word	twiddleCoef_16
 107 0088 00000000 		.word	armBitRevIndexTable16
 108 008c 1400     		.short	20
 109 008e 0000     		.space	2
 110              		.text
 111              	.Letext0:
 112              		.file 1 "c:\\program files (x86)\\cypress\\psoc creator\\3.3\\psoc creator\\import\\gnu\\arm\\4.9.
 113              		.file 2 "c:\\program files (x86)\\cypress\\psoc creator\\3.3\\psoc creator\\import\\gnu\\arm\\4.9.
 114              		.file 3 ".\\DSP\\Include/arm_math_types.h"
ARM GAS  C:\Users\IVYLIU~1\AppData\Local\Temp\ccGOFVTg.s 			page 3


 115              		.file 4 ".\\DSP\\Include/dsp/transform_functions.h"
 116              		.file 5 ".\\Core\\Include/cmsis_gcc.h"
 117              		.file 6 ".\\DSP\\Include/arm_common_tables.h"
 118              		.file 7 ".\\DSP\\Source\\CommonTables\\arm_const_structs.c"
 119              		.section	.debug_info,"",%progbits
 120              	.Ldebug_info0:
 121 0000 B3040000 		.4byte	0x4b3
 122 0004 0400     		.2byte	0x4
 123 0006 00000000 		.4byte	.Ldebug_abbrev0
 124 000a 04       		.byte	0x4
 125 000b 01       		.uleb128 0x1
 126 000c 40040000 		.4byte	.LASF59
 127 0010 01       		.byte	0x1
 128 0011 60020000 		.4byte	.LASF60
 129 0015 8E000000 		.4byte	.LASF61
 130 0019 00000000 		.4byte	.Ldebug_line0
 131 001d 02       		.uleb128 0x2
 132 001e 01       		.byte	0x1
 133 001f 06       		.byte	0x6
 134 0020 2C010000 		.4byte	.LASF0
 135 0024 02       		.uleb128 0x2
 136 0025 01       		.byte	0x1
 137 0026 08       		.byte	0x8
 138 0027 2A030000 		.4byte	.LASF1
 139 002b 02       		.uleb128 0x2
 140 002c 02       		.byte	0x2
 141 002d 05       		.byte	0x5
 142 002e 3D030000 		.4byte	.LASF2
 143 0032 03       		.uleb128 0x3
 144 0033 8C030000 		.4byte	.LASF5
 145 0037 01       		.byte	0x1
 146 0038 2B       		.byte	0x2b
 147 0039 3D000000 		.4byte	0x3d
 148 003d 02       		.uleb128 0x2
 149 003e 02       		.byte	0x2
 150 003f 07       		.byte	0x7
 151 0040 35020000 		.4byte	.LASF3
 152 0044 02       		.uleb128 0x2
 153 0045 04       		.byte	0x4
 154 0046 05       		.byte	0x5
 155 0047 4D010000 		.4byte	.LASF4
 156 004b 03       		.uleb128 0x3
 157 004c B1010000 		.4byte	.LASF6
 158 0050 01       		.byte	0x1
 159 0051 41       		.byte	0x41
 160 0052 56000000 		.4byte	0x56
 161 0056 02       		.uleb128 0x2
 162 0057 04       		.byte	0x4
 163 0058 07       		.byte	0x7
 164 0059 23020000 		.4byte	.LASF7
 165 005d 02       		.uleb128 0x2
 166 005e 08       		.byte	0x8
 167 005f 05       		.byte	0x5
 168 0060 1E010000 		.4byte	.LASF8
 169 0064 02       		.uleb128 0x2
 170 0065 08       		.byte	0x8
 171 0066 07       		.byte	0x7
ARM GAS  C:\Users\IVYLIU~1\AppData\Local\Temp\ccGOFVTg.s 			page 4


 172 0067 DD000000 		.4byte	.LASF9
 173 006b 04       		.uleb128 0x4
 174 006c 04       		.byte	0x4
 175 006d 05       		.byte	0x5
 176 006e 696E7400 		.ascii	"int\000"
 177 0072 02       		.uleb128 0x2
 178 0073 04       		.byte	0x4
 179 0074 07       		.byte	0x7
 180 0075 16020000 		.4byte	.LASF10
 181 0079 03       		.uleb128 0x3
 182 007a A1010000 		.4byte	.LASF11
 183 007e 02       		.byte	0x2
 184 007f 21       		.byte	0x21
 185 0080 32000000 		.4byte	0x32
 186 0084 03       		.uleb128 0x3
 187 0085 56030000 		.4byte	.LASF12
 188 0089 02       		.byte	0x2
 189 008a 2D       		.byte	0x2d
 190 008b 4B000000 		.4byte	0x4b
 191 008f 02       		.uleb128 0x2
 192 0090 04       		.byte	0x4
 193 0091 07       		.byte	0x7
 194 0092 BA020000 		.4byte	.LASF13
 195 0096 02       		.uleb128 0x2
 196 0097 01       		.byte	0x1
 197 0098 08       		.byte	0x8
 198 0099 87030000 		.4byte	.LASF14
 199 009d 02       		.uleb128 0x2
 200 009e 08       		.byte	0x8
 201 009f 04       		.byte	0x4
 202 00a0 AA010000 		.4byte	.LASF15
 203 00a4 02       		.uleb128 0x2
 204 00a5 04       		.byte	0x4
 205 00a6 04       		.byte	0x4
 206 00a7 03030000 		.4byte	.LASF16
 207 00ab 02       		.uleb128 0x2
 208 00ac 08       		.byte	0x8
 209 00ad 04       		.byte	0x4
 210 00ae DA020000 		.4byte	.LASF17
 211 00b2 05       		.uleb128 0x5
 212 00b3 C5030000 		.4byte	.LASF18
 213 00b7 03       		.byte	0x3
 214 00b8 2F01     		.2byte	0x12f
 215 00ba A4000000 		.4byte	0xa4
 216 00be 06       		.uleb128 0x6
 217 00bf 04       		.byte	0x4
 218 00c0 C4000000 		.4byte	0xc4
 219 00c4 07       		.uleb128 0x7
 220 00c5 79000000 		.4byte	0x79
 221 00c9 06       		.uleb128 0x6
 222 00ca 04       		.byte	0x4
 223 00cb CF000000 		.4byte	0xcf
 224 00cf 07       		.uleb128 0x7
 225 00d0 B2000000 		.4byte	0xb2
 226 00d4 08       		.uleb128 0x8
 227 00d5 10       		.byte	0x10
 228 00d6 04       		.byte	0x4
ARM GAS  C:\Users\IVYLIU~1\AppData\Local\Temp\ccGOFVTg.s 			page 5


 229 00d7 1101     		.2byte	0x111
 230 00d9 12010000 		.4byte	0x112
 231 00dd 09       		.uleb128 0x9
 232 00de EB010000 		.4byte	.LASF19
 233 00e2 04       		.byte	0x4
 234 00e3 1301     		.2byte	0x113
 235 00e5 79000000 		.4byte	0x79
 236 00e9 00       		.byte	0
 237 00ea 09       		.uleb128 0x9
 238 00eb 08040000 		.4byte	.LASF20
 239 00ef 04       		.byte	0x4
 240 00f0 1401     		.2byte	0x114
 241 00f2 C9000000 		.4byte	0xc9
 242 00f6 04       		.byte	0x4
 243 00f7 09       		.uleb128 0x9
 244 00f8 94010000 		.4byte	.LASF21
 245 00fc 04       		.byte	0x4
 246 00fd 1501     		.2byte	0x115
 247 00ff BE000000 		.4byte	0xbe
 248 0103 08       		.byte	0x8
 249 0104 09       		.uleb128 0x9
 250 0105 5B000000 		.4byte	.LASF22
 251 0109 04       		.byte	0x4
 252 010a 1601     		.2byte	0x116
 253 010c 79000000 		.4byte	0x79
 254 0110 0C       		.byte	0xc
 255 0111 00       		.byte	0
 256 0112 05       		.uleb128 0x5
 257 0113 00000000 		.4byte	.LASF23
 258 0117 04       		.byte	0x4
 259 0118 1F01     		.2byte	0x11f
 260 011a D4000000 		.4byte	0xd4
 261 011e 06       		.uleb128 0x6
 262 011f 04       		.byte	0x4
 263 0120 24010000 		.4byte	0x124
 264 0124 07       		.uleb128 0x7
 265 0125 84000000 		.4byte	0x84
 266 0129 03       		.uleb128 0x3
 267 012a 16000000 		.4byte	.LASF24
 268 012e 05       		.byte	0x5
 269 012f 8B       		.byte	0x8b
 270 0130 8D040000 		.4byte	0x48d
 271 0134 06       		.uleb128 0x6
 272 0135 04       		.byte	0x4
 273 0136 84000000 		.4byte	0x84
 274 013a 0A       		.uleb128 0xa
 275 013b F2010000 		.4byte	.LASF25
 276 013f 05       		.byte	0x5
 277 0140 92       		.byte	0x92
 278 0141 45010000 		.4byte	0x145
 279 0145 07       		.uleb128 0x7
 280 0146 29010000 		.4byte	0x129
 281 014a 0A       		.uleb128 0xa
 282 014b F4000000 		.4byte	.LASF26
 283 014f 05       		.byte	0x5
 284 0150 93       		.byte	0x93
 285 0151 45010000 		.4byte	0x145
ARM GAS  C:\Users\IVYLIU~1\AppData\Local\Temp\ccGOFVTg.s 			page 6


 286 0155 03       		.uleb128 0x3
 287 0156 4C000000 		.4byte	.LASF27
 288 015a 05       		.byte	0x5
 289 015b 90       		.byte	0x90
 290 015c 6C040000 		.4byte	0x46c
 291 0160 0A       		.uleb128 0xa
 292 0161 38010000 		.4byte	.LASF28
 293 0165 05       		.byte	0x5
 294 0166 94       		.byte	0x94
 295 0167 6B010000 		.4byte	0x16b
 296 016b 07       		.uleb128 0x7
 297 016c 55010000 		.4byte	0x155
 298 0170 0A       		.uleb128 0xa
 299 0171 CF030000 		.4byte	.LASF29
 300 0175 05       		.byte	0x5
 301 0176 95       		.byte	0x95
 302 0177 6B010000 		.4byte	0x16b
 303 017b 0B       		.uleb128 0xb
 304 017c B2000000 		.4byte	0xb2
 305 0180 8B010000 		.4byte	0x18b
 306 0184 0C       		.uleb128 0xc
 307 0185 8F000000 		.4byte	0x8f
 308 0189 1F       		.byte	0x1f
 309 018a 00       		.byte	0
 310 018b 0A       		.uleb128 0xa
 311 018c 68000000 		.4byte	.LASF30
 312 0190 06       		.byte	0x6
 313 0191 53       		.byte	0x53
 314 0192 96010000 		.4byte	0x196
 315 0196 07       		.uleb128 0x7
 316 0197 7B010000 		.4byte	0x17b
 317 019b 0B       		.uleb128 0xb
 318 019c B2000000 		.4byte	0xb2
 319 01a0 AB010000 		.4byte	0x1ab
 320 01a4 0C       		.uleb128 0xc
 321 01a5 8F000000 		.4byte	0x8f
 322 01a9 3F       		.byte	0x3f
 323 01aa 00       		.byte	0
 324 01ab 0A       		.uleb128 0xa
 325 01ac 07020000 		.4byte	.LASF31
 326 01b0 06       		.byte	0x6
 327 01b1 57       		.byte	0x57
 328 01b2 B6010000 		.4byte	0x1b6
 329 01b6 07       		.uleb128 0x7
 330 01b7 9B010000 		.4byte	0x19b
 331 01bb 0B       		.uleb128 0xb
 332 01bc B2000000 		.4byte	0xb2
 333 01c0 CB010000 		.4byte	0x1cb
 334 01c4 0C       		.uleb128 0xc
 335 01c5 8F000000 		.4byte	0x8f
 336 01c9 7F       		.byte	0x7f
 337 01ca 00       		.byte	0
 338 01cb 0A       		.uleb128 0xa
 339 01cc 47030000 		.4byte	.LASF32
 340 01d0 06       		.byte	0x6
 341 01d1 5B       		.byte	0x5b
 342 01d2 D6010000 		.4byte	0x1d6
ARM GAS  C:\Users\IVYLIU~1\AppData\Local\Temp\ccGOFVTg.s 			page 7


 343 01d6 07       		.uleb128 0x7
 344 01d7 BB010000 		.4byte	0x1bb
 345 01db 0B       		.uleb128 0xb
 346 01dc B2000000 		.4byte	0xb2
 347 01e0 EB010000 		.4byte	0x1eb
 348 01e4 0C       		.uleb128 0xc
 349 01e5 8F000000 		.4byte	0x8f
 350 01e9 FF       		.byte	0xff
 351 01ea 00       		.byte	0
 352 01eb 0A       		.uleb128 0xa
 353 01ec 09030000 		.4byte	.LASF33
 354 01f0 06       		.byte	0x6
 355 01f1 5F       		.byte	0x5f
 356 01f2 F6010000 		.4byte	0x1f6
 357 01f6 07       		.uleb128 0x7
 358 01f7 DB010000 		.4byte	0x1db
 359 01fb 0B       		.uleb128 0xb
 360 01fc B2000000 		.4byte	0xb2
 361 0200 0C020000 		.4byte	0x20c
 362 0204 0D       		.uleb128 0xd
 363 0205 8F000000 		.4byte	0x8f
 364 0209 FF01     		.2byte	0x1ff
 365 020b 00       		.byte	0
 366 020c 0A       		.uleb128 0xa
 367 020d E2030000 		.4byte	.LASF34
 368 0211 06       		.byte	0x6
 369 0212 63       		.byte	0x63
 370 0213 17020000 		.4byte	0x217
 371 0217 07       		.uleb128 0x7
 372 0218 FB010000 		.4byte	0x1fb
 373 021c 0B       		.uleb128 0xb
 374 021d B2000000 		.4byte	0xb2
 375 0221 2D020000 		.4byte	0x22d
 376 0225 0D       		.uleb128 0xd
 377 0226 8F000000 		.4byte	0x8f
 378 022a FF03     		.2byte	0x3ff
 379 022c 00       		.byte	0
 380 022d 0A       		.uleb128 0xa
 381 022e 77030000 		.4byte	.LASF35
 382 0232 06       		.byte	0x6
 383 0233 67       		.byte	0x67
 384 0234 38020000 		.4byte	0x238
 385 0238 07       		.uleb128 0x7
 386 0239 1C020000 		.4byte	0x21c
 387 023d 0B       		.uleb128 0xb
 388 023e B2000000 		.4byte	0xb2
 389 0242 4E020000 		.4byte	0x24e
 390 0246 0D       		.uleb128 0xd
 391 0247 8F000000 		.4byte	0x8f
 392 024b FF07     		.2byte	0x7ff
 393 024d 00       		.byte	0
 394 024e 0A       		.uleb128 0xa
 395 024f 3B000000 		.4byte	.LASF36
 396 0253 06       		.byte	0x6
 397 0254 6B       		.byte	0x6b
 398 0255 59020000 		.4byte	0x259
 399 0259 07       		.uleb128 0x7
ARM GAS  C:\Users\IVYLIU~1\AppData\Local\Temp\ccGOFVTg.s 			page 8


 400 025a 3D020000 		.4byte	0x23d
 401 025e 0B       		.uleb128 0xb
 402 025f B2000000 		.4byte	0xb2
 403 0263 6F020000 		.4byte	0x26f
 404 0267 0D       		.uleb128 0xd
 405 0268 8F000000 		.4byte	0x8f
 406 026c FF0F     		.2byte	0xfff
 407 026e 00       		.byte	0
 408 026f 0A       		.uleb128 0xa
 409 0270 56010000 		.4byte	.LASF37
 410 0274 06       		.byte	0x6
 411 0275 6F       		.byte	0x6f
 412 0276 7A020000 		.4byte	0x27a
 413 027a 07       		.uleb128 0x7
 414 027b 5E020000 		.4byte	0x25e
 415 027f 0B       		.uleb128 0xb
 416 0280 B2000000 		.4byte	0xb2
 417 0284 90020000 		.4byte	0x290
 418 0288 0D       		.uleb128 0xd
 419 0289 8F000000 		.4byte	0x8f
 420 028d FF1F     		.2byte	0x1fff
 421 028f 00       		.byte	0
 422 0290 0A       		.uleb128 0xa
 423 0291 19030000 		.4byte	.LASF38
 424 0295 06       		.byte	0x6
 425 0296 73       		.byte	0x73
 426 0297 9B020000 		.4byte	0x29b
 427 029b 07       		.uleb128 0x7
 428 029c 7F020000 		.4byte	0x27f
 429 02a0 0B       		.uleb128 0xb
 430 02a1 79000000 		.4byte	0x79
 431 02a5 B0020000 		.4byte	0x2b0
 432 02a9 0C       		.uleb128 0xc
 433 02aa 8F000000 		.4byte	0x8f
 434 02ae 13       		.byte	0x13
 435 02af 00       		.byte	0
 436 02b0 0E       		.uleb128 0xe
 437 02b1 67010000 		.4byte	.LASF39
 438 02b5 06       		.byte	0x6
 439 02b6 3601     		.2byte	0x136
 440 02b8 BC020000 		.4byte	0x2bc
 441 02bc 07       		.uleb128 0x7
 442 02bd A0020000 		.4byte	0x2a0
 443 02c1 0B       		.uleb128 0xb
 444 02c2 79000000 		.4byte	0x79
 445 02c6 D1020000 		.4byte	0x2d1
 446 02ca 0C       		.uleb128 0xc
 447 02cb 8F000000 		.4byte	0x8f
 448 02cf 2F       		.byte	0x2f
 449 02d0 00       		.byte	0
 450 02d1 0E       		.uleb128 0xe
 451 02d2 A4020000 		.4byte	.LASF40
 452 02d6 06       		.byte	0x6
 453 02d7 3B01     		.2byte	0x13b
 454 02d9 DD020000 		.4byte	0x2dd
 455 02dd 07       		.uleb128 0x7
 456 02de C1020000 		.4byte	0x2c1
ARM GAS  C:\Users\IVYLIU~1\AppData\Local\Temp\ccGOFVTg.s 			page 9


 457 02e2 0B       		.uleb128 0xb
 458 02e3 79000000 		.4byte	0x79
 459 02e7 F2020000 		.4byte	0x2f2
 460 02eb 0C       		.uleb128 0xc
 461 02ec 8F000000 		.4byte	0x8f
 462 02f0 37       		.byte	0x37
 463 02f1 00       		.byte	0
 464 02f2 0E       		.uleb128 0xe
 465 02f3 F2030000 		.4byte	.LASF41
 466 02f7 06       		.byte	0x6
 467 02f8 4001     		.2byte	0x140
 468 02fa FE020000 		.4byte	0x2fe
 469 02fe 07       		.uleb128 0x7
 470 02ff E2020000 		.4byte	0x2e2
 471 0303 0B       		.uleb128 0xb
 472 0304 79000000 		.4byte	0x79
 473 0308 13030000 		.4byte	0x313
 474 030c 0C       		.uleb128 0xc
 475 030d 8F000000 		.4byte	0x8f
 476 0311 CF       		.byte	0xcf
 477 0312 00       		.byte	0
 478 0313 0E       		.uleb128 0xe
 479 0314 11040000 		.4byte	.LASF42
 480 0318 06       		.byte	0x6
 481 0319 4501     		.2byte	0x145
 482 031b 1F030000 		.4byte	0x31f
 483 031f 07       		.uleb128 0x7
 484 0320 03030000 		.4byte	0x303
 485 0324 0B       		.uleb128 0xb
 486 0325 79000000 		.4byte	0x79
 487 0329 35030000 		.4byte	0x335
 488 032d 0D       		.uleb128 0xd
 489 032e 8F000000 		.4byte	0x8f
 490 0332 B701     		.2byte	0x1b7
 491 0334 00       		.byte	0
 492 0335 0E       		.uleb128 0xe
 493 0336 07010000 		.4byte	.LASF43
 494 033a 06       		.byte	0x6
 495 033b 4A01     		.2byte	0x14a
 496 033d 41030000 		.4byte	0x341
 497 0341 07       		.uleb128 0x7
 498 0342 24030000 		.4byte	0x324
 499 0346 0B       		.uleb128 0xb
 500 0347 79000000 		.4byte	0x79
 501 034b 57030000 		.4byte	0x357
 502 034f 0D       		.uleb128 0xd
 503 0350 8F000000 		.4byte	0x8f
 504 0354 BF01     		.2byte	0x1bf
 505 0356 00       		.byte	0
 506 0357 0E       		.uleb128 0xe
 507 0358 77000000 		.4byte	.LASF44
 508 035c 06       		.byte	0x6
 509 035d 4F01     		.2byte	0x14f
 510 035f 63030000 		.4byte	0x363
 511 0363 07       		.uleb128 0x7
 512 0364 46030000 		.4byte	0x346
 513 0368 0B       		.uleb128 0xb
ARM GAS  C:\Users\IVYLIU~1\AppData\Local\Temp\ccGOFVTg.s 			page 10


 514 0369 79000000 		.4byte	0x79
 515 036d 79030000 		.4byte	0x379
 516 0371 0D       		.uleb128 0xd
 517 0372 8F000000 		.4byte	0x8f
 518 0376 0707     		.2byte	0x707
 519 0378 00       		.byte	0
 520 0379 0E       		.uleb128 0xe
 521 037a AD030000 		.4byte	.LASF45
 522 037e 06       		.byte	0x6
 523 037f 5401     		.2byte	0x154
 524 0381 85030000 		.4byte	0x385
 525 0385 07       		.uleb128 0x7
 526 0386 68030000 		.4byte	0x368
 527 038a 0B       		.uleb128 0xb
 528 038b 79000000 		.4byte	0x79
 529 038f 9B030000 		.4byte	0x39b
 530 0393 0D       		.uleb128 0xd
 531 0394 8F000000 		.4byte	0x8f
 532 0398 DF0E     		.2byte	0xedf
 533 039a 00       		.byte	0
 534 039b 0E       		.uleb128 0xe
 535 039c 28040000 		.4byte	.LASF46
 536 03a0 06       		.byte	0x6
 537 03a1 5901     		.2byte	0x159
 538 03a3 A7030000 		.4byte	0x3a7
 539 03a7 07       		.uleb128 0x7
 540 03a8 8A030000 		.4byte	0x38a
 541 03ac 0B       		.uleb128 0xb
 542 03ad 79000000 		.4byte	0x79
 543 03b1 BD030000 		.4byte	0x3bd
 544 03b5 0D       		.uleb128 0xd
 545 03b6 8F000000 		.4byte	0x8f
 546 03ba BF0F     		.2byte	0xfbf
 547 03bc 00       		.byte	0
 548 03bd 0E       		.uleb128 0xe
 549 03be 48020000 		.4byte	.LASF47
 550 03c2 06       		.byte	0x6
 551 03c3 5E01     		.2byte	0x15e
 552 03c5 C9030000 		.4byte	0x3c9
 553 03c9 07       		.uleb128 0x7
 554 03ca AC030000 		.4byte	0x3ac
 555 03ce 0F       		.uleb128 0xf
 556 03cf 97030000 		.4byte	.LASF48
 557 03d3 07       		.byte	0x7
 558 03d4 26       		.byte	0x26
 559 03d5 DF030000 		.4byte	0x3df
 560 03d9 05       		.uleb128 0x5
 561 03da 03       		.byte	0x3
 562 03db 00000000 		.4byte	arm_cfft_sR_f32_len16
 563 03df 07       		.uleb128 0x7
 564 03e0 12010000 		.4byte	0x112
 565 03e4 0F       		.uleb128 0xf
 566 03e5 25000000 		.4byte	.LASF49
 567 03e9 07       		.byte	0x7
 568 03ea 2D       		.byte	0x2d
 569 03eb DF030000 		.4byte	0x3df
 570 03ef 05       		.uleb128 0x5
ARM GAS  C:\Users\IVYLIU~1\AppData\Local\Temp\ccGOFVTg.s 			page 11


 571 03f0 03       		.byte	0x3
 572 03f1 00000000 		.4byte	arm_cfft_sR_f32_len32
 573 03f5 0F       		.uleb128 0xf
 574 03f6 8E020000 		.4byte	.LASF50
 575 03fa 07       		.byte	0x7
 576 03fb 33       		.byte	0x33
 577 03fc DF030000 		.4byte	0x3df
 578 0400 05       		.uleb128 0x5
 579 0401 03       		.byte	0x3
 580 0402 00000000 		.4byte	arm_cfft_sR_f32_len64
 581 0406 0F       		.uleb128 0xf
 582 0407 D4010000 		.4byte	.LASF51
 583 040b 07       		.byte	0x7
 584 040c 39       		.byte	0x39
 585 040d DF030000 		.4byte	0x3df
 586 0411 05       		.uleb128 0x5
 587 0412 03       		.byte	0x3
 588 0413 00000000 		.4byte	arm_cfft_sR_f32_len128
 589 0417 0F       		.uleb128 0xf
 590 0418 C3020000 		.4byte	.LASF52
 591 041c 07       		.byte	0x7
 592 041d 3F       		.byte	0x3f
 593 041e DF030000 		.4byte	0x3df
 594 0422 05       		.uleb128 0x5
 595 0423 03       		.byte	0x3
 596 0424 00000000 		.4byte	arm_cfft_sR_f32_len256
 597 0428 0F       		.uleb128 0xf
 598 0429 7D010000 		.4byte	.LASF53
 599 042d 07       		.byte	0x7
 600 042e 45       		.byte	0x45
 601 042f DF030000 		.4byte	0x3df
 602 0433 05       		.uleb128 0x5
 603 0434 03       		.byte	0x3
 604 0435 00000000 		.4byte	arm_cfft_sR_f32_len512
 605 0439 0F       		.uleb128 0xf
 606 043a E6020000 		.4byte	.LASF54
 607 043e 07       		.byte	0x7
 608 043f 4B       		.byte	0x4b
 609 0440 DF030000 		.4byte	0x3df
 610 0444 05       		.uleb128 0x5
 611 0445 03       		.byte	0x3
 612 0446 00000000 		.4byte	arm_cfft_sR_f32_len1024
 613 044a 0F       		.uleb128 0xf
 614 044b 5F030000 		.4byte	.LASF55
 615 044f 07       		.byte	0x7
 616 0450 51       		.byte	0x51
 617 0451 DF030000 		.4byte	0x3df
 618 0455 05       		.uleb128 0x5
 619 0456 03       		.byte	0x3
 620 0457 00000000 		.4byte	arm_cfft_sR_f32_len2048
 621 045b 0F       		.uleb128 0xf
 622 045c BC010000 		.4byte	.LASF56
 623 0460 07       		.byte	0x7
 624 0461 57       		.byte	0x57
 625 0462 DF030000 		.4byte	0x3df
 626 0466 05       		.uleb128 0x5
 627 0467 03       		.byte	0x3
ARM GAS  C:\Users\IVYLIU~1\AppData\Local\Temp\ccGOFVTg.s 			page 12


 628 0468 00000000 		.4byte	arm_cfft_sR_f32_len4096
 629 046c 10       		.uleb128 0x10
 630 046d 08       		.byte	0x8
 631 046e 05       		.byte	0x5
 632 046f 8D       		.byte	0x8d
 633 0470 8D040000 		.4byte	0x48d
 634 0474 11       		.uleb128 0x11
 635 0475 FE020000 		.4byte	.LASF57
 636 0479 05       		.byte	0x5
 637 047a 8E       		.byte	0x8e
 638 047b 34010000 		.4byte	0x134
 639 047f 00       		.byte	0
 640 0480 11       		.uleb128 0x11
 641 0481 38030000 		.4byte	.LASF58
 642 0485 05       		.byte	0x5
 643 0486 8F       		.byte	0x8f
 644 0487 84000000 		.4byte	0x84
 645 048b 04       		.byte	0x4
 646 048c 00       		.byte	0
 647 048d 12       		.uleb128 0x12
 648 048e 0C       		.byte	0xc
 649 048f 05       		.byte	0x5
 650 0490 87       		.byte	0x87
 651 0491 13       		.uleb128 0x13
 652 0492 73726300 		.ascii	"src\000"
 653 0496 05       		.byte	0x5
 654 0497 88       		.byte	0x88
 655 0498 1E010000 		.4byte	0x11e
 656 049c 00       		.byte	0
 657 049d 11       		.uleb128 0x11
 658 049e FE020000 		.4byte	.LASF57
 659 04a2 05       		.byte	0x5
 660 04a3 89       		.byte	0x89
 661 04a4 34010000 		.4byte	0x134
 662 04a8 04       		.byte	0x4
 663 04a9 11       		.uleb128 0x11
 664 04aa 38030000 		.4byte	.LASF58
 665 04ae 05       		.byte	0x5
 666 04af 8A       		.byte	0x8a
 667 04b0 84000000 		.4byte	0x84
 668 04b4 08       		.byte	0x8
 669 04b5 00       		.byte	0
 670 04b6 00       		.byte	0
 671              		.section	.debug_abbrev,"",%progbits
 672              	.Ldebug_abbrev0:
 673 0000 01       		.uleb128 0x1
 674 0001 11       		.uleb128 0x11
 675 0002 01       		.byte	0x1
 676 0003 25       		.uleb128 0x25
 677 0004 0E       		.uleb128 0xe
 678 0005 13       		.uleb128 0x13
 679 0006 0B       		.uleb128 0xb
 680 0007 03       		.uleb128 0x3
 681 0008 0E       		.uleb128 0xe
 682 0009 1B       		.uleb128 0x1b
 683 000a 0E       		.uleb128 0xe
 684 000b 10       		.uleb128 0x10
ARM GAS  C:\Users\IVYLIU~1\AppData\Local\Temp\ccGOFVTg.s 			page 13


 685 000c 17       		.uleb128 0x17
 686 000d 00       		.byte	0
 687 000e 00       		.byte	0
 688 000f 02       		.uleb128 0x2
 689 0010 24       		.uleb128 0x24
 690 0011 00       		.byte	0
 691 0012 0B       		.uleb128 0xb
 692 0013 0B       		.uleb128 0xb
 693 0014 3E       		.uleb128 0x3e
 694 0015 0B       		.uleb128 0xb
 695 0016 03       		.uleb128 0x3
 696 0017 0E       		.uleb128 0xe
 697 0018 00       		.byte	0
 698 0019 00       		.byte	0
 699 001a 03       		.uleb128 0x3
 700 001b 16       		.uleb128 0x16
 701 001c 00       		.byte	0
 702 001d 03       		.uleb128 0x3
 703 001e 0E       		.uleb128 0xe
 704 001f 3A       		.uleb128 0x3a
 705 0020 0B       		.uleb128 0xb
 706 0021 3B       		.uleb128 0x3b
 707 0022 0B       		.uleb128 0xb
 708 0023 49       		.uleb128 0x49
 709 0024 13       		.uleb128 0x13
 710 0025 00       		.byte	0
 711 0026 00       		.byte	0
 712 0027 04       		.uleb128 0x4
 713 0028 24       		.uleb128 0x24
 714 0029 00       		.byte	0
 715 002a 0B       		.uleb128 0xb
 716 002b 0B       		.uleb128 0xb
 717 002c 3E       		.uleb128 0x3e
 718 002d 0B       		.uleb128 0xb
 719 002e 03       		.uleb128 0x3
 720 002f 08       		.uleb128 0x8
 721 0030 00       		.byte	0
 722 0031 00       		.byte	0
 723 0032 05       		.uleb128 0x5
 724 0033 16       		.uleb128 0x16
 725 0034 00       		.byte	0
 726 0035 03       		.uleb128 0x3
 727 0036 0E       		.uleb128 0xe
 728 0037 3A       		.uleb128 0x3a
 729 0038 0B       		.uleb128 0xb
 730 0039 3B       		.uleb128 0x3b
 731 003a 05       		.uleb128 0x5
 732 003b 49       		.uleb128 0x49
 733 003c 13       		.uleb128 0x13
 734 003d 00       		.byte	0
 735 003e 00       		.byte	0
 736 003f 06       		.uleb128 0x6
 737 0040 0F       		.uleb128 0xf
 738 0041 00       		.byte	0
 739 0042 0B       		.uleb128 0xb
 740 0043 0B       		.uleb128 0xb
 741 0044 49       		.uleb128 0x49
ARM GAS  C:\Users\IVYLIU~1\AppData\Local\Temp\ccGOFVTg.s 			page 14


 742 0045 13       		.uleb128 0x13
 743 0046 00       		.byte	0
 744 0047 00       		.byte	0
 745 0048 07       		.uleb128 0x7
 746 0049 26       		.uleb128 0x26
 747 004a 00       		.byte	0
 748 004b 49       		.uleb128 0x49
 749 004c 13       		.uleb128 0x13
 750 004d 00       		.byte	0
 751 004e 00       		.byte	0
 752 004f 08       		.uleb128 0x8
 753 0050 13       		.uleb128 0x13
 754 0051 01       		.byte	0x1
 755 0052 0B       		.uleb128 0xb
 756 0053 0B       		.uleb128 0xb
 757 0054 3A       		.uleb128 0x3a
 758 0055 0B       		.uleb128 0xb
 759 0056 3B       		.uleb128 0x3b
 760 0057 05       		.uleb128 0x5
 761 0058 01       		.uleb128 0x1
 762 0059 13       		.uleb128 0x13
 763 005a 00       		.byte	0
 764 005b 00       		.byte	0
 765 005c 09       		.uleb128 0x9
 766 005d 0D       		.uleb128 0xd
 767 005e 00       		.byte	0
 768 005f 03       		.uleb128 0x3
 769 0060 0E       		.uleb128 0xe
 770 0061 3A       		.uleb128 0x3a
 771 0062 0B       		.uleb128 0xb
 772 0063 3B       		.uleb128 0x3b
 773 0064 05       		.uleb128 0x5
 774 0065 49       		.uleb128 0x49
 775 0066 13       		.uleb128 0x13
 776 0067 38       		.uleb128 0x38
 777 0068 0B       		.uleb128 0xb
 778 0069 00       		.byte	0
 779 006a 00       		.byte	0
 780 006b 0A       		.uleb128 0xa
 781 006c 34       		.uleb128 0x34
 782 006d 00       		.byte	0
 783 006e 03       		.uleb128 0x3
 784 006f 0E       		.uleb128 0xe
 785 0070 3A       		.uleb128 0x3a
 786 0071 0B       		.uleb128 0xb
 787 0072 3B       		.uleb128 0x3b
 788 0073 0B       		.uleb128 0xb
 789 0074 49       		.uleb128 0x49
 790 0075 13       		.uleb128 0x13
 791 0076 3F       		.uleb128 0x3f
 792 0077 19       		.uleb128 0x19
 793 0078 3C       		.uleb128 0x3c
 794 0079 19       		.uleb128 0x19
 795 007a 00       		.byte	0
 796 007b 00       		.byte	0
 797 007c 0B       		.uleb128 0xb
 798 007d 01       		.uleb128 0x1
ARM GAS  C:\Users\IVYLIU~1\AppData\Local\Temp\ccGOFVTg.s 			page 15


 799 007e 01       		.byte	0x1
 800 007f 49       		.uleb128 0x49
 801 0080 13       		.uleb128 0x13
 802 0081 01       		.uleb128 0x1
 803 0082 13       		.uleb128 0x13
 804 0083 00       		.byte	0
 805 0084 00       		.byte	0
 806 0085 0C       		.uleb128 0xc
 807 0086 21       		.uleb128 0x21
 808 0087 00       		.byte	0
 809 0088 49       		.uleb128 0x49
 810 0089 13       		.uleb128 0x13
 811 008a 2F       		.uleb128 0x2f
 812 008b 0B       		.uleb128 0xb
 813 008c 00       		.byte	0
 814 008d 00       		.byte	0
 815 008e 0D       		.uleb128 0xd
 816 008f 21       		.uleb128 0x21
 817 0090 00       		.byte	0
 818 0091 49       		.uleb128 0x49
 819 0092 13       		.uleb128 0x13
 820 0093 2F       		.uleb128 0x2f
 821 0094 05       		.uleb128 0x5
 822 0095 00       		.byte	0
 823 0096 00       		.byte	0
 824 0097 0E       		.uleb128 0xe
 825 0098 34       		.uleb128 0x34
 826 0099 00       		.byte	0
 827 009a 03       		.uleb128 0x3
 828 009b 0E       		.uleb128 0xe
 829 009c 3A       		.uleb128 0x3a
 830 009d 0B       		.uleb128 0xb
 831 009e 3B       		.uleb128 0x3b
 832 009f 05       		.uleb128 0x5
 833 00a0 49       		.uleb128 0x49
 834 00a1 13       		.uleb128 0x13
 835 00a2 3F       		.uleb128 0x3f
 836 00a3 19       		.uleb128 0x19
 837 00a4 3C       		.uleb128 0x3c
 838 00a5 19       		.uleb128 0x19
 839 00a6 00       		.byte	0
 840 00a7 00       		.byte	0
 841 00a8 0F       		.uleb128 0xf
 842 00a9 34       		.uleb128 0x34
 843 00aa 00       		.byte	0
 844 00ab 03       		.uleb128 0x3
 845 00ac 0E       		.uleb128 0xe
 846 00ad 3A       		.uleb128 0x3a
 847 00ae 0B       		.uleb128 0xb
 848 00af 3B       		.uleb128 0x3b
 849 00b0 0B       		.uleb128 0xb
 850 00b1 49       		.uleb128 0x49
 851 00b2 13       		.uleb128 0x13
 852 00b3 3F       		.uleb128 0x3f
 853 00b4 19       		.uleb128 0x19
 854 00b5 02       		.uleb128 0x2
 855 00b6 18       		.uleb128 0x18
ARM GAS  C:\Users\IVYLIU~1\AppData\Local\Temp\ccGOFVTg.s 			page 16


 856 00b7 00       		.byte	0
 857 00b8 00       		.byte	0
 858 00b9 10       		.uleb128 0x10
 859 00ba 13       		.uleb128 0x13
 860 00bb 01       		.byte	0x1
 861 00bc 0B       		.uleb128 0xb
 862 00bd 0B       		.uleb128 0xb
 863 00be 3A       		.uleb128 0x3a
 864 00bf 0B       		.uleb128 0xb
 865 00c0 3B       		.uleb128 0x3b
 866 00c1 0B       		.uleb128 0xb
 867 00c2 01       		.uleb128 0x1
 868 00c3 13       		.uleb128 0x13
 869 00c4 00       		.byte	0
 870 00c5 00       		.byte	0
 871 00c6 11       		.uleb128 0x11
 872 00c7 0D       		.uleb128 0xd
 873 00c8 00       		.byte	0
 874 00c9 03       		.uleb128 0x3
 875 00ca 0E       		.uleb128 0xe
 876 00cb 3A       		.uleb128 0x3a
 877 00cc 0B       		.uleb128 0xb
 878 00cd 3B       		.uleb128 0x3b
 879 00ce 0B       		.uleb128 0xb
 880 00cf 49       		.uleb128 0x49
 881 00d0 13       		.uleb128 0x13
 882 00d1 38       		.uleb128 0x38
 883 00d2 0B       		.uleb128 0xb
 884 00d3 00       		.byte	0
 885 00d4 00       		.byte	0
 886 00d5 12       		.uleb128 0x12
 887 00d6 13       		.uleb128 0x13
 888 00d7 01       		.byte	0x1
 889 00d8 0B       		.uleb128 0xb
 890 00d9 0B       		.uleb128 0xb
 891 00da 3A       		.uleb128 0x3a
 892 00db 0B       		.uleb128 0xb
 893 00dc 3B       		.uleb128 0x3b
 894 00dd 0B       		.uleb128 0xb
 895 00de 00       		.byte	0
 896 00df 00       		.byte	0
 897 00e0 13       		.uleb128 0x13
 898 00e1 0D       		.uleb128 0xd
 899 00e2 00       		.byte	0
 900 00e3 03       		.uleb128 0x3
 901 00e4 08       		.uleb128 0x8
 902 00e5 3A       		.uleb128 0x3a
 903 00e6 0B       		.uleb128 0xb
 904 00e7 3B       		.uleb128 0x3b
 905 00e8 0B       		.uleb128 0xb
 906 00e9 49       		.uleb128 0x49
 907 00ea 13       		.uleb128 0x13
 908 00eb 38       		.uleb128 0x38
 909 00ec 0B       		.uleb128 0xb
 910 00ed 00       		.byte	0
 911 00ee 00       		.byte	0
 912 00ef 00       		.byte	0
ARM GAS  C:\Users\IVYLIU~1\AppData\Local\Temp\ccGOFVTg.s 			page 17


 913              		.section	.debug_aranges,"",%progbits
 914 0000 14000000 		.4byte	0x14
 915 0004 0200     		.2byte	0x2
 916 0006 00000000 		.4byte	.Ldebug_info0
 917 000a 04       		.byte	0x4
 918 000b 00       		.byte	0
 919 000c 0000     		.2byte	0
 920 000e 0000     		.2byte	0
 921 0010 00000000 		.4byte	0
 922 0014 00000000 		.4byte	0
 923              		.section	.debug_line,"",%progbits
 924              	.Ldebug_line0:
 925 0000 C4010000 		.section	.debug_str,"MS",%progbits,1
 925      0200BE01 
 925      00000201 
 925      FB0E0D00 
 925      01010101 
 926              	.LASF23:
 927 0000 61726D5F 		.ascii	"arm_cfft_instance_f32\000"
 927      63666674 
 927      5F696E73 
 927      74616E63 
 927      655F6633 
 928              	.LASF24:
 929 0016 5F5F636F 		.ascii	"__copy_table_t\000"
 929      70795F74 
 929      61626C65 
 929      5F7400
 930              	.LASF49:
 931 0025 61726D5F 		.ascii	"arm_cfft_sR_f32_len32\000"
 931      63666674 
 931      5F73525F 
 931      6633325F 
 931      6C656E33 
 932              	.LASF36:
 933 003b 74776964 		.ascii	"twiddleCoef_1024\000"
 933      646C6543 
 933      6F65665F 
 933      31303234 
 933      00
 934              	.LASF27:
 935 004c 5F5F7A65 		.ascii	"__zero_table_t\000"
 935      726F5F74 
 935      61626C65 
 935      5F7400
 936              	.LASF22:
 937 005b 62697452 		.ascii	"bitRevLength\000"
 937      65764C65 
 937      6E677468 
 937      00
 938              	.LASF30:
 939 0068 74776964 		.ascii	"twiddleCoef_16\000"
 939      646C6543 
 939      6F65665F 
 939      313600
 940              	.LASF44:
 941 0077 61726D42 		.ascii	"armBitRevIndexTable512\000"
ARM GAS  C:\Users\IVYLIU~1\AppData\Local\Temp\ccGOFVTg.s 			page 18


 941      69745265 
 941      76496E64 
 941      65785461 
 941      626C6535 
 942              	.LASF61:
 943 008e 5C5C766D 		.ascii	"\\\\vmware-host\\Shared Folders\\Documents\\PSoC Cr"
 943      77617265 
 943      2D686F73 
 943      745C5368 
 943      61726564 
 944 00bc 6561746F 		.ascii	"eator\\FinalProject\\FinalV2.cydsn\000"
 944      725C4669 
 944      6E616C50 
 944      726F6A65 
 944      63745C46 
 945              	.LASF9:
 946 00dd 6C6F6E67 		.ascii	"long long unsigned int\000"
 946      206C6F6E 
 946      6720756E 
 946      7369676E 
 946      65642069 
 947              	.LASF26:
 948 00f4 5F5F636F 		.ascii	"__copy_table_end__\000"
 948      70795F74 
 948      61626C65 
 948      5F656E64 
 948      5F5F00
 949              	.LASF43:
 950 0107 61726D42 		.ascii	"armBitRevIndexTable256\000"
 950      69745265 
 950      76496E64 
 950      65785461 
 950      626C6532 
 951              	.LASF8:
 952 011e 6C6F6E67 		.ascii	"long long int\000"
 952      206C6F6E 
 952      6720696E 
 952      7400
 953              	.LASF0:
 954 012c 7369676E 		.ascii	"signed char\000"
 954      65642063 
 954      68617200 
 955              	.LASF28:
 956 0138 5F5F7A65 		.ascii	"__zero_table_start__\000"
 956      726F5F74 
 956      61626C65 
 956      5F737461 
 956      72745F5F 
 957              	.LASF4:
 958 014d 6C6F6E67 		.ascii	"long int\000"
 958      20696E74 
 958      00
 959              	.LASF37:
 960 0156 74776964 		.ascii	"twiddleCoef_2048\000"
 960      646C6543 
 960      6F65665F 
 960      32303438 
ARM GAS  C:\Users\IVYLIU~1\AppData\Local\Temp\ccGOFVTg.s 			page 19


 960      00
 961              	.LASF39:
 962 0167 61726D42 		.ascii	"armBitRevIndexTable16\000"
 962      69745265 
 962      76496E64 
 962      65785461 
 962      626C6531 
 963              	.LASF53:
 964 017d 61726D5F 		.ascii	"arm_cfft_sR_f32_len512\000"
 964      63666674 
 964      5F73525F 
 964      6633325F 
 964      6C656E35 
 965              	.LASF21:
 966 0194 70426974 		.ascii	"pBitRevTable\000"
 966      52657654 
 966      61626C65 
 966      00
 967              	.LASF11:
 968 01a1 75696E74 		.ascii	"uint16_t\000"
 968      31365F74 
 968      00
 969              	.LASF15:
 970 01aa 646F7562 		.ascii	"double\000"
 970      6C6500
 971              	.LASF6:
 972 01b1 5F5F7569 		.ascii	"__uint32_t\000"
 972      6E743332 
 972      5F7400
 973              	.LASF56:
 974 01bc 61726D5F 		.ascii	"arm_cfft_sR_f32_len4096\000"
 974      63666674 
 974      5F73525F 
 974      6633325F 
 974      6C656E34 
 975              	.LASF51:
 976 01d4 61726D5F 		.ascii	"arm_cfft_sR_f32_len128\000"
 976      63666674 
 976      5F73525F 
 976      6633325F 
 976      6C656E31 
 977              	.LASF19:
 978 01eb 6666744C 		.ascii	"fftLen\000"
 978      656E00
 979              	.LASF25:
 980 01f2 5F5F636F 		.ascii	"__copy_table_start__\000"
 980      70795F74 
 980      61626C65 
 980      5F737461 
 980      72745F5F 
 981              	.LASF31:
 982 0207 74776964 		.ascii	"twiddleCoef_32\000"
 982      646C6543 
 982      6F65665F 
 982      333200
 983              	.LASF10:
 984 0216 756E7369 		.ascii	"unsigned int\000"
ARM GAS  C:\Users\IVYLIU~1\AppData\Local\Temp\ccGOFVTg.s 			page 20


 984      676E6564 
 984      20696E74 
 984      00
 985              	.LASF7:
 986 0223 6C6F6E67 		.ascii	"long unsigned int\000"
 986      20756E73 
 986      69676E65 
 986      6420696E 
 986      7400
 987              	.LASF3:
 988 0235 73686F72 		.ascii	"short unsigned int\000"
 988      7420756E 
 988      7369676E 
 988      65642069 
 988      6E7400
 989              	.LASF47:
 990 0248 61726D42 		.ascii	"armBitRevIndexTable4096\000"
 990      69745265 
 990      76496E64 
 990      65785461 
 990      626C6534 
 991              	.LASF60:
 992 0260 2E5C4453 		.ascii	".\\DSP\\Source\\CommonTables\\arm_const_structs.c\000"
 992      505C536F 
 992      75726365 
 992      5C436F6D 
 992      6D6F6E54 
 993              	.LASF50:
 994 028e 61726D5F 		.ascii	"arm_cfft_sR_f32_len64\000"
 994      63666674 
 994      5F73525F 
 994      6633325F 
 994      6C656E36 
 995              	.LASF40:
 996 02a4 61726D42 		.ascii	"armBitRevIndexTable32\000"
 996      69745265 
 996      76496E64 
 996      65785461 
 996      626C6533 
 997              	.LASF13:
 998 02ba 73697A65 		.ascii	"sizetype\000"
 998      74797065 
 998      00
 999              	.LASF52:
 1000 02c3 61726D5F 		.ascii	"arm_cfft_sR_f32_len256\000"
 1000      63666674 
 1000      5F73525F 
 1000      6633325F 
 1000      6C656E32 
 1001              	.LASF17:
 1002 02da 6C6F6E67 		.ascii	"long double\000"
 1002      20646F75 
 1002      626C6500 
 1003              	.LASF54:
 1004 02e6 61726D5F 		.ascii	"arm_cfft_sR_f32_len1024\000"
 1004      63666674 
 1004      5F73525F 
ARM GAS  C:\Users\IVYLIU~1\AppData\Local\Temp\ccGOFVTg.s 			page 21


 1004      6633325F 
 1004      6C656E31 
 1005              	.LASF57:
 1006 02fe 64657374 		.ascii	"dest\000"
 1006      00
 1007              	.LASF16:
 1008 0303 666C6F61 		.ascii	"float\000"
 1008      7400
 1009              	.LASF33:
 1010 0309 74776964 		.ascii	"twiddleCoef_128\000"
 1010      646C6543 
 1010      6F65665F 
 1010      31323800 
 1011              	.LASF38:
 1012 0319 74776964 		.ascii	"twiddleCoef_4096\000"
 1012      646C6543 
 1012      6F65665F 
 1012      34303936 
 1012      00
 1013              	.LASF1:
 1014 032a 756E7369 		.ascii	"unsigned char\000"
 1014      676E6564 
 1014      20636861 
 1014      7200
 1015              	.LASF58:
 1016 0338 776C656E 		.ascii	"wlen\000"
 1016      00
 1017              	.LASF2:
 1018 033d 73686F72 		.ascii	"short int\000"
 1018      7420696E 
 1018      7400
 1019              	.LASF32:
 1020 0347 74776964 		.ascii	"twiddleCoef_64\000"
 1020      646C6543 
 1020      6F65665F 
 1020      363400
 1021              	.LASF12:
 1022 0356 75696E74 		.ascii	"uint32_t\000"
 1022      33325F74 
 1022      00
 1023              	.LASF55:
 1024 035f 61726D5F 		.ascii	"arm_cfft_sR_f32_len2048\000"
 1024      63666674 
 1024      5F73525F 
 1024      6633325F 
 1024      6C656E32 
 1025              	.LASF35:
 1026 0377 74776964 		.ascii	"twiddleCoef_512\000"
 1026      646C6543 
 1026      6F65665F 
 1026      35313200 
 1027              	.LASF14:
 1028 0387 63686172 		.ascii	"char\000"
 1028      00
 1029              	.LASF5:
 1030 038c 5F5F7569 		.ascii	"__uint16_t\000"
 1030      6E743136 
ARM GAS  C:\Users\IVYLIU~1\AppData\Local\Temp\ccGOFVTg.s 			page 22


 1030      5F7400
 1031              	.LASF48:
 1032 0397 61726D5F 		.ascii	"arm_cfft_sR_f32_len16\000"
 1032      63666674 
 1032      5F73525F 
 1032      6633325F 
 1032      6C656E31 
 1033              	.LASF45:
 1034 03ad 61726D42 		.ascii	"armBitRevIndexTable1024\000"
 1034      69745265 
 1034      76496E64 
 1034      65785461 
 1034      626C6531 
 1035              	.LASF18:
 1036 03c5 666C6F61 		.ascii	"float32_t\000"
 1036      7433325F 
 1036      7400
 1037              	.LASF29:
 1038 03cf 5F5F7A65 		.ascii	"__zero_table_end__\000"
 1038      726F5F74 
 1038      61626C65 
 1038      5F656E64 
 1038      5F5F00
 1039              	.LASF34:
 1040 03e2 74776964 		.ascii	"twiddleCoef_256\000"
 1040      646C6543 
 1040      6F65665F 
 1040      32353600 
 1041              	.LASF41:
 1042 03f2 61726D42 		.ascii	"armBitRevIndexTable64\000"
 1042      69745265 
 1042      76496E64 
 1042      65785461 
 1042      626C6536 
 1043              	.LASF20:
 1044 0408 70547769 		.ascii	"pTwiddle\000"
 1044      64646C65 
 1044      00
 1045              	.LASF42:
 1046 0411 61726D42 		.ascii	"armBitRevIndexTable128\000"
 1046      69745265 
 1046      76496E64 
 1046      65785461 
 1046      626C6531 
 1047              	.LASF46:
 1048 0428 61726D42 		.ascii	"armBitRevIndexTable2048\000"
 1048      69745265 
 1048      76496E64 
 1048      65785461 
 1048      626C6532 
 1049              	.LASF59:
 1050 0440 474E5520 		.ascii	"GNU C 4.9.3 20150303 (release) [ARM/embedded-4_9-br"
 1050      4320342E 
 1050      392E3320 
 1050      32303135 
 1050      30333033 
 1051 0473 616E6368 		.ascii	"anch revision 221220] -mcpu=cortex-m3 -mthumb -g -O"
ARM GAS  C:\Users\IVYLIU~1\AppData\Local\Temp\ccGOFVTg.s 			page 23


 1051      20726576 
 1051      6973696F 
 1051      6E203232 
 1051      31323230 
 1052 04a6 67202D73 		.ascii	"g -std=gnu99 -ffunction-sections -ffat-lto-objects\000"
 1052      74643D67 
 1052      6E753939 
 1052      202D6666 
 1052      756E6374 
 1053              		.ident	"GCC: (GNU Tools for ARM Embedded Processors) 4.9.3 20150303 (release) [ARM/embedded-4_9-br
