--------------- Build Started: 05/12/2024 23:40:50 Project: FinalV2, Configuration: ARM GCC 4.9-2015-q1-update Debug ---------------
The code generation step is up to date.
arm-none-eabi-gcc.exe -mcpu=cortex-m3 -mthumb -Wno-main -I.\Core\Include -I.\DSP\Include -I..\emWinGraphics_v5_46\Code\Include\PSoC4_5\nosnts -I..\emWinGraphics_v5_46\Code\Include\PSoC4_5 -I. -IGenerated_Source\PSoC5 -Wa,-alh=.\CortexM3\ARM_GCC_493\Debug/main.lst -g -D DEBUG -D ARM_MATH_CM3 -D __VTOR_PRESENT=1 -Wall -ffunction-sections -Og -ffat-lto-objects -std=gnu99 -lm -c .\main.c -o .\CortexM3\ARM_GCC_493\Debug\main.o
.\main.c: In function 'getNoteName':
.\main.c:333:5: warning: return discards 'const' qualifier from pointer target type
     return note;
     ^
.\main.c: In function 'drawPlaySong':
.\main.c:351:14: warning: passing argument 1 of 'drawNote' discards 'const' qualifier from pointer target type
     drawNote(cur_song.note_seq[note_index]);
              ^
.\main.c:83:6: note: expected 'char *' but argument is of type 'const char *'
 void drawNote(char* input_name);
      ^
.\main.c:366:22: warning: passing argument 1 of 'drawNote' discards 'const' qualifier from pointer target type
             drawNote(cur_song.note_seq[note_index]);
                      ^
.\main.c:83:6: note: expected 'char *' but argument is of type 'const char *'
 void drawNote(char* input_name);
      ^
.\main.c:390:26: warning: passing argument 1 of 'drawNote' discards 'const' qualifier from pointer target type
                 drawNote(cur_song.note_seq[note_index]);
                          ^
.\main.c:83:6: note: expected 'char *' but argument is of type 'const char *'
 void drawNote(char* input_name);
      ^
arm-none-eabi-ar.exe -rs .\CortexM3\ARM_GCC_493\Debug\FinalV2.a .\CortexM3\ARM_GCC_493\Debug\cyfitter_cfg.o .\CortexM3\ARM_GCC_493\Debug\ADC_DelSig_1.o .\CortexM3\ARM_GCC_493\Debug\ADC_DelSig_1_PM.o .\CortexM3\ARM_GCC_493\Debug\ADC_DelSig_1_INT.o .\CortexM3\ARM_GCC_493\Debug\ADC_DelSig_1_AMux.o .\CortexM3\ARM_GCC_493\Debug\ADC_DelSig_1_Ext_CP_Clk.o .\CortexM3\ARM_GCC_493\Debug\ADC_DelSig_1_IRQ.o .\CortexM3\ARM_GCC_493\Debug\ADC_DelSig_1_theACLK.o .\CortexM3\ARM_GCC_493\Debug\CyBootAsmGnu.o .\CortexM3\ARM_GCC_493\Debug\CyDmac.o .\CortexM3\ARM_GCC_493\Debug\CyFlash.o .\CortexM3\ARM_GCC_493\Debug\CyLib.o .\CortexM3\ARM_GCC_493\Debug\cyPm.o .\CortexM3\ARM_GCC_493\Debug\CySpc.o .\CortexM3\ARM_GCC_493\Debug\cyutils.o .\CortexM3\ARM_GCC_493\Debug\SS.o .\CortexM3\ARM_GCC_493\Debug\SCLK.o .\CortexM3\ARM_GCC_493\Debug\MOSI.o .\CortexM3\ARM_GCC_493\Debug\SPIM_1.o .\CortexM3\ARM_GCC_493\Debug\SPIM_1_PM.o .\CortexM3\ARM_GCC_493\Debug\SPIM_1_INT.o .\CortexM3\ARM_GCC_493\Debug\MISO.o .\CortexM3\ARM_GCC_493\Debug\DC.o .\CortexM3\ARM_GCC_493\Debug\RESET.o .\CortexM3\ARM_GCC_493\Debug\LED.o .\CortexM3\ARM_GCC_493\Debug\adc_in.o .\CortexM3\ARM_GCC_493\Debug\adc_threshold.o .\CortexM3\ARM_GCC_493\Debug\SPIM_1_IntClock.o .\CortexM3\ARM_GCC_493\Debug\SW2.o .\CortexM3\ARM_GCC_493\Debug\SW3.o .\CortexM3\ARM_GCC_493\Debug\led_data.o .\CortexM3\ARM_GCC_493\Debug\Clock_1.o .\CortexM3\ARM_GCC_493\Debug\NP_funcs.o .\CortexM3\ARM_GCC_493\Debug\NP_Neo_BITCNT.o .\CortexM3\ARM_GCC_493\Debug\NP_Neo_BITCNT_PM.o .\CortexM3\ARM_GCC_493\Debug\NP_Neo_ONTime.o .\CortexM3\ARM_GCC_493\Debug\NP_Neo_ONTime_PM.o .\CortexM3\ARM_GCC_493\Debug\NP_Neo_OFFTime.o .\CortexM3\ARM_GCC_493\Debug\NP_Neo_OFFTime_PM.o .\CortexM3\ARM_GCC_493\Debug\NP_DMA_dma.o
arm-none-eabi-ar.exe: creating .\CortexM3\ARM_GCC_493\Debug\FinalV2.a
arm-none-eabi-gcc.exe -Wl,--start-group -o .\CortexM3\ARM_GCC_493\Debug\FinalV2.elf .\CortexM3\ARM_GCC_493\Debug\arm_const_structs.o .\CortexM3\ARM_GCC_493\Debug\arm_bitreversal2.o .\CortexM3\ARM_GCC_493\Debug\arm_common_tables.o .\CortexM3\ARM_GCC_493\Debug\arm_cfft_f32.o .\CortexM3\ARM_GCC_493\Debug\arm_cmplx_mag_f32.o .\CortexM3\ARM_GCC_493\Debug\arm_max_f32.o .\CortexM3\ARM_GCC_493\Debug\arm_cfft_init_f32.o .\CortexM3\ARM_GCC_493\Debug\arm_cfft_radix8_f32.o .\CortexM3\ARM_GCC_493\Debug\GUI_X.o .\CortexM3\ARM_GCC_493\Debug\LCDConf.o .\CortexM3\ARM_GCC_493\Debug\GUIConf.o .\CortexM3\ARM_GCC_493\Debug\tft.o .\CortexM3\ARM_GCC_493\Debug\main.o .\CortexM3\ARM_GCC_493\Debug\cymetadata.o .\CortexM3\ARM_GCC_493\Debug\Cm3Start.o .\CortexM3\ARM_GCC_493\Debug\FinalV2.a "C:\Program Files (x86)\Cypress\PSoC Creator\3.3\PSoC Creator\psoc\content\cycomponentlibrary\CyComponentLibrary.cylib\CortexM3\ARM_GCC_493\Debug\CyComponentLibrary.a" -mcpu=cortex-m3 -mthumb -g -ffunction-sections -Og -ffat-lto-objects -l m -L Generated_Source\PSoC5 -L ..\emWinGraphics_v5_46\LinkLibrary\PSoC5\GCC ..\emWinGraphics_v5_46\LinkLibrary\PSoC5\GCC\libemWin_nosnts_cm3_gcc.a -Wl,-Map,.\CortexM3\ARM_GCC_493\Debug/FinalV2.map -T Generated_Source\PSoC5\cm3gcc.ld -specs=nano.specs -Wl,--gc-sections -Wl,--end-group
cyelftool.exe -C "\\vmware-host\Shared Folders\Documents\PSoC Creator\FinalProject\FinalV2.cydsn\CortexM3\ARM_GCC_493\Debug\FinalV2.elf" --flash_row_size 256 --flash_size 262144
cyelftool.exe -S "\\vmware-host\Shared Folders\Documents\PSoC Creator\FinalProject\FinalV2.cydsn\CortexM3\ARM_GCC_493\Debug\FinalV2.elf"
Flash used: 155136 of 262144 bytes (59.2%).
SRAM used: 25525 of 65536 bytes (38.9%). Stack: 2048 bytes. Heap: 128 bytes.
--------------- Build Succeeded: 05/12/2024 23:41:22 ---------------
