ARM GAS  C:\Users\IVYLIU~1\AppData\Local\Temp\cc9jMuAw.s 			page 1


   1              		.syntax unified
   2              		.cpu cortex-m3
   3              		.fpu softvfp
   4              		.eabi_attribute 20, 1
   5              		.eabi_attribute 21, 1
   6              		.eabi_attribute 23, 3
   7              		.eabi_attribute 24, 1
   8              		.eabi_attribute 25, 1
   9              		.eabi_attribute 26, 1
  10              		.eabi_attribute 30, 1
  11              		.eabi_attribute 34, 1
  12              		.eabi_attribute 18, 4
  13              		.thumb
  14              		.file	"cymetadata.c"
  15              		.text
  16              	.Ltext0:
  17              		.cfi_sections	.debug_frame
  18              		.global	cy_metadata
  19              		.global	cy_meta_flashprotect
  20              		.global	cy_meta_wonvl
  21              		.global	cy_meta_custnvl
  22              		.global	cy_meta_configecc
  23              		.section	.cyconfigecc,"a",%progbits
  24              		.align	2
  25              		.type	cy_meta_configecc, %object
  26              		.size	cy_meta_configecc, 1324
  27              	cy_meta_configecc:
  28 0000 05       		.byte	5
  29 0001 52       		.byte	82
  30 0002 00       		.byte	0
  31 0003 40       		.byte	64
  32 0004 04       		.byte	4
  33 0005 64       		.byte	100
  34 0006 00       		.byte	0
  35 0007 40       		.byte	64
  36 0008 56       		.byte	86
  37 0009 00       		.byte	0
  38 000a 01       		.byte	1
  39 000b 40       		.byte	64
  40 000c 33       		.byte	51
  41 000d 01       		.byte	1
  42 000e 01       		.byte	1
  43 000f 40       		.byte	64
  44 0010 07       		.byte	7
  45 0011 03       		.byte	3
  46 0012 01       		.byte	1
  47 0013 40       		.byte	64
  48 0014 45       		.byte	69
  49 0015 0A       		.byte	10
  50 0016 01       		.byte	1
  51 0017 40       		.byte	64
  52 0018 3D       		.byte	61
  53 0019 0B       		.byte	11
  54 001a 01       		.byte	1
  55 001b 40       		.byte	64
  56 001c 4E       		.byte	78
  57 001d 0C       		.byte	12
ARM GAS  C:\Users\IVYLIU~1\AppData\Local\Temp\cc9jMuAw.s 			page 2


  58 001e 01       		.byte	1
  59 001f 40       		.byte	64
  60 0020 44       		.byte	68
  61 0021 0D       		.byte	13
  62 0022 01       		.byte	1
  63 0023 40       		.byte	64
  64 0024 3F       		.byte	63
  65 0025 0E       		.byte	14
  66 0026 01       		.byte	1
  67 0027 40       		.byte	64
  68 0028 33       		.byte	51
  69 0029 0F       		.byte	15
  70 002a 01       		.byte	1
  71 002b 40       		.byte	64
  72 002c 01       		.byte	1
  73 002d 15       		.byte	21
  74 002e 01       		.byte	1
  75 002f 40       		.byte	64
  76 0030 01       		.byte	1
  77 0031 1B       		.byte	27
  78 0032 01       		.byte	1
  79 0033 40       		.byte	64
  80 0034 05       		.byte	5
  81 0035 40       		.byte	64
  82 0036 01       		.byte	1
  83 0037 40       		.byte	64
  84 0038 03       		.byte	3
  85 0039 41       		.byte	65
  86 003a 01       		.byte	1
  87 003b 40       		.byte	64
  88 003c 03       		.byte	3
  89 003d 44       		.byte	68
  90 003e 01       		.byte	1
  91 003f 40       		.byte	64
  92 0040 0F       		.byte	15
  93 0041 45       		.byte	69
  94 0042 01       		.byte	1
  95 0043 40       		.byte	64
  96 0044 07       		.byte	7
  97 0045 46       		.byte	70
  98 0046 01       		.byte	1
  99 0047 40       		.byte	64
 100 0048 01       		.byte	1
 101 0049 47       		.byte	71
 102 004a 01       		.byte	1
 103 004b 40       		.byte	64
 104 004c 02       		.byte	2
 105 004d 48       		.byte	72
 106 004e 01       		.byte	1
 107 004f 40       		.byte	64
 108 0050 01       		.byte	1
 109 0051 49       		.byte	73
 110 0052 01       		.byte	1
 111 0053 40       		.byte	64
 112 0054 01       		.byte	1
 113 0055 4C       		.byte	76
 114 0056 01       		.byte	1
ARM GAS  C:\Users\IVYLIU~1\AppData\Local\Temp\cc9jMuAw.s 			page 3


 115 0057 40       		.byte	64
 116 0058 02       		.byte	2
 117 0059 4D       		.byte	77
 118 005a 01       		.byte	1
 119 005b 40       		.byte	64
 120 005c 04       		.byte	4
 121 005d 50       		.byte	80
 122 005e 01       		.byte	1
 123 005f 40       		.byte	64
 124 0060 01       		.byte	1
 125 0061 51       		.byte	81
 126 0062 01       		.byte	1
 127 0063 40       		.byte	64
 128 0064 00       		.byte	0
 129 0065 01       		.byte	1
 130 0066 01       		.byte	1
 131 0067 01       		.byte	1
 132 0068 10       		.byte	16
 133 0069 5C       		.byte	92
 134 006a 11       		.byte	17
 135 006b 14       		.byte	20
 136 006c 14       		.byte	20
 137 006d 02       		.byte	2
 138 006e 80       		.byte	-128
 139 006f 7F       		.byte	127
 140 0070 81       		.byte	-127
 141 0071 7F       		.byte	127
 142 0072 8B       		.byte	-117
 143 0073 0F       		.byte	15
 144 0074 8F       		.byte	-113
 145 0075 7F       		.byte	127
 146 0076 02       		.byte	2
 147 0077 10       		.byte	16
 148 0078 04       		.byte	4
 149 0079 04       		.byte	4
 150 007a 05       		.byte	5
 151 007b 0A       		.byte	10
 152 007c 06       		.byte	6
 153 007d 02       		.byte	2
 154 007e 07       		.byte	7
 155 007f 05       		.byte	5
 156 0080 09       		.byte	9
 157 0081 33       		.byte	51
 158 0082 0A       		.byte	10
 159 0083 04       		.byte	4
 160 0084 0B       		.byte	11
 161 0085 0C       		.byte	12
 162 0086 0C       		.byte	12
 163 0087 17       		.byte	23
 164 0088 0E       		.byte	14
 165 0089 08       		.byte	8
 166 008a 12       		.byte	18
 167 008b 02       		.byte	2
 168 008c 14       		.byte	20
 169 008d 0F       		.byte	15
 170 008e 15       		.byte	21
 171 008f 2F       		.byte	47
ARM GAS  C:\Users\IVYLIU~1\AppData\Local\Temp\cc9jMuAw.s 			page 4


 172 0090 17       		.byte	23
 173 0091 10       		.byte	16
 174 0092 19       		.byte	25
 175 0093 05       		.byte	5
 176 0094 1B       		.byte	27
 177 0095 0A       		.byte	10
 178 0096 1F       		.byte	31
 179 0097 10       		.byte	16
 180 0098 20       		.byte	32
 181 0099 08       		.byte	8
 182 009a 24       		.byte	36
 183 009b 11       		.byte	17
 184 009c 28       		.byte	40
 185 009d 11       		.byte	17
 186 009e 2A       		.byte	42
 187 009f 0E       		.byte	14
 188 00a0 2D       		.byte	45
 189 00a1 0C       		.byte	12
 190 00a2 2F       		.byte	47
 191 00a3 13       		.byte	19
 192 00a4 30       		.byte	48
 193 00a5 1F       		.byte	31
 194 00a6 33       		.byte	51
 195 00a7 10       		.byte	16
 196 00a8 35       		.byte	53
 197 00a9 0F       		.byte	15
 198 00aa 37       		.byte	55
 199 00ab 20       		.byte	32
 200 00ac 39       		.byte	57
 201 00ad 80       		.byte	-128
 202 00ae 3B       		.byte	59
 203 00af 20       		.byte	32
 204 00b0 3F       		.byte	63
 205 00b1 40       		.byte	64
 206 00b2 40       		.byte	64
 207 00b3 64       		.byte	100
 208 00b4 41       		.byte	65
 209 00b5 05       		.byte	5
 210 00b6 45       		.byte	69
 211 00b7 0C       		.byte	12
 212 00b8 46       		.byte	70
 213 00b9 E6       		.byte	-26
 214 00ba 47       		.byte	71
 215 00bb 0B       		.byte	11
 216 00bc 48       		.byte	72
 217 00bd 1D       		.byte	29
 218 00be 49       		.byte	73
 219 00bf FF       		.byte	-1
 220 00c0 4A       		.byte	74
 221 00c1 FF       		.byte	-1
 222 00c2 4B       		.byte	75
 223 00c3 FF       		.byte	-1
 224 00c4 4D       		.byte	77
 225 00c5 20       		.byte	32
 226 00c6 4E       		.byte	78
 227 00c7 F0       		.byte	-16
 228 00c8 51       		.byte	81
ARM GAS  C:\Users\IVYLIU~1\AppData\Local\Temp\cc9jMuAw.s 			page 5


 229 00c9 10       		.byte	16
 230 00ca 56       		.byte	86
 231 00cb 02       		.byte	2
 232 00cc 57       		.byte	87
 233 00cd 3D       		.byte	61
 234 00ce 58       		.byte	88
 235 00cf 04       		.byte	4
 236 00d0 59       		.byte	89
 237 00d1 04       		.byte	4
 238 00d2 5A       		.byte	90
 239 00d3 04       		.byte	4
 240 00d4 5B       		.byte	91
 241 00d5 04       		.byte	4
 242 00d6 5C       		.byte	92
 243 00d7 11       		.byte	17
 244 00d8 5D       		.byte	93
 245 00d9 11       		.byte	17
 246 00da 5F       		.byte	95
 247 00db 01       		.byte	1
 248 00dc 62       		.byte	98
 249 00dd E0       		.byte	-32
 250 00de 63       		.byte	99
 251 00df 01       		.byte	1
 252 00e0 65       		.byte	101
 253 00e1 01       		.byte	1
 254 00e2 67       		.byte	103
 255 00e3 01       		.byte	1
 256 00e4 68       		.byte	104
 257 00e5 60       		.byte	96
 258 00e6 69       		.byte	105
 259 00e7 01       		.byte	1
 260 00e8 6B       		.byte	107
 261 00e9 01       		.byte	1
 262 00ea 6C       		.byte	108
 263 00eb 10       		.byte	16
 264 00ec 6D       		.byte	109
 265 00ed 50       		.byte	80
 266 00ee 6E       		.byte	110
 267 00ef 10       		.byte	16
 268 00f0 6F       		.byte	111
 269 00f1 50       		.byte	80
 270 00f2 89       		.byte	-119
 271 00f3 07       		.byte	7
 272 00f4 8B       		.byte	-117
 273 00f5 08       		.byte	8
 274 00f6 8E       		.byte	-114
 275 00f7 01       		.byte	1
 276 00f8 91       		.byte	-111
 277 00f9 08       		.byte	8
 278 00fa 94       		.byte	-108
 279 00fb 01       		.byte	1
 280 00fc 95       		.byte	-107
 281 00fd 0A       		.byte	10
 282 00fe 97       		.byte	-105
 283 00ff 01       		.byte	1
 284 0100 A1       		.byte	-95
 285 0101 04       		.byte	4
ARM GAS  C:\Users\IVYLIU~1\AppData\Local\Temp\cc9jMuAw.s 			page 6


 286 0102 A8       		.byte	-88
 287 0103 01       		.byte	1
 288 0104 AD       		.byte	-83
 289 0105 09       		.byte	9
 290 0106 AF       		.byte	-81
 291 0107 06       		.byte	6
 292 0108 B0       		.byte	-80
 293 0109 01       		.byte	1
 294 010a B3       		.byte	-77
 295 010b 0F       		.byte	15
 296 010c B7       		.byte	-73
 297 010d 01       		.byte	1
 298 010e BE       		.byte	-66
 299 010f 01       		.byte	1
 300 0110 BF       		.byte	-65
 301 0111 40       		.byte	64
 302 0112 D6       		.byte	-42
 303 0113 02       		.byte	2
 304 0114 D7       		.byte	-41
 305 0115 38       		.byte	56
 306 0116 D8       		.byte	-40
 307 0117 04       		.byte	4
 308 0118 D9       		.byte	-39
 309 0119 04       		.byte	4
 310 011a DB       		.byte	-37
 311 011b 04       		.byte	4
 312 011c DC       		.byte	-36
 313 011d 10       		.byte	16
 314 011e DD       		.byte	-35
 315 011f 10       		.byte	16
 316 0120 DF       		.byte	-33
 317 0121 01       		.byte	1
 318 0122 00       		.byte	0
 319 0123 64       		.byte	100
 320 0124 01       		.byte	1
 321 0125 02       		.byte	2
 322 0126 04       		.byte	4
 323 0127 40       		.byte	64
 324 0128 09       		.byte	9
 325 0129 08       		.byte	8
 326 012a 0A       		.byte	10
 327 012b 40       		.byte	64
 328 012c 0D       		.byte	13
 329 012d 08       		.byte	8
 330 012e 10       		.byte	16
 331 012f A0       		.byte	-96
 332 0130 12       		.byte	18
 333 0131 08       		.byte	8
 334 0132 17       		.byte	23
 335 0133 10       		.byte	16
 336 0134 18       		.byte	24
 337 0135 40       		.byte	64
 338 0136 1B       		.byte	27
 339 0137 02       		.byte	2
 340 0138 1E       		.byte	30
 341 0139 80       		.byte	-128
 342 013a 20       		.byte	32
ARM GAS  C:\Users\IVYLIU~1\AppData\Local\Temp\cc9jMuAw.s 			page 7


 343 013b 16       		.byte	22
 344 013c 21       		.byte	33
 345 013d 08       		.byte	8
 346 013e 22       		.byte	34
 347 013f 10       		.byte	16
 348 0140 25       		.byte	37
 349 0141 80       		.byte	-128
 350 0142 26       		.byte	38
 351 0143 08       		.byte	8
 352 0144 27       		.byte	39
 353 0145 10       		.byte	16
 354 0146 2B       		.byte	43
 355 0147 02       		.byte	2
 356 0148 2C       		.byte	44
 357 0149 80       		.byte	-128
 358 014a 2F       		.byte	47
 359 014b 02       		.byte	2
 360 014c 30       		.byte	48
 361 014d 80       		.byte	-128
 362 014e 32       		.byte	50
 363 014f 18       		.byte	24
 364 0150 35       		.byte	53
 365 0151 02       		.byte	2
 366 0152 36       		.byte	54
 367 0153 08       		.byte	8
 368 0154 38       		.byte	56
 369 0155 18       		.byte	24
 370 0156 3C       		.byte	60
 371 0157 10       		.byte	16
 372 0158 40       		.byte	64
 373 0159 40       		.byte	64
 374 015a 48       		.byte	72
 375 015b 21       		.byte	33
 376 015c 4A       		.byte	74
 377 015d 08       		.byte	8
 378 015e 50       		.byte	80
 379 015f 84       		.byte	-124
 380 0160 53       		.byte	83
 381 0161 10       		.byte	16
 382 0162 58       		.byte	88
 383 0163 20       		.byte	32
 384 0164 5E       		.byte	94
 385 0165 80       		.byte	-128
 386 0166 61       		.byte	97
 387 0167 02       		.byte	2
 388 0168 64       		.byte	100
 389 0169 20       		.byte	32
 390 016a 72       		.byte	114
 391 016b 40       		.byte	64
 392 016c 75       		.byte	117
 393 016d 02       		.byte	2
 394 016e 85       		.byte	-123
 395 016f 80       		.byte	-128
 396 0170 8B       		.byte	-117
 397 0171 10       		.byte	16
 398 0172 C0       		.byte	-64
 399 0173 8F       		.byte	-113
ARM GAS  C:\Users\IVYLIU~1\AppData\Local\Temp\cc9jMuAw.s 			page 8


 400 0174 C2       		.byte	-62
 401 0175 2C       		.byte	44
 402 0176 C4       		.byte	-60
 403 0177 4E       		.byte	78
 404 0178 CA       		.byte	-54
 405 0179 98       		.byte	-104
 406 017a CC       		.byte	-52
 407 017b CE       		.byte	-50
 408 017c CE       		.byte	-50
 409 017d 26       		.byte	38
 410 017e D0       		.byte	-48
 411 017f 01       		.byte	1
 412 0180 D2       		.byte	-46
 413 0181 0C       		.byte	12
 414 0182 D6       		.byte	-42
 415 0183 14       		.byte	20
 416 0184 D8       		.byte	-40
 417 0185 41       		.byte	65
 418 0186 E2       		.byte	-30
 419 0187 20       		.byte	32
 420 0188 AC       		.byte	-84
 421 0189 30       		.byte	48
 422 018a AD       		.byte	-83
 423 018b 02       		.byte	2
 424 018c B1       		.byte	-79
 425 018d 08       		.byte	8
 426 018e B4       		.byte	-76
 427 018f 40       		.byte	64
 428 0190 B6       		.byte	-74
 429 0191 08       		.byte	8
 430 0192 EA       		.byte	-22
 431 0193 0A       		.byte	10
 432 0194 EE       		.byte	-18
 433 0195 08       		.byte	8
 434 0196 00       		.byte	0
 435 0197 0D       		.byte	13
 436 0198 07       		.byte	7
 437 0199 01       		.byte	1
 438 019a 08       		.byte	8
 439 019b 02       		.byte	2
 440 019c 0A       		.byte	10
 441 019d 0D       		.byte	13
 442 019e 0C       		.byte	12
 443 019f 0D       		.byte	13
 444 01a0 14       		.byte	20
 445 01a1 02       		.byte	2
 446 01a2 15       		.byte	21
 447 01a3 01       		.byte	1
 448 01a4 16       		.byte	22
 449 01a5 04       		.byte	4
 450 01a6 18       		.byte	24
 451 01a7 02       		.byte	2
 452 01a8 1A       		.byte	26
 453 01a9 08       		.byte	8
 454 01aa 1F       		.byte	31
 455 01ab 01       		.byte	1
 456 01ac 20       		.byte	32
ARM GAS  C:\Users\IVYLIU~1\AppData\Local\Temp\cc9jMuAw.s 			page 9


 457 01ad 01       		.byte	1
 458 01ae 22       		.byte	34
 459 01af 02       		.byte	2
 460 01b0 24       		.byte	36
 461 01b1 0D       		.byte	13
 462 01b2 28       		.byte	40
 463 01b3 0D       		.byte	13
 464 01b4 2C       		.byte	44
 465 01b5 0D       		.byte	13
 466 01b6 32       		.byte	50
 467 01b7 0F       		.byte	15
 468 01b8 37       		.byte	55
 469 01b9 01       		.byte	1
 470 01ba 3A       		.byte	58
 471 01bb 08       		.byte	8
 472 01bc 3F       		.byte	63
 473 01bd 40       		.byte	64
 474 01be 58       		.byte	88
 475 01bf 04       		.byte	4
 476 01c0 59       		.byte	89
 477 01c1 04       		.byte	4
 478 01c2 5C       		.byte	92
 479 01c3 02       		.byte	2
 480 01c4 5F       		.byte	95
 481 01c5 01       		.byte	1
 482 01c6 80       		.byte	-128
 483 01c7 80       		.byte	-128
 484 01c8 81       		.byte	-127
 485 01c9 06       		.byte	6
 486 01ca 82       		.byte	-126
 487 01cb 20       		.byte	32
 488 01cc 84       		.byte	-124
 489 01cd 15       		.byte	21
 490 01ce 85       		.byte	-123
 491 01cf 02       		.byte	2
 492 01d0 86       		.byte	-122
 493 01d1 8A       		.byte	-118
 494 01d2 87       		.byte	-121
 495 01d3 04       		.byte	4
 496 01d4 88       		.byte	-120
 497 01d5 02       		.byte	2
 498 01d6 89       		.byte	-119
 499 01d7 04       		.byte	4
 500 01d8 8A       		.byte	-118
 501 01d9 0D       		.byte	13
 502 01da 8B       		.byte	-117
 503 01db 02       		.byte	2
 504 01dc 8C       		.byte	-116
 505 01dd A0       		.byte	-96
 506 01de 8D       		.byte	-115
 507 01df 06       		.byte	6
 508 01e0 91       		.byte	-111
 509 01e1 02       		.byte	2
 510 01e2 93       		.byte	-109
 511 01e3 04       		.byte	4
 512 01e4 94       		.byte	-108
 513 01e5 20       		.byte	32
ARM GAS  C:\Users\IVYLIU~1\AppData\Local\Temp\cc9jMuAw.s 			page 10


 514 01e6 95       		.byte	-107
 515 01e7 04       		.byte	4
 516 01e8 96       		.byte	-106
 517 01e9 80       		.byte	-128
 518 01ea 98       		.byte	-104
 519 01eb A0       		.byte	-96
 520 01ec 99       		.byte	-103
 521 01ed 01       		.byte	1
 522 01ee 9B       		.byte	-101
 523 01ef 02       		.byte	2
 524 01f0 9C       		.byte	-100
 525 01f1 80       		.byte	-128
 526 01f2 9D       		.byte	-99
 527 01f3 07       		.byte	7
 528 01f4 A0       		.byte	-96
 529 01f5 80       		.byte	-128
 530 01f6 A1       		.byte	-95
 531 01f7 02       		.byte	2
 532 01f8 A2       		.byte	-94
 533 01f9 20       		.byte	32
 534 01fa A4       		.byte	-92
 535 01fb 20       		.byte	32
 536 01fc A8       		.byte	-88
 537 01fd C9       		.byte	-55
 538 01fe A9       		.byte	-87
 539 01ff 02       		.byte	2
 540 0200 AA       		.byte	-86
 541 0201 36       		.byte	54
 542 0202 AB       		.byte	-85
 543 0203 05       		.byte	5
 544 0204 AC       		.byte	-84
 545 0205 33       		.byte	51
 546 0206 AE       		.byte	-82
 547 0207 4C       		.byte	76
 548 0208 B1       		.byte	-79
 549 0209 07       		.byte	7
 550 020a B2       		.byte	-78
 551 020b F0       		.byte	-16
 552 020c B4       		.byte	-76
 553 020d 0F       		.byte	15
 554 020e BA       		.byte	-70
 555 020f 28       		.byte	40
 556 0210 D6       		.byte	-42
 557 0211 02       		.byte	2
 558 0212 D7       		.byte	-41
 559 0213 28       		.byte	40
 560 0214 D8       		.byte	-40
 561 0215 04       		.byte	4
 562 0216 D9       		.byte	-39
 563 0217 04       		.byte	4
 564 0218 DB       		.byte	-37
 565 0219 04       		.byte	4
 566 021a DC       		.byte	-36
 567 021b 22       		.byte	34
 568 021c DD       		.byte	-35
 569 021d 20       		.byte	32
 570 021e DF       		.byte	-33
ARM GAS  C:\Users\IVYLIU~1\AppData\Local\Temp\cc9jMuAw.s 			page 11


 571 021f 01       		.byte	1
 572 0220 00       		.byte	0
 573 0221 90       		.byte	-112
 574 0222 01       		.byte	1
 575 0223 01       		.byte	1
 576 0224 05       		.byte	5
 577 0225 14       		.byte	20
 578 0226 06       		.byte	6
 579 0227 01       		.byte	1
 580 0228 07       		.byte	7
 581 0229 80       		.byte	-128
 582 022a 09       		.byte	9
 583 022b 08       		.byte	8
 584 022c 0B       		.byte	11
 585 022d 08       		.byte	8
 586 022e 0C       		.byte	12
 587 022f 08       		.byte	8
 588 0230 0D       		.byte	13
 589 0231 20       		.byte	32
 590 0232 0E       		.byte	14
 591 0233 03       		.byte	3
 592 0234 10       		.byte	16
 593 0235 6A       		.byte	106
 594 0236 16       		.byte	22
 595 0237 08       		.byte	8
 596 0238 17       		.byte	23
 597 0239 49       		.byte	73
 598 023a 18       		.byte	24
 599 023b 10       		.byte	16
 600 023c 1D       		.byte	29
 601 023d 1C       		.byte	28
 602 023e 1E       		.byte	30
 603 023f 20       		.byte	32
 604 0240 1F       		.byte	31
 605 0241 10       		.byte	16
 606 0242 22       		.byte	34
 607 0243 40       		.byte	64
 608 0244 27       		.byte	39
 609 0245 40       		.byte	64
 610 0246 2E       		.byte	46
 611 0247 01       		.byte	1
 612 0248 2F       		.byte	47
 613 0249 04       		.byte	4
 614 024a 30       		.byte	48
 615 024b 40       		.byte	64
 616 024c 31       		.byte	49
 617 024d 08       		.byte	8
 618 024e 33       		.byte	51
 619 024f 40       		.byte	64
 620 0250 36       		.byte	54
 621 0251 18       		.byte	24
 622 0252 37       		.byte	55
 623 0253 49       		.byte	73
 624 0254 3A       		.byte	58
 625 0255 08       		.byte	8
 626 0256 3B       		.byte	59
 627 0257 08       		.byte	8
ARM GAS  C:\Users\IVYLIU~1\AppData\Local\Temp\cc9jMuAw.s 			page 12


 628 0258 3C       		.byte	60
 629 0259 80       		.byte	-128
 630 025a 3D       		.byte	61
 631 025b 21       		.byte	33
 632 025c 3E       		.byte	62
 633 025d 04       		.byte	4
 634 025e 67       		.byte	103
 635 025f 20       		.byte	32
 636 0260 6C       		.byte	108
 637 0261 6A       		.byte	106
 638 0262 6D       		.byte	109
 639 0263 21       		.byte	33
 640 0264 6E       		.byte	110
 641 0265 04       		.byte	4
 642 0266 6F       		.byte	111
 643 0267 01       		.byte	1
 644 0268 74       		.byte	116
 645 0269 40       		.byte	64
 646 026a 76       		.byte	118
 647 026b 01       		.byte	1
 648 026c 88       		.byte	-120
 649 026d 20       		.byte	32
 650 026e 89       		.byte	-119
 651 026f 21       		.byte	33
 652 0270 8B       		.byte	-117
 653 0271 80       		.byte	-128
 654 0272 93       		.byte	-109
 655 0273 08       		.byte	8
 656 0274 94       		.byte	-108
 657 0275 80       		.byte	-128
 658 0276 95       		.byte	-107
 659 0277 01       		.byte	1
 660 0278 96       		.byte	-106
 661 0279 80       		.byte	-128
 662 027a 9E       		.byte	-98
 663 027b 01       		.byte	1
 664 027c 9F       		.byte	-97
 665 027d 40       		.byte	64
 666 027e A2       		.byte	-94
 667 027f 09       		.byte	9
 668 0280 A4       		.byte	-92
 669 0281 6A       		.byte	106
 670 0282 A5       		.byte	-91
 671 0283 08       		.byte	8
 672 0284 AC       		.byte	-84
 673 0285 01       		.byte	1
 674 0286 AF       		.byte	-81
 675 0287 04       		.byte	4
 676 0288 B1       		.byte	-79
 677 0289 40       		.byte	64
 678 028a B4       		.byte	-76
 679 028b 04       		.byte	4
 680 028c C0       		.byte	-64
 681 028d FB       		.byte	-5
 682 028e C2       		.byte	-62
 683 028f E6       		.byte	-26
 684 0290 C4       		.byte	-60
ARM GAS  C:\Users\IVYLIU~1\AppData\Local\Temp\cc9jMuAw.s 			page 13


 685 0291 FF       		.byte	-1
 686 0292 CA       		.byte	-54
 687 0293 A0       		.byte	-96
 688 0294 CC       		.byte	-52
 689 0295 FA       		.byte	-6
 690 0296 CE       		.byte	-50
 691 0297 F2       		.byte	-14
 692 0298 D8       		.byte	-40
 693 0299 40       		.byte	64
 694 029a 01       		.byte	1
 695 029b 04       		.byte	4
 696 029c 08       		.byte	8
 697 029d 04       		.byte	4
 698 029e 09       		.byte	9
 699 029f 56       		.byte	86
 700 02a0 0B       		.byte	11
 701 02a1 09       		.byte	9
 702 02a2 0D       		.byte	13
 703 02a3 04       		.byte	4
 704 02a4 11       		.byte	17
 705 02a5 60       		.byte	96
 706 02a6 14       		.byte	20
 707 02a7 06       		.byte	6
 708 02a8 15       		.byte	21
 709 02a9 01       		.byte	1
 710 02aa 16       		.byte	22
 711 02ab 01       		.byte	1
 712 02ac 19       		.byte	25
 713 02ad 0A       		.byte	10
 714 02ae 1B       		.byte	27
 715 02af 10       		.byte	16
 716 02b0 1D       		.byte	29
 717 02b1 07       		.byte	7
 718 02b2 1F       		.byte	31
 719 02b3 38       		.byte	56
 720 02b4 21       		.byte	33
 721 02b5 04       		.byte	4
 722 02b6 25       		.byte	37
 723 02b7 04       		.byte	4
 724 02b8 28       		.byte	40
 725 02b9 04       		.byte	4
 726 02ba 2B       		.byte	43
 727 02bb 04       		.byte	4
 728 02bc 2C       		.byte	44
 729 02bd 01       		.byte	1
 730 02be 2D       		.byte	45
 731 02bf 04       		.byte	4
 732 02c0 2E       		.byte	46
 733 02c1 02       		.byte	2
 734 02c2 32       		.byte	50
 735 02c3 07       		.byte	7
 736 02c4 35       		.byte	53
 737 02c5 7F       		.byte	127
 738 02c6 39       		.byte	57
 739 02c7 A0       		.byte	-96
 740 02c8 3A       		.byte	58
 741 02c9 08       		.byte	8
ARM GAS  C:\Users\IVYLIU~1\AppData\Local\Temp\cc9jMuAw.s 			page 14


 742 02ca 3F       		.byte	63
 743 02cb 40       		.byte	64
 744 02cc 58       		.byte	88
 745 02cd 04       		.byte	4
 746 02ce 59       		.byte	89
 747 02cf 04       		.byte	4
 748 02d0 5C       		.byte	92
 749 02d1 22       		.byte	34
 750 02d2 5F       		.byte	95
 751 02d3 01       		.byte	1
 752 02d4 84       		.byte	-124
 753 02d5 07       		.byte	7
 754 02d6 88       		.byte	-120
 755 02d7 02       		.byte	2
 756 02d8 8A       		.byte	-118
 757 02d9 0C       		.byte	12
 758 02da 90       		.byte	-112
 759 02db 09       		.byte	9
 760 02dc 92       		.byte	-110
 761 02dd 02       		.byte	2
 762 02de 94       		.byte	-108
 763 02df 0A       		.byte	10
 764 02e0 95       		.byte	-107
 765 02e1 01       		.byte	1
 766 02e2 96       		.byte	-106
 767 02e3 05       		.byte	5
 768 02e4 9D       		.byte	-99
 769 02e5 01       		.byte	1
 770 02e6 A9       		.byte	-87
 771 02e7 01       		.byte	1
 772 02e8 B2       		.byte	-78
 773 02e9 0F       		.byte	15
 774 02ea B7       		.byte	-73
 775 02eb 01       		.byte	1
 776 02ec B8       		.byte	-72
 777 02ed 08       		.byte	8
 778 02ee BF       		.byte	-65
 779 02ef 40       		.byte	64
 780 02f0 C0       		.byte	-64
 781 02f1 35       		.byte	53
 782 02f2 C1       		.byte	-63
 783 02f3 01       		.byte	1
 784 02f4 C2       		.byte	-62
 785 02f5 60       		.byte	96
 786 02f6 C4       		.byte	-60
 787 02f7 02       		.byte	2
 788 02f8 C5       		.byte	-59
 789 02f9 0E       		.byte	14
 790 02fa C6       		.byte	-58
 791 02fb FD       		.byte	-3
 792 02fc C7       		.byte	-57
 793 02fd BC       		.byte	-68
 794 02fe C8       		.byte	-56
 795 02ff 3D       		.byte	61
 796 0300 C9       		.byte	-55
 797 0301 FF       		.byte	-1
 798 0302 CA       		.byte	-54
ARM GAS  C:\Users\IVYLIU~1\AppData\Local\Temp\cc9jMuAw.s 			page 15


 799 0303 FF       		.byte	-1
 800 0304 CB       		.byte	-53
 801 0305 FF       		.byte	-1
 802 0306 CC       		.byte	-52
 803 0307 22       		.byte	34
 804 0308 CE       		.byte	-50
 805 0309 F0       		.byte	-16
 806 030a CF       		.byte	-49
 807 030b 08       		.byte	8
 808 030c D0       		.byte	-48
 809 030d 04       		.byte	4
 810 030e D4       		.byte	-44
 811 030f 09       		.byte	9
 812 0310 D8       		.byte	-40
 813 0311 04       		.byte	4
 814 0312 D9       		.byte	-39
 815 0313 04       		.byte	4
 816 0314 DA       		.byte	-38
 817 0315 04       		.byte	4
 818 0316 DB       		.byte	-37
 819 0317 04       		.byte	4
 820 0318 DC       		.byte	-36
 821 0319 02       		.byte	2
 822 031a DD       		.byte	-35
 823 031b 22       		.byte	34
 824 031c DF       		.byte	-33
 825 031d 01       		.byte	1
 826 031e E2       		.byte	-30
 827 031f C0       		.byte	-64
 828 0320 E4       		.byte	-28
 829 0321 40       		.byte	64
 830 0322 E5       		.byte	-27
 831 0323 01       		.byte	1
 832 0324 E6       		.byte	-26
 833 0325 10       		.byte	16
 834 0326 E7       		.byte	-25
 835 0327 11       		.byte	17
 836 0328 E8       		.byte	-24
 837 0329 C0       		.byte	-64
 838 032a E9       		.byte	-23
 839 032b 01       		.byte	1
 840 032c EB       		.byte	-21
 841 032d 11       		.byte	17
 842 032e EC       		.byte	-20
 843 032f 40       		.byte	64
 844 0330 ED       		.byte	-19
 845 0331 01       		.byte	1
 846 0332 EE       		.byte	-18
 847 0333 40       		.byte	64
 848 0334 EF       		.byte	-17
 849 0335 01       		.byte	1
 850 0336 00       		.byte	0
 851 0337 10       		.byte	16
 852 0338 01       		.byte	1
 853 0339 08       		.byte	8
 854 033a 04       		.byte	4
 855 033b 10       		.byte	16
ARM GAS  C:\Users\IVYLIU~1\AppData\Local\Temp\cc9jMuAw.s 			page 16


 856 033c 08       		.byte	8
 857 033d 02       		.byte	2
 858 033e 09       		.byte	9
 859 033f 08       		.byte	8
 860 0340 0D       		.byte	13
 861 0341 08       		.byte	8
 862 0342 16       		.byte	22
 863 0343 04       		.byte	4
 864 0344 17       		.byte	23
 865 0345 60       		.byte	96
 866 0346 19       		.byte	25
 867 0347 08       		.byte	8
 868 0348 1C       		.byte	28
 869 0349 30       		.byte	48
 870 034a 1E       		.byte	30
 871 034b 20       		.byte	32
 872 034c 1F       		.byte	31
 873 034d 0C       		.byte	12
 874 034e 22       		.byte	34
 875 034f 80       		.byte	-128
 876 0350 25       		.byte	37
 877 0351 40       		.byte	64
 878 0352 27       		.byte	39
 879 0353 04       		.byte	4
 880 0354 2B       		.byte	43
 881 0355 08       		.byte	8
 882 0356 2C       		.byte	44
 883 0357 2A       		.byte	42
 884 0358 2F       		.byte	47
 885 0359 40       		.byte	64
 886 035a 31       		.byte	49
 887 035b 08       		.byte	8
 888 035c 33       		.byte	51
 889 035d 40       		.byte	64
 890 035e 34       		.byte	52
 891 035f 20       		.byte	32
 892 0360 36       		.byte	54
 893 0361 02       		.byte	2
 894 0362 37       		.byte	55
 895 0363 44       		.byte	68
 896 0364 3C       		.byte	60
 897 0365 A0       		.byte	-96
 898 0366 3D       		.byte	61
 899 0367 01       		.byte	1
 900 0368 40       		.byte	64
 901 0369 26       		.byte	38
 902 036a 41       		.byte	65
 903 036b 08       		.byte	8
 904 036c 43       		.byte	67
 905 036d 40       		.byte	64
 906 036e 48       		.byte	72
 907 036f 05       		.byte	5
 908 0370 49       		.byte	73
 909 0371 04       		.byte	4
 910 0372 50       		.byte	80
 911 0373 80       		.byte	-128
 912 0374 52       		.byte	82
ARM GAS  C:\Users\IVYLIU~1\AppData\Local\Temp\cc9jMuAw.s 			page 17


 913 0375 2E       		.byte	46
 914 0376 59       		.byte	89
 915 0377 04       		.byte	4
 916 0378 5A       		.byte	90
 917 0379 81       		.byte	-127
 918 037a 5B       		.byte	91
 919 037b 20       		.byte	32
 920 037c 62       		.byte	98
 921 037d 80       		.byte	-128
 922 037e 83       		.byte	-125
 923 037f 04       		.byte	4
 924 0380 89       		.byte	-119
 925 0381 08       		.byte	8
 926 0382 92       		.byte	-110
 927 0383 01       		.byte	1
 928 0384 93       		.byte	-109
 929 0385 80       		.byte	-128
 930 0386 94       		.byte	-108
 931 0387 80       		.byte	-128
 932 0388 95       		.byte	-107
 933 0389 01       		.byte	1
 934 038a 9C       		.byte	-100
 935 038b 20       		.byte	32
 936 038c 9E       		.byte	-98
 937 038d 01       		.byte	1
 938 038e 9F       		.byte	-97
 939 038f 40       		.byte	64
 940 0390 A0       		.byte	-96
 941 0391 04       		.byte	4
 942 0392 A2       		.byte	-94
 943 0393 01       		.byte	1
 944 0394 A4       		.byte	-92
 945 0395 AA       		.byte	-86
 946 0396 A6       		.byte	-90
 947 0397 30       		.byte	48
 948 0398 A7       		.byte	-89
 949 0399 08       		.byte	8
 950 039a AE       		.byte	-82
 951 039b 40       		.byte	64
 952 039c AF       		.byte	-81
 953 039d A0       		.byte	-96
 954 039e B2       		.byte	-78
 955 039f 81       		.byte	-127
 956 03a0 B3       		.byte	-77
 957 03a1 08       		.byte	8
 958 03a2 B7       		.byte	-73
 959 03a3 44       		.byte	68
 960 03a4 C0       		.byte	-64
 961 03a5 46       		.byte	70
 962 03a6 C2       		.byte	-62
 963 03a7 2C       		.byte	44
 964 03a8 C4       		.byte	-60
 965 03a9 C0       		.byte	-64
 966 03aa CA       		.byte	-54
 967 03ab F4       		.byte	-12
 968 03ac CC       		.byte	-52
 969 03ad FA       		.byte	-6
ARM GAS  C:\Users\IVYLIU~1\AppData\Local\Temp\cc9jMuAw.s 			page 18


 970 03ae CE       		.byte	-50
 971 03af B0       		.byte	-80
 972 03b0 D0       		.byte	-48
 973 03b1 0E       		.byte	14
 974 03b2 D2       		.byte	-46
 975 03b3 0C       		.byte	12
 976 03b4 D6       		.byte	-42
 977 03b5 0F       		.byte	15
 978 03b6 D8       		.byte	-40
 979 03b7 08       		.byte	8
 980 03b8 E0       		.byte	-32
 981 03b9 01       		.byte	1
 982 03ba E8       		.byte	-24
 983 03bb 40       		.byte	64
 984 03bc EC       		.byte	-20
 985 03bd 60       		.byte	96
 986 03be 07       		.byte	7
 987 03bf 02       		.byte	2
 988 03c0 0D       		.byte	13
 989 03c1 01       		.byte	1
 990 03c2 10       		.byte	16
 991 03c3 01       		.byte	1
 992 03c4 13       		.byte	19
 993 03c5 01       		.byte	1
 994 03c6 15       		.byte	21
 995 03c7 01       		.byte	1
 996 03c8 19       		.byte	25
 997 03c9 01       		.byte	1
 998 03ca 1D       		.byte	29
 999 03cb 04       		.byte	4
 1000 03cc 1E       		.byte	30
 1001 03cd 01       		.byte	1
 1002 03ce 21       		.byte	33
 1003 03cf 01       		.byte	1
 1004 03d0 22       		.byte	34
 1005 03d1 01       		.byte	1
 1006 03d2 24       		.byte	36
 1007 03d3 01       		.byte	1
 1008 03d4 27       		.byte	39
 1009 03d5 06       		.byte	6
 1010 03d6 28       		.byte	40
 1011 03d7 01       		.byte	1
 1012 03d8 2B       		.byte	43
 1013 03d9 06       		.byte	6
 1014 03da 2C       		.byte	44
 1015 03db 01       		.byte	1
 1016 03dc 32       		.byte	50
 1017 03dd 01       		.byte	1
 1018 03de 33       		.byte	51
 1019 03df 06       		.byte	6
 1020 03e0 35       		.byte	53
 1021 03e1 01       		.byte	1
 1022 03e2 3E       		.byte	62
 1023 03e3 04       		.byte	4
 1024 03e4 3F       		.byte	63
 1025 03e5 10       		.byte	16
 1026 03e6 54       		.byte	84
ARM GAS  C:\Users\IVYLIU~1\AppData\Local\Temp\cc9jMuAw.s 			page 19


 1027 03e7 40       		.byte	64
 1028 03e8 58       		.byte	88
 1029 03e9 04       		.byte	4
 1030 03ea 59       		.byte	89
 1031 03eb 04       		.byte	4
 1032 03ec 5B       		.byte	91
 1033 03ed 04       		.byte	4
 1034 03ee 5C       		.byte	92
 1035 03ef 20       		.byte	32
 1036 03f0 5D       		.byte	93
 1037 03f1 20       		.byte	32
 1038 03f2 5F       		.byte	95
 1039 03f3 01       		.byte	1
 1040 03f4 80       		.byte	-128
 1041 03f5 01       		.byte	1
 1042 03f6 82       		.byte	-126
 1043 03f7 02       		.byte	2
 1044 03f8 84       		.byte	-124
 1045 03f9 04       		.byte	4
 1046 03fa 85       		.byte	-123
 1047 03fb 06       		.byte	6
 1048 03fc 86       		.byte	-122
 1049 03fd 18       		.byte	24
 1050 03fe 87       		.byte	-121
 1051 03ff 01       		.byte	1
 1052 0400 88       		.byte	-120
 1053 0401 10       		.byte	16
 1054 0402 8C       		.byte	-116
 1055 0403 10       		.byte	16
 1056 0404 8D       		.byte	-115
 1057 0405 05       		.byte	5
 1058 0406 8F       		.byte	-113
 1059 0407 02       		.byte	2
 1060 0408 90       		.byte	-112
 1061 0409 03       		.byte	3
 1062 040a 94       		.byte	-108
 1063 040b 1C       		.byte	28
 1064 040c 98       		.byte	-104
 1065 040d 02       		.byte	2
 1066 040e 9A       		.byte	-102
 1067 040f 01       		.byte	1
 1068 0410 9C       		.byte	-100
 1069 0411 10       		.byte	16
 1070 0412 A0       		.byte	-96
 1071 0413 10       		.byte	16
 1072 0414 A4       		.byte	-92
 1073 0415 04       		.byte	4
 1074 0416 A6       		.byte	-90
 1075 0417 18       		.byte	24
 1076 0418 AA       		.byte	-86
 1077 0419 10       		.byte	16
 1078 041a AD       		.byte	-83
 1079 041b 03       		.byte	3
 1080 041c AE       		.byte	-82
 1081 041d 0C       		.byte	12
 1082 041e AF       		.byte	-81
 1083 041f 04       		.byte	4
ARM GAS  C:\Users\IVYLIU~1\AppData\Local\Temp\cc9jMuAw.s 			page 20


 1084 0420 B1       		.byte	-79
 1085 0421 07       		.byte	7
 1086 0422 B4       		.byte	-76
 1087 0423 03       		.byte	3
 1088 0424 B6       		.byte	-74
 1089 0425 1C       		.byte	28
 1090 0426 BA       		.byte	-70
 1091 0427 80       		.byte	-128
 1092 0428 BE       		.byte	-66
 1093 0429 10       		.byte	16
 1094 042a BF       		.byte	-65
 1095 042b 01       		.byte	1
 1096 042c D6       		.byte	-42
 1097 042d 02       		.byte	2
 1098 042e D7       		.byte	-41
 1099 042f 32       		.byte	50
 1100 0430 D8       		.byte	-40
 1101 0431 04       		.byte	4
 1102 0432 D9       		.byte	-39
 1103 0433 04       		.byte	4
 1104 0434 DB       		.byte	-37
 1105 0435 04       		.byte	4
 1106 0436 DC       		.byte	-36
 1107 0437 02       		.byte	2
 1108 0438 DD       		.byte	-35
 1109 0439 10       		.byte	16
 1110 043a DF       		.byte	-33
 1111 043b 01       		.byte	1
 1112 043c 05       		.byte	5
 1113 043d 14       		.byte	20
 1114 043e 06       		.byte	6
 1115 043f 81       		.byte	-127
 1116 0440 08       		.byte	8
 1117 0441 40       		.byte	64
 1118 0442 0A       		.byte	10
 1119 0443 02       		.byte	2
 1120 0444 0B       		.byte	11
 1121 0445 40       		.byte	64
 1122 0446 0C       		.byte	12
 1123 0447 40       		.byte	64
 1124 0448 0E       		.byte	14
 1125 0449 20       		.byte	32
 1126 044a 0F       		.byte	15
 1127 044b 88       		.byte	-120
 1128 044c 10       		.byte	16
 1129 044d A8       		.byte	-88
 1130 044e 12       		.byte	18
 1131 044f 81       		.byte	-127
 1132 0450 14       		.byte	20
 1133 0451 24       		.byte	36
 1134 0452 15       		.byte	21
 1135 0453 01       		.byte	1
 1136 0454 17       		.byte	23
 1137 0455 40       		.byte	64
 1138 0456 18       		.byte	24
 1139 0457 10       		.byte	16
 1140 0458 1E       		.byte	30
ARM GAS  C:\Users\IVYLIU~1\AppData\Local\Temp\cc9jMuAw.s 			page 21


 1141 0459 0A       		.byte	10
 1142 045a 1F       		.byte	31
 1143 045b 60       		.byte	96
 1144 045c 20       		.byte	32
 1145 045d 08       		.byte	8
 1146 045e 21       		.byte	33
 1147 045f 04       		.byte	4
 1148 0460 23       		.byte	35
 1149 0461 08       		.byte	8
 1150 0462 27       		.byte	39
 1151 0463 80       		.byte	-128
 1152 0464 28       		.byte	40
 1153 0465 20       		.byte	32
 1154 0466 2A       		.byte	42
 1155 0467 01       		.byte	1
 1156 0468 2B       		.byte	43
 1157 0469 08       		.byte	8
 1158 046a 2E       		.byte	46
 1159 046b 80       		.byte	-128
 1160 046c 30       		.byte	48
 1161 046d 2E       		.byte	46
 1162 046e 31       		.byte	49
 1163 046f 10       		.byte	16
 1164 0470 32       		.byte	50
 1165 0471 01       		.byte	1
 1166 0472 33       		.byte	51
 1167 0473 40       		.byte	64
 1168 0474 38       		.byte	56
 1169 0475 80       		.byte	-128
 1170 0476 39       		.byte	57
 1171 0477 08       		.byte	8
 1172 0478 3B       		.byte	59
 1173 0479 40       		.byte	64
 1174 047a 3F       		.byte	63
 1175 047b 88       		.byte	-120
 1176 047c 5D       		.byte	93
 1177 047d 80       		.byte	-128
 1178 047e 5E       		.byte	94
 1179 047f 08       		.byte	8
 1180 0480 5F       		.byte	95
 1181 0481 80       		.byte	-128
 1182 0482 60       		.byte	96
 1183 0483 10       		.byte	16
 1184 0484 62       		.byte	98
 1185 0485 A0       		.byte	-96
 1186 0486 65       		.byte	101
 1187 0487 80       		.byte	-128
 1188 0488 76       		.byte	118
 1189 0489 40       		.byte	64
 1190 048a 85       		.byte	-123
 1191 048b 04       		.byte	4
 1192 048c 8D       		.byte	-115
 1193 048d 04       		.byte	4
 1194 048e 8E       		.byte	-114
 1195 048f 01       		.byte	1
 1196 0490 C0       		.byte	-64
 1197 0491 F0       		.byte	-16
ARM GAS  C:\Users\IVYLIU~1\AppData\Local\Temp\cc9jMuAw.s 			page 22


 1198 0492 C2       		.byte	-62
 1199 0493 F9       		.byte	-7
 1200 0494 C4       		.byte	-60
 1201 0495 FF       		.byte	-1
 1202 0496 CA       		.byte	-54
 1203 0497 17       		.byte	23
 1204 0498 CC       		.byte	-52
 1205 0499 0F       		.byte	15
 1206 049a CE       		.byte	-50
 1207 049b 5A       		.byte	90
 1208 049c D6       		.byte	-42
 1209 049d 40       		.byte	64
 1210 049e D8       		.byte	-40
 1211 049f 1E       		.byte	30
 1212 04a0 E0       		.byte	-32
 1213 04a1 08       		.byte	8
 1214 04a2 EC       		.byte	-20
 1215 04a3 10       		.byte	16
 1216 04a4 EC       		.byte	-20
 1217 04a5 10       		.byte	16
 1218 04a6 3F       		.byte	63
 1219 04a7 40       		.byte	64
 1220 04a8 85       		.byte	-123
 1221 04a9 20       		.byte	32
 1222 04aa 8B       		.byte	-117
 1223 04ab 40       		.byte	64
 1224 04ac CE       		.byte	-50
 1225 04ad 20       		.byte	32
 1226 04ae E6       		.byte	-26
 1227 04af 40       		.byte	64
 1228 04b0 5D       		.byte	93
 1229 04b1 20       		.byte	32
 1230 04b2 99       		.byte	-103
 1231 04b3 20       		.byte	32
 1232 04b4 D6       		.byte	-42
 1233 04b5 20       		.byte	32
 1234 04b6 7C       		.byte	124
 1235 04b7 01       		.byte	1
 1236 04b8 86       		.byte	-122
 1237 04b9 40       		.byte	64
 1238 04ba DE       		.byte	-34
 1239 04bb 01       		.byte	1
 1240 04bc 06       		.byte	6
 1241 04bd 20       		.byte	32
 1242 04be 56       		.byte	86
 1243 04bf 40       		.byte	64
 1244 04c0 58       		.byte	88
 1245 04c1 08       		.byte	8
 1246 04c2 5C       		.byte	92
 1247 04c3 01       		.byte	1
 1248 04c4 5F       		.byte	95
 1249 04c5 20       		.byte	32
 1250 04c6 66       		.byte	102
 1251 04c7 84       		.byte	-124
 1252 04c8 82       		.byte	-126
 1253 04c9 04       		.byte	4
 1254 04ca 88       		.byte	-120
ARM GAS  C:\Users\IVYLIU~1\AppData\Local\Temp\cc9jMuAw.s 			page 23


 1255 04cb 08       		.byte	8
 1256 04cc 94       		.byte	-108
 1257 04cd 01       		.byte	1
 1258 04ce 9A       		.byte	-102
 1259 04cf 40       		.byte	64
 1260 04d0 C0       		.byte	-64
 1261 04d1 04       		.byte	4
 1262 04d2 D4       		.byte	-44
 1263 04d3 02       		.byte	2
 1264 04d4 D6       		.byte	-42
 1265 04d5 07       		.byte	7
 1266 04d6 D8       		.byte	-40
 1267 04d7 01       		.byte	1
 1268 04d8 E0       		.byte	-32
 1269 04d9 01       		.byte	1
 1270 04da 45       		.byte	69
 1271 04db 08       		.byte	8
 1272 04dc B2       		.byte	-78
 1273 04dd 80       		.byte	-128
 1274 04de B3       		.byte	-77
 1275 04df 20       		.byte	32
 1276 04e0 B6       		.byte	-74
 1277 04e1 20       		.byte	32
 1278 04e2 D0       		.byte	-48
 1279 04e3 01       		.byte	1
 1280 04e4 EC       		.byte	-20
 1281 04e5 04       		.byte	4
 1282 04e6 EE       		.byte	-18
 1283 04e7 02       		.byte	2
 1284 04e8 A5       		.byte	-91
 1285 04e9 08       		.byte	8
 1286 04ea 25       		.byte	37
 1287 04eb 10       		.byte	16
 1288 04ec C8       		.byte	-56
 1289 04ed 20       		.byte	32
 1290 04ee B5       		.byte	-75
 1291 04ef 10       		.byte	16
 1292 04f0 A5       		.byte	-91
 1293 04f1 08       		.byte	8
 1294 04f2 B5       		.byte	-75
 1295 04f3 08       		.byte	8
 1296 04f4 EC       		.byte	-20
 1297 04f5 08       		.byte	8
 1298 04f6 00       		.byte	0
 1299 04f7 06       		.byte	6
 1300 04f8 08       		.byte	8
 1301 04f9 02       		.byte	2
 1302 04fa 0C       		.byte	12
 1303 04fb 04       		.byte	4
 1304 04fc 0E       		.byte	14
 1305 04fd 06       		.byte	6
 1306 04fe 10       		.byte	16
 1307 04ff 01       		.byte	1
 1308 0500 00       		.byte	0
 1309 0501 01       		.byte	1
 1310 0502 01       		.byte	1
 1311 0503 00       		.byte	0
ARM GAS  C:\Users\IVYLIU~1\AppData\Local\Temp\cc9jMuAw.s 			page 24


 1312 0504 01       		.byte	1
 1313 0505 00       		.byte	0
 1314 0506 00       		.byte	0
 1315 0507 00       		.byte	0
 1316 0508 20       		.byte	32
 1317 0509 00       		.byte	0
 1318 050a 00       		.byte	0
 1319 050b 20       		.byte	32
 1320 050c 00       		.byte	0
 1321 050d 00       		.byte	0
 1322 050e 00       		.byte	0
 1323 050f 00       		.byte	0
 1324 0510 00       		.byte	0
 1325 0511 00       		.byte	0
 1326 0512 00       		.byte	0
 1327 0513 00       		.byte	0
 1328 0514 02       		.byte	2
 1329 0515 FC       		.byte	-4
 1330 0516 FC       		.byte	-4
 1331 0517 00       		.byte	0
 1332 0518 DC       		.byte	-36
 1333 0519 00       		.byte	0
 1334 051a 00       		.byte	0
 1335 051b 00       		.byte	0
 1336 051c 02       		.byte	2
 1337 051d 00       		.byte	0
 1338 051e 00       		.byte	0
 1339 051f 0A       		.byte	10
 1340 0520 08       		.byte	8
 1341 0521 00       		.byte	0
 1342 0522 00       		.byte	0
 1343 0523 00       		.byte	0
 1344 0524 40       		.byte	64
 1345 0525 00       		.byte	0
 1346 0526 00       		.byte	0
 1347 0527 00       		.byte	0
 1348 0528 18       		.byte	24
 1349 0529 00       		.byte	0
 1350 052a 18       		.byte	24
 1351 052b 01       		.byte	1
 1352              		.section	.cywolatch,"a",%progbits
 1353              		.align	2
 1354              		.type	cy_meta_wonvl, %object
 1355              		.size	cy_meta_wonvl, 4
 1356              	cy_meta_wonvl:
 1357 0000 BC       		.byte	-68
 1358 0001 90       		.byte	-112
 1359 0002 AC       		.byte	-84
 1360 0003 AF       		.byte	-81
 1361              		.section	.cycustnvl,"a",%progbits
 1362              		.align	2
 1363              		.type	cy_meta_custnvl, %object
 1364              		.size	cy_meta_custnvl, 4
 1365              	cy_meta_custnvl:
 1366 0000 00       		.byte	0
 1367 0001 00       		.byte	0
 1368 0002 40       		.byte	64
ARM GAS  C:\Users\IVYLIU~1\AppData\Local\Temp\cc9jMuAw.s 			page 25


 1369 0003 05       		.byte	5
 1370              		.section	.cymeta,"a",%progbits
 1371              		.align	2
 1372              		.type	cy_metadata, %object
 1373              		.size	cy_metadata, 12
 1374              	cy_metadata:
 1375 0000 00       		.byte	0
 1376 0001 01       		.byte	1
 1377 0002 2E       		.byte	46
 1378 0003 12       		.byte	18
 1379 0004 30       		.byte	48
 1380 0005 69       		.byte	105
 1381 0006 00       		.byte	0
 1382 0007 01       		.byte	1
 1383 0008 00       		.byte	0
 1384 0009 00       		.byte	0
 1385 000a 00       		.byte	0
 1386 000b 00       		.byte	0
 1387              		.section	.cyflashprotect,"a",%progbits
 1388              		.align	2
 1389              		.type	cy_meta_flashprotect, %object
 1390              		.size	cy_meta_flashprotect, 256
 1391              	cy_meta_flashprotect:
 1392 0000 00000000 		.space	256
 1392      00000000 
 1392      00000000 
 1392      00000000 
 1392      00000000 
 1393              		.text
 1394              	.Letext0:
 1395              		.file 1 ".\\Generated_Source\\PSoC5\\cymetadata.c"
 1396              		.file 2 ".\\Generated_Source\\PSoC5\\cytypes.h"
 1397              		.section	.debug_info,"",%progbits
 1398              	.Ldebug_info0:
 1399 0000 38010000 		.4byte	0x138
 1400 0004 0400     		.2byte	0x4
 1401 0006 00000000 		.4byte	.Ldebug_abbrev0
 1402 000a 04       		.byte	0x4
 1403 000b 01       		.uleb128 0x1
 1404 000c 56010000 		.4byte	.LASF18
 1405 0010 01       		.byte	0x1
 1406 0011 00000000 		.4byte	.LASF19
 1407 0015 A1000000 		.4byte	.LASF20
 1408 0019 00000000 		.4byte	.Ldebug_line0
 1409 001d 02       		.uleb128 0x2
 1410 001e 01       		.byte	0x1
 1411 001f 06       		.byte	0x6
 1412 0020 F8010000 		.4byte	.LASF0
 1413 0024 02       		.uleb128 0x2
 1414 0025 01       		.byte	0x1
 1415 0026 08       		.byte	0x8
 1416 0027 38000000 		.4byte	.LASF1
 1417 002b 02       		.uleb128 0x2
 1418 002c 02       		.byte	0x2
 1419 002d 05       		.byte	0x5
 1420 002e 46010000 		.4byte	.LASF2
 1421 0032 02       		.uleb128 0x2
ARM GAS  C:\Users\IVYLIU~1\AppData\Local\Temp\cc9jMuAw.s 			page 26


 1422 0033 02       		.byte	0x2
 1423 0034 07       		.byte	0x7
 1424 0035 58000000 		.4byte	.LASF3
 1425 0039 02       		.uleb128 0x2
 1426 003a 04       		.byte	0x4
 1427 003b 05       		.byte	0x5
 1428 003c EF010000 		.4byte	.LASF4
 1429 0040 02       		.uleb128 0x2
 1430 0041 04       		.byte	0x4
 1431 0042 07       		.byte	0x7
 1432 0043 46000000 		.4byte	.LASF5
 1433 0047 02       		.uleb128 0x2
 1434 0048 08       		.byte	0x8
 1435 0049 05       		.byte	0x5
 1436 004a 33010000 		.4byte	.LASF6
 1437 004e 02       		.uleb128 0x2
 1438 004f 08       		.byte	0x8
 1439 0050 07       		.byte	0x7
 1440 0051 F0000000 		.4byte	.LASF7
 1441 0055 03       		.uleb128 0x3
 1442 0056 04       		.byte	0x4
 1443 0057 05       		.byte	0x5
 1444 0058 696E7400 		.ascii	"int\000"
 1445 005c 02       		.uleb128 0x2
 1446 005d 04       		.byte	0x4
 1447 005e 07       		.byte	0x7
 1448 005f 94000000 		.4byte	.LASF8
 1449 0063 04       		.uleb128 0x4
 1450 0064 50010000 		.4byte	.LASF21
 1451 0068 02       		.byte	0x2
 1452 0069 9201     		.2byte	0x192
 1453 006b 24000000 		.4byte	0x24
 1454 006f 02       		.uleb128 0x2
 1455 0070 04       		.byte	0x4
 1456 0071 04       		.byte	0x4
 1457 0072 32000000 		.4byte	.LASF9
 1458 0076 02       		.uleb128 0x2
 1459 0077 08       		.byte	0x8
 1460 0078 04       		.byte	0x4
 1461 0079 6B000000 		.4byte	.LASF10
 1462 007d 02       		.uleb128 0x2
 1463 007e 01       		.byte	0x1
 1464 007f 08       		.byte	0x8
 1465 0080 41010000 		.4byte	.LASF11
 1466 0084 05       		.uleb128 0x5
 1467 0085 63000000 		.4byte	0x63
 1468 0089 95000000 		.4byte	0x95
 1469 008d 06       		.uleb128 0x6
 1470 008e 95000000 		.4byte	0x95
 1471 0092 2B05     		.2byte	0x52b
 1472 0094 00       		.byte	0
 1473 0095 02       		.uleb128 0x2
 1474 0096 04       		.byte	0x4
 1475 0097 07       		.byte	0x7
 1476 0098 2A010000 		.4byte	.LASF12
 1477 009c 07       		.uleb128 0x7
 1478 009d 82000000 		.4byte	.LASF13
ARM GAS  C:\Users\IVYLIU~1\AppData\Local\Temp\cc9jMuAw.s 			page 27


 1479 00a1 01       		.byte	0x1
 1480 00a2 1F       		.byte	0x1f
 1481 00a3 AD000000 		.4byte	0xad
 1482 00a7 05       		.uleb128 0x5
 1483 00a8 03       		.byte	0x3
 1484 00a9 00000000 		.4byte	cy_meta_configecc
 1485 00ad 08       		.uleb128 0x8
 1486 00ae 84000000 		.4byte	0x84
 1487 00b2 05       		.uleb128 0x5
 1488 00b3 63000000 		.4byte	0x63
 1489 00b7 C2000000 		.4byte	0xc2
 1490 00bb 09       		.uleb128 0x9
 1491 00bc 95000000 		.4byte	0x95
 1492 00c0 03       		.byte	0x3
 1493 00c1 00       		.byte	0
 1494 00c2 07       		.uleb128 0x7
 1495 00c3 72000000 		.4byte	.LASF14
 1496 00c7 01       		.byte	0x1
 1497 00c8 D2       		.byte	0xd2
 1498 00c9 D3000000 		.4byte	0xd3
 1499 00cd 05       		.uleb128 0x5
 1500 00ce 03       		.byte	0x3
 1501 00cf 00000000 		.4byte	cy_meta_custnvl
 1502 00d3 08       		.uleb128 0x8
 1503 00d4 B2000000 		.4byte	0xb2
 1504 00d8 07       		.uleb128 0x7
 1505 00d9 1C010000 		.4byte	.LASF15
 1506 00dd 01       		.byte	0x1
 1507 00de E0       		.byte	0xe0
 1508 00df E9000000 		.4byte	0xe9
 1509 00e3 05       		.uleb128 0x5
 1510 00e4 03       		.byte	0x3
 1511 00e5 00000000 		.4byte	cy_meta_wonvl
 1512 00e9 08       		.uleb128 0x8
 1513 00ea B2000000 		.4byte	0xb2
 1514 00ee 05       		.uleb128 0x5
 1515 00ef 63000000 		.4byte	0x63
 1516 00f3 FE000000 		.4byte	0xfe
 1517 00f7 09       		.uleb128 0x9
 1518 00f8 95000000 		.4byte	0x95
 1519 00fc FF       		.byte	0xff
 1520 00fd 00       		.byte	0
 1521 00fe 07       		.uleb128 0x7
 1522 00ff 07010000 		.4byte	.LASF16
 1523 0103 01       		.byte	0x1
 1524 0104 EE       		.byte	0xee
 1525 0105 0F010000 		.4byte	0x10f
 1526 0109 05       		.uleb128 0x5
 1527 010a 03       		.byte	0x3
 1528 010b 00000000 		.4byte	cy_meta_flashprotect
 1529 010f 08       		.uleb128 0x8
 1530 0110 EE000000 		.4byte	0xee
 1531 0114 05       		.uleb128 0x5
 1532 0115 63000000 		.4byte	0x63
 1533 0119 24010000 		.4byte	0x124
 1534 011d 09       		.uleb128 0x9
 1535 011e 95000000 		.4byte	0x95
ARM GAS  C:\Users\IVYLIU~1\AppData\Local\Temp\cc9jMuAw.s 			page 28


 1536 0122 0B       		.byte	0xb
 1537 0123 00       		.byte	0
 1538 0124 0A       		.uleb128 0xa
 1539 0125 26000000 		.4byte	.LASF17
 1540 0129 01       		.byte	0x1
 1541 012a 1B01     		.2byte	0x11b
 1542 012c 36010000 		.4byte	0x136
 1543 0130 05       		.uleb128 0x5
 1544 0131 03       		.byte	0x3
 1545 0132 00000000 		.4byte	cy_metadata
 1546 0136 08       		.uleb128 0x8
 1547 0137 14010000 		.4byte	0x114
 1548 013b 00       		.byte	0
 1549              		.section	.debug_abbrev,"",%progbits
 1550              	.Ldebug_abbrev0:
 1551 0000 01       		.uleb128 0x1
 1552 0001 11       		.uleb128 0x11
 1553 0002 01       		.byte	0x1
 1554 0003 25       		.uleb128 0x25
 1555 0004 0E       		.uleb128 0xe
 1556 0005 13       		.uleb128 0x13
 1557 0006 0B       		.uleb128 0xb
 1558 0007 03       		.uleb128 0x3
 1559 0008 0E       		.uleb128 0xe
 1560 0009 1B       		.uleb128 0x1b
 1561 000a 0E       		.uleb128 0xe
 1562 000b 10       		.uleb128 0x10
 1563 000c 17       		.uleb128 0x17
 1564 000d 00       		.byte	0
 1565 000e 00       		.byte	0
 1566 000f 02       		.uleb128 0x2
 1567 0010 24       		.uleb128 0x24
 1568 0011 00       		.byte	0
 1569 0012 0B       		.uleb128 0xb
 1570 0013 0B       		.uleb128 0xb
 1571 0014 3E       		.uleb128 0x3e
 1572 0015 0B       		.uleb128 0xb
 1573 0016 03       		.uleb128 0x3
 1574 0017 0E       		.uleb128 0xe
 1575 0018 00       		.byte	0
 1576 0019 00       		.byte	0
 1577 001a 03       		.uleb128 0x3
 1578 001b 24       		.uleb128 0x24
 1579 001c 00       		.byte	0
 1580 001d 0B       		.uleb128 0xb
 1581 001e 0B       		.uleb128 0xb
 1582 001f 3E       		.uleb128 0x3e
 1583 0020 0B       		.uleb128 0xb
 1584 0021 03       		.uleb128 0x3
 1585 0022 08       		.uleb128 0x8
 1586 0023 00       		.byte	0
 1587 0024 00       		.byte	0
 1588 0025 04       		.uleb128 0x4
 1589 0026 16       		.uleb128 0x16
 1590 0027 00       		.byte	0
 1591 0028 03       		.uleb128 0x3
 1592 0029 0E       		.uleb128 0xe
ARM GAS  C:\Users\IVYLIU~1\AppData\Local\Temp\cc9jMuAw.s 			page 29


 1593 002a 3A       		.uleb128 0x3a
 1594 002b 0B       		.uleb128 0xb
 1595 002c 3B       		.uleb128 0x3b
 1596 002d 05       		.uleb128 0x5
 1597 002e 49       		.uleb128 0x49
 1598 002f 13       		.uleb128 0x13
 1599 0030 00       		.byte	0
 1600 0031 00       		.byte	0
 1601 0032 05       		.uleb128 0x5
 1602 0033 01       		.uleb128 0x1
 1603 0034 01       		.byte	0x1
 1604 0035 49       		.uleb128 0x49
 1605 0036 13       		.uleb128 0x13
 1606 0037 01       		.uleb128 0x1
 1607 0038 13       		.uleb128 0x13
 1608 0039 00       		.byte	0
 1609 003a 00       		.byte	0
 1610 003b 06       		.uleb128 0x6
 1611 003c 21       		.uleb128 0x21
 1612 003d 00       		.byte	0
 1613 003e 49       		.uleb128 0x49
 1614 003f 13       		.uleb128 0x13
 1615 0040 2F       		.uleb128 0x2f
 1616 0041 05       		.uleb128 0x5
 1617 0042 00       		.byte	0
 1618 0043 00       		.byte	0
 1619 0044 07       		.uleb128 0x7
 1620 0045 34       		.uleb128 0x34
 1621 0046 00       		.byte	0
 1622 0047 03       		.uleb128 0x3
 1623 0048 0E       		.uleb128 0xe
 1624 0049 3A       		.uleb128 0x3a
 1625 004a 0B       		.uleb128 0xb
 1626 004b 3B       		.uleb128 0x3b
 1627 004c 0B       		.uleb128 0xb
 1628 004d 49       		.uleb128 0x49
 1629 004e 13       		.uleb128 0x13
 1630 004f 3F       		.uleb128 0x3f
 1631 0050 19       		.uleb128 0x19
 1632 0051 02       		.uleb128 0x2
 1633 0052 18       		.uleb128 0x18
 1634 0053 00       		.byte	0
 1635 0054 00       		.byte	0
 1636 0055 08       		.uleb128 0x8
 1637 0056 26       		.uleb128 0x26
 1638 0057 00       		.byte	0
 1639 0058 49       		.uleb128 0x49
 1640 0059 13       		.uleb128 0x13
 1641 005a 00       		.byte	0
 1642 005b 00       		.byte	0
 1643 005c 09       		.uleb128 0x9
 1644 005d 21       		.uleb128 0x21
 1645 005e 00       		.byte	0
 1646 005f 49       		.uleb128 0x49
 1647 0060 13       		.uleb128 0x13
 1648 0061 2F       		.uleb128 0x2f
 1649 0062 0B       		.uleb128 0xb
ARM GAS  C:\Users\IVYLIU~1\AppData\Local\Temp\cc9jMuAw.s 			page 30


 1650 0063 00       		.byte	0
 1651 0064 00       		.byte	0
 1652 0065 0A       		.uleb128 0xa
 1653 0066 34       		.uleb128 0x34
 1654 0067 00       		.byte	0
 1655 0068 03       		.uleb128 0x3
 1656 0069 0E       		.uleb128 0xe
 1657 006a 3A       		.uleb128 0x3a
 1658 006b 0B       		.uleb128 0xb
 1659 006c 3B       		.uleb128 0x3b
 1660 006d 05       		.uleb128 0x5
 1661 006e 49       		.uleb128 0x49
 1662 006f 13       		.uleb128 0x13
 1663 0070 3F       		.uleb128 0x3f
 1664 0071 19       		.uleb128 0x19
 1665 0072 02       		.uleb128 0x2
 1666 0073 18       		.uleb128 0x18
 1667 0074 00       		.byte	0
 1668 0075 00       		.byte	0
 1669 0076 00       		.byte	0
 1670              		.section	.debug_aranges,"",%progbits
 1671 0000 14000000 		.4byte	0x14
 1672 0004 0200     		.2byte	0x2
 1673 0006 00000000 		.4byte	.Ldebug_info0
 1674 000a 04       		.byte	0x4
 1675 000b 00       		.byte	0
 1676 000c 0000     		.2byte	0
 1677 000e 0000     		.2byte	0
 1678 0010 00000000 		.4byte	0
 1679 0014 00000000 		.4byte	0
 1680              		.section	.debug_line,"",%progbits
 1681              	.Ldebug_line0:
 1682 0000 4F000000 		.section	.debug_str,"MS",%progbits,1
 1682      02004900 
 1682      00000201 
 1682      FB0E0D00 
 1682      01010101 
 1683              	.LASF19:
 1684 0000 2E5C4765 		.ascii	".\\Generated_Source\\PSoC5\\cymetadata.c\000"
 1684      6E657261 
 1684      7465645F 
 1684      536F7572 
 1684      63655C50 
 1685              	.LASF17:
 1686 0026 63795F6D 		.ascii	"cy_metadata\000"
 1686      65746164 
 1686      61746100 
 1687              	.LASF9:
 1688 0032 666C6F61 		.ascii	"float\000"
 1688      7400
 1689              	.LASF1:
 1690 0038 756E7369 		.ascii	"unsigned char\000"
 1690      676E6564 
 1690      20636861 
 1690      7200
 1691              	.LASF5:
 1692 0046 6C6F6E67 		.ascii	"long unsigned int\000"
ARM GAS  C:\Users\IVYLIU~1\AppData\Local\Temp\cc9jMuAw.s 			page 31


 1692      20756E73 
 1692      69676E65 
 1692      6420696E 
 1692      7400
 1693              	.LASF3:
 1694 0058 73686F72 		.ascii	"short unsigned int\000"
 1694      7420756E 
 1694      7369676E 
 1694      65642069 
 1694      6E7400
 1695              	.LASF10:
 1696 006b 646F7562 		.ascii	"double\000"
 1696      6C6500
 1697              	.LASF14:
 1698 0072 63795F6D 		.ascii	"cy_meta_custnvl\000"
 1698      6574615F 
 1698      63757374 
 1698      6E766C00 
 1699              	.LASF13:
 1700 0082 63795F6D 		.ascii	"cy_meta_configecc\000"
 1700      6574615F 
 1700      636F6E66 
 1700      69676563 
 1700      6300
 1701              	.LASF8:
 1702 0094 756E7369 		.ascii	"unsigned int\000"
 1702      676E6564 
 1702      20696E74 
 1702      00
 1703              	.LASF20:
 1704 00a1 5C5C766D 		.ascii	"\\\\vmware-host\\Shared Folders\\Documents\\PSoC Cr"
 1704      77617265 
 1704      2D686F73 
 1704      745C5368 
 1704      61726564 
 1705 00cf 6561746F 		.ascii	"eator\\FinalProject\\FinalV2.cydsn\000"
 1705      725C4669 
 1705      6E616C50 
 1705      726F6A65 
 1705      63745C46 
 1706              	.LASF7:
 1707 00f0 6C6F6E67 		.ascii	"long long unsigned int\000"
 1707      206C6F6E 
 1707      6720756E 
 1707      7369676E 
 1707      65642069 
 1708              	.LASF16:
 1709 0107 63795F6D 		.ascii	"cy_meta_flashprotect\000"
 1709      6574615F 
 1709      666C6173 
 1709      6870726F 
 1709      74656374 
 1710              	.LASF15:
 1711 011c 63795F6D 		.ascii	"cy_meta_wonvl\000"
 1711      6574615F 
 1711      776F6E76 
 1711      6C00
ARM GAS  C:\Users\IVYLIU~1\AppData\Local\Temp\cc9jMuAw.s 			page 32


 1712              	.LASF12:
 1713 012a 73697A65 		.ascii	"sizetype\000"
 1713      74797065 
 1713      00
 1714              	.LASF6:
 1715 0133 6C6F6E67 		.ascii	"long long int\000"
 1715      206C6F6E 
 1715      6720696E 
 1715      7400
 1716              	.LASF11:
 1717 0141 63686172 		.ascii	"char\000"
 1717      00
 1718              	.LASF2:
 1719 0146 73686F72 		.ascii	"short int\000"
 1719      7420696E 
 1719      7400
 1720              	.LASF21:
 1721 0150 75696E74 		.ascii	"uint8\000"
 1721      3800
 1722              	.LASF18:
 1723 0156 474E5520 		.ascii	"GNU C 4.9.3 20150303 (release) [ARM/embedded-4_9-br"
 1723      4320342E 
 1723      392E3320 
 1723      32303135 
 1723      30333033 
 1724 0189 616E6368 		.ascii	"anch revision 221220] -mcpu=cortex-m3 -mthumb -g -O"
 1724      20726576 
 1724      6973696F 
 1724      6E203232 
 1724      31323230 
 1725 01bc 67202D73 		.ascii	"g -std=gnu99 -ffunction-sections -ffat-lto-objects\000"
 1725      74643D67 
 1725      6E753939 
 1725      202D6666 
 1725      756E6374 
 1726              	.LASF4:
 1727 01ef 6C6F6E67 		.ascii	"long int\000"
 1727      20696E74 
 1727      00
 1728              	.LASF0:
 1729 01f8 7369676E 		.ascii	"signed char\000"
 1729      65642063 
 1729      68617200 
 1730              		.ident	"GCC: (GNU Tools for ARM Embedded Processors) 4.9.3 20150303 (release) [ARM/embedded-4_9-br
