ARM GAS  C:\Users\IVYLIU~1\AppData\Local\Temp\cc7OrJGM.s 			page 1


   1              		.syntax unified
   2              		.cpu cortex-m3
   3              		.fpu softvfp
   4              		.eabi_attribute 20, 1
   5              		.eabi_attribute 21, 1
   6              		.eabi_attribute 23, 3
   7              		.eabi_attribute 24, 1
   8              		.eabi_attribute 25, 1
   9              		.eabi_attribute 26, 1
  10              		.eabi_attribute 30, 1
  11              		.eabi_attribute 34, 1
  12              		.eabi_attribute 18, 4
  13              		.thumb
  14              		.file	"arm_cmplx_conj_q31.c"
  15              		.text
  16              	.Ltext0:
  17              		.cfi_sections	.debug_frame
  18              		.section	.text.arm_cmplx_conj_q31,"ax",%progbits
  19              		.align	2
  20              		.global	arm_cmplx_conj_q31
  21              		.thumb
  22              		.thumb_func
  23              		.type	arm_cmplx_conj_q31, %function
  24              	arm_cmplx_conj_q31:
  25              	.LFB84:
  26              		.file 1 ".\\DSP\\Source\\ComplexMathFunctions\\arm_cmplx_conj_q31.c"
   1:.\DSP\Source\ComplexMathFunctions/arm_cmplx_conj_q31.c **** /* ----------------------------------------------------------------------
   2:.\DSP\Source\ComplexMathFunctions/arm_cmplx_conj_q31.c ****  * Project:      CMSIS DSP Library
   3:.\DSP\Source\ComplexMathFunctions/arm_cmplx_conj_q31.c ****  * Title:        arm_cmplx_conj_q31.c
   4:.\DSP\Source\ComplexMathFunctions/arm_cmplx_conj_q31.c ****  * Description:  Q31 complex conjugate
   5:.\DSP\Source\ComplexMathFunctions/arm_cmplx_conj_q31.c ****  *
   6:.\DSP\Source\ComplexMathFunctions/arm_cmplx_conj_q31.c ****  * $Date:        23 April 2021
   7:.\DSP\Source\ComplexMathFunctions/arm_cmplx_conj_q31.c ****  * $Revision:    V1.9.0
   8:.\DSP\Source\ComplexMathFunctions/arm_cmplx_conj_q31.c ****  *
   9:.\DSP\Source\ComplexMathFunctions/arm_cmplx_conj_q31.c ****  * Target Processor: Cortex-M and Cortex-A cores
  10:.\DSP\Source\ComplexMathFunctions/arm_cmplx_conj_q31.c ****  * -------------------------------------------------------------------- */
  11:.\DSP\Source\ComplexMathFunctions/arm_cmplx_conj_q31.c **** /*
  12:.\DSP\Source\ComplexMathFunctions/arm_cmplx_conj_q31.c ****  * Copyright (C) 2010-2021 ARM Limited or its affiliates. All rights reserved.
  13:.\DSP\Source\ComplexMathFunctions/arm_cmplx_conj_q31.c ****  *
  14:.\DSP\Source\ComplexMathFunctions/arm_cmplx_conj_q31.c ****  * SPDX-License-Identifier: Apache-2.0
  15:.\DSP\Source\ComplexMathFunctions/arm_cmplx_conj_q31.c ****  *
  16:.\DSP\Source\ComplexMathFunctions/arm_cmplx_conj_q31.c ****  * Licensed under the Apache License, Version 2.0 (the License); you may
  17:.\DSP\Source\ComplexMathFunctions/arm_cmplx_conj_q31.c ****  * not use this file except in compliance with the License.
  18:.\DSP\Source\ComplexMathFunctions/arm_cmplx_conj_q31.c ****  * You may obtain a copy of the License at
  19:.\DSP\Source\ComplexMathFunctions/arm_cmplx_conj_q31.c ****  *
  20:.\DSP\Source\ComplexMathFunctions/arm_cmplx_conj_q31.c ****  * www.apache.org/licenses/LICENSE-2.0
  21:.\DSP\Source\ComplexMathFunctions/arm_cmplx_conj_q31.c ****  *
  22:.\DSP\Source\ComplexMathFunctions/arm_cmplx_conj_q31.c ****  * Unless required by applicable law or agreed to in writing, software
  23:.\DSP\Source\ComplexMathFunctions/arm_cmplx_conj_q31.c ****  * distributed under the License is distributed on an AS IS BASIS, WITHOUT
  24:.\DSP\Source\ComplexMathFunctions/arm_cmplx_conj_q31.c ****  * WARRANTIES OR CONDITIONS OF ANY KIND, either express or implied.
  25:.\DSP\Source\ComplexMathFunctions/arm_cmplx_conj_q31.c ****  * See the License for the specific language governing permissions and
  26:.\DSP\Source\ComplexMathFunctions/arm_cmplx_conj_q31.c ****  * limitations under the License.
  27:.\DSP\Source\ComplexMathFunctions/arm_cmplx_conj_q31.c ****  */
  28:.\DSP\Source\ComplexMathFunctions/arm_cmplx_conj_q31.c **** 
  29:.\DSP\Source\ComplexMathFunctions/arm_cmplx_conj_q31.c **** #include "dsp/complex_math_functions.h"
  30:.\DSP\Source\ComplexMathFunctions/arm_cmplx_conj_q31.c **** 
  31:.\DSP\Source\ComplexMathFunctions/arm_cmplx_conj_q31.c **** /**
ARM GAS  C:\Users\IVYLIU~1\AppData\Local\Temp\cc7OrJGM.s 			page 2


  32:.\DSP\Source\ComplexMathFunctions/arm_cmplx_conj_q31.c ****   @ingroup groupCmplxMath
  33:.\DSP\Source\ComplexMathFunctions/arm_cmplx_conj_q31.c ****  */
  34:.\DSP\Source\ComplexMathFunctions/arm_cmplx_conj_q31.c **** 
  35:.\DSP\Source\ComplexMathFunctions/arm_cmplx_conj_q31.c **** /**
  36:.\DSP\Source\ComplexMathFunctions/arm_cmplx_conj_q31.c ****   @addtogroup cmplx_conj
  37:.\DSP\Source\ComplexMathFunctions/arm_cmplx_conj_q31.c ****   @{
  38:.\DSP\Source\ComplexMathFunctions/arm_cmplx_conj_q31.c ****  */
  39:.\DSP\Source\ComplexMathFunctions/arm_cmplx_conj_q31.c **** 
  40:.\DSP\Source\ComplexMathFunctions/arm_cmplx_conj_q31.c **** /**
  41:.\DSP\Source\ComplexMathFunctions/arm_cmplx_conj_q31.c ****   @brief         Q31 complex conjugate.
  42:.\DSP\Source\ComplexMathFunctions/arm_cmplx_conj_q31.c ****   @param[in]     pSrc        points to the input vector
  43:.\DSP\Source\ComplexMathFunctions/arm_cmplx_conj_q31.c ****   @param[out]    pDst        points to the output vector
  44:.\DSP\Source\ComplexMathFunctions/arm_cmplx_conj_q31.c ****   @param[in]     numSamples  number of samples in each vector
  45:.\DSP\Source\ComplexMathFunctions/arm_cmplx_conj_q31.c ****   @return        none
  46:.\DSP\Source\ComplexMathFunctions/arm_cmplx_conj_q31.c **** 
  47:.\DSP\Source\ComplexMathFunctions/arm_cmplx_conj_q31.c ****   @par           Scaling and Overflow Behavior
  48:.\DSP\Source\ComplexMathFunctions/arm_cmplx_conj_q31.c ****                    The function uses saturating arithmetic.
  49:.\DSP\Source\ComplexMathFunctions/arm_cmplx_conj_q31.c ****                    The Q31 value -1 (0x80000000) is saturated to the maximum allowable positive val
  50:.\DSP\Source\ComplexMathFunctions/arm_cmplx_conj_q31.c ****  */
  51:.\DSP\Source\ComplexMathFunctions/arm_cmplx_conj_q31.c **** 
  52:.\DSP\Source\ComplexMathFunctions/arm_cmplx_conj_q31.c **** #if defined(ARM_MATH_MVEI) && !defined(ARM_MATH_AUTOVECTORIZE)
  53:.\DSP\Source\ComplexMathFunctions/arm_cmplx_conj_q31.c **** 
  54:.\DSP\Source\ComplexMathFunctions/arm_cmplx_conj_q31.c **** void arm_cmplx_conj_q31(
  55:.\DSP\Source\ComplexMathFunctions/arm_cmplx_conj_q31.c ****   const q31_t * pSrc,
  56:.\DSP\Source\ComplexMathFunctions/arm_cmplx_conj_q31.c ****         q31_t * pDst,
  57:.\DSP\Source\ComplexMathFunctions/arm_cmplx_conj_q31.c ****         uint32_t numSamples)
  58:.\DSP\Source\ComplexMathFunctions/arm_cmplx_conj_q31.c **** {
  59:.\DSP\Source\ComplexMathFunctions/arm_cmplx_conj_q31.c **** 
  60:.\DSP\Source\ComplexMathFunctions/arm_cmplx_conj_q31.c ****     uint32_t blockSize = numSamples * CMPLX_DIM;   /* loop counters */
  61:.\DSP\Source\ComplexMathFunctions/arm_cmplx_conj_q31.c ****     uint32_t blkCnt;
  62:.\DSP\Source\ComplexMathFunctions/arm_cmplx_conj_q31.c ****     q31x4x2_t vecSrc;
  63:.\DSP\Source\ComplexMathFunctions/arm_cmplx_conj_q31.c ****     q31_t in;                                      /* Temporary input variable */
  64:.\DSP\Source\ComplexMathFunctions/arm_cmplx_conj_q31.c ****     q31x4_t zero;
  65:.\DSP\Source\ComplexMathFunctions/arm_cmplx_conj_q31.c **** 
  66:.\DSP\Source\ComplexMathFunctions/arm_cmplx_conj_q31.c ****     zero = vdupq_n_s32(0);
  67:.\DSP\Source\ComplexMathFunctions/arm_cmplx_conj_q31.c **** 
  68:.\DSP\Source\ComplexMathFunctions/arm_cmplx_conj_q31.c ****    
  69:.\DSP\Source\ComplexMathFunctions/arm_cmplx_conj_q31.c ****     /* Compute 4 real samples at a time */
  70:.\DSP\Source\ComplexMathFunctions/arm_cmplx_conj_q31.c ****     blkCnt = blockSize >> 3U;
  71:.\DSP\Source\ComplexMathFunctions/arm_cmplx_conj_q31.c **** 
  72:.\DSP\Source\ComplexMathFunctions/arm_cmplx_conj_q31.c ****     while (blkCnt > 0U)
  73:.\DSP\Source\ComplexMathFunctions/arm_cmplx_conj_q31.c ****     {
  74:.\DSP\Source\ComplexMathFunctions/arm_cmplx_conj_q31.c **** 
  75:.\DSP\Source\ComplexMathFunctions/arm_cmplx_conj_q31.c ****         vecSrc = vld2q(pSrc);
  76:.\DSP\Source\ComplexMathFunctions/arm_cmplx_conj_q31.c ****         vecSrc.val[1] = vqsubq(zero, vecSrc.val[1]);
  77:.\DSP\Source\ComplexMathFunctions/arm_cmplx_conj_q31.c ****         vst2q(pDst,vecSrc);
  78:.\DSP\Source\ComplexMathFunctions/arm_cmplx_conj_q31.c ****         /*
  79:.\DSP\Source\ComplexMathFunctions/arm_cmplx_conj_q31.c ****          * Decrement the blkCnt loop counter
  80:.\DSP\Source\ComplexMathFunctions/arm_cmplx_conj_q31.c ****          * Advance vector source and destination pointers
  81:.\DSP\Source\ComplexMathFunctions/arm_cmplx_conj_q31.c ****          */
  82:.\DSP\Source\ComplexMathFunctions/arm_cmplx_conj_q31.c ****         pSrc += 8;
  83:.\DSP\Source\ComplexMathFunctions/arm_cmplx_conj_q31.c ****         pDst += 8;
  84:.\DSP\Source\ComplexMathFunctions/arm_cmplx_conj_q31.c ****         blkCnt --;
  85:.\DSP\Source\ComplexMathFunctions/arm_cmplx_conj_q31.c ****     }
  86:.\DSP\Source\ComplexMathFunctions/arm_cmplx_conj_q31.c **** 
  87:.\DSP\Source\ComplexMathFunctions/arm_cmplx_conj_q31.c ****      /* Tail */
  88:.\DSP\Source\ComplexMathFunctions/arm_cmplx_conj_q31.c ****     blkCnt = (blockSize & 0x7) >> 1;
ARM GAS  C:\Users\IVYLIU~1\AppData\Local\Temp\cc7OrJGM.s 			page 3


  89:.\DSP\Source\ComplexMathFunctions/arm_cmplx_conj_q31.c **** 
  90:.\DSP\Source\ComplexMathFunctions/arm_cmplx_conj_q31.c ****     while (blkCnt > 0U)
  91:.\DSP\Source\ComplexMathFunctions/arm_cmplx_conj_q31.c ****     {
  92:.\DSP\Source\ComplexMathFunctions/arm_cmplx_conj_q31.c ****       /* C[0] + jC[1] = A[0]+ j(-1)A[1] */
  93:.\DSP\Source\ComplexMathFunctions/arm_cmplx_conj_q31.c ****   
  94:.\DSP\Source\ComplexMathFunctions/arm_cmplx_conj_q31.c ****       /* Calculate Complex Conjugate and store result in destination buffer. */
  95:.\DSP\Source\ComplexMathFunctions/arm_cmplx_conj_q31.c ****       *pDst++ =  *pSrc++;
  96:.\DSP\Source\ComplexMathFunctions/arm_cmplx_conj_q31.c ****       in = *pSrc++;
  97:.\DSP\Source\ComplexMathFunctions/arm_cmplx_conj_q31.c ****       *pDst++ = __QSUB(0, in);
  98:.\DSP\Source\ComplexMathFunctions/arm_cmplx_conj_q31.c ****   
  99:.\DSP\Source\ComplexMathFunctions/arm_cmplx_conj_q31.c ****       /* Decrement loop counter */
 100:.\DSP\Source\ComplexMathFunctions/arm_cmplx_conj_q31.c ****       blkCnt--;
 101:.\DSP\Source\ComplexMathFunctions/arm_cmplx_conj_q31.c ****     }
 102:.\DSP\Source\ComplexMathFunctions/arm_cmplx_conj_q31.c **** 
 103:.\DSP\Source\ComplexMathFunctions/arm_cmplx_conj_q31.c **** 
 104:.\DSP\Source\ComplexMathFunctions/arm_cmplx_conj_q31.c **** }
 105:.\DSP\Source\ComplexMathFunctions/arm_cmplx_conj_q31.c **** #else
 106:.\DSP\Source\ComplexMathFunctions/arm_cmplx_conj_q31.c **** 
 107:.\DSP\Source\ComplexMathFunctions/arm_cmplx_conj_q31.c **** void arm_cmplx_conj_q31(
 108:.\DSP\Source\ComplexMathFunctions/arm_cmplx_conj_q31.c ****   const q31_t * pSrc,
 109:.\DSP\Source\ComplexMathFunctions/arm_cmplx_conj_q31.c ****         q31_t * pDst,
 110:.\DSP\Source\ComplexMathFunctions/arm_cmplx_conj_q31.c ****         uint32_t numSamples)
 111:.\DSP\Source\ComplexMathFunctions/arm_cmplx_conj_q31.c **** {
  27              		.loc 1 111 0
  28              		.cfi_startproc
  29              		@ args = 0, pretend = 0, frame = 0
  30              		@ frame_needed = 0, uses_anonymous_args = 0
  31              		@ link register save eliminated.
  32              	.LVL0:
  33 0000 30B4     		push	{r4, r5}
  34              		.cfi_def_cfa_offset 8
  35              		.cfi_offset 4, -8
  36              		.cfi_offset 5, -4
  37              	.LVL1:
 112:.\DSP\Source\ComplexMathFunctions/arm_cmplx_conj_q31.c ****         uint32_t blkCnt;                               /* Loop counter */
 113:.\DSP\Source\ComplexMathFunctions/arm_cmplx_conj_q31.c ****         q31_t in;                                      /* Temporary input variable */
 114:.\DSP\Source\ComplexMathFunctions/arm_cmplx_conj_q31.c **** 
 115:.\DSP\Source\ComplexMathFunctions/arm_cmplx_conj_q31.c **** #if defined (ARM_MATH_LOOPUNROLL)
 116:.\DSP\Source\ComplexMathFunctions/arm_cmplx_conj_q31.c **** 
 117:.\DSP\Source\ComplexMathFunctions/arm_cmplx_conj_q31.c ****   /* Loop unrolling: Compute 4 outputs at a time */
 118:.\DSP\Source\ComplexMathFunctions/arm_cmplx_conj_q31.c ****   blkCnt = numSamples >> 2U;
 119:.\DSP\Source\ComplexMathFunctions/arm_cmplx_conj_q31.c **** 
 120:.\DSP\Source\ComplexMathFunctions/arm_cmplx_conj_q31.c ****   while (blkCnt > 0U)
 121:.\DSP\Source\ComplexMathFunctions/arm_cmplx_conj_q31.c ****   {
 122:.\DSP\Source\ComplexMathFunctions/arm_cmplx_conj_q31.c ****     /* C[0] + jC[1] = A[0]+ j(-1)A[1] */
 123:.\DSP\Source\ComplexMathFunctions/arm_cmplx_conj_q31.c **** 
 124:.\DSP\Source\ComplexMathFunctions/arm_cmplx_conj_q31.c ****     /* Calculate Complex Conjugate and store result in destination buffer. */
 125:.\DSP\Source\ComplexMathFunctions/arm_cmplx_conj_q31.c ****     *pDst++ =  *pSrc++;
 126:.\DSP\Source\ComplexMathFunctions/arm_cmplx_conj_q31.c ****     in = *pSrc++;
 127:.\DSP\Source\ComplexMathFunctions/arm_cmplx_conj_q31.c **** #if defined (ARM_MATH_DSP)
 128:.\DSP\Source\ComplexMathFunctions/arm_cmplx_conj_q31.c ****     *pDst++ = __QSUB(0, in);
 129:.\DSP\Source\ComplexMathFunctions/arm_cmplx_conj_q31.c **** #else
 130:.\DSP\Source\ComplexMathFunctions/arm_cmplx_conj_q31.c ****     *pDst++ = (in == INT32_MIN) ? INT32_MAX : -in;
 131:.\DSP\Source\ComplexMathFunctions/arm_cmplx_conj_q31.c **** #endif
 132:.\DSP\Source\ComplexMathFunctions/arm_cmplx_conj_q31.c **** 
 133:.\DSP\Source\ComplexMathFunctions/arm_cmplx_conj_q31.c ****     *pDst++ =  *pSrc++;
 134:.\DSP\Source\ComplexMathFunctions/arm_cmplx_conj_q31.c ****     in =  *pSrc++;
ARM GAS  C:\Users\IVYLIU~1\AppData\Local\Temp\cc7OrJGM.s 			page 4


 135:.\DSP\Source\ComplexMathFunctions/arm_cmplx_conj_q31.c **** #if defined (ARM_MATH_DSP)
 136:.\DSP\Source\ComplexMathFunctions/arm_cmplx_conj_q31.c ****     *pDst++ = __QSUB(0, in);
 137:.\DSP\Source\ComplexMathFunctions/arm_cmplx_conj_q31.c **** #else
 138:.\DSP\Source\ComplexMathFunctions/arm_cmplx_conj_q31.c ****     *pDst++ = (in == INT32_MIN) ? INT32_MAX : -in;
 139:.\DSP\Source\ComplexMathFunctions/arm_cmplx_conj_q31.c **** #endif
 140:.\DSP\Source\ComplexMathFunctions/arm_cmplx_conj_q31.c **** 
 141:.\DSP\Source\ComplexMathFunctions/arm_cmplx_conj_q31.c ****     *pDst++ =  *pSrc++;
 142:.\DSP\Source\ComplexMathFunctions/arm_cmplx_conj_q31.c ****     in = *pSrc++;
 143:.\DSP\Source\ComplexMathFunctions/arm_cmplx_conj_q31.c **** #if defined (ARM_MATH_DSP)
 144:.\DSP\Source\ComplexMathFunctions/arm_cmplx_conj_q31.c ****     *pDst++ = __QSUB(0, in);
 145:.\DSP\Source\ComplexMathFunctions/arm_cmplx_conj_q31.c **** #else
 146:.\DSP\Source\ComplexMathFunctions/arm_cmplx_conj_q31.c ****     *pDst++ = (in == INT32_MIN) ? INT32_MAX : -in;
 147:.\DSP\Source\ComplexMathFunctions/arm_cmplx_conj_q31.c **** #endif
 148:.\DSP\Source\ComplexMathFunctions/arm_cmplx_conj_q31.c **** 
 149:.\DSP\Source\ComplexMathFunctions/arm_cmplx_conj_q31.c ****     *pDst++ =  *pSrc++;
 150:.\DSP\Source\ComplexMathFunctions/arm_cmplx_conj_q31.c ****     in = *pSrc++;
 151:.\DSP\Source\ComplexMathFunctions/arm_cmplx_conj_q31.c **** #if defined (ARM_MATH_DSP)
 152:.\DSP\Source\ComplexMathFunctions/arm_cmplx_conj_q31.c ****     *pDst++ = __QSUB(0, in);
 153:.\DSP\Source\ComplexMathFunctions/arm_cmplx_conj_q31.c **** #else
 154:.\DSP\Source\ComplexMathFunctions/arm_cmplx_conj_q31.c ****     *pDst++ = (in == INT32_MIN) ? INT32_MAX : -in;
 155:.\DSP\Source\ComplexMathFunctions/arm_cmplx_conj_q31.c **** #endif
 156:.\DSP\Source\ComplexMathFunctions/arm_cmplx_conj_q31.c **** 
 157:.\DSP\Source\ComplexMathFunctions/arm_cmplx_conj_q31.c ****     /* Decrement loop counter */
 158:.\DSP\Source\ComplexMathFunctions/arm_cmplx_conj_q31.c ****     blkCnt--;
 159:.\DSP\Source\ComplexMathFunctions/arm_cmplx_conj_q31.c ****   }
 160:.\DSP\Source\ComplexMathFunctions/arm_cmplx_conj_q31.c **** 
 161:.\DSP\Source\ComplexMathFunctions/arm_cmplx_conj_q31.c ****   /* Loop unrolling: Compute remaining outputs */
 162:.\DSP\Source\ComplexMathFunctions/arm_cmplx_conj_q31.c ****   blkCnt = numSamples % 0x4U;
 163:.\DSP\Source\ComplexMathFunctions/arm_cmplx_conj_q31.c **** 
 164:.\DSP\Source\ComplexMathFunctions/arm_cmplx_conj_q31.c **** #else
 165:.\DSP\Source\ComplexMathFunctions/arm_cmplx_conj_q31.c **** 
 166:.\DSP\Source\ComplexMathFunctions/arm_cmplx_conj_q31.c ****   /* Initialize blkCnt with number of samples */
 167:.\DSP\Source\ComplexMathFunctions/arm_cmplx_conj_q31.c ****   blkCnt = numSamples;
 168:.\DSP\Source\ComplexMathFunctions/arm_cmplx_conj_q31.c **** 
 169:.\DSP\Source\ComplexMathFunctions/arm_cmplx_conj_q31.c **** #endif /* #if defined (ARM_MATH_LOOPUNROLL) */
 170:.\DSP\Source\ComplexMathFunctions/arm_cmplx_conj_q31.c **** 
 171:.\DSP\Source\ComplexMathFunctions/arm_cmplx_conj_q31.c ****   while (blkCnt > 0U)
  38              		.loc 1 171 0
  39 0002 11E0     		b	.L2
  40              	.LVL2:
  41              	.L4:
 172:.\DSP\Source\ComplexMathFunctions/arm_cmplx_conj_q31.c ****   {
 173:.\DSP\Source\ComplexMathFunctions/arm_cmplx_conj_q31.c ****     /* C[0] + jC[1] = A[0]+ j(-1)A[1] */
 174:.\DSP\Source\ComplexMathFunctions/arm_cmplx_conj_q31.c **** 
 175:.\DSP\Source\ComplexMathFunctions/arm_cmplx_conj_q31.c ****     /* Calculate Complex Conjugate and store result in destination buffer. */
 176:.\DSP\Source\ComplexMathFunctions/arm_cmplx_conj_q31.c ****     *pDst++ =  *pSrc++;
  42              		.loc 1 176 0
  43 0004 0446     		mov	r4, r0
  44 0006 54F8083B 		ldr	r3, [r4], #8
  45 000a 0D46     		mov	r5, r1
  46 000c 45F8083B 		str	r3, [r5], #8
  47              	.LVL3:
 177:.\DSP\Source\ComplexMathFunctions/arm_cmplx_conj_q31.c ****     in = *pSrc++;
  48              		.loc 1 177 0
  49 0010 4368     		ldr	r3, [r0, #4]
  50              	.LVL4:
 178:.\DSP\Source\ComplexMathFunctions/arm_cmplx_conj_q31.c **** #if defined (ARM_MATH_DSP)
ARM GAS  C:\Users\IVYLIU~1\AppData\Local\Temp\cc7OrJGM.s 			page 5


 179:.\DSP\Source\ComplexMathFunctions/arm_cmplx_conj_q31.c ****     *pDst++ = __QSUB(0, in);
 180:.\DSP\Source\ComplexMathFunctions/arm_cmplx_conj_q31.c **** #else
 181:.\DSP\Source\ComplexMathFunctions/arm_cmplx_conj_q31.c ****     *pDst++ = (in == INT32_MIN) ? INT32_MAX : -in;
  51              		.loc 1 181 0
  52 0012 B3F1004F 		cmp	r3, #-2147483648
  53 0016 01D0     		beq	.L5
  54              		.loc 1 181 0 is_stmt 0 discriminator 1
  55 0018 5B42     		negs	r3, r3
  56              	.LVL5:
  57 001a 01E0     		b	.L3
  58              	.LVL6:
  59              	.L5:
  60              		.loc 1 181 0
  61 001c 6FF00043 		mvn	r3, #-2147483648
  62              	.LVL7:
  63              	.L3:
  64              		.loc 1 181 0 discriminator 4
  65 0020 4B60     		str	r3, [r1, #4]
  66              	.LVL8:
 182:.\DSP\Source\ComplexMathFunctions/arm_cmplx_conj_q31.c **** #endif
 183:.\DSP\Source\ComplexMathFunctions/arm_cmplx_conj_q31.c **** 
 184:.\DSP\Source\ComplexMathFunctions/arm_cmplx_conj_q31.c ****     /* Decrement loop counter */
 185:.\DSP\Source\ComplexMathFunctions/arm_cmplx_conj_q31.c ****     blkCnt--;
  67              		.loc 1 185 0 is_stmt 1 discriminator 4
  68 0022 013A     		subs	r2, r2, #1
  69              	.LVL9:
 181:.\DSP\Source\ComplexMathFunctions/arm_cmplx_conj_q31.c **** #endif
  70              		.loc 1 181 0 discriminator 4
  71 0024 2946     		mov	r1, r5
 177:.\DSP\Source\ComplexMathFunctions/arm_cmplx_conj_q31.c **** #if defined (ARM_MATH_DSP)
  72              		.loc 1 177 0 discriminator 4
  73 0026 2046     		mov	r0, r4
  74              	.LVL10:
  75              	.L2:
 171:.\DSP\Source\ComplexMathFunctions/arm_cmplx_conj_q31.c ****   {
  76              		.loc 1 171 0
  77 0028 002A     		cmp	r2, #0
  78 002a EBD1     		bne	.L4
 186:.\DSP\Source\ComplexMathFunctions/arm_cmplx_conj_q31.c ****   }
 187:.\DSP\Source\ComplexMathFunctions/arm_cmplx_conj_q31.c **** 
 188:.\DSP\Source\ComplexMathFunctions/arm_cmplx_conj_q31.c **** }
  79              		.loc 1 188 0
  80 002c 30BC     		pop	{r4, r5}
  81              		.cfi_restore 5
  82              		.cfi_restore 4
  83              		.cfi_def_cfa_offset 0
  84 002e 7047     		bx	lr
  85              		.cfi_endproc
  86              	.LFE84:
  87              		.size	arm_cmplx_conj_q31, .-arm_cmplx_conj_q31
  88              		.text
  89              	.Letext0:
  90              		.file 2 "c:\\program files (x86)\\cypress\\psoc creator\\3.3\\psoc creator\\import\\gnu\\arm\\4.9.
  91              		.file 3 "c:\\program files (x86)\\cypress\\psoc creator\\3.3\\psoc creator\\import\\gnu\\arm\\4.9.
  92              		.file 4 ".\\DSP\\Include/arm_math_types.h"
  93              		.file 5 ".\\Core\\Include/cmsis_gcc.h"
  94              		.section	.debug_info,"",%progbits
ARM GAS  C:\Users\IVYLIU~1\AppData\Local\Temp\cc7OrJGM.s 			page 6


  95              	.Ldebug_info0:
  96 0000 D9010000 		.4byte	0x1d9
  97 0004 0400     		.2byte	0x4
  98 0006 00000000 		.4byte	.Ldebug_abbrev0
  99 000a 04       		.byte	0x4
 100 000b 01       		.uleb128 0x1
 101 000c A7010000 		.4byte	.LASF31
 102 0010 01       		.byte	0x1
 103 0011 06010000 		.4byte	.LASF32
 104 0015 42010000 		.4byte	.LASF33
 105 0019 00000000 		.4byte	.Ldebug_ranges0+0
 106 001d 00000000 		.4byte	0
 107 0021 00000000 		.4byte	.Ldebug_line0
 108 0025 02       		.uleb128 0x2
 109 0026 01       		.byte	0x1
 110 0027 06       		.byte	0x6
 111 0028 73020000 		.4byte	.LASF0
 112 002c 02       		.uleb128 0x2
 113 002d 01       		.byte	0x1
 114 002e 08       		.byte	0x8
 115 002f 4C000000 		.4byte	.LASF1
 116 0033 02       		.uleb128 0x2
 117 0034 02       		.byte	0x2
 118 0035 05       		.byte	0x5
 119 0036 9D010000 		.4byte	.LASF2
 120 003a 02       		.uleb128 0x2
 121 003b 02       		.byte	0x2
 122 003c 07       		.byte	0x7
 123 003d 86000000 		.4byte	.LASF3
 124 0041 03       		.uleb128 0x3
 125 0042 22000000 		.4byte	.LASF5
 126 0046 02       		.byte	0x2
 127 0047 3F       		.byte	0x3f
 128 0048 4C000000 		.4byte	0x4c
 129 004c 02       		.uleb128 0x2
 130 004d 04       		.byte	0x4
 131 004e 05       		.byte	0x5
 132 004f 49020000 		.4byte	.LASF4
 133 0053 03       		.uleb128 0x3
 134 0054 A5000000 		.4byte	.LASF6
 135 0058 02       		.byte	0x2
 136 0059 41       		.byte	0x41
 137 005a 5E000000 		.4byte	0x5e
 138 005e 02       		.uleb128 0x2
 139 005f 04       		.byte	0x4
 140 0060 07       		.byte	0x7
 141 0061 74000000 		.4byte	.LASF7
 142 0065 02       		.uleb128 0x2
 143 0066 08       		.byte	0x8
 144 0067 05       		.byte	0x5
 145 0068 F8000000 		.4byte	.LASF8
 146 006c 02       		.uleb128 0x2
 147 006d 08       		.byte	0x8
 148 006e 07       		.byte	0x7
 149 006f BD000000 		.4byte	.LASF9
 150 0073 04       		.uleb128 0x4
 151 0074 04       		.byte	0x4
ARM GAS  C:\Users\IVYLIU~1\AppData\Local\Temp\cc7OrJGM.s 			page 7


 152 0075 05       		.byte	0x5
 153 0076 696E7400 		.ascii	"int\000"
 154 007a 02       		.uleb128 0x2
 155 007b 04       		.byte	0x4
 156 007c 07       		.byte	0x7
 157 007d B0000000 		.4byte	.LASF10
 158 0081 03       		.uleb128 0x3
 159 0082 E7000000 		.4byte	.LASF11
 160 0086 03       		.byte	0x3
 161 0087 2C       		.byte	0x2c
 162 0088 41000000 		.4byte	0x41
 163 008c 03       		.uleb128 0x3
 164 008d 40020000 		.4byte	.LASF12
 165 0091 03       		.byte	0x3
 166 0092 2D       		.byte	0x2d
 167 0093 53000000 		.4byte	0x53
 168 0097 02       		.uleb128 0x2
 169 0098 04       		.byte	0x4
 170 0099 07       		.byte	0x7
 171 009a EF000000 		.4byte	.LASF13
 172 009e 02       		.uleb128 0x2
 173 009f 01       		.byte	0x1
 174 00a0 08       		.byte	0x8
 175 00a1 3D010000 		.4byte	.LASF14
 176 00a5 02       		.uleb128 0x2
 177 00a6 08       		.byte	0x8
 178 00a7 04       		.byte	0x4
 179 00a8 9E000000 		.4byte	.LASF15
 180 00ac 02       		.uleb128 0x2
 181 00ad 04       		.byte	0x4
 182 00ae 04       		.byte	0x4
 183 00af 3B000000 		.4byte	.LASF16
 184 00b3 02       		.uleb128 0x2
 185 00b4 08       		.byte	0x8
 186 00b5 04       		.byte	0x4
 187 00b6 52020000 		.4byte	.LASF17
 188 00ba 05       		.uleb128 0x5
 189 00bb 46000000 		.4byte	.LASF18
 190 00bf 04       		.byte	0x4
 191 00c0 2401     		.2byte	0x124
 192 00c2 81000000 		.4byte	0x81
 193 00c6 06       		.uleb128 0x6
 194 00c7 D4000000 		.4byte	.LASF34
 195 00cb 01       		.byte	0x1
 196 00cc 6B       		.byte	0x6b
 197 00cd 00000000 		.4byte	.LFB84
 198 00d1 30000000 		.4byte	.LFE84-.LFB84
 199 00d5 01       		.uleb128 0x1
 200 00d6 9C       		.byte	0x9c
 201 00d7 24010000 		.4byte	0x124
 202 00db 07       		.uleb128 0x7
 203 00dc 7F020000 		.4byte	.LASF19
 204 00e0 01       		.byte	0x1
 205 00e1 6C       		.byte	0x6c
 206 00e2 24010000 		.4byte	0x124
 207 00e6 00000000 		.4byte	.LLST0
 208 00ea 07       		.uleb128 0x7
ARM GAS  C:\Users\IVYLIU~1\AppData\Local\Temp\cc7OrJGM.s 			page 8


 209 00eb 99000000 		.4byte	.LASF20
 210 00ef 01       		.byte	0x1
 211 00f0 6D       		.byte	0x6d
 212 00f1 2F010000 		.4byte	0x12f
 213 00f5 36000000 		.4byte	.LLST1
 214 00f9 07       		.uleb128 0x7
 215 00fa 84020000 		.4byte	.LASF21
 216 00fe 01       		.byte	0x1
 217 00ff 6E       		.byte	0x6e
 218 0100 8C000000 		.4byte	0x8c
 219 0104 6C000000 		.4byte	.LLST2
 220 0108 08       		.uleb128 0x8
 221 0109 5A000000 		.4byte	.LASF22
 222 010d 01       		.byte	0x1
 223 010e 70       		.byte	0x70
 224 010f 8C000000 		.4byte	0x8c
 225 0113 01       		.uleb128 0x1
 226 0114 52       		.byte	0x52
 227 0115 09       		.uleb128 0x9
 228 0116 696E00   		.ascii	"in\000"
 229 0119 01       		.byte	0x1
 230 011a 71       		.byte	0x71
 231 011b BA000000 		.4byte	0xba
 232 011f 8D000000 		.4byte	.LLST3
 233 0123 00       		.byte	0
 234 0124 0A       		.uleb128 0xa
 235 0125 04       		.byte	0x4
 236 0126 2A010000 		.4byte	0x12a
 237 012a 0B       		.uleb128 0xb
 238 012b BA000000 		.4byte	0xba
 239 012f 0A       		.uleb128 0xa
 240 0130 04       		.byte	0x4
 241 0131 BA000000 		.4byte	0xba
 242 0135 03       		.uleb128 0x3
 243 0136 13000000 		.4byte	.LASF23
 244 013a 05       		.byte	0x5
 245 013b 8B       		.byte	0x8b
 246 013c B3010000 		.4byte	0x1b3
 247 0140 0A       		.uleb128 0xa
 248 0141 04       		.byte	0x4
 249 0142 46010000 		.4byte	0x146
 250 0146 0B       		.uleb128 0xb
 251 0147 8C000000 		.4byte	0x8c
 252 014b 0A       		.uleb128 0xa
 253 014c 04       		.byte	0x4
 254 014d 8C000000 		.4byte	0x8c
 255 0151 0C       		.uleb128 0xc
 256 0152 8F020000 		.4byte	.LASF24
 257 0156 05       		.byte	0x5
 258 0157 92       		.byte	0x92
 259 0158 5C010000 		.4byte	0x15c
 260 015c 0B       		.uleb128 0xb
 261 015d 35010000 		.4byte	0x135
 262 0161 0C       		.uleb128 0xc
 263 0162 61000000 		.4byte	.LASF25
 264 0166 05       		.byte	0x5
 265 0167 93       		.byte	0x93
ARM GAS  C:\Users\IVYLIU~1\AppData\Local\Temp\cc7OrJGM.s 			page 9


 266 0168 5C010000 		.4byte	0x15c
 267 016c 03       		.uleb128 0x3
 268 016d 2C000000 		.4byte	.LASF26
 269 0171 05       		.byte	0x5
 270 0172 90       		.byte	0x90
 271 0173 92010000 		.4byte	0x192
 272 0177 0C       		.uleb128 0xc
 273 0178 5E020000 		.4byte	.LASF27
 274 017c 05       		.byte	0x5
 275 017d 94       		.byte	0x94
 276 017e 82010000 		.4byte	0x182
 277 0182 0B       		.uleb128 0xb
 278 0183 6C010000 		.4byte	0x16c
 279 0187 0C       		.uleb128 0xc
 280 0188 00000000 		.4byte	.LASF28
 281 018c 05       		.byte	0x5
 282 018d 95       		.byte	0x95
 283 018e 82010000 		.4byte	0x182
 284 0192 0D       		.uleb128 0xd
 285 0193 08       		.byte	0x8
 286 0194 05       		.byte	0x5
 287 0195 8D       		.byte	0x8d
 288 0196 B3010000 		.4byte	0x1b3
 289 019a 0E       		.uleb128 0xe
 290 019b 41000000 		.4byte	.LASF29
 291 019f 05       		.byte	0x5
 292 01a0 8E       		.byte	0x8e
 293 01a1 4B010000 		.4byte	0x14b
 294 01a5 00       		.byte	0
 295 01a6 0E       		.uleb128 0xe
 296 01a7 98010000 		.4byte	.LASF30
 297 01ab 05       		.byte	0x5
 298 01ac 8F       		.byte	0x8f
 299 01ad 8C000000 		.4byte	0x8c
 300 01b1 04       		.byte	0x4
 301 01b2 00       		.byte	0
 302 01b3 0F       		.uleb128 0xf
 303 01b4 0C       		.byte	0xc
 304 01b5 05       		.byte	0x5
 305 01b6 87       		.byte	0x87
 306 01b7 10       		.uleb128 0x10
 307 01b8 73726300 		.ascii	"src\000"
 308 01bc 05       		.byte	0x5
 309 01bd 88       		.byte	0x88
 310 01be 40010000 		.4byte	0x140
 311 01c2 00       		.byte	0
 312 01c3 0E       		.uleb128 0xe
 313 01c4 41000000 		.4byte	.LASF29
 314 01c8 05       		.byte	0x5
 315 01c9 89       		.byte	0x89
 316 01ca 4B010000 		.4byte	0x14b
 317 01ce 04       		.byte	0x4
 318 01cf 0E       		.uleb128 0xe
 319 01d0 98010000 		.4byte	.LASF30
 320 01d4 05       		.byte	0x5
 321 01d5 8A       		.byte	0x8a
 322 01d6 8C000000 		.4byte	0x8c
ARM GAS  C:\Users\IVYLIU~1\AppData\Local\Temp\cc7OrJGM.s 			page 10


 323 01da 08       		.byte	0x8
 324 01db 00       		.byte	0
 325 01dc 00       		.byte	0
 326              		.section	.debug_abbrev,"",%progbits
 327              	.Ldebug_abbrev0:
 328 0000 01       		.uleb128 0x1
 329 0001 11       		.uleb128 0x11
 330 0002 01       		.byte	0x1
 331 0003 25       		.uleb128 0x25
 332 0004 0E       		.uleb128 0xe
 333 0005 13       		.uleb128 0x13
 334 0006 0B       		.uleb128 0xb
 335 0007 03       		.uleb128 0x3
 336 0008 0E       		.uleb128 0xe
 337 0009 1B       		.uleb128 0x1b
 338 000a 0E       		.uleb128 0xe
 339 000b 55       		.uleb128 0x55
 340 000c 17       		.uleb128 0x17
 341 000d 11       		.uleb128 0x11
 342 000e 01       		.uleb128 0x1
 343 000f 10       		.uleb128 0x10
 344 0010 17       		.uleb128 0x17
 345 0011 00       		.byte	0
 346 0012 00       		.byte	0
 347 0013 02       		.uleb128 0x2
 348 0014 24       		.uleb128 0x24
 349 0015 00       		.byte	0
 350 0016 0B       		.uleb128 0xb
 351 0017 0B       		.uleb128 0xb
 352 0018 3E       		.uleb128 0x3e
 353 0019 0B       		.uleb128 0xb
 354 001a 03       		.uleb128 0x3
 355 001b 0E       		.uleb128 0xe
 356 001c 00       		.byte	0
 357 001d 00       		.byte	0
 358 001e 03       		.uleb128 0x3
 359 001f 16       		.uleb128 0x16
 360 0020 00       		.byte	0
 361 0021 03       		.uleb128 0x3
 362 0022 0E       		.uleb128 0xe
 363 0023 3A       		.uleb128 0x3a
 364 0024 0B       		.uleb128 0xb
 365 0025 3B       		.uleb128 0x3b
 366 0026 0B       		.uleb128 0xb
 367 0027 49       		.uleb128 0x49
 368 0028 13       		.uleb128 0x13
 369 0029 00       		.byte	0
 370 002a 00       		.byte	0
 371 002b 04       		.uleb128 0x4
 372 002c 24       		.uleb128 0x24
 373 002d 00       		.byte	0
 374 002e 0B       		.uleb128 0xb
 375 002f 0B       		.uleb128 0xb
 376 0030 3E       		.uleb128 0x3e
 377 0031 0B       		.uleb128 0xb
 378 0032 03       		.uleb128 0x3
 379 0033 08       		.uleb128 0x8
ARM GAS  C:\Users\IVYLIU~1\AppData\Local\Temp\cc7OrJGM.s 			page 11


 380 0034 00       		.byte	0
 381 0035 00       		.byte	0
 382 0036 05       		.uleb128 0x5
 383 0037 16       		.uleb128 0x16
 384 0038 00       		.byte	0
 385 0039 03       		.uleb128 0x3
 386 003a 0E       		.uleb128 0xe
 387 003b 3A       		.uleb128 0x3a
 388 003c 0B       		.uleb128 0xb
 389 003d 3B       		.uleb128 0x3b
 390 003e 05       		.uleb128 0x5
 391 003f 49       		.uleb128 0x49
 392 0040 13       		.uleb128 0x13
 393 0041 00       		.byte	0
 394 0042 00       		.byte	0
 395 0043 06       		.uleb128 0x6
 396 0044 2E       		.uleb128 0x2e
 397 0045 01       		.byte	0x1
 398 0046 3F       		.uleb128 0x3f
 399 0047 19       		.uleb128 0x19
 400 0048 03       		.uleb128 0x3
 401 0049 0E       		.uleb128 0xe
 402 004a 3A       		.uleb128 0x3a
 403 004b 0B       		.uleb128 0xb
 404 004c 3B       		.uleb128 0x3b
 405 004d 0B       		.uleb128 0xb
 406 004e 27       		.uleb128 0x27
 407 004f 19       		.uleb128 0x19
 408 0050 11       		.uleb128 0x11
 409 0051 01       		.uleb128 0x1
 410 0052 12       		.uleb128 0x12
 411 0053 06       		.uleb128 0x6
 412 0054 40       		.uleb128 0x40
 413 0055 18       		.uleb128 0x18
 414 0056 9742     		.uleb128 0x2117
 415 0058 19       		.uleb128 0x19
 416 0059 01       		.uleb128 0x1
 417 005a 13       		.uleb128 0x13
 418 005b 00       		.byte	0
 419 005c 00       		.byte	0
 420 005d 07       		.uleb128 0x7
 421 005e 05       		.uleb128 0x5
 422 005f 00       		.byte	0
 423 0060 03       		.uleb128 0x3
 424 0061 0E       		.uleb128 0xe
 425 0062 3A       		.uleb128 0x3a
 426 0063 0B       		.uleb128 0xb
 427 0064 3B       		.uleb128 0x3b
 428 0065 0B       		.uleb128 0xb
 429 0066 49       		.uleb128 0x49
 430 0067 13       		.uleb128 0x13
 431 0068 02       		.uleb128 0x2
 432 0069 17       		.uleb128 0x17
 433 006a 00       		.byte	0
 434 006b 00       		.byte	0
 435 006c 08       		.uleb128 0x8
 436 006d 34       		.uleb128 0x34
ARM GAS  C:\Users\IVYLIU~1\AppData\Local\Temp\cc7OrJGM.s 			page 12


 437 006e 00       		.byte	0
 438 006f 03       		.uleb128 0x3
 439 0070 0E       		.uleb128 0xe
 440 0071 3A       		.uleb128 0x3a
 441 0072 0B       		.uleb128 0xb
 442 0073 3B       		.uleb128 0x3b
 443 0074 0B       		.uleb128 0xb
 444 0075 49       		.uleb128 0x49
 445 0076 13       		.uleb128 0x13
 446 0077 02       		.uleb128 0x2
 447 0078 18       		.uleb128 0x18
 448 0079 00       		.byte	0
 449 007a 00       		.byte	0
 450 007b 09       		.uleb128 0x9
 451 007c 34       		.uleb128 0x34
 452 007d 00       		.byte	0
 453 007e 03       		.uleb128 0x3
 454 007f 08       		.uleb128 0x8
 455 0080 3A       		.uleb128 0x3a
 456 0081 0B       		.uleb128 0xb
 457 0082 3B       		.uleb128 0x3b
 458 0083 0B       		.uleb128 0xb
 459 0084 49       		.uleb128 0x49
 460 0085 13       		.uleb128 0x13
 461 0086 02       		.uleb128 0x2
 462 0087 17       		.uleb128 0x17
 463 0088 00       		.byte	0
 464 0089 00       		.byte	0
 465 008a 0A       		.uleb128 0xa
 466 008b 0F       		.uleb128 0xf
 467 008c 00       		.byte	0
 468 008d 0B       		.uleb128 0xb
 469 008e 0B       		.uleb128 0xb
 470 008f 49       		.uleb128 0x49
 471 0090 13       		.uleb128 0x13
 472 0091 00       		.byte	0
 473 0092 00       		.byte	0
 474 0093 0B       		.uleb128 0xb
 475 0094 26       		.uleb128 0x26
 476 0095 00       		.byte	0
 477 0096 49       		.uleb128 0x49
 478 0097 13       		.uleb128 0x13
 479 0098 00       		.byte	0
 480 0099 00       		.byte	0
 481 009a 0C       		.uleb128 0xc
 482 009b 34       		.uleb128 0x34
 483 009c 00       		.byte	0
 484 009d 03       		.uleb128 0x3
 485 009e 0E       		.uleb128 0xe
 486 009f 3A       		.uleb128 0x3a
 487 00a0 0B       		.uleb128 0xb
 488 00a1 3B       		.uleb128 0x3b
 489 00a2 0B       		.uleb128 0xb
 490 00a3 49       		.uleb128 0x49
 491 00a4 13       		.uleb128 0x13
 492 00a5 3F       		.uleb128 0x3f
 493 00a6 19       		.uleb128 0x19
ARM GAS  C:\Users\IVYLIU~1\AppData\Local\Temp\cc7OrJGM.s 			page 13


 494 00a7 3C       		.uleb128 0x3c
 495 00a8 19       		.uleb128 0x19
 496 00a9 00       		.byte	0
 497 00aa 00       		.byte	0
 498 00ab 0D       		.uleb128 0xd
 499 00ac 13       		.uleb128 0x13
 500 00ad 01       		.byte	0x1
 501 00ae 0B       		.uleb128 0xb
 502 00af 0B       		.uleb128 0xb
 503 00b0 3A       		.uleb128 0x3a
 504 00b1 0B       		.uleb128 0xb
 505 00b2 3B       		.uleb128 0x3b
 506 00b3 0B       		.uleb128 0xb
 507 00b4 01       		.uleb128 0x1
 508 00b5 13       		.uleb128 0x13
 509 00b6 00       		.byte	0
 510 00b7 00       		.byte	0
 511 00b8 0E       		.uleb128 0xe
 512 00b9 0D       		.uleb128 0xd
 513 00ba 00       		.byte	0
 514 00bb 03       		.uleb128 0x3
 515 00bc 0E       		.uleb128 0xe
 516 00bd 3A       		.uleb128 0x3a
 517 00be 0B       		.uleb128 0xb
 518 00bf 3B       		.uleb128 0x3b
 519 00c0 0B       		.uleb128 0xb
 520 00c1 49       		.uleb128 0x49
 521 00c2 13       		.uleb128 0x13
 522 00c3 38       		.uleb128 0x38
 523 00c4 0B       		.uleb128 0xb
 524 00c5 00       		.byte	0
 525 00c6 00       		.byte	0
 526 00c7 0F       		.uleb128 0xf
 527 00c8 13       		.uleb128 0x13
 528 00c9 01       		.byte	0x1
 529 00ca 0B       		.uleb128 0xb
 530 00cb 0B       		.uleb128 0xb
 531 00cc 3A       		.uleb128 0x3a
 532 00cd 0B       		.uleb128 0xb
 533 00ce 3B       		.uleb128 0x3b
 534 00cf 0B       		.uleb128 0xb
 535 00d0 00       		.byte	0
 536 00d1 00       		.byte	0
 537 00d2 10       		.uleb128 0x10
 538 00d3 0D       		.uleb128 0xd
 539 00d4 00       		.byte	0
 540 00d5 03       		.uleb128 0x3
 541 00d6 08       		.uleb128 0x8
 542 00d7 3A       		.uleb128 0x3a
 543 00d8 0B       		.uleb128 0xb
 544 00d9 3B       		.uleb128 0x3b
 545 00da 0B       		.uleb128 0xb
 546 00db 49       		.uleb128 0x49
 547 00dc 13       		.uleb128 0x13
 548 00dd 38       		.uleb128 0x38
 549 00de 0B       		.uleb128 0xb
 550 00df 00       		.byte	0
ARM GAS  C:\Users\IVYLIU~1\AppData\Local\Temp\cc7OrJGM.s 			page 14


 551 00e0 00       		.byte	0
 552 00e1 00       		.byte	0
 553              		.section	.debug_loc,"",%progbits
 554              	.Ldebug_loc0:
 555              	.LLST0:
 556 0000 00000000 		.4byte	.LVL0
 557 0004 04000000 		.4byte	.LVL2
 558 0008 0100     		.2byte	0x1
 559 000a 50       		.byte	0x50
 560 000b 04000000 		.4byte	.LVL2
 561 000f 10000000 		.4byte	.LVL3
 562 0013 0300     		.2byte	0x3
 563 0015 70       		.byte	0x70
 564 0016 04       		.sleb128 4
 565 0017 9F       		.byte	0x9f
 566 0018 10000000 		.4byte	.LVL3
 567 001c 28000000 		.4byte	.LVL10
 568 0020 0100     		.2byte	0x1
 569 0022 54       		.byte	0x54
 570 0023 28000000 		.4byte	.LVL10
 571 0027 30000000 		.4byte	.LFE84
 572 002b 0100     		.2byte	0x1
 573 002d 50       		.byte	0x50
 574 002e 00000000 		.4byte	0
 575 0032 00000000 		.4byte	0
 576              	.LLST1:
 577 0036 00000000 		.4byte	.LVL0
 578 003a 04000000 		.4byte	.LVL2
 579 003e 0100     		.2byte	0x1
 580 0040 51       		.byte	0x51
 581 0041 04000000 		.4byte	.LVL2
 582 0045 12000000 		.4byte	.LVL4
 583 0049 0300     		.2byte	0x3
 584 004b 71       		.byte	0x71
 585 004c 04       		.sleb128 4
 586 004d 9F       		.byte	0x9f
 587 004e 12000000 		.4byte	.LVL4
 588 0052 28000000 		.4byte	.LVL10
 589 0056 0100     		.2byte	0x1
 590 0058 55       		.byte	0x55
 591 0059 28000000 		.4byte	.LVL10
 592 005d 30000000 		.4byte	.LFE84
 593 0061 0100     		.2byte	0x1
 594 0063 51       		.byte	0x51
 595 0064 00000000 		.4byte	0
 596 0068 00000000 		.4byte	0
 597              	.LLST2:
 598 006c 00000000 		.4byte	.LVL0
 599 0070 04000000 		.4byte	.LVL2
 600 0074 0100     		.2byte	0x1
 601 0076 52       		.byte	0x52
 602 0077 04000000 		.4byte	.LVL2
 603 007b 30000000 		.4byte	.LFE84
 604 007f 0400     		.2byte	0x4
 605 0081 F3       		.byte	0xf3
 606 0082 01       		.uleb128 0x1
 607 0083 52       		.byte	0x52
ARM GAS  C:\Users\IVYLIU~1\AppData\Local\Temp\cc7OrJGM.s 			page 15


 608 0084 9F       		.byte	0x9f
 609 0085 00000000 		.4byte	0
 610 0089 00000000 		.4byte	0
 611              	.LLST3:
 612 008d 12000000 		.4byte	.LVL4
 613 0091 1A000000 		.4byte	.LVL5
 614 0095 0100     		.2byte	0x1
 615 0097 53       		.byte	0x53
 616 0098 1A000000 		.4byte	.LVL5
 617 009c 1C000000 		.4byte	.LVL6
 618 00a0 0200     		.2byte	0x2
 619 00a2 70       		.byte	0x70
 620 00a3 04       		.sleb128 4
 621 00a4 1C000000 		.4byte	.LVL6
 622 00a8 20000000 		.4byte	.LVL7
 623 00ac 0100     		.2byte	0x1
 624 00ae 53       		.byte	0x53
 625 00af 20000000 		.4byte	.LVL7
 626 00b3 22000000 		.4byte	.LVL8
 627 00b7 0200     		.2byte	0x2
 628 00b9 70       		.byte	0x70
 629 00ba 04       		.sleb128 4
 630 00bb 00000000 		.4byte	0
 631 00bf 00000000 		.4byte	0
 632              		.section	.debug_aranges,"",%progbits
 633 0000 1C000000 		.4byte	0x1c
 634 0004 0200     		.2byte	0x2
 635 0006 00000000 		.4byte	.Ldebug_info0
 636 000a 04       		.byte	0x4
 637 000b 00       		.byte	0
 638 000c 0000     		.2byte	0
 639 000e 0000     		.2byte	0
 640 0010 00000000 		.4byte	.LFB84
 641 0014 30000000 		.4byte	.LFE84-.LFB84
 642 0018 00000000 		.4byte	0
 643 001c 00000000 		.4byte	0
 644              		.section	.debug_ranges,"",%progbits
 645              	.Ldebug_ranges0:
 646 0000 00000000 		.4byte	.LFB84
 647 0004 30000000 		.4byte	.LFE84
 648 0008 00000000 		.4byte	0
 649 000c 00000000 		.4byte	0
 650              		.section	.debug_line,"",%progbits
 651              	.Ldebug_line0:
 652 0000 C3010000 		.section	.debug_str,"MS",%progbits,1
 652      02008501 
 652      00000201 
 652      FB0E0D00 
 652      01010101 
 653              	.LASF28:
 654 0000 5F5F7A65 		.ascii	"__zero_table_end__\000"
 654      726F5F74 
 654      61626C65 
 654      5F656E64 
 654      5F5F00
 655              	.LASF23:
 656 0013 5F5F636F 		.ascii	"__copy_table_t\000"
ARM GAS  C:\Users\IVYLIU~1\AppData\Local\Temp\cc7OrJGM.s 			page 16


 656      70795F74 
 656      61626C65 
 656      5F7400
 657              	.LASF5:
 658 0022 5F5F696E 		.ascii	"__int32_t\000"
 658      7433325F 
 658      7400
 659              	.LASF26:
 660 002c 5F5F7A65 		.ascii	"__zero_table_t\000"
 660      726F5F74 
 660      61626C65 
 660      5F7400
 661              	.LASF16:
 662 003b 666C6F61 		.ascii	"float\000"
 662      7400
 663              	.LASF29:
 664 0041 64657374 		.ascii	"dest\000"
 664      00
 665              	.LASF18:
 666 0046 7133315F 		.ascii	"q31_t\000"
 666      7400
 667              	.LASF1:
 668 004c 756E7369 		.ascii	"unsigned char\000"
 668      676E6564 
 668      20636861 
 668      7200
 669              	.LASF22:
 670 005a 626C6B43 		.ascii	"blkCnt\000"
 670      6E7400
 671              	.LASF25:
 672 0061 5F5F636F 		.ascii	"__copy_table_end__\000"
 672      70795F74 
 672      61626C65 
 672      5F656E64 
 672      5F5F00
 673              	.LASF7:
 674 0074 6C6F6E67 		.ascii	"long unsigned int\000"
 674      20756E73 
 674      69676E65 
 674      6420696E 
 674      7400
 675              	.LASF3:
 676 0086 73686F72 		.ascii	"short unsigned int\000"
 676      7420756E 
 676      7369676E 
 676      65642069 
 676      6E7400
 677              	.LASF20:
 678 0099 70447374 		.ascii	"pDst\000"
 678      00
 679              	.LASF15:
 680 009e 646F7562 		.ascii	"double\000"
 680      6C6500
 681              	.LASF6:
 682 00a5 5F5F7569 		.ascii	"__uint32_t\000"
 682      6E743332 
 682      5F7400
ARM GAS  C:\Users\IVYLIU~1\AppData\Local\Temp\cc7OrJGM.s 			page 17


 683              	.LASF10:
 684 00b0 756E7369 		.ascii	"unsigned int\000"
 684      676E6564 
 684      20696E74 
 684      00
 685              	.LASF9:
 686 00bd 6C6F6E67 		.ascii	"long long unsigned int\000"
 686      206C6F6E 
 686      6720756E 
 686      7369676E 
 686      65642069 
 687              	.LASF34:
 688 00d4 61726D5F 		.ascii	"arm_cmplx_conj_q31\000"
 688      636D706C 
 688      785F636F 
 688      6E6A5F71 
 688      333100
 689              	.LASF11:
 690 00e7 696E7433 		.ascii	"int32_t\000"
 690      325F7400 
 691              	.LASF13:
 692 00ef 73697A65 		.ascii	"sizetype\000"
 692      74797065 
 692      00
 693              	.LASF8:
 694 00f8 6C6F6E67 		.ascii	"long long int\000"
 694      206C6F6E 
 694      6720696E 
 694      7400
 695              	.LASF32:
 696 0106 2E5C4453 		.ascii	".\\DSP\\Source\\ComplexMathFunctions\\arm_cmplx_con"
 696      505C536F 
 696      75726365 
 696      5C436F6D 
 696      706C6578 
 697 0135 6A5F7133 		.ascii	"j_q31.c\000"
 697      312E6300 
 698              	.LASF14:
 699 013d 63686172 		.ascii	"char\000"
 699      00
 700              	.LASF33:
 701 0142 5C5C766D 		.ascii	"\\\\vmware-host\\Shared Folders\\Documents\\PSoC Cr"
 701      77617265 
 701      2D686F73 
 701      745C5368 
 701      61726564 
 702 0170 6561746F 		.ascii	"eator\\FinalProject\\SoundDetection.cydsn\000"
 702      725C4669 
 702      6E616C50 
 702      726F6A65 
 702      63745C53 
 703              	.LASF30:
 704 0198 776C656E 		.ascii	"wlen\000"
 704      00
 705              	.LASF2:
 706 019d 73686F72 		.ascii	"short int\000"
 706      7420696E 
ARM GAS  C:\Users\IVYLIU~1\AppData\Local\Temp\cc7OrJGM.s 			page 18


 706      7400
 707              	.LASF31:
 708 01a7 474E5520 		.ascii	"GNU C 4.9.3 20150303 (release) [ARM/embedded-4_9-br"
 708      4320342E 
 708      392E3320 
 708      32303135 
 708      30333033 
 709 01da 616E6368 		.ascii	"anch revision 221220] -mcpu=cortex-m3 -mthumb -g -O"
 709      20726576 
 709      6973696F 
 709      6E203232 
 709      31323230 
 710 020d 67202D73 		.ascii	"g -std=gnu99 -ffunction-sections -ffat-lto-objects\000"
 710      74643D67 
 710      6E753939 
 710      202D6666 
 710      756E6374 
 711              	.LASF12:
 712 0240 75696E74 		.ascii	"uint32_t\000"
 712      33325F74 
 712      00
 713              	.LASF4:
 714 0249 6C6F6E67 		.ascii	"long int\000"
 714      20696E74 
 714      00
 715              	.LASF17:
 716 0252 6C6F6E67 		.ascii	"long double\000"
 716      20646F75 
 716      626C6500 
 717              	.LASF27:
 718 025e 5F5F7A65 		.ascii	"__zero_table_start__\000"
 718      726F5F74 
 718      61626C65 
 718      5F737461 
 718      72745F5F 
 719              	.LASF0:
 720 0273 7369676E 		.ascii	"signed char\000"
 720      65642063 
 720      68617200 
 721              	.LASF19:
 722 027f 70537263 		.ascii	"pSrc\000"
 722      00
 723              	.LASF21:
 724 0284 6E756D53 		.ascii	"numSamples\000"
 724      616D706C 
 724      657300
 725              	.LASF24:
 726 028f 5F5F636F 		.ascii	"__copy_table_start__\000"
 726      70795F74 
 726      61626C65 
 726      5F737461 
 726      72745F5F 
 727              		.ident	"GCC: (GNU Tools for ARM Embedded Processors) 4.9.3 20150303 (release) [ARM/embedded-4_9-br
