ARM GAS  C:\Users\IVYLIU~1\AppData\Local\Temp\ccOJVsdK.s 			page 1


   1              		.syntax unified
   2              		.cpu cortex-m3
   3              		.fpu softvfp
   4              		.eabi_attribute 20, 1
   5              		.eabi_attribute 21, 1
   6              		.eabi_attribute 23, 3
   7              		.eabi_attribute 24, 1
   8              		.eabi_attribute 25, 1
   9              		.eabi_attribute 26, 1
  10              		.eabi_attribute 30, 1
  11              		.eabi_attribute 34, 1
  12              		.eabi_attribute 18, 4
  13              		.thumb
  14              		.file	"arm_cmplx_conj_f32.c"
  15              		.text
  16              	.Ltext0:
  17              		.cfi_sections	.debug_frame
  18              		.section	.text.arm_cmplx_conj_f32,"ax",%progbits
  19              		.align	2
  20              		.global	arm_cmplx_conj_f32
  21              		.thumb
  22              		.thumb_func
  23              		.type	arm_cmplx_conj_f32, %function
  24              	arm_cmplx_conj_f32:
  25              	.LFB84:
  26              		.file 1 ".\\DSP\\Source\\ComplexMathFunctions\\arm_cmplx_conj_f32.c"
   1:.\DSP\Source\ComplexMathFunctions/arm_cmplx_conj_f32.c **** /* ----------------------------------------------------------------------
   2:.\DSP\Source\ComplexMathFunctions/arm_cmplx_conj_f32.c ****  * Project:      CMSIS DSP Library
   3:.\DSP\Source\ComplexMathFunctions/arm_cmplx_conj_f32.c ****  * Title:        arm_cmplx_conj_f32.c
   4:.\DSP\Source\ComplexMathFunctions/arm_cmplx_conj_f32.c ****  * Description:  Floating-point complex conjugate
   5:.\DSP\Source\ComplexMathFunctions/arm_cmplx_conj_f32.c ****  *
   6:.\DSP\Source\ComplexMathFunctions/arm_cmplx_conj_f32.c ****  * $Date:        23 April 2021
   7:.\DSP\Source\ComplexMathFunctions/arm_cmplx_conj_f32.c ****  * $Revision:    V1.9.0
   8:.\DSP\Source\ComplexMathFunctions/arm_cmplx_conj_f32.c ****  *
   9:.\DSP\Source\ComplexMathFunctions/arm_cmplx_conj_f32.c ****  * Target Processor: Cortex-M and Cortex-A cores
  10:.\DSP\Source\ComplexMathFunctions/arm_cmplx_conj_f32.c ****  * -------------------------------------------------------------------- */
  11:.\DSP\Source\ComplexMathFunctions/arm_cmplx_conj_f32.c **** /*
  12:.\DSP\Source\ComplexMathFunctions/arm_cmplx_conj_f32.c ****  * Copyright (C) 2010-2021 ARM Limited or its affiliates. All rights reserved.
  13:.\DSP\Source\ComplexMathFunctions/arm_cmplx_conj_f32.c ****  *
  14:.\DSP\Source\ComplexMathFunctions/arm_cmplx_conj_f32.c ****  * SPDX-License-Identifier: Apache-2.0
  15:.\DSP\Source\ComplexMathFunctions/arm_cmplx_conj_f32.c ****  *
  16:.\DSP\Source\ComplexMathFunctions/arm_cmplx_conj_f32.c ****  * Licensed under the Apache License, Version 2.0 (the License); you may
  17:.\DSP\Source\ComplexMathFunctions/arm_cmplx_conj_f32.c ****  * not use this file except in compliance with the License.
  18:.\DSP\Source\ComplexMathFunctions/arm_cmplx_conj_f32.c ****  * You may obtain a copy of the License at
  19:.\DSP\Source\ComplexMathFunctions/arm_cmplx_conj_f32.c ****  *
  20:.\DSP\Source\ComplexMathFunctions/arm_cmplx_conj_f32.c ****  * www.apache.org/licenses/LICENSE-2.0
  21:.\DSP\Source\ComplexMathFunctions/arm_cmplx_conj_f32.c ****  *
  22:.\DSP\Source\ComplexMathFunctions/arm_cmplx_conj_f32.c ****  * Unless required by applicable law or agreed to in writing, software
  23:.\DSP\Source\ComplexMathFunctions/arm_cmplx_conj_f32.c ****  * distributed under the License is distributed on an AS IS BASIS, WITHOUT
  24:.\DSP\Source\ComplexMathFunctions/arm_cmplx_conj_f32.c ****  * WARRANTIES OR CONDITIONS OF ANY KIND, either express or implied.
  25:.\DSP\Source\ComplexMathFunctions/arm_cmplx_conj_f32.c ****  * See the License for the specific language governing permissions and
  26:.\DSP\Source\ComplexMathFunctions/arm_cmplx_conj_f32.c ****  * limitations under the License.
  27:.\DSP\Source\ComplexMathFunctions/arm_cmplx_conj_f32.c ****  */
  28:.\DSP\Source\ComplexMathFunctions/arm_cmplx_conj_f32.c **** 
  29:.\DSP\Source\ComplexMathFunctions/arm_cmplx_conj_f32.c **** #include "dsp/complex_math_functions.h"
  30:.\DSP\Source\ComplexMathFunctions/arm_cmplx_conj_f32.c **** 
  31:.\DSP\Source\ComplexMathFunctions/arm_cmplx_conj_f32.c **** /**
ARM GAS  C:\Users\IVYLIU~1\AppData\Local\Temp\ccOJVsdK.s 			page 2


  32:.\DSP\Source\ComplexMathFunctions/arm_cmplx_conj_f32.c ****   @ingroup groupCmplxMath
  33:.\DSP\Source\ComplexMathFunctions/arm_cmplx_conj_f32.c ****  */
  34:.\DSP\Source\ComplexMathFunctions/arm_cmplx_conj_f32.c **** 
  35:.\DSP\Source\ComplexMathFunctions/arm_cmplx_conj_f32.c **** /**
  36:.\DSP\Source\ComplexMathFunctions/arm_cmplx_conj_f32.c ****   @defgroup cmplx_conj Complex Conjugate
  37:.\DSP\Source\ComplexMathFunctions/arm_cmplx_conj_f32.c **** 
  38:.\DSP\Source\ComplexMathFunctions/arm_cmplx_conj_f32.c ****   Conjugates the elements of a complex data vector.
  39:.\DSP\Source\ComplexMathFunctions/arm_cmplx_conj_f32.c **** 
  40:.\DSP\Source\ComplexMathFunctions/arm_cmplx_conj_f32.c ****   The <code>pSrc</code> points to the source data and
  41:.\DSP\Source\ComplexMathFunctions/arm_cmplx_conj_f32.c ****   <code>pDst</code> points to the destination data where the result should be written.
  42:.\DSP\Source\ComplexMathFunctions/arm_cmplx_conj_f32.c ****   <code>numSamples</code> specifies the number of complex samples
  43:.\DSP\Source\ComplexMathFunctions/arm_cmplx_conj_f32.c ****   and the data in each array is stored in an interleaved fashion
  44:.\DSP\Source\ComplexMathFunctions/arm_cmplx_conj_f32.c ****   (real, imag, real, imag, ...).
  45:.\DSP\Source\ComplexMathFunctions/arm_cmplx_conj_f32.c ****   Each array has a total of <code>2*numSamples</code> values.
  46:.\DSP\Source\ComplexMathFunctions/arm_cmplx_conj_f32.c **** 
  47:.\DSP\Source\ComplexMathFunctions/arm_cmplx_conj_f32.c ****   The underlying algorithm is used:
  48:.\DSP\Source\ComplexMathFunctions/arm_cmplx_conj_f32.c ****   <pre>
  49:.\DSP\Source\ComplexMathFunctions/arm_cmplx_conj_f32.c ****   for (n = 0; n < numSamples; n++) {
  50:.\DSP\Source\ComplexMathFunctions/arm_cmplx_conj_f32.c ****       pDst[(2*n)  ] =  pSrc[(2*n)  ];    // real part
  51:.\DSP\Source\ComplexMathFunctions/arm_cmplx_conj_f32.c ****       pDst[(2*n)+1] = -pSrc[(2*n)+1];    // imag part
  52:.\DSP\Source\ComplexMathFunctions/arm_cmplx_conj_f32.c ****   }
  53:.\DSP\Source\ComplexMathFunctions/arm_cmplx_conj_f32.c ****   </pre>
  54:.\DSP\Source\ComplexMathFunctions/arm_cmplx_conj_f32.c **** 
  55:.\DSP\Source\ComplexMathFunctions/arm_cmplx_conj_f32.c ****   There are separate functions for floating-point, Q15, and Q31 data types.
  56:.\DSP\Source\ComplexMathFunctions/arm_cmplx_conj_f32.c ****  */
  57:.\DSP\Source\ComplexMathFunctions/arm_cmplx_conj_f32.c **** 
  58:.\DSP\Source\ComplexMathFunctions/arm_cmplx_conj_f32.c **** /**
  59:.\DSP\Source\ComplexMathFunctions/arm_cmplx_conj_f32.c ****   @addtogroup cmplx_conj
  60:.\DSP\Source\ComplexMathFunctions/arm_cmplx_conj_f32.c ****   @{
  61:.\DSP\Source\ComplexMathFunctions/arm_cmplx_conj_f32.c ****  */
  62:.\DSP\Source\ComplexMathFunctions/arm_cmplx_conj_f32.c **** 
  63:.\DSP\Source\ComplexMathFunctions/arm_cmplx_conj_f32.c **** /**
  64:.\DSP\Source\ComplexMathFunctions/arm_cmplx_conj_f32.c ****   @brief         Floating-point complex conjugate.
  65:.\DSP\Source\ComplexMathFunctions/arm_cmplx_conj_f32.c ****   @param[in]     pSrc        points to the input vector
  66:.\DSP\Source\ComplexMathFunctions/arm_cmplx_conj_f32.c ****   @param[out]    pDst        points to the output vector
  67:.\DSP\Source\ComplexMathFunctions/arm_cmplx_conj_f32.c ****   @param[in]     numSamples  number of samples in each vector
  68:.\DSP\Source\ComplexMathFunctions/arm_cmplx_conj_f32.c ****   @return        none
  69:.\DSP\Source\ComplexMathFunctions/arm_cmplx_conj_f32.c ****  */
  70:.\DSP\Source\ComplexMathFunctions/arm_cmplx_conj_f32.c **** 
  71:.\DSP\Source\ComplexMathFunctions/arm_cmplx_conj_f32.c **** #if defined(ARM_MATH_MVEF) && !defined(ARM_MATH_AUTOVECTORIZE)
  72:.\DSP\Source\ComplexMathFunctions/arm_cmplx_conj_f32.c **** 
  73:.\DSP\Source\ComplexMathFunctions/arm_cmplx_conj_f32.c **** void arm_cmplx_conj_f32(
  74:.\DSP\Source\ComplexMathFunctions/arm_cmplx_conj_f32.c ****     const float32_t * pSrc,
  75:.\DSP\Source\ComplexMathFunctions/arm_cmplx_conj_f32.c ****     float32_t * pDst,
  76:.\DSP\Source\ComplexMathFunctions/arm_cmplx_conj_f32.c ****     uint32_t numSamples)
  77:.\DSP\Source\ComplexMathFunctions/arm_cmplx_conj_f32.c **** {
  78:.\DSP\Source\ComplexMathFunctions/arm_cmplx_conj_f32.c ****     static const float32_t cmplx_conj_sign[4] = { 1.0f, -1.0f, 1.0f, -1.0f };
  79:.\DSP\Source\ComplexMathFunctions/arm_cmplx_conj_f32.c ****     uint32_t blockSize = numSamples * CMPLX_DIM;   /* loop counters */
  80:.\DSP\Source\ComplexMathFunctions/arm_cmplx_conj_f32.c ****     uint32_t blkCnt;
  81:.\DSP\Source\ComplexMathFunctions/arm_cmplx_conj_f32.c ****     f32x4_t vecSrc;
  82:.\DSP\Source\ComplexMathFunctions/arm_cmplx_conj_f32.c ****     f32x4_t vecSign;
  83:.\DSP\Source\ComplexMathFunctions/arm_cmplx_conj_f32.c **** 
  84:.\DSP\Source\ComplexMathFunctions/arm_cmplx_conj_f32.c ****     /*
  85:.\DSP\Source\ComplexMathFunctions/arm_cmplx_conj_f32.c ****      * load sign vector
  86:.\DSP\Source\ComplexMathFunctions/arm_cmplx_conj_f32.c ****      */
  87:.\DSP\Source\ComplexMathFunctions/arm_cmplx_conj_f32.c ****     vecSign = *(f32x4_t *) cmplx_conj_sign;
  88:.\DSP\Source\ComplexMathFunctions/arm_cmplx_conj_f32.c **** 
ARM GAS  C:\Users\IVYLIU~1\AppData\Local\Temp\ccOJVsdK.s 			page 3


  89:.\DSP\Source\ComplexMathFunctions/arm_cmplx_conj_f32.c ****     /* Compute 4 real samples at a time */
  90:.\DSP\Source\ComplexMathFunctions/arm_cmplx_conj_f32.c ****     blkCnt = blockSize >> 2U;
  91:.\DSP\Source\ComplexMathFunctions/arm_cmplx_conj_f32.c **** 
  92:.\DSP\Source\ComplexMathFunctions/arm_cmplx_conj_f32.c ****     while (blkCnt > 0U)
  93:.\DSP\Source\ComplexMathFunctions/arm_cmplx_conj_f32.c ****     {
  94:.\DSP\Source\ComplexMathFunctions/arm_cmplx_conj_f32.c ****         vecSrc = vld1q(pSrc);
  95:.\DSP\Source\ComplexMathFunctions/arm_cmplx_conj_f32.c ****         vst1q(pDst,vmulq(vecSrc, vecSign));
  96:.\DSP\Source\ComplexMathFunctions/arm_cmplx_conj_f32.c ****         /*
  97:.\DSP\Source\ComplexMathFunctions/arm_cmplx_conj_f32.c ****          * Decrement the blkCnt loop counter
  98:.\DSP\Source\ComplexMathFunctions/arm_cmplx_conj_f32.c ****          * Advance vector source and destination pointers
  99:.\DSP\Source\ComplexMathFunctions/arm_cmplx_conj_f32.c ****          */
 100:.\DSP\Source\ComplexMathFunctions/arm_cmplx_conj_f32.c ****         pSrc += 4;
 101:.\DSP\Source\ComplexMathFunctions/arm_cmplx_conj_f32.c ****         pDst += 4;
 102:.\DSP\Source\ComplexMathFunctions/arm_cmplx_conj_f32.c ****         blkCnt--;
 103:.\DSP\Source\ComplexMathFunctions/arm_cmplx_conj_f32.c ****     }
 104:.\DSP\Source\ComplexMathFunctions/arm_cmplx_conj_f32.c **** 
 105:.\DSP\Source\ComplexMathFunctions/arm_cmplx_conj_f32.c ****      /* Tail */
 106:.\DSP\Source\ComplexMathFunctions/arm_cmplx_conj_f32.c ****     blkCnt = (blockSize & 0x3) >> 1;
 107:.\DSP\Source\ComplexMathFunctions/arm_cmplx_conj_f32.c **** 
 108:.\DSP\Source\ComplexMathFunctions/arm_cmplx_conj_f32.c ****     while (blkCnt > 0U)
 109:.\DSP\Source\ComplexMathFunctions/arm_cmplx_conj_f32.c ****     {
 110:.\DSP\Source\ComplexMathFunctions/arm_cmplx_conj_f32.c ****       /* C[0] + jC[1] = A[0]+ j(-1)A[1] */
 111:.\DSP\Source\ComplexMathFunctions/arm_cmplx_conj_f32.c ****   
 112:.\DSP\Source\ComplexMathFunctions/arm_cmplx_conj_f32.c ****       /* Calculate Complex Conjugate and store result in destination buffer. */
 113:.\DSP\Source\ComplexMathFunctions/arm_cmplx_conj_f32.c ****       *pDst++ =  *pSrc++;
 114:.\DSP\Source\ComplexMathFunctions/arm_cmplx_conj_f32.c ****       *pDst++ = -*pSrc++;
 115:.\DSP\Source\ComplexMathFunctions/arm_cmplx_conj_f32.c ****   
 116:.\DSP\Source\ComplexMathFunctions/arm_cmplx_conj_f32.c ****       /* Decrement loop counter */
 117:.\DSP\Source\ComplexMathFunctions/arm_cmplx_conj_f32.c ****       blkCnt--;
 118:.\DSP\Source\ComplexMathFunctions/arm_cmplx_conj_f32.c ****     }
 119:.\DSP\Source\ComplexMathFunctions/arm_cmplx_conj_f32.c **** 
 120:.\DSP\Source\ComplexMathFunctions/arm_cmplx_conj_f32.c **** }
 121:.\DSP\Source\ComplexMathFunctions/arm_cmplx_conj_f32.c **** 
 122:.\DSP\Source\ComplexMathFunctions/arm_cmplx_conj_f32.c **** #else
 123:.\DSP\Source\ComplexMathFunctions/arm_cmplx_conj_f32.c **** void arm_cmplx_conj_f32(
 124:.\DSP\Source\ComplexMathFunctions/arm_cmplx_conj_f32.c ****   const float32_t * pSrc,
 125:.\DSP\Source\ComplexMathFunctions/arm_cmplx_conj_f32.c ****         float32_t * pDst,
 126:.\DSP\Source\ComplexMathFunctions/arm_cmplx_conj_f32.c ****         uint32_t numSamples)
 127:.\DSP\Source\ComplexMathFunctions/arm_cmplx_conj_f32.c **** {
  27              		.loc 1 127 0
  28              		.cfi_startproc
  29              		@ args = 0, pretend = 0, frame = 0
  30              		@ frame_needed = 0, uses_anonymous_args = 0
  31              		@ link register save eliminated.
  32              	.LVL0:
  33 0000 30B4     		push	{r4, r5}
  34              		.cfi_def_cfa_offset 8
  35              		.cfi_offset 4, -8
  36              		.cfi_offset 5, -4
  37              	.LVL1:
 128:.\DSP\Source\ComplexMathFunctions/arm_cmplx_conj_f32.c ****         uint32_t blkCnt;                               /* Loop counter */
 129:.\DSP\Source\ComplexMathFunctions/arm_cmplx_conj_f32.c **** 
 130:.\DSP\Source\ComplexMathFunctions/arm_cmplx_conj_f32.c **** #if defined(ARM_MATH_NEON) && !defined(ARM_MATH_AUTOVECTORIZE)
 131:.\DSP\Source\ComplexMathFunctions/arm_cmplx_conj_f32.c ****    float32x4_t zero;
 132:.\DSP\Source\ComplexMathFunctions/arm_cmplx_conj_f32.c ****    float32x4x2_t vec;
 133:.\DSP\Source\ComplexMathFunctions/arm_cmplx_conj_f32.c **** 
 134:.\DSP\Source\ComplexMathFunctions/arm_cmplx_conj_f32.c ****    zero = vdupq_n_f32(0.0f);
ARM GAS  C:\Users\IVYLIU~1\AppData\Local\Temp\ccOJVsdK.s 			page 4


 135:.\DSP\Source\ComplexMathFunctions/arm_cmplx_conj_f32.c **** 
 136:.\DSP\Source\ComplexMathFunctions/arm_cmplx_conj_f32.c ****    /* Compute 4 outputs at a time */
 137:.\DSP\Source\ComplexMathFunctions/arm_cmplx_conj_f32.c ****    blkCnt = numSamples >> 2U;
 138:.\DSP\Source\ComplexMathFunctions/arm_cmplx_conj_f32.c **** 
 139:.\DSP\Source\ComplexMathFunctions/arm_cmplx_conj_f32.c ****    while (blkCnt > 0U)
 140:.\DSP\Source\ComplexMathFunctions/arm_cmplx_conj_f32.c ****    {
 141:.\DSP\Source\ComplexMathFunctions/arm_cmplx_conj_f32.c ****      /* C[0]+jC[1] = A[0]+(-1)*jA[1] */
 142:.\DSP\Source\ComplexMathFunctions/arm_cmplx_conj_f32.c ****      /* Calculate Complex Conjugate and then store the results in the destination buffer. */
 143:.\DSP\Source\ComplexMathFunctions/arm_cmplx_conj_f32.c ****      vec = vld2q_f32(pSrc);
 144:.\DSP\Source\ComplexMathFunctions/arm_cmplx_conj_f32.c ****      vec.val[1] = vsubq_f32(zero,vec.val[1]);
 145:.\DSP\Source\ComplexMathFunctions/arm_cmplx_conj_f32.c ****      vst2q_f32(pDst,vec);
 146:.\DSP\Source\ComplexMathFunctions/arm_cmplx_conj_f32.c **** 
 147:.\DSP\Source\ComplexMathFunctions/arm_cmplx_conj_f32.c ****      /* Increment pointers */
 148:.\DSP\Source\ComplexMathFunctions/arm_cmplx_conj_f32.c ****      pSrc += 8;
 149:.\DSP\Source\ComplexMathFunctions/arm_cmplx_conj_f32.c ****      pDst += 8;
 150:.\DSP\Source\ComplexMathFunctions/arm_cmplx_conj_f32.c ****         
 151:.\DSP\Source\ComplexMathFunctions/arm_cmplx_conj_f32.c ****      /* Decrement the loop counter */
 152:.\DSP\Source\ComplexMathFunctions/arm_cmplx_conj_f32.c ****      blkCnt--;
 153:.\DSP\Source\ComplexMathFunctions/arm_cmplx_conj_f32.c ****    }
 154:.\DSP\Source\ComplexMathFunctions/arm_cmplx_conj_f32.c **** 
 155:.\DSP\Source\ComplexMathFunctions/arm_cmplx_conj_f32.c ****    /* Tail */
 156:.\DSP\Source\ComplexMathFunctions/arm_cmplx_conj_f32.c ****    blkCnt = numSamples & 0x3;
 157:.\DSP\Source\ComplexMathFunctions/arm_cmplx_conj_f32.c **** 
 158:.\DSP\Source\ComplexMathFunctions/arm_cmplx_conj_f32.c **** #else
 159:.\DSP\Source\ComplexMathFunctions/arm_cmplx_conj_f32.c **** #if defined (ARM_MATH_LOOPUNROLL) && !defined(ARM_MATH_AUTOVECTORIZE)
 160:.\DSP\Source\ComplexMathFunctions/arm_cmplx_conj_f32.c **** 
 161:.\DSP\Source\ComplexMathFunctions/arm_cmplx_conj_f32.c ****   /* Loop unrolling: Compute 4 outputs at a time */
 162:.\DSP\Source\ComplexMathFunctions/arm_cmplx_conj_f32.c ****   blkCnt = numSamples >> 2U;
 163:.\DSP\Source\ComplexMathFunctions/arm_cmplx_conj_f32.c **** 
 164:.\DSP\Source\ComplexMathFunctions/arm_cmplx_conj_f32.c ****   while (blkCnt > 0U)
 165:.\DSP\Source\ComplexMathFunctions/arm_cmplx_conj_f32.c ****   {
 166:.\DSP\Source\ComplexMathFunctions/arm_cmplx_conj_f32.c ****     /* C[0] + jC[1] = A[0]+ j(-1)A[1] */
 167:.\DSP\Source\ComplexMathFunctions/arm_cmplx_conj_f32.c **** 
 168:.\DSP\Source\ComplexMathFunctions/arm_cmplx_conj_f32.c ****     /* Calculate Complex Conjugate and store result in destination buffer. */
 169:.\DSP\Source\ComplexMathFunctions/arm_cmplx_conj_f32.c ****     *pDst++ =  *pSrc++;
 170:.\DSP\Source\ComplexMathFunctions/arm_cmplx_conj_f32.c ****     *pDst++ = -*pSrc++;
 171:.\DSP\Source\ComplexMathFunctions/arm_cmplx_conj_f32.c **** 
 172:.\DSP\Source\ComplexMathFunctions/arm_cmplx_conj_f32.c ****     *pDst++ =  *pSrc++;
 173:.\DSP\Source\ComplexMathFunctions/arm_cmplx_conj_f32.c ****     *pDst++ = -*pSrc++;
 174:.\DSP\Source\ComplexMathFunctions/arm_cmplx_conj_f32.c **** 
 175:.\DSP\Source\ComplexMathFunctions/arm_cmplx_conj_f32.c ****     *pDst++ =  *pSrc++;
 176:.\DSP\Source\ComplexMathFunctions/arm_cmplx_conj_f32.c ****     *pDst++ = -*pSrc++;
 177:.\DSP\Source\ComplexMathFunctions/arm_cmplx_conj_f32.c **** 
 178:.\DSP\Source\ComplexMathFunctions/arm_cmplx_conj_f32.c ****     *pDst++ =  *pSrc++;
 179:.\DSP\Source\ComplexMathFunctions/arm_cmplx_conj_f32.c ****     *pDst++ = -*pSrc++;
 180:.\DSP\Source\ComplexMathFunctions/arm_cmplx_conj_f32.c **** 
 181:.\DSP\Source\ComplexMathFunctions/arm_cmplx_conj_f32.c ****     /* Decrement loop counter */
 182:.\DSP\Source\ComplexMathFunctions/arm_cmplx_conj_f32.c ****     blkCnt--;
 183:.\DSP\Source\ComplexMathFunctions/arm_cmplx_conj_f32.c ****   }
 184:.\DSP\Source\ComplexMathFunctions/arm_cmplx_conj_f32.c **** 
 185:.\DSP\Source\ComplexMathFunctions/arm_cmplx_conj_f32.c ****   /* Loop unrolling: Compute remaining outputs */
 186:.\DSP\Source\ComplexMathFunctions/arm_cmplx_conj_f32.c ****   blkCnt = numSamples % 0x4U;
 187:.\DSP\Source\ComplexMathFunctions/arm_cmplx_conj_f32.c **** 
 188:.\DSP\Source\ComplexMathFunctions/arm_cmplx_conj_f32.c **** #else
 189:.\DSP\Source\ComplexMathFunctions/arm_cmplx_conj_f32.c **** 
 190:.\DSP\Source\ComplexMathFunctions/arm_cmplx_conj_f32.c ****   /* Initialize blkCnt with number of samples */
 191:.\DSP\Source\ComplexMathFunctions/arm_cmplx_conj_f32.c ****   blkCnt = numSamples;
ARM GAS  C:\Users\IVYLIU~1\AppData\Local\Temp\ccOJVsdK.s 			page 5


 192:.\DSP\Source\ComplexMathFunctions/arm_cmplx_conj_f32.c **** 
 193:.\DSP\Source\ComplexMathFunctions/arm_cmplx_conj_f32.c **** #endif /* #if defined (ARM_MATH_LOOPUNROLL) */
 194:.\DSP\Source\ComplexMathFunctions/arm_cmplx_conj_f32.c **** #endif /* #if defined (ARM_MATH_NEON) */
 195:.\DSP\Source\ComplexMathFunctions/arm_cmplx_conj_f32.c **** 
 196:.\DSP\Source\ComplexMathFunctions/arm_cmplx_conj_f32.c ****   while (blkCnt > 0U)
  38              		.loc 1 196 0
  39 0002 0CE0     		b	.L2
  40              	.LVL2:
  41              	.L3:
 197:.\DSP\Source\ComplexMathFunctions/arm_cmplx_conj_f32.c ****   {
 198:.\DSP\Source\ComplexMathFunctions/arm_cmplx_conj_f32.c ****     /* C[0] + jC[1] = A[0]+ j(-1)A[1] */
 199:.\DSP\Source\ComplexMathFunctions/arm_cmplx_conj_f32.c **** 
 200:.\DSP\Source\ComplexMathFunctions/arm_cmplx_conj_f32.c ****     /* Calculate Complex Conjugate and store result in destination buffer. */
 201:.\DSP\Source\ComplexMathFunctions/arm_cmplx_conj_f32.c ****     *pDst++ =  *pSrc++;
  42              		.loc 1 201 0
  43 0004 0346     		mov	r3, r0
  44 0006 53F8085B 		ldr	r5, [r3], #8	@ float
  45 000a 0C46     		mov	r4, r1
  46 000c 44F8085B 		str	r5, [r4], #8	@ float
  47              	.LVL3:
 202:.\DSP\Source\ComplexMathFunctions/arm_cmplx_conj_f32.c ****     *pDst++ = -*pSrc++;
  48              		.loc 1 202 0
  49 0010 4068     		ldr	r0, [r0, #4]	@ float
  50 0012 00F10040 		add	r0, r0, #-2147483648
  51 0016 4860     		str	r0, [r1, #4]	@ float
 203:.\DSP\Source\ComplexMathFunctions/arm_cmplx_conj_f32.c **** 
 204:.\DSP\Source\ComplexMathFunctions/arm_cmplx_conj_f32.c ****     /* Decrement loop counter */
 205:.\DSP\Source\ComplexMathFunctions/arm_cmplx_conj_f32.c ****     blkCnt--;
  52              		.loc 1 205 0
  53 0018 013A     		subs	r2, r2, #1
  54              	.LVL4:
 202:.\DSP\Source\ComplexMathFunctions/arm_cmplx_conj_f32.c ****     *pDst++ = -*pSrc++;
  55              		.loc 1 202 0
  56 001a 2146     		mov	r1, r4
  57 001c 1846     		mov	r0, r3
  58              	.LVL5:
  59              	.L2:
 196:.\DSP\Source\ComplexMathFunctions/arm_cmplx_conj_f32.c ****   {
  60              		.loc 1 196 0
  61 001e 002A     		cmp	r2, #0
  62 0020 F0D1     		bne	.L3
 206:.\DSP\Source\ComplexMathFunctions/arm_cmplx_conj_f32.c ****   }
 207:.\DSP\Source\ComplexMathFunctions/arm_cmplx_conj_f32.c **** 
 208:.\DSP\Source\ComplexMathFunctions/arm_cmplx_conj_f32.c **** }
  63              		.loc 1 208 0
  64 0022 30BC     		pop	{r4, r5}
  65              		.cfi_restore 5
  66              		.cfi_restore 4
  67              		.cfi_def_cfa_offset 0
  68 0024 7047     		bx	lr
  69              		.cfi_endproc
  70              	.LFE84:
  71              		.size	arm_cmplx_conj_f32, .-arm_cmplx_conj_f32
  72 0026 00BF     		.text
  73              	.Letext0:
  74              		.file 2 "c:\\program files (x86)\\cypress\\psoc creator\\3.3\\psoc creator\\import\\gnu\\arm\\4.9.
  75              		.file 3 "c:\\program files (x86)\\cypress\\psoc creator\\3.3\\psoc creator\\import\\gnu\\arm\\4.9.
ARM GAS  C:\Users\IVYLIU~1\AppData\Local\Temp\ccOJVsdK.s 			page 6


  76              		.file 4 ".\\DSP\\Include/arm_math_types.h"
  77              		.file 5 ".\\Core\\Include/cmsis_gcc.h"
  78              		.section	.debug_info,"",%progbits
  79              	.Ldebug_info0:
  80 0000 B5010000 		.4byte	0x1b5
  81 0004 0400     		.2byte	0x4
  82 0006 00000000 		.4byte	.Ldebug_abbrev0
  83 000a 04       		.byte	0x4
  84 000b 01       		.uleb128 0x1
  85 000c 99010000 		.4byte	.LASF28
  86 0010 01       		.byte	0x1
  87 0011 89000000 		.4byte	.LASF29
  88 0015 21010000 		.4byte	.LASF30
  89 0019 00000000 		.4byte	.Ldebug_ranges0+0
  90 001d 00000000 		.4byte	0
  91 0021 00000000 		.4byte	.Ldebug_line0
  92 0025 02       		.uleb128 0x2
  93 0026 01       		.byte	0x1
  94 0027 06       		.byte	0x6
  95 0028 65020000 		.4byte	.LASF0
  96 002c 02       		.uleb128 0x2
  97 002d 01       		.byte	0x1
  98 002e 08       		.byte	0x8
  99 002f 3C000000 		.4byte	.LASF1
 100 0033 02       		.uleb128 0x2
 101 0034 02       		.byte	0x2
 102 0035 05       		.byte	0x5
 103 0036 7C010000 		.4byte	.LASF2
 104 003a 02       		.uleb128 0x2
 105 003b 02       		.byte	0x2
 106 003c 07       		.byte	0x7
 107 003d 76000000 		.4byte	.LASF3
 108 0041 02       		.uleb128 0x2
 109 0042 04       		.byte	0x4
 110 0043 05       		.byte	0x5
 111 0044 3B020000 		.4byte	.LASF4
 112 0048 03       		.uleb128 0x3
 113 0049 D6000000 		.4byte	.LASF9
 114 004d 02       		.byte	0x2
 115 004e 41       		.byte	0x41
 116 004f 53000000 		.4byte	0x53
 117 0053 02       		.uleb128 0x2
 118 0054 04       		.byte	0x4
 119 0055 07       		.byte	0x7
 120 0056 64000000 		.4byte	.LASF5
 121 005a 02       		.uleb128 0x2
 122 005b 08       		.byte	0x8
 123 005c 05       		.byte	0x5
 124 005d 0E010000 		.4byte	.LASF6
 125 0061 02       		.uleb128 0x2
 126 0062 08       		.byte	0x8
 127 0063 07       		.byte	0x7
 128 0064 EE000000 		.4byte	.LASF7
 129 0068 04       		.uleb128 0x4
 130 0069 04       		.byte	0x4
 131 006a 05       		.byte	0x5
 132 006b 696E7400 		.ascii	"int\000"
ARM GAS  C:\Users\IVYLIU~1\AppData\Local\Temp\ccOJVsdK.s 			page 7


 133 006f 02       		.uleb128 0x2
 134 0070 04       		.byte	0x4
 135 0071 07       		.byte	0x7
 136 0072 E1000000 		.4byte	.LASF8
 137 0076 03       		.uleb128 0x3
 138 0077 32020000 		.4byte	.LASF10
 139 007b 03       		.byte	0x3
 140 007c 2D       		.byte	0x2d
 141 007d 48000000 		.4byte	0x48
 142 0081 02       		.uleb128 0x2
 143 0082 04       		.byte	0x4
 144 0083 07       		.byte	0x7
 145 0084 05010000 		.4byte	.LASF11
 146 0088 02       		.uleb128 0x2
 147 0089 01       		.byte	0x1
 148 008a 08       		.byte	0x8
 149 008b 1C010000 		.4byte	.LASF12
 150 008f 02       		.uleb128 0x2
 151 0090 08       		.byte	0x8
 152 0091 04       		.byte	0x4
 153 0092 C5000000 		.4byte	.LASF13
 154 0096 02       		.uleb128 0x2
 155 0097 04       		.byte	0x4
 156 0098 04       		.byte	0x4
 157 0099 31000000 		.4byte	.LASF14
 158 009d 02       		.uleb128 0x2
 159 009e 08       		.byte	0x8
 160 009f 04       		.byte	0x4
 161 00a0 44020000 		.4byte	.LASF15
 162 00a4 05       		.uleb128 0x5
 163 00a5 CC000000 		.4byte	.LASF16
 164 00a9 04       		.byte	0x4
 165 00aa 2F01     		.2byte	0x12f
 166 00ac 96000000 		.4byte	0x96
 167 00b0 06       		.uleb128 0x6
 168 00b1 86010000 		.4byte	.LASF31
 169 00b5 01       		.byte	0x1
 170 00b6 7B       		.byte	0x7b
 171 00b7 00000000 		.4byte	.LFB84
 172 00bb 26000000 		.4byte	.LFE84-.LFB84
 173 00bf 01       		.uleb128 0x1
 174 00c0 9C       		.byte	0x9c
 175 00c1 00010000 		.4byte	0x100
 176 00c5 07       		.uleb128 0x7
 177 00c6 71020000 		.4byte	.LASF17
 178 00ca 01       		.byte	0x1
 179 00cb 7C       		.byte	0x7c
 180 00cc 00010000 		.4byte	0x100
 181 00d0 00000000 		.4byte	.LLST0
 182 00d4 07       		.uleb128 0x7
 183 00d5 C0000000 		.4byte	.LASF18
 184 00d9 01       		.byte	0x1
 185 00da 7D       		.byte	0x7d
 186 00db 0B010000 		.4byte	0x10b
 187 00df 36000000 		.4byte	.LLST1
 188 00e3 07       		.uleb128 0x7
 189 00e4 76020000 		.4byte	.LASF19
ARM GAS  C:\Users\IVYLIU~1\AppData\Local\Temp\ccOJVsdK.s 			page 8


 190 00e8 01       		.byte	0x1
 191 00e9 7E       		.byte	0x7e
 192 00ea 76000000 		.4byte	0x76
 193 00ee 6C000000 		.4byte	.LLST2
 194 00f2 08       		.uleb128 0x8
 195 00f3 4A000000 		.4byte	.LASF32
 196 00f7 01       		.byte	0x1
 197 00f8 80       		.byte	0x80
 198 00f9 76000000 		.4byte	0x76
 199 00fd 01       		.uleb128 0x1
 200 00fe 52       		.byte	0x52
 201 00ff 00       		.byte	0
 202 0100 09       		.uleb128 0x9
 203 0101 04       		.byte	0x4
 204 0102 06010000 		.4byte	0x106
 205 0106 0A       		.uleb128 0xa
 206 0107 A4000000 		.4byte	0xa4
 207 010b 09       		.uleb128 0x9
 208 010c 04       		.byte	0x4
 209 010d A4000000 		.4byte	0xa4
 210 0111 03       		.uleb128 0x3
 211 0112 13000000 		.4byte	.LASF20
 212 0116 05       		.byte	0x5
 213 0117 8B       		.byte	0x8b
 214 0118 8F010000 		.4byte	0x18f
 215 011c 09       		.uleb128 0x9
 216 011d 04       		.byte	0x4
 217 011e 22010000 		.4byte	0x122
 218 0122 0A       		.uleb128 0xa
 219 0123 76000000 		.4byte	0x76
 220 0127 09       		.uleb128 0x9
 221 0128 04       		.byte	0x4
 222 0129 76000000 		.4byte	0x76
 223 012d 0B       		.uleb128 0xb
 224 012e 81020000 		.4byte	.LASF21
 225 0132 05       		.byte	0x5
 226 0133 92       		.byte	0x92
 227 0134 38010000 		.4byte	0x138
 228 0138 0A       		.uleb128 0xa
 229 0139 11010000 		.4byte	0x111
 230 013d 0B       		.uleb128 0xb
 231 013e 51000000 		.4byte	.LASF22
 232 0142 05       		.byte	0x5
 233 0143 93       		.byte	0x93
 234 0144 38010000 		.4byte	0x138
 235 0148 03       		.uleb128 0x3
 236 0149 22000000 		.4byte	.LASF23
 237 014d 05       		.byte	0x5
 238 014e 90       		.byte	0x90
 239 014f 6E010000 		.4byte	0x16e
 240 0153 0B       		.uleb128 0xb
 241 0154 50020000 		.4byte	.LASF24
 242 0158 05       		.byte	0x5
 243 0159 94       		.byte	0x94
 244 015a 5E010000 		.4byte	0x15e
 245 015e 0A       		.uleb128 0xa
 246 015f 48010000 		.4byte	0x148
ARM GAS  C:\Users\IVYLIU~1\AppData\Local\Temp\ccOJVsdK.s 			page 9


 247 0163 0B       		.uleb128 0xb
 248 0164 00000000 		.4byte	.LASF25
 249 0168 05       		.byte	0x5
 250 0169 95       		.byte	0x95
 251 016a 5E010000 		.4byte	0x15e
 252 016e 0C       		.uleb128 0xc
 253 016f 08       		.byte	0x8
 254 0170 05       		.byte	0x5
 255 0171 8D       		.byte	0x8d
 256 0172 8F010000 		.4byte	0x18f
 257 0176 0D       		.uleb128 0xd
 258 0177 37000000 		.4byte	.LASF26
 259 017b 05       		.byte	0x5
 260 017c 8E       		.byte	0x8e
 261 017d 27010000 		.4byte	0x127
 262 0181 00       		.byte	0
 263 0182 0D       		.uleb128 0xd
 264 0183 77010000 		.4byte	.LASF27
 265 0187 05       		.byte	0x5
 266 0188 8F       		.byte	0x8f
 267 0189 76000000 		.4byte	0x76
 268 018d 04       		.byte	0x4
 269 018e 00       		.byte	0
 270 018f 0E       		.uleb128 0xe
 271 0190 0C       		.byte	0xc
 272 0191 05       		.byte	0x5
 273 0192 87       		.byte	0x87
 274 0193 0F       		.uleb128 0xf
 275 0194 73726300 		.ascii	"src\000"
 276 0198 05       		.byte	0x5
 277 0199 88       		.byte	0x88
 278 019a 1C010000 		.4byte	0x11c
 279 019e 00       		.byte	0
 280 019f 0D       		.uleb128 0xd
 281 01a0 37000000 		.4byte	.LASF26
 282 01a4 05       		.byte	0x5
 283 01a5 89       		.byte	0x89
 284 01a6 27010000 		.4byte	0x127
 285 01aa 04       		.byte	0x4
 286 01ab 0D       		.uleb128 0xd
 287 01ac 77010000 		.4byte	.LASF27
 288 01b0 05       		.byte	0x5
 289 01b1 8A       		.byte	0x8a
 290 01b2 76000000 		.4byte	0x76
 291 01b6 08       		.byte	0x8
 292 01b7 00       		.byte	0
 293 01b8 00       		.byte	0
 294              		.section	.debug_abbrev,"",%progbits
 295              	.Ldebug_abbrev0:
 296 0000 01       		.uleb128 0x1
 297 0001 11       		.uleb128 0x11
 298 0002 01       		.byte	0x1
 299 0003 25       		.uleb128 0x25
 300 0004 0E       		.uleb128 0xe
 301 0005 13       		.uleb128 0x13
 302 0006 0B       		.uleb128 0xb
 303 0007 03       		.uleb128 0x3
ARM GAS  C:\Users\IVYLIU~1\AppData\Local\Temp\ccOJVsdK.s 			page 10


 304 0008 0E       		.uleb128 0xe
 305 0009 1B       		.uleb128 0x1b
 306 000a 0E       		.uleb128 0xe
 307 000b 55       		.uleb128 0x55
 308 000c 17       		.uleb128 0x17
 309 000d 11       		.uleb128 0x11
 310 000e 01       		.uleb128 0x1
 311 000f 10       		.uleb128 0x10
 312 0010 17       		.uleb128 0x17
 313 0011 00       		.byte	0
 314 0012 00       		.byte	0
 315 0013 02       		.uleb128 0x2
 316 0014 24       		.uleb128 0x24
 317 0015 00       		.byte	0
 318 0016 0B       		.uleb128 0xb
 319 0017 0B       		.uleb128 0xb
 320 0018 3E       		.uleb128 0x3e
 321 0019 0B       		.uleb128 0xb
 322 001a 03       		.uleb128 0x3
 323 001b 0E       		.uleb128 0xe
 324 001c 00       		.byte	0
 325 001d 00       		.byte	0
 326 001e 03       		.uleb128 0x3
 327 001f 16       		.uleb128 0x16
 328 0020 00       		.byte	0
 329 0021 03       		.uleb128 0x3
 330 0022 0E       		.uleb128 0xe
 331 0023 3A       		.uleb128 0x3a
 332 0024 0B       		.uleb128 0xb
 333 0025 3B       		.uleb128 0x3b
 334 0026 0B       		.uleb128 0xb
 335 0027 49       		.uleb128 0x49
 336 0028 13       		.uleb128 0x13
 337 0029 00       		.byte	0
 338 002a 00       		.byte	0
 339 002b 04       		.uleb128 0x4
 340 002c 24       		.uleb128 0x24
 341 002d 00       		.byte	0
 342 002e 0B       		.uleb128 0xb
 343 002f 0B       		.uleb128 0xb
 344 0030 3E       		.uleb128 0x3e
 345 0031 0B       		.uleb128 0xb
 346 0032 03       		.uleb128 0x3
 347 0033 08       		.uleb128 0x8
 348 0034 00       		.byte	0
 349 0035 00       		.byte	0
 350 0036 05       		.uleb128 0x5
 351 0037 16       		.uleb128 0x16
 352 0038 00       		.byte	0
 353 0039 03       		.uleb128 0x3
 354 003a 0E       		.uleb128 0xe
 355 003b 3A       		.uleb128 0x3a
 356 003c 0B       		.uleb128 0xb
 357 003d 3B       		.uleb128 0x3b
 358 003e 05       		.uleb128 0x5
 359 003f 49       		.uleb128 0x49
 360 0040 13       		.uleb128 0x13
ARM GAS  C:\Users\IVYLIU~1\AppData\Local\Temp\ccOJVsdK.s 			page 11


 361 0041 00       		.byte	0
 362 0042 00       		.byte	0
 363 0043 06       		.uleb128 0x6
 364 0044 2E       		.uleb128 0x2e
 365 0045 01       		.byte	0x1
 366 0046 3F       		.uleb128 0x3f
 367 0047 19       		.uleb128 0x19
 368 0048 03       		.uleb128 0x3
 369 0049 0E       		.uleb128 0xe
 370 004a 3A       		.uleb128 0x3a
 371 004b 0B       		.uleb128 0xb
 372 004c 3B       		.uleb128 0x3b
 373 004d 0B       		.uleb128 0xb
 374 004e 27       		.uleb128 0x27
 375 004f 19       		.uleb128 0x19
 376 0050 11       		.uleb128 0x11
 377 0051 01       		.uleb128 0x1
 378 0052 12       		.uleb128 0x12
 379 0053 06       		.uleb128 0x6
 380 0054 40       		.uleb128 0x40
 381 0055 18       		.uleb128 0x18
 382 0056 9742     		.uleb128 0x2117
 383 0058 19       		.uleb128 0x19
 384 0059 01       		.uleb128 0x1
 385 005a 13       		.uleb128 0x13
 386 005b 00       		.byte	0
 387 005c 00       		.byte	0
 388 005d 07       		.uleb128 0x7
 389 005e 05       		.uleb128 0x5
 390 005f 00       		.byte	0
 391 0060 03       		.uleb128 0x3
 392 0061 0E       		.uleb128 0xe
 393 0062 3A       		.uleb128 0x3a
 394 0063 0B       		.uleb128 0xb
 395 0064 3B       		.uleb128 0x3b
 396 0065 0B       		.uleb128 0xb
 397 0066 49       		.uleb128 0x49
 398 0067 13       		.uleb128 0x13
 399 0068 02       		.uleb128 0x2
 400 0069 17       		.uleb128 0x17
 401 006a 00       		.byte	0
 402 006b 00       		.byte	0
 403 006c 08       		.uleb128 0x8
 404 006d 34       		.uleb128 0x34
 405 006e 00       		.byte	0
 406 006f 03       		.uleb128 0x3
 407 0070 0E       		.uleb128 0xe
 408 0071 3A       		.uleb128 0x3a
 409 0072 0B       		.uleb128 0xb
 410 0073 3B       		.uleb128 0x3b
 411 0074 0B       		.uleb128 0xb
 412 0075 49       		.uleb128 0x49
 413 0076 13       		.uleb128 0x13
 414 0077 02       		.uleb128 0x2
 415 0078 18       		.uleb128 0x18
 416 0079 00       		.byte	0
 417 007a 00       		.byte	0
ARM GAS  C:\Users\IVYLIU~1\AppData\Local\Temp\ccOJVsdK.s 			page 12


 418 007b 09       		.uleb128 0x9
 419 007c 0F       		.uleb128 0xf
 420 007d 00       		.byte	0
 421 007e 0B       		.uleb128 0xb
 422 007f 0B       		.uleb128 0xb
 423 0080 49       		.uleb128 0x49
 424 0081 13       		.uleb128 0x13
 425 0082 00       		.byte	0
 426 0083 00       		.byte	0
 427 0084 0A       		.uleb128 0xa
 428 0085 26       		.uleb128 0x26
 429 0086 00       		.byte	0
 430 0087 49       		.uleb128 0x49
 431 0088 13       		.uleb128 0x13
 432 0089 00       		.byte	0
 433 008a 00       		.byte	0
 434 008b 0B       		.uleb128 0xb
 435 008c 34       		.uleb128 0x34
 436 008d 00       		.byte	0
 437 008e 03       		.uleb128 0x3
 438 008f 0E       		.uleb128 0xe
 439 0090 3A       		.uleb128 0x3a
 440 0091 0B       		.uleb128 0xb
 441 0092 3B       		.uleb128 0x3b
 442 0093 0B       		.uleb128 0xb
 443 0094 49       		.uleb128 0x49
 444 0095 13       		.uleb128 0x13
 445 0096 3F       		.uleb128 0x3f
 446 0097 19       		.uleb128 0x19
 447 0098 3C       		.uleb128 0x3c
 448 0099 19       		.uleb128 0x19
 449 009a 00       		.byte	0
 450 009b 00       		.byte	0
 451 009c 0C       		.uleb128 0xc
 452 009d 13       		.uleb128 0x13
 453 009e 01       		.byte	0x1
 454 009f 0B       		.uleb128 0xb
 455 00a0 0B       		.uleb128 0xb
 456 00a1 3A       		.uleb128 0x3a
 457 00a2 0B       		.uleb128 0xb
 458 00a3 3B       		.uleb128 0x3b
 459 00a4 0B       		.uleb128 0xb
 460 00a5 01       		.uleb128 0x1
 461 00a6 13       		.uleb128 0x13
 462 00a7 00       		.byte	0
 463 00a8 00       		.byte	0
 464 00a9 0D       		.uleb128 0xd
 465 00aa 0D       		.uleb128 0xd
 466 00ab 00       		.byte	0
 467 00ac 03       		.uleb128 0x3
 468 00ad 0E       		.uleb128 0xe
 469 00ae 3A       		.uleb128 0x3a
 470 00af 0B       		.uleb128 0xb
 471 00b0 3B       		.uleb128 0x3b
 472 00b1 0B       		.uleb128 0xb
 473 00b2 49       		.uleb128 0x49
 474 00b3 13       		.uleb128 0x13
ARM GAS  C:\Users\IVYLIU~1\AppData\Local\Temp\ccOJVsdK.s 			page 13


 475 00b4 38       		.uleb128 0x38
 476 00b5 0B       		.uleb128 0xb
 477 00b6 00       		.byte	0
 478 00b7 00       		.byte	0
 479 00b8 0E       		.uleb128 0xe
 480 00b9 13       		.uleb128 0x13
 481 00ba 01       		.byte	0x1
 482 00bb 0B       		.uleb128 0xb
 483 00bc 0B       		.uleb128 0xb
 484 00bd 3A       		.uleb128 0x3a
 485 00be 0B       		.uleb128 0xb
 486 00bf 3B       		.uleb128 0x3b
 487 00c0 0B       		.uleb128 0xb
 488 00c1 00       		.byte	0
 489 00c2 00       		.byte	0
 490 00c3 0F       		.uleb128 0xf
 491 00c4 0D       		.uleb128 0xd
 492 00c5 00       		.byte	0
 493 00c6 03       		.uleb128 0x3
 494 00c7 08       		.uleb128 0x8
 495 00c8 3A       		.uleb128 0x3a
 496 00c9 0B       		.uleb128 0xb
 497 00ca 3B       		.uleb128 0x3b
 498 00cb 0B       		.uleb128 0xb
 499 00cc 49       		.uleb128 0x49
 500 00cd 13       		.uleb128 0x13
 501 00ce 38       		.uleb128 0x38
 502 00cf 0B       		.uleb128 0xb
 503 00d0 00       		.byte	0
 504 00d1 00       		.byte	0
 505 00d2 00       		.byte	0
 506              		.section	.debug_loc,"",%progbits
 507              	.Ldebug_loc0:
 508              	.LLST0:
 509 0000 00000000 		.4byte	.LVL0
 510 0004 04000000 		.4byte	.LVL2
 511 0008 0100     		.2byte	0x1
 512 000a 50       		.byte	0x50
 513 000b 04000000 		.4byte	.LVL2
 514 000f 10000000 		.4byte	.LVL3
 515 0013 0300     		.2byte	0x3
 516 0015 70       		.byte	0x70
 517 0016 04       		.sleb128 4
 518 0017 9F       		.byte	0x9f
 519 0018 10000000 		.4byte	.LVL3
 520 001c 1E000000 		.4byte	.LVL5
 521 0020 0100     		.2byte	0x1
 522 0022 53       		.byte	0x53
 523 0023 1E000000 		.4byte	.LVL5
 524 0027 26000000 		.4byte	.LFE84
 525 002b 0100     		.2byte	0x1
 526 002d 50       		.byte	0x50
 527 002e 00000000 		.4byte	0
 528 0032 00000000 		.4byte	0
 529              	.LLST1:
 530 0036 00000000 		.4byte	.LVL0
 531 003a 04000000 		.4byte	.LVL2
ARM GAS  C:\Users\IVYLIU~1\AppData\Local\Temp\ccOJVsdK.s 			page 14


 532 003e 0100     		.2byte	0x1
 533 0040 51       		.byte	0x51
 534 0041 04000000 		.4byte	.LVL2
 535 0045 10000000 		.4byte	.LVL3
 536 0049 0300     		.2byte	0x3
 537 004b 71       		.byte	0x71
 538 004c 04       		.sleb128 4
 539 004d 9F       		.byte	0x9f
 540 004e 10000000 		.4byte	.LVL3
 541 0052 1E000000 		.4byte	.LVL5
 542 0056 0100     		.2byte	0x1
 543 0058 54       		.byte	0x54
 544 0059 1E000000 		.4byte	.LVL5
 545 005d 26000000 		.4byte	.LFE84
 546 0061 0100     		.2byte	0x1
 547 0063 51       		.byte	0x51
 548 0064 00000000 		.4byte	0
 549 0068 00000000 		.4byte	0
 550              	.LLST2:
 551 006c 00000000 		.4byte	.LVL0
 552 0070 04000000 		.4byte	.LVL2
 553 0074 0100     		.2byte	0x1
 554 0076 52       		.byte	0x52
 555 0077 04000000 		.4byte	.LVL2
 556 007b 26000000 		.4byte	.LFE84
 557 007f 0400     		.2byte	0x4
 558 0081 F3       		.byte	0xf3
 559 0082 01       		.uleb128 0x1
 560 0083 52       		.byte	0x52
 561 0084 9F       		.byte	0x9f
 562 0085 00000000 		.4byte	0
 563 0089 00000000 		.4byte	0
 564              		.section	.debug_aranges,"",%progbits
 565 0000 1C000000 		.4byte	0x1c
 566 0004 0200     		.2byte	0x2
 567 0006 00000000 		.4byte	.Ldebug_info0
 568 000a 04       		.byte	0x4
 569 000b 00       		.byte	0
 570 000c 0000     		.2byte	0
 571 000e 0000     		.2byte	0
 572 0010 00000000 		.4byte	.LFB84
 573 0014 26000000 		.4byte	.LFE84-.LFB84
 574 0018 00000000 		.4byte	0
 575 001c 00000000 		.4byte	0
 576              		.section	.debug_ranges,"",%progbits
 577              	.Ldebug_ranges0:
 578 0000 00000000 		.4byte	.LFB84
 579 0004 26000000 		.4byte	.LFE84
 580 0008 00000000 		.4byte	0
 581 000c 00000000 		.4byte	0
 582              		.section	.debug_line,"",%progbits
 583              	.Ldebug_line0:
 584 0000 A9010000 		.section	.debug_str,"MS",%progbits,1
 584      02008501 
 584      00000201 
 584      FB0E0D00 
 584      01010101 
ARM GAS  C:\Users\IVYLIU~1\AppData\Local\Temp\ccOJVsdK.s 			page 15


 585              	.LASF25:
 586 0000 5F5F7A65 		.ascii	"__zero_table_end__\000"
 586      726F5F74 
 586      61626C65 
 586      5F656E64 
 586      5F5F00
 587              	.LASF20:
 588 0013 5F5F636F 		.ascii	"__copy_table_t\000"
 588      70795F74 
 588      61626C65 
 588      5F7400
 589              	.LASF23:
 590 0022 5F5F7A65 		.ascii	"__zero_table_t\000"
 590      726F5F74 
 590      61626C65 
 590      5F7400
 591              	.LASF14:
 592 0031 666C6F61 		.ascii	"float\000"
 592      7400
 593              	.LASF26:
 594 0037 64657374 		.ascii	"dest\000"
 594      00
 595              	.LASF1:
 596 003c 756E7369 		.ascii	"unsigned char\000"
 596      676E6564 
 596      20636861 
 596      7200
 597              	.LASF32:
 598 004a 626C6B43 		.ascii	"blkCnt\000"
 598      6E7400
 599              	.LASF22:
 600 0051 5F5F636F 		.ascii	"__copy_table_end__\000"
 600      70795F74 
 600      61626C65 
 600      5F656E64 
 600      5F5F00
 601              	.LASF5:
 602 0064 6C6F6E67 		.ascii	"long unsigned int\000"
 602      20756E73 
 602      69676E65 
 602      6420696E 
 602      7400
 603              	.LASF3:
 604 0076 73686F72 		.ascii	"short unsigned int\000"
 604      7420756E 
 604      7369676E 
 604      65642069 
 604      6E7400
 605              	.LASF29:
 606 0089 2E5C4453 		.ascii	".\\DSP\\Source\\ComplexMathFunctions\\arm_cmplx_con"
 606      505C536F 
 606      75726365 
 606      5C436F6D 
 606      706C6578 
 607 00b8 6A5F6633 		.ascii	"j_f32.c\000"
 607      322E6300 
 608              	.LASF18:
ARM GAS  C:\Users\IVYLIU~1\AppData\Local\Temp\ccOJVsdK.s 			page 16


 609 00c0 70447374 		.ascii	"pDst\000"
 609      00
 610              	.LASF13:
 611 00c5 646F7562 		.ascii	"double\000"
 611      6C6500
 612              	.LASF16:
 613 00cc 666C6F61 		.ascii	"float32_t\000"
 613      7433325F 
 613      7400
 614              	.LASF9:
 615 00d6 5F5F7569 		.ascii	"__uint32_t\000"
 615      6E743332 
 615      5F7400
 616              	.LASF8:
 617 00e1 756E7369 		.ascii	"unsigned int\000"
 617      676E6564 
 617      20696E74 
 617      00
 618              	.LASF7:
 619 00ee 6C6F6E67 		.ascii	"long long unsigned int\000"
 619      206C6F6E 
 619      6720756E 
 619      7369676E 
 619      65642069 
 620              	.LASF11:
 621 0105 73697A65 		.ascii	"sizetype\000"
 621      74797065 
 621      00
 622              	.LASF6:
 623 010e 6C6F6E67 		.ascii	"long long int\000"
 623      206C6F6E 
 623      6720696E 
 623      7400
 624              	.LASF12:
 625 011c 63686172 		.ascii	"char\000"
 625      00
 626              	.LASF30:
 627 0121 5C5C766D 		.ascii	"\\\\vmware-host\\Shared Folders\\Documents\\PSoC Cr"
 627      77617265 
 627      2D686F73 
 627      745C5368 
 627      61726564 
 628 014f 6561746F 		.ascii	"eator\\FinalProject\\SoundDetection.cydsn\000"
 628      725C4669 
 628      6E616C50 
 628      726F6A65 
 628      63745C53 
 629              	.LASF27:
 630 0177 776C656E 		.ascii	"wlen\000"
 630      00
 631              	.LASF2:
 632 017c 73686F72 		.ascii	"short int\000"
 632      7420696E 
 632      7400
 633              	.LASF31:
 634 0186 61726D5F 		.ascii	"arm_cmplx_conj_f32\000"
 634      636D706C 
ARM GAS  C:\Users\IVYLIU~1\AppData\Local\Temp\ccOJVsdK.s 			page 17


 634      785F636F 
 634      6E6A5F66 
 634      333200
 635              	.LASF28:
 636 0199 474E5520 		.ascii	"GNU C 4.9.3 20150303 (release) [ARM/embedded-4_9-br"
 636      4320342E 
 636      392E3320 
 636      32303135 
 636      30333033 
 637 01cc 616E6368 		.ascii	"anch revision 221220] -mcpu=cortex-m3 -mthumb -g -O"
 637      20726576 
 637      6973696F 
 637      6E203232 
 637      31323230 
 638 01ff 67202D73 		.ascii	"g -std=gnu99 -ffunction-sections -ffat-lto-objects\000"
 638      74643D67 
 638      6E753939 
 638      202D6666 
 638      756E6374 
 639              	.LASF10:
 640 0232 75696E74 		.ascii	"uint32_t\000"
 640      33325F74 
 640      00
 641              	.LASF4:
 642 023b 6C6F6E67 		.ascii	"long int\000"
 642      20696E74 
 642      00
 643              	.LASF15:
 644 0244 6C6F6E67 		.ascii	"long double\000"
 644      20646F75 
 644      626C6500 
 645              	.LASF24:
 646 0250 5F5F7A65 		.ascii	"__zero_table_start__\000"
 646      726F5F74 
 646      61626C65 
 646      5F737461 
 646      72745F5F 
 647              	.LASF0:
 648 0265 7369676E 		.ascii	"signed char\000"
 648      65642063 
 648      68617200 
 649              	.LASF17:
 650 0271 70537263 		.ascii	"pSrc\000"
 650      00
 651              	.LASF19:
 652 0276 6E756D53 		.ascii	"numSamples\000"
 652      616D706C 
 652      657300
 653              	.LASF21:
 654 0281 5F5F636F 		.ascii	"__copy_table_start__\000"
 654      70795F74 
 654      61626C65 
 654      5F737461 
 654      72745F5F 
 655              		.ident	"GCC: (GNU Tools for ARM Embedded Processors) 4.9.3 20150303 (release) [ARM/embedded-4_9-br
