ARM GAS  C:\Users\IVYLIU~1\AppData\Local\Temp\ccApx3dT.s 			page 1


   1              		.syntax unified
   2              		.cpu cortex-m3
   3              		.fpu softvfp
   4              		.eabi_attribute 20, 1
   5              		.eabi_attribute 21, 1
   6              		.eabi_attribute 23, 3
   7              		.eabi_attribute 24, 1
   8              		.eabi_attribute 25, 1
   9              		.eabi_attribute 26, 1
  10              		.eabi_attribute 30, 1
  11              		.eabi_attribute 34, 1
  12              		.eabi_attribute 18, 4
  13              		.thumb
  14              		.file	"arm_cfft_init_q31.c"
  15              		.text
  16              	.Ltext0:
  17              		.cfi_sections	.debug_frame
  18              		.section	.text.arm_cfft_init_q31,"ax",%progbits
  19              		.align	2
  20              		.global	arm_cfft_init_q31
  21              		.thumb
  22              		.thumb_func
  23              		.type	arm_cfft_init_q31, %function
  24              	arm_cfft_init_q31:
  25              	.LFB84:
  26              		.file 1 ".\\DSP\\Source\\TransformFunctions\\arm_cfft_init_q31.c"
   1:.\DSP\Source\TransformFunctions/arm_cfft_init_q31.c **** /* ----------------------------------------------------------------------
   2:.\DSP\Source\TransformFunctions/arm_cfft_init_q31.c ****  * Project:      CMSIS DSP Library
   3:.\DSP\Source\TransformFunctions/arm_cfft_init_q31.c ****  * Title:        arm_cfft_init_q31.c
   4:.\DSP\Source\TransformFunctions/arm_cfft_init_q31.c ****  * Description:  Initialization function for cfft q31 instance
   5:.\DSP\Source\TransformFunctions/arm_cfft_init_q31.c ****  *
   6:.\DSP\Source\TransformFunctions/arm_cfft_init_q31.c ****  * $Date:        23 April 2021
   7:.\DSP\Source\TransformFunctions/arm_cfft_init_q31.c ****  * $Revision:    V1.9.0
   8:.\DSP\Source\TransformFunctions/arm_cfft_init_q31.c ****  *
   9:.\DSP\Source\TransformFunctions/arm_cfft_init_q31.c ****  * Target Processor: Cortex-M and Cortex-A cores
  10:.\DSP\Source\TransformFunctions/arm_cfft_init_q31.c ****  * -------------------------------------------------------------------- */
  11:.\DSP\Source\TransformFunctions/arm_cfft_init_q31.c **** /*
  12:.\DSP\Source\TransformFunctions/arm_cfft_init_q31.c ****  * Copyright (C) 2010-2021 ARM Limited or its affiliates. All rights reserved.
  13:.\DSP\Source\TransformFunctions/arm_cfft_init_q31.c ****  *
  14:.\DSP\Source\TransformFunctions/arm_cfft_init_q31.c ****  * SPDX-License-Identifier: Apache-2.0
  15:.\DSP\Source\TransformFunctions/arm_cfft_init_q31.c ****  *
  16:.\DSP\Source\TransformFunctions/arm_cfft_init_q31.c ****  * Licensed under the Apache License, Version 2.0 (the License); you may
  17:.\DSP\Source\TransformFunctions/arm_cfft_init_q31.c ****  * not use this file except in compliance with the License.
  18:.\DSP\Source\TransformFunctions/arm_cfft_init_q31.c ****  * You may obtain a copy of the License at
  19:.\DSP\Source\TransformFunctions/arm_cfft_init_q31.c ****  *
  20:.\DSP\Source\TransformFunctions/arm_cfft_init_q31.c ****  * www.apache.org/licenses/LICENSE-2.0
  21:.\DSP\Source\TransformFunctions/arm_cfft_init_q31.c ****  *
  22:.\DSP\Source\TransformFunctions/arm_cfft_init_q31.c ****  * Unless required by applicable law or agreed to in writing, software
  23:.\DSP\Source\TransformFunctions/arm_cfft_init_q31.c ****  * distributed under the License is distributed on an AS IS BASIS, WITHOUT
  24:.\DSP\Source\TransformFunctions/arm_cfft_init_q31.c ****  * WARRANTIES OR CONDITIONS OF ANY KIND, either express or implied.
  25:.\DSP\Source\TransformFunctions/arm_cfft_init_q31.c ****  * See the License for the specific language governing permissions and
  26:.\DSP\Source\TransformFunctions/arm_cfft_init_q31.c ****  * limitations under the License.
  27:.\DSP\Source\TransformFunctions/arm_cfft_init_q31.c ****  */
  28:.\DSP\Source\TransformFunctions/arm_cfft_init_q31.c **** 
  29:.\DSP\Source\TransformFunctions/arm_cfft_init_q31.c **** #define FFTINIT(EXT,SIZE)                                           \
  30:.\DSP\Source\TransformFunctions/arm_cfft_init_q31.c ****   S->bitRevLength = arm_cfft_sR_##EXT##_len##SIZE.bitRevLength;        \
  31:.\DSP\Source\TransformFunctions/arm_cfft_init_q31.c ****   S->pBitRevTable = arm_cfft_sR_##EXT##_len##SIZE.pBitRevTable;         \
ARM GAS  C:\Users\IVYLIU~1\AppData\Local\Temp\ccApx3dT.s 			page 2


  32:.\DSP\Source\TransformFunctions/arm_cfft_init_q31.c ****   S->pTwiddle = arm_cfft_sR_##EXT##_len##SIZE.pTwiddle;
  33:.\DSP\Source\TransformFunctions/arm_cfft_init_q31.c **** 
  34:.\DSP\Source\TransformFunctions/arm_cfft_init_q31.c **** /**
  35:.\DSP\Source\TransformFunctions/arm_cfft_init_q31.c ****   @addtogroup ComplexFFT
  36:.\DSP\Source\TransformFunctions/arm_cfft_init_q31.c ****   @{
  37:.\DSP\Source\TransformFunctions/arm_cfft_init_q31.c ****  */
  38:.\DSP\Source\TransformFunctions/arm_cfft_init_q31.c **** 
  39:.\DSP\Source\TransformFunctions/arm_cfft_init_q31.c **** /**
  40:.\DSP\Source\TransformFunctions/arm_cfft_init_q31.c ****   @brief         Initialization function for the cfft q31 function
  41:.\DSP\Source\TransformFunctions/arm_cfft_init_q31.c ****   @param[in,out] S              points to an instance of the floating-point CFFT structure
  42:.\DSP\Source\TransformFunctions/arm_cfft_init_q31.c ****   @param[in]     fftLen         fft length (number of complex samples)
  43:.\DSP\Source\TransformFunctions/arm_cfft_init_q31.c ****   @return        execution status
  44:.\DSP\Source\TransformFunctions/arm_cfft_init_q31.c ****                    - \ref ARM_MATH_SUCCESS        : Operation successful
  45:.\DSP\Source\TransformFunctions/arm_cfft_init_q31.c ****                    - \ref ARM_MATH_ARGUMENT_ERROR : an error is detected
  46:.\DSP\Source\TransformFunctions/arm_cfft_init_q31.c **** 
  47:.\DSP\Source\TransformFunctions/arm_cfft_init_q31.c ****   @par          Use of this function is mandatory only for the MVE version of the FFT.
  48:.\DSP\Source\TransformFunctions/arm_cfft_init_q31.c ****                 Other versions can still initialize directly the data structure using 
  49:.\DSP\Source\TransformFunctions/arm_cfft_init_q31.c ****                 variables declared in arm_const_structs.h
  50:.\DSP\Source\TransformFunctions/arm_cfft_init_q31.c ****  */
  51:.\DSP\Source\TransformFunctions/arm_cfft_init_q31.c **** 
  52:.\DSP\Source\TransformFunctions/arm_cfft_init_q31.c **** #include "dsp/transform_functions.h"
  53:.\DSP\Source\TransformFunctions/arm_cfft_init_q31.c **** #include "arm_common_tables.h"
  54:.\DSP\Source\TransformFunctions/arm_cfft_init_q31.c **** #include "arm_const_structs.h"
  55:.\DSP\Source\TransformFunctions/arm_cfft_init_q31.c **** 
  56:.\DSP\Source\TransformFunctions/arm_cfft_init_q31.c **** #if defined(ARM_MATH_MVEI)  && !defined(ARM_MATH_AUTOVECTORIZE)
  57:.\DSP\Source\TransformFunctions/arm_cfft_init_q31.c **** 
  58:.\DSP\Source\TransformFunctions/arm_cfft_init_q31.c **** #include "arm_vec_fft.h"
  59:.\DSP\Source\TransformFunctions/arm_cfft_init_q31.c **** #include "arm_mve_tables.h"
  60:.\DSP\Source\TransformFunctions/arm_cfft_init_q31.c **** 
  61:.\DSP\Source\TransformFunctions/arm_cfft_init_q31.c **** 
  62:.\DSP\Source\TransformFunctions/arm_cfft_init_q31.c **** arm_status arm_cfft_radix4by2_rearrange_twiddles_q31(arm_cfft_instance_q31 *S, int twidCoefModifier
  63:.\DSP\Source\TransformFunctions/arm_cfft_init_q31.c **** {
  64:.\DSP\Source\TransformFunctions/arm_cfft_init_q31.c ****                                                                   
  65:.\DSP\Source\TransformFunctions/arm_cfft_init_q31.c ****         switch (S->fftLen >> (twidCoefModifier - 1)) {  
  66:.\DSP\Source\TransformFunctions/arm_cfft_init_q31.c **** 
  67:.\DSP\Source\TransformFunctions/arm_cfft_init_q31.c **** #if !defined(ARM_DSP_CONFIG_TABLES) || defined(ARM_ALL_FFT_TABLES) || (defined(ARM_TABLE_BITREVIDX_
  68:.\DSP\Source\TransformFunctions/arm_cfft_init_q31.c ****         case 4096U:                                                                                
  69:.\DSP\Source\TransformFunctions/arm_cfft_init_q31.c ****             S->rearranged_twiddle_tab_stride1_arr = rearranged_twiddle_tab_stride1_arr_4096_q31;
  70:.\DSP\Source\TransformFunctions/arm_cfft_init_q31.c ****             S->rearranged_twiddle_stride1  =  rearranged_twiddle_stride1_4096_q31;     
  71:.\DSP\Source\TransformFunctions/arm_cfft_init_q31.c **** 
  72:.\DSP\Source\TransformFunctions/arm_cfft_init_q31.c ****             S->rearranged_twiddle_tab_stride2_arr = rearranged_twiddle_tab_stride2_arr_4096_q31;
  73:.\DSP\Source\TransformFunctions/arm_cfft_init_q31.c ****             S->rearranged_twiddle_stride2  =  rearranged_twiddle_stride2_4096_q31;    
  74:.\DSP\Source\TransformFunctions/arm_cfft_init_q31.c **** 
  75:.\DSP\Source\TransformFunctions/arm_cfft_init_q31.c ****             S->rearranged_twiddle_tab_stride3_arr = rearranged_twiddle_tab_stride3_arr_4096_q31;
  76:.\DSP\Source\TransformFunctions/arm_cfft_init_q31.c ****             S->rearranged_twiddle_stride3  =  rearranged_twiddle_stride3_4096_q31;                 
  77:.\DSP\Source\TransformFunctions/arm_cfft_init_q31.c ****             break; 
  78:.\DSP\Source\TransformFunctions/arm_cfft_init_q31.c **** #endif                                  
  79:.\DSP\Source\TransformFunctions/arm_cfft_init_q31.c **** 
  80:.\DSP\Source\TransformFunctions/arm_cfft_init_q31.c **** #if !defined(ARM_DSP_CONFIG_TABLES) || defined(ARM_ALL_FFT_TABLES) || (defined(ARM_TABLE_BITREVIDX_
  81:.\DSP\Source\TransformFunctions/arm_cfft_init_q31.c ****         case 1024U:                                                                                
  82:.\DSP\Source\TransformFunctions/arm_cfft_init_q31.c ****             S->rearranged_twiddle_tab_stride1_arr = rearranged_twiddle_tab_stride1_arr_1024_q31;
  83:.\DSP\Source\TransformFunctions/arm_cfft_init_q31.c ****             S->rearranged_twiddle_stride1  =  rearranged_twiddle_stride1_1024_q31;     
  84:.\DSP\Source\TransformFunctions/arm_cfft_init_q31.c **** 
  85:.\DSP\Source\TransformFunctions/arm_cfft_init_q31.c ****             S->rearranged_twiddle_tab_stride2_arr = rearranged_twiddle_tab_stride2_arr_1024_q31;
  86:.\DSP\Source\TransformFunctions/arm_cfft_init_q31.c ****             S->rearranged_twiddle_stride2  =  rearranged_twiddle_stride2_1024_q31;    
  87:.\DSP\Source\TransformFunctions/arm_cfft_init_q31.c **** 
  88:.\DSP\Source\TransformFunctions/arm_cfft_init_q31.c ****             S->rearranged_twiddle_tab_stride3_arr = rearranged_twiddle_tab_stride3_arr_1024_q31;
ARM GAS  C:\Users\IVYLIU~1\AppData\Local\Temp\ccApx3dT.s 			page 3


  89:.\DSP\Source\TransformFunctions/arm_cfft_init_q31.c ****             S->rearranged_twiddle_stride3  =  rearranged_twiddle_stride3_1024_q31;                 
  90:.\DSP\Source\TransformFunctions/arm_cfft_init_q31.c ****             break;                                                                                 
  91:.\DSP\Source\TransformFunctions/arm_cfft_init_q31.c ****  #endif 
  92:.\DSP\Source\TransformFunctions/arm_cfft_init_q31.c **** 
  93:.\DSP\Source\TransformFunctions/arm_cfft_init_q31.c ****  #if !defined(ARM_DSP_CONFIG_TABLES) || defined(ARM_ALL_FFT_TABLES) || (defined(ARM_TABLE_BITREVIDX
  94:.\DSP\Source\TransformFunctions/arm_cfft_init_q31.c ****         case 256U:                                                                                 
  95:.\DSP\Source\TransformFunctions/arm_cfft_init_q31.c ****             S->rearranged_twiddle_tab_stride1_arr = rearranged_twiddle_tab_stride1_arr_256_q31;
  96:.\DSP\Source\TransformFunctions/arm_cfft_init_q31.c ****             S->rearranged_twiddle_stride1  =  rearranged_twiddle_stride1_256_q31;     
  97:.\DSP\Source\TransformFunctions/arm_cfft_init_q31.c **** 
  98:.\DSP\Source\TransformFunctions/arm_cfft_init_q31.c ****             S->rearranged_twiddle_tab_stride2_arr = rearranged_twiddle_tab_stride2_arr_256_q31;
  99:.\DSP\Source\TransformFunctions/arm_cfft_init_q31.c ****             S->rearranged_twiddle_stride2  =  rearranged_twiddle_stride2_256_q31;    
 100:.\DSP\Source\TransformFunctions/arm_cfft_init_q31.c **** 
 101:.\DSP\Source\TransformFunctions/arm_cfft_init_q31.c ****             S->rearranged_twiddle_tab_stride3_arr = rearranged_twiddle_tab_stride3_arr_256_q31;
 102:.\DSP\Source\TransformFunctions/arm_cfft_init_q31.c ****             S->rearranged_twiddle_stride3  =  rearranged_twiddle_stride3_256_q31;    
 103:.\DSP\Source\TransformFunctions/arm_cfft_init_q31.c **** 
 104:.\DSP\Source\TransformFunctions/arm_cfft_init_q31.c ****             break;                     
 105:.\DSP\Source\TransformFunctions/arm_cfft_init_q31.c **** #endif 
 106:.\DSP\Source\TransformFunctions/arm_cfft_init_q31.c **** 
 107:.\DSP\Source\TransformFunctions/arm_cfft_init_q31.c **** #if !defined(ARM_DSP_CONFIG_TABLES) || defined(ARM_ALL_FFT_TABLES) || (defined(ARM_TABLE_BITREVIDX_
 108:.\DSP\Source\TransformFunctions/arm_cfft_init_q31.c ****         case 64U:                                                                                  
 109:.\DSP\Source\TransformFunctions/arm_cfft_init_q31.c ****             S->rearranged_twiddle_tab_stride1_arr = rearranged_twiddle_tab_stride1_arr_64_q31;
 110:.\DSP\Source\TransformFunctions/arm_cfft_init_q31.c ****             S->rearranged_twiddle_stride1  =  rearranged_twiddle_stride1_64_q31;     
 111:.\DSP\Source\TransformFunctions/arm_cfft_init_q31.c **** 
 112:.\DSP\Source\TransformFunctions/arm_cfft_init_q31.c ****             S->rearranged_twiddle_tab_stride2_arr = rearranged_twiddle_tab_stride2_arr_64_q31;
 113:.\DSP\Source\TransformFunctions/arm_cfft_init_q31.c ****             S->rearranged_twiddle_stride2  =  rearranged_twiddle_stride2_64_q31;    
 114:.\DSP\Source\TransformFunctions/arm_cfft_init_q31.c **** 
 115:.\DSP\Source\TransformFunctions/arm_cfft_init_q31.c ****             S->rearranged_twiddle_tab_stride3_arr = rearranged_twiddle_tab_stride3_arr_64_q31;
 116:.\DSP\Source\TransformFunctions/arm_cfft_init_q31.c ****             S->rearranged_twiddle_stride3  =  rearranged_twiddle_stride3_64_q31;                   
 117:.\DSP\Source\TransformFunctions/arm_cfft_init_q31.c ****             break;  
 118:.\DSP\Source\TransformFunctions/arm_cfft_init_q31.c **** #endif                                                                               
 119:.\DSP\Source\TransformFunctions/arm_cfft_init_q31.c ****               
 120:.\DSP\Source\TransformFunctions/arm_cfft_init_q31.c **** #if !defined(ARM_DSP_CONFIG_TABLES) || defined(ARM_ALL_FFT_TABLES) || (defined(ARM_TABLE_BITREVIDX_
 121:.\DSP\Source\TransformFunctions/arm_cfft_init_q31.c ****         case 16U:                                                                                  
 122:.\DSP\Source\TransformFunctions/arm_cfft_init_q31.c ****             S->rearranged_twiddle_tab_stride1_arr = rearranged_twiddle_tab_stride1_arr_16_q31;
 123:.\DSP\Source\TransformFunctions/arm_cfft_init_q31.c ****             S->rearranged_twiddle_stride1  =  rearranged_twiddle_stride1_16_q31;     
 124:.\DSP\Source\TransformFunctions/arm_cfft_init_q31.c **** 
 125:.\DSP\Source\TransformFunctions/arm_cfft_init_q31.c ****             S->rearranged_twiddle_tab_stride2_arr = rearranged_twiddle_tab_stride2_arr_16_q31;
 126:.\DSP\Source\TransformFunctions/arm_cfft_init_q31.c ****             S->rearranged_twiddle_stride2  =  rearranged_twiddle_stride2_16_q31;    
 127:.\DSP\Source\TransformFunctions/arm_cfft_init_q31.c **** 
 128:.\DSP\Source\TransformFunctions/arm_cfft_init_q31.c ****             S->rearranged_twiddle_tab_stride3_arr = rearranged_twiddle_tab_stride3_arr_16_q31;
 129:.\DSP\Source\TransformFunctions/arm_cfft_init_q31.c ****             S->rearranged_twiddle_stride3  =  rearranged_twiddle_stride3_16_q31;                   
 130:.\DSP\Source\TransformFunctions/arm_cfft_init_q31.c ****             break;  
 131:.\DSP\Source\TransformFunctions/arm_cfft_init_q31.c **** #endif                                                                               
 132:.\DSP\Source\TransformFunctions/arm_cfft_init_q31.c ****                                                                                                    
 133:.\DSP\Source\TransformFunctions/arm_cfft_init_q31.c ****         default:  
 134:.\DSP\Source\TransformFunctions/arm_cfft_init_q31.c ****             return(ARM_MATH_ARGUMENT_ERROR);                                                       
 135:.\DSP\Source\TransformFunctions/arm_cfft_init_q31.c ****             break;                                                                                 
 136:.\DSP\Source\TransformFunctions/arm_cfft_init_q31.c ****             /* invalid sizes already filtered */                                                   
 137:.\DSP\Source\TransformFunctions/arm_cfft_init_q31.c ****         }                                                                                          
 138:.\DSP\Source\TransformFunctions/arm_cfft_init_q31.c **** 
 139:.\DSP\Source\TransformFunctions/arm_cfft_init_q31.c ****         return(ARM_MATH_SUCCESS);
 140:.\DSP\Source\TransformFunctions/arm_cfft_init_q31.c **** 
 141:.\DSP\Source\TransformFunctions/arm_cfft_init_q31.c **** }
 142:.\DSP\Source\TransformFunctions/arm_cfft_init_q31.c **** 
 143:.\DSP\Source\TransformFunctions/arm_cfft_init_q31.c **** 
 144:.\DSP\Source\TransformFunctions/arm_cfft_init_q31.c **** 
 145:.\DSP\Source\TransformFunctions/arm_cfft_init_q31.c **** arm_status arm_cfft_init_q31(
ARM GAS  C:\Users\IVYLIU~1\AppData\Local\Temp\ccApx3dT.s 			page 4


 146:.\DSP\Source\TransformFunctions/arm_cfft_init_q31.c ****   arm_cfft_instance_q31 * S,
 147:.\DSP\Source\TransformFunctions/arm_cfft_init_q31.c ****   uint16_t fftLen)
 148:.\DSP\Source\TransformFunctions/arm_cfft_init_q31.c **** {
 149:.\DSP\Source\TransformFunctions/arm_cfft_init_q31.c **** 
 150:.\DSP\Source\TransformFunctions/arm_cfft_init_q31.c ****         /*  Initialise the default arm status */                                
 151:.\DSP\Source\TransformFunctions/arm_cfft_init_q31.c ****         arm_status status = ARM_MATH_SUCCESS;                                   
 152:.\DSP\Source\TransformFunctions/arm_cfft_init_q31.c ****                                                                                 
 153:.\DSP\Source\TransformFunctions/arm_cfft_init_q31.c ****         /*  Initialise the FFT length */                                        
 154:.\DSP\Source\TransformFunctions/arm_cfft_init_q31.c ****         S->fftLen = fftLen;                                                     
 155:.\DSP\Source\TransformFunctions/arm_cfft_init_q31.c ****                                                                                 
 156:.\DSP\Source\TransformFunctions/arm_cfft_init_q31.c ****         /*  Initialise the Twiddle coefficient pointer */                       
 157:.\DSP\Source\TransformFunctions/arm_cfft_init_q31.c ****         S->pTwiddle = NULL;                         
 158:.\DSP\Source\TransformFunctions/arm_cfft_init_q31.c ****                                                                                 
 159:.\DSP\Source\TransformFunctions/arm_cfft_init_q31.c ****                                                                                 
 160:.\DSP\Source\TransformFunctions/arm_cfft_init_q31.c ****         /*  Initializations of Instance structure depending on the FFT length */
 161:.\DSP\Source\TransformFunctions/arm_cfft_init_q31.c ****         switch (S->fftLen) {                                                    
 162:.\DSP\Source\TransformFunctions/arm_cfft_init_q31.c ****             /*  Initializations of structure parameters for 4096 point FFT */   
 163:.\DSP\Source\TransformFunctions/arm_cfft_init_q31.c **** #if !defined(ARM_DSP_CONFIG_TABLES) || defined(ARM_ALL_FFT_TABLES) || (defined(ARM_TABLE_BITREVIDX_
 164:.\DSP\Source\TransformFunctions/arm_cfft_init_q31.c ****         case 4096U:  
 165:.\DSP\Source\TransformFunctions/arm_cfft_init_q31.c ****             /*  Initialise the bit reversal table modifier */                   
 166:.\DSP\Source\TransformFunctions/arm_cfft_init_q31.c ****             S->bitRevLength = ARMBITREVINDEXTABLE_FIXED_4096_TABLE_LENGTH;      
 167:.\DSP\Source\TransformFunctions/arm_cfft_init_q31.c ****             S->pBitRevTable = (uint16_t *)armBitRevIndexTable_fixed_4096;   
 168:.\DSP\Source\TransformFunctions/arm_cfft_init_q31.c ****             S->pTwiddle = (q31_t *)twiddleCoef_4096_q31;       
 169:.\DSP\Source\TransformFunctions/arm_cfft_init_q31.c ****             status=arm_cfft_radix4by2_rearrange_twiddles_q31(S, 1);               
 170:.\DSP\Source\TransformFunctions/arm_cfft_init_q31.c ****             break;                                                              
 171:.\DSP\Source\TransformFunctions/arm_cfft_init_q31.c **** #endif 
 172:.\DSP\Source\TransformFunctions/arm_cfft_init_q31.c **** 
 173:.\DSP\Source\TransformFunctions/arm_cfft_init_q31.c **** #if !defined(ARM_DSP_CONFIG_TABLES) || defined(ARM_ALL_FFT_TABLES) || (defined(ARM_TABLE_BITREVIDX_
 174:.\DSP\Source\TransformFunctions/arm_cfft_init_q31.c ****             /*  Initializations of structure parameters for 2048 point FFT */   
 175:.\DSP\Source\TransformFunctions/arm_cfft_init_q31.c ****         case 2048U:                                                             
 176:.\DSP\Source\TransformFunctions/arm_cfft_init_q31.c ****             /*  Initialise the bit reversal table modifier */                   
 177:.\DSP\Source\TransformFunctions/arm_cfft_init_q31.c ****             S->bitRevLength = ARMBITREVINDEXTABLE_FIXED_2048_TABLE_LENGTH;      
 178:.\DSP\Source\TransformFunctions/arm_cfft_init_q31.c ****             S->pBitRevTable = (uint16_t *)armBitRevIndexTable_fixed_2048;
 179:.\DSP\Source\TransformFunctions/arm_cfft_init_q31.c ****             S->pTwiddle = (q31_t *)twiddleCoef_2048_q31;          
 180:.\DSP\Source\TransformFunctions/arm_cfft_init_q31.c ****             status=arm_cfft_radix4by2_rearrange_twiddles_q31(S, 2);           
 181:.\DSP\Source\TransformFunctions/arm_cfft_init_q31.c ****             break;     
 182:.\DSP\Source\TransformFunctions/arm_cfft_init_q31.c **** #endif 
 183:.\DSP\Source\TransformFunctions/arm_cfft_init_q31.c **** 
 184:.\DSP\Source\TransformFunctions/arm_cfft_init_q31.c **** #if !defined(ARM_DSP_CONFIG_TABLES) || defined(ARM_ALL_FFT_TABLES) || (defined(ARM_TABLE_BITREVIDX_
 185:.\DSP\Source\TransformFunctions/arm_cfft_init_q31.c ****             /*  Initializations of structure parameters for 1024 point FFT */   
 186:.\DSP\Source\TransformFunctions/arm_cfft_init_q31.c ****         case 1024U:                                                             
 187:.\DSP\Source\TransformFunctions/arm_cfft_init_q31.c ****             /*  Initialise the bit reversal table modifier */                   
 188:.\DSP\Source\TransformFunctions/arm_cfft_init_q31.c ****             S->bitRevLength = ARMBITREVINDEXTABLE_FIXED_1024_TABLE_LENGTH;      
 189:.\DSP\Source\TransformFunctions/arm_cfft_init_q31.c ****             S->pBitRevTable = (uint16_t *)armBitRevIndexTable_fixed_1024; 
 190:.\DSP\Source\TransformFunctions/arm_cfft_init_q31.c ****             S->pTwiddle = (q31_t *)twiddleCoef_1024_q31;         
 191:.\DSP\Source\TransformFunctions/arm_cfft_init_q31.c ****             status=arm_cfft_radix4by2_rearrange_twiddles_q31(S, 1);           
 192:.\DSP\Source\TransformFunctions/arm_cfft_init_q31.c ****             break;                                                              
 193:.\DSP\Source\TransformFunctions/arm_cfft_init_q31.c **** #endif 
 194:.\DSP\Source\TransformFunctions/arm_cfft_init_q31.c **** 
 195:.\DSP\Source\TransformFunctions/arm_cfft_init_q31.c **** #if !defined(ARM_DSP_CONFIG_TABLES) || defined(ARM_ALL_FFT_TABLES) || (defined(ARM_TABLE_BITREVIDX_
 196:.\DSP\Source\TransformFunctions/arm_cfft_init_q31.c ****             /*  Initializations of structure parameters for 512 point FFT */    
 197:.\DSP\Source\TransformFunctions/arm_cfft_init_q31.c ****         case 512U:                                                              
 198:.\DSP\Source\TransformFunctions/arm_cfft_init_q31.c ****             /*  Initialise the bit reversal table modifier */                   
 199:.\DSP\Source\TransformFunctions/arm_cfft_init_q31.c ****             S->bitRevLength = ARMBITREVINDEXTABLE_FIXED_512_TABLE_LENGTH;       
 200:.\DSP\Source\TransformFunctions/arm_cfft_init_q31.c ****             S->pBitRevTable = (uint16_t *)armBitRevIndexTable_fixed_512;  
 201:.\DSP\Source\TransformFunctions/arm_cfft_init_q31.c ****             S->pTwiddle = (q31_t *)twiddleCoef_512_q31;         
 202:.\DSP\Source\TransformFunctions/arm_cfft_init_q31.c ****             status=arm_cfft_radix4by2_rearrange_twiddles_q31(S, 2);           
ARM GAS  C:\Users\IVYLIU~1\AppData\Local\Temp\ccApx3dT.s 			page 5


 203:.\DSP\Source\TransformFunctions/arm_cfft_init_q31.c ****             break;                                                              
 204:.\DSP\Source\TransformFunctions/arm_cfft_init_q31.c **** #endif 
 205:.\DSP\Source\TransformFunctions/arm_cfft_init_q31.c **** 
 206:.\DSP\Source\TransformFunctions/arm_cfft_init_q31.c **** #if !defined(ARM_DSP_CONFIG_TABLES) || defined(ARM_ALL_FFT_TABLES) || (defined(ARM_TABLE_BITREVIDX_
 207:.\DSP\Source\TransformFunctions/arm_cfft_init_q31.c ****         case 256U:                                                              
 208:.\DSP\Source\TransformFunctions/arm_cfft_init_q31.c ****             S->bitRevLength = ARMBITREVINDEXTABLE_FIXED_256_TABLE_LENGTH;       
 209:.\DSP\Source\TransformFunctions/arm_cfft_init_q31.c ****             S->pBitRevTable = (uint16_t *)armBitRevIndexTable_fixed_256; 
 210:.\DSP\Source\TransformFunctions/arm_cfft_init_q31.c ****             S->pTwiddle = (q31_t *)twiddleCoef_256_q31;          
 211:.\DSP\Source\TransformFunctions/arm_cfft_init_q31.c ****             status=arm_cfft_radix4by2_rearrange_twiddles_q31(S, 1);           
 212:.\DSP\Source\TransformFunctions/arm_cfft_init_q31.c ****             break;  
 213:.\DSP\Source\TransformFunctions/arm_cfft_init_q31.c **** #endif                                                            
 214:.\DSP\Source\TransformFunctions/arm_cfft_init_q31.c ****                  
 215:.\DSP\Source\TransformFunctions/arm_cfft_init_q31.c **** #if !defined(ARM_DSP_CONFIG_TABLES) || defined(ARM_ALL_FFT_TABLES) || (defined(ARM_TABLE_BITREVIDX_
 216:.\DSP\Source\TransformFunctions/arm_cfft_init_q31.c ****         case 128U:                                                              
 217:.\DSP\Source\TransformFunctions/arm_cfft_init_q31.c ****             S->bitRevLength = ARMBITREVINDEXTABLE_FIXED_128_TABLE_LENGTH;       
 218:.\DSP\Source\TransformFunctions/arm_cfft_init_q31.c ****             S->pBitRevTable = (uint16_t *)armBitRevIndexTable_fixed_128; 
 219:.\DSP\Source\TransformFunctions/arm_cfft_init_q31.c ****             S->pTwiddle = (q31_t *)twiddleCoef_128_q31;          
 220:.\DSP\Source\TransformFunctions/arm_cfft_init_q31.c ****             status=arm_cfft_radix4by2_rearrange_twiddles_q31(S, 2);           
 221:.\DSP\Source\TransformFunctions/arm_cfft_init_q31.c ****             break;                                                              
 222:.\DSP\Source\TransformFunctions/arm_cfft_init_q31.c **** #endif 
 223:.\DSP\Source\TransformFunctions/arm_cfft_init_q31.c **** 
 224:.\DSP\Source\TransformFunctions/arm_cfft_init_q31.c **** #if !defined(ARM_DSP_CONFIG_TABLES) || defined(ARM_ALL_FFT_TABLES) || (defined(ARM_TABLE_BITREVIDX_
 225:.\DSP\Source\TransformFunctions/arm_cfft_init_q31.c ****         case 64U:                                                               
 226:.\DSP\Source\TransformFunctions/arm_cfft_init_q31.c ****             S->bitRevLength = ARMBITREVINDEXTABLE_FIXED_64_TABLE_LENGTH;        
 227:.\DSP\Source\TransformFunctions/arm_cfft_init_q31.c ****             S->pBitRevTable = (uint16_t *)armBitRevIndexTable_fixed_64;  
 228:.\DSP\Source\TransformFunctions/arm_cfft_init_q31.c ****             S->pTwiddle = (q31_t *)twiddleCoef_64_q31;          
 229:.\DSP\Source\TransformFunctions/arm_cfft_init_q31.c ****             status=arm_cfft_radix4by2_rearrange_twiddles_q31(S, 1);           
 230:.\DSP\Source\TransformFunctions/arm_cfft_init_q31.c ****             break;                                                              
 231:.\DSP\Source\TransformFunctions/arm_cfft_init_q31.c **** #endif 
 232:.\DSP\Source\TransformFunctions/arm_cfft_init_q31.c **** 
 233:.\DSP\Source\TransformFunctions/arm_cfft_init_q31.c **** #if !defined(ARM_DSP_CONFIG_TABLES) || defined(ARM_ALL_FFT_TABLES) || (defined(ARM_TABLE_BITREVIDX_
 234:.\DSP\Source\TransformFunctions/arm_cfft_init_q31.c ****         case 32U:                                                               
 235:.\DSP\Source\TransformFunctions/arm_cfft_init_q31.c ****             S->bitRevLength = ARMBITREVINDEXTABLE_FIXED_32_TABLE_LENGTH;        
 236:.\DSP\Source\TransformFunctions/arm_cfft_init_q31.c ****             S->pBitRevTable = (uint16_t *)armBitRevIndexTable_fixed_32;  
 237:.\DSP\Source\TransformFunctions/arm_cfft_init_q31.c ****             S->pTwiddle = (q31_t *)twiddleCoef_32_q31;          
 238:.\DSP\Source\TransformFunctions/arm_cfft_init_q31.c ****             status=arm_cfft_radix4by2_rearrange_twiddles_q31(S, 2);           
 239:.\DSP\Source\TransformFunctions/arm_cfft_init_q31.c ****             break;                                                              
 240:.\DSP\Source\TransformFunctions/arm_cfft_init_q31.c **** #endif
 241:.\DSP\Source\TransformFunctions/arm_cfft_init_q31.c **** 
 242:.\DSP\Source\TransformFunctions/arm_cfft_init_q31.c **** #if !defined(ARM_DSP_CONFIG_TABLES) || defined(ARM_ALL_FFT_TABLES) || (defined(ARM_TABLE_BITREVIDX_
 243:.\DSP\Source\TransformFunctions/arm_cfft_init_q31.c ****         case 16U:                                                               
 244:.\DSP\Source\TransformFunctions/arm_cfft_init_q31.c ****             /*  Initializations of structure parameters for 16 point FFT */     
 245:.\DSP\Source\TransformFunctions/arm_cfft_init_q31.c ****             S->bitRevLength = ARMBITREVINDEXTABLE_FIXED_16_TABLE_LENGTH;        
 246:.\DSP\Source\TransformFunctions/arm_cfft_init_q31.c ****             S->pBitRevTable = (uint16_t *)armBitRevIndexTable_fixed_16; 
 247:.\DSP\Source\TransformFunctions/arm_cfft_init_q31.c ****             S->pTwiddle = (q31_t *)twiddleCoef_16_q31;           
 248:.\DSP\Source\TransformFunctions/arm_cfft_init_q31.c ****             status=arm_cfft_radix4by2_rearrange_twiddles_q31(S, 1);           
 249:.\DSP\Source\TransformFunctions/arm_cfft_init_q31.c ****             break;                                                              
 250:.\DSP\Source\TransformFunctions/arm_cfft_init_q31.c **** #endif                                                                             
 251:.\DSP\Source\TransformFunctions/arm_cfft_init_q31.c ****                                                                          
 252:.\DSP\Source\TransformFunctions/arm_cfft_init_q31.c ****         default:                                                                
 253:.\DSP\Source\TransformFunctions/arm_cfft_init_q31.c ****             /*  Reporting argument error if fftSize is not valid value */       
 254:.\DSP\Source\TransformFunctions/arm_cfft_init_q31.c ****             status = ARM_MATH_ARGUMENT_ERROR;                                   
 255:.\DSP\Source\TransformFunctions/arm_cfft_init_q31.c ****             break;                                                              
 256:.\DSP\Source\TransformFunctions/arm_cfft_init_q31.c ****         }                                                                       
 257:.\DSP\Source\TransformFunctions/arm_cfft_init_q31.c ****                                                                                 
 258:.\DSP\Source\TransformFunctions/arm_cfft_init_q31.c ****                                                                                 
 259:.\DSP\Source\TransformFunctions/arm_cfft_init_q31.c ****         return (status);     
ARM GAS  C:\Users\IVYLIU~1\AppData\Local\Temp\ccApx3dT.s 			page 6


 260:.\DSP\Source\TransformFunctions/arm_cfft_init_q31.c **** }
 261:.\DSP\Source\TransformFunctions/arm_cfft_init_q31.c **** #else
 262:.\DSP\Source\TransformFunctions/arm_cfft_init_q31.c **** arm_status arm_cfft_init_q31(
 263:.\DSP\Source\TransformFunctions/arm_cfft_init_q31.c ****   arm_cfft_instance_q31 * S,
 264:.\DSP\Source\TransformFunctions/arm_cfft_init_q31.c ****   uint16_t fftLen)
 265:.\DSP\Source\TransformFunctions/arm_cfft_init_q31.c **** {
  27              		.loc 1 265 0
  28              		.cfi_startproc
  29              		@ args = 0, pretend = 0, frame = 0
  30              		@ frame_needed = 0, uses_anonymous_args = 0
  31              		@ link register save eliminated.
  32              	.LVL0:
 266:.\DSP\Source\TransformFunctions/arm_cfft_init_q31.c ****         /*  Initialise the default arm status */
 267:.\DSP\Source\TransformFunctions/arm_cfft_init_q31.c ****         arm_status status = ARM_MATH_SUCCESS;
 268:.\DSP\Source\TransformFunctions/arm_cfft_init_q31.c **** 
 269:.\DSP\Source\TransformFunctions/arm_cfft_init_q31.c ****         /*  Initialise the FFT length */
 270:.\DSP\Source\TransformFunctions/arm_cfft_init_q31.c ****         S->fftLen = fftLen;
  33              		.loc 1 270 0
  34 0000 0180     		strh	r1, [r0]	@ movhi
 271:.\DSP\Source\TransformFunctions/arm_cfft_init_q31.c **** 
 272:.\DSP\Source\TransformFunctions/arm_cfft_init_q31.c ****         /*  Initialise the Twiddle coefficient pointer */
 273:.\DSP\Source\TransformFunctions/arm_cfft_init_q31.c ****         S->pTwiddle = NULL;
  35              		.loc 1 273 0
  36 0002 0023     		movs	r3, #0
  37 0004 4360     		str	r3, [r0, #4]
 274:.\DSP\Source\TransformFunctions/arm_cfft_init_q31.c **** 
 275:.\DSP\Source\TransformFunctions/arm_cfft_init_q31.c **** 
 276:.\DSP\Source\TransformFunctions/arm_cfft_init_q31.c ****         /*  Initializations of Instance structure depending on the FFT length */
 277:.\DSP\Source\TransformFunctions/arm_cfft_init_q31.c ****         switch (S->fftLen) {
  38              		.loc 1 277 0
  39 0006 B1F5807F 		cmp	r1, #256
  40 000a 3DD0     		beq	.L3
  41 000c 0AD8     		bhi	.L4
  42 000e 2029     		cmp	r1, #32
  43 0010 55D0     		beq	.L5
  44 0012 02D8     		bhi	.L6
  45 0014 1029     		cmp	r1, #16
  46 0016 5BD0     		beq	.L7
  47 0018 63E0     		b	.L15
  48              	.L6:
  49 001a 4029     		cmp	r1, #64
  50 001c 46D0     		beq	.L8
  51 001e 8029     		cmp	r1, #128
  52 0020 3BD0     		beq	.L9
  53 0022 5EE0     		b	.L15
  54              	.L4:
  55 0024 B1F5806F 		cmp	r1, #1024
  56 0028 1CD0     		beq	.L10
  57 002a 03D8     		bhi	.L11
  58 002c B1F5007F 		cmp	r1, #512
  59 0030 21D0     		beq	.L12
  60 0032 56E0     		b	.L15
  61              	.L11:
  62 0034 B1F5006F 		cmp	r1, #2048
  63 0038 0BD0     		beq	.L13
  64 003a B1F5805F 		cmp	r1, #4096
  65 003e 50D1     		bne	.L15
ARM GAS  C:\Users\IVYLIU~1\AppData\Local\Temp\ccApx3dT.s 			page 7


 278:.\DSP\Source\TransformFunctions/arm_cfft_init_q31.c **** #if !defined(ARM_DSP_CONFIG_TABLES) || defined(ARM_ALL_FFT_TABLES) || (defined(ARM_TABLE_TWIDDLECOE
 279:.\DSP\Source\TransformFunctions/arm_cfft_init_q31.c ****             /*  Initializations of structure parameters for 4096 point FFT */
 280:.\DSP\Source\TransformFunctions/arm_cfft_init_q31.c ****         case 4096U:
 281:.\DSP\Source\TransformFunctions/arm_cfft_init_q31.c ****             /*  Initialise the bit reversal table modifier */
 282:.\DSP\Source\TransformFunctions/arm_cfft_init_q31.c ****             FFTINIT(q31,4096);
  66              		.loc 1 282 0
  67 0040 294B     		ldr	r3, .L16
  68 0042 9A89     		ldrh	r2, [r3, #12]
  69 0044 8281     		strh	r2, [r0, #12]	@ movhi
  70 0046 9A68     		ldr	r2, [r3, #8]
  71 0048 8260     		str	r2, [r0, #8]
  72 004a 5B68     		ldr	r3, [r3, #4]
  73 004c 4360     		str	r3, [r0, #4]
 267:.\DSP\Source\TransformFunctions/arm_cfft_init_q31.c **** 
  74              		.loc 1 267 0
  75 004e 0020     		movs	r0, #0
  76              	.LVL1:
 283:.\DSP\Source\TransformFunctions/arm_cfft_init_q31.c ****             break;
  77              		.loc 1 283 0
  78 0050 48E0     		b	.L2
  79              	.LVL2:
  80              	.L13:
 284:.\DSP\Source\TransformFunctions/arm_cfft_init_q31.c **** #endif
 285:.\DSP\Source\TransformFunctions/arm_cfft_init_q31.c **** 
 286:.\DSP\Source\TransformFunctions/arm_cfft_init_q31.c **** #if !defined(ARM_DSP_CONFIG_TABLES) || defined(ARM_ALL_FFT_TABLES) || (defined(ARM_TABLE_TWIDDLECOE
 287:.\DSP\Source\TransformFunctions/arm_cfft_init_q31.c ****             /*  Initializations of structure parameters for 2048 point FFT */
 288:.\DSP\Source\TransformFunctions/arm_cfft_init_q31.c ****         case 2048U:
 289:.\DSP\Source\TransformFunctions/arm_cfft_init_q31.c ****             /*  Initialise the bit reversal table modifier */
 290:.\DSP\Source\TransformFunctions/arm_cfft_init_q31.c ****             FFTINIT(q31,2048);
  81              		.loc 1 290 0
  82 0052 264B     		ldr	r3, .L16+4
  83 0054 9A89     		ldrh	r2, [r3, #12]
  84 0056 8281     		strh	r2, [r0, #12]	@ movhi
  85 0058 9A68     		ldr	r2, [r3, #8]
  86 005a 8260     		str	r2, [r0, #8]
  87 005c 5B68     		ldr	r3, [r3, #4]
  88 005e 4360     		str	r3, [r0, #4]
 267:.\DSP\Source\TransformFunctions/arm_cfft_init_q31.c **** 
  89              		.loc 1 267 0
  90 0060 0020     		movs	r0, #0
  91              	.LVL3:
 291:.\DSP\Source\TransformFunctions/arm_cfft_init_q31.c **** 
 292:.\DSP\Source\TransformFunctions/arm_cfft_init_q31.c ****             break;
  92              		.loc 1 292 0
  93 0062 3FE0     		b	.L2
  94              	.LVL4:
  95              	.L10:
 293:.\DSP\Source\TransformFunctions/arm_cfft_init_q31.c **** #endif
 294:.\DSP\Source\TransformFunctions/arm_cfft_init_q31.c **** 
 295:.\DSP\Source\TransformFunctions/arm_cfft_init_q31.c **** #if !defined(ARM_DSP_CONFIG_TABLES) || defined(ARM_ALL_FFT_TABLES) || (defined(ARM_TABLE_TWIDDLECOE
 296:.\DSP\Source\TransformFunctions/arm_cfft_init_q31.c ****             /*  Initializations of structure parameters for 1024 point FFT */
 297:.\DSP\Source\TransformFunctions/arm_cfft_init_q31.c ****         case 1024U:
 298:.\DSP\Source\TransformFunctions/arm_cfft_init_q31.c ****             /*  Initialise the bit reversal table modifier */
 299:.\DSP\Source\TransformFunctions/arm_cfft_init_q31.c ****             FFTINIT(q31,1024);
  96              		.loc 1 299 0
  97 0064 224B     		ldr	r3, .L16+8
  98 0066 9A89     		ldrh	r2, [r3, #12]
ARM GAS  C:\Users\IVYLIU~1\AppData\Local\Temp\ccApx3dT.s 			page 8


  99 0068 8281     		strh	r2, [r0, #12]	@ movhi
 100 006a 9A68     		ldr	r2, [r3, #8]
 101 006c 8260     		str	r2, [r0, #8]
 102 006e 5B68     		ldr	r3, [r3, #4]
 103 0070 4360     		str	r3, [r0, #4]
 267:.\DSP\Source\TransformFunctions/arm_cfft_init_q31.c **** 
 104              		.loc 1 267 0
 105 0072 0020     		movs	r0, #0
 106              	.LVL5:
 300:.\DSP\Source\TransformFunctions/arm_cfft_init_q31.c **** 
 301:.\DSP\Source\TransformFunctions/arm_cfft_init_q31.c ****             break;
 107              		.loc 1 301 0
 108 0074 36E0     		b	.L2
 109              	.LVL6:
 110              	.L12:
 302:.\DSP\Source\TransformFunctions/arm_cfft_init_q31.c **** #endif
 303:.\DSP\Source\TransformFunctions/arm_cfft_init_q31.c **** 
 304:.\DSP\Source\TransformFunctions/arm_cfft_init_q31.c **** #if !defined(ARM_DSP_CONFIG_TABLES) || defined(ARM_ALL_FFT_TABLES) || (defined(ARM_TABLE_TWIDDLECOE
 305:.\DSP\Source\TransformFunctions/arm_cfft_init_q31.c ****             /*  Initializations of structure parameters for 512 point FFT */
 306:.\DSP\Source\TransformFunctions/arm_cfft_init_q31.c ****         case 512U:
 307:.\DSP\Source\TransformFunctions/arm_cfft_init_q31.c ****             /*  Initialise the bit reversal table modifier */
 308:.\DSP\Source\TransformFunctions/arm_cfft_init_q31.c ****             FFTINIT(q31,512);
 111              		.loc 1 308 0
 112 0076 1F4B     		ldr	r3, .L16+12
 113 0078 9A89     		ldrh	r2, [r3, #12]
 114 007a 8281     		strh	r2, [r0, #12]	@ movhi
 115 007c 9A68     		ldr	r2, [r3, #8]
 116 007e 8260     		str	r2, [r0, #8]
 117 0080 5B68     		ldr	r3, [r3, #4]
 118 0082 4360     		str	r3, [r0, #4]
 267:.\DSP\Source\TransformFunctions/arm_cfft_init_q31.c **** 
 119              		.loc 1 267 0
 120 0084 0020     		movs	r0, #0
 121              	.LVL7:
 309:.\DSP\Source\TransformFunctions/arm_cfft_init_q31.c ****             break;
 122              		.loc 1 309 0
 123 0086 2DE0     		b	.L2
 124              	.LVL8:
 125              	.L3:
 310:.\DSP\Source\TransformFunctions/arm_cfft_init_q31.c **** #endif
 311:.\DSP\Source\TransformFunctions/arm_cfft_init_q31.c **** 
 312:.\DSP\Source\TransformFunctions/arm_cfft_init_q31.c **** #if !defined(ARM_DSP_CONFIG_TABLES) || defined(ARM_ALL_FFT_TABLES) || (defined(ARM_TABLE_TWIDDLECOE
 313:.\DSP\Source\TransformFunctions/arm_cfft_init_q31.c ****         case 256U:
 314:.\DSP\Source\TransformFunctions/arm_cfft_init_q31.c ****             FFTINIT(q31,256);
 126              		.loc 1 314 0
 127 0088 1B4B     		ldr	r3, .L16+16
 128 008a 9A89     		ldrh	r2, [r3, #12]
 129 008c 8281     		strh	r2, [r0, #12]	@ movhi
 130 008e 9A68     		ldr	r2, [r3, #8]
 131 0090 8260     		str	r2, [r0, #8]
 132 0092 5B68     		ldr	r3, [r3, #4]
 133 0094 4360     		str	r3, [r0, #4]
 267:.\DSP\Source\TransformFunctions/arm_cfft_init_q31.c **** 
 134              		.loc 1 267 0
 135 0096 0020     		movs	r0, #0
 136              	.LVL9:
 315:.\DSP\Source\TransformFunctions/arm_cfft_init_q31.c ****             break;
ARM GAS  C:\Users\IVYLIU~1\AppData\Local\Temp\ccApx3dT.s 			page 9


 137              		.loc 1 315 0
 138 0098 24E0     		b	.L2
 139              	.LVL10:
 140              	.L9:
 316:.\DSP\Source\TransformFunctions/arm_cfft_init_q31.c **** #endif
 317:.\DSP\Source\TransformFunctions/arm_cfft_init_q31.c **** 
 318:.\DSP\Source\TransformFunctions/arm_cfft_init_q31.c **** #if !defined(ARM_DSP_CONFIG_TABLES) || defined(ARM_ALL_FFT_TABLES) || (defined(ARM_TABLE_TWIDDLECOE
 319:.\DSP\Source\TransformFunctions/arm_cfft_init_q31.c ****         case 128U:
 320:.\DSP\Source\TransformFunctions/arm_cfft_init_q31.c ****             FFTINIT(q31,128);
 141              		.loc 1 320 0
 142 009a 184B     		ldr	r3, .L16+20
 143 009c 9A89     		ldrh	r2, [r3, #12]
 144 009e 8281     		strh	r2, [r0, #12]	@ movhi
 145 00a0 9A68     		ldr	r2, [r3, #8]
 146 00a2 8260     		str	r2, [r0, #8]
 147 00a4 5B68     		ldr	r3, [r3, #4]
 148 00a6 4360     		str	r3, [r0, #4]
 267:.\DSP\Source\TransformFunctions/arm_cfft_init_q31.c **** 
 149              		.loc 1 267 0
 150 00a8 0020     		movs	r0, #0
 151              	.LVL11:
 321:.\DSP\Source\TransformFunctions/arm_cfft_init_q31.c ****             break;
 152              		.loc 1 321 0
 153 00aa 1BE0     		b	.L2
 154              	.LVL12:
 155              	.L8:
 322:.\DSP\Source\TransformFunctions/arm_cfft_init_q31.c **** #endif 
 323:.\DSP\Source\TransformFunctions/arm_cfft_init_q31.c **** 
 324:.\DSP\Source\TransformFunctions/arm_cfft_init_q31.c **** #if !defined(ARM_DSP_CONFIG_TABLES) || defined(ARM_ALL_FFT_TABLES) || (defined(ARM_TABLE_TWIDDLECOE
 325:.\DSP\Source\TransformFunctions/arm_cfft_init_q31.c ****         case 64U:
 326:.\DSP\Source\TransformFunctions/arm_cfft_init_q31.c ****             FFTINIT(q31,64);
 156              		.loc 1 326 0
 157 00ac 144B     		ldr	r3, .L16+24
 158 00ae 9A89     		ldrh	r2, [r3, #12]
 159 00b0 8281     		strh	r2, [r0, #12]	@ movhi
 160 00b2 9A68     		ldr	r2, [r3, #8]
 161 00b4 8260     		str	r2, [r0, #8]
 162 00b6 5B68     		ldr	r3, [r3, #4]
 163 00b8 4360     		str	r3, [r0, #4]
 267:.\DSP\Source\TransformFunctions/arm_cfft_init_q31.c **** 
 164              		.loc 1 267 0
 165 00ba 0020     		movs	r0, #0
 166              	.LVL13:
 327:.\DSP\Source\TransformFunctions/arm_cfft_init_q31.c ****             break;
 167              		.loc 1 327 0
 168 00bc 12E0     		b	.L2
 169              	.LVL14:
 170              	.L5:
 328:.\DSP\Source\TransformFunctions/arm_cfft_init_q31.c **** #endif 
 329:.\DSP\Source\TransformFunctions/arm_cfft_init_q31.c **** 
 330:.\DSP\Source\TransformFunctions/arm_cfft_init_q31.c **** #if !defined(ARM_DSP_CONFIG_TABLES) || defined(ARM_ALL_FFT_TABLES) || (defined(ARM_TABLE_TWIDDLECOE
 331:.\DSP\Source\TransformFunctions/arm_cfft_init_q31.c ****         case 32U:
 332:.\DSP\Source\TransformFunctions/arm_cfft_init_q31.c ****             FFTINIT(q31,32);
 171              		.loc 1 332 0
 172 00be 114B     		ldr	r3, .L16+28
 173 00c0 9A89     		ldrh	r2, [r3, #12]
 174 00c2 8281     		strh	r2, [r0, #12]	@ movhi
ARM GAS  C:\Users\IVYLIU~1\AppData\Local\Temp\ccApx3dT.s 			page 10


 175 00c4 9A68     		ldr	r2, [r3, #8]
 176 00c6 8260     		str	r2, [r0, #8]
 177 00c8 5B68     		ldr	r3, [r3, #4]
 178 00ca 4360     		str	r3, [r0, #4]
 267:.\DSP\Source\TransformFunctions/arm_cfft_init_q31.c **** 
 179              		.loc 1 267 0
 180 00cc 0020     		movs	r0, #0
 181              	.LVL15:
 333:.\DSP\Source\TransformFunctions/arm_cfft_init_q31.c ****             break;
 182              		.loc 1 333 0
 183 00ce 09E0     		b	.L2
 184              	.LVL16:
 185              	.L7:
 334:.\DSP\Source\TransformFunctions/arm_cfft_init_q31.c **** #endif 
 335:.\DSP\Source\TransformFunctions/arm_cfft_init_q31.c **** 
 336:.\DSP\Source\TransformFunctions/arm_cfft_init_q31.c **** #if !defined(ARM_DSP_CONFIG_TABLES) || defined(ARM_ALL_FFT_TABLES) || (defined(ARM_TABLE_TWIDDLECOE
 337:.\DSP\Source\TransformFunctions/arm_cfft_init_q31.c ****         case 16U:
 338:.\DSP\Source\TransformFunctions/arm_cfft_init_q31.c ****             /*  Initializations of structure parameters for 16 point FFT */
 339:.\DSP\Source\TransformFunctions/arm_cfft_init_q31.c ****             FFTINIT(q31,16);
 186              		.loc 1 339 0
 187 00d0 0D4B     		ldr	r3, .L16+32
 188 00d2 9A89     		ldrh	r2, [r3, #12]
 189 00d4 8281     		strh	r2, [r0, #12]	@ movhi
 190 00d6 9A68     		ldr	r2, [r3, #8]
 191 00d8 8260     		str	r2, [r0, #8]
 192 00da 5B68     		ldr	r3, [r3, #4]
 193 00dc 4360     		str	r3, [r0, #4]
 267:.\DSP\Source\TransformFunctions/arm_cfft_init_q31.c **** 
 194              		.loc 1 267 0
 195 00de 0020     		movs	r0, #0
 196              	.LVL17:
 340:.\DSP\Source\TransformFunctions/arm_cfft_init_q31.c ****             break;
 197              		.loc 1 340 0
 198 00e0 00E0     		b	.L2
 199              	.LVL18:
 200              	.L15:
 341:.\DSP\Source\TransformFunctions/arm_cfft_init_q31.c **** #endif
 342:.\DSP\Source\TransformFunctions/arm_cfft_init_q31.c **** 
 343:.\DSP\Source\TransformFunctions/arm_cfft_init_q31.c ****         default:
 344:.\DSP\Source\TransformFunctions/arm_cfft_init_q31.c ****             /*  Reporting argument error if fftSize is not valid value */
 345:.\DSP\Source\TransformFunctions/arm_cfft_init_q31.c ****             status = ARM_MATH_ARGUMENT_ERROR;
 201              		.loc 1 345 0
 202 00e2 FF20     		movs	r0, #255
 203              	.LVL19:
 204              	.L2:
 346:.\DSP\Source\TransformFunctions/arm_cfft_init_q31.c ****             break;
 347:.\DSP\Source\TransformFunctions/arm_cfft_init_q31.c ****         }
 348:.\DSP\Source\TransformFunctions/arm_cfft_init_q31.c **** 
 349:.\DSP\Source\TransformFunctions/arm_cfft_init_q31.c **** 
 350:.\DSP\Source\TransformFunctions/arm_cfft_init_q31.c ****         return (status);
 351:.\DSP\Source\TransformFunctions/arm_cfft_init_q31.c **** }
 205              		.loc 1 351 0
 206 00e4 40B2     		sxtb	r0, r0
 207 00e6 7047     		bx	lr
 208              	.L17:
 209              		.align	2
 210              	.L16:
ARM GAS  C:\Users\IVYLIU~1\AppData\Local\Temp\ccApx3dT.s 			page 11


 211 00e8 00000000 		.word	arm_cfft_sR_q31_len4096
 212 00ec 00000000 		.word	arm_cfft_sR_q31_len2048
 213 00f0 00000000 		.word	arm_cfft_sR_q31_len1024
 214 00f4 00000000 		.word	arm_cfft_sR_q31_len512
 215 00f8 00000000 		.word	arm_cfft_sR_q31_len256
 216 00fc 00000000 		.word	arm_cfft_sR_q31_len128
 217 0100 00000000 		.word	arm_cfft_sR_q31_len64
 218 0104 00000000 		.word	arm_cfft_sR_q31_len32
 219 0108 00000000 		.word	arm_cfft_sR_q31_len16
 220              		.cfi_endproc
 221              	.LFE84:
 222              		.size	arm_cfft_init_q31, .-arm_cfft_init_q31
 223              		.text
 224              	.Letext0:
 225              		.file 2 "c:\\program files (x86)\\cypress\\psoc creator\\3.3\\psoc creator\\import\\gnu\\arm\\4.9.
 226              		.file 3 "c:\\program files (x86)\\cypress\\psoc creator\\3.3\\psoc creator\\import\\gnu\\arm\\4.9.
 227              		.file 4 ".\\DSP\\Include/arm_math_types.h"
 228              		.file 5 ".\\DSP\\Include/dsp/transform_functions.h"
 229              		.file 6 ".\\Core\\Include/cmsis_gcc.h"
 230              		.file 7 ".\\DSP\\Include/arm_const_structs.h"
 231              		.section	.debug_info,"",%progbits
 232              	.Ldebug_info0:
 233 0000 D6020000 		.4byte	0x2d6
 234 0004 0400     		.2byte	0x4
 235 0006 00000000 		.4byte	.Ldebug_abbrev0
 236 000a 04       		.byte	0x4
 237 000b 01       		.uleb128 0x1
 238 000c 5C030000 		.4byte	.LASF52
 239 0010 01       		.byte	0x1
 240 0011 C0000000 		.4byte	.LASF53
 241 0015 DD020000 		.4byte	.LASF54
 242 0019 00000000 		.4byte	.Ldebug_ranges0+0
 243 001d 00000000 		.4byte	0
 244 0021 00000000 		.4byte	.Ldebug_line0
 245 0025 02       		.uleb128 0x2
 246 0026 01       		.byte	0x1
 247 0027 06       		.byte	0x6
 248 0028 28040000 		.4byte	.LASF0
 249 002c 02       		.uleb128 0x2
 250 002d 01       		.byte	0x1
 251 002e 08       		.byte	0x8
 252 002f 53010000 		.4byte	.LASF1
 253 0033 02       		.uleb128 0x2
 254 0034 02       		.byte	0x2
 255 0035 05       		.byte	0x5
 256 0036 49030000 		.4byte	.LASF2
 257 003a 03       		.uleb128 0x3
 258 003b E3010000 		.4byte	.LASF4
 259 003f 02       		.byte	0x2
 260 0040 2B       		.byte	0x2b
 261 0041 45000000 		.4byte	0x45
 262 0045 02       		.uleb128 0x2
 263 0046 02       		.byte	0x2
 264 0047 07       		.byte	0x7
 265 0048 86010000 		.4byte	.LASF3
 266 004c 03       		.uleb128 0x3
 267 004d A7000000 		.4byte	.LASF5
ARM GAS  C:\Users\IVYLIU~1\AppData\Local\Temp\ccApx3dT.s 			page 12


 268 0051 02       		.byte	0x2
 269 0052 3F       		.byte	0x3f
 270 0053 57000000 		.4byte	0x57
 271 0057 02       		.uleb128 0x2
 272 0058 04       		.byte	0x4
 273 0059 05       		.byte	0x5
 274 005a FE030000 		.4byte	.LASF6
 275 005e 03       		.uleb128 0x3
 276 005f 0C020000 		.4byte	.LASF7
 277 0063 02       		.byte	0x2
 278 0064 41       		.byte	0x41
 279 0065 69000000 		.4byte	0x69
 280 0069 02       		.uleb128 0x2
 281 006a 04       		.byte	0x4
 282 006b 07       		.byte	0x7
 283 006c 74010000 		.4byte	.LASF8
 284 0070 02       		.uleb128 0x2
 285 0071 08       		.byte	0x8
 286 0072 05       		.byte	0x5
 287 0073 B1020000 		.4byte	.LASF9
 288 0077 02       		.uleb128 0x2
 289 0078 08       		.byte	0x8
 290 0079 07       		.byte	0x7
 291 007a 54020000 		.4byte	.LASF10
 292 007e 04       		.uleb128 0x4
 293 007f 04       		.byte	0x4
 294 0080 05       		.byte	0x5
 295 0081 696E7400 		.ascii	"int\000"
 296 0085 02       		.uleb128 0x2
 297 0086 04       		.byte	0x4
 298 0087 07       		.byte	0x7
 299 0088 47020000 		.4byte	.LASF11
 300 008c 03       		.uleb128 0x3
 301 008d 53030000 		.4byte	.LASF12
 302 0091 03       		.byte	0x3
 303 0092 21       		.byte	0x21
 304 0093 3A000000 		.4byte	0x3a
 305 0097 03       		.uleb128 0x3
 306 0098 A0020000 		.4byte	.LASF13
 307 009c 03       		.byte	0x3
 308 009d 2C       		.byte	0x2c
 309 009e 4C000000 		.4byte	0x4c
 310 00a2 03       		.uleb128 0x3
 311 00a3 F5030000 		.4byte	.LASF14
 312 00a7 03       		.byte	0x3
 313 00a8 2D       		.byte	0x2d
 314 00a9 5E000000 		.4byte	0x5e
 315 00ad 02       		.uleb128 0x2
 316 00ae 04       		.byte	0x4
 317 00af 07       		.byte	0x7
 318 00b0 A8020000 		.4byte	.LASF15
 319 00b4 02       		.uleb128 0x2
 320 00b5 01       		.byte	0x1
 321 00b6 08       		.byte	0x8
 322 00b7 C8020000 		.4byte	.LASF16
 323 00bb 02       		.uleb128 0x2
 324 00bc 08       		.byte	0x8
ARM GAS  C:\Users\IVYLIU~1\AppData\Local\Temp\ccApx3dT.s 			page 13


 325 00bd 04       		.byte	0x4
 326 00be EE010000 		.4byte	.LASF17
 327 00c2 02       		.uleb128 0x2
 328 00c3 04       		.byte	0x4
 329 00c4 04       		.byte	0x4
 330 00c5 42010000 		.4byte	.LASF18
 331 00c9 02       		.uleb128 0x2
 332 00ca 08       		.byte	0x8
 333 00cb 04       		.byte	0x4
 334 00cc 07040000 		.4byte	.LASF19
 335 00d0 05       		.uleb128 0x5
 336 00d1 4D010000 		.4byte	.LASF20
 337 00d5 04       		.byte	0x4
 338 00d6 2401     		.2byte	0x124
 339 00d8 97000000 		.4byte	0x97
 340 00dc 06       		.uleb128 0x6
 341 00dd 01       		.byte	0x1
 342 00de 04       		.byte	0x4
 343 00df 5802     		.2byte	0x258
 344 00e1 16010000 		.4byte	0x116
 345 00e5 07       		.uleb128 0x7
 346 00e6 33030000 		.4byte	.LASF21
 347 00ea 00       		.sleb128 0
 348 00eb 07       		.uleb128 0x7
 349 00ec 17020000 		.4byte	.LASF22
 350 00f0 7F       		.sleb128 -1
 351 00f1 07       		.uleb128 0x7
 352 00f2 20000000 		.4byte	.LASF23
 353 00f6 7E       		.sleb128 -2
 354 00f7 07       		.uleb128 0x7
 355 00f8 F4000000 		.4byte	.LASF24
 356 00fc 7D       		.sleb128 -3
 357 00fd 07       		.uleb128 0x7
 358 00fe CD020000 		.4byte	.LASF25
 359 0102 7C       		.sleb128 -4
 360 0103 07       		.uleb128 0x7
 361 0104 54040000 		.4byte	.LASF26
 362 0108 7B       		.sleb128 -5
 363 0109 07       		.uleb128 0x7
 364 010a CD010000 		.4byte	.LASF27
 365 010e 7A       		.sleb128 -6
 366 010f 07       		.uleb128 0x7
 367 0110 81020000 		.4byte	.LASF28
 368 0114 79       		.sleb128 -7
 369 0115 00       		.byte	0
 370 0116 05       		.uleb128 0x5
 371 0117 49040000 		.4byte	.LASF29
 372 011b 04       		.byte	0x4
 373 011c 6102     		.2byte	0x261
 374 011e DC000000 		.4byte	0xdc
 375 0122 08       		.uleb128 0x8
 376 0123 04       		.byte	0x4
 377 0124 28010000 		.4byte	0x128
 378 0128 09       		.uleb128 0x9
 379 0129 8C000000 		.4byte	0x8c
 380 012d 08       		.uleb128 0x8
 381 012e 04       		.byte	0x4
ARM GAS  C:\Users\IVYLIU~1\AppData\Local\Temp\ccApx3dT.s 			page 14


 382 012f 33010000 		.4byte	0x133
 383 0133 09       		.uleb128 0x9
 384 0134 D0000000 		.4byte	0xd0
 385 0138 0A       		.uleb128 0xa
 386 0139 10       		.byte	0x10
 387 013a 05       		.byte	0x5
 388 013b F4       		.byte	0xf4
 389 013c 71010000 		.4byte	0x171
 390 0140 0B       		.uleb128 0xb
 391 0141 B0010000 		.4byte	.LASF30
 392 0145 05       		.byte	0x5
 393 0146 F6       		.byte	0xf6
 394 0147 8C000000 		.4byte	0x8c
 395 014b 00       		.byte	0
 396 014c 0B       		.uleb128 0xb
 397 014d BF020000 		.4byte	.LASF31
 398 0151 05       		.byte	0x5
 399 0152 F7       		.byte	0xf7
 400 0153 2D010000 		.4byte	0x12d
 401 0157 04       		.byte	0x4
 402 0158 0B       		.uleb128 0xb
 403 0159 35010000 		.4byte	.LASF32
 404 015d 05       		.byte	0x5
 405 015e F8       		.byte	0xf8
 406 015f 22010000 		.4byte	0x122
 407 0163 08       		.byte	0x8
 408 0164 0B       		.uleb128 0xb
 409 0165 13000000 		.4byte	.LASF33
 410 0169 05       		.byte	0x5
 411 016a F9       		.byte	0xf9
 412 016b 8C000000 		.4byte	0x8c
 413 016f 0C       		.byte	0xc
 414 0170 00       		.byte	0
 415 0171 05       		.uleb128 0x5
 416 0172 B7010000 		.4byte	.LASF34
 417 0176 05       		.byte	0x5
 418 0177 0201     		.2byte	0x102
 419 0179 38010000 		.4byte	0x138
 420 017d 09       		.uleb128 0x9
 421 017e 71010000 		.4byte	0x171
 422 0182 08       		.uleb128 0x8
 423 0183 04       		.byte	0x4
 424 0184 88010000 		.4byte	0x188
 425 0188 09       		.uleb128 0x9
 426 0189 A2000000 		.4byte	0xa2
 427 018d 0C       		.uleb128 0xc
 428 018e 0B010000 		.4byte	.LASF55
 429 0192 01       		.byte	0x1
 430 0193 0601     		.2byte	0x106
 431 0195 16010000 		.4byte	0x116
 432 0199 00000000 		.4byte	.LFB84
 433 019d 0C010000 		.4byte	.LFE84-.LFB84
 434 01a1 01       		.uleb128 0x1
 435 01a2 9C       		.byte	0x9c
 436 01a3 D4010000 		.4byte	0x1d4
 437 01a7 0D       		.uleb128 0xd
 438 01a8 5300     		.ascii	"S\000"
ARM GAS  C:\Users\IVYLIU~1\AppData\Local\Temp\ccApx3dT.s 			page 15


 439 01aa 01       		.byte	0x1
 440 01ab 0701     		.2byte	0x107
 441 01ad D4010000 		.4byte	0x1d4
 442 01b1 00000000 		.4byte	.LLST0
 443 01b5 0E       		.uleb128 0xe
 444 01b6 B0010000 		.4byte	.LASF30
 445 01ba 01       		.byte	0x1
 446 01bb 0801     		.2byte	0x108
 447 01bd 8C000000 		.4byte	0x8c
 448 01c1 01       		.uleb128 0x1
 449 01c2 51       		.byte	0x51
 450 01c3 0F       		.uleb128 0xf
 451 01c4 36000000 		.4byte	.LASF56
 452 01c8 01       		.byte	0x1
 453 01c9 0B01     		.2byte	0x10b
 454 01cb 16010000 		.4byte	0x116
 455 01cf 02010000 		.4byte	.LLST1
 456 01d3 00       		.byte	0
 457 01d4 08       		.uleb128 0x8
 458 01d5 04       		.byte	0x4
 459 01d6 71010000 		.4byte	0x171
 460 01da 03       		.uleb128 0x3
 461 01db 53000000 		.4byte	.LASF35
 462 01df 06       		.byte	0x6
 463 01e0 8B       		.byte	0x8b
 464 01e1 B0020000 		.4byte	0x2b0
 465 01e5 08       		.uleb128 0x8
 466 01e6 04       		.byte	0x4
 467 01e7 A2000000 		.4byte	0xa2
 468 01eb 10       		.uleb128 0x10
 469 01ec 34040000 		.4byte	.LASF36
 470 01f0 06       		.byte	0x6
 471 01f1 92       		.byte	0x92
 472 01f2 F6010000 		.4byte	0x1f6
 473 01f6 09       		.uleb128 0x9
 474 01f7 DA010000 		.4byte	0x1da
 475 01fb 10       		.uleb128 0x10
 476 01fc 61010000 		.4byte	.LASF37
 477 0200 06       		.byte	0x6
 478 0201 93       		.byte	0x93
 479 0202 F6010000 		.4byte	0x1f6
 480 0206 03       		.uleb128 0x3
 481 0207 B1000000 		.4byte	.LASF38
 482 020b 06       		.byte	0x6
 483 020c 90       		.byte	0x90
 484 020d 8F020000 		.4byte	0x28f
 485 0211 10       		.uleb128 0x10
 486 0212 13040000 		.4byte	.LASF39
 487 0216 06       		.byte	0x6
 488 0217 94       		.byte	0x94
 489 0218 1C020000 		.4byte	0x21c
 490 021c 09       		.uleb128 0x9
 491 021d 06020000 		.4byte	0x206
 492 0221 10       		.uleb128 0x10
 493 0222 00000000 		.4byte	.LASF40
 494 0226 06       		.byte	0x6
 495 0227 95       		.byte	0x95
ARM GAS  C:\Users\IVYLIU~1\AppData\Local\Temp\ccApx3dT.s 			page 16


 496 0228 1C020000 		.4byte	0x21c
 497 022c 10       		.uleb128 0x10
 498 022d 3D000000 		.4byte	.LASF41
 499 0231 07       		.byte	0x7
 500 0232 3D       		.byte	0x3d
 501 0233 7D010000 		.4byte	0x17d
 502 0237 10       		.uleb128 0x10
 503 0238 7A000000 		.4byte	.LASF42
 504 023c 07       		.byte	0x7
 505 023d 3E       		.byte	0x3e
 506 023e 7D010000 		.4byte	0x17d
 507 0242 10       		.uleb128 0x10
 508 0243 6B020000 		.4byte	.LASF43
 509 0247 07       		.byte	0x7
 510 0248 3F       		.byte	0x3f
 511 0249 7D010000 		.4byte	0x17d
 512 024d 10       		.uleb128 0x10
 513 024e 90000000 		.4byte	.LASF44
 514 0252 07       		.byte	0x7
 515 0253 40       		.byte	0x40
 516 0254 7D010000 		.4byte	0x17d
 517 0258 10       		.uleb128 0x10
 518 0259 F5010000 		.4byte	.LASF45
 519 025d 07       		.byte	0x7
 520 025e 41       		.byte	0x41
 521 025f 7D010000 		.4byte	0x17d
 522 0263 10       		.uleb128 0x10
 523 0264 99010000 		.4byte	.LASF46
 524 0268 07       		.byte	0x7
 525 0269 42       		.byte	0x42
 526 026a 7D010000 		.4byte	0x17d
 527 026e 10       		.uleb128 0x10
 528 026f 1D010000 		.4byte	.LASF47
 529 0273 07       		.byte	0x7
 530 0274 43       		.byte	0x43
 531 0275 7D010000 		.4byte	0x17d
 532 0279 10       		.uleb128 0x10
 533 027a 2F020000 		.4byte	.LASF48
 534 027e 07       		.byte	0x7
 535 027f 44       		.byte	0x44
 536 0280 7D010000 		.4byte	0x17d
 537 0284 10       		.uleb128 0x10
 538 0285 62000000 		.4byte	.LASF49
 539 0289 07       		.byte	0x7
 540 028a 45       		.byte	0x45
 541 028b 7D010000 		.4byte	0x17d
 542 028f 0A       		.uleb128 0xa
 543 0290 08       		.byte	0x8
 544 0291 06       		.byte	0x6
 545 0292 8D       		.byte	0x8d
 546 0293 B0020000 		.4byte	0x2b0
 547 0297 0B       		.uleb128 0xb
 548 0298 48010000 		.4byte	.LASF50
 549 029c 06       		.byte	0x6
 550 029d 8E       		.byte	0x8e
 551 029e E5010000 		.4byte	0x1e5
 552 02a2 00       		.byte	0
ARM GAS  C:\Users\IVYLIU~1\AppData\Local\Temp\ccApx3dT.s 			page 17


 553 02a3 0B       		.uleb128 0xb
 554 02a4 44030000 		.4byte	.LASF51
 555 02a8 06       		.byte	0x6
 556 02a9 8F       		.byte	0x8f
 557 02aa A2000000 		.4byte	0xa2
 558 02ae 04       		.byte	0x4
 559 02af 00       		.byte	0
 560 02b0 11       		.uleb128 0x11
 561 02b1 0C       		.byte	0xc
 562 02b2 06       		.byte	0x6
 563 02b3 87       		.byte	0x87
 564 02b4 12       		.uleb128 0x12
 565 02b5 73726300 		.ascii	"src\000"
 566 02b9 06       		.byte	0x6
 567 02ba 88       		.byte	0x88
 568 02bb 82010000 		.4byte	0x182
 569 02bf 00       		.byte	0
 570 02c0 0B       		.uleb128 0xb
 571 02c1 48010000 		.4byte	.LASF50
 572 02c5 06       		.byte	0x6
 573 02c6 89       		.byte	0x89
 574 02c7 E5010000 		.4byte	0x1e5
 575 02cb 04       		.byte	0x4
 576 02cc 0B       		.uleb128 0xb
 577 02cd 44030000 		.4byte	.LASF51
 578 02d1 06       		.byte	0x6
 579 02d2 8A       		.byte	0x8a
 580 02d3 A2000000 		.4byte	0xa2
 581 02d7 08       		.byte	0x8
 582 02d8 00       		.byte	0
 583 02d9 00       		.byte	0
 584              		.section	.debug_abbrev,"",%progbits
 585              	.Ldebug_abbrev0:
 586 0000 01       		.uleb128 0x1
 587 0001 11       		.uleb128 0x11
 588 0002 01       		.byte	0x1
 589 0003 25       		.uleb128 0x25
 590 0004 0E       		.uleb128 0xe
 591 0005 13       		.uleb128 0x13
 592 0006 0B       		.uleb128 0xb
 593 0007 03       		.uleb128 0x3
 594 0008 0E       		.uleb128 0xe
 595 0009 1B       		.uleb128 0x1b
 596 000a 0E       		.uleb128 0xe
 597 000b 55       		.uleb128 0x55
 598 000c 17       		.uleb128 0x17
 599 000d 11       		.uleb128 0x11
 600 000e 01       		.uleb128 0x1
 601 000f 10       		.uleb128 0x10
 602 0010 17       		.uleb128 0x17
 603 0011 00       		.byte	0
 604 0012 00       		.byte	0
 605 0013 02       		.uleb128 0x2
 606 0014 24       		.uleb128 0x24
 607 0015 00       		.byte	0
 608 0016 0B       		.uleb128 0xb
 609 0017 0B       		.uleb128 0xb
ARM GAS  C:\Users\IVYLIU~1\AppData\Local\Temp\ccApx3dT.s 			page 18


 610 0018 3E       		.uleb128 0x3e
 611 0019 0B       		.uleb128 0xb
 612 001a 03       		.uleb128 0x3
 613 001b 0E       		.uleb128 0xe
 614 001c 00       		.byte	0
 615 001d 00       		.byte	0
 616 001e 03       		.uleb128 0x3
 617 001f 16       		.uleb128 0x16
 618 0020 00       		.byte	0
 619 0021 03       		.uleb128 0x3
 620 0022 0E       		.uleb128 0xe
 621 0023 3A       		.uleb128 0x3a
 622 0024 0B       		.uleb128 0xb
 623 0025 3B       		.uleb128 0x3b
 624 0026 0B       		.uleb128 0xb
 625 0027 49       		.uleb128 0x49
 626 0028 13       		.uleb128 0x13
 627 0029 00       		.byte	0
 628 002a 00       		.byte	0
 629 002b 04       		.uleb128 0x4
 630 002c 24       		.uleb128 0x24
 631 002d 00       		.byte	0
 632 002e 0B       		.uleb128 0xb
 633 002f 0B       		.uleb128 0xb
 634 0030 3E       		.uleb128 0x3e
 635 0031 0B       		.uleb128 0xb
 636 0032 03       		.uleb128 0x3
 637 0033 08       		.uleb128 0x8
 638 0034 00       		.byte	0
 639 0035 00       		.byte	0
 640 0036 05       		.uleb128 0x5
 641 0037 16       		.uleb128 0x16
 642 0038 00       		.byte	0
 643 0039 03       		.uleb128 0x3
 644 003a 0E       		.uleb128 0xe
 645 003b 3A       		.uleb128 0x3a
 646 003c 0B       		.uleb128 0xb
 647 003d 3B       		.uleb128 0x3b
 648 003e 05       		.uleb128 0x5
 649 003f 49       		.uleb128 0x49
 650 0040 13       		.uleb128 0x13
 651 0041 00       		.byte	0
 652 0042 00       		.byte	0
 653 0043 06       		.uleb128 0x6
 654 0044 04       		.uleb128 0x4
 655 0045 01       		.byte	0x1
 656 0046 0B       		.uleb128 0xb
 657 0047 0B       		.uleb128 0xb
 658 0048 3A       		.uleb128 0x3a
 659 0049 0B       		.uleb128 0xb
 660 004a 3B       		.uleb128 0x3b
 661 004b 05       		.uleb128 0x5
 662 004c 01       		.uleb128 0x1
 663 004d 13       		.uleb128 0x13
 664 004e 00       		.byte	0
 665 004f 00       		.byte	0
 666 0050 07       		.uleb128 0x7
ARM GAS  C:\Users\IVYLIU~1\AppData\Local\Temp\ccApx3dT.s 			page 19


 667 0051 28       		.uleb128 0x28
 668 0052 00       		.byte	0
 669 0053 03       		.uleb128 0x3
 670 0054 0E       		.uleb128 0xe
 671 0055 1C       		.uleb128 0x1c
 672 0056 0D       		.uleb128 0xd
 673 0057 00       		.byte	0
 674 0058 00       		.byte	0
 675 0059 08       		.uleb128 0x8
 676 005a 0F       		.uleb128 0xf
 677 005b 00       		.byte	0
 678 005c 0B       		.uleb128 0xb
 679 005d 0B       		.uleb128 0xb
 680 005e 49       		.uleb128 0x49
 681 005f 13       		.uleb128 0x13
 682 0060 00       		.byte	0
 683 0061 00       		.byte	0
 684 0062 09       		.uleb128 0x9
 685 0063 26       		.uleb128 0x26
 686 0064 00       		.byte	0
 687 0065 49       		.uleb128 0x49
 688 0066 13       		.uleb128 0x13
 689 0067 00       		.byte	0
 690 0068 00       		.byte	0
 691 0069 0A       		.uleb128 0xa
 692 006a 13       		.uleb128 0x13
 693 006b 01       		.byte	0x1
 694 006c 0B       		.uleb128 0xb
 695 006d 0B       		.uleb128 0xb
 696 006e 3A       		.uleb128 0x3a
 697 006f 0B       		.uleb128 0xb
 698 0070 3B       		.uleb128 0x3b
 699 0071 0B       		.uleb128 0xb
 700 0072 01       		.uleb128 0x1
 701 0073 13       		.uleb128 0x13
 702 0074 00       		.byte	0
 703 0075 00       		.byte	0
 704 0076 0B       		.uleb128 0xb
 705 0077 0D       		.uleb128 0xd
 706 0078 00       		.byte	0
 707 0079 03       		.uleb128 0x3
 708 007a 0E       		.uleb128 0xe
 709 007b 3A       		.uleb128 0x3a
 710 007c 0B       		.uleb128 0xb
 711 007d 3B       		.uleb128 0x3b
 712 007e 0B       		.uleb128 0xb
 713 007f 49       		.uleb128 0x49
 714 0080 13       		.uleb128 0x13
 715 0081 38       		.uleb128 0x38
 716 0082 0B       		.uleb128 0xb
 717 0083 00       		.byte	0
 718 0084 00       		.byte	0
 719 0085 0C       		.uleb128 0xc
 720 0086 2E       		.uleb128 0x2e
 721 0087 01       		.byte	0x1
 722 0088 3F       		.uleb128 0x3f
 723 0089 19       		.uleb128 0x19
ARM GAS  C:\Users\IVYLIU~1\AppData\Local\Temp\ccApx3dT.s 			page 20


 724 008a 03       		.uleb128 0x3
 725 008b 0E       		.uleb128 0xe
 726 008c 3A       		.uleb128 0x3a
 727 008d 0B       		.uleb128 0xb
 728 008e 3B       		.uleb128 0x3b
 729 008f 05       		.uleb128 0x5
 730 0090 27       		.uleb128 0x27
 731 0091 19       		.uleb128 0x19
 732 0092 49       		.uleb128 0x49
 733 0093 13       		.uleb128 0x13
 734 0094 11       		.uleb128 0x11
 735 0095 01       		.uleb128 0x1
 736 0096 12       		.uleb128 0x12
 737 0097 06       		.uleb128 0x6
 738 0098 40       		.uleb128 0x40
 739 0099 18       		.uleb128 0x18
 740 009a 9742     		.uleb128 0x2117
 741 009c 19       		.uleb128 0x19
 742 009d 01       		.uleb128 0x1
 743 009e 13       		.uleb128 0x13
 744 009f 00       		.byte	0
 745 00a0 00       		.byte	0
 746 00a1 0D       		.uleb128 0xd
 747 00a2 05       		.uleb128 0x5
 748 00a3 00       		.byte	0
 749 00a4 03       		.uleb128 0x3
 750 00a5 08       		.uleb128 0x8
 751 00a6 3A       		.uleb128 0x3a
 752 00a7 0B       		.uleb128 0xb
 753 00a8 3B       		.uleb128 0x3b
 754 00a9 05       		.uleb128 0x5
 755 00aa 49       		.uleb128 0x49
 756 00ab 13       		.uleb128 0x13
 757 00ac 02       		.uleb128 0x2
 758 00ad 17       		.uleb128 0x17
 759 00ae 00       		.byte	0
 760 00af 00       		.byte	0
 761 00b0 0E       		.uleb128 0xe
 762 00b1 05       		.uleb128 0x5
 763 00b2 00       		.byte	0
 764 00b3 03       		.uleb128 0x3
 765 00b4 0E       		.uleb128 0xe
 766 00b5 3A       		.uleb128 0x3a
 767 00b6 0B       		.uleb128 0xb
 768 00b7 3B       		.uleb128 0x3b
 769 00b8 05       		.uleb128 0x5
 770 00b9 49       		.uleb128 0x49
 771 00ba 13       		.uleb128 0x13
 772 00bb 02       		.uleb128 0x2
 773 00bc 18       		.uleb128 0x18
 774 00bd 00       		.byte	0
 775 00be 00       		.byte	0
 776 00bf 0F       		.uleb128 0xf
 777 00c0 34       		.uleb128 0x34
 778 00c1 00       		.byte	0
 779 00c2 03       		.uleb128 0x3
 780 00c3 0E       		.uleb128 0xe
ARM GAS  C:\Users\IVYLIU~1\AppData\Local\Temp\ccApx3dT.s 			page 21


 781 00c4 3A       		.uleb128 0x3a
 782 00c5 0B       		.uleb128 0xb
 783 00c6 3B       		.uleb128 0x3b
 784 00c7 05       		.uleb128 0x5
 785 00c8 49       		.uleb128 0x49
 786 00c9 13       		.uleb128 0x13
 787 00ca 02       		.uleb128 0x2
 788 00cb 17       		.uleb128 0x17
 789 00cc 00       		.byte	0
 790 00cd 00       		.byte	0
 791 00ce 10       		.uleb128 0x10
 792 00cf 34       		.uleb128 0x34
 793 00d0 00       		.byte	0
 794 00d1 03       		.uleb128 0x3
 795 00d2 0E       		.uleb128 0xe
 796 00d3 3A       		.uleb128 0x3a
 797 00d4 0B       		.uleb128 0xb
 798 00d5 3B       		.uleb128 0x3b
 799 00d6 0B       		.uleb128 0xb
 800 00d7 49       		.uleb128 0x49
 801 00d8 13       		.uleb128 0x13
 802 00d9 3F       		.uleb128 0x3f
 803 00da 19       		.uleb128 0x19
 804 00db 3C       		.uleb128 0x3c
 805 00dc 19       		.uleb128 0x19
 806 00dd 00       		.byte	0
 807 00de 00       		.byte	0
 808 00df 11       		.uleb128 0x11
 809 00e0 13       		.uleb128 0x13
 810 00e1 01       		.byte	0x1
 811 00e2 0B       		.uleb128 0xb
 812 00e3 0B       		.uleb128 0xb
 813 00e4 3A       		.uleb128 0x3a
 814 00e5 0B       		.uleb128 0xb
 815 00e6 3B       		.uleb128 0x3b
 816 00e7 0B       		.uleb128 0xb
 817 00e8 00       		.byte	0
 818 00e9 00       		.byte	0
 819 00ea 12       		.uleb128 0x12
 820 00eb 0D       		.uleb128 0xd
 821 00ec 00       		.byte	0
 822 00ed 03       		.uleb128 0x3
 823 00ee 08       		.uleb128 0x8
 824 00ef 3A       		.uleb128 0x3a
 825 00f0 0B       		.uleb128 0xb
 826 00f1 3B       		.uleb128 0x3b
 827 00f2 0B       		.uleb128 0xb
 828 00f3 49       		.uleb128 0x49
 829 00f4 13       		.uleb128 0x13
 830 00f5 38       		.uleb128 0x38
 831 00f6 0B       		.uleb128 0xb
 832 00f7 00       		.byte	0
 833 00f8 00       		.byte	0
 834 00f9 00       		.byte	0
 835              		.section	.debug_loc,"",%progbits
 836              	.Ldebug_loc0:
 837              	.LLST0:
ARM GAS  C:\Users\IVYLIU~1\AppData\Local\Temp\ccApx3dT.s 			page 22


 838 0000 00000000 		.4byte	.LVL0
 839 0004 50000000 		.4byte	.LVL1
 840 0008 0100     		.2byte	0x1
 841 000a 50       		.byte	0x50
 842 000b 50000000 		.4byte	.LVL1
 843 000f 52000000 		.4byte	.LVL2
 844 0013 0400     		.2byte	0x4
 845 0015 F3       		.byte	0xf3
 846 0016 01       		.uleb128 0x1
 847 0017 50       		.byte	0x50
 848 0018 9F       		.byte	0x9f
 849 0019 52000000 		.4byte	.LVL2
 850 001d 62000000 		.4byte	.LVL3
 851 0021 0100     		.2byte	0x1
 852 0023 50       		.byte	0x50
 853 0024 62000000 		.4byte	.LVL3
 854 0028 64000000 		.4byte	.LVL4
 855 002c 0400     		.2byte	0x4
 856 002e F3       		.byte	0xf3
 857 002f 01       		.uleb128 0x1
 858 0030 50       		.byte	0x50
 859 0031 9F       		.byte	0x9f
 860 0032 64000000 		.4byte	.LVL4
 861 0036 74000000 		.4byte	.LVL5
 862 003a 0100     		.2byte	0x1
 863 003c 50       		.byte	0x50
 864 003d 74000000 		.4byte	.LVL5
 865 0041 76000000 		.4byte	.LVL6
 866 0045 0400     		.2byte	0x4
 867 0047 F3       		.byte	0xf3
 868 0048 01       		.uleb128 0x1
 869 0049 50       		.byte	0x50
 870 004a 9F       		.byte	0x9f
 871 004b 76000000 		.4byte	.LVL6
 872 004f 86000000 		.4byte	.LVL7
 873 0053 0100     		.2byte	0x1
 874 0055 50       		.byte	0x50
 875 0056 86000000 		.4byte	.LVL7
 876 005a 88000000 		.4byte	.LVL8
 877 005e 0400     		.2byte	0x4
 878 0060 F3       		.byte	0xf3
 879 0061 01       		.uleb128 0x1
 880 0062 50       		.byte	0x50
 881 0063 9F       		.byte	0x9f
 882 0064 88000000 		.4byte	.LVL8
 883 0068 98000000 		.4byte	.LVL9
 884 006c 0100     		.2byte	0x1
 885 006e 50       		.byte	0x50
 886 006f 98000000 		.4byte	.LVL9
 887 0073 9A000000 		.4byte	.LVL10
 888 0077 0400     		.2byte	0x4
 889 0079 F3       		.byte	0xf3
 890 007a 01       		.uleb128 0x1
 891 007b 50       		.byte	0x50
 892 007c 9F       		.byte	0x9f
 893 007d 9A000000 		.4byte	.LVL10
 894 0081 AA000000 		.4byte	.LVL11
ARM GAS  C:\Users\IVYLIU~1\AppData\Local\Temp\ccApx3dT.s 			page 23


 895 0085 0100     		.2byte	0x1
 896 0087 50       		.byte	0x50
 897 0088 AA000000 		.4byte	.LVL11
 898 008c AC000000 		.4byte	.LVL12
 899 0090 0400     		.2byte	0x4
 900 0092 F3       		.byte	0xf3
 901 0093 01       		.uleb128 0x1
 902 0094 50       		.byte	0x50
 903 0095 9F       		.byte	0x9f
 904 0096 AC000000 		.4byte	.LVL12
 905 009a BC000000 		.4byte	.LVL13
 906 009e 0100     		.2byte	0x1
 907 00a0 50       		.byte	0x50
 908 00a1 BC000000 		.4byte	.LVL13
 909 00a5 BE000000 		.4byte	.LVL14
 910 00a9 0400     		.2byte	0x4
 911 00ab F3       		.byte	0xf3
 912 00ac 01       		.uleb128 0x1
 913 00ad 50       		.byte	0x50
 914 00ae 9F       		.byte	0x9f
 915 00af BE000000 		.4byte	.LVL14
 916 00b3 CE000000 		.4byte	.LVL15
 917 00b7 0100     		.2byte	0x1
 918 00b9 50       		.byte	0x50
 919 00ba CE000000 		.4byte	.LVL15
 920 00be D0000000 		.4byte	.LVL16
 921 00c2 0400     		.2byte	0x4
 922 00c4 F3       		.byte	0xf3
 923 00c5 01       		.uleb128 0x1
 924 00c6 50       		.byte	0x50
 925 00c7 9F       		.byte	0x9f
 926 00c8 D0000000 		.4byte	.LVL16
 927 00cc E0000000 		.4byte	.LVL17
 928 00d0 0100     		.2byte	0x1
 929 00d2 50       		.byte	0x50
 930 00d3 E0000000 		.4byte	.LVL17
 931 00d7 E2000000 		.4byte	.LVL18
 932 00db 0400     		.2byte	0x4
 933 00dd F3       		.byte	0xf3
 934 00de 01       		.uleb128 0x1
 935 00df 50       		.byte	0x50
 936 00e0 9F       		.byte	0x9f
 937 00e1 E2000000 		.4byte	.LVL18
 938 00e5 E4000000 		.4byte	.LVL19
 939 00e9 0100     		.2byte	0x1
 940 00eb 50       		.byte	0x50
 941 00ec E4000000 		.4byte	.LVL19
 942 00f0 0C010000 		.4byte	.LFE84
 943 00f4 0400     		.2byte	0x4
 944 00f6 F3       		.byte	0xf3
 945 00f7 01       		.uleb128 0x1
 946 00f8 50       		.byte	0x50
 947 00f9 9F       		.byte	0x9f
 948 00fa 00000000 		.4byte	0
 949 00fe 00000000 		.4byte	0
 950              	.LLST1:
 951 0102 00000000 		.4byte	.LVL0
ARM GAS  C:\Users\IVYLIU~1\AppData\Local\Temp\ccApx3dT.s 			page 24


 952 0106 E4000000 		.4byte	.LVL19
 953 010a 0200     		.2byte	0x2
 954 010c 30       		.byte	0x30
 955 010d 9F       		.byte	0x9f
 956 010e E4000000 		.4byte	.LVL19
 957 0112 0C010000 		.4byte	.LFE84
 958 0116 0100     		.2byte	0x1
 959 0118 50       		.byte	0x50
 960 0119 00000000 		.4byte	0
 961 011d 00000000 		.4byte	0
 962              		.section	.debug_aranges,"",%progbits
 963 0000 1C000000 		.4byte	0x1c
 964 0004 0200     		.2byte	0x2
 965 0006 00000000 		.4byte	.Ldebug_info0
 966 000a 04       		.byte	0x4
 967 000b 00       		.byte	0
 968 000c 0000     		.2byte	0
 969 000e 0000     		.2byte	0
 970 0010 00000000 		.4byte	.LFB84
 971 0014 0C010000 		.4byte	.LFE84-.LFB84
 972 0018 00000000 		.4byte	0
 973 001c 00000000 		.4byte	0
 974              		.section	.debug_ranges,"",%progbits
 975              	.Ldebug_ranges0:
 976 0000 00000000 		.4byte	.LFB84
 977 0004 0C010000 		.4byte	.LFE84
 978 0008 00000000 		.4byte	0
 979 000c 00000000 		.4byte	0
 980              		.section	.debug_line,"",%progbits
 981              	.Ldebug_line0:
 982 0000 23020000 		.section	.debug_str,"MS",%progbits,1
 982      0200C401 
 982      00000201 
 982      FB0E0D00 
 982      01010101 
 983              	.LASF40:
 984 0000 5F5F7A65 		.ascii	"__zero_table_end__\000"
 984      726F5F74 
 984      61626C65 
 984      5F656E64 
 984      5F5F00
 985              	.LASF33:
 986 0013 62697452 		.ascii	"bitRevLength\000"
 986      65764C65 
 986      6E677468 
 986      00
 987              	.LASF23:
 988 0020 41524D5F 		.ascii	"ARM_MATH_LENGTH_ERROR\000"
 988      4D415448 
 988      5F4C454E 
 988      4754485F 
 988      4552524F 
 989              	.LASF56:
 990 0036 73746174 		.ascii	"status\000"
 990      757300
 991              	.LASF41:
 992 003d 61726D5F 		.ascii	"arm_cfft_sR_q31_len16\000"
ARM GAS  C:\Users\IVYLIU~1\AppData\Local\Temp\ccApx3dT.s 			page 25


 992      63666674 
 992      5F73525F 
 992      7133315F 
 992      6C656E31 
 993              	.LASF35:
 994 0053 5F5F636F 		.ascii	"__copy_table_t\000"
 994      70795F74 
 994      61626C65 
 994      5F7400
 995              	.LASF49:
 996 0062 61726D5F 		.ascii	"arm_cfft_sR_q31_len4096\000"
 996      63666674 
 996      5F73525F 
 996      7133315F 
 996      6C656E34 
 997              	.LASF42:
 998 007a 61726D5F 		.ascii	"arm_cfft_sR_q31_len32\000"
 998      63666674 
 998      5F73525F 
 998      7133315F 
 998      6C656E33 
 999              	.LASF44:
 1000 0090 61726D5F 		.ascii	"arm_cfft_sR_q31_len128\000"
 1000      63666674 
 1000      5F73525F 
 1000      7133315F 
 1000      6C656E31 
 1001              	.LASF5:
 1002 00a7 5F5F696E 		.ascii	"__int32_t\000"
 1002      7433325F 
 1002      7400
 1003              	.LASF38:
 1004 00b1 5F5F7A65 		.ascii	"__zero_table_t\000"
 1004      726F5F74 
 1004      61626C65 
 1004      5F7400
 1005              	.LASF53:
 1006 00c0 2E5C4453 		.ascii	".\\DSP\\Source\\TransformFunctions\\arm_cfft_init_q"
 1006      505C536F 
 1006      75726365 
 1006      5C547261 
 1006      6E73666F 
 1007 00ef 33312E63 		.ascii	"31.c\000"
 1007      00
 1008              	.LASF24:
 1009 00f4 41524D5F 		.ascii	"ARM_MATH_SIZE_MISMATCH\000"
 1009      4D415448 
 1009      5F53495A 
 1009      455F4D49 
 1009      534D4154 
 1010              	.LASF55:
 1011 010b 61726D5F 		.ascii	"arm_cfft_init_q31\000"
 1011      63666674 
 1011      5F696E69 
 1011      745F7133 
 1011      3100
 1012              	.LASF47:
ARM GAS  C:\Users\IVYLIU~1\AppData\Local\Temp\ccApx3dT.s 			page 26


 1013 011d 61726D5F 		.ascii	"arm_cfft_sR_q31_len1024\000"
 1013      63666674 
 1013      5F73525F 
 1013      7133315F 
 1013      6C656E31 
 1014              	.LASF32:
 1015 0135 70426974 		.ascii	"pBitRevTable\000"
 1015      52657654 
 1015      61626C65 
 1015      00
 1016              	.LASF18:
 1017 0142 666C6F61 		.ascii	"float\000"
 1017      7400
 1018              	.LASF50:
 1019 0148 64657374 		.ascii	"dest\000"
 1019      00
 1020              	.LASF20:
 1021 014d 7133315F 		.ascii	"q31_t\000"
 1021      7400
 1022              	.LASF1:
 1023 0153 756E7369 		.ascii	"unsigned char\000"
 1023      676E6564 
 1023      20636861 
 1023      7200
 1024              	.LASF37:
 1025 0161 5F5F636F 		.ascii	"__copy_table_end__\000"
 1025      70795F74 
 1025      61626C65 
 1025      5F656E64 
 1025      5F5F00
 1026              	.LASF8:
 1027 0174 6C6F6E67 		.ascii	"long unsigned int\000"
 1027      20756E73 
 1027      69676E65 
 1027      6420696E 
 1027      7400
 1028              	.LASF3:
 1029 0186 73686F72 		.ascii	"short unsigned int\000"
 1029      7420756E 
 1029      7369676E 
 1029      65642069 
 1029      6E7400
 1030              	.LASF46:
 1031 0199 61726D5F 		.ascii	"arm_cfft_sR_q31_len512\000"
 1031      63666674 
 1031      5F73525F 
 1031      7133315F 
 1031      6C656E35 
 1032              	.LASF30:
 1033 01b0 6666744C 		.ascii	"fftLen\000"
 1033      656E00
 1034              	.LASF34:
 1035 01b7 61726D5F 		.ascii	"arm_cfft_instance_q31\000"
 1035      63666674 
 1035      5F696E73 
 1035      74616E63 
 1035      655F7133 
ARM GAS  C:\Users\IVYLIU~1\AppData\Local\Temp\ccApx3dT.s 			page 27


 1036              	.LASF27:
 1037 01cd 41524D5F 		.ascii	"ARM_MATH_TEST_FAILURE\000"
 1037      4D415448 
 1037      5F544553 
 1037      545F4641 
 1037      494C5552 
 1038              	.LASF4:
 1039 01e3 5F5F7569 		.ascii	"__uint16_t\000"
 1039      6E743136 
 1039      5F7400
 1040              	.LASF17:
 1041 01ee 646F7562 		.ascii	"double\000"
 1041      6C6500
 1042              	.LASF45:
 1043 01f5 61726D5F 		.ascii	"arm_cfft_sR_q31_len256\000"
 1043      63666674 
 1043      5F73525F 
 1043      7133315F 
 1043      6C656E32 
 1044              	.LASF7:
 1045 020c 5F5F7569 		.ascii	"__uint32_t\000"
 1045      6E743332 
 1045      5F7400
 1046              	.LASF22:
 1047 0217 41524D5F 		.ascii	"ARM_MATH_ARGUMENT_ERROR\000"
 1047      4D415448 
 1047      5F415247 
 1047      554D454E 
 1047      545F4552 
 1048              	.LASF48:
 1049 022f 61726D5F 		.ascii	"arm_cfft_sR_q31_len2048\000"
 1049      63666674 
 1049      5F73525F 
 1049      7133315F 
 1049      6C656E32 
 1050              	.LASF11:
 1051 0247 756E7369 		.ascii	"unsigned int\000"
 1051      676E6564 
 1051      20696E74 
 1051      00
 1052              	.LASF10:
 1053 0254 6C6F6E67 		.ascii	"long long unsigned int\000"
 1053      206C6F6E 
 1053      6720756E 
 1053      7369676E 
 1053      65642069 
 1054              	.LASF43:
 1055 026b 61726D5F 		.ascii	"arm_cfft_sR_q31_len64\000"
 1055      63666674 
 1055      5F73525F 
 1055      7133315F 
 1055      6C656E36 
 1056              	.LASF28:
 1057 0281 41524D5F 		.ascii	"ARM_MATH_DECOMPOSITION_FAILURE\000"
 1057      4D415448 
 1057      5F444543 
 1057      4F4D504F 
ARM GAS  C:\Users\IVYLIU~1\AppData\Local\Temp\ccApx3dT.s 			page 28


 1057      53495449 
 1058              	.LASF13:
 1059 02a0 696E7433 		.ascii	"int32_t\000"
 1059      325F7400 
 1060              	.LASF15:
 1061 02a8 73697A65 		.ascii	"sizetype\000"
 1061      74797065 
 1061      00
 1062              	.LASF9:
 1063 02b1 6C6F6E67 		.ascii	"long long int\000"
 1063      206C6F6E 
 1063      6720696E 
 1063      7400
 1064              	.LASF31:
 1065 02bf 70547769 		.ascii	"pTwiddle\000"
 1065      64646C65 
 1065      00
 1066              	.LASF16:
 1067 02c8 63686172 		.ascii	"char\000"
 1067      00
 1068              	.LASF25:
 1069 02cd 41524D5F 		.ascii	"ARM_MATH_NANINF\000"
 1069      4D415448 
 1069      5F4E414E 
 1069      494E4600 
 1070              	.LASF54:
 1071 02dd 5C5C766D 		.ascii	"\\\\vmware-host\\Shared Folders\\Documents\\PSoC Cr"
 1071      77617265 
 1071      2D686F73 
 1071      745C5368 
 1071      61726564 
 1072 030b 6561746F 		.ascii	"eator\\FinalProject\\SoundDetection.cydsn\000"
 1072      725C4669 
 1072      6E616C50 
 1072      726F6A65 
 1072      63745C53 
 1073              	.LASF21:
 1074 0333 41524D5F 		.ascii	"ARM_MATH_SUCCESS\000"
 1074      4D415448 
 1074      5F535543 
 1074      43455353 
 1074      00
 1075              	.LASF51:
 1076 0344 776C656E 		.ascii	"wlen\000"
 1076      00
 1077              	.LASF2:
 1078 0349 73686F72 		.ascii	"short int\000"
 1078      7420696E 
 1078      7400
 1079              	.LASF12:
 1080 0353 75696E74 		.ascii	"uint16_t\000"
 1080      31365F74 
 1080      00
 1081              	.LASF52:
 1082 035c 474E5520 		.ascii	"GNU C 4.9.3 20150303 (release) [ARM/embedded-4_9-br"
 1082      4320342E 
 1082      392E3320 
ARM GAS  C:\Users\IVYLIU~1\AppData\Local\Temp\ccApx3dT.s 			page 29


 1082      32303135 
 1082      30333033 
 1083 038f 616E6368 		.ascii	"anch revision 221220] -mcpu=cortex-m3 -mthumb -g -O"
 1083      20726576 
 1083      6973696F 
 1083      6E203232 
 1083      31323230 
 1084 03c2 67202D73 		.ascii	"g -std=gnu99 -ffunction-sections -ffat-lto-objects\000"
 1084      74643D67 
 1084      6E753939 
 1084      202D6666 
 1084      756E6374 
 1085              	.LASF14:
 1086 03f5 75696E74 		.ascii	"uint32_t\000"
 1086      33325F74 
 1086      00
 1087              	.LASF6:
 1088 03fe 6C6F6E67 		.ascii	"long int\000"
 1088      20696E74 
 1088      00
 1089              	.LASF19:
 1090 0407 6C6F6E67 		.ascii	"long double\000"
 1090      20646F75 
 1090      626C6500 
 1091              	.LASF39:
 1092 0413 5F5F7A65 		.ascii	"__zero_table_start__\000"
 1092      726F5F74 
 1092      61626C65 
 1092      5F737461 
 1092      72745F5F 
 1093              	.LASF0:
 1094 0428 7369676E 		.ascii	"signed char\000"
 1094      65642063 
 1094      68617200 
 1095              	.LASF36:
 1096 0434 5F5F636F 		.ascii	"__copy_table_start__\000"
 1096      70795F74 
 1096      61626C65 
 1096      5F737461 
 1096      72745F5F 
 1097              	.LASF29:
 1098 0449 61726D5F 		.ascii	"arm_status\000"
 1098      73746174 
 1098      757300
 1099              	.LASF26:
 1100 0454 41524D5F 		.ascii	"ARM_MATH_SINGULAR\000"
 1100      4D415448 
 1100      5F53494E 
 1100      47554C41 
 1100      5200
 1101              		.ident	"GCC: (GNU Tools for ARM Embedded Processors) 4.9.3 20150303 (release) [ARM/embedded-4_9-br
