ARM GAS  C:\Users\IVYLIU~1\AppData\Local\Temp\ccrMqIs5.s 			page 1


   1              		.syntax unified
   2              		.cpu cortex-m3
   3              		.fpu softvfp
   4              		.eabi_attribute 20, 1
   5              		.eabi_attribute 21, 1
   6              		.eabi_attribute 23, 3
   7              		.eabi_attribute 24, 1
   8              		.eabi_attribute 25, 1
   9              		.eabi_attribute 26, 1
  10              		.eabi_attribute 30, 1
  11              		.eabi_attribute 34, 1
  12              		.eabi_attribute 18, 4
  13              		.thumb
  14              		.file	"arm_rfft_init_q15.c"
  15              		.text
  16              	.Ltext0:
  17              		.cfi_sections	.debug_frame
  18              		.section	.text.arm_rfft_init_q15,"ax",%progbits
  19              		.align	2
  20              		.global	arm_rfft_init_q15
  21              		.thumb
  22              		.thumb_func
  23              		.type	arm_rfft_init_q15, %function
  24              	arm_rfft_init_q15:
  25              	.LFB84:
  26              		.file 1 ".\\DSP\\Source\\TransformFunctions\\arm_rfft_init_q15.c"
   1:.\DSP\Source\TransformFunctions/arm_rfft_init_q15.c **** /* ----------------------------------------------------------------------
   2:.\DSP\Source\TransformFunctions/arm_rfft_init_q15.c ****  * Project:      CMSIS DSP Library
   3:.\DSP\Source\TransformFunctions/arm_rfft_init_q15.c ****  * Title:        arm_rfft_init_q15.c
   4:.\DSP\Source\TransformFunctions/arm_rfft_init_q15.c ****  * Description:  RFFT & RIFFT Q15 initialisation function
   5:.\DSP\Source\TransformFunctions/arm_rfft_init_q15.c ****  *
   6:.\DSP\Source\TransformFunctions/arm_rfft_init_q15.c ****  * $Date:        23 April 2021
   7:.\DSP\Source\TransformFunctions/arm_rfft_init_q15.c ****  * $Revision:    V1.9.0
   8:.\DSP\Source\TransformFunctions/arm_rfft_init_q15.c ****  *
   9:.\DSP\Source\TransformFunctions/arm_rfft_init_q15.c ****  * Target Processor: Cortex-M and Cortex-A cores
  10:.\DSP\Source\TransformFunctions/arm_rfft_init_q15.c ****  * -------------------------------------------------------------------- */
  11:.\DSP\Source\TransformFunctions/arm_rfft_init_q15.c **** /*
  12:.\DSP\Source\TransformFunctions/arm_rfft_init_q15.c ****  * Copyright (C) 2010-2021 ARM Limited or its affiliates. All rights reserved.
  13:.\DSP\Source\TransformFunctions/arm_rfft_init_q15.c ****  *
  14:.\DSP\Source\TransformFunctions/arm_rfft_init_q15.c ****  * SPDX-License-Identifier: Apache-2.0
  15:.\DSP\Source\TransformFunctions/arm_rfft_init_q15.c ****  *
  16:.\DSP\Source\TransformFunctions/arm_rfft_init_q15.c ****  * Licensed under the Apache License, Version 2.0 (the License); you may
  17:.\DSP\Source\TransformFunctions/arm_rfft_init_q15.c ****  * not use this file except in compliance with the License.
  18:.\DSP\Source\TransformFunctions/arm_rfft_init_q15.c ****  * You may obtain a copy of the License at
  19:.\DSP\Source\TransformFunctions/arm_rfft_init_q15.c ****  *
  20:.\DSP\Source\TransformFunctions/arm_rfft_init_q15.c ****  * www.apache.org/licenses/LICENSE-2.0
  21:.\DSP\Source\TransformFunctions/arm_rfft_init_q15.c ****  *
  22:.\DSP\Source\TransformFunctions/arm_rfft_init_q15.c ****  * Unless required by applicable law or agreed to in writing, software
  23:.\DSP\Source\TransformFunctions/arm_rfft_init_q15.c ****  * distributed under the License is distributed on an AS IS BASIS, WITHOUT
  24:.\DSP\Source\TransformFunctions/arm_rfft_init_q15.c ****  * WARRANTIES OR CONDITIONS OF ANY KIND, either express or implied.
  25:.\DSP\Source\TransformFunctions/arm_rfft_init_q15.c ****  * See the License for the specific language governing permissions and
  26:.\DSP\Source\TransformFunctions/arm_rfft_init_q15.c ****  * limitations under the License.
  27:.\DSP\Source\TransformFunctions/arm_rfft_init_q15.c ****  */
  28:.\DSP\Source\TransformFunctions/arm_rfft_init_q15.c **** 
  29:.\DSP\Source\TransformFunctions/arm_rfft_init_q15.c **** #include "dsp/transform_functions.h"
  30:.\DSP\Source\TransformFunctions/arm_rfft_init_q15.c **** #include "arm_common_tables.h"
  31:.\DSP\Source\TransformFunctions/arm_rfft_init_q15.c **** #include "arm_const_structs.h"
ARM GAS  C:\Users\IVYLIU~1\AppData\Local\Temp\ccrMqIs5.s 			page 2


  32:.\DSP\Source\TransformFunctions/arm_rfft_init_q15.c **** 
  33:.\DSP\Source\TransformFunctions/arm_rfft_init_q15.c **** /**
  34:.\DSP\Source\TransformFunctions/arm_rfft_init_q15.c ****   @addtogroup RealFFT
  35:.\DSP\Source\TransformFunctions/arm_rfft_init_q15.c ****   @{
  36:.\DSP\Source\TransformFunctions/arm_rfft_init_q15.c ****  */
  37:.\DSP\Source\TransformFunctions/arm_rfft_init_q15.c **** 
  38:.\DSP\Source\TransformFunctions/arm_rfft_init_q15.c **** /**
  39:.\DSP\Source\TransformFunctions/arm_rfft_init_q15.c ****   @brief         Initialization function for the Q15 RFFT/RIFFT.
  40:.\DSP\Source\TransformFunctions/arm_rfft_init_q15.c ****   @param[in,out] S              points to an instance of the Q15 RFFT/RIFFT structure
  41:.\DSP\Source\TransformFunctions/arm_rfft_init_q15.c ****   @param[in]     fftLenReal     length of the FFT
  42:.\DSP\Source\TransformFunctions/arm_rfft_init_q15.c ****   @param[in]     ifftFlagR      flag that selects transform direction
  43:.\DSP\Source\TransformFunctions/arm_rfft_init_q15.c ****                    - value = 0: forward transform
  44:.\DSP\Source\TransformFunctions/arm_rfft_init_q15.c ****                    - value = 1: inverse transform
  45:.\DSP\Source\TransformFunctions/arm_rfft_init_q15.c ****   @param[in]     bitReverseFlag flag that enables / disables bit reversal of output
  46:.\DSP\Source\TransformFunctions/arm_rfft_init_q15.c ****                    - value = 0: disables bit reversal of output
  47:.\DSP\Source\TransformFunctions/arm_rfft_init_q15.c ****                    - value = 1: enables bit reversal of output
  48:.\DSP\Source\TransformFunctions/arm_rfft_init_q15.c ****   @return        execution status
  49:.\DSP\Source\TransformFunctions/arm_rfft_init_q15.c ****                    - \ref ARM_MATH_SUCCESS        : Operation successful
  50:.\DSP\Source\TransformFunctions/arm_rfft_init_q15.c ****                    - \ref ARM_MATH_ARGUMENT_ERROR : <code>fftLenReal</code> is not a supported leng
  51:.\DSP\Source\TransformFunctions/arm_rfft_init_q15.c **** 
  52:.\DSP\Source\TransformFunctions/arm_rfft_init_q15.c ****   @par           Details
  53:.\DSP\Source\TransformFunctions/arm_rfft_init_q15.c ****                    The parameter <code>fftLenReal</code> specifies length of RFFT/RIFFT Process.
  54:.\DSP\Source\TransformFunctions/arm_rfft_init_q15.c ****                    Supported FFT Lengths are 32, 64, 128, 256, 512, 1024, 2048, 4096, 8192.
  55:.\DSP\Source\TransformFunctions/arm_rfft_init_q15.c ****   @par
  56:.\DSP\Source\TransformFunctions/arm_rfft_init_q15.c ****                    The parameter <code>ifftFlagR</code> controls whether a forward or inverse trans
  57:.\DSP\Source\TransformFunctions/arm_rfft_init_q15.c ****                    Set(=1) ifftFlagR to calculate RIFFT, otherwise RFFT is calculated.
  58:.\DSP\Source\TransformFunctions/arm_rfft_init_q15.c ****   @par
  59:.\DSP\Source\TransformFunctions/arm_rfft_init_q15.c ****                    The parameter <code>bitReverseFlag</code> controls whether output is in normal o
  60:.\DSP\Source\TransformFunctions/arm_rfft_init_q15.c ****                    Set(=1) bitReverseFlag for output to be in normal order otherwise output is in b
  61:.\DSP\Source\TransformFunctions/arm_rfft_init_q15.c ****   @par
  62:.\DSP\Source\TransformFunctions/arm_rfft_init_q15.c ****                    This function also initializes Twiddle factor table.
  63:.\DSP\Source\TransformFunctions/arm_rfft_init_q15.c ****  */
  64:.\DSP\Source\TransformFunctions/arm_rfft_init_q15.c **** 
  65:.\DSP\Source\TransformFunctions/arm_rfft_init_q15.c **** arm_status arm_rfft_init_q15(
  66:.\DSP\Source\TransformFunctions/arm_rfft_init_q15.c ****     arm_rfft_instance_q15 * S,
  67:.\DSP\Source\TransformFunctions/arm_rfft_init_q15.c ****     uint32_t fftLenReal,
  68:.\DSP\Source\TransformFunctions/arm_rfft_init_q15.c ****     uint32_t ifftFlagR,
  69:.\DSP\Source\TransformFunctions/arm_rfft_init_q15.c ****     uint32_t bitReverseFlag)
  70:.\DSP\Source\TransformFunctions/arm_rfft_init_q15.c **** {
  27              		.loc 1 70 0
  28              		.cfi_startproc
  29              		@ args = 0, pretend = 0, frame = 0
  30              		@ frame_needed = 0, uses_anonymous_args = 0
  31              		@ link register save eliminated.
  32              	.LVL0:
  33 0000 10B4     		push	{r4}
  34              		.cfi_def_cfa_offset 4
  35              		.cfi_offset 4, -4
  36              	.LVL1:
  71:.\DSP\Source\TransformFunctions/arm_rfft_init_q15.c ****      /*  Initialise the default arm status */
  72:.\DSP\Source\TransformFunctions/arm_rfft_init_q15.c ****     arm_status status = ARM_MATH_ARGUMENT_ERROR;
  73:.\DSP\Source\TransformFunctions/arm_rfft_init_q15.c **** 
  74:.\DSP\Source\TransformFunctions/arm_rfft_init_q15.c **** #if !defined(ARM_DSP_CONFIG_TABLES) || defined(ARM_FFT_ALLOW_TABLES)
  75:.\DSP\Source\TransformFunctions/arm_rfft_init_q15.c **** 
  76:.\DSP\Source\TransformFunctions/arm_rfft_init_q15.c **** #if !defined(ARM_DSP_CONFIG_TABLES) || defined(ARM_ALL_FFT_TABLES) || defined(ARM_TABLE_REALCOEF_Q1
  77:.\DSP\Source\TransformFunctions/arm_rfft_init_q15.c **** 
  78:.\DSP\Source\TransformFunctions/arm_rfft_init_q15.c ****     /*  Initialise the default arm status */
ARM GAS  C:\Users\IVYLIU~1\AppData\Local\Temp\ccrMqIs5.s 			page 3


  79:.\DSP\Source\TransformFunctions/arm_rfft_init_q15.c ****     status = ARM_MATH_SUCCESS;
  80:.\DSP\Source\TransformFunctions/arm_rfft_init_q15.c **** 
  81:.\DSP\Source\TransformFunctions/arm_rfft_init_q15.c ****     /*  Initialize the Real FFT length */
  82:.\DSP\Source\TransformFunctions/arm_rfft_init_q15.c ****     S->fftLenReal = (uint16_t) fftLenReal;
  37              		.loc 1 82 0
  38 0002 89B2     		uxth	r1, r1
  39              	.LVL2:
  40 0004 0160     		str	r1, [r0]
  83:.\DSP\Source\TransformFunctions/arm_rfft_init_q15.c **** 
  84:.\DSP\Source\TransformFunctions/arm_rfft_init_q15.c ****     /*  Initialize the Twiddle coefficientA pointer */
  85:.\DSP\Source\TransformFunctions/arm_rfft_init_q15.c ****     S->pTwiddleAReal = (q15_t *) realCoefAQ15;
  41              		.loc 1 85 0
  42 0006 304C     		ldr	r4, .L17
  43 0008 C460     		str	r4, [r0, #12]
  86:.\DSP\Source\TransformFunctions/arm_rfft_init_q15.c **** 
  87:.\DSP\Source\TransformFunctions/arm_rfft_init_q15.c ****     /*  Initialize the Twiddle coefficientB pointer */
  88:.\DSP\Source\TransformFunctions/arm_rfft_init_q15.c ****     S->pTwiddleBReal = (q15_t *) realCoefBQ15;
  44              		.loc 1 88 0
  45 000a 304C     		ldr	r4, .L17+4
  46 000c 0461     		str	r4, [r0, #16]
  89:.\DSP\Source\TransformFunctions/arm_rfft_init_q15.c **** 
  90:.\DSP\Source\TransformFunctions/arm_rfft_init_q15.c ****     /*  Initialize the Flag for selection of RFFT or RIFFT */
  91:.\DSP\Source\TransformFunctions/arm_rfft_init_q15.c ****     S->ifftFlagR = (uint8_t) ifftFlagR;
  47              		.loc 1 91 0
  48 000e 0271     		strb	r2, [r0, #4]
  92:.\DSP\Source\TransformFunctions/arm_rfft_init_q15.c **** 
  93:.\DSP\Source\TransformFunctions/arm_rfft_init_q15.c ****     /*  Initialize the Flag for calculation Bit reversal or not */
  94:.\DSP\Source\TransformFunctions/arm_rfft_init_q15.c ****     S->bitReverseFlagR = (uint8_t) bitReverseFlag;
  49              		.loc 1 94 0
  50 0010 4371     		strb	r3, [r0, #5]
  95:.\DSP\Source\TransformFunctions/arm_rfft_init_q15.c **** 
  96:.\DSP\Source\TransformFunctions/arm_rfft_init_q15.c ****     /*  Initialization of coef modifier depending on the FFT length */
  97:.\DSP\Source\TransformFunctions/arm_rfft_init_q15.c ****     switch (S->fftLenReal)
  51              		.loc 1 97 0
  52 0012 B1F5007F 		cmp	r1, #512
  53 0016 32D0     		beq	.L3
  54 0018 0BD8     		bhi	.L4
  55 001a 4029     		cmp	r1, #64
  56 001c 41D0     		beq	.L5
  57 001e 02D8     		bhi	.L6
  58 0020 2029     		cmp	r1, #32
  59 0022 44D0     		beq	.L7
  60 0024 4AE0     		b	.L15
  61              	.L6:
  62 0026 8029     		cmp	r1, #128
  63 0028 35D0     		beq	.L8
  64 002a B1F5807F 		cmp	r1, #256
  65 002e 2CD0     		beq	.L9
  66 0030 44E0     		b	.L15
  67              	.L4:
  68 0032 B1F5006F 		cmp	r1, #2048
  69 0036 16D0     		beq	.L10
  70 0038 03D8     		bhi	.L11
  71 003a B1F5806F 		cmp	r1, #1024
  72 003e 18D0     		beq	.L12
  73 0040 3CE0     		b	.L15
  74              	.L11:
ARM GAS  C:\Users\IVYLIU~1\AppData\Local\Temp\ccrMqIs5.s 			page 4


  75 0042 B1F5805F 		cmp	r1, #4096
  76 0046 08D0     		beq	.L13
  77 0048 B1F5005F 		cmp	r1, #8192
  78 004c 36D1     		bne	.L15
  98:.\DSP\Source\TransformFunctions/arm_rfft_init_q15.c ****     {
  99:.\DSP\Source\TransformFunctions/arm_rfft_init_q15.c **** #if !defined(ARM_DSP_CONFIG_TABLES) || defined(ARM_ALL_FFT_TABLES) || (defined(ARM_TABLE_TWIDDLECOE
 100:.\DSP\Source\TransformFunctions/arm_rfft_init_q15.c ****     case 8192U:
 101:.\DSP\Source\TransformFunctions/arm_rfft_init_q15.c ****         S->twidCoefRModifier = 1U;
  79              		.loc 1 101 0
  80 004e 0123     		movs	r3, #1
  81              	.LVL3:
  82 0050 8360     		str	r3, [r0, #8]
 102:.\DSP\Source\TransformFunctions/arm_rfft_init_q15.c **** 
 103:.\DSP\Source\TransformFunctions/arm_rfft_init_q15.c ****         #if defined(ARM_MATH_MVEI) && !defined(ARM_MATH_AUTOVECTORIZE)
 104:.\DSP\Source\TransformFunctions/arm_rfft_init_q15.c ****            status=arm_cfft_init_q15(&(S->cfftInst),4096);
 105:.\DSP\Source\TransformFunctions/arm_rfft_init_q15.c ****            if (status != ARM_MATH_SUCCESS)
 106:.\DSP\Source\TransformFunctions/arm_rfft_init_q15.c ****            {
 107:.\DSP\Source\TransformFunctions/arm_rfft_init_q15.c ****                return(status);
 108:.\DSP\Source\TransformFunctions/arm_rfft_init_q15.c ****            }
 109:.\DSP\Source\TransformFunctions/arm_rfft_init_q15.c ****         #else
 110:.\DSP\Source\TransformFunctions/arm_rfft_init_q15.c ****           S->pCfft = &arm_cfft_sR_q15_len4096;
  83              		.loc 1 110 0
  84 0052 1F4B     		ldr	r3, .L17+8
  85 0054 4361     		str	r3, [r0, #20]
  79:.\DSP\Source\TransformFunctions/arm_rfft_init_q15.c **** 
  86              		.loc 1 79 0
  87 0056 0020     		movs	r0, #0
  88              	.LVL4:
 111:.\DSP\Source\TransformFunctions/arm_rfft_init_q15.c ****         #endif
 112:.\DSP\Source\TransformFunctions/arm_rfft_init_q15.c ****         break;
  89              		.loc 1 112 0
  90 0058 31E0     		b	.L2
  91              	.LVL5:
  92              	.L13:
 113:.\DSP\Source\TransformFunctions/arm_rfft_init_q15.c **** #endif
 114:.\DSP\Source\TransformFunctions/arm_rfft_init_q15.c **** #if !defined(ARM_DSP_CONFIG_TABLES) || defined(ARM_ALL_FFT_TABLES) || (defined(ARM_TABLE_TWIDDLECOE
 115:.\DSP\Source\TransformFunctions/arm_rfft_init_q15.c ****     case 4096U:
 116:.\DSP\Source\TransformFunctions/arm_rfft_init_q15.c ****         S->twidCoefRModifier = 2U;
  93              		.loc 1 116 0
  94 005a 0223     		movs	r3, #2
  95              	.LVL6:
  96 005c 8360     		str	r3, [r0, #8]
 117:.\DSP\Source\TransformFunctions/arm_rfft_init_q15.c **** 
 118:.\DSP\Source\TransformFunctions/arm_rfft_init_q15.c ****         #if defined(ARM_MATH_MVEI) && !defined(ARM_MATH_AUTOVECTORIZE)
 119:.\DSP\Source\TransformFunctions/arm_rfft_init_q15.c ****            status=arm_cfft_init_q15(&(S->cfftInst),2048);
 120:.\DSP\Source\TransformFunctions/arm_rfft_init_q15.c ****            if (status != ARM_MATH_SUCCESS)
 121:.\DSP\Source\TransformFunctions/arm_rfft_init_q15.c ****            {
 122:.\DSP\Source\TransformFunctions/arm_rfft_init_q15.c ****                return(status);
 123:.\DSP\Source\TransformFunctions/arm_rfft_init_q15.c ****            }
 124:.\DSP\Source\TransformFunctions/arm_rfft_init_q15.c ****         #else
 125:.\DSP\Source\TransformFunctions/arm_rfft_init_q15.c ****            S->pCfft = &arm_cfft_sR_q15_len2048;
  97              		.loc 1 125 0
  98 005e 1D4B     		ldr	r3, .L17+12
  99 0060 4361     		str	r3, [r0, #20]
  79:.\DSP\Source\TransformFunctions/arm_rfft_init_q15.c **** 
 100              		.loc 1 79 0
 101 0062 0020     		movs	r0, #0
ARM GAS  C:\Users\IVYLIU~1\AppData\Local\Temp\ccrMqIs5.s 			page 5


 102              	.LVL7:
 126:.\DSP\Source\TransformFunctions/arm_rfft_init_q15.c ****         #endif
 127:.\DSP\Source\TransformFunctions/arm_rfft_init_q15.c ****         break;
 103              		.loc 1 127 0
 104 0064 2BE0     		b	.L2
 105              	.LVL8:
 106              	.L10:
 128:.\DSP\Source\TransformFunctions/arm_rfft_init_q15.c **** #endif
 129:.\DSP\Source\TransformFunctions/arm_rfft_init_q15.c **** #if !defined(ARM_DSP_CONFIG_TABLES) || defined(ARM_ALL_FFT_TABLES) || (defined(ARM_TABLE_TWIDDLECOE
 130:.\DSP\Source\TransformFunctions/arm_rfft_init_q15.c ****     case 2048U:
 131:.\DSP\Source\TransformFunctions/arm_rfft_init_q15.c ****         S->twidCoefRModifier = 4U;
 107              		.loc 1 131 0
 108 0066 0423     		movs	r3, #4
 109              	.LVL9:
 110 0068 8360     		str	r3, [r0, #8]
 132:.\DSP\Source\TransformFunctions/arm_rfft_init_q15.c **** 
 133:.\DSP\Source\TransformFunctions/arm_rfft_init_q15.c ****         #if defined(ARM_MATH_MVEI) && !defined(ARM_MATH_AUTOVECTORIZE)
 134:.\DSP\Source\TransformFunctions/arm_rfft_init_q15.c ****            status=arm_cfft_init_q15(&(S->cfftInst),1024);
 135:.\DSP\Source\TransformFunctions/arm_rfft_init_q15.c ****            if (status != ARM_MATH_SUCCESS)
 136:.\DSP\Source\TransformFunctions/arm_rfft_init_q15.c ****            {
 137:.\DSP\Source\TransformFunctions/arm_rfft_init_q15.c ****                return(status);
 138:.\DSP\Source\TransformFunctions/arm_rfft_init_q15.c ****            }
 139:.\DSP\Source\TransformFunctions/arm_rfft_init_q15.c ****         #else
 140:.\DSP\Source\TransformFunctions/arm_rfft_init_q15.c ****            S->pCfft = &arm_cfft_sR_q15_len1024;
 111              		.loc 1 140 0
 112 006a 1B4B     		ldr	r3, .L17+16
 113 006c 4361     		str	r3, [r0, #20]
  79:.\DSP\Source\TransformFunctions/arm_rfft_init_q15.c **** 
 114              		.loc 1 79 0
 115 006e 0020     		movs	r0, #0
 116              	.LVL10:
 141:.\DSP\Source\TransformFunctions/arm_rfft_init_q15.c ****         #endif
 142:.\DSP\Source\TransformFunctions/arm_rfft_init_q15.c ****         break;
 117              		.loc 1 142 0
 118 0070 25E0     		b	.L2
 119              	.LVL11:
 120              	.L12:
 143:.\DSP\Source\TransformFunctions/arm_rfft_init_q15.c **** #endif 
 144:.\DSP\Source\TransformFunctions/arm_rfft_init_q15.c **** #if !defined(ARM_DSP_CONFIG_TABLES) || defined(ARM_ALL_FFT_TABLES) || (defined(ARM_TABLE_TWIDDLECOE
 145:.\DSP\Source\TransformFunctions/arm_rfft_init_q15.c ****     case 1024U:
 146:.\DSP\Source\TransformFunctions/arm_rfft_init_q15.c ****         S->twidCoefRModifier = 8U;
 121              		.loc 1 146 0
 122 0072 0823     		movs	r3, #8
 123              	.LVL12:
 124 0074 8360     		str	r3, [r0, #8]
 147:.\DSP\Source\TransformFunctions/arm_rfft_init_q15.c **** 
 148:.\DSP\Source\TransformFunctions/arm_rfft_init_q15.c ****         #if defined(ARM_MATH_MVEI) && !defined(ARM_MATH_AUTOVECTORIZE)
 149:.\DSP\Source\TransformFunctions/arm_rfft_init_q15.c ****            status=arm_cfft_init_q15(&(S->cfftInst),512);
 150:.\DSP\Source\TransformFunctions/arm_rfft_init_q15.c ****            if (status != ARM_MATH_SUCCESS)
 151:.\DSP\Source\TransformFunctions/arm_rfft_init_q15.c ****            {
 152:.\DSP\Source\TransformFunctions/arm_rfft_init_q15.c ****                return(status);
 153:.\DSP\Source\TransformFunctions/arm_rfft_init_q15.c ****            }
 154:.\DSP\Source\TransformFunctions/arm_rfft_init_q15.c ****         #else
 155:.\DSP\Source\TransformFunctions/arm_rfft_init_q15.c ****           S->pCfft = &arm_cfft_sR_q15_len512;
 125              		.loc 1 155 0
 126 0076 194B     		ldr	r3, .L17+20
 127 0078 4361     		str	r3, [r0, #20]
ARM GAS  C:\Users\IVYLIU~1\AppData\Local\Temp\ccrMqIs5.s 			page 6


  79:.\DSP\Source\TransformFunctions/arm_rfft_init_q15.c **** 
 128              		.loc 1 79 0
 129 007a 0020     		movs	r0, #0
 130              	.LVL13:
 156:.\DSP\Source\TransformFunctions/arm_rfft_init_q15.c ****         #endif
 157:.\DSP\Source\TransformFunctions/arm_rfft_init_q15.c ****         break;
 131              		.loc 1 157 0
 132 007c 1FE0     		b	.L2
 133              	.LVL14:
 134              	.L3:
 158:.\DSP\Source\TransformFunctions/arm_rfft_init_q15.c **** #endif 
 159:.\DSP\Source\TransformFunctions/arm_rfft_init_q15.c **** #if !defined(ARM_DSP_CONFIG_TABLES) || defined(ARM_ALL_FFT_TABLES) || (defined(ARM_TABLE_TWIDDLECOE
 160:.\DSP\Source\TransformFunctions/arm_rfft_init_q15.c ****     case 512U:
 161:.\DSP\Source\TransformFunctions/arm_rfft_init_q15.c ****         S->twidCoefRModifier = 16U;
 135              		.loc 1 161 0
 136 007e 1023     		movs	r3, #16
 137              	.LVL15:
 138 0080 8360     		str	r3, [r0, #8]
 162:.\DSP\Source\TransformFunctions/arm_rfft_init_q15.c **** 
 163:.\DSP\Source\TransformFunctions/arm_rfft_init_q15.c ****         #if defined(ARM_MATH_MVEI) && !defined(ARM_MATH_AUTOVECTORIZE)
 164:.\DSP\Source\TransformFunctions/arm_rfft_init_q15.c ****            status=arm_cfft_init_q15(&(S->cfftInst),256);
 165:.\DSP\Source\TransformFunctions/arm_rfft_init_q15.c ****            if (status != ARM_MATH_SUCCESS)
 166:.\DSP\Source\TransformFunctions/arm_rfft_init_q15.c ****            {
 167:.\DSP\Source\TransformFunctions/arm_rfft_init_q15.c ****                return(status);
 168:.\DSP\Source\TransformFunctions/arm_rfft_init_q15.c ****            }
 169:.\DSP\Source\TransformFunctions/arm_rfft_init_q15.c ****         #else
 170:.\DSP\Source\TransformFunctions/arm_rfft_init_q15.c ****            S->pCfft = &arm_cfft_sR_q15_len256;
 139              		.loc 1 170 0
 140 0082 174B     		ldr	r3, .L17+24
 141 0084 4361     		str	r3, [r0, #20]
  79:.\DSP\Source\TransformFunctions/arm_rfft_init_q15.c **** 
 142              		.loc 1 79 0
 143 0086 0020     		movs	r0, #0
 144              	.LVL16:
 171:.\DSP\Source\TransformFunctions/arm_rfft_init_q15.c ****         #endif
 172:.\DSP\Source\TransformFunctions/arm_rfft_init_q15.c ****         break;
 145              		.loc 1 172 0
 146 0088 19E0     		b	.L2
 147              	.LVL17:
 148              	.L9:
 173:.\DSP\Source\TransformFunctions/arm_rfft_init_q15.c **** #endif
 174:.\DSP\Source\TransformFunctions/arm_rfft_init_q15.c **** #if !defined(ARM_DSP_CONFIG_TABLES) || defined(ARM_ALL_FFT_TABLES) || (defined(ARM_TABLE_TWIDDLECOE
 175:.\DSP\Source\TransformFunctions/arm_rfft_init_q15.c ****     case 256U:
 176:.\DSP\Source\TransformFunctions/arm_rfft_init_q15.c ****         S->twidCoefRModifier = 32U;
 149              		.loc 1 176 0
 150 008a 2023     		movs	r3, #32
 151              	.LVL18:
 152 008c 8360     		str	r3, [r0, #8]
 177:.\DSP\Source\TransformFunctions/arm_rfft_init_q15.c **** 
 178:.\DSP\Source\TransformFunctions/arm_rfft_init_q15.c ****         #if defined(ARM_MATH_MVEI) && !defined(ARM_MATH_AUTOVECTORIZE)
 179:.\DSP\Source\TransformFunctions/arm_rfft_init_q15.c ****            status=arm_cfft_init_q15(&(S->cfftInst),128);
 180:.\DSP\Source\TransformFunctions/arm_rfft_init_q15.c ****            if (status != ARM_MATH_SUCCESS)
 181:.\DSP\Source\TransformFunctions/arm_rfft_init_q15.c ****            {
 182:.\DSP\Source\TransformFunctions/arm_rfft_init_q15.c ****                return(status);
 183:.\DSP\Source\TransformFunctions/arm_rfft_init_q15.c ****            }
 184:.\DSP\Source\TransformFunctions/arm_rfft_init_q15.c ****         #else
 185:.\DSP\Source\TransformFunctions/arm_rfft_init_q15.c ****            S->pCfft = &arm_cfft_sR_q15_len128;
ARM GAS  C:\Users\IVYLIU~1\AppData\Local\Temp\ccrMqIs5.s 			page 7


 153              		.loc 1 185 0
 154 008e 154B     		ldr	r3, .L17+28
 155 0090 4361     		str	r3, [r0, #20]
  79:.\DSP\Source\TransformFunctions/arm_rfft_init_q15.c **** 
 156              		.loc 1 79 0
 157 0092 0020     		movs	r0, #0
 158              	.LVL19:
 186:.\DSP\Source\TransformFunctions/arm_rfft_init_q15.c ****         #endif
 187:.\DSP\Source\TransformFunctions/arm_rfft_init_q15.c ****         break;
 159              		.loc 1 187 0
 160 0094 13E0     		b	.L2
 161              	.LVL20:
 162              	.L8:
 188:.\DSP\Source\TransformFunctions/arm_rfft_init_q15.c **** #endif
 189:.\DSP\Source\TransformFunctions/arm_rfft_init_q15.c **** #if !defined(ARM_DSP_CONFIG_TABLES) || defined(ARM_ALL_FFT_TABLES) || (defined(ARM_TABLE_TWIDDLECOE
 190:.\DSP\Source\TransformFunctions/arm_rfft_init_q15.c ****     case 128U:
 191:.\DSP\Source\TransformFunctions/arm_rfft_init_q15.c ****         S->twidCoefRModifier = 64U;
 163              		.loc 1 191 0
 164 0096 4023     		movs	r3, #64
 165              	.LVL21:
 166 0098 8360     		str	r3, [r0, #8]
 192:.\DSP\Source\TransformFunctions/arm_rfft_init_q15.c **** 
 193:.\DSP\Source\TransformFunctions/arm_rfft_init_q15.c ****         #if defined(ARM_MATH_MVEI) && !defined(ARM_MATH_AUTOVECTORIZE)
 194:.\DSP\Source\TransformFunctions/arm_rfft_init_q15.c ****            status=arm_cfft_init_q15(&(S->cfftInst),64);
 195:.\DSP\Source\TransformFunctions/arm_rfft_init_q15.c ****            if (status != ARM_MATH_SUCCESS)
 196:.\DSP\Source\TransformFunctions/arm_rfft_init_q15.c ****            {
 197:.\DSP\Source\TransformFunctions/arm_rfft_init_q15.c ****                return(status);
 198:.\DSP\Source\TransformFunctions/arm_rfft_init_q15.c ****            }
 199:.\DSP\Source\TransformFunctions/arm_rfft_init_q15.c ****         #else
 200:.\DSP\Source\TransformFunctions/arm_rfft_init_q15.c ****            S->pCfft = &arm_cfft_sR_q15_len64;
 167              		.loc 1 200 0
 168 009a 134B     		ldr	r3, .L17+32
 169 009c 4361     		str	r3, [r0, #20]
  79:.\DSP\Source\TransformFunctions/arm_rfft_init_q15.c **** 
 170              		.loc 1 79 0
 171 009e 0020     		movs	r0, #0
 172              	.LVL22:
 201:.\DSP\Source\TransformFunctions/arm_rfft_init_q15.c ****         #endif
 202:.\DSP\Source\TransformFunctions/arm_rfft_init_q15.c ****         break;
 173              		.loc 1 202 0
 174 00a0 0DE0     		b	.L2
 175              	.LVL23:
 176              	.L5:
 203:.\DSP\Source\TransformFunctions/arm_rfft_init_q15.c **** #endif 
 204:.\DSP\Source\TransformFunctions/arm_rfft_init_q15.c **** #if !defined(ARM_DSP_CONFIG_TABLES) || defined(ARM_ALL_FFT_TABLES) || (defined(ARM_TABLE_TWIDDLECOE
 205:.\DSP\Source\TransformFunctions/arm_rfft_init_q15.c ****     case 64U:
 206:.\DSP\Source\TransformFunctions/arm_rfft_init_q15.c ****         S->twidCoefRModifier = 128U;
 177              		.loc 1 206 0
 178 00a2 8023     		movs	r3, #128
 179              	.LVL24:
 180 00a4 8360     		str	r3, [r0, #8]
 207:.\DSP\Source\TransformFunctions/arm_rfft_init_q15.c **** 
 208:.\DSP\Source\TransformFunctions/arm_rfft_init_q15.c ****         #if defined(ARM_MATH_MVEI) && !defined(ARM_MATH_AUTOVECTORIZE)
 209:.\DSP\Source\TransformFunctions/arm_rfft_init_q15.c ****            status=arm_cfft_init_q15(&(S->cfftInst),32);
 210:.\DSP\Source\TransformFunctions/arm_rfft_init_q15.c ****            if (status != ARM_MATH_SUCCESS)
 211:.\DSP\Source\TransformFunctions/arm_rfft_init_q15.c ****            {
 212:.\DSP\Source\TransformFunctions/arm_rfft_init_q15.c ****                return(status);
ARM GAS  C:\Users\IVYLIU~1\AppData\Local\Temp\ccrMqIs5.s 			page 8


 213:.\DSP\Source\TransformFunctions/arm_rfft_init_q15.c ****            }
 214:.\DSP\Source\TransformFunctions/arm_rfft_init_q15.c ****         #else
 215:.\DSP\Source\TransformFunctions/arm_rfft_init_q15.c ****           S->pCfft = &arm_cfft_sR_q15_len32;
 181              		.loc 1 215 0
 182 00a6 114B     		ldr	r3, .L17+36
 183 00a8 4361     		str	r3, [r0, #20]
  79:.\DSP\Source\TransformFunctions/arm_rfft_init_q15.c **** 
 184              		.loc 1 79 0
 185 00aa 0020     		movs	r0, #0
 186              	.LVL25:
 216:.\DSP\Source\TransformFunctions/arm_rfft_init_q15.c ****         #endif
 217:.\DSP\Source\TransformFunctions/arm_rfft_init_q15.c ****         break;
 187              		.loc 1 217 0
 188 00ac 07E0     		b	.L2
 189              	.LVL26:
 190              	.L7:
 218:.\DSP\Source\TransformFunctions/arm_rfft_init_q15.c **** #endif 
 219:.\DSP\Source\TransformFunctions/arm_rfft_init_q15.c **** #if !defined(ARM_DSP_CONFIG_TABLES) || defined(ARM_ALL_FFT_TABLES) || (defined(ARM_TABLE_TWIDDLECOE
 220:.\DSP\Source\TransformFunctions/arm_rfft_init_q15.c ****     case 32U:
 221:.\DSP\Source\TransformFunctions/arm_rfft_init_q15.c ****         S->twidCoefRModifier = 256U;
 191              		.loc 1 221 0
 192 00ae 4FF48073 		mov	r3, #256
 193              	.LVL27:
 194 00b2 8360     		str	r3, [r0, #8]
 222:.\DSP\Source\TransformFunctions/arm_rfft_init_q15.c **** 
 223:.\DSP\Source\TransformFunctions/arm_rfft_init_q15.c ****         #if defined(ARM_MATH_MVEI) && !defined(ARM_MATH_AUTOVECTORIZE)
 224:.\DSP\Source\TransformFunctions/arm_rfft_init_q15.c ****            status=arm_cfft_init_q15(&(S->cfftInst),16);
 225:.\DSP\Source\TransformFunctions/arm_rfft_init_q15.c ****            if (status != ARM_MATH_SUCCESS)
 226:.\DSP\Source\TransformFunctions/arm_rfft_init_q15.c ****            {
 227:.\DSP\Source\TransformFunctions/arm_rfft_init_q15.c ****                return(status);
 228:.\DSP\Source\TransformFunctions/arm_rfft_init_q15.c ****            }
 229:.\DSP\Source\TransformFunctions/arm_rfft_init_q15.c ****         #else
 230:.\DSP\Source\TransformFunctions/arm_rfft_init_q15.c ****            S->pCfft = &arm_cfft_sR_q15_len16;
 195              		.loc 1 230 0
 196 00b4 0E4B     		ldr	r3, .L17+40
 197 00b6 4361     		str	r3, [r0, #20]
  79:.\DSP\Source\TransformFunctions/arm_rfft_init_q15.c **** 
 198              		.loc 1 79 0
 199 00b8 0020     		movs	r0, #0
 200              	.LVL28:
 231:.\DSP\Source\TransformFunctions/arm_rfft_init_q15.c ****         #endif
 232:.\DSP\Source\TransformFunctions/arm_rfft_init_q15.c ****         break;
 201              		.loc 1 232 0
 202 00ba 00E0     		b	.L2
 203              	.LVL29:
 204              	.L15:
 233:.\DSP\Source\TransformFunctions/arm_rfft_init_q15.c **** #endif
 234:.\DSP\Source\TransformFunctions/arm_rfft_init_q15.c ****     default:
 235:.\DSP\Source\TransformFunctions/arm_rfft_init_q15.c ****         /*  Reporting argument error if rfftSize is not valid value */
 236:.\DSP\Source\TransformFunctions/arm_rfft_init_q15.c ****         status = ARM_MATH_ARGUMENT_ERROR;
 205              		.loc 1 236 0
 206 00bc FF20     		movs	r0, #255
 207              	.LVL30:
 208              	.L2:
 237:.\DSP\Source\TransformFunctions/arm_rfft_init_q15.c ****         break;
 238:.\DSP\Source\TransformFunctions/arm_rfft_init_q15.c ****     }
 239:.\DSP\Source\TransformFunctions/arm_rfft_init_q15.c **** 
ARM GAS  C:\Users\IVYLIU~1\AppData\Local\Temp\ccrMqIs5.s 			page 9


 240:.\DSP\Source\TransformFunctions/arm_rfft_init_q15.c **** #endif
 241:.\DSP\Source\TransformFunctions/arm_rfft_init_q15.c **** #endif
 242:.\DSP\Source\TransformFunctions/arm_rfft_init_q15.c ****     /* return the status of RFFT Init function */
 243:.\DSP\Source\TransformFunctions/arm_rfft_init_q15.c ****     return (status);
 244:.\DSP\Source\TransformFunctions/arm_rfft_init_q15.c **** }
 209              		.loc 1 244 0
 210 00be 40B2     		sxtb	r0, r0
 211 00c0 5DF8044B 		ldr	r4, [sp], #4
 212              		.cfi_restore 4
 213              		.cfi_def_cfa_offset 0
 214 00c4 7047     		bx	lr
 215              	.L18:
 216 00c6 00BF     		.align	2
 217              	.L17:
 218 00c8 00000000 		.word	realCoefAQ15
 219 00cc 00000000 		.word	realCoefBQ15
 220 00d0 00000000 		.word	arm_cfft_sR_q15_len4096
 221 00d4 00000000 		.word	arm_cfft_sR_q15_len2048
 222 00d8 00000000 		.word	arm_cfft_sR_q15_len1024
 223 00dc 00000000 		.word	arm_cfft_sR_q15_len512
 224 00e0 00000000 		.word	arm_cfft_sR_q15_len256
 225 00e4 00000000 		.word	arm_cfft_sR_q15_len128
 226 00e8 00000000 		.word	arm_cfft_sR_q15_len64
 227 00ec 00000000 		.word	arm_cfft_sR_q15_len32
 228 00f0 00000000 		.word	arm_cfft_sR_q15_len16
 229              		.cfi_endproc
 230              	.LFE84:
 231              		.size	arm_rfft_init_q15, .-arm_rfft_init_q15
 232              		.text
 233              	.Letext0:
 234              		.file 2 "c:\\program files (x86)\\cypress\\psoc creator\\3.3\\psoc creator\\import\\gnu\\arm\\4.9.
 235              		.file 3 "c:\\program files (x86)\\cypress\\psoc creator\\3.3\\psoc creator\\import\\gnu\\arm\\4.9.
 236              		.file 4 ".\\DSP\\Include/arm_math_types.h"
 237              		.file 5 ".\\DSP\\Include/dsp/transform_functions.h"
 238              		.file 6 ".\\Core\\Include/cmsis_gcc.h"
 239              		.file 7 ".\\DSP\\Include/arm_common_tables.h"
 240              		.file 8 ".\\DSP\\Include/arm_const_structs.h"
 241              		.section	.debug_info,"",%progbits
 242              	.Ldebug_info0:
 243 0000 AF030000 		.4byte	0x3af
 244 0004 0400     		.2byte	0x4
 245 0006 00000000 		.4byte	.Ldebug_abbrev0
 246 000a 04       		.byte	0x4
 247 000b 01       		.uleb128 0x1
 248 000c 77040000 		.4byte	.LASF65
 249 0010 01       		.byte	0x1
 250 0011 0E040000 		.4byte	.LASF66
 251 0015 01030000 		.4byte	.LASF67
 252 0019 00000000 		.4byte	.Ldebug_ranges0+0
 253 001d 00000000 		.4byte	0
 254 0021 00000000 		.4byte	.Ldebug_line0
 255 0025 02       		.uleb128 0x2
 256 0026 01       		.byte	0x1
 257 0027 06       		.byte	0x6
 258 0028 BE000000 		.4byte	.LASF0
 259 002c 03       		.uleb128 0x3
 260 002d 35000000 		.4byte	.LASF2
ARM GAS  C:\Users\IVYLIU~1\AppData\Local\Temp\ccrMqIs5.s 			page 10


 261 0031 02       		.byte	0x2
 262 0032 1D       		.byte	0x1d
 263 0033 37000000 		.4byte	0x37
 264 0037 02       		.uleb128 0x2
 265 0038 01       		.byte	0x1
 266 0039 08       		.byte	0x8
 267 003a 97020000 		.4byte	.LASF1
 268 003e 03       		.uleb128 0x3
 269 003f 5E010000 		.4byte	.LASF3
 270 0043 02       		.byte	0x2
 271 0044 29       		.byte	0x29
 272 0045 49000000 		.4byte	0x49
 273 0049 02       		.uleb128 0x2
 274 004a 02       		.byte	0x2
 275 004b 05       		.byte	0x5
 276 004c B8020000 		.4byte	.LASF4
 277 0050 03       		.uleb128 0x3
 278 0051 86030000 		.4byte	.LASF5
 279 0055 02       		.byte	0x2
 280 0056 2B       		.byte	0x2b
 281 0057 5B000000 		.4byte	0x5b
 282 005b 02       		.uleb128 0x2
 283 005c 02       		.byte	0x2
 284 005d 07       		.byte	0x7
 285 005e A3010000 		.4byte	.LASF6
 286 0062 02       		.uleb128 0x2
 287 0063 04       		.byte	0x4
 288 0064 05       		.byte	0x5
 289 0065 EC000000 		.4byte	.LASF7
 290 0069 03       		.uleb128 0x3
 291 006a 38010000 		.4byte	.LASF8
 292 006e 02       		.byte	0x2
 293 006f 41       		.byte	0x41
 294 0070 74000000 		.4byte	0x74
 295 0074 02       		.uleb128 0x2
 296 0075 04       		.byte	0x4
 297 0076 07       		.byte	0x7
 298 0077 91010000 		.4byte	.LASF9
 299 007b 02       		.uleb128 0x2
 300 007c 08       		.byte	0x8
 301 007d 05       		.byte	0x5
 302 007e B0000000 		.4byte	.LASF10
 303 0082 02       		.uleb128 0x2
 304 0083 08       		.byte	0x8
 305 0084 07       		.byte	0x7
 306 0085 50000000 		.4byte	.LASF11
 307 0089 04       		.uleb128 0x4
 308 008a 04       		.byte	0x4
 309 008b 05       		.byte	0x5
 310 008c 696E7400 		.ascii	"int\000"
 311 0090 02       		.uleb128 0x2
 312 0091 04       		.byte	0x4
 313 0092 07       		.byte	0x7
 314 0093 84010000 		.4byte	.LASF12
 315 0097 03       		.uleb128 0x3
 316 0098 42040000 		.4byte	.LASF13
 317 009c 03       		.byte	0x3
ARM GAS  C:\Users\IVYLIU~1\AppData\Local\Temp\ccrMqIs5.s 			page 11


 318 009d 15       		.byte	0x15
 319 009e 2C000000 		.4byte	0x2c
 320 00a2 03       		.uleb128 0x3
 321 00a3 A8000000 		.4byte	.LASF14
 322 00a7 03       		.byte	0x3
 323 00a8 20       		.byte	0x20
 324 00a9 3E000000 		.4byte	0x3e
 325 00ad 03       		.uleb128 0x3
 326 00ae 1E010000 		.4byte	.LASF15
 327 00b2 03       		.byte	0x3
 328 00b3 21       		.byte	0x21
 329 00b4 50000000 		.4byte	0x50
 330 00b8 03       		.uleb128 0x3
 331 00b9 F8020000 		.4byte	.LASF16
 332 00bd 03       		.byte	0x3
 333 00be 2D       		.byte	0x2d
 334 00bf 69000000 		.4byte	0x69
 335 00c3 02       		.uleb128 0x2
 336 00c4 04       		.byte	0x4
 337 00c5 07       		.byte	0x7
 338 00c6 FD010000 		.4byte	.LASF17
 339 00ca 02       		.uleb128 0x2
 340 00cb 01       		.byte	0x1
 341 00cc 08       		.byte	0x8
 342 00cd 81030000 		.4byte	.LASF18
 343 00d1 02       		.uleb128 0x2
 344 00d2 08       		.byte	0x8
 345 00d3 04       		.byte	0x4
 346 00d4 27010000 		.4byte	.LASF19
 347 00d8 02       		.uleb128 0x2
 348 00d9 04       		.byte	0x4
 349 00da 04       		.byte	0x4
 350 00db 62020000 		.4byte	.LASF20
 351 00df 02       		.uleb128 0x2
 352 00e0 08       		.byte	0x8
 353 00e1 04       		.byte	0x4
 354 00e2 06020000 		.4byte	.LASF21
 355 00e6 05       		.uleb128 0x5
 356 00e7 F5000000 		.4byte	.LASF22
 357 00eb 04       		.byte	0x4
 358 00ec 1F01     		.2byte	0x11f
 359 00ee A2000000 		.4byte	0xa2
 360 00f2 06       		.uleb128 0x6
 361 00f3 01       		.byte	0x1
 362 00f4 04       		.byte	0x4
 363 00f5 5802     		.2byte	0x258
 364 00f7 2C010000 		.4byte	0x12c
 365 00fb 07       		.uleb128 0x7
 366 00fc 3F000000 		.4byte	.LASF23
 367 0100 00       		.sleb128 0
 368 0101 07       		.uleb128 0x7
 369 0102 C2020000 		.4byte	.LASF24
 370 0106 7F       		.sleb128 -1
 371 0107 07       		.uleb128 0x7
 372 0108 4C020000 		.4byte	.LASF25
 373 010c 7E       		.sleb128 -2
 374 010d 07       		.uleb128 0x7
ARM GAS  C:\Users\IVYLIU~1\AppData\Local\Temp\ccrMqIs5.s 			page 12


 375 010e 91030000 		.4byte	.LASF26
 376 0112 7D       		.sleb128 -3
 377 0113 07       		.uleb128 0x7
 378 0114 7A020000 		.4byte	.LASF27
 379 0118 7C       		.sleb128 -4
 380 0119 07       		.uleb128 0x7
 381 011a 68020000 		.4byte	.LASF28
 382 011e 7B       		.sleb128 -5
 383 011f 07       		.uleb128 0x7
 384 0120 D5010000 		.4byte	.LASF29
 385 0124 7A       		.sleb128 -6
 386 0125 07       		.uleb128 0x7
 387 0126 B6010000 		.4byte	.LASF30
 388 012a 79       		.sleb128 -7
 389 012b 00       		.byte	0
 390 012c 05       		.uleb128 0x5
 391 012d 4A040000 		.4byte	.LASF31
 392 0131 04       		.byte	0x4
 393 0132 6102     		.2byte	0x261
 394 0134 F2000000 		.4byte	0xf2
 395 0138 08       		.uleb128 0x8
 396 0139 04       		.byte	0x4
 397 013a 3E010000 		.4byte	0x13e
 398 013e 09       		.uleb128 0x9
 399 013f E6000000 		.4byte	0xe6
 400 0143 08       		.uleb128 0x8
 401 0144 04       		.byte	0x4
 402 0145 49010000 		.4byte	0x149
 403 0149 09       		.uleb128 0x9
 404 014a AD000000 		.4byte	0xad
 405 014e 0A       		.uleb128 0xa
 406 014f 10       		.byte	0x10
 407 0150 05       		.byte	0x5
 408 0151 D7       		.byte	0xd7
 409 0152 87010000 		.4byte	0x187
 410 0156 0B       		.uleb128 0xb
 411 0157 68010000 		.4byte	.LASF32
 412 015b 05       		.byte	0x5
 413 015c D9       		.byte	0xd9
 414 015d AD000000 		.4byte	0xad
 415 0161 00       		.byte	0
 416 0162 0B       		.uleb128 0xb
 417 0163 FE030000 		.4byte	.LASF33
 418 0167 05       		.byte	0x5
 419 0168 DA       		.byte	0xda
 420 0169 38010000 		.4byte	0x138
 421 016d 04       		.byte	0x4
 422 016e 0B       		.uleb128 0xb
 423 016f FB000000 		.4byte	.LASF34
 424 0173 05       		.byte	0x5
 425 0174 DB       		.byte	0xdb
 426 0175 43010000 		.4byte	0x143
 427 0179 08       		.byte	0x8
 428 017a 0B       		.uleb128 0xb
 429 017b 8A020000 		.4byte	.LASF35
 430 017f 05       		.byte	0x5
 431 0180 DC       		.byte	0xdc
ARM GAS  C:\Users\IVYLIU~1\AppData\Local\Temp\ccrMqIs5.s 			page 13


 432 0181 AD000000 		.4byte	0xad
 433 0185 0C       		.byte	0xc
 434 0186 00       		.byte	0
 435 0187 03       		.uleb128 0x3
 436 0188 67000000 		.4byte	.LASF36
 437 018c 05       		.byte	0x5
 438 018d E5       		.byte	0xe5
 439 018e 4E010000 		.4byte	0x14e
 440 0192 0C       		.uleb128 0xc
 441 0193 18       		.byte	0x18
 442 0194 05       		.byte	0x5
 443 0195 4601     		.2byte	0x146
 444 0197 F7010000 		.4byte	0x1f7
 445 019b 0D       		.uleb128 0xd
 446 019c 55040000 		.4byte	.LASF37
 447 01a0 05       		.byte	0x5
 448 01a1 4801     		.2byte	0x148
 449 01a3 B8000000 		.4byte	0xb8
 450 01a7 00       		.byte	0
 451 01a8 0D       		.uleb128 0xd
 452 01a9 2E010000 		.4byte	.LASF38
 453 01ad 05       		.byte	0x5
 454 01ae 4901     		.2byte	0x149
 455 01b0 97000000 		.4byte	0x97
 456 01b4 04       		.byte	0x4
 457 01b5 0D       		.uleb128 0xd
 458 01b6 12020000 		.4byte	.LASF39
 459 01ba 05       		.byte	0x5
 460 01bb 4A01     		.2byte	0x14a
 461 01bd 97000000 		.4byte	0x97
 462 01c1 05       		.byte	0x5
 463 01c2 0D       		.uleb128 0xd
 464 01c3 57030000 		.4byte	.LASF40
 465 01c7 05       		.byte	0x5
 466 01c8 4B01     		.2byte	0x14b
 467 01ca B8000000 		.4byte	0xb8
 468 01ce 08       		.byte	0x8
 469 01cf 0D       		.uleb128 0xd
 470 01d0 AA020000 		.4byte	.LASF41
 471 01d4 05       		.byte	0x5
 472 01d5 4C01     		.2byte	0x14c
 473 01d7 38010000 		.4byte	0x138
 474 01db 0C       		.byte	0xc
 475 01dc 0D       		.uleb128 0xd
 476 01dd 50010000 		.4byte	.LASF42
 477 01e1 05       		.byte	0x5
 478 01e2 4D01     		.2byte	0x14d
 479 01e4 38010000 		.4byte	0x138
 480 01e8 10       		.byte	0x10
 481 01e9 0D       		.uleb128 0xd
 482 01ea DA020000 		.4byte	.LASF43
 483 01ee 05       		.byte	0x5
 484 01ef 5101     		.2byte	0x151
 485 01f1 F7010000 		.4byte	0x1f7
 486 01f5 14       		.byte	0x14
 487 01f6 00       		.byte	0
 488 01f7 08       		.uleb128 0x8
ARM GAS  C:\Users\IVYLIU~1\AppData\Local\Temp\ccrMqIs5.s 			page 14


 489 01f8 04       		.byte	0x4
 490 01f9 FD010000 		.4byte	0x1fd
 491 01fd 09       		.uleb128 0x9
 492 01fe 87010000 		.4byte	0x187
 493 0202 05       		.uleb128 0x5
 494 0203 A8030000 		.4byte	.LASF44
 495 0207 05       		.byte	0x5
 496 0208 5301     		.2byte	0x153
 497 020a 92010000 		.4byte	0x192
 498 020e 08       		.uleb128 0x8
 499 020f 04       		.byte	0x4
 500 0210 02020000 		.4byte	0x202
 501 0214 08       		.uleb128 0x8
 502 0215 04       		.byte	0x4
 503 0216 1A020000 		.4byte	0x21a
 504 021a 09       		.uleb128 0x9
 505 021b B8000000 		.4byte	0xb8
 506 021f 0E       		.uleb128 0xe
 507 0220 EB010000 		.4byte	.LASF68
 508 0224 01       		.byte	0x1
 509 0225 41       		.byte	0x41
 510 0226 2C010000 		.4byte	0x12c
 511 022a 00000000 		.4byte	.LFB84
 512 022e F4000000 		.4byte	.LFE84-.LFB84
 513 0232 01       		.uleb128 0x1
 514 0233 9C       		.byte	0x9c
 515 0234 80020000 		.4byte	0x280
 516 0238 0F       		.uleb128 0xf
 517 0239 5300     		.ascii	"S\000"
 518 023b 01       		.byte	0x1
 519 023c 42       		.byte	0x42
 520 023d 0E020000 		.4byte	0x20e
 521 0241 00000000 		.4byte	.LLST0
 522 0245 10       		.uleb128 0x10
 523 0246 55040000 		.4byte	.LASF37
 524 024a 01       		.byte	0x1
 525 024b 43       		.byte	0x43
 526 024c B8000000 		.4byte	0xb8
 527 0250 02010000 		.4byte	.LLST1
 528 0254 11       		.uleb128 0x11
 529 0255 2E010000 		.4byte	.LASF38
 530 0259 01       		.byte	0x1
 531 025a 44       		.byte	0x44
 532 025b B8000000 		.4byte	0xb8
 533 025f 01       		.uleb128 0x1
 534 0260 52       		.byte	0x52
 535 0261 10       		.uleb128 0x10
 536 0262 22020000 		.4byte	.LASF45
 537 0266 01       		.byte	0x1
 538 0267 45       		.byte	0x45
 539 0268 B8000000 		.4byte	0xb8
 540 026c 23010000 		.4byte	.LLST2
 541 0270 12       		.uleb128 0x12
 542 0271 07040000 		.4byte	.LASF69
 543 0275 01       		.byte	0x1
 544 0276 48       		.byte	0x48
 545 0277 2C010000 		.4byte	0x12c
ARM GAS  C:\Users\IVYLIU~1\AppData\Local\Temp\ccrMqIs5.s 			page 15


 546 027b 25020000 		.4byte	.LLST3
 547 027f 00       		.byte	0
 548 0280 03       		.uleb128 0x3
 549 0281 00000000 		.4byte	.LASF46
 550 0285 06       		.byte	0x6
 551 0286 8B       		.byte	0x8b
 552 0287 89030000 		.4byte	0x389
 553 028b 08       		.uleb128 0x8
 554 028c 04       		.byte	0x4
 555 028d B8000000 		.4byte	0xb8
 556 0291 13       		.uleb128 0x13
 557 0292 6F010000 		.4byte	.LASF47
 558 0296 06       		.byte	0x6
 559 0297 92       		.byte	0x92
 560 0298 9C020000 		.4byte	0x29c
 561 029c 09       		.uleb128 0x9
 562 029d 80020000 		.4byte	0x280
 563 02a1 13       		.uleb128 0x13
 564 02a2 7D000000 		.4byte	.LASF48
 565 02a6 06       		.byte	0x6
 566 02a7 93       		.byte	0x93
 567 02a8 9C020000 		.4byte	0x29c
 568 02ac 03       		.uleb128 0x3
 569 02ad 26000000 		.4byte	.LASF49
 570 02b1 06       		.byte	0x6
 571 02b2 90       		.byte	0x90
 572 02b3 68030000 		.4byte	0x368
 573 02b7 13       		.uleb128 0x13
 574 02b8 CA000000 		.4byte	.LASF50
 575 02bc 06       		.byte	0x6
 576 02bd 94       		.byte	0x94
 577 02be C2020000 		.4byte	0x2c2
 578 02c2 09       		.uleb128 0x9
 579 02c3 AC020000 		.4byte	0x2ac
 580 02c7 13       		.uleb128 0x13
 581 02c8 BE030000 		.4byte	.LASF51
 582 02cc 06       		.byte	0x6
 583 02cd 95       		.byte	0x95
 584 02ce C2020000 		.4byte	0x2c2
 585 02d2 14       		.uleb128 0x14
 586 02d3 E6000000 		.4byte	0xe6
 587 02d7 E3020000 		.4byte	0x2e3
 588 02db 15       		.uleb128 0x15
 589 02dc C3000000 		.4byte	0xc3
 590 02e0 FF1F     		.2byte	0x1fff
 591 02e2 00       		.byte	0
 592 02e3 16       		.uleb128 0x16
 593 02e4 43010000 		.4byte	.LASF52
 594 02e8 07       		.byte	0x7
 595 02e9 9C01     		.2byte	0x19c
 596 02eb EF020000 		.4byte	0x2ef
 597 02ef 09       		.uleb128 0x9
 598 02f0 D2020000 		.4byte	0x2d2
 599 02f4 16       		.uleb128 0x16
 600 02f5 DF000000 		.4byte	.LASF53
 601 02f9 07       		.byte	0x7
 602 02fa 9D01     		.2byte	0x19d
ARM GAS  C:\Users\IVYLIU~1\AppData\Local\Temp\ccrMqIs5.s 			page 16


 603 02fc 00030000 		.4byte	0x300
 604 0300 09       		.uleb128 0x9
 605 0301 D2020000 		.4byte	0x2d2
 606 0305 13       		.uleb128 0x13
 607 0306 36020000 		.4byte	.LASF54
 608 030a 08       		.byte	0x8
 609 030b 47       		.byte	0x47
 610 030c FD010000 		.4byte	0x1fd
 611 0310 13       		.uleb128 0x13
 612 0311 D1030000 		.4byte	.LASF55
 613 0315 08       		.byte	0x8
 614 0316 48       		.byte	0x48
 615 0317 FD010000 		.4byte	0x1fd
 616 031b 13       		.uleb128 0x13
 617 031c 08010000 		.4byte	.LASF56
 618 0320 08       		.byte	0x8
 619 0321 49       		.byte	0x49
 620 0322 FD010000 		.4byte	0x1fd
 621 0326 13       		.uleb128 0x13
 622 0327 E7030000 		.4byte	.LASF57
 623 032b 08       		.byte	0x8
 624 032c 4A       		.byte	0x4a
 625 032d FD010000 		.4byte	0x1fd
 626 0331 13       		.uleb128 0x13
 627 0332 0F000000 		.4byte	.LASF58
 628 0336 08       		.byte	0x8
 629 0337 4B       		.byte	0x4b
 630 0338 FD010000 		.4byte	0x1fd
 631 033c 13       		.uleb128 0x13
 632 033d 60040000 		.4byte	.LASF59
 633 0341 08       		.byte	0x8
 634 0342 4C       		.byte	0x4c
 635 0343 FD010000 		.4byte	0x1fd
 636 0347 13       		.uleb128 0x13
 637 0348 90000000 		.4byte	.LASF60
 638 034c 08       		.byte	0x8
 639 034d 4D       		.byte	0x4d
 640 034e FD010000 		.4byte	0x1fd
 641 0352 13       		.uleb128 0x13
 642 0353 69030000 		.4byte	.LASF61
 643 0357 08       		.byte	0x8
 644 0358 4E       		.byte	0x4e
 645 0359 FD010000 		.4byte	0x1fd
 646 035d 13       		.uleb128 0x13
 647 035e E0020000 		.4byte	.LASF62
 648 0362 08       		.byte	0x8
 649 0363 4F       		.byte	0x4f
 650 0364 FD010000 		.4byte	0x1fd
 651 0368 0A       		.uleb128 0xa
 652 0369 08       		.byte	0x8
 653 036a 06       		.byte	0x6
 654 036b 8D       		.byte	0x8d
 655 036c 89030000 		.4byte	0x389
 656 0370 0B       		.uleb128 0xb
 657 0371 31020000 		.4byte	.LASF63
 658 0375 06       		.byte	0x6
 659 0376 8E       		.byte	0x8e
ARM GAS  C:\Users\IVYLIU~1\AppData\Local\Temp\ccrMqIs5.s 			page 17


 660 0377 8B020000 		.4byte	0x28b
 661 037b 00       		.byte	0
 662 037c 0B       		.uleb128 0xb
 663 037d A5020000 		.4byte	.LASF64
 664 0381 06       		.byte	0x6
 665 0382 8F       		.byte	0x8f
 666 0383 B8000000 		.4byte	0xb8
 667 0387 04       		.byte	0x4
 668 0388 00       		.byte	0
 669 0389 17       		.uleb128 0x17
 670 038a 0C       		.byte	0xc
 671 038b 06       		.byte	0x6
 672 038c 87       		.byte	0x87
 673 038d 18       		.uleb128 0x18
 674 038e 73726300 		.ascii	"src\000"
 675 0392 06       		.byte	0x6
 676 0393 88       		.byte	0x88
 677 0394 14020000 		.4byte	0x214
 678 0398 00       		.byte	0
 679 0399 0B       		.uleb128 0xb
 680 039a 31020000 		.4byte	.LASF63
 681 039e 06       		.byte	0x6
 682 039f 89       		.byte	0x89
 683 03a0 8B020000 		.4byte	0x28b
 684 03a4 04       		.byte	0x4
 685 03a5 0B       		.uleb128 0xb
 686 03a6 A5020000 		.4byte	.LASF64
 687 03aa 06       		.byte	0x6
 688 03ab 8A       		.byte	0x8a
 689 03ac B8000000 		.4byte	0xb8
 690 03b0 08       		.byte	0x8
 691 03b1 00       		.byte	0
 692 03b2 00       		.byte	0
 693              		.section	.debug_abbrev,"",%progbits
 694              	.Ldebug_abbrev0:
 695 0000 01       		.uleb128 0x1
 696 0001 11       		.uleb128 0x11
 697 0002 01       		.byte	0x1
 698 0003 25       		.uleb128 0x25
 699 0004 0E       		.uleb128 0xe
 700 0005 13       		.uleb128 0x13
 701 0006 0B       		.uleb128 0xb
 702 0007 03       		.uleb128 0x3
 703 0008 0E       		.uleb128 0xe
 704 0009 1B       		.uleb128 0x1b
 705 000a 0E       		.uleb128 0xe
 706 000b 55       		.uleb128 0x55
 707 000c 17       		.uleb128 0x17
 708 000d 11       		.uleb128 0x11
 709 000e 01       		.uleb128 0x1
 710 000f 10       		.uleb128 0x10
 711 0010 17       		.uleb128 0x17
 712 0011 00       		.byte	0
 713 0012 00       		.byte	0
 714 0013 02       		.uleb128 0x2
 715 0014 24       		.uleb128 0x24
 716 0015 00       		.byte	0
ARM GAS  C:\Users\IVYLIU~1\AppData\Local\Temp\ccrMqIs5.s 			page 18


 717 0016 0B       		.uleb128 0xb
 718 0017 0B       		.uleb128 0xb
 719 0018 3E       		.uleb128 0x3e
 720 0019 0B       		.uleb128 0xb
 721 001a 03       		.uleb128 0x3
 722 001b 0E       		.uleb128 0xe
 723 001c 00       		.byte	0
 724 001d 00       		.byte	0
 725 001e 03       		.uleb128 0x3
 726 001f 16       		.uleb128 0x16
 727 0020 00       		.byte	0
 728 0021 03       		.uleb128 0x3
 729 0022 0E       		.uleb128 0xe
 730 0023 3A       		.uleb128 0x3a
 731 0024 0B       		.uleb128 0xb
 732 0025 3B       		.uleb128 0x3b
 733 0026 0B       		.uleb128 0xb
 734 0027 49       		.uleb128 0x49
 735 0028 13       		.uleb128 0x13
 736 0029 00       		.byte	0
 737 002a 00       		.byte	0
 738 002b 04       		.uleb128 0x4
 739 002c 24       		.uleb128 0x24
 740 002d 00       		.byte	0
 741 002e 0B       		.uleb128 0xb
 742 002f 0B       		.uleb128 0xb
 743 0030 3E       		.uleb128 0x3e
 744 0031 0B       		.uleb128 0xb
 745 0032 03       		.uleb128 0x3
 746 0033 08       		.uleb128 0x8
 747 0034 00       		.byte	0
 748 0035 00       		.byte	0
 749 0036 05       		.uleb128 0x5
 750 0037 16       		.uleb128 0x16
 751 0038 00       		.byte	0
 752 0039 03       		.uleb128 0x3
 753 003a 0E       		.uleb128 0xe
 754 003b 3A       		.uleb128 0x3a
 755 003c 0B       		.uleb128 0xb
 756 003d 3B       		.uleb128 0x3b
 757 003e 05       		.uleb128 0x5
 758 003f 49       		.uleb128 0x49
 759 0040 13       		.uleb128 0x13
 760 0041 00       		.byte	0
 761 0042 00       		.byte	0
 762 0043 06       		.uleb128 0x6
 763 0044 04       		.uleb128 0x4
 764 0045 01       		.byte	0x1
 765 0046 0B       		.uleb128 0xb
 766 0047 0B       		.uleb128 0xb
 767 0048 3A       		.uleb128 0x3a
 768 0049 0B       		.uleb128 0xb
 769 004a 3B       		.uleb128 0x3b
 770 004b 05       		.uleb128 0x5
 771 004c 01       		.uleb128 0x1
 772 004d 13       		.uleb128 0x13
 773 004e 00       		.byte	0
ARM GAS  C:\Users\IVYLIU~1\AppData\Local\Temp\ccrMqIs5.s 			page 19


 774 004f 00       		.byte	0
 775 0050 07       		.uleb128 0x7
 776 0051 28       		.uleb128 0x28
 777 0052 00       		.byte	0
 778 0053 03       		.uleb128 0x3
 779 0054 0E       		.uleb128 0xe
 780 0055 1C       		.uleb128 0x1c
 781 0056 0D       		.uleb128 0xd
 782 0057 00       		.byte	0
 783 0058 00       		.byte	0
 784 0059 08       		.uleb128 0x8
 785 005a 0F       		.uleb128 0xf
 786 005b 00       		.byte	0
 787 005c 0B       		.uleb128 0xb
 788 005d 0B       		.uleb128 0xb
 789 005e 49       		.uleb128 0x49
 790 005f 13       		.uleb128 0x13
 791 0060 00       		.byte	0
 792 0061 00       		.byte	0
 793 0062 09       		.uleb128 0x9
 794 0063 26       		.uleb128 0x26
 795 0064 00       		.byte	0
 796 0065 49       		.uleb128 0x49
 797 0066 13       		.uleb128 0x13
 798 0067 00       		.byte	0
 799 0068 00       		.byte	0
 800 0069 0A       		.uleb128 0xa
 801 006a 13       		.uleb128 0x13
 802 006b 01       		.byte	0x1
 803 006c 0B       		.uleb128 0xb
 804 006d 0B       		.uleb128 0xb
 805 006e 3A       		.uleb128 0x3a
 806 006f 0B       		.uleb128 0xb
 807 0070 3B       		.uleb128 0x3b
 808 0071 0B       		.uleb128 0xb
 809 0072 01       		.uleb128 0x1
 810 0073 13       		.uleb128 0x13
 811 0074 00       		.byte	0
 812 0075 00       		.byte	0
 813 0076 0B       		.uleb128 0xb
 814 0077 0D       		.uleb128 0xd
 815 0078 00       		.byte	0
 816 0079 03       		.uleb128 0x3
 817 007a 0E       		.uleb128 0xe
 818 007b 3A       		.uleb128 0x3a
 819 007c 0B       		.uleb128 0xb
 820 007d 3B       		.uleb128 0x3b
 821 007e 0B       		.uleb128 0xb
 822 007f 49       		.uleb128 0x49
 823 0080 13       		.uleb128 0x13
 824 0081 38       		.uleb128 0x38
 825 0082 0B       		.uleb128 0xb
 826 0083 00       		.byte	0
 827 0084 00       		.byte	0
 828 0085 0C       		.uleb128 0xc
 829 0086 13       		.uleb128 0x13
 830 0087 01       		.byte	0x1
ARM GAS  C:\Users\IVYLIU~1\AppData\Local\Temp\ccrMqIs5.s 			page 20


 831 0088 0B       		.uleb128 0xb
 832 0089 0B       		.uleb128 0xb
 833 008a 3A       		.uleb128 0x3a
 834 008b 0B       		.uleb128 0xb
 835 008c 3B       		.uleb128 0x3b
 836 008d 05       		.uleb128 0x5
 837 008e 01       		.uleb128 0x1
 838 008f 13       		.uleb128 0x13
 839 0090 00       		.byte	0
 840 0091 00       		.byte	0
 841 0092 0D       		.uleb128 0xd
 842 0093 0D       		.uleb128 0xd
 843 0094 00       		.byte	0
 844 0095 03       		.uleb128 0x3
 845 0096 0E       		.uleb128 0xe
 846 0097 3A       		.uleb128 0x3a
 847 0098 0B       		.uleb128 0xb
 848 0099 3B       		.uleb128 0x3b
 849 009a 05       		.uleb128 0x5
 850 009b 49       		.uleb128 0x49
 851 009c 13       		.uleb128 0x13
 852 009d 38       		.uleb128 0x38
 853 009e 0B       		.uleb128 0xb
 854 009f 00       		.byte	0
 855 00a0 00       		.byte	0
 856 00a1 0E       		.uleb128 0xe
 857 00a2 2E       		.uleb128 0x2e
 858 00a3 01       		.byte	0x1
 859 00a4 3F       		.uleb128 0x3f
 860 00a5 19       		.uleb128 0x19
 861 00a6 03       		.uleb128 0x3
 862 00a7 0E       		.uleb128 0xe
 863 00a8 3A       		.uleb128 0x3a
 864 00a9 0B       		.uleb128 0xb
 865 00aa 3B       		.uleb128 0x3b
 866 00ab 0B       		.uleb128 0xb
 867 00ac 27       		.uleb128 0x27
 868 00ad 19       		.uleb128 0x19
 869 00ae 49       		.uleb128 0x49
 870 00af 13       		.uleb128 0x13
 871 00b0 11       		.uleb128 0x11
 872 00b1 01       		.uleb128 0x1
 873 00b2 12       		.uleb128 0x12
 874 00b3 06       		.uleb128 0x6
 875 00b4 40       		.uleb128 0x40
 876 00b5 18       		.uleb128 0x18
 877 00b6 9742     		.uleb128 0x2117
 878 00b8 19       		.uleb128 0x19
 879 00b9 01       		.uleb128 0x1
 880 00ba 13       		.uleb128 0x13
 881 00bb 00       		.byte	0
 882 00bc 00       		.byte	0
 883 00bd 0F       		.uleb128 0xf
 884 00be 05       		.uleb128 0x5
 885 00bf 00       		.byte	0
 886 00c0 03       		.uleb128 0x3
 887 00c1 08       		.uleb128 0x8
ARM GAS  C:\Users\IVYLIU~1\AppData\Local\Temp\ccrMqIs5.s 			page 21


 888 00c2 3A       		.uleb128 0x3a
 889 00c3 0B       		.uleb128 0xb
 890 00c4 3B       		.uleb128 0x3b
 891 00c5 0B       		.uleb128 0xb
 892 00c6 49       		.uleb128 0x49
 893 00c7 13       		.uleb128 0x13
 894 00c8 02       		.uleb128 0x2
 895 00c9 17       		.uleb128 0x17
 896 00ca 00       		.byte	0
 897 00cb 00       		.byte	0
 898 00cc 10       		.uleb128 0x10
 899 00cd 05       		.uleb128 0x5
 900 00ce 00       		.byte	0
 901 00cf 03       		.uleb128 0x3
 902 00d0 0E       		.uleb128 0xe
 903 00d1 3A       		.uleb128 0x3a
 904 00d2 0B       		.uleb128 0xb
 905 00d3 3B       		.uleb128 0x3b
 906 00d4 0B       		.uleb128 0xb
 907 00d5 49       		.uleb128 0x49
 908 00d6 13       		.uleb128 0x13
 909 00d7 02       		.uleb128 0x2
 910 00d8 17       		.uleb128 0x17
 911 00d9 00       		.byte	0
 912 00da 00       		.byte	0
 913 00db 11       		.uleb128 0x11
 914 00dc 05       		.uleb128 0x5
 915 00dd 00       		.byte	0
 916 00de 03       		.uleb128 0x3
 917 00df 0E       		.uleb128 0xe
 918 00e0 3A       		.uleb128 0x3a
 919 00e1 0B       		.uleb128 0xb
 920 00e2 3B       		.uleb128 0x3b
 921 00e3 0B       		.uleb128 0xb
 922 00e4 49       		.uleb128 0x49
 923 00e5 13       		.uleb128 0x13
 924 00e6 02       		.uleb128 0x2
 925 00e7 18       		.uleb128 0x18
 926 00e8 00       		.byte	0
 927 00e9 00       		.byte	0
 928 00ea 12       		.uleb128 0x12
 929 00eb 34       		.uleb128 0x34
 930 00ec 00       		.byte	0
 931 00ed 03       		.uleb128 0x3
 932 00ee 0E       		.uleb128 0xe
 933 00ef 3A       		.uleb128 0x3a
 934 00f0 0B       		.uleb128 0xb
 935 00f1 3B       		.uleb128 0x3b
 936 00f2 0B       		.uleb128 0xb
 937 00f3 49       		.uleb128 0x49
 938 00f4 13       		.uleb128 0x13
 939 00f5 02       		.uleb128 0x2
 940 00f6 17       		.uleb128 0x17
 941 00f7 00       		.byte	0
 942 00f8 00       		.byte	0
 943 00f9 13       		.uleb128 0x13
 944 00fa 34       		.uleb128 0x34
ARM GAS  C:\Users\IVYLIU~1\AppData\Local\Temp\ccrMqIs5.s 			page 22


 945 00fb 00       		.byte	0
 946 00fc 03       		.uleb128 0x3
 947 00fd 0E       		.uleb128 0xe
 948 00fe 3A       		.uleb128 0x3a
 949 00ff 0B       		.uleb128 0xb
 950 0100 3B       		.uleb128 0x3b
 951 0101 0B       		.uleb128 0xb
 952 0102 49       		.uleb128 0x49
 953 0103 13       		.uleb128 0x13
 954 0104 3F       		.uleb128 0x3f
 955 0105 19       		.uleb128 0x19
 956 0106 3C       		.uleb128 0x3c
 957 0107 19       		.uleb128 0x19
 958 0108 00       		.byte	0
 959 0109 00       		.byte	0
 960 010a 14       		.uleb128 0x14
 961 010b 01       		.uleb128 0x1
 962 010c 01       		.byte	0x1
 963 010d 49       		.uleb128 0x49
 964 010e 13       		.uleb128 0x13
 965 010f 01       		.uleb128 0x1
 966 0110 13       		.uleb128 0x13
 967 0111 00       		.byte	0
 968 0112 00       		.byte	0
 969 0113 15       		.uleb128 0x15
 970 0114 21       		.uleb128 0x21
 971 0115 00       		.byte	0
 972 0116 49       		.uleb128 0x49
 973 0117 13       		.uleb128 0x13
 974 0118 2F       		.uleb128 0x2f
 975 0119 05       		.uleb128 0x5
 976 011a 00       		.byte	0
 977 011b 00       		.byte	0
 978 011c 16       		.uleb128 0x16
 979 011d 34       		.uleb128 0x34
 980 011e 00       		.byte	0
 981 011f 03       		.uleb128 0x3
 982 0120 0E       		.uleb128 0xe
 983 0121 3A       		.uleb128 0x3a
 984 0122 0B       		.uleb128 0xb
 985 0123 3B       		.uleb128 0x3b
 986 0124 05       		.uleb128 0x5
 987 0125 49       		.uleb128 0x49
 988 0126 13       		.uleb128 0x13
 989 0127 3F       		.uleb128 0x3f
 990 0128 19       		.uleb128 0x19
 991 0129 3C       		.uleb128 0x3c
 992 012a 19       		.uleb128 0x19
 993 012b 00       		.byte	0
 994 012c 00       		.byte	0
 995 012d 17       		.uleb128 0x17
 996 012e 13       		.uleb128 0x13
 997 012f 01       		.byte	0x1
 998 0130 0B       		.uleb128 0xb
 999 0131 0B       		.uleb128 0xb
 1000 0132 3A       		.uleb128 0x3a
 1001 0133 0B       		.uleb128 0xb
ARM GAS  C:\Users\IVYLIU~1\AppData\Local\Temp\ccrMqIs5.s 			page 23


 1002 0134 3B       		.uleb128 0x3b
 1003 0135 0B       		.uleb128 0xb
 1004 0136 00       		.byte	0
 1005 0137 00       		.byte	0
 1006 0138 18       		.uleb128 0x18
 1007 0139 0D       		.uleb128 0xd
 1008 013a 00       		.byte	0
 1009 013b 03       		.uleb128 0x3
 1010 013c 08       		.uleb128 0x8
 1011 013d 3A       		.uleb128 0x3a
 1012 013e 0B       		.uleb128 0xb
 1013 013f 3B       		.uleb128 0x3b
 1014 0140 0B       		.uleb128 0xb
 1015 0141 49       		.uleb128 0x49
 1016 0142 13       		.uleb128 0x13
 1017 0143 38       		.uleb128 0x38
 1018 0144 0B       		.uleb128 0xb
 1019 0145 00       		.byte	0
 1020 0146 00       		.byte	0
 1021 0147 00       		.byte	0
 1022              		.section	.debug_loc,"",%progbits
 1023              	.Ldebug_loc0:
 1024              	.LLST0:
 1025 0000 00000000 		.4byte	.LVL0
 1026 0004 58000000 		.4byte	.LVL4
 1027 0008 0100     		.2byte	0x1
 1028 000a 50       		.byte	0x50
 1029 000b 58000000 		.4byte	.LVL4
 1030 000f 5A000000 		.4byte	.LVL5
 1031 0013 0400     		.2byte	0x4
 1032 0015 F3       		.byte	0xf3
 1033 0016 01       		.uleb128 0x1
 1034 0017 50       		.byte	0x50
 1035 0018 9F       		.byte	0x9f
 1036 0019 5A000000 		.4byte	.LVL5
 1037 001d 64000000 		.4byte	.LVL7
 1038 0021 0100     		.2byte	0x1
 1039 0023 50       		.byte	0x50
 1040 0024 64000000 		.4byte	.LVL7
 1041 0028 66000000 		.4byte	.LVL8
 1042 002c 0400     		.2byte	0x4
 1043 002e F3       		.byte	0xf3
 1044 002f 01       		.uleb128 0x1
 1045 0030 50       		.byte	0x50
 1046 0031 9F       		.byte	0x9f
 1047 0032 66000000 		.4byte	.LVL8
 1048 0036 70000000 		.4byte	.LVL10
 1049 003a 0100     		.2byte	0x1
 1050 003c 50       		.byte	0x50
 1051 003d 70000000 		.4byte	.LVL10
 1052 0041 72000000 		.4byte	.LVL11
 1053 0045 0400     		.2byte	0x4
 1054 0047 F3       		.byte	0xf3
 1055 0048 01       		.uleb128 0x1
 1056 0049 50       		.byte	0x50
 1057 004a 9F       		.byte	0x9f
 1058 004b 72000000 		.4byte	.LVL11
ARM GAS  C:\Users\IVYLIU~1\AppData\Local\Temp\ccrMqIs5.s 			page 24


 1059 004f 7C000000 		.4byte	.LVL13
 1060 0053 0100     		.2byte	0x1
 1061 0055 50       		.byte	0x50
 1062 0056 7C000000 		.4byte	.LVL13
 1063 005a 7E000000 		.4byte	.LVL14
 1064 005e 0400     		.2byte	0x4
 1065 0060 F3       		.byte	0xf3
 1066 0061 01       		.uleb128 0x1
 1067 0062 50       		.byte	0x50
 1068 0063 9F       		.byte	0x9f
 1069 0064 7E000000 		.4byte	.LVL14
 1070 0068 88000000 		.4byte	.LVL16
 1071 006c 0100     		.2byte	0x1
 1072 006e 50       		.byte	0x50
 1073 006f 88000000 		.4byte	.LVL16
 1074 0073 8A000000 		.4byte	.LVL17
 1075 0077 0400     		.2byte	0x4
 1076 0079 F3       		.byte	0xf3
 1077 007a 01       		.uleb128 0x1
 1078 007b 50       		.byte	0x50
 1079 007c 9F       		.byte	0x9f
 1080 007d 8A000000 		.4byte	.LVL17
 1081 0081 94000000 		.4byte	.LVL19
 1082 0085 0100     		.2byte	0x1
 1083 0087 50       		.byte	0x50
 1084 0088 94000000 		.4byte	.LVL19
 1085 008c 96000000 		.4byte	.LVL20
 1086 0090 0400     		.2byte	0x4
 1087 0092 F3       		.byte	0xf3
 1088 0093 01       		.uleb128 0x1
 1089 0094 50       		.byte	0x50
 1090 0095 9F       		.byte	0x9f
 1091 0096 96000000 		.4byte	.LVL20
 1092 009a A0000000 		.4byte	.LVL22
 1093 009e 0100     		.2byte	0x1
 1094 00a0 50       		.byte	0x50
 1095 00a1 A0000000 		.4byte	.LVL22
 1096 00a5 A2000000 		.4byte	.LVL23
 1097 00a9 0400     		.2byte	0x4
 1098 00ab F3       		.byte	0xf3
 1099 00ac 01       		.uleb128 0x1
 1100 00ad 50       		.byte	0x50
 1101 00ae 9F       		.byte	0x9f
 1102 00af A2000000 		.4byte	.LVL23
 1103 00b3 AC000000 		.4byte	.LVL25
 1104 00b7 0100     		.2byte	0x1
 1105 00b9 50       		.byte	0x50
 1106 00ba AC000000 		.4byte	.LVL25
 1107 00be AE000000 		.4byte	.LVL26
 1108 00c2 0400     		.2byte	0x4
 1109 00c4 F3       		.byte	0xf3
 1110 00c5 01       		.uleb128 0x1
 1111 00c6 50       		.byte	0x50
 1112 00c7 9F       		.byte	0x9f
 1113 00c8 AE000000 		.4byte	.LVL26
 1114 00cc BA000000 		.4byte	.LVL28
 1115 00d0 0100     		.2byte	0x1
ARM GAS  C:\Users\IVYLIU~1\AppData\Local\Temp\ccrMqIs5.s 			page 25


 1116 00d2 50       		.byte	0x50
 1117 00d3 BA000000 		.4byte	.LVL28
 1118 00d7 BC000000 		.4byte	.LVL29
 1119 00db 0400     		.2byte	0x4
 1120 00dd F3       		.byte	0xf3
 1121 00de 01       		.uleb128 0x1
 1122 00df 50       		.byte	0x50
 1123 00e0 9F       		.byte	0x9f
 1124 00e1 BC000000 		.4byte	.LVL29
 1125 00e5 BE000000 		.4byte	.LVL30
 1126 00e9 0100     		.2byte	0x1
 1127 00eb 50       		.byte	0x50
 1128 00ec BE000000 		.4byte	.LVL30
 1129 00f0 F4000000 		.4byte	.LFE84
 1130 00f4 0400     		.2byte	0x4
 1131 00f6 F3       		.byte	0xf3
 1132 00f7 01       		.uleb128 0x1
 1133 00f8 50       		.byte	0x50
 1134 00f9 9F       		.byte	0x9f
 1135 00fa 00000000 		.4byte	0
 1136 00fe 00000000 		.4byte	0
 1137              	.LLST1:
 1138 0102 00000000 		.4byte	.LVL0
 1139 0106 04000000 		.4byte	.LVL2
 1140 010a 0100     		.2byte	0x1
 1141 010c 51       		.byte	0x51
 1142 010d 04000000 		.4byte	.LVL2
 1143 0111 F4000000 		.4byte	.LFE84
 1144 0115 0400     		.2byte	0x4
 1145 0117 F3       		.byte	0xf3
 1146 0118 01       		.uleb128 0x1
 1147 0119 51       		.byte	0x51
 1148 011a 9F       		.byte	0x9f
 1149 011b 00000000 		.4byte	0
 1150 011f 00000000 		.4byte	0
 1151              	.LLST2:
 1152 0123 00000000 		.4byte	.LVL0
 1153 0127 50000000 		.4byte	.LVL3
 1154 012b 0100     		.2byte	0x1
 1155 012d 53       		.byte	0x53
 1156 012e 50000000 		.4byte	.LVL3
 1157 0132 5A000000 		.4byte	.LVL5
 1158 0136 0400     		.2byte	0x4
 1159 0138 F3       		.byte	0xf3
 1160 0139 01       		.uleb128 0x1
 1161 013a 53       		.byte	0x53
 1162 013b 9F       		.byte	0x9f
 1163 013c 5A000000 		.4byte	.LVL5
 1164 0140 5C000000 		.4byte	.LVL6
 1165 0144 0100     		.2byte	0x1
 1166 0146 53       		.byte	0x53
 1167 0147 5C000000 		.4byte	.LVL6
 1168 014b 66000000 		.4byte	.LVL8
 1169 014f 0400     		.2byte	0x4
 1170 0151 F3       		.byte	0xf3
 1171 0152 01       		.uleb128 0x1
 1172 0153 53       		.byte	0x53
ARM GAS  C:\Users\IVYLIU~1\AppData\Local\Temp\ccrMqIs5.s 			page 26


 1173 0154 9F       		.byte	0x9f
 1174 0155 66000000 		.4byte	.LVL8
 1175 0159 68000000 		.4byte	.LVL9
 1176 015d 0100     		.2byte	0x1
 1177 015f 53       		.byte	0x53
 1178 0160 68000000 		.4byte	.LVL9
 1179 0164 72000000 		.4byte	.LVL11
 1180 0168 0400     		.2byte	0x4
 1181 016a F3       		.byte	0xf3
 1182 016b 01       		.uleb128 0x1
 1183 016c 53       		.byte	0x53
 1184 016d 9F       		.byte	0x9f
 1185 016e 72000000 		.4byte	.LVL11
 1186 0172 74000000 		.4byte	.LVL12
 1187 0176 0100     		.2byte	0x1
 1188 0178 53       		.byte	0x53
 1189 0179 74000000 		.4byte	.LVL12
 1190 017d 7E000000 		.4byte	.LVL14
 1191 0181 0400     		.2byte	0x4
 1192 0183 F3       		.byte	0xf3
 1193 0184 01       		.uleb128 0x1
 1194 0185 53       		.byte	0x53
 1195 0186 9F       		.byte	0x9f
 1196 0187 7E000000 		.4byte	.LVL14
 1197 018b 80000000 		.4byte	.LVL15
 1198 018f 0100     		.2byte	0x1
 1199 0191 53       		.byte	0x53
 1200 0192 80000000 		.4byte	.LVL15
 1201 0196 8A000000 		.4byte	.LVL17
 1202 019a 0400     		.2byte	0x4
 1203 019c F3       		.byte	0xf3
 1204 019d 01       		.uleb128 0x1
 1205 019e 53       		.byte	0x53
 1206 019f 9F       		.byte	0x9f
 1207 01a0 8A000000 		.4byte	.LVL17
 1208 01a4 8C000000 		.4byte	.LVL18
 1209 01a8 0100     		.2byte	0x1
 1210 01aa 53       		.byte	0x53
 1211 01ab 8C000000 		.4byte	.LVL18
 1212 01af 96000000 		.4byte	.LVL20
 1213 01b3 0400     		.2byte	0x4
 1214 01b5 F3       		.byte	0xf3
 1215 01b6 01       		.uleb128 0x1
 1216 01b7 53       		.byte	0x53
 1217 01b8 9F       		.byte	0x9f
 1218 01b9 96000000 		.4byte	.LVL20
 1219 01bd 98000000 		.4byte	.LVL21
 1220 01c1 0100     		.2byte	0x1
 1221 01c3 53       		.byte	0x53
 1222 01c4 98000000 		.4byte	.LVL21
 1223 01c8 A2000000 		.4byte	.LVL23
 1224 01cc 0400     		.2byte	0x4
 1225 01ce F3       		.byte	0xf3
 1226 01cf 01       		.uleb128 0x1
 1227 01d0 53       		.byte	0x53
 1228 01d1 9F       		.byte	0x9f
 1229 01d2 A2000000 		.4byte	.LVL23
ARM GAS  C:\Users\IVYLIU~1\AppData\Local\Temp\ccrMqIs5.s 			page 27


 1230 01d6 A4000000 		.4byte	.LVL24
 1231 01da 0100     		.2byte	0x1
 1232 01dc 53       		.byte	0x53
 1233 01dd A4000000 		.4byte	.LVL24
 1234 01e1 AE000000 		.4byte	.LVL26
 1235 01e5 0400     		.2byte	0x4
 1236 01e7 F3       		.byte	0xf3
 1237 01e8 01       		.uleb128 0x1
 1238 01e9 53       		.byte	0x53
 1239 01ea 9F       		.byte	0x9f
 1240 01eb AE000000 		.4byte	.LVL26
 1241 01ef B2000000 		.4byte	.LVL27
 1242 01f3 0100     		.2byte	0x1
 1243 01f5 53       		.byte	0x53
 1244 01f6 B2000000 		.4byte	.LVL27
 1245 01fa BC000000 		.4byte	.LVL29
 1246 01fe 0400     		.2byte	0x4
 1247 0200 F3       		.byte	0xf3
 1248 0201 01       		.uleb128 0x1
 1249 0202 53       		.byte	0x53
 1250 0203 9F       		.byte	0x9f
 1251 0204 BC000000 		.4byte	.LVL29
 1252 0208 BE000000 		.4byte	.LVL30
 1253 020c 0100     		.2byte	0x1
 1254 020e 53       		.byte	0x53
 1255 020f BE000000 		.4byte	.LVL30
 1256 0213 F4000000 		.4byte	.LFE84
 1257 0217 0400     		.2byte	0x4
 1258 0219 F3       		.byte	0xf3
 1259 021a 01       		.uleb128 0x1
 1260 021b 53       		.byte	0x53
 1261 021c 9F       		.byte	0x9f
 1262 021d 00000000 		.4byte	0
 1263 0221 00000000 		.4byte	0
 1264              	.LLST3:
 1265 0225 02000000 		.4byte	.LVL1
 1266 0229 BE000000 		.4byte	.LVL30
 1267 022d 0200     		.2byte	0x2
 1268 022f 30       		.byte	0x30
 1269 0230 9F       		.byte	0x9f
 1270 0231 BE000000 		.4byte	.LVL30
 1271 0235 F4000000 		.4byte	.LFE84
 1272 0239 0100     		.2byte	0x1
 1273 023b 50       		.byte	0x50
 1274 023c 00000000 		.4byte	0
 1275 0240 00000000 		.4byte	0
 1276              		.section	.debug_aranges,"",%progbits
 1277 0000 1C000000 		.4byte	0x1c
 1278 0004 0200     		.2byte	0x2
 1279 0006 00000000 		.4byte	.Ldebug_info0
 1280 000a 04       		.byte	0x4
 1281 000b 00       		.byte	0
 1282 000c 0000     		.2byte	0
 1283 000e 0000     		.2byte	0
 1284 0010 00000000 		.4byte	.LFB84
 1285 0014 F4000000 		.4byte	.LFE84-.LFB84
 1286 0018 00000000 		.4byte	0
ARM GAS  C:\Users\IVYLIU~1\AppData\Local\Temp\ccrMqIs5.s 			page 28


 1287 001c 00000000 		.4byte	0
 1288              		.section	.debug_ranges,"",%progbits
 1289              	.Ldebug_ranges0:
 1290 0000 00000000 		.4byte	.LFB84
 1291 0004 F4000000 		.4byte	.LFE84
 1292 0008 00000000 		.4byte	0
 1293 000c 00000000 		.4byte	0
 1294              		.section	.debug_line,"",%progbits
 1295              	.Ldebug_line0:
 1296 0000 62020000 		.section	.debug_str,"MS",%progbits,1
 1296      0200DB01 
 1296      00000201 
 1296      FB0E0D00 
 1296      01010101 
 1297              	.LASF46:
 1298 0000 5F5F636F 		.ascii	"__copy_table_t\000"
 1298      70795F74 
 1298      61626C65 
 1298      5F7400
 1299              	.LASF58:
 1300 000f 61726D5F 		.ascii	"arm_cfft_sR_q15_len256\000"
 1300      63666674 
 1300      5F73525F 
 1300      7131355F 
 1300      6C656E32 
 1301              	.LASF49:
 1302 0026 5F5F7A65 		.ascii	"__zero_table_t\000"
 1302      726F5F74 
 1302      61626C65 
 1302      5F7400
 1303              	.LASF2:
 1304 0035 5F5F7569 		.ascii	"__uint8_t\000"
 1304      6E74385F 
 1304      7400
 1305              	.LASF23:
 1306 003f 41524D5F 		.ascii	"ARM_MATH_SUCCESS\000"
 1306      4D415448 
 1306      5F535543 
 1306      43455353 
 1306      00
 1307              	.LASF11:
 1308 0050 6C6F6E67 		.ascii	"long long unsigned int\000"
 1308      206C6F6E 
 1308      6720756E 
 1308      7369676E 
 1308      65642069 
 1309              	.LASF36:
 1310 0067 61726D5F 		.ascii	"arm_cfft_instance_q15\000"
 1310      63666674 
 1310      5F696E73 
 1310      74616E63 
 1310      655F7131 
 1311              	.LASF48:
 1312 007d 5F5F636F 		.ascii	"__copy_table_end__\000"
 1312      70795F74 
 1312      61626C65 
 1312      5F656E64 
ARM GAS  C:\Users\IVYLIU~1\AppData\Local\Temp\ccrMqIs5.s 			page 29


 1312      5F5F00
 1313              	.LASF60:
 1314 0090 61726D5F 		.ascii	"arm_cfft_sR_q15_len1024\000"
 1314      63666674 
 1314      5F73525F 
 1314      7131355F 
 1314      6C656E31 
 1315              	.LASF14:
 1316 00a8 696E7431 		.ascii	"int16_t\000"
 1316      365F7400 
 1317              	.LASF10:
 1318 00b0 6C6F6E67 		.ascii	"long long int\000"
 1318      206C6F6E 
 1318      6720696E 
 1318      7400
 1319              	.LASF0:
 1320 00be 7369676E 		.ascii	"signed char\000"
 1320      65642063 
 1320      68617200 
 1321              	.LASF50:
 1322 00ca 5F5F7A65 		.ascii	"__zero_table_start__\000"
 1322      726F5F74 
 1322      61626C65 
 1322      5F737461 
 1322      72745F5F 
 1323              	.LASF53:
 1324 00df 7265616C 		.ascii	"realCoefBQ15\000"
 1324      436F6566 
 1324      42513135 
 1324      00
 1325              	.LASF7:
 1326 00ec 6C6F6E67 		.ascii	"long int\000"
 1326      20696E74 
 1326      00
 1327              	.LASF22:
 1328 00f5 7131355F 		.ascii	"q15_t\000"
 1328      7400
 1329              	.LASF34:
 1330 00fb 70426974 		.ascii	"pBitRevTable\000"
 1330      52657654 
 1330      61626C65 
 1330      00
 1331              	.LASF56:
 1332 0108 61726D5F 		.ascii	"arm_cfft_sR_q15_len64\000"
 1332      63666674 
 1332      5F73525F 
 1332      7131355F 
 1332      6C656E36 
 1333              	.LASF15:
 1334 011e 75696E74 		.ascii	"uint16_t\000"
 1334      31365F74 
 1334      00
 1335              	.LASF19:
 1336 0127 646F7562 		.ascii	"double\000"
 1336      6C6500
 1337              	.LASF38:
 1338 012e 69666674 		.ascii	"ifftFlagR\000"
ARM GAS  C:\Users\IVYLIU~1\AppData\Local\Temp\ccrMqIs5.s 			page 30


 1338      466C6167 
 1338      5200
 1339              	.LASF8:
 1340 0138 5F5F7569 		.ascii	"__uint32_t\000"
 1340      6E743332 
 1340      5F7400
 1341              	.LASF52:
 1342 0143 7265616C 		.ascii	"realCoefAQ15\000"
 1342      436F6566 
 1342      41513135 
 1342      00
 1343              	.LASF42:
 1344 0150 70547769 		.ascii	"pTwiddleBReal\000"
 1344      64646C65 
 1344      42526561 
 1344      6C00
 1345              	.LASF3:
 1346 015e 5F5F696E 		.ascii	"__int16_t\000"
 1346      7431365F 
 1346      7400
 1347              	.LASF32:
 1348 0168 6666744C 		.ascii	"fftLen\000"
 1348      656E00
 1349              	.LASF47:
 1350 016f 5F5F636F 		.ascii	"__copy_table_start__\000"
 1350      70795F74 
 1350      61626C65 
 1350      5F737461 
 1350      72745F5F 
 1351              	.LASF12:
 1352 0184 756E7369 		.ascii	"unsigned int\000"
 1352      676E6564 
 1352      20696E74 
 1352      00
 1353              	.LASF9:
 1354 0191 6C6F6E67 		.ascii	"long unsigned int\000"
 1354      20756E73 
 1354      69676E65 
 1354      6420696E 
 1354      7400
 1355              	.LASF6:
 1356 01a3 73686F72 		.ascii	"short unsigned int\000"
 1356      7420756E 
 1356      7369676E 
 1356      65642069 
 1356      6E7400
 1357              	.LASF30:
 1358 01b6 41524D5F 		.ascii	"ARM_MATH_DECOMPOSITION_FAILURE\000"
 1358      4D415448 
 1358      5F444543 
 1358      4F4D504F 
 1358      53495449 
 1359              	.LASF29:
 1360 01d5 41524D5F 		.ascii	"ARM_MATH_TEST_FAILURE\000"
 1360      4D415448 
 1360      5F544553 
 1360      545F4641 
ARM GAS  C:\Users\IVYLIU~1\AppData\Local\Temp\ccrMqIs5.s 			page 31


 1360      494C5552 
 1361              	.LASF68:
 1362 01eb 61726D5F 		.ascii	"arm_rfft_init_q15\000"
 1362      72666674 
 1362      5F696E69 
 1362      745F7131 
 1362      3500
 1363              	.LASF17:
 1364 01fd 73697A65 		.ascii	"sizetype\000"
 1364      74797065 
 1364      00
 1365              	.LASF21:
 1366 0206 6C6F6E67 		.ascii	"long double\000"
 1366      20646F75 
 1366      626C6500 
 1367              	.LASF39:
 1368 0212 62697452 		.ascii	"bitReverseFlagR\000"
 1368      65766572 
 1368      7365466C 
 1368      61675200 
 1369              	.LASF45:
 1370 0222 62697452 		.ascii	"bitReverseFlag\000"
 1370      65766572 
 1370      7365466C 
 1370      616700
 1371              	.LASF63:
 1372 0231 64657374 		.ascii	"dest\000"
 1372      00
 1373              	.LASF54:
 1374 0236 61726D5F 		.ascii	"arm_cfft_sR_q15_len16\000"
 1374      63666674 
 1374      5F73525F 
 1374      7131355F 
 1374      6C656E31 
 1375              	.LASF25:
 1376 024c 41524D5F 		.ascii	"ARM_MATH_LENGTH_ERROR\000"
 1376      4D415448 
 1376      5F4C454E 
 1376      4754485F 
 1376      4552524F 
 1377              	.LASF20:
 1378 0262 666C6F61 		.ascii	"float\000"
 1378      7400
 1379              	.LASF28:
 1380 0268 41524D5F 		.ascii	"ARM_MATH_SINGULAR\000"
 1380      4D415448 
 1380      5F53494E 
 1380      47554C41 
 1380      5200
 1381              	.LASF27:
 1382 027a 41524D5F 		.ascii	"ARM_MATH_NANINF\000"
 1382      4D415448 
 1382      5F4E414E 
 1382      494E4600 
 1383              	.LASF35:
 1384 028a 62697452 		.ascii	"bitRevLength\000"
 1384      65764C65 
ARM GAS  C:\Users\IVYLIU~1\AppData\Local\Temp\ccrMqIs5.s 			page 32


 1384      6E677468 
 1384      00
 1385              	.LASF1:
 1386 0297 756E7369 		.ascii	"unsigned char\000"
 1386      676E6564 
 1386      20636861 
 1386      7200
 1387              	.LASF64:
 1388 02a5 776C656E 		.ascii	"wlen\000"
 1388      00
 1389              	.LASF41:
 1390 02aa 70547769 		.ascii	"pTwiddleAReal\000"
 1390      64646C65 
 1390      41526561 
 1390      6C00
 1391              	.LASF4:
 1392 02b8 73686F72 		.ascii	"short int\000"
 1392      7420696E 
 1392      7400
 1393              	.LASF24:
 1394 02c2 41524D5F 		.ascii	"ARM_MATH_ARGUMENT_ERROR\000"
 1394      4D415448 
 1394      5F415247 
 1394      554D454E 
 1394      545F4552 
 1395              	.LASF43:
 1396 02da 70436666 		.ascii	"pCfft\000"
 1396      7400
 1397              	.LASF62:
 1398 02e0 61726D5F 		.ascii	"arm_cfft_sR_q15_len4096\000"
 1398      63666674 
 1398      5F73525F 
 1398      7131355F 
 1398      6C656E34 
 1399              	.LASF16:
 1400 02f8 75696E74 		.ascii	"uint32_t\000"
 1400      33325F74 
 1400      00
 1401              	.LASF67:
 1402 0301 5C5C766D 		.ascii	"\\\\vmware-host\\Shared Folders\\Documents\\PSoC Cr"
 1402      77617265 
 1402      2D686F73 
 1402      745C5368 
 1402      61726564 
 1403 032f 6561746F 		.ascii	"eator\\FinalProject\\SoundDetection.cydsn\000"
 1403      725C4669 
 1403      6E616C50 
 1403      726F6A65 
 1403      63745C53 
 1404              	.LASF40:
 1405 0357 74776964 		.ascii	"twidCoefRModifier\000"
 1405      436F6566 
 1405      524D6F64 
 1405      69666965 
 1405      7200
 1406              	.LASF61:
 1407 0369 61726D5F 		.ascii	"arm_cfft_sR_q15_len2048\000"
ARM GAS  C:\Users\IVYLIU~1\AppData\Local\Temp\ccrMqIs5.s 			page 33


 1407      63666674 
 1407      5F73525F 
 1407      7131355F 
 1407      6C656E32 
 1408              	.LASF18:
 1409 0381 63686172 		.ascii	"char\000"
 1409      00
 1410              	.LASF5:
 1411 0386 5F5F7569 		.ascii	"__uint16_t\000"
 1411      6E743136 
 1411      5F7400
 1412              	.LASF26:
 1413 0391 41524D5F 		.ascii	"ARM_MATH_SIZE_MISMATCH\000"
 1413      4D415448 
 1413      5F53495A 
 1413      455F4D49 
 1413      534D4154 
 1414              	.LASF44:
 1415 03a8 61726D5F 		.ascii	"arm_rfft_instance_q15\000"
 1415      72666674 
 1415      5F696E73 
 1415      74616E63 
 1415      655F7131 
 1416              	.LASF51:
 1417 03be 5F5F7A65 		.ascii	"__zero_table_end__\000"
 1417      726F5F74 
 1417      61626C65 
 1417      5F656E64 
 1417      5F5F00
 1418              	.LASF55:
 1419 03d1 61726D5F 		.ascii	"arm_cfft_sR_q15_len32\000"
 1419      63666674 
 1419      5F73525F 
 1419      7131355F 
 1419      6C656E33 
 1420              	.LASF57:
 1421 03e7 61726D5F 		.ascii	"arm_cfft_sR_q15_len128\000"
 1421      63666674 
 1421      5F73525F 
 1421      7131355F 
 1421      6C656E31 
 1422              	.LASF33:
 1423 03fe 70547769 		.ascii	"pTwiddle\000"
 1423      64646C65 
 1423      00
 1424              	.LASF69:
 1425 0407 73746174 		.ascii	"status\000"
 1425      757300
 1426              	.LASF66:
 1427 040e 2E5C4453 		.ascii	".\\DSP\\Source\\TransformFunctions\\arm_rfft_init_q"
 1427      505C536F 
 1427      75726365 
 1427      5C547261 
 1427      6E73666F 
 1428 043d 31352E63 		.ascii	"15.c\000"
 1428      00
 1429              	.LASF13:
ARM GAS  C:\Users\IVYLIU~1\AppData\Local\Temp\ccrMqIs5.s 			page 34


 1430 0442 75696E74 		.ascii	"uint8_t\000"
 1430      385F7400 
 1431              	.LASF31:
 1432 044a 61726D5F 		.ascii	"arm_status\000"
 1432      73746174 
 1432      757300
 1433              	.LASF37:
 1434 0455 6666744C 		.ascii	"fftLenReal\000"
 1434      656E5265 
 1434      616C00
 1435              	.LASF59:
 1436 0460 61726D5F 		.ascii	"arm_cfft_sR_q15_len512\000"
 1436      63666674 
 1436      5F73525F 
 1436      7131355F 
 1436      6C656E35 
 1437              	.LASF65:
 1438 0477 474E5520 		.ascii	"GNU C 4.9.3 20150303 (release) [ARM/embedded-4_9-br"
 1438      4320342E 
 1438      392E3320 
 1438      32303135 
 1438      30333033 
 1439 04aa 616E6368 		.ascii	"anch revision 221220] -mcpu=cortex-m3 -mthumb -g -O"
 1439      20726576 
 1439      6973696F 
 1439      6E203232 
 1439      31323230 
 1440 04dd 67202D73 		.ascii	"g -std=gnu99 -ffunction-sections -ffat-lto-objects\000"
 1440      74643D67 
 1440      6E753939 
 1440      202D6666 
 1440      756E6374 
 1441              		.ident	"GCC: (GNU Tools for ARM Embedded Processors) 4.9.3 20150303 (release) [ARM/embedded-4_9-br
