ARM GAS  C:\Users\IVYLIU~1\AppData\Local\Temp\ccv7TrJu.s 			page 1


   1              		.syntax unified
   2              		.cpu cortex-m3
   3              		.fpu softvfp
   4              		.eabi_attribute 20, 1
   5              		.eabi_attribute 21, 1
   6              		.eabi_attribute 23, 3
   7              		.eabi_attribute 24, 1
   8              		.eabi_attribute 25, 1
   9              		.eabi_attribute 26, 1
  10              		.eabi_attribute 30, 1
  11              		.eabi_attribute 34, 1
  12              		.eabi_attribute 18, 4
  13              		.thumb
  14              		.file	"arm_cfft_init_f64.c"
  15              		.text
  16              	.Ltext0:
  17              		.cfi_sections	.debug_frame
  18              		.section	.text.arm_cfft_init_f64,"ax",%progbits
  19              		.align	2
  20              		.global	arm_cfft_init_f64
  21              		.thumb
  22              		.thumb_func
  23              		.type	arm_cfft_init_f64, %function
  24              	arm_cfft_init_f64:
  25              	.LFB84:
  26              		.file 1 ".\\DSP\\Source\\TransformFunctions\\arm_cfft_init_f64.c"
   1:.\DSP\Source\TransformFunctions/arm_cfft_init_f64.c **** /* ----------------------------------------------------------------------
   2:.\DSP\Source\TransformFunctions/arm_cfft_init_f64.c ****  * Project:      CMSIS DSP Library
   3:.\DSP\Source\TransformFunctions/arm_cfft_init_f64.c ****  * Title:        arm_cfft_init_f64.c
   4:.\DSP\Source\TransformFunctions/arm_cfft_init_f64.c ****  * Description:  Initialization function for cfft f64 instance
   5:.\DSP\Source\TransformFunctions/arm_cfft_init_f64.c ****  *
   6:.\DSP\Source\TransformFunctions/arm_cfft_init_f64.c ****  * $Date:        23 April 2021
   7:.\DSP\Source\TransformFunctions/arm_cfft_init_f64.c ****  * $Revision:    V1.9.0
   8:.\DSP\Source\TransformFunctions/arm_cfft_init_f64.c ****  *
   9:.\DSP\Source\TransformFunctions/arm_cfft_init_f64.c ****  * Target Processor: Cortex-M and Cortex-A cores
  10:.\DSP\Source\TransformFunctions/arm_cfft_init_f64.c ****  * -------------------------------------------------------------------- */
  11:.\DSP\Source\TransformFunctions/arm_cfft_init_f64.c **** /*
  12:.\DSP\Source\TransformFunctions/arm_cfft_init_f64.c ****  * Copyright (C) 2010-2021 ARM Limited or its affiliates. All rights reserved.
  13:.\DSP\Source\TransformFunctions/arm_cfft_init_f64.c ****  *
  14:.\DSP\Source\TransformFunctions/arm_cfft_init_f64.c ****  * SPDX-License-Identifier: Apache-2.0
  15:.\DSP\Source\TransformFunctions/arm_cfft_init_f64.c ****  *
  16:.\DSP\Source\TransformFunctions/arm_cfft_init_f64.c ****  * Licensed under the Apache License, Version 2.0 (the License); you may
  17:.\DSP\Source\TransformFunctions/arm_cfft_init_f64.c ****  * not use this file except in compliance with the License.
  18:.\DSP\Source\TransformFunctions/arm_cfft_init_f64.c ****  * You may obtain a copy of the License at
  19:.\DSP\Source\TransformFunctions/arm_cfft_init_f64.c ****  *
  20:.\DSP\Source\TransformFunctions/arm_cfft_init_f64.c ****  * www.apache.org/licenses/LICENSE-2.0
  21:.\DSP\Source\TransformFunctions/arm_cfft_init_f64.c ****  *
  22:.\DSP\Source\TransformFunctions/arm_cfft_init_f64.c ****  * Unless required by applicable law or agreed to in writing, software
  23:.\DSP\Source\TransformFunctions/arm_cfft_init_f64.c ****  * distributed under the License is distributed on an AS IS BASIS, WITHOUT
  24:.\DSP\Source\TransformFunctions/arm_cfft_init_f64.c ****  * WARRANTIES OR CONDITIONS OF ANY KIND, either express or implied.
  25:.\DSP\Source\TransformFunctions/arm_cfft_init_f64.c ****  * See the License for the specific language governing permissions and
  26:.\DSP\Source\TransformFunctions/arm_cfft_init_f64.c ****  * limitations under the License.
  27:.\DSP\Source\TransformFunctions/arm_cfft_init_f64.c ****  */
  28:.\DSP\Source\TransformFunctions/arm_cfft_init_f64.c **** 
  29:.\DSP\Source\TransformFunctions/arm_cfft_init_f64.c **** #define FFTINIT(EXT,SIZE)                                           \
  30:.\DSP\Source\TransformFunctions/arm_cfft_init_f64.c ****   S->bitRevLength = arm_cfft_sR_##EXT##_len##SIZE.bitRevLength;        \
  31:.\DSP\Source\TransformFunctions/arm_cfft_init_f64.c ****   S->pBitRevTable = arm_cfft_sR_##EXT##_len##SIZE.pBitRevTable;         \
ARM GAS  C:\Users\IVYLIU~1\AppData\Local\Temp\ccv7TrJu.s 			page 2


  32:.\DSP\Source\TransformFunctions/arm_cfft_init_f64.c ****   S->pTwiddle = arm_cfft_sR_##EXT##_len##SIZE.pTwiddle;
  33:.\DSP\Source\TransformFunctions/arm_cfft_init_f64.c **** 
  34:.\DSP\Source\TransformFunctions/arm_cfft_init_f64.c **** /**
  35:.\DSP\Source\TransformFunctions/arm_cfft_init_f64.c ****   @addtogroup ComplexFFT
  36:.\DSP\Source\TransformFunctions/arm_cfft_init_f64.c ****   @{
  37:.\DSP\Source\TransformFunctions/arm_cfft_init_f64.c ****  */
  38:.\DSP\Source\TransformFunctions/arm_cfft_init_f64.c **** 
  39:.\DSP\Source\TransformFunctions/arm_cfft_init_f64.c **** /**
  40:.\DSP\Source\TransformFunctions/arm_cfft_init_f64.c ****   @brief         Initialization function for the cfft f64 function
  41:.\DSP\Source\TransformFunctions/arm_cfft_init_f64.c ****   @param[in,out] S              points to an instance of the floating-point CFFT structure
  42:.\DSP\Source\TransformFunctions/arm_cfft_init_f64.c ****   @param[in]     fftLen         fft length (number of complex samples)
  43:.\DSP\Source\TransformFunctions/arm_cfft_init_f64.c ****   @return        execution status
  44:.\DSP\Source\TransformFunctions/arm_cfft_init_f64.c ****                    - \ref ARM_MATH_SUCCESS        : Operation successful
  45:.\DSP\Source\TransformFunctions/arm_cfft_init_f64.c ****                    - \ref ARM_MATH_ARGUMENT_ERROR : an error is detected
  46:.\DSP\Source\TransformFunctions/arm_cfft_init_f64.c **** 
  47:.\DSP\Source\TransformFunctions/arm_cfft_init_f64.c ****   @par          Use of this function is mandatory only for the MVE version of the FFT.
  48:.\DSP\Source\TransformFunctions/arm_cfft_init_f64.c ****                 Other versions can still initialize directly the data structure using 
  49:.\DSP\Source\TransformFunctions/arm_cfft_init_f64.c ****                 variables declared in arm_const_structs.h
  50:.\DSP\Source\TransformFunctions/arm_cfft_init_f64.c ****  */
  51:.\DSP\Source\TransformFunctions/arm_cfft_init_f64.c **** 
  52:.\DSP\Source\TransformFunctions/arm_cfft_init_f64.c **** #include "dsp/transform_functions.h"
  53:.\DSP\Source\TransformFunctions/arm_cfft_init_f64.c **** #include "arm_common_tables.h"
  54:.\DSP\Source\TransformFunctions/arm_cfft_init_f64.c **** #include "arm_const_structs.h"
  55:.\DSP\Source\TransformFunctions/arm_cfft_init_f64.c **** 
  56:.\DSP\Source\TransformFunctions/arm_cfft_init_f64.c **** 
  57:.\DSP\Source\TransformFunctions/arm_cfft_init_f64.c **** arm_status arm_cfft_init_f64(
  58:.\DSP\Source\TransformFunctions/arm_cfft_init_f64.c ****   arm_cfft_instance_f64 * S,
  59:.\DSP\Source\TransformFunctions/arm_cfft_init_f64.c ****   uint16_t fftLen)
  60:.\DSP\Source\TransformFunctions/arm_cfft_init_f64.c **** {
  27              		.loc 1 60 0
  28              		.cfi_startproc
  29              		@ args = 0, pretend = 0, frame = 0
  30              		@ frame_needed = 0, uses_anonymous_args = 0
  31              		@ link register save eliminated.
  32              	.LVL0:
  61:.\DSP\Source\TransformFunctions/arm_cfft_init_f64.c ****         /*  Initialise the default arm status */
  62:.\DSP\Source\TransformFunctions/arm_cfft_init_f64.c ****         arm_status status = ARM_MATH_SUCCESS;
  63:.\DSP\Source\TransformFunctions/arm_cfft_init_f64.c **** 
  64:.\DSP\Source\TransformFunctions/arm_cfft_init_f64.c ****         /*  Initialise the FFT length */
  65:.\DSP\Source\TransformFunctions/arm_cfft_init_f64.c ****         S->fftLen = fftLen;
  33              		.loc 1 65 0
  34 0000 0180     		strh	r1, [r0]	@ movhi
  66:.\DSP\Source\TransformFunctions/arm_cfft_init_f64.c **** 
  67:.\DSP\Source\TransformFunctions/arm_cfft_init_f64.c ****         /*  Initialise the Twiddle coefficient pointer */
  68:.\DSP\Source\TransformFunctions/arm_cfft_init_f64.c ****         S->pTwiddle = NULL;
  35              		.loc 1 68 0
  36 0002 0023     		movs	r3, #0
  37 0004 4360     		str	r3, [r0, #4]
  69:.\DSP\Source\TransformFunctions/arm_cfft_init_f64.c **** 
  70:.\DSP\Source\TransformFunctions/arm_cfft_init_f64.c **** 
  71:.\DSP\Source\TransformFunctions/arm_cfft_init_f64.c ****         /*  Initializations of Instance structure depending on the FFT length */
  72:.\DSP\Source\TransformFunctions/arm_cfft_init_f64.c ****         switch (S->fftLen) {
  38              		.loc 1 72 0
  39 0006 B1F5807F 		cmp	r1, #256
  40 000a 3DD0     		beq	.L3
  41 000c 0AD8     		bhi	.L4
  42 000e 2029     		cmp	r1, #32
ARM GAS  C:\Users\IVYLIU~1\AppData\Local\Temp\ccv7TrJu.s 			page 3


  43 0010 55D0     		beq	.L5
  44 0012 02D8     		bhi	.L6
  45 0014 1029     		cmp	r1, #16
  46 0016 5BD0     		beq	.L7
  47 0018 63E0     		b	.L15
  48              	.L6:
  49 001a 4029     		cmp	r1, #64
  50 001c 46D0     		beq	.L8
  51 001e 8029     		cmp	r1, #128
  52 0020 3BD0     		beq	.L9
  53 0022 5EE0     		b	.L15
  54              	.L4:
  55 0024 B1F5806F 		cmp	r1, #1024
  56 0028 1CD0     		beq	.L10
  57 002a 03D8     		bhi	.L11
  58 002c B1F5007F 		cmp	r1, #512
  59 0030 21D0     		beq	.L12
  60 0032 56E0     		b	.L15
  61              	.L11:
  62 0034 B1F5006F 		cmp	r1, #2048
  63 0038 0BD0     		beq	.L13
  64 003a B1F5805F 		cmp	r1, #4096
  65 003e 50D1     		bne	.L15
  73:.\DSP\Source\TransformFunctions/arm_cfft_init_f64.c **** #if !defined(ARM_DSP_CONFIG_TABLES) || defined(ARM_ALL_FFT_TABLES) || (defined(ARM_TABLE_TWIDDLECOE
  74:.\DSP\Source\TransformFunctions/arm_cfft_init_f64.c ****             /*  Initializations of structure parameters for 4096 point FFT */
  75:.\DSP\Source\TransformFunctions/arm_cfft_init_f64.c ****         case 4096U:
  76:.\DSP\Source\TransformFunctions/arm_cfft_init_f64.c ****             /*  Initialise the bit reversal table modifier */
  77:.\DSP\Source\TransformFunctions/arm_cfft_init_f64.c ****             FFTINIT(f64,4096);
  66              		.loc 1 77 0
  67 0040 294B     		ldr	r3, .L16
  68 0042 9A89     		ldrh	r2, [r3, #12]
  69 0044 8281     		strh	r2, [r0, #12]	@ movhi
  70 0046 9A68     		ldr	r2, [r3, #8]
  71 0048 8260     		str	r2, [r0, #8]
  72 004a 5B68     		ldr	r3, [r3, #4]
  73 004c 4360     		str	r3, [r0, #4]
  62:.\DSP\Source\TransformFunctions/arm_cfft_init_f64.c **** 
  74              		.loc 1 62 0
  75 004e 0020     		movs	r0, #0
  76              	.LVL1:
  78:.\DSP\Source\TransformFunctions/arm_cfft_init_f64.c ****             break;
  77              		.loc 1 78 0
  78 0050 48E0     		b	.L2
  79              	.LVL2:
  80              	.L13:
  79:.\DSP\Source\TransformFunctions/arm_cfft_init_f64.c **** #endif
  80:.\DSP\Source\TransformFunctions/arm_cfft_init_f64.c **** 
  81:.\DSP\Source\TransformFunctions/arm_cfft_init_f64.c **** #if !defined(ARM_DSP_CONFIG_TABLES) || defined(ARM_ALL_FFT_TABLES) || (defined(ARM_TABLE_TWIDDLECOE
  82:.\DSP\Source\TransformFunctions/arm_cfft_init_f64.c ****             /*  Initializations of structure parameters for 2048 point FFT */
  83:.\DSP\Source\TransformFunctions/arm_cfft_init_f64.c ****         case 2048U:
  84:.\DSP\Source\TransformFunctions/arm_cfft_init_f64.c ****             /*  Initialise the bit reversal table modifier */
  85:.\DSP\Source\TransformFunctions/arm_cfft_init_f64.c ****             FFTINIT(f64,2048);
  81              		.loc 1 85 0
  82 0052 264B     		ldr	r3, .L16+4
  83 0054 9A89     		ldrh	r2, [r3, #12]
  84 0056 8281     		strh	r2, [r0, #12]	@ movhi
  85 0058 9A68     		ldr	r2, [r3, #8]
ARM GAS  C:\Users\IVYLIU~1\AppData\Local\Temp\ccv7TrJu.s 			page 4


  86 005a 8260     		str	r2, [r0, #8]
  87 005c 5B68     		ldr	r3, [r3, #4]
  88 005e 4360     		str	r3, [r0, #4]
  62:.\DSP\Source\TransformFunctions/arm_cfft_init_f64.c **** 
  89              		.loc 1 62 0
  90 0060 0020     		movs	r0, #0
  91              	.LVL3:
  86:.\DSP\Source\TransformFunctions/arm_cfft_init_f64.c **** 
  87:.\DSP\Source\TransformFunctions/arm_cfft_init_f64.c ****             break;
  92              		.loc 1 87 0
  93 0062 3FE0     		b	.L2
  94              	.LVL4:
  95              	.L10:
  88:.\DSP\Source\TransformFunctions/arm_cfft_init_f64.c **** #endif
  89:.\DSP\Source\TransformFunctions/arm_cfft_init_f64.c **** 
  90:.\DSP\Source\TransformFunctions/arm_cfft_init_f64.c **** #if !defined(ARM_DSP_CONFIG_TABLES) || defined(ARM_ALL_FFT_TABLES) || (defined(ARM_TABLE_TWIDDLECOE
  91:.\DSP\Source\TransformFunctions/arm_cfft_init_f64.c ****             /*  Initializations of structure parameters for 1024 point FFT */
  92:.\DSP\Source\TransformFunctions/arm_cfft_init_f64.c ****         case 1024U:
  93:.\DSP\Source\TransformFunctions/arm_cfft_init_f64.c ****             /*  Initialise the bit reversal table modifier */
  94:.\DSP\Source\TransformFunctions/arm_cfft_init_f64.c ****             FFTINIT(f64,1024);
  96              		.loc 1 94 0
  97 0064 224B     		ldr	r3, .L16+8
  98 0066 9A89     		ldrh	r2, [r3, #12]
  99 0068 8281     		strh	r2, [r0, #12]	@ movhi
 100 006a 9A68     		ldr	r2, [r3, #8]
 101 006c 8260     		str	r2, [r0, #8]
 102 006e 5B68     		ldr	r3, [r3, #4]
 103 0070 4360     		str	r3, [r0, #4]
  62:.\DSP\Source\TransformFunctions/arm_cfft_init_f64.c **** 
 104              		.loc 1 62 0
 105 0072 0020     		movs	r0, #0
 106              	.LVL5:
  95:.\DSP\Source\TransformFunctions/arm_cfft_init_f64.c **** 
  96:.\DSP\Source\TransformFunctions/arm_cfft_init_f64.c ****             break;
 107              		.loc 1 96 0
 108 0074 36E0     		b	.L2
 109              	.LVL6:
 110              	.L12:
  97:.\DSP\Source\TransformFunctions/arm_cfft_init_f64.c **** #endif
  98:.\DSP\Source\TransformFunctions/arm_cfft_init_f64.c **** 
  99:.\DSP\Source\TransformFunctions/arm_cfft_init_f64.c **** #if !defined(ARM_DSP_CONFIG_TABLES) || defined(ARM_ALL_FFT_TABLES) || (defined(ARM_TABLE_TWIDDLECOE
 100:.\DSP\Source\TransformFunctions/arm_cfft_init_f64.c ****             /*  Initializations of structure parameters for 512 point FFT */
 101:.\DSP\Source\TransformFunctions/arm_cfft_init_f64.c ****         case 512U:
 102:.\DSP\Source\TransformFunctions/arm_cfft_init_f64.c ****             /*  Initialise the bit reversal table modifier */
 103:.\DSP\Source\TransformFunctions/arm_cfft_init_f64.c ****             FFTINIT(f64,512);
 111              		.loc 1 103 0
 112 0076 1F4B     		ldr	r3, .L16+12
 113 0078 9A89     		ldrh	r2, [r3, #12]
 114 007a 8281     		strh	r2, [r0, #12]	@ movhi
 115 007c 9A68     		ldr	r2, [r3, #8]
 116 007e 8260     		str	r2, [r0, #8]
 117 0080 5B68     		ldr	r3, [r3, #4]
 118 0082 4360     		str	r3, [r0, #4]
  62:.\DSP\Source\TransformFunctions/arm_cfft_init_f64.c **** 
 119              		.loc 1 62 0
 120 0084 0020     		movs	r0, #0
 121              	.LVL7:
ARM GAS  C:\Users\IVYLIU~1\AppData\Local\Temp\ccv7TrJu.s 			page 5


 104:.\DSP\Source\TransformFunctions/arm_cfft_init_f64.c ****             break;
 122              		.loc 1 104 0
 123 0086 2DE0     		b	.L2
 124              	.LVL8:
 125              	.L3:
 105:.\DSP\Source\TransformFunctions/arm_cfft_init_f64.c **** #endif
 106:.\DSP\Source\TransformFunctions/arm_cfft_init_f64.c **** 
 107:.\DSP\Source\TransformFunctions/arm_cfft_init_f64.c **** #if !defined(ARM_DSP_CONFIG_TABLES) || defined(ARM_ALL_FFT_TABLES) || (defined(ARM_TABLE_TWIDDLECOE
 108:.\DSP\Source\TransformFunctions/arm_cfft_init_f64.c ****         case 256U:
 109:.\DSP\Source\TransformFunctions/arm_cfft_init_f64.c ****             FFTINIT(f64,256);
 126              		.loc 1 109 0
 127 0088 1B4B     		ldr	r3, .L16+16
 128 008a 9A89     		ldrh	r2, [r3, #12]
 129 008c 8281     		strh	r2, [r0, #12]	@ movhi
 130 008e 9A68     		ldr	r2, [r3, #8]
 131 0090 8260     		str	r2, [r0, #8]
 132 0092 5B68     		ldr	r3, [r3, #4]
 133 0094 4360     		str	r3, [r0, #4]
  62:.\DSP\Source\TransformFunctions/arm_cfft_init_f64.c **** 
 134              		.loc 1 62 0
 135 0096 0020     		movs	r0, #0
 136              	.LVL9:
 110:.\DSP\Source\TransformFunctions/arm_cfft_init_f64.c ****             break;
 137              		.loc 1 110 0
 138 0098 24E0     		b	.L2
 139              	.LVL10:
 140              	.L9:
 111:.\DSP\Source\TransformFunctions/arm_cfft_init_f64.c **** #endif
 112:.\DSP\Source\TransformFunctions/arm_cfft_init_f64.c **** 
 113:.\DSP\Source\TransformFunctions/arm_cfft_init_f64.c **** #if !defined(ARM_DSP_CONFIG_TABLES) || defined(ARM_ALL_FFT_TABLES) || (defined(ARM_TABLE_TWIDDLECOE
 114:.\DSP\Source\TransformFunctions/arm_cfft_init_f64.c ****         case 128U:
 115:.\DSP\Source\TransformFunctions/arm_cfft_init_f64.c ****             FFTINIT(f64,128);
 141              		.loc 1 115 0
 142 009a 184B     		ldr	r3, .L16+20
 143 009c 9A89     		ldrh	r2, [r3, #12]
 144 009e 8281     		strh	r2, [r0, #12]	@ movhi
 145 00a0 9A68     		ldr	r2, [r3, #8]
 146 00a2 8260     		str	r2, [r0, #8]
 147 00a4 5B68     		ldr	r3, [r3, #4]
 148 00a6 4360     		str	r3, [r0, #4]
  62:.\DSP\Source\TransformFunctions/arm_cfft_init_f64.c **** 
 149              		.loc 1 62 0
 150 00a8 0020     		movs	r0, #0
 151              	.LVL11:
 116:.\DSP\Source\TransformFunctions/arm_cfft_init_f64.c ****             break;
 152              		.loc 1 116 0
 153 00aa 1BE0     		b	.L2
 154              	.LVL12:
 155              	.L8:
 117:.\DSP\Source\TransformFunctions/arm_cfft_init_f64.c **** #endif 
 118:.\DSP\Source\TransformFunctions/arm_cfft_init_f64.c **** 
 119:.\DSP\Source\TransformFunctions/arm_cfft_init_f64.c **** #if !defined(ARM_DSP_CONFIG_TABLES) || defined(ARM_ALL_FFT_TABLES) || (defined(ARM_TABLE_TWIDDLECOE
 120:.\DSP\Source\TransformFunctions/arm_cfft_init_f64.c ****         case 64U:
 121:.\DSP\Source\TransformFunctions/arm_cfft_init_f64.c ****             FFTINIT(f64,64);
 156              		.loc 1 121 0
 157 00ac 144B     		ldr	r3, .L16+24
 158 00ae 9A89     		ldrh	r2, [r3, #12]
ARM GAS  C:\Users\IVYLIU~1\AppData\Local\Temp\ccv7TrJu.s 			page 6


 159 00b0 8281     		strh	r2, [r0, #12]	@ movhi
 160 00b2 9A68     		ldr	r2, [r3, #8]
 161 00b4 8260     		str	r2, [r0, #8]
 162 00b6 5B68     		ldr	r3, [r3, #4]
 163 00b8 4360     		str	r3, [r0, #4]
  62:.\DSP\Source\TransformFunctions/arm_cfft_init_f64.c **** 
 164              		.loc 1 62 0
 165 00ba 0020     		movs	r0, #0
 166              	.LVL13:
 122:.\DSP\Source\TransformFunctions/arm_cfft_init_f64.c ****             break;
 167              		.loc 1 122 0
 168 00bc 12E0     		b	.L2
 169              	.LVL14:
 170              	.L5:
 123:.\DSP\Source\TransformFunctions/arm_cfft_init_f64.c **** #endif 
 124:.\DSP\Source\TransformFunctions/arm_cfft_init_f64.c **** 
 125:.\DSP\Source\TransformFunctions/arm_cfft_init_f64.c **** #if !defined(ARM_DSP_CONFIG_TABLES) || defined(ARM_ALL_FFT_TABLES) || (defined(ARM_TABLE_TWIDDLECOE
 126:.\DSP\Source\TransformFunctions/arm_cfft_init_f64.c ****         case 32U:
 127:.\DSP\Source\TransformFunctions/arm_cfft_init_f64.c ****             FFTINIT(f64,32);
 171              		.loc 1 127 0
 172 00be 114B     		ldr	r3, .L16+28
 173 00c0 9A89     		ldrh	r2, [r3, #12]
 174 00c2 8281     		strh	r2, [r0, #12]	@ movhi
 175 00c4 9A68     		ldr	r2, [r3, #8]
 176 00c6 8260     		str	r2, [r0, #8]
 177 00c8 5B68     		ldr	r3, [r3, #4]
 178 00ca 4360     		str	r3, [r0, #4]
  62:.\DSP\Source\TransformFunctions/arm_cfft_init_f64.c **** 
 179              		.loc 1 62 0
 180 00cc 0020     		movs	r0, #0
 181              	.LVL15:
 128:.\DSP\Source\TransformFunctions/arm_cfft_init_f64.c ****             break;
 182              		.loc 1 128 0
 183 00ce 09E0     		b	.L2
 184              	.LVL16:
 185              	.L7:
 129:.\DSP\Source\TransformFunctions/arm_cfft_init_f64.c **** #endif 
 130:.\DSP\Source\TransformFunctions/arm_cfft_init_f64.c **** 
 131:.\DSP\Source\TransformFunctions/arm_cfft_init_f64.c **** #if !defined(ARM_DSP_CONFIG_TABLES) || defined(ARM_ALL_FFT_TABLES) || (defined(ARM_TABLE_TWIDDLECOE
 132:.\DSP\Source\TransformFunctions/arm_cfft_init_f64.c ****         case 16U:
 133:.\DSP\Source\TransformFunctions/arm_cfft_init_f64.c ****             /*  Initializations of structure parameters for 16 point FFT */
 134:.\DSP\Source\TransformFunctions/arm_cfft_init_f64.c ****             FFTINIT(f64,16);
 186              		.loc 1 134 0
 187 00d0 0D4B     		ldr	r3, .L16+32
 188 00d2 9A89     		ldrh	r2, [r3, #12]
 189 00d4 8281     		strh	r2, [r0, #12]	@ movhi
 190 00d6 9A68     		ldr	r2, [r3, #8]
 191 00d8 8260     		str	r2, [r0, #8]
 192 00da 5B68     		ldr	r3, [r3, #4]
 193 00dc 4360     		str	r3, [r0, #4]
  62:.\DSP\Source\TransformFunctions/arm_cfft_init_f64.c **** 
 194              		.loc 1 62 0
 195 00de 0020     		movs	r0, #0
 196              	.LVL17:
 135:.\DSP\Source\TransformFunctions/arm_cfft_init_f64.c ****             break;
 197              		.loc 1 135 0
 198 00e0 00E0     		b	.L2
ARM GAS  C:\Users\IVYLIU~1\AppData\Local\Temp\ccv7TrJu.s 			page 7


 199              	.LVL18:
 200              	.L15:
 136:.\DSP\Source\TransformFunctions/arm_cfft_init_f64.c **** #endif
 137:.\DSP\Source\TransformFunctions/arm_cfft_init_f64.c **** 
 138:.\DSP\Source\TransformFunctions/arm_cfft_init_f64.c ****         default:
 139:.\DSP\Source\TransformFunctions/arm_cfft_init_f64.c ****             /*  Reporting argument error if fftSize is not valid value */
 140:.\DSP\Source\TransformFunctions/arm_cfft_init_f64.c ****             status = ARM_MATH_ARGUMENT_ERROR;
 201              		.loc 1 140 0
 202 00e2 FF20     		movs	r0, #255
 203              	.LVL19:
 204              	.L2:
 141:.\DSP\Source\TransformFunctions/arm_cfft_init_f64.c ****             break;
 142:.\DSP\Source\TransformFunctions/arm_cfft_init_f64.c ****         }
 143:.\DSP\Source\TransformFunctions/arm_cfft_init_f64.c **** 
 144:.\DSP\Source\TransformFunctions/arm_cfft_init_f64.c **** 
 145:.\DSP\Source\TransformFunctions/arm_cfft_init_f64.c ****         return (status);
 146:.\DSP\Source\TransformFunctions/arm_cfft_init_f64.c **** }
 205              		.loc 1 146 0
 206 00e4 40B2     		sxtb	r0, r0
 207 00e6 7047     		bx	lr
 208              	.L17:
 209              		.align	2
 210              	.L16:
 211 00e8 00000000 		.word	arm_cfft_sR_f64_len4096
 212 00ec 00000000 		.word	arm_cfft_sR_f64_len2048
 213 00f0 00000000 		.word	arm_cfft_sR_f64_len1024
 214 00f4 00000000 		.word	arm_cfft_sR_f64_len512
 215 00f8 00000000 		.word	arm_cfft_sR_f64_len256
 216 00fc 00000000 		.word	arm_cfft_sR_f64_len128
 217 0100 00000000 		.word	arm_cfft_sR_f64_len64
 218 0104 00000000 		.word	arm_cfft_sR_f64_len32
 219 0108 00000000 		.word	arm_cfft_sR_f64_len16
 220              		.cfi_endproc
 221              	.LFE84:
 222              		.size	arm_cfft_init_f64, .-arm_cfft_init_f64
 223              		.text
 224              	.Letext0:
 225              		.file 2 "c:\\program files (x86)\\cypress\\psoc creator\\3.3\\psoc creator\\import\\gnu\\arm\\4.9.
 226              		.file 3 "c:\\program files (x86)\\cypress\\psoc creator\\3.3\\psoc creator\\import\\gnu\\arm\\4.9.
 227              		.file 4 ".\\DSP\\Include/arm_math_types.h"
 228              		.file 5 ".\\DSP\\Include/dsp/transform_functions.h"
 229              		.file 6 ".\\Core\\Include/cmsis_gcc.h"
 230              		.file 7 ".\\DSP\\Include/arm_const_structs.h"
 231              		.section	.debug_info,"",%progbits
 232              	.Ldebug_info0:
 233 0000 C1020000 		.4byte	0x2c1
 234 0004 0400     		.2byte	0x4
 235 0006 00000000 		.4byte	.Ldebug_abbrev0
 236 000a 04       		.byte	0x4
 237 000b 01       		.uleb128 0x1
 238 000c 7D000000 		.4byte	.LASF50
 239 0010 01       		.byte	0x1
 240 0011 3B010000 		.4byte	.LASF51
 241 0015 56030000 		.4byte	.LASF52
 242 0019 00000000 		.4byte	.Ldebug_ranges0+0
 243 001d 00000000 		.4byte	0
 244 0021 00000000 		.4byte	.Ldebug_line0
ARM GAS  C:\Users\IVYLIU~1\AppData\Local\Temp\ccv7TrJu.s 			page 8


 245 0025 02       		.uleb128 0x2
 246 0026 01       		.byte	0x1
 247 0027 06       		.byte	0x6
 248 0028 1A040000 		.4byte	.LASF0
 249 002c 02       		.uleb128 0x2
 250 002d 01       		.byte	0x1
 251 002e 08       		.byte	0x8
 252 002f A5010000 		.4byte	.LASF1
 253 0033 02       		.uleb128 0x2
 254 0034 02       		.byte	0x2
 255 0035 05       		.byte	0x5
 256 0036 C2030000 		.4byte	.LASF2
 257 003a 03       		.uleb128 0x3
 258 003b 08020000 		.4byte	.LASF5
 259 003f 02       		.byte	0x2
 260 0040 2B       		.byte	0x2b
 261 0041 45000000 		.4byte	0x45
 262 0045 02       		.uleb128 0x2
 263 0046 02       		.byte	0x2
 264 0047 07       		.byte	0x7
 265 0048 D8010000 		.4byte	.LASF3
 266 004c 02       		.uleb128 0x2
 267 004d 04       		.byte	0x4
 268 004e 05       		.byte	0x5
 269 004f F0030000 		.4byte	.LASF4
 270 0053 03       		.uleb128 0x3
 271 0054 1A020000 		.4byte	.LASF6
 272 0058 02       		.byte	0x2
 273 0059 41       		.byte	0x41
 274 005a 5E000000 		.4byte	0x5e
 275 005e 02       		.uleb128 0x2
 276 005f 04       		.byte	0x4
 277 0060 07       		.byte	0x7
 278 0061 C6010000 		.4byte	.LASF7
 279 0065 02       		.uleb128 0x2
 280 0066 08       		.byte	0x8
 281 0067 05       		.byte	0x5
 282 0068 13030000 		.4byte	.LASF8
 283 006c 02       		.uleb128 0x2
 284 006d 08       		.byte	0x8
 285 006e 07       		.byte	0x7
 286 006f 8F020000 		.4byte	.LASF9
 287 0073 04       		.uleb128 0x4
 288 0074 04       		.byte	0x4
 289 0075 05       		.byte	0x5
 290 0076 696E7400 		.ascii	"int\000"
 291 007a 02       		.uleb128 0x2
 292 007b 04       		.byte	0x4
 293 007c 07       		.byte	0x7
 294 007d 6A020000 		.4byte	.LASF10
 295 0081 03       		.uleb128 0x3
 296 0082 CC030000 		.4byte	.LASF11
 297 0086 03       		.byte	0x3
 298 0087 21       		.byte	0x21
 299 0088 3A000000 		.4byte	0x3a
 300 008c 03       		.uleb128 0x3
 301 008d E7030000 		.4byte	.LASF12
ARM GAS  C:\Users\IVYLIU~1\AppData\Local\Temp\ccv7TrJu.s 			page 9


 302 0091 03       		.byte	0x3
 303 0092 2D       		.byte	0x2d
 304 0093 53000000 		.4byte	0x53
 305 0097 02       		.uleb128 0x2
 306 0098 04       		.byte	0x4
 307 0099 07       		.byte	0x7
 308 009a 0A030000 		.4byte	.LASF13
 309 009e 02       		.uleb128 0x2
 310 009f 01       		.byte	0x1
 311 00a0 08       		.byte	0x8
 312 00a1 41030000 		.4byte	.LASF14
 313 00a5 02       		.uleb128 0x2
 314 00a6 08       		.byte	0x8
 315 00a7 04       		.byte	0x4
 316 00a8 13020000 		.4byte	.LASF15
 317 00ac 02       		.uleb128 0x2
 318 00ad 04       		.byte	0x4
 319 00ae 04       		.byte	0x4
 320 00af 9A010000 		.4byte	.LASF16
 321 00b3 02       		.uleb128 0x2
 322 00b4 08       		.byte	0x8
 323 00b5 04       		.byte	0x4
 324 00b6 F9030000 		.4byte	.LASF17
 325 00ba 05       		.uleb128 0x5
 326 00bb 5D000000 		.4byte	.LASF18
 327 00bf 04       		.byte	0x4
 328 00c0 3501     		.2byte	0x135
 329 00c2 A5000000 		.4byte	0xa5
 330 00c6 06       		.uleb128 0x6
 331 00c7 01       		.byte	0x1
 332 00c8 04       		.byte	0x4
 333 00c9 5802     		.2byte	0x258
 334 00cb 00010000 		.4byte	0x100
 335 00cf 07       		.uleb128 0x7
 336 00d0 AC030000 		.4byte	.LASF19
 337 00d4 00       		.sleb128 0
 338 00d5 07       		.uleb128 0x7
 339 00d6 25020000 		.4byte	.LASF20
 340 00da 7F       		.sleb128 -1
 341 00db 07       		.uleb128 0x7
 342 00dc 20000000 		.4byte	.LASF21
 343 00e0 7E       		.sleb128 -2
 344 00e1 07       		.uleb128 0x7
 345 00e2 76010000 		.4byte	.LASF22
 346 00e6 7D       		.sleb128 -3
 347 00e7 07       		.uleb128 0x7
 348 00e8 46030000 		.4byte	.LASF23
 349 00ec 7C       		.sleb128 -4
 350 00ed 07       		.uleb128 0x7
 351 00ee 46040000 		.4byte	.LASF24
 352 00f2 7B       		.sleb128 -5
 353 00f3 07       		.uleb128 0x7
 354 00f4 F2010000 		.4byte	.LASF25
 355 00f8 7A       		.sleb128 -6
 356 00f9 07       		.uleb128 0x7
 357 00fa EB020000 		.4byte	.LASF26
 358 00fe 79       		.sleb128 -7
ARM GAS  C:\Users\IVYLIU~1\AppData\Local\Temp\ccv7TrJu.s 			page 10


 359 00ff 00       		.byte	0
 360 0100 05       		.uleb128 0x5
 361 0101 3B040000 		.4byte	.LASF27
 362 0105 04       		.byte	0x4
 363 0106 6102     		.2byte	0x261
 364 0108 C6000000 		.4byte	0xc6
 365 010c 08       		.uleb128 0x8
 366 010d 04       		.byte	0x4
 367 010e 12010000 		.4byte	0x112
 368 0112 09       		.uleb128 0x9
 369 0113 81000000 		.4byte	0x81
 370 0117 0A       		.uleb128 0xa
 371 0118 10       		.byte	0x10
 372 0119 05       		.byte	0x5
 373 011a 3101     		.2byte	0x131
 374 011c 55010000 		.4byte	0x155
 375 0120 0B       		.uleb128 0xb
 376 0121 EB010000 		.4byte	.LASF28
 377 0125 05       		.byte	0x5
 378 0126 3301     		.2byte	0x133
 379 0128 81000000 		.4byte	0x81
 380 012c 00       		.byte	0
 381 012d 0B       		.uleb128 0xb
 382 012e 38030000 		.4byte	.LASF29
 383 0132 05       		.byte	0x5
 384 0133 3401     		.2byte	0x134
 385 0135 55010000 		.4byte	0x155
 386 0139 04       		.byte	0x4
 387 013a 0B       		.uleb128 0xb
 388 013b 8D010000 		.4byte	.LASF30
 389 013f 05       		.byte	0x5
 390 0140 3501     		.2byte	0x135
 391 0142 0C010000 		.4byte	0x10c
 392 0146 08       		.byte	0x8
 393 0147 0B       		.uleb128 0xb
 394 0148 13000000 		.4byte	.LASF31
 395 014c 05       		.byte	0x5
 396 014d 3601     		.2byte	0x136
 397 014f 81000000 		.4byte	0x81
 398 0153 0C       		.byte	0xc
 399 0154 00       		.byte	0
 400 0155 08       		.uleb128 0x8
 401 0156 04       		.byte	0x4
 402 0157 5B010000 		.4byte	0x15b
 403 015b 09       		.uleb128 0x9
 404 015c BA000000 		.4byte	0xba
 405 0160 05       		.uleb128 0x5
 406 0161 A6020000 		.4byte	.LASF32
 407 0165 05       		.byte	0x5
 408 0166 3701     		.2byte	0x137
 409 0168 17010000 		.4byte	0x117
 410 016c 08       		.uleb128 0x8
 411 016d 04       		.byte	0x4
 412 016e 72010000 		.4byte	0x172
 413 0172 09       		.uleb128 0x9
 414 0173 8C000000 		.4byte	0x8c
 415 0177 0C       		.uleb128 0xc
ARM GAS  C:\Users\IVYLIU~1\AppData\Local\Temp\ccv7TrJu.s 			page 11


 416 0178 D5030000 		.4byte	.LASF53
 417 017c 01       		.byte	0x1
 418 017d 39       		.byte	0x39
 419 017e 00010000 		.4byte	0x100
 420 0182 00000000 		.4byte	.LFB84
 421 0186 0C010000 		.4byte	.LFE84-.LFB84
 422 018a 01       		.uleb128 0x1
 423 018b 9C       		.byte	0x9c
 424 018c BA010000 		.4byte	0x1ba
 425 0190 0D       		.uleb128 0xd
 426 0191 5300     		.ascii	"S\000"
 427 0193 01       		.byte	0x1
 428 0194 3A       		.byte	0x3a
 429 0195 BA010000 		.4byte	0x1ba
 430 0199 00000000 		.4byte	.LLST0
 431 019d 0E       		.uleb128 0xe
 432 019e EB010000 		.4byte	.LASF28
 433 01a2 01       		.byte	0x1
 434 01a3 3B       		.byte	0x3b
 435 01a4 81000000 		.4byte	0x81
 436 01a8 01       		.uleb128 0x1
 437 01a9 51       		.byte	0x51
 438 01aa 0F       		.uleb128 0xf
 439 01ab 6F010000 		.4byte	.LASF54
 440 01af 01       		.byte	0x1
 441 01b0 3E       		.byte	0x3e
 442 01b1 00010000 		.4byte	0x100
 443 01b5 02010000 		.4byte	.LLST1
 444 01b9 00       		.byte	0
 445 01ba 08       		.uleb128 0x8
 446 01bb 04       		.byte	0x4
 447 01bc 60010000 		.4byte	0x160
 448 01c0 03       		.uleb128 0x3
 449 01c1 36000000 		.4byte	.LASF33
 450 01c5 06       		.byte	0x6
 451 01c6 8B       		.byte	0x8b
 452 01c7 9B020000 		.4byte	0x29b
 453 01cb 08       		.uleb128 0x8
 454 01cc 04       		.byte	0x4
 455 01cd 8C000000 		.4byte	0x8c
 456 01d1 10       		.uleb128 0x10
 457 01d2 26040000 		.4byte	.LASF34
 458 01d6 06       		.byte	0x6
 459 01d7 92       		.byte	0x92
 460 01d8 DC010000 		.4byte	0x1dc
 461 01dc 09       		.uleb128 0x9
 462 01dd C0010000 		.4byte	0x1c0
 463 01e1 10       		.uleb128 0x10
 464 01e2 B3010000 		.4byte	.LASF35
 465 01e6 06       		.byte	0x6
 466 01e7 93       		.byte	0x93
 467 01e8 DC010000 		.4byte	0x1dc
 468 01ec 03       		.uleb128 0x3
 469 01ed 2C010000 		.4byte	.LASF36
 470 01f1 06       		.byte	0x6
 471 01f2 90       		.byte	0x90
 472 01f3 7A020000 		.4byte	0x27a
ARM GAS  C:\Users\IVYLIU~1\AppData\Local\Temp\ccv7TrJu.s 			page 12


 473 01f7 10       		.uleb128 0x10
 474 01f8 05040000 		.4byte	.LASF37
 475 01fc 06       		.byte	0x6
 476 01fd 94       		.byte	0x94
 477 01fe 02020000 		.4byte	0x202
 478 0202 09       		.uleb128 0x9
 479 0203 EC010000 		.4byte	0x1ec
 480 0207 10       		.uleb128 0x10
 481 0208 00000000 		.4byte	.LASF38
 482 020c 06       		.byte	0x6
 483 020d 95       		.byte	0x95
 484 020e 02020000 		.4byte	0x202
 485 0212 10       		.uleb128 0x10
 486 0213 16010000 		.4byte	.LASF39
 487 0217 07       		.byte	0x7
 488 0218 29       		.byte	0x29
 489 0219 1D020000 		.4byte	0x21d
 490 021d 09       		.uleb128 0x9
 491 021e 60010000 		.4byte	0x160
 492 0222 10       		.uleb128 0x10
 493 0223 54020000 		.4byte	.LASF40
 494 0227 07       		.byte	0x7
 495 0228 2A       		.byte	0x2a
 496 0229 1D020000 		.4byte	0x21d
 497 022d 10       		.uleb128 0x10
 498 022e 67000000 		.4byte	.LASF41
 499 0232 07       		.byte	0x7
 500 0233 2B       		.byte	0x2b
 501 0234 1D020000 		.4byte	0x21d
 502 0238 10       		.uleb128 0x10
 503 0239 21030000 		.4byte	.LASF42
 504 023d 07       		.byte	0x7
 505 023e 2C       		.byte	0x2c
 506 023f 1D020000 		.4byte	0x21d
 507 0243 10       		.uleb128 0x10
 508 0244 D4020000 		.4byte	.LASF43
 509 0248 07       		.byte	0x7
 510 0249 2D       		.byte	0x2d
 511 024a 1D020000 		.4byte	0x21d
 512 024e 10       		.uleb128 0x10
 513 024f 3D020000 		.4byte	.LASF44
 514 0253 07       		.byte	0x7
 515 0254 2E       		.byte	0x2e
 516 0255 1D020000 		.4byte	0x21d
 517 0259 10       		.uleb128 0x10
 518 025a 45000000 		.4byte	.LASF45
 519 025e 07       		.byte	0x7
 520 025f 2F       		.byte	0x2f
 521 0260 1D020000 		.4byte	0x21d
 522 0264 10       		.uleb128 0x10
 523 0265 77020000 		.4byte	.LASF46
 524 0269 07       		.byte	0x7
 525 026a 30       		.byte	0x30
 526 026b 1D020000 		.4byte	0x21d
 527 026f 10       		.uleb128 0x10
 528 0270 BC020000 		.4byte	.LASF47
 529 0274 07       		.byte	0x7
ARM GAS  C:\Users\IVYLIU~1\AppData\Local\Temp\ccv7TrJu.s 			page 13


 530 0275 31       		.byte	0x31
 531 0276 1D020000 		.4byte	0x21d
 532 027a 11       		.uleb128 0x11
 533 027b 08       		.byte	0x8
 534 027c 06       		.byte	0x6
 535 027d 8D       		.byte	0x8d
 536 027e 9B020000 		.4byte	0x29b
 537 0282 12       		.uleb128 0x12
 538 0283 A0010000 		.4byte	.LASF48
 539 0287 06       		.byte	0x6
 540 0288 8E       		.byte	0x8e
 541 0289 CB010000 		.4byte	0x1cb
 542 028d 00       		.byte	0
 543 028e 12       		.uleb128 0x12
 544 028f BD030000 		.4byte	.LASF49
 545 0293 06       		.byte	0x6
 546 0294 8F       		.byte	0x8f
 547 0295 8C000000 		.4byte	0x8c
 548 0299 04       		.byte	0x4
 549 029a 00       		.byte	0
 550 029b 13       		.uleb128 0x13
 551 029c 0C       		.byte	0xc
 552 029d 06       		.byte	0x6
 553 029e 87       		.byte	0x87
 554 029f 14       		.uleb128 0x14
 555 02a0 73726300 		.ascii	"src\000"
 556 02a4 06       		.byte	0x6
 557 02a5 88       		.byte	0x88
 558 02a6 6C010000 		.4byte	0x16c
 559 02aa 00       		.byte	0
 560 02ab 12       		.uleb128 0x12
 561 02ac A0010000 		.4byte	.LASF48
 562 02b0 06       		.byte	0x6
 563 02b1 89       		.byte	0x89
 564 02b2 CB010000 		.4byte	0x1cb
 565 02b6 04       		.byte	0x4
 566 02b7 12       		.uleb128 0x12
 567 02b8 BD030000 		.4byte	.LASF49
 568 02bc 06       		.byte	0x6
 569 02bd 8A       		.byte	0x8a
 570 02be 8C000000 		.4byte	0x8c
 571 02c2 08       		.byte	0x8
 572 02c3 00       		.byte	0
 573 02c4 00       		.byte	0
 574              		.section	.debug_abbrev,"",%progbits
 575              	.Ldebug_abbrev0:
 576 0000 01       		.uleb128 0x1
 577 0001 11       		.uleb128 0x11
 578 0002 01       		.byte	0x1
 579 0003 25       		.uleb128 0x25
 580 0004 0E       		.uleb128 0xe
 581 0005 13       		.uleb128 0x13
 582 0006 0B       		.uleb128 0xb
 583 0007 03       		.uleb128 0x3
 584 0008 0E       		.uleb128 0xe
 585 0009 1B       		.uleb128 0x1b
 586 000a 0E       		.uleb128 0xe
ARM GAS  C:\Users\IVYLIU~1\AppData\Local\Temp\ccv7TrJu.s 			page 14


 587 000b 55       		.uleb128 0x55
 588 000c 17       		.uleb128 0x17
 589 000d 11       		.uleb128 0x11
 590 000e 01       		.uleb128 0x1
 591 000f 10       		.uleb128 0x10
 592 0010 17       		.uleb128 0x17
 593 0011 00       		.byte	0
 594 0012 00       		.byte	0
 595 0013 02       		.uleb128 0x2
 596 0014 24       		.uleb128 0x24
 597 0015 00       		.byte	0
 598 0016 0B       		.uleb128 0xb
 599 0017 0B       		.uleb128 0xb
 600 0018 3E       		.uleb128 0x3e
 601 0019 0B       		.uleb128 0xb
 602 001a 03       		.uleb128 0x3
 603 001b 0E       		.uleb128 0xe
 604 001c 00       		.byte	0
 605 001d 00       		.byte	0
 606 001e 03       		.uleb128 0x3
 607 001f 16       		.uleb128 0x16
 608 0020 00       		.byte	0
 609 0021 03       		.uleb128 0x3
 610 0022 0E       		.uleb128 0xe
 611 0023 3A       		.uleb128 0x3a
 612 0024 0B       		.uleb128 0xb
 613 0025 3B       		.uleb128 0x3b
 614 0026 0B       		.uleb128 0xb
 615 0027 49       		.uleb128 0x49
 616 0028 13       		.uleb128 0x13
 617 0029 00       		.byte	0
 618 002a 00       		.byte	0
 619 002b 04       		.uleb128 0x4
 620 002c 24       		.uleb128 0x24
 621 002d 00       		.byte	0
 622 002e 0B       		.uleb128 0xb
 623 002f 0B       		.uleb128 0xb
 624 0030 3E       		.uleb128 0x3e
 625 0031 0B       		.uleb128 0xb
 626 0032 03       		.uleb128 0x3
 627 0033 08       		.uleb128 0x8
 628 0034 00       		.byte	0
 629 0035 00       		.byte	0
 630 0036 05       		.uleb128 0x5
 631 0037 16       		.uleb128 0x16
 632 0038 00       		.byte	0
 633 0039 03       		.uleb128 0x3
 634 003a 0E       		.uleb128 0xe
 635 003b 3A       		.uleb128 0x3a
 636 003c 0B       		.uleb128 0xb
 637 003d 3B       		.uleb128 0x3b
 638 003e 05       		.uleb128 0x5
 639 003f 49       		.uleb128 0x49
 640 0040 13       		.uleb128 0x13
 641 0041 00       		.byte	0
 642 0042 00       		.byte	0
 643 0043 06       		.uleb128 0x6
ARM GAS  C:\Users\IVYLIU~1\AppData\Local\Temp\ccv7TrJu.s 			page 15


 644 0044 04       		.uleb128 0x4
 645 0045 01       		.byte	0x1
 646 0046 0B       		.uleb128 0xb
 647 0047 0B       		.uleb128 0xb
 648 0048 3A       		.uleb128 0x3a
 649 0049 0B       		.uleb128 0xb
 650 004a 3B       		.uleb128 0x3b
 651 004b 05       		.uleb128 0x5
 652 004c 01       		.uleb128 0x1
 653 004d 13       		.uleb128 0x13
 654 004e 00       		.byte	0
 655 004f 00       		.byte	0
 656 0050 07       		.uleb128 0x7
 657 0051 28       		.uleb128 0x28
 658 0052 00       		.byte	0
 659 0053 03       		.uleb128 0x3
 660 0054 0E       		.uleb128 0xe
 661 0055 1C       		.uleb128 0x1c
 662 0056 0D       		.uleb128 0xd
 663 0057 00       		.byte	0
 664 0058 00       		.byte	0
 665 0059 08       		.uleb128 0x8
 666 005a 0F       		.uleb128 0xf
 667 005b 00       		.byte	0
 668 005c 0B       		.uleb128 0xb
 669 005d 0B       		.uleb128 0xb
 670 005e 49       		.uleb128 0x49
 671 005f 13       		.uleb128 0x13
 672 0060 00       		.byte	0
 673 0061 00       		.byte	0
 674 0062 09       		.uleb128 0x9
 675 0063 26       		.uleb128 0x26
 676 0064 00       		.byte	0
 677 0065 49       		.uleb128 0x49
 678 0066 13       		.uleb128 0x13
 679 0067 00       		.byte	0
 680 0068 00       		.byte	0
 681 0069 0A       		.uleb128 0xa
 682 006a 13       		.uleb128 0x13
 683 006b 01       		.byte	0x1
 684 006c 0B       		.uleb128 0xb
 685 006d 0B       		.uleb128 0xb
 686 006e 3A       		.uleb128 0x3a
 687 006f 0B       		.uleb128 0xb
 688 0070 3B       		.uleb128 0x3b
 689 0071 05       		.uleb128 0x5
 690 0072 01       		.uleb128 0x1
 691 0073 13       		.uleb128 0x13
 692 0074 00       		.byte	0
 693 0075 00       		.byte	0
 694 0076 0B       		.uleb128 0xb
 695 0077 0D       		.uleb128 0xd
 696 0078 00       		.byte	0
 697 0079 03       		.uleb128 0x3
 698 007a 0E       		.uleb128 0xe
 699 007b 3A       		.uleb128 0x3a
 700 007c 0B       		.uleb128 0xb
ARM GAS  C:\Users\IVYLIU~1\AppData\Local\Temp\ccv7TrJu.s 			page 16


 701 007d 3B       		.uleb128 0x3b
 702 007e 05       		.uleb128 0x5
 703 007f 49       		.uleb128 0x49
 704 0080 13       		.uleb128 0x13
 705 0081 38       		.uleb128 0x38
 706 0082 0B       		.uleb128 0xb
 707 0083 00       		.byte	0
 708 0084 00       		.byte	0
 709 0085 0C       		.uleb128 0xc
 710 0086 2E       		.uleb128 0x2e
 711 0087 01       		.byte	0x1
 712 0088 3F       		.uleb128 0x3f
 713 0089 19       		.uleb128 0x19
 714 008a 03       		.uleb128 0x3
 715 008b 0E       		.uleb128 0xe
 716 008c 3A       		.uleb128 0x3a
 717 008d 0B       		.uleb128 0xb
 718 008e 3B       		.uleb128 0x3b
 719 008f 0B       		.uleb128 0xb
 720 0090 27       		.uleb128 0x27
 721 0091 19       		.uleb128 0x19
 722 0092 49       		.uleb128 0x49
 723 0093 13       		.uleb128 0x13
 724 0094 11       		.uleb128 0x11
 725 0095 01       		.uleb128 0x1
 726 0096 12       		.uleb128 0x12
 727 0097 06       		.uleb128 0x6
 728 0098 40       		.uleb128 0x40
 729 0099 18       		.uleb128 0x18
 730 009a 9742     		.uleb128 0x2117
 731 009c 19       		.uleb128 0x19
 732 009d 01       		.uleb128 0x1
 733 009e 13       		.uleb128 0x13
 734 009f 00       		.byte	0
 735 00a0 00       		.byte	0
 736 00a1 0D       		.uleb128 0xd
 737 00a2 05       		.uleb128 0x5
 738 00a3 00       		.byte	0
 739 00a4 03       		.uleb128 0x3
 740 00a5 08       		.uleb128 0x8
 741 00a6 3A       		.uleb128 0x3a
 742 00a7 0B       		.uleb128 0xb
 743 00a8 3B       		.uleb128 0x3b
 744 00a9 0B       		.uleb128 0xb
 745 00aa 49       		.uleb128 0x49
 746 00ab 13       		.uleb128 0x13
 747 00ac 02       		.uleb128 0x2
 748 00ad 17       		.uleb128 0x17
 749 00ae 00       		.byte	0
 750 00af 00       		.byte	0
 751 00b0 0E       		.uleb128 0xe
 752 00b1 05       		.uleb128 0x5
 753 00b2 00       		.byte	0
 754 00b3 03       		.uleb128 0x3
 755 00b4 0E       		.uleb128 0xe
 756 00b5 3A       		.uleb128 0x3a
 757 00b6 0B       		.uleb128 0xb
ARM GAS  C:\Users\IVYLIU~1\AppData\Local\Temp\ccv7TrJu.s 			page 17


 758 00b7 3B       		.uleb128 0x3b
 759 00b8 0B       		.uleb128 0xb
 760 00b9 49       		.uleb128 0x49
 761 00ba 13       		.uleb128 0x13
 762 00bb 02       		.uleb128 0x2
 763 00bc 18       		.uleb128 0x18
 764 00bd 00       		.byte	0
 765 00be 00       		.byte	0
 766 00bf 0F       		.uleb128 0xf
 767 00c0 34       		.uleb128 0x34
 768 00c1 00       		.byte	0
 769 00c2 03       		.uleb128 0x3
 770 00c3 0E       		.uleb128 0xe
 771 00c4 3A       		.uleb128 0x3a
 772 00c5 0B       		.uleb128 0xb
 773 00c6 3B       		.uleb128 0x3b
 774 00c7 0B       		.uleb128 0xb
 775 00c8 49       		.uleb128 0x49
 776 00c9 13       		.uleb128 0x13
 777 00ca 02       		.uleb128 0x2
 778 00cb 17       		.uleb128 0x17
 779 00cc 00       		.byte	0
 780 00cd 00       		.byte	0
 781 00ce 10       		.uleb128 0x10
 782 00cf 34       		.uleb128 0x34
 783 00d0 00       		.byte	0
 784 00d1 03       		.uleb128 0x3
 785 00d2 0E       		.uleb128 0xe
 786 00d3 3A       		.uleb128 0x3a
 787 00d4 0B       		.uleb128 0xb
 788 00d5 3B       		.uleb128 0x3b
 789 00d6 0B       		.uleb128 0xb
 790 00d7 49       		.uleb128 0x49
 791 00d8 13       		.uleb128 0x13
 792 00d9 3F       		.uleb128 0x3f
 793 00da 19       		.uleb128 0x19
 794 00db 3C       		.uleb128 0x3c
 795 00dc 19       		.uleb128 0x19
 796 00dd 00       		.byte	0
 797 00de 00       		.byte	0
 798 00df 11       		.uleb128 0x11
 799 00e0 13       		.uleb128 0x13
 800 00e1 01       		.byte	0x1
 801 00e2 0B       		.uleb128 0xb
 802 00e3 0B       		.uleb128 0xb
 803 00e4 3A       		.uleb128 0x3a
 804 00e5 0B       		.uleb128 0xb
 805 00e6 3B       		.uleb128 0x3b
 806 00e7 0B       		.uleb128 0xb
 807 00e8 01       		.uleb128 0x1
 808 00e9 13       		.uleb128 0x13
 809 00ea 00       		.byte	0
 810 00eb 00       		.byte	0
 811 00ec 12       		.uleb128 0x12
 812 00ed 0D       		.uleb128 0xd
 813 00ee 00       		.byte	0
 814 00ef 03       		.uleb128 0x3
ARM GAS  C:\Users\IVYLIU~1\AppData\Local\Temp\ccv7TrJu.s 			page 18


 815 00f0 0E       		.uleb128 0xe
 816 00f1 3A       		.uleb128 0x3a
 817 00f2 0B       		.uleb128 0xb
 818 00f3 3B       		.uleb128 0x3b
 819 00f4 0B       		.uleb128 0xb
 820 00f5 49       		.uleb128 0x49
 821 00f6 13       		.uleb128 0x13
 822 00f7 38       		.uleb128 0x38
 823 00f8 0B       		.uleb128 0xb
 824 00f9 00       		.byte	0
 825 00fa 00       		.byte	0
 826 00fb 13       		.uleb128 0x13
 827 00fc 13       		.uleb128 0x13
 828 00fd 01       		.byte	0x1
 829 00fe 0B       		.uleb128 0xb
 830 00ff 0B       		.uleb128 0xb
 831 0100 3A       		.uleb128 0x3a
 832 0101 0B       		.uleb128 0xb
 833 0102 3B       		.uleb128 0x3b
 834 0103 0B       		.uleb128 0xb
 835 0104 00       		.byte	0
 836 0105 00       		.byte	0
 837 0106 14       		.uleb128 0x14
 838 0107 0D       		.uleb128 0xd
 839 0108 00       		.byte	0
 840 0109 03       		.uleb128 0x3
 841 010a 08       		.uleb128 0x8
 842 010b 3A       		.uleb128 0x3a
 843 010c 0B       		.uleb128 0xb
 844 010d 3B       		.uleb128 0x3b
 845 010e 0B       		.uleb128 0xb
 846 010f 49       		.uleb128 0x49
 847 0110 13       		.uleb128 0x13
 848 0111 38       		.uleb128 0x38
 849 0112 0B       		.uleb128 0xb
 850 0113 00       		.byte	0
 851 0114 00       		.byte	0
 852 0115 00       		.byte	0
 853              		.section	.debug_loc,"",%progbits
 854              	.Ldebug_loc0:
 855              	.LLST0:
 856 0000 00000000 		.4byte	.LVL0
 857 0004 50000000 		.4byte	.LVL1
 858 0008 0100     		.2byte	0x1
 859 000a 50       		.byte	0x50
 860 000b 50000000 		.4byte	.LVL1
 861 000f 52000000 		.4byte	.LVL2
 862 0013 0400     		.2byte	0x4
 863 0015 F3       		.byte	0xf3
 864 0016 01       		.uleb128 0x1
 865 0017 50       		.byte	0x50
 866 0018 9F       		.byte	0x9f
 867 0019 52000000 		.4byte	.LVL2
 868 001d 62000000 		.4byte	.LVL3
 869 0021 0100     		.2byte	0x1
 870 0023 50       		.byte	0x50
 871 0024 62000000 		.4byte	.LVL3
ARM GAS  C:\Users\IVYLIU~1\AppData\Local\Temp\ccv7TrJu.s 			page 19


 872 0028 64000000 		.4byte	.LVL4
 873 002c 0400     		.2byte	0x4
 874 002e F3       		.byte	0xf3
 875 002f 01       		.uleb128 0x1
 876 0030 50       		.byte	0x50
 877 0031 9F       		.byte	0x9f
 878 0032 64000000 		.4byte	.LVL4
 879 0036 74000000 		.4byte	.LVL5
 880 003a 0100     		.2byte	0x1
 881 003c 50       		.byte	0x50
 882 003d 74000000 		.4byte	.LVL5
 883 0041 76000000 		.4byte	.LVL6
 884 0045 0400     		.2byte	0x4
 885 0047 F3       		.byte	0xf3
 886 0048 01       		.uleb128 0x1
 887 0049 50       		.byte	0x50
 888 004a 9F       		.byte	0x9f
 889 004b 76000000 		.4byte	.LVL6
 890 004f 86000000 		.4byte	.LVL7
 891 0053 0100     		.2byte	0x1
 892 0055 50       		.byte	0x50
 893 0056 86000000 		.4byte	.LVL7
 894 005a 88000000 		.4byte	.LVL8
 895 005e 0400     		.2byte	0x4
 896 0060 F3       		.byte	0xf3
 897 0061 01       		.uleb128 0x1
 898 0062 50       		.byte	0x50
 899 0063 9F       		.byte	0x9f
 900 0064 88000000 		.4byte	.LVL8
 901 0068 98000000 		.4byte	.LVL9
 902 006c 0100     		.2byte	0x1
 903 006e 50       		.byte	0x50
 904 006f 98000000 		.4byte	.LVL9
 905 0073 9A000000 		.4byte	.LVL10
 906 0077 0400     		.2byte	0x4
 907 0079 F3       		.byte	0xf3
 908 007a 01       		.uleb128 0x1
 909 007b 50       		.byte	0x50
 910 007c 9F       		.byte	0x9f
 911 007d 9A000000 		.4byte	.LVL10
 912 0081 AA000000 		.4byte	.LVL11
 913 0085 0100     		.2byte	0x1
 914 0087 50       		.byte	0x50
 915 0088 AA000000 		.4byte	.LVL11
 916 008c AC000000 		.4byte	.LVL12
 917 0090 0400     		.2byte	0x4
 918 0092 F3       		.byte	0xf3
 919 0093 01       		.uleb128 0x1
 920 0094 50       		.byte	0x50
 921 0095 9F       		.byte	0x9f
 922 0096 AC000000 		.4byte	.LVL12
 923 009a BC000000 		.4byte	.LVL13
 924 009e 0100     		.2byte	0x1
 925 00a0 50       		.byte	0x50
 926 00a1 BC000000 		.4byte	.LVL13
 927 00a5 BE000000 		.4byte	.LVL14
 928 00a9 0400     		.2byte	0x4
ARM GAS  C:\Users\IVYLIU~1\AppData\Local\Temp\ccv7TrJu.s 			page 20


 929 00ab F3       		.byte	0xf3
 930 00ac 01       		.uleb128 0x1
 931 00ad 50       		.byte	0x50
 932 00ae 9F       		.byte	0x9f
 933 00af BE000000 		.4byte	.LVL14
 934 00b3 CE000000 		.4byte	.LVL15
 935 00b7 0100     		.2byte	0x1
 936 00b9 50       		.byte	0x50
 937 00ba CE000000 		.4byte	.LVL15
 938 00be D0000000 		.4byte	.LVL16
 939 00c2 0400     		.2byte	0x4
 940 00c4 F3       		.byte	0xf3
 941 00c5 01       		.uleb128 0x1
 942 00c6 50       		.byte	0x50
 943 00c7 9F       		.byte	0x9f
 944 00c8 D0000000 		.4byte	.LVL16
 945 00cc E0000000 		.4byte	.LVL17
 946 00d0 0100     		.2byte	0x1
 947 00d2 50       		.byte	0x50
 948 00d3 E0000000 		.4byte	.LVL17
 949 00d7 E2000000 		.4byte	.LVL18
 950 00db 0400     		.2byte	0x4
 951 00dd F3       		.byte	0xf3
 952 00de 01       		.uleb128 0x1
 953 00df 50       		.byte	0x50
 954 00e0 9F       		.byte	0x9f
 955 00e1 E2000000 		.4byte	.LVL18
 956 00e5 E4000000 		.4byte	.LVL19
 957 00e9 0100     		.2byte	0x1
 958 00eb 50       		.byte	0x50
 959 00ec E4000000 		.4byte	.LVL19
 960 00f0 0C010000 		.4byte	.LFE84
 961 00f4 0400     		.2byte	0x4
 962 00f6 F3       		.byte	0xf3
 963 00f7 01       		.uleb128 0x1
 964 00f8 50       		.byte	0x50
 965 00f9 9F       		.byte	0x9f
 966 00fa 00000000 		.4byte	0
 967 00fe 00000000 		.4byte	0
 968              	.LLST1:
 969 0102 00000000 		.4byte	.LVL0
 970 0106 E4000000 		.4byte	.LVL19
 971 010a 0200     		.2byte	0x2
 972 010c 30       		.byte	0x30
 973 010d 9F       		.byte	0x9f
 974 010e E4000000 		.4byte	.LVL19
 975 0112 0C010000 		.4byte	.LFE84
 976 0116 0100     		.2byte	0x1
 977 0118 50       		.byte	0x50
 978 0119 00000000 		.4byte	0
 979 011d 00000000 		.4byte	0
 980              		.section	.debug_aranges,"",%progbits
 981 0000 1C000000 		.4byte	0x1c
 982 0004 0200     		.2byte	0x2
 983 0006 00000000 		.4byte	.Ldebug_info0
 984 000a 04       		.byte	0x4
 985 000b 00       		.byte	0
ARM GAS  C:\Users\IVYLIU~1\AppData\Local\Temp\ccv7TrJu.s 			page 21


 986 000c 0000     		.2byte	0
 987 000e 0000     		.2byte	0
 988 0010 00000000 		.4byte	.LFB84
 989 0014 0C010000 		.4byte	.LFE84-.LFB84
 990 0018 00000000 		.4byte	0
 991 001c 00000000 		.4byte	0
 992              		.section	.debug_ranges,"",%progbits
 993              	.Ldebug_ranges0:
 994 0000 00000000 		.4byte	.LFB84
 995 0004 0C010000 		.4byte	.LFE84
 996 0008 00000000 		.4byte	0
 997 000c 00000000 		.4byte	0
 998              		.section	.debug_line,"",%progbits
 999              	.Ldebug_line0:
 1000 0000 22020000 		.section	.debug_str,"MS",%progbits,1
 1000      0200C401 
 1000      00000201 
 1000      FB0E0D00 
 1000      01010101 
 1001              	.LASF38:
 1002 0000 5F5F7A65 		.ascii	"__zero_table_end__\000"
 1002      726F5F74 
 1002      61626C65 
 1002      5F656E64 
 1002      5F5F00
 1003              	.LASF31:
 1004 0013 62697452 		.ascii	"bitRevLength\000"
 1004      65764C65 
 1004      6E677468 
 1004      00
 1005              	.LASF21:
 1006 0020 41524D5F 		.ascii	"ARM_MATH_LENGTH_ERROR\000"
 1006      4D415448 
 1006      5F4C454E 
 1006      4754485F 
 1006      4552524F 
 1007              	.LASF33:
 1008 0036 5F5F636F 		.ascii	"__copy_table_t\000"
 1008      70795F74 
 1008      61626C65 
 1008      5F7400
 1009              	.LASF45:
 1010 0045 61726D5F 		.ascii	"arm_cfft_sR_f64_len1024\000"
 1010      63666674 
 1010      5F73525F 
 1010      6636345F 
 1010      6C656E31 
 1011              	.LASF18:
 1012 005d 666C6F61 		.ascii	"float64_t\000"
 1012      7436345F 
 1012      7400
 1013              	.LASF41:
 1014 0067 61726D5F 		.ascii	"arm_cfft_sR_f64_len64\000"
 1014      63666674 
 1014      5F73525F 
 1014      6636345F 
 1014      6C656E36 
ARM GAS  C:\Users\IVYLIU~1\AppData\Local\Temp\ccv7TrJu.s 			page 22


 1015              	.LASF50:
 1016 007d 474E5520 		.ascii	"GNU C 4.9.3 20150303 (release) [ARM/embedded-4_9-br"
 1016      4320342E 
 1016      392E3320 
 1016      32303135 
 1016      30333033 
 1017 00b0 616E6368 		.ascii	"anch revision 221220] -mcpu=cortex-m3 -mthumb -g -O"
 1017      20726576 
 1017      6973696F 
 1017      6E203232 
 1017      31323230 
 1018 00e3 67202D73 		.ascii	"g -std=gnu99 -ffunction-sections -ffat-lto-objects\000"
 1018      74643D67 
 1018      6E753939 
 1018      202D6666 
 1018      756E6374 
 1019              	.LASF39:
 1020 0116 61726D5F 		.ascii	"arm_cfft_sR_f64_len16\000"
 1020      63666674 
 1020      5F73525F 
 1020      6636345F 
 1020      6C656E31 
 1021              	.LASF36:
 1022 012c 5F5F7A65 		.ascii	"__zero_table_t\000"
 1022      726F5F74 
 1022      61626C65 
 1022      5F7400
 1023              	.LASF51:
 1024 013b 2E5C4453 		.ascii	".\\DSP\\Source\\TransformFunctions\\arm_cfft_init_f"
 1024      505C536F 
 1024      75726365 
 1024      5C547261 
 1024      6E73666F 
 1025 016a 36342E63 		.ascii	"64.c\000"
 1025      00
 1026              	.LASF54:
 1027 016f 73746174 		.ascii	"status\000"
 1027      757300
 1028              	.LASF22:
 1029 0176 41524D5F 		.ascii	"ARM_MATH_SIZE_MISMATCH\000"
 1029      4D415448 
 1029      5F53495A 
 1029      455F4D49 
 1029      534D4154 
 1030              	.LASF30:
 1031 018d 70426974 		.ascii	"pBitRevTable\000"
 1031      52657654 
 1031      61626C65 
 1031      00
 1032              	.LASF16:
 1033 019a 666C6F61 		.ascii	"float\000"
 1033      7400
 1034              	.LASF48:
 1035 01a0 64657374 		.ascii	"dest\000"
 1035      00
 1036              	.LASF1:
 1037 01a5 756E7369 		.ascii	"unsigned char\000"
ARM GAS  C:\Users\IVYLIU~1\AppData\Local\Temp\ccv7TrJu.s 			page 23


 1037      676E6564 
 1037      20636861 
 1037      7200
 1038              	.LASF35:
 1039 01b3 5F5F636F 		.ascii	"__copy_table_end__\000"
 1039      70795F74 
 1039      61626C65 
 1039      5F656E64 
 1039      5F5F00
 1040              	.LASF7:
 1041 01c6 6C6F6E67 		.ascii	"long unsigned int\000"
 1041      20756E73 
 1041      69676E65 
 1041      6420696E 
 1041      7400
 1042              	.LASF3:
 1043 01d8 73686F72 		.ascii	"short unsigned int\000"
 1043      7420756E 
 1043      7369676E 
 1043      65642069 
 1043      6E7400
 1044              	.LASF28:
 1045 01eb 6666744C 		.ascii	"fftLen\000"
 1045      656E00
 1046              	.LASF25:
 1047 01f2 41524D5F 		.ascii	"ARM_MATH_TEST_FAILURE\000"
 1047      4D415448 
 1047      5F544553 
 1047      545F4641 
 1047      494C5552 
 1048              	.LASF5:
 1049 0208 5F5F7569 		.ascii	"__uint16_t\000"
 1049      6E743136 
 1049      5F7400
 1050              	.LASF15:
 1051 0213 646F7562 		.ascii	"double\000"
 1051      6C6500
 1052              	.LASF6:
 1053 021a 5F5F7569 		.ascii	"__uint32_t\000"
 1053      6E743332 
 1053      5F7400
 1054              	.LASF20:
 1055 0225 41524D5F 		.ascii	"ARM_MATH_ARGUMENT_ERROR\000"
 1055      4D415448 
 1055      5F415247 
 1055      554D454E 
 1055      545F4552 
 1056              	.LASF44:
 1057 023d 61726D5F 		.ascii	"arm_cfft_sR_f64_len512\000"
 1057      63666674 
 1057      5F73525F 
 1057      6636345F 
 1057      6C656E35 
 1058              	.LASF40:
 1059 0254 61726D5F 		.ascii	"arm_cfft_sR_f64_len32\000"
 1059      63666674 
 1059      5F73525F 
ARM GAS  C:\Users\IVYLIU~1\AppData\Local\Temp\ccv7TrJu.s 			page 24


 1059      6636345F 
 1059      6C656E33 
 1060              	.LASF10:
 1061 026a 756E7369 		.ascii	"unsigned int\000"
 1061      676E6564 
 1061      20696E74 
 1061      00
 1062              	.LASF46:
 1063 0277 61726D5F 		.ascii	"arm_cfft_sR_f64_len2048\000"
 1063      63666674 
 1063      5F73525F 
 1063      6636345F 
 1063      6C656E32 
 1064              	.LASF9:
 1065 028f 6C6F6E67 		.ascii	"long long unsigned int\000"
 1065      206C6F6E 
 1065      6720756E 
 1065      7369676E 
 1065      65642069 
 1066              	.LASF32:
 1067 02a6 61726D5F 		.ascii	"arm_cfft_instance_f64\000"
 1067      63666674 
 1067      5F696E73 
 1067      74616E63 
 1067      655F6636 
 1068              	.LASF47:
 1069 02bc 61726D5F 		.ascii	"arm_cfft_sR_f64_len4096\000"
 1069      63666674 
 1069      5F73525F 
 1069      6636345F 
 1069      6C656E34 
 1070              	.LASF43:
 1071 02d4 61726D5F 		.ascii	"arm_cfft_sR_f64_len256\000"
 1071      63666674 
 1071      5F73525F 
 1071      6636345F 
 1071      6C656E32 
 1072              	.LASF26:
 1073 02eb 41524D5F 		.ascii	"ARM_MATH_DECOMPOSITION_FAILURE\000"
 1073      4D415448 
 1073      5F444543 
 1073      4F4D504F 
 1073      53495449 
 1074              	.LASF13:
 1075 030a 73697A65 		.ascii	"sizetype\000"
 1075      74797065 
 1075      00
 1076              	.LASF8:
 1077 0313 6C6F6E67 		.ascii	"long long int\000"
 1077      206C6F6E 
 1077      6720696E 
 1077      7400
 1078              	.LASF42:
 1079 0321 61726D5F 		.ascii	"arm_cfft_sR_f64_len128\000"
 1079      63666674 
 1079      5F73525F 
 1079      6636345F 
ARM GAS  C:\Users\IVYLIU~1\AppData\Local\Temp\ccv7TrJu.s 			page 25


 1079      6C656E31 
 1080              	.LASF29:
 1081 0338 70547769 		.ascii	"pTwiddle\000"
 1081      64646C65 
 1081      00
 1082              	.LASF14:
 1083 0341 63686172 		.ascii	"char\000"
 1083      00
 1084              	.LASF23:
 1085 0346 41524D5F 		.ascii	"ARM_MATH_NANINF\000"
 1085      4D415448 
 1085      5F4E414E 
 1085      494E4600 
 1086              	.LASF52:
 1087 0356 5C5C766D 		.ascii	"\\\\vmware-host\\Shared Folders\\Documents\\PSoC Cr"
 1087      77617265 
 1087      2D686F73 
 1087      745C5368 
 1087      61726564 
 1088 0384 6561746F 		.ascii	"eator\\FinalProject\\SoundDetection.cydsn\000"
 1088      725C4669 
 1088      6E616C50 
 1088      726F6A65 
 1088      63745C53 
 1089              	.LASF19:
 1090 03ac 41524D5F 		.ascii	"ARM_MATH_SUCCESS\000"
 1090      4D415448 
 1090      5F535543 
 1090      43455353 
 1090      00
 1091              	.LASF49:
 1092 03bd 776C656E 		.ascii	"wlen\000"
 1092      00
 1093              	.LASF2:
 1094 03c2 73686F72 		.ascii	"short int\000"
 1094      7420696E 
 1094      7400
 1095              	.LASF11:
 1096 03cc 75696E74 		.ascii	"uint16_t\000"
 1096      31365F74 
 1096      00
 1097              	.LASF53:
 1098 03d5 61726D5F 		.ascii	"arm_cfft_init_f64\000"
 1098      63666674 
 1098      5F696E69 
 1098      745F6636 
 1098      3400
 1099              	.LASF12:
 1100 03e7 75696E74 		.ascii	"uint32_t\000"
 1100      33325F74 
 1100      00
 1101              	.LASF4:
 1102 03f0 6C6F6E67 		.ascii	"long int\000"
 1102      20696E74 
 1102      00
 1103              	.LASF17:
 1104 03f9 6C6F6E67 		.ascii	"long double\000"
ARM GAS  C:\Users\IVYLIU~1\AppData\Local\Temp\ccv7TrJu.s 			page 26


 1104      20646F75 
 1104      626C6500 
 1105              	.LASF37:
 1106 0405 5F5F7A65 		.ascii	"__zero_table_start__\000"
 1106      726F5F74 
 1106      61626C65 
 1106      5F737461 
 1106      72745F5F 
 1107              	.LASF0:
 1108 041a 7369676E 		.ascii	"signed char\000"
 1108      65642063 
 1108      68617200 
 1109              	.LASF34:
 1110 0426 5F5F636F 		.ascii	"__copy_table_start__\000"
 1110      70795F74 
 1110      61626C65 
 1110      5F737461 
 1110      72745F5F 
 1111              	.LASF27:
 1112 043b 61726D5F 		.ascii	"arm_status\000"
 1112      73746174 
 1112      757300
 1113              	.LASF24:
 1114 0446 41524D5F 		.ascii	"ARM_MATH_SINGULAR\000"
 1114      4D415448 
 1114      5F53494E 
 1114      47554C41 
 1114      5200
 1115              		.ident	"GCC: (GNU Tools for ARM Embedded Processors) 4.9.3 20150303 (release) [ARM/embedded-4_9-br
