ARM GAS  C:\Users\IVYLIU~1\AppData\Local\Temp\ccX69Znq.s 			page 1


   1              		.syntax unified
   2              		.cpu cortex-m3
   3              		.fpu softvfp
   4              		.eabi_attribute 20, 1
   5              		.eabi_attribute 21, 1
   6              		.eabi_attribute 23, 3
   7              		.eabi_attribute 24, 1
   8              		.eabi_attribute 25, 1
   9              		.eabi_attribute 26, 1
  10              		.eabi_attribute 30, 1
  11              		.eabi_attribute 34, 1
  12              		.eabi_attribute 18, 4
  13              		.thumb
  14              		.file	"arm_rfft_init_f32.c"
  15              		.text
  16              	.Ltext0:
  17              		.cfi_sections	.debug_frame
  18              		.section	.text.arm_rfft_init_f32,"ax",%progbits
  19              		.align	2
  20              		.global	arm_rfft_init_f32
  21              		.thumb
  22              		.thumb_func
  23              		.type	arm_rfft_init_f32, %function
  24              	arm_rfft_init_f32:
  25              	.LFB84:
  26              		.file 1 ".\\DSP\\Source\\TransformFunctions\\arm_rfft_init_f32.c"
   1:.\DSP\Source\TransformFunctions/arm_rfft_init_f32.c **** /* ----------------------------------------------------------------------
   2:.\DSP\Source\TransformFunctions/arm_rfft_init_f32.c ****  * Project:      CMSIS DSP Library
   3:.\DSP\Source\TransformFunctions/arm_rfft_init_f32.c ****  * Title:        arm_rfft_init_f32.c
   4:.\DSP\Source\TransformFunctions/arm_rfft_init_f32.c ****  * Description:  RFFT & RIFFT Floating point initialisation function
   5:.\DSP\Source\TransformFunctions/arm_rfft_init_f32.c ****  *
   6:.\DSP\Source\TransformFunctions/arm_rfft_init_f32.c ****  * $Date:        23 April 2021
   7:.\DSP\Source\TransformFunctions/arm_rfft_init_f32.c ****  * $Revision:    V1.9.0
   8:.\DSP\Source\TransformFunctions/arm_rfft_init_f32.c ****  *
   9:.\DSP\Source\TransformFunctions/arm_rfft_init_f32.c ****  * Target Processor: Cortex-M and Cortex-A cores
  10:.\DSP\Source\TransformFunctions/arm_rfft_init_f32.c ****  * -------------------------------------------------------------------- */
  11:.\DSP\Source\TransformFunctions/arm_rfft_init_f32.c **** /*
  12:.\DSP\Source\TransformFunctions/arm_rfft_init_f32.c ****  * Copyright (C) 2010-2021 ARM Limited or its affiliates. All rights reserved.
  13:.\DSP\Source\TransformFunctions/arm_rfft_init_f32.c ****  *
  14:.\DSP\Source\TransformFunctions/arm_rfft_init_f32.c ****  * SPDX-License-Identifier: Apache-2.0
  15:.\DSP\Source\TransformFunctions/arm_rfft_init_f32.c ****  *
  16:.\DSP\Source\TransformFunctions/arm_rfft_init_f32.c ****  * Licensed under the Apache License, Version 2.0 (the License); you may
  17:.\DSP\Source\TransformFunctions/arm_rfft_init_f32.c ****  * not use this file except in compliance with the License.
  18:.\DSP\Source\TransformFunctions/arm_rfft_init_f32.c ****  * You may obtain a copy of the License at
  19:.\DSP\Source\TransformFunctions/arm_rfft_init_f32.c ****  *
  20:.\DSP\Source\TransformFunctions/arm_rfft_init_f32.c ****  * www.apache.org/licenses/LICENSE-2.0
  21:.\DSP\Source\TransformFunctions/arm_rfft_init_f32.c ****  *
  22:.\DSP\Source\TransformFunctions/arm_rfft_init_f32.c ****  * Unless required by applicable law or agreed to in writing, software
  23:.\DSP\Source\TransformFunctions/arm_rfft_init_f32.c ****  * distributed under the License is distributed on an AS IS BASIS, WITHOUT
  24:.\DSP\Source\TransformFunctions/arm_rfft_init_f32.c ****  * WARRANTIES OR CONDITIONS OF ANY KIND, either express or implied.
  25:.\DSP\Source\TransformFunctions/arm_rfft_init_f32.c ****  * See the License for the specific language governing permissions and
  26:.\DSP\Source\TransformFunctions/arm_rfft_init_f32.c ****  * limitations under the License.
  27:.\DSP\Source\TransformFunctions/arm_rfft_init_f32.c ****  */
  28:.\DSP\Source\TransformFunctions/arm_rfft_init_f32.c **** 
  29:.\DSP\Source\TransformFunctions/arm_rfft_init_f32.c **** #include "dsp/transform_functions.h"
  30:.\DSP\Source\TransformFunctions/arm_rfft_init_f32.c **** #include "arm_common_tables.h"
  31:.\DSP\Source\TransformFunctions/arm_rfft_init_f32.c **** 
ARM GAS  C:\Users\IVYLIU~1\AppData\Local\Temp\ccX69Znq.s 			page 2


  32:.\DSP\Source\TransformFunctions/arm_rfft_init_f32.c **** 
  33:.\DSP\Source\TransformFunctions/arm_rfft_init_f32.c **** /**
  34:.\DSP\Source\TransformFunctions/arm_rfft_init_f32.c ****   @addtogroup RealFFT
  35:.\DSP\Source\TransformFunctions/arm_rfft_init_f32.c ****   @{
  36:.\DSP\Source\TransformFunctions/arm_rfft_init_f32.c ****  */
  37:.\DSP\Source\TransformFunctions/arm_rfft_init_f32.c **** 
  38:.\DSP\Source\TransformFunctions/arm_rfft_init_f32.c **** /**
  39:.\DSP\Source\TransformFunctions/arm_rfft_init_f32.c ****   @brief         Initialization function for the floating-point RFFT/RIFFT.
  40:.\DSP\Source\TransformFunctions/arm_rfft_init_f32.c ****   @deprecated    Do not use this function. It has been superceded by \ref arm_rfft_fast_init_f32 an
  41:.\DSP\Source\TransformFunctions/arm_rfft_init_f32.c ****   @param[in,out] S             points to an instance of the floating-point RFFT/RIFFT structure
  42:.\DSP\Source\TransformFunctions/arm_rfft_init_f32.c ****   @param[in,out] S_CFFT        points to an instance of the floating-point CFFT/CIFFT structure
  43:.\DSP\Source\TransformFunctions/arm_rfft_init_f32.c ****   @param[in]     fftLenReal     length of the FFT.
  44:.\DSP\Source\TransformFunctions/arm_rfft_init_f32.c ****   @param[in]     ifftFlagR      flag that selects transform direction
  45:.\DSP\Source\TransformFunctions/arm_rfft_init_f32.c ****                    - value = 0: forward transform
  46:.\DSP\Source\TransformFunctions/arm_rfft_init_f32.c ****                    - value = 1: inverse transform
  47:.\DSP\Source\TransformFunctions/arm_rfft_init_f32.c ****   @param[in]     bitReverseFlag flag that enables / disables bit reversal of output
  48:.\DSP\Source\TransformFunctions/arm_rfft_init_f32.c ****                    - value = 0: disables bit reversal of output
  49:.\DSP\Source\TransformFunctions/arm_rfft_init_f32.c ****                    - value = 1: enables bit reversal of output
  50:.\DSP\Source\TransformFunctions/arm_rfft_init_f32.c ****   @return        execution status
  51:.\DSP\Source\TransformFunctions/arm_rfft_init_f32.c ****                    - \ref ARM_MATH_SUCCESS        : Operation successful
  52:.\DSP\Source\TransformFunctions/arm_rfft_init_f32.c ****                    - \ref ARM_MATH_ARGUMENT_ERROR : <code>fftLenReal</code> is not a supported leng
  53:.\DSP\Source\TransformFunctions/arm_rfft_init_f32.c **** 
  54:.\DSP\Source\TransformFunctions/arm_rfft_init_f32.c ****   @par Description
  55:.\DSP\Source\TransformFunctions/arm_rfft_init_f32.c ****                    The parameter <code>fftLenReal</code>specifies length of RFFT/RIFFT Process.
  56:.\DSP\Source\TransformFunctions/arm_rfft_init_f32.c ****                    Supported FFT Lengths are 128, 512, 2048.
  57:.\DSP\Source\TransformFunctions/arm_rfft_init_f32.c ****   @par
  58:.\DSP\Source\TransformFunctions/arm_rfft_init_f32.c ****                    The parameter <code>ifftFlagR</code> controls whether a forward or inverse trans
  59:.\DSP\Source\TransformFunctions/arm_rfft_init_f32.c ****                    Set(=1) ifftFlagR to calculate RIFFT, otherwise RFFT is calculated.
  60:.\DSP\Source\TransformFunctions/arm_rfft_init_f32.c ****   @par
  61:.\DSP\Source\TransformFunctions/arm_rfft_init_f32.c ****                    The parameter <code>bitReverseFlag</code> controls whether output is in normal o
  62:.\DSP\Source\TransformFunctions/arm_rfft_init_f32.c ****                    Set(=1) bitReverseFlag for output to be in normal order otherwise output is in b
  63:.\DSP\Source\TransformFunctions/arm_rfft_init_f32.c ****   @par
  64:.\DSP\Source\TransformFunctions/arm_rfft_init_f32.c ****                    This function also initializes Twiddle factor table.
  65:.\DSP\Source\TransformFunctions/arm_rfft_init_f32.c ****  */
  66:.\DSP\Source\TransformFunctions/arm_rfft_init_f32.c **** 
  67:.\DSP\Source\TransformFunctions/arm_rfft_init_f32.c **** arm_status arm_rfft_init_f32(
  68:.\DSP\Source\TransformFunctions/arm_rfft_init_f32.c ****   arm_rfft_instance_f32 * S,
  69:.\DSP\Source\TransformFunctions/arm_rfft_init_f32.c ****   arm_cfft_radix4_instance_f32 * S_CFFT,
  70:.\DSP\Source\TransformFunctions/arm_rfft_init_f32.c ****   uint32_t fftLenReal,
  71:.\DSP\Source\TransformFunctions/arm_rfft_init_f32.c ****   uint32_t ifftFlagR,
  72:.\DSP\Source\TransformFunctions/arm_rfft_init_f32.c ****   uint32_t bitReverseFlag)
  73:.\DSP\Source\TransformFunctions/arm_rfft_init_f32.c **** {
  27              		.loc 1 73 0
  28              		.cfi_startproc
  29              		@ args = 4, pretend = 0, frame = 0
  30              		@ frame_needed = 0, uses_anonymous_args = 0
  31              	.LVL0:
  32 0000 38B5     		push	{r3, r4, r5, lr}
  33              		.cfi_def_cfa_offset 16
  34              		.cfi_offset 3, -16
  35              		.cfi_offset 4, -12
  36              		.cfi_offset 5, -8
  37              		.cfi_offset 14, -4
  38 0002 0C46     		mov	r4, r1
  39              	.LVL1:
  74:.\DSP\Source\TransformFunctions/arm_rfft_init_f32.c ****    /*  Initialise the default arm status */
  75:.\DSP\Source\TransformFunctions/arm_rfft_init_f32.c ****   arm_status status = ARM_MATH_ARGUMENT_ERROR;
ARM GAS  C:\Users\IVYLIU~1\AppData\Local\Temp\ccX69Znq.s 			page 3


  76:.\DSP\Source\TransformFunctions/arm_rfft_init_f32.c **** 
  77:.\DSP\Source\TransformFunctions/arm_rfft_init_f32.c **** #if !defined(ARM_DSP_CONFIG_TABLES) || defined(ARM_FFT_ALLOW_TABLES)
  78:.\DSP\Source\TransformFunctions/arm_rfft_init_f32.c **** 
  79:.\DSP\Source\TransformFunctions/arm_rfft_init_f32.c **** #if !defined(ARM_DSP_CONFIG_TABLES) || defined(ARM_ALL_FFT_TABLES) || defined(ARM_TABLE_REALCOEF_F3
  80:.\DSP\Source\TransformFunctions/arm_rfft_init_f32.c **** 
  81:.\DSP\Source\TransformFunctions/arm_rfft_init_f32.c ****   /*  Initialise the default arm status */
  82:.\DSP\Source\TransformFunctions/arm_rfft_init_f32.c ****   status = ARM_MATH_SUCCESS;
  83:.\DSP\Source\TransformFunctions/arm_rfft_init_f32.c **** 
  84:.\DSP\Source\TransformFunctions/arm_rfft_init_f32.c ****   /*  Initialize the Real FFT length */
  85:.\DSP\Source\TransformFunctions/arm_rfft_init_f32.c ****   S->fftLenReal = (uint16_t) fftLenReal;
  40              		.loc 1 85 0
  41 0004 92B2     		uxth	r2, r2
  42              	.LVL2:
  43 0006 0260     		str	r2, [r0]
  86:.\DSP\Source\TransformFunctions/arm_rfft_init_f32.c **** 
  87:.\DSP\Source\TransformFunctions/arm_rfft_init_f32.c ****   /*  Initialize the Complex FFT length */
  88:.\DSP\Source\TransformFunctions/arm_rfft_init_f32.c ****   S->fftLenBy2 = (uint16_t) fftLenReal / 2U;
  44              		.loc 1 88 0
  45 0008 5108     		lsrs	r1, r2, #1
  46              	.LVL3:
  47 000a 8180     		strh	r1, [r0, #4]	@ movhi
  89:.\DSP\Source\TransformFunctions/arm_rfft_init_f32.c **** 
  90:.\DSP\Source\TransformFunctions/arm_rfft_init_f32.c ****   /*  Initialize the Twiddle coefficientA pointer */
  91:.\DSP\Source\TransformFunctions/arm_rfft_init_f32.c ****   S->pTwiddleAReal = (float32_t *) realCoefA;
  48              		.loc 1 91 0
  49 000c 1A4D     		ldr	r5, .L12
  50 000e C560     		str	r5, [r0, #12]
  92:.\DSP\Source\TransformFunctions/arm_rfft_init_f32.c **** 
  93:.\DSP\Source\TransformFunctions/arm_rfft_init_f32.c ****   /*  Initialize the Twiddle coefficientB pointer */
  94:.\DSP\Source\TransformFunctions/arm_rfft_init_f32.c ****   S->pTwiddleBReal = (float32_t *) realCoefB;
  51              		.loc 1 94 0
  52 0010 1A4D     		ldr	r5, .L12+4
  53 0012 0561     		str	r5, [r0, #16]
  95:.\DSP\Source\TransformFunctions/arm_rfft_init_f32.c **** 
  96:.\DSP\Source\TransformFunctions/arm_rfft_init_f32.c ****   /*  Initialize the Flag for selection of RFFT or RIFFT */
  97:.\DSP\Source\TransformFunctions/arm_rfft_init_f32.c ****   S->ifftFlagR = (uint8_t) ifftFlagR;
  54              		.loc 1 97 0
  55 0014 DBB2     		uxtb	r3, r3
  56              	.LVL4:
  57 0016 8371     		strb	r3, [r0, #6]
  98:.\DSP\Source\TransformFunctions/arm_rfft_init_f32.c **** 
  99:.\DSP\Source\TransformFunctions/arm_rfft_init_f32.c ****   /*  Initialize the Flag for calculation Bit reversal or not */
 100:.\DSP\Source\TransformFunctions/arm_rfft_init_f32.c ****   S->bitReverseFlagR = (uint8_t) bitReverseFlag;
  58              		.loc 1 100 0
  59 0018 9DF81050 		ldrb	r5, [sp, #16]	@ zero_extendqisi2
  60 001c C571     		strb	r5, [r0, #7]
 101:.\DSP\Source\TransformFunctions/arm_rfft_init_f32.c **** 
 102:.\DSP\Source\TransformFunctions/arm_rfft_init_f32.c ****   /*  Initializations of structure parameters depending on the FFT length */
 103:.\DSP\Source\TransformFunctions/arm_rfft_init_f32.c ****   switch (S->fftLenReal)
  61              		.loc 1 103 0
  62 001e B2F5007F 		cmp	r2, #512
  63 0022 11D0     		beq	.L3
  64 0024 02D8     		bhi	.L4
  65 0026 802A     		cmp	r2, #128
  66 0028 12D0     		beq	.L5
  67 002a 15E0     		b	.L10
  68              	.L4:
ARM GAS  C:\Users\IVYLIU~1\AppData\Local\Temp\ccX69Znq.s 			page 4


  69 002c B2F5006F 		cmp	r2, #2048
  70 0030 06D0     		beq	.L6
  71 0032 B2F5005F 		cmp	r2, #8192
  72 0036 0FD1     		bne	.L10
 104:.\DSP\Source\TransformFunctions/arm_rfft_init_f32.c ****   {
 105:.\DSP\Source\TransformFunctions/arm_rfft_init_f32.c ****     /* Init table modifier value */
 106:.\DSP\Source\TransformFunctions/arm_rfft_init_f32.c ****   case 8192U:
 107:.\DSP\Source\TransformFunctions/arm_rfft_init_f32.c ****     S->twidCoefRModifier = 1U;
  73              		.loc 1 107 0
  74 0038 0122     		movs	r2, #1
  75 003a 8260     		str	r2, [r0, #8]
  82:.\DSP\Source\TransformFunctions/arm_rfft_init_f32.c **** 
  76              		.loc 1 82 0
  77 003c 0025     		movs	r5, #0
 108:.\DSP\Source\TransformFunctions/arm_rfft_init_f32.c ****     break;
  78              		.loc 1 108 0
  79 003e 0CE0     		b	.L2
  80              	.L6:
 109:.\DSP\Source\TransformFunctions/arm_rfft_init_f32.c ****   case 2048U:
 110:.\DSP\Source\TransformFunctions/arm_rfft_init_f32.c ****     S->twidCoefRModifier = 4U;
  81              		.loc 1 110 0
  82 0040 0422     		movs	r2, #4
  83 0042 8260     		str	r2, [r0, #8]
  82:.\DSP\Source\TransformFunctions/arm_rfft_init_f32.c **** 
  84              		.loc 1 82 0
  85 0044 0025     		movs	r5, #0
 111:.\DSP\Source\TransformFunctions/arm_rfft_init_f32.c ****     break;
  86              		.loc 1 111 0
  87 0046 08E0     		b	.L2
  88              	.L3:
 112:.\DSP\Source\TransformFunctions/arm_rfft_init_f32.c ****   case 512U:
 113:.\DSP\Source\TransformFunctions/arm_rfft_init_f32.c ****     S->twidCoefRModifier = 16U;
  89              		.loc 1 113 0
  90 0048 1022     		movs	r2, #16
  91 004a 8260     		str	r2, [r0, #8]
  82:.\DSP\Source\TransformFunctions/arm_rfft_init_f32.c **** 
  92              		.loc 1 82 0
  93 004c 0025     		movs	r5, #0
 114:.\DSP\Source\TransformFunctions/arm_rfft_init_f32.c ****     break;
  94              		.loc 1 114 0
  95 004e 04E0     		b	.L2
  96              	.L5:
 115:.\DSP\Source\TransformFunctions/arm_rfft_init_f32.c ****   case 128U:
 116:.\DSP\Source\TransformFunctions/arm_rfft_init_f32.c ****     S->twidCoefRModifier = 64U;
  97              		.loc 1 116 0
  98 0050 4022     		movs	r2, #64
  99 0052 8260     		str	r2, [r0, #8]
  82:.\DSP\Source\TransformFunctions/arm_rfft_init_f32.c **** 
 100              		.loc 1 82 0
 101 0054 0025     		movs	r5, #0
 117:.\DSP\Source\TransformFunctions/arm_rfft_init_f32.c ****     break;
 102              		.loc 1 117 0
 103 0056 00E0     		b	.L2
 104              	.L10:
 118:.\DSP\Source\TransformFunctions/arm_rfft_init_f32.c ****   default:
 119:.\DSP\Source\TransformFunctions/arm_rfft_init_f32.c ****     /*  Reporting argument error if rfftSize is not valid value */
 120:.\DSP\Source\TransformFunctions/arm_rfft_init_f32.c ****     status = ARM_MATH_ARGUMENT_ERROR;
ARM GAS  C:\Users\IVYLIU~1\AppData\Local\Temp\ccX69Znq.s 			page 5


 105              		.loc 1 120 0
 106 0058 FF25     		movs	r5, #255
 107              	.L2:
 108              	.LVL5:
 121:.\DSP\Source\TransformFunctions/arm_rfft_init_f32.c ****     break;
 122:.\DSP\Source\TransformFunctions/arm_rfft_init_f32.c ****   }
 123:.\DSP\Source\TransformFunctions/arm_rfft_init_f32.c **** 
 124:.\DSP\Source\TransformFunctions/arm_rfft_init_f32.c ****   /* Init Complex FFT Instance */
 125:.\DSP\Source\TransformFunctions/arm_rfft_init_f32.c ****   S->pCfft = S_CFFT;
 109              		.loc 1 125 0
 110 005a 4461     		str	r4, [r0, #20]
 126:.\DSP\Source\TransformFunctions/arm_rfft_init_f32.c **** 
 127:.\DSP\Source\TransformFunctions/arm_rfft_init_f32.c ****   if (S->ifftFlagR)
 111              		.loc 1 127 0
 112 005c 2BB1     		cbz	r3, .L8
 128:.\DSP\Source\TransformFunctions/arm_rfft_init_f32.c ****   {
 129:.\DSP\Source\TransformFunctions/arm_rfft_init_f32.c ****     /* Initializes the CIFFT Module for fftLenreal/2 length */
 130:.\DSP\Source\TransformFunctions/arm_rfft_init_f32.c ****     arm_cfft_radix4_init_f32(S->pCfft, S->fftLenBy2, 1U, 0U);
 113              		.loc 1 130 0
 114 005e 2046     		mov	r0, r4
 115              	.LVL6:
 116 0060 0122     		movs	r2, #1
 117 0062 0023     		movs	r3, #0
 118 0064 FFF7FEFF 		bl	arm_cfft_radix4_init_f32
 119              	.LVL7:
 120 0068 04E0     		b	.L9
 121              	.LVL8:
 122              	.L8:
 131:.\DSP\Source\TransformFunctions/arm_rfft_init_f32.c ****   }
 132:.\DSP\Source\TransformFunctions/arm_rfft_init_f32.c ****   else
 133:.\DSP\Source\TransformFunctions/arm_rfft_init_f32.c ****   {
 134:.\DSP\Source\TransformFunctions/arm_rfft_init_f32.c ****     /* Initializes the CFFT Module for fftLenreal/2 length */
 135:.\DSP\Source\TransformFunctions/arm_rfft_init_f32.c ****     arm_cfft_radix4_init_f32(S->pCfft, S->fftLenBy2, 0U, 0U);
 123              		.loc 1 135 0
 124 006a 2046     		mov	r0, r4
 125              	.LVL9:
 126 006c 0022     		movs	r2, #0
 127 006e 1346     		mov	r3, r2
 128 0070 FFF7FEFF 		bl	arm_cfft_radix4_init_f32
 129              	.LVL10:
 130              	.L9:
 136:.\DSP\Source\TransformFunctions/arm_rfft_init_f32.c ****   }
 137:.\DSP\Source\TransformFunctions/arm_rfft_init_f32.c **** 
 138:.\DSP\Source\TransformFunctions/arm_rfft_init_f32.c **** #endif
 139:.\DSP\Source\TransformFunctions/arm_rfft_init_f32.c **** #endif
 140:.\DSP\Source\TransformFunctions/arm_rfft_init_f32.c ****   /* return the status of RFFT Init function */
 141:.\DSP\Source\TransformFunctions/arm_rfft_init_f32.c ****   return (status);
 142:.\DSP\Source\TransformFunctions/arm_rfft_init_f32.c **** 
 143:.\DSP\Source\TransformFunctions/arm_rfft_init_f32.c **** }
 131              		.loc 1 143 0
 132 0074 68B2     		sxtb	r0, r5
 133 0076 38BD     		pop	{r3, r4, r5, pc}
 134              	.LVL11:
 135              	.L13:
 136              		.align	2
 137              	.L12:
 138 0078 00000000 		.word	realCoefA
ARM GAS  C:\Users\IVYLIU~1\AppData\Local\Temp\ccX69Znq.s 			page 6


 139 007c 00000000 		.word	realCoefB
 140              		.cfi_endproc
 141              	.LFE84:
 142              		.size	arm_rfft_init_f32, .-arm_rfft_init_f32
 143              		.text
 144              	.Letext0:
 145              		.file 2 "c:\\program files (x86)\\cypress\\psoc creator\\3.3\\psoc creator\\import\\gnu\\arm\\4.9.
 146              		.file 3 "c:\\program files (x86)\\cypress\\psoc creator\\3.3\\psoc creator\\import\\gnu\\arm\\4.9.
 147              		.file 4 ".\\DSP\\Include/arm_math_types.h"
 148              		.file 5 ".\\DSP\\Include/dsp/transform_functions.h"
 149              		.file 6 ".\\Core\\Include/cmsis_gcc.h"
 150              		.file 7 ".\\DSP\\Include/arm_common_tables.h"
 151              		.section	.debug_info,"",%progbits
 152              	.Ldebug_info0:
 153 0000 DB030000 		.4byte	0x3db
 154 0004 0400     		.2byte	0x4
 155 0006 00000000 		.4byte	.Ldebug_abbrev0
 156 000a 04       		.byte	0x4
 157 000b 01       		.uleb128 0x1
 158 000c D8030000 		.4byte	.LASF59
 159 0010 01       		.byte	0x1
 160 0011 1F010000 		.4byte	.LASF60
 161 0015 ED020000 		.4byte	.LASF61
 162 0019 00000000 		.4byte	.Ldebug_ranges0+0
 163 001d 00000000 		.4byte	0
 164 0021 00000000 		.4byte	.Ldebug_line0
 165 0025 02       		.uleb128 0x2
 166 0026 01       		.byte	0x1
 167 0027 06       		.byte	0x6
 168 0028 B5000000 		.4byte	.LASF0
 169 002c 03       		.uleb128 0x3
 170 002d 3E000000 		.4byte	.LASF3
 171 0031 02       		.byte	0x2
 172 0032 1D       		.byte	0x1d
 173 0033 37000000 		.4byte	0x37
 174 0037 02       		.uleb128 0x2
 175 0038 01       		.byte	0x1
 176 0039 08       		.byte	0x8
 177 003a 82020000 		.4byte	.LASF1
 178 003e 02       		.uleb128 0x2
 179 003f 02       		.byte	0x2
 180 0040 05       		.byte	0x5
 181 0041 AA020000 		.4byte	.LASF2
 182 0045 03       		.uleb128 0x3
 183 0046 5A030000 		.4byte	.LASF4
 184 004a 02       		.byte	0x2
 185 004b 2B       		.byte	0x2b
 186 004c 50000000 		.4byte	0x50
 187 0050 02       		.uleb128 0x2
 188 0051 02       		.byte	0x2
 189 0052 07       		.byte	0x7
 190 0053 B1010000 		.4byte	.LASF5
 191 0057 02       		.uleb128 0x2
 192 0058 04       		.byte	0x4
 193 0059 05       		.byte	0x5
 194 005a D6000000 		.4byte	.LASF6
 195 005e 03       		.uleb128 0x3
ARM GAS  C:\Users\IVYLIU~1\AppData\Local\Temp\ccX69Znq.s 			page 7


 196 005f 06010000 		.4byte	.LASF7
 197 0063 02       		.byte	0x2
 198 0064 41       		.byte	0x41
 199 0065 69000000 		.4byte	0x69
 200 0069 02       		.uleb128 0x2
 201 006a 04       		.byte	0x4
 202 006b 07       		.byte	0x7
 203 006c 86010000 		.4byte	.LASF8
 204 0070 02       		.uleb128 0x2
 205 0071 08       		.byte	0x8
 206 0072 05       		.byte	0x5
 207 0073 A7000000 		.4byte	.LASF9
 208 0077 02       		.uleb128 0x2
 209 0078 08       		.byte	0x8
 210 0079 07       		.byte	0x7
 211 007a 59000000 		.4byte	.LASF10
 212 007e 04       		.uleb128 0x4
 213 007f 04       		.byte	0x4
 214 0080 05       		.byte	0x5
 215 0081 696E7400 		.ascii	"int\000"
 216 0085 02       		.uleb128 0x2
 217 0086 04       		.byte	0x4
 218 0087 07       		.byte	0x7
 219 0088 6F010000 		.4byte	.LASF11
 220 008c 03       		.uleb128 0x3
 221 008d A9030000 		.4byte	.LASF12
 222 0091 03       		.byte	0x3
 223 0092 15       		.byte	0x15
 224 0093 2C000000 		.4byte	0x2c
 225 0097 03       		.uleb128 0x3
 226 0098 EC000000 		.4byte	.LASF13
 227 009c 03       		.byte	0x3
 228 009d 21       		.byte	0x21
 229 009e 45000000 		.4byte	0x45
 230 00a2 03       		.uleb128 0x3
 231 00a3 E4020000 		.4byte	.LASF14
 232 00a7 03       		.byte	0x3
 233 00a8 2D       		.byte	0x2d
 234 00a9 5E000000 		.4byte	0x5e
 235 00ad 02       		.uleb128 0x2
 236 00ae 04       		.byte	0x4
 237 00af 07       		.byte	0x7
 238 00b0 06020000 		.4byte	.LASF15
 239 00b4 02       		.uleb128 0x2
 240 00b5 01       		.byte	0x1
 241 00b6 08       		.byte	0x8
 242 00b7 55030000 		.4byte	.LASF16
 243 00bb 02       		.uleb128 0x2
 244 00bc 08       		.byte	0x8
 245 00bd 04       		.byte	0x4
 246 00be F5000000 		.4byte	.LASF17
 247 00c2 02       		.uleb128 0x2
 248 00c3 04       		.byte	0x4
 249 00c4 04       		.byte	0x4
 250 00c5 5A020000 		.4byte	.LASF18
 251 00c9 02       		.uleb128 0x2
 252 00ca 08       		.byte	0x8
ARM GAS  C:\Users\IVYLIU~1\AppData\Local\Temp\ccX69Znq.s 			page 8


 253 00cb 04       		.byte	0x4
 254 00cc 0F020000 		.4byte	.LASF19
 255 00d0 05       		.uleb128 0x5
 256 00d1 7C030000 		.4byte	.LASF20
 257 00d5 04       		.byte	0x4
 258 00d6 2F01     		.2byte	0x12f
 259 00d8 C2000000 		.4byte	0xc2
 260 00dc 06       		.uleb128 0x6
 261 00dd 01       		.byte	0x1
 262 00de 04       		.byte	0x4
 263 00df 5802     		.2byte	0x258
 264 00e1 16010000 		.4byte	0x116
 265 00e5 07       		.uleb128 0x7
 266 00e6 48000000 		.4byte	.LASF21
 267 00ea 00       		.sleb128 0
 268 00eb 07       		.uleb128 0x7
 269 00ec B4020000 		.4byte	.LASF22
 270 00f0 7F       		.sleb128 -1
 271 00f1 07       		.uleb128 0x7
 272 00f2 3F020000 		.4byte	.LASF23
 273 00f6 7E       		.sleb128 -2
 274 00f7 07       		.uleb128 0x7
 275 00f8 65030000 		.4byte	.LASF24
 276 00fc 7D       		.sleb128 -3
 277 00fd 07       		.uleb128 0x7
 278 00fe 72020000 		.4byte	.LASF25
 279 0102 7C       		.sleb128 -4
 280 0103 07       		.uleb128 0x7
 281 0104 60020000 		.4byte	.LASF26
 282 0108 7B       		.sleb128 -5
 283 0109 07       		.uleb128 0x7
 284 010a F0010000 		.4byte	.LASF27
 285 010e 7A       		.sleb128 -6
 286 010f 07       		.uleb128 0x7
 287 0110 C4010000 		.4byte	.LASF28
 288 0114 79       		.sleb128 -7
 289 0115 00       		.byte	0
 290 0116 05       		.uleb128 0x5
 291 0117 B1030000 		.4byte	.LASF29
 292 011b 04       		.byte	0x4
 293 011c 6102     		.2byte	0x261
 294 011e DC000000 		.4byte	0xdc
 295 0122 08       		.uleb128 0x8
 296 0123 04       		.byte	0x4
 297 0124 28010000 		.4byte	0x128
 298 0128 09       		.uleb128 0x9
 299 0129 97000000 		.4byte	0x97
 300 012d 08       		.uleb128 0x8
 301 012e 04       		.byte	0x4
 302 012f 33010000 		.4byte	0x133
 303 0133 09       		.uleb128 0x9
 304 0134 D0000000 		.4byte	0xd0
 305 0138 0A       		.uleb128 0xa
 306 0139 14       		.byte	0x14
 307 013a 05       		.byte	0x5
 308 013b BA       		.byte	0xba
 309 013c A1010000 		.4byte	0x1a1
ARM GAS  C:\Users\IVYLIU~1\AppData\Local\Temp\ccX69Znq.s 			page 9


 310 0140 0B       		.uleb128 0xb
 311 0141 53010000 		.4byte	.LASF30
 312 0145 05       		.byte	0x5
 313 0146 BC       		.byte	0xbc
 314 0147 97000000 		.4byte	0x97
 315 014b 00       		.byte	0
 316 014c 0B       		.uleb128 0xb
 317 014d 7B040000 		.4byte	.LASF31
 318 0151 05       		.byte	0x5
 319 0152 BD       		.byte	0xbd
 320 0153 8C000000 		.4byte	0x8c
 321 0157 02       		.byte	0x2
 322 0158 0B       		.uleb128 0xb
 323 0159 2B020000 		.4byte	.LASF32
 324 015d 05       		.byte	0x5
 325 015e BE       		.byte	0xbe
 326 015f 8C000000 		.4byte	0x8c
 327 0163 03       		.byte	0x3
 328 0164 0B       		.uleb128 0xb
 329 0165 99030000 		.4byte	.LASF33
 330 0169 05       		.byte	0x5
 331 016a BF       		.byte	0xbf
 332 016b 2D010000 		.4byte	0x12d
 333 016f 04       		.byte	0x4
 334 0170 0B       		.uleb128 0xb
 335 0171 DF000000 		.4byte	.LASF34
 336 0175 05       		.byte	0x5
 337 0176 C0       		.byte	0xc0
 338 0177 22010000 		.4byte	0x122
 339 017b 08       		.byte	0x8
 340 017c 0B       		.uleb128 0xb
 341 017d BC030000 		.4byte	.LASF35
 342 0181 05       		.byte	0x5
 343 0182 C1       		.byte	0xc1
 344 0183 97000000 		.4byte	0x97
 345 0187 0C       		.byte	0xc
 346 0188 0B       		.uleb128 0xb
 347 0189 E3010000 		.4byte	.LASF36
 348 018d 05       		.byte	0x5
 349 018e C2       		.byte	0xc2
 350 018f 97000000 		.4byte	0x97
 351 0193 0E       		.byte	0xe
 352 0194 0B       		.uleb128 0xb
 353 0195 90020000 		.4byte	.LASF37
 354 0199 05       		.byte	0x5
 355 019a C3       		.byte	0xc3
 356 019b D0000000 		.4byte	0xd0
 357 019f 10       		.byte	0x10
 358 01a0 00       		.byte	0
 359 01a1 03       		.uleb128 0x3
 360 01a2 70000000 		.4byte	.LASF38
 361 01a6 05       		.byte	0x5
 362 01a7 C4       		.byte	0xc4
 363 01a8 38010000 		.4byte	0x138
 364 01ac 0C       		.uleb128 0xc
 365 01ad 18       		.byte	0x18
 366 01ae 05       		.byte	0x5
ARM GAS  C:\Users\IVYLIU~1\AppData\Local\Temp\ccX69Znq.s 			page 10


 367 01af 8001     		.2byte	0x180
 368 01b1 1E020000 		.4byte	0x21e
 369 01b5 0D       		.uleb128 0xd
 370 01b6 CD030000 		.4byte	.LASF39
 371 01ba 05       		.byte	0x5
 372 01bb 8201     		.2byte	0x182
 373 01bd A2000000 		.4byte	0xa2
 374 01c1 00       		.byte	0
 375 01c2 0D       		.uleb128 0xd
 376 01c3 00000000 		.4byte	.LASF40
 377 01c7 05       		.byte	0x5
 378 01c8 8301     		.2byte	0x183
 379 01ca 97000000 		.4byte	0x97
 380 01ce 04       		.byte	0x4
 381 01cf 0D       		.uleb128 0xd
 382 01d0 FC000000 		.4byte	.LASF41
 383 01d4 05       		.byte	0x5
 384 01d5 8401     		.2byte	0x184
 385 01d7 8C000000 		.4byte	0x8c
 386 01db 06       		.byte	0x6
 387 01dc 0D       		.uleb128 0xd
 388 01dd 1B020000 		.4byte	.LASF42
 389 01e1 05       		.byte	0x5
 390 01e2 8501     		.2byte	0x185
 391 01e4 8C000000 		.4byte	0x8c
 392 01e8 07       		.byte	0x7
 393 01e9 0D       		.uleb128 0xd
 394 01ea 43030000 		.4byte	.LASF43
 395 01ee 05       		.byte	0x5
 396 01ef 8601     		.2byte	0x186
 397 01f1 A2000000 		.4byte	0xa2
 398 01f5 08       		.byte	0x8
 399 01f6 0D       		.uleb128 0xd
 400 01f7 9C020000 		.4byte	.LASF44
 401 01fb 05       		.byte	0x5
 402 01fc 8701     		.2byte	0x187
 403 01fe 2D010000 		.4byte	0x12d
 404 0202 0C       		.byte	0xc
 405 0203 0D       		.uleb128 0xd
 406 0204 11010000 		.4byte	.LASF45
 407 0208 05       		.byte	0x5
 408 0209 8801     		.2byte	0x188
 409 020b 2D010000 		.4byte	0x12d
 410 020f 10       		.byte	0x10
 411 0210 0D       		.uleb128 0xd
 412 0211 CC020000 		.4byte	.LASF46
 413 0215 05       		.byte	0x5
 414 0216 8901     		.2byte	0x189
 415 0218 1E020000 		.4byte	0x21e
 416 021c 14       		.byte	0x14
 417 021d 00       		.byte	0
 418 021e 08       		.uleb128 0x8
 419 021f 04       		.byte	0x4
 420 0220 A1010000 		.4byte	0x1a1
 421 0224 05       		.uleb128 0x5
 422 0225 19000000 		.4byte	.LASF47
 423 0229 05       		.byte	0x5
ARM GAS  C:\Users\IVYLIU~1\AppData\Local\Temp\ccX69Znq.s 			page 11


 424 022a 8A01     		.2byte	0x18a
 425 022c AC010000 		.4byte	0x1ac
 426 0230 08       		.uleb128 0x8
 427 0231 04       		.byte	0x4
 428 0232 24020000 		.4byte	0x224
 429 0236 08       		.uleb128 0x8
 430 0237 04       		.byte	0x4
 431 0238 3C020000 		.4byte	0x23c
 432 023c 09       		.uleb128 0x9
 433 023d A2000000 		.4byte	0xa2
 434 0241 0E       		.uleb128 0xe
 435 0242 D2020000 		.4byte	.LASF62
 436 0246 01       		.byte	0x1
 437 0247 43       		.byte	0x43
 438 0248 16010000 		.4byte	0x116
 439 024c 00000000 		.4byte	.LFB84
 440 0250 80000000 		.4byte	.LFE84-.LFB84
 441 0254 01       		.uleb128 0x1
 442 0255 9C       		.byte	0x9c
 443 0256 EB020000 		.4byte	0x2eb
 444 025a 0F       		.uleb128 0xf
 445 025b 5300     		.ascii	"S\000"
 446 025d 01       		.byte	0x1
 447 025e 44       		.byte	0x44
 448 025f 30020000 		.4byte	0x230
 449 0263 00000000 		.4byte	.LLST0
 450 0267 10       		.uleb128 0x10
 451 0268 8D000000 		.4byte	.LASF48
 452 026c 01       		.byte	0x1
 453 026d 45       		.byte	0x45
 454 026e 1E020000 		.4byte	0x21e
 455 0272 3A000000 		.4byte	.LLST1
 456 0276 10       		.uleb128 0x10
 457 0277 CD030000 		.4byte	.LASF39
 458 027b 01       		.byte	0x1
 459 027c 46       		.byte	0x46
 460 027d A2000000 		.4byte	0xa2
 461 0281 66000000 		.4byte	.LLST2
 462 0285 10       		.uleb128 0x10
 463 0286 FC000000 		.4byte	.LASF41
 464 028a 01       		.byte	0x1
 465 028b 47       		.byte	0x47
 466 028c A2000000 		.4byte	0xa2
 467 0290 87000000 		.4byte	.LLST3
 468 0294 10       		.uleb128 0x10
 469 0295 2B020000 		.4byte	.LASF32
 470 0299 01       		.byte	0x1
 471 029a 48       		.byte	0x48
 472 029b A2000000 		.4byte	0xa2
 473 029f A8000000 		.4byte	.LLST4
 474 02a3 11       		.uleb128 0x11
 475 02a4 A2030000 		.4byte	.LASF63
 476 02a8 01       		.byte	0x1
 477 02a9 4B       		.byte	0x4b
 478 02aa 16010000 		.4byte	0x116
 479 02ae C8000000 		.4byte	.LLST5
 480 02b2 12       		.uleb128 0x12
ARM GAS  C:\Users\IVYLIU~1\AppData\Local\Temp\ccX69Znq.s 			page 12


 481 02b3 68000000 		.4byte	.LVL7
 482 02b7 BE030000 		.4byte	0x3be
 483 02bb D0020000 		.4byte	0x2d0
 484 02bf 13       		.uleb128 0x13
 485 02c0 01       		.uleb128 0x1
 486 02c1 53       		.byte	0x53
 487 02c2 01       		.uleb128 0x1
 488 02c3 30       		.byte	0x30
 489 02c4 13       		.uleb128 0x13
 490 02c5 01       		.uleb128 0x1
 491 02c6 52       		.byte	0x52
 492 02c7 01       		.uleb128 0x1
 493 02c8 31       		.byte	0x31
 494 02c9 13       		.uleb128 0x13
 495 02ca 01       		.uleb128 0x1
 496 02cb 50       		.byte	0x50
 497 02cc 02       		.uleb128 0x2
 498 02cd 74       		.byte	0x74
 499 02ce 00       		.sleb128 0
 500 02cf 00       		.byte	0
 501 02d0 14       		.uleb128 0x14
 502 02d1 74000000 		.4byte	.LVL10
 503 02d5 BE030000 		.4byte	0x3be
 504 02d9 13       		.uleb128 0x13
 505 02da 01       		.uleb128 0x1
 506 02db 53       		.byte	0x53
 507 02dc 01       		.uleb128 0x1
 508 02dd 30       		.byte	0x30
 509 02de 13       		.uleb128 0x13
 510 02df 01       		.uleb128 0x1
 511 02e0 52       		.byte	0x52
 512 02e1 01       		.uleb128 0x1
 513 02e2 30       		.byte	0x30
 514 02e3 13       		.uleb128 0x13
 515 02e4 01       		.uleb128 0x1
 516 02e5 50       		.byte	0x50
 517 02e6 02       		.uleb128 0x2
 518 02e7 74       		.byte	0x74
 519 02e8 00       		.sleb128 0
 520 02e9 00       		.byte	0
 521 02ea 00       		.byte	0
 522 02eb 03       		.uleb128 0x3
 523 02ec 0A000000 		.4byte	.LASF49
 524 02f0 06       		.byte	0x6
 525 02f1 8B       		.byte	0x8b
 526 02f2 91030000 		.4byte	0x391
 527 02f6 08       		.uleb128 0x8
 528 02f7 04       		.byte	0x4
 529 02f8 A2000000 		.4byte	0xa2
 530 02fc 15       		.uleb128 0x15
 531 02fd 5A010000 		.4byte	.LASF50
 532 0301 06       		.byte	0x6
 533 0302 92       		.byte	0x92
 534 0303 07030000 		.4byte	0x307
 535 0307 09       		.uleb128 0x9
 536 0308 EB020000 		.4byte	0x2eb
 537 030c 15       		.uleb128 0x15
ARM GAS  C:\Users\IVYLIU~1\AppData\Local\Temp\ccX69Znq.s 			page 13


 538 030d 94000000 		.4byte	.LASF51
 539 0311 06       		.byte	0x6
 540 0312 93       		.byte	0x93
 541 0313 07030000 		.4byte	0x307
 542 0317 03       		.uleb128 0x3
 543 0318 2F000000 		.4byte	.LASF52
 544 031c 06       		.byte	0x6
 545 031d 90       		.byte	0x90
 546 031e 70030000 		.4byte	0x370
 547 0322 15       		.uleb128 0x15
 548 0323 C1000000 		.4byte	.LASF53
 549 0327 06       		.byte	0x6
 550 0328 94       		.byte	0x94
 551 0329 2D030000 		.4byte	0x32d
 552 032d 09       		.uleb128 0x9
 553 032e 17030000 		.4byte	0x317
 554 0332 15       		.uleb128 0x15
 555 0333 86030000 		.4byte	.LASF54
 556 0337 06       		.byte	0x6
 557 0338 95       		.byte	0x95
 558 0339 2D030000 		.4byte	0x32d
 559 033d 16       		.uleb128 0x16
 560 033e D0000000 		.4byte	0xd0
 561 0342 4E030000 		.4byte	0x34e
 562 0346 17       		.uleb128 0x17
 563 0347 AD000000 		.4byte	0xad
 564 034b FF1F     		.2byte	0x1fff
 565 034d 00       		.byte	0
 566 034e 18       		.uleb128 0x18
 567 034f 7C010000 		.4byte	.LASF55
 568 0353 07       		.byte	0x7
 569 0354 9201     		.2byte	0x192
 570 0356 5A030000 		.4byte	0x35a
 571 035a 09       		.uleb128 0x9
 572 035b 3D030000 		.4byte	0x33d
 573 035f 18       		.uleb128 0x18
 574 0360 71040000 		.4byte	.LASF56
 575 0364 07       		.byte	0x7
 576 0365 9301     		.2byte	0x193
 577 0367 6B030000 		.4byte	0x36b
 578 036b 09       		.uleb128 0x9
 579 036c 3D030000 		.4byte	0x33d
 580 0370 0A       		.uleb128 0xa
 581 0371 08       		.byte	0x8
 582 0372 06       		.byte	0x6
 583 0373 8D       		.byte	0x8d
 584 0374 91030000 		.4byte	0x391
 585 0378 0B       		.uleb128 0xb
 586 0379 3A020000 		.4byte	.LASF57
 587 037d 06       		.byte	0x6
 588 037e 8E       		.byte	0x8e
 589 037f F6020000 		.4byte	0x2f6
 590 0383 00       		.byte	0
 591 0384 0B       		.uleb128 0xb
 592 0385 55020000 		.4byte	.LASF58
 593 0389 06       		.byte	0x6
 594 038a 8F       		.byte	0x8f
ARM GAS  C:\Users\IVYLIU~1\AppData\Local\Temp\ccX69Znq.s 			page 14


 595 038b A2000000 		.4byte	0xa2
 596 038f 04       		.byte	0x4
 597 0390 00       		.byte	0
 598 0391 0A       		.uleb128 0xa
 599 0392 0C       		.byte	0xc
 600 0393 06       		.byte	0x6
 601 0394 87       		.byte	0x87
 602 0395 BE030000 		.4byte	0x3be
 603 0399 19       		.uleb128 0x19
 604 039a 73726300 		.ascii	"src\000"
 605 039e 06       		.byte	0x6
 606 039f 88       		.byte	0x88
 607 03a0 36020000 		.4byte	0x236
 608 03a4 00       		.byte	0
 609 03a5 0B       		.uleb128 0xb
 610 03a6 3A020000 		.4byte	.LASF57
 611 03aa 06       		.byte	0x6
 612 03ab 89       		.byte	0x89
 613 03ac F6020000 		.4byte	0x2f6
 614 03b0 04       		.byte	0x4
 615 03b1 0B       		.uleb128 0xb
 616 03b2 55020000 		.4byte	.LASF58
 617 03b6 06       		.byte	0x6
 618 03b7 8A       		.byte	0x8a
 619 03b8 A2000000 		.4byte	0xa2
 620 03bc 08       		.byte	0x8
 621 03bd 00       		.byte	0
 622 03be 1A       		.uleb128 0x1a
 623 03bf 98010000 		.4byte	.LASF64
 624 03c3 05       		.byte	0x5
 625 03c4 C9       		.byte	0xc9
 626 03c5 16010000 		.4byte	0x116
 627 03c9 1B       		.uleb128 0x1b
 628 03ca 1E020000 		.4byte	0x21e
 629 03ce 1B       		.uleb128 0x1b
 630 03cf 97000000 		.4byte	0x97
 631 03d3 1B       		.uleb128 0x1b
 632 03d4 8C000000 		.4byte	0x8c
 633 03d8 1B       		.uleb128 0x1b
 634 03d9 8C000000 		.4byte	0x8c
 635 03dd 00       		.byte	0
 636 03de 00       		.byte	0
 637              		.section	.debug_abbrev,"",%progbits
 638              	.Ldebug_abbrev0:
 639 0000 01       		.uleb128 0x1
 640 0001 11       		.uleb128 0x11
 641 0002 01       		.byte	0x1
 642 0003 25       		.uleb128 0x25
 643 0004 0E       		.uleb128 0xe
 644 0005 13       		.uleb128 0x13
 645 0006 0B       		.uleb128 0xb
 646 0007 03       		.uleb128 0x3
 647 0008 0E       		.uleb128 0xe
 648 0009 1B       		.uleb128 0x1b
 649 000a 0E       		.uleb128 0xe
 650 000b 55       		.uleb128 0x55
 651 000c 17       		.uleb128 0x17
ARM GAS  C:\Users\IVYLIU~1\AppData\Local\Temp\ccX69Znq.s 			page 15


 652 000d 11       		.uleb128 0x11
 653 000e 01       		.uleb128 0x1
 654 000f 10       		.uleb128 0x10
 655 0010 17       		.uleb128 0x17
 656 0011 00       		.byte	0
 657 0012 00       		.byte	0
 658 0013 02       		.uleb128 0x2
 659 0014 24       		.uleb128 0x24
 660 0015 00       		.byte	0
 661 0016 0B       		.uleb128 0xb
 662 0017 0B       		.uleb128 0xb
 663 0018 3E       		.uleb128 0x3e
 664 0019 0B       		.uleb128 0xb
 665 001a 03       		.uleb128 0x3
 666 001b 0E       		.uleb128 0xe
 667 001c 00       		.byte	0
 668 001d 00       		.byte	0
 669 001e 03       		.uleb128 0x3
 670 001f 16       		.uleb128 0x16
 671 0020 00       		.byte	0
 672 0021 03       		.uleb128 0x3
 673 0022 0E       		.uleb128 0xe
 674 0023 3A       		.uleb128 0x3a
 675 0024 0B       		.uleb128 0xb
 676 0025 3B       		.uleb128 0x3b
 677 0026 0B       		.uleb128 0xb
 678 0027 49       		.uleb128 0x49
 679 0028 13       		.uleb128 0x13
 680 0029 00       		.byte	0
 681 002a 00       		.byte	0
 682 002b 04       		.uleb128 0x4
 683 002c 24       		.uleb128 0x24
 684 002d 00       		.byte	0
 685 002e 0B       		.uleb128 0xb
 686 002f 0B       		.uleb128 0xb
 687 0030 3E       		.uleb128 0x3e
 688 0031 0B       		.uleb128 0xb
 689 0032 03       		.uleb128 0x3
 690 0033 08       		.uleb128 0x8
 691 0034 00       		.byte	0
 692 0035 00       		.byte	0
 693 0036 05       		.uleb128 0x5
 694 0037 16       		.uleb128 0x16
 695 0038 00       		.byte	0
 696 0039 03       		.uleb128 0x3
 697 003a 0E       		.uleb128 0xe
 698 003b 3A       		.uleb128 0x3a
 699 003c 0B       		.uleb128 0xb
 700 003d 3B       		.uleb128 0x3b
 701 003e 05       		.uleb128 0x5
 702 003f 49       		.uleb128 0x49
 703 0040 13       		.uleb128 0x13
 704 0041 00       		.byte	0
 705 0042 00       		.byte	0
 706 0043 06       		.uleb128 0x6
 707 0044 04       		.uleb128 0x4
 708 0045 01       		.byte	0x1
ARM GAS  C:\Users\IVYLIU~1\AppData\Local\Temp\ccX69Znq.s 			page 16


 709 0046 0B       		.uleb128 0xb
 710 0047 0B       		.uleb128 0xb
 711 0048 3A       		.uleb128 0x3a
 712 0049 0B       		.uleb128 0xb
 713 004a 3B       		.uleb128 0x3b
 714 004b 05       		.uleb128 0x5
 715 004c 01       		.uleb128 0x1
 716 004d 13       		.uleb128 0x13
 717 004e 00       		.byte	0
 718 004f 00       		.byte	0
 719 0050 07       		.uleb128 0x7
 720 0051 28       		.uleb128 0x28
 721 0052 00       		.byte	0
 722 0053 03       		.uleb128 0x3
 723 0054 0E       		.uleb128 0xe
 724 0055 1C       		.uleb128 0x1c
 725 0056 0D       		.uleb128 0xd
 726 0057 00       		.byte	0
 727 0058 00       		.byte	0
 728 0059 08       		.uleb128 0x8
 729 005a 0F       		.uleb128 0xf
 730 005b 00       		.byte	0
 731 005c 0B       		.uleb128 0xb
 732 005d 0B       		.uleb128 0xb
 733 005e 49       		.uleb128 0x49
 734 005f 13       		.uleb128 0x13
 735 0060 00       		.byte	0
 736 0061 00       		.byte	0
 737 0062 09       		.uleb128 0x9
 738 0063 26       		.uleb128 0x26
 739 0064 00       		.byte	0
 740 0065 49       		.uleb128 0x49
 741 0066 13       		.uleb128 0x13
 742 0067 00       		.byte	0
 743 0068 00       		.byte	0
 744 0069 0A       		.uleb128 0xa
 745 006a 13       		.uleb128 0x13
 746 006b 01       		.byte	0x1
 747 006c 0B       		.uleb128 0xb
 748 006d 0B       		.uleb128 0xb
 749 006e 3A       		.uleb128 0x3a
 750 006f 0B       		.uleb128 0xb
 751 0070 3B       		.uleb128 0x3b
 752 0071 0B       		.uleb128 0xb
 753 0072 01       		.uleb128 0x1
 754 0073 13       		.uleb128 0x13
 755 0074 00       		.byte	0
 756 0075 00       		.byte	0
 757 0076 0B       		.uleb128 0xb
 758 0077 0D       		.uleb128 0xd
 759 0078 00       		.byte	0
 760 0079 03       		.uleb128 0x3
 761 007a 0E       		.uleb128 0xe
 762 007b 3A       		.uleb128 0x3a
 763 007c 0B       		.uleb128 0xb
 764 007d 3B       		.uleb128 0x3b
 765 007e 0B       		.uleb128 0xb
ARM GAS  C:\Users\IVYLIU~1\AppData\Local\Temp\ccX69Znq.s 			page 17


 766 007f 49       		.uleb128 0x49
 767 0080 13       		.uleb128 0x13
 768 0081 38       		.uleb128 0x38
 769 0082 0B       		.uleb128 0xb
 770 0083 00       		.byte	0
 771 0084 00       		.byte	0
 772 0085 0C       		.uleb128 0xc
 773 0086 13       		.uleb128 0x13
 774 0087 01       		.byte	0x1
 775 0088 0B       		.uleb128 0xb
 776 0089 0B       		.uleb128 0xb
 777 008a 3A       		.uleb128 0x3a
 778 008b 0B       		.uleb128 0xb
 779 008c 3B       		.uleb128 0x3b
 780 008d 05       		.uleb128 0x5
 781 008e 01       		.uleb128 0x1
 782 008f 13       		.uleb128 0x13
 783 0090 00       		.byte	0
 784 0091 00       		.byte	0
 785 0092 0D       		.uleb128 0xd
 786 0093 0D       		.uleb128 0xd
 787 0094 00       		.byte	0
 788 0095 03       		.uleb128 0x3
 789 0096 0E       		.uleb128 0xe
 790 0097 3A       		.uleb128 0x3a
 791 0098 0B       		.uleb128 0xb
 792 0099 3B       		.uleb128 0x3b
 793 009a 05       		.uleb128 0x5
 794 009b 49       		.uleb128 0x49
 795 009c 13       		.uleb128 0x13
 796 009d 38       		.uleb128 0x38
 797 009e 0B       		.uleb128 0xb
 798 009f 00       		.byte	0
 799 00a0 00       		.byte	0
 800 00a1 0E       		.uleb128 0xe
 801 00a2 2E       		.uleb128 0x2e
 802 00a3 01       		.byte	0x1
 803 00a4 3F       		.uleb128 0x3f
 804 00a5 19       		.uleb128 0x19
 805 00a6 03       		.uleb128 0x3
 806 00a7 0E       		.uleb128 0xe
 807 00a8 3A       		.uleb128 0x3a
 808 00a9 0B       		.uleb128 0xb
 809 00aa 3B       		.uleb128 0x3b
 810 00ab 0B       		.uleb128 0xb
 811 00ac 27       		.uleb128 0x27
 812 00ad 19       		.uleb128 0x19
 813 00ae 49       		.uleb128 0x49
 814 00af 13       		.uleb128 0x13
 815 00b0 11       		.uleb128 0x11
 816 00b1 01       		.uleb128 0x1
 817 00b2 12       		.uleb128 0x12
 818 00b3 06       		.uleb128 0x6
 819 00b4 40       		.uleb128 0x40
 820 00b5 18       		.uleb128 0x18
 821 00b6 9742     		.uleb128 0x2117
 822 00b8 19       		.uleb128 0x19
ARM GAS  C:\Users\IVYLIU~1\AppData\Local\Temp\ccX69Znq.s 			page 18


 823 00b9 01       		.uleb128 0x1
 824 00ba 13       		.uleb128 0x13
 825 00bb 00       		.byte	0
 826 00bc 00       		.byte	0
 827 00bd 0F       		.uleb128 0xf
 828 00be 05       		.uleb128 0x5
 829 00bf 00       		.byte	0
 830 00c0 03       		.uleb128 0x3
 831 00c1 08       		.uleb128 0x8
 832 00c2 3A       		.uleb128 0x3a
 833 00c3 0B       		.uleb128 0xb
 834 00c4 3B       		.uleb128 0x3b
 835 00c5 0B       		.uleb128 0xb
 836 00c6 49       		.uleb128 0x49
 837 00c7 13       		.uleb128 0x13
 838 00c8 02       		.uleb128 0x2
 839 00c9 17       		.uleb128 0x17
 840 00ca 00       		.byte	0
 841 00cb 00       		.byte	0
 842 00cc 10       		.uleb128 0x10
 843 00cd 05       		.uleb128 0x5
 844 00ce 00       		.byte	0
 845 00cf 03       		.uleb128 0x3
 846 00d0 0E       		.uleb128 0xe
 847 00d1 3A       		.uleb128 0x3a
 848 00d2 0B       		.uleb128 0xb
 849 00d3 3B       		.uleb128 0x3b
 850 00d4 0B       		.uleb128 0xb
 851 00d5 49       		.uleb128 0x49
 852 00d6 13       		.uleb128 0x13
 853 00d7 02       		.uleb128 0x2
 854 00d8 17       		.uleb128 0x17
 855 00d9 00       		.byte	0
 856 00da 00       		.byte	0
 857 00db 11       		.uleb128 0x11
 858 00dc 34       		.uleb128 0x34
 859 00dd 00       		.byte	0
 860 00de 03       		.uleb128 0x3
 861 00df 0E       		.uleb128 0xe
 862 00e0 3A       		.uleb128 0x3a
 863 00e1 0B       		.uleb128 0xb
 864 00e2 3B       		.uleb128 0x3b
 865 00e3 0B       		.uleb128 0xb
 866 00e4 49       		.uleb128 0x49
 867 00e5 13       		.uleb128 0x13
 868 00e6 02       		.uleb128 0x2
 869 00e7 17       		.uleb128 0x17
 870 00e8 00       		.byte	0
 871 00e9 00       		.byte	0
 872 00ea 12       		.uleb128 0x12
 873 00eb 898201   		.uleb128 0x4109
 874 00ee 01       		.byte	0x1
 875 00ef 11       		.uleb128 0x11
 876 00f0 01       		.uleb128 0x1
 877 00f1 31       		.uleb128 0x31
 878 00f2 13       		.uleb128 0x13
 879 00f3 01       		.uleb128 0x1
ARM GAS  C:\Users\IVYLIU~1\AppData\Local\Temp\ccX69Znq.s 			page 19


 880 00f4 13       		.uleb128 0x13
 881 00f5 00       		.byte	0
 882 00f6 00       		.byte	0
 883 00f7 13       		.uleb128 0x13
 884 00f8 8A8201   		.uleb128 0x410a
 885 00fb 00       		.byte	0
 886 00fc 02       		.uleb128 0x2
 887 00fd 18       		.uleb128 0x18
 888 00fe 9142     		.uleb128 0x2111
 889 0100 18       		.uleb128 0x18
 890 0101 00       		.byte	0
 891 0102 00       		.byte	0
 892 0103 14       		.uleb128 0x14
 893 0104 898201   		.uleb128 0x4109
 894 0107 01       		.byte	0x1
 895 0108 11       		.uleb128 0x11
 896 0109 01       		.uleb128 0x1
 897 010a 31       		.uleb128 0x31
 898 010b 13       		.uleb128 0x13
 899 010c 00       		.byte	0
 900 010d 00       		.byte	0
 901 010e 15       		.uleb128 0x15
 902 010f 34       		.uleb128 0x34
 903 0110 00       		.byte	0
 904 0111 03       		.uleb128 0x3
 905 0112 0E       		.uleb128 0xe
 906 0113 3A       		.uleb128 0x3a
 907 0114 0B       		.uleb128 0xb
 908 0115 3B       		.uleb128 0x3b
 909 0116 0B       		.uleb128 0xb
 910 0117 49       		.uleb128 0x49
 911 0118 13       		.uleb128 0x13
 912 0119 3F       		.uleb128 0x3f
 913 011a 19       		.uleb128 0x19
 914 011b 3C       		.uleb128 0x3c
 915 011c 19       		.uleb128 0x19
 916 011d 00       		.byte	0
 917 011e 00       		.byte	0
 918 011f 16       		.uleb128 0x16
 919 0120 01       		.uleb128 0x1
 920 0121 01       		.byte	0x1
 921 0122 49       		.uleb128 0x49
 922 0123 13       		.uleb128 0x13
 923 0124 01       		.uleb128 0x1
 924 0125 13       		.uleb128 0x13
 925 0126 00       		.byte	0
 926 0127 00       		.byte	0
 927 0128 17       		.uleb128 0x17
 928 0129 21       		.uleb128 0x21
 929 012a 00       		.byte	0
 930 012b 49       		.uleb128 0x49
 931 012c 13       		.uleb128 0x13
 932 012d 2F       		.uleb128 0x2f
 933 012e 05       		.uleb128 0x5
 934 012f 00       		.byte	0
 935 0130 00       		.byte	0
 936 0131 18       		.uleb128 0x18
ARM GAS  C:\Users\IVYLIU~1\AppData\Local\Temp\ccX69Znq.s 			page 20


 937 0132 34       		.uleb128 0x34
 938 0133 00       		.byte	0
 939 0134 03       		.uleb128 0x3
 940 0135 0E       		.uleb128 0xe
 941 0136 3A       		.uleb128 0x3a
 942 0137 0B       		.uleb128 0xb
 943 0138 3B       		.uleb128 0x3b
 944 0139 05       		.uleb128 0x5
 945 013a 49       		.uleb128 0x49
 946 013b 13       		.uleb128 0x13
 947 013c 3F       		.uleb128 0x3f
 948 013d 19       		.uleb128 0x19
 949 013e 3C       		.uleb128 0x3c
 950 013f 19       		.uleb128 0x19
 951 0140 00       		.byte	0
 952 0141 00       		.byte	0
 953 0142 19       		.uleb128 0x19
 954 0143 0D       		.uleb128 0xd
 955 0144 00       		.byte	0
 956 0145 03       		.uleb128 0x3
 957 0146 08       		.uleb128 0x8
 958 0147 3A       		.uleb128 0x3a
 959 0148 0B       		.uleb128 0xb
 960 0149 3B       		.uleb128 0x3b
 961 014a 0B       		.uleb128 0xb
 962 014b 49       		.uleb128 0x49
 963 014c 13       		.uleb128 0x13
 964 014d 38       		.uleb128 0x38
 965 014e 0B       		.uleb128 0xb
 966 014f 00       		.byte	0
 967 0150 00       		.byte	0
 968 0151 1A       		.uleb128 0x1a
 969 0152 2E       		.uleb128 0x2e
 970 0153 01       		.byte	0x1
 971 0154 3F       		.uleb128 0x3f
 972 0155 19       		.uleb128 0x19
 973 0156 03       		.uleb128 0x3
 974 0157 0E       		.uleb128 0xe
 975 0158 3A       		.uleb128 0x3a
 976 0159 0B       		.uleb128 0xb
 977 015a 3B       		.uleb128 0x3b
 978 015b 0B       		.uleb128 0xb
 979 015c 27       		.uleb128 0x27
 980 015d 19       		.uleb128 0x19
 981 015e 49       		.uleb128 0x49
 982 015f 13       		.uleb128 0x13
 983 0160 3C       		.uleb128 0x3c
 984 0161 19       		.uleb128 0x19
 985 0162 00       		.byte	0
 986 0163 00       		.byte	0
 987 0164 1B       		.uleb128 0x1b
 988 0165 05       		.uleb128 0x5
 989 0166 00       		.byte	0
 990 0167 49       		.uleb128 0x49
 991 0168 13       		.uleb128 0x13
 992 0169 00       		.byte	0
 993 016a 00       		.byte	0
ARM GAS  C:\Users\IVYLIU~1\AppData\Local\Temp\ccX69Znq.s 			page 21


 994 016b 00       		.byte	0
 995              		.section	.debug_loc,"",%progbits
 996              	.Ldebug_loc0:
 997              	.LLST0:
 998 0000 00000000 		.4byte	.LVL0
 999 0004 60000000 		.4byte	.LVL6
 1000 0008 0100     		.2byte	0x1
 1001 000a 50       		.byte	0x50
 1002 000b 60000000 		.4byte	.LVL6
 1003 000f 6A000000 		.4byte	.LVL8
 1004 0013 0400     		.2byte	0x4
 1005 0015 F3       		.byte	0xf3
 1006 0016 01       		.uleb128 0x1
 1007 0017 50       		.byte	0x50
 1008 0018 9F       		.byte	0x9f
 1009 0019 6A000000 		.4byte	.LVL8
 1010 001d 6C000000 		.4byte	.LVL9
 1011 0021 0100     		.2byte	0x1
 1012 0023 50       		.byte	0x50
 1013 0024 6C000000 		.4byte	.LVL9
 1014 0028 80000000 		.4byte	.LFE84
 1015 002c 0400     		.2byte	0x4
 1016 002e F3       		.byte	0xf3
 1017 002f 01       		.uleb128 0x1
 1018 0030 50       		.byte	0x50
 1019 0031 9F       		.byte	0x9f
 1020 0032 00000000 		.4byte	0
 1021 0036 00000000 		.4byte	0
 1022              	.LLST1:
 1023 003a 00000000 		.4byte	.LVL0
 1024 003e 0A000000 		.4byte	.LVL3
 1025 0042 0100     		.2byte	0x1
 1026 0044 51       		.byte	0x51
 1027 0045 0A000000 		.4byte	.LVL3
 1028 0049 78000000 		.4byte	.LVL11
 1029 004d 0100     		.2byte	0x1
 1030 004f 54       		.byte	0x54
 1031 0050 78000000 		.4byte	.LVL11
 1032 0054 80000000 		.4byte	.LFE84
 1033 0058 0400     		.2byte	0x4
 1034 005a F3       		.byte	0xf3
 1035 005b 01       		.uleb128 0x1
 1036 005c 51       		.byte	0x51
 1037 005d 9F       		.byte	0x9f
 1038 005e 00000000 		.4byte	0
 1039 0062 00000000 		.4byte	0
 1040              	.LLST2:
 1041 0066 00000000 		.4byte	.LVL0
 1042 006a 06000000 		.4byte	.LVL2
 1043 006e 0100     		.2byte	0x1
 1044 0070 52       		.byte	0x52
 1045 0071 06000000 		.4byte	.LVL2
 1046 0075 80000000 		.4byte	.LFE84
 1047 0079 0400     		.2byte	0x4
 1048 007b F3       		.byte	0xf3
 1049 007c 01       		.uleb128 0x1
 1050 007d 52       		.byte	0x52
ARM GAS  C:\Users\IVYLIU~1\AppData\Local\Temp\ccX69Znq.s 			page 22


 1051 007e 9F       		.byte	0x9f
 1052 007f 00000000 		.4byte	0
 1053 0083 00000000 		.4byte	0
 1054              	.LLST3:
 1055 0087 00000000 		.4byte	.LVL0
 1056 008b 16000000 		.4byte	.LVL4
 1057 008f 0100     		.2byte	0x1
 1058 0091 53       		.byte	0x53
 1059 0092 16000000 		.4byte	.LVL4
 1060 0096 80000000 		.4byte	.LFE84
 1061 009a 0400     		.2byte	0x4
 1062 009c F3       		.byte	0xf3
 1063 009d 01       		.uleb128 0x1
 1064 009e 53       		.byte	0x53
 1065 009f 9F       		.byte	0x9f
 1066 00a0 00000000 		.4byte	0
 1067 00a4 00000000 		.4byte	0
 1068              	.LLST4:
 1069 00a8 00000000 		.4byte	.LVL0
 1070 00ac 78000000 		.4byte	.LVL11
 1071 00b0 0200     		.2byte	0x2
 1072 00b2 91       		.byte	0x91
 1073 00b3 00       		.sleb128 0
 1074 00b4 78000000 		.4byte	.LVL11
 1075 00b8 80000000 		.4byte	.LFE84
 1076 00bc 0200     		.2byte	0x2
 1077 00be 7D       		.byte	0x7d
 1078 00bf 00       		.sleb128 0
 1079 00c0 00000000 		.4byte	0
 1080 00c4 00000000 		.4byte	0
 1081              	.LLST5:
 1082 00c8 04000000 		.4byte	.LVL1
 1083 00cc 5A000000 		.4byte	.LVL5
 1084 00d0 0200     		.2byte	0x2
 1085 00d2 30       		.byte	0x30
 1086 00d3 9F       		.byte	0x9f
 1087 00d4 5A000000 		.4byte	.LVL5
 1088 00d8 78000000 		.4byte	.LVL11
 1089 00dc 0100     		.2byte	0x1
 1090 00de 55       		.byte	0x55
 1091 00df 78000000 		.4byte	.LVL11
 1092 00e3 80000000 		.4byte	.LFE84
 1093 00e7 0100     		.2byte	0x1
 1094 00e9 50       		.byte	0x50
 1095 00ea 00000000 		.4byte	0
 1096 00ee 00000000 		.4byte	0
 1097              		.section	.debug_aranges,"",%progbits
 1098 0000 1C000000 		.4byte	0x1c
 1099 0004 0200     		.2byte	0x2
 1100 0006 00000000 		.4byte	.Ldebug_info0
 1101 000a 04       		.byte	0x4
 1102 000b 00       		.byte	0
 1103 000c 0000     		.2byte	0
 1104 000e 0000     		.2byte	0
 1105 0010 00000000 		.4byte	.LFB84
 1106 0014 80000000 		.4byte	.LFE84-.LFB84
 1107 0018 00000000 		.4byte	0
ARM GAS  C:\Users\IVYLIU~1\AppData\Local\Temp\ccX69Znq.s 			page 23


 1108 001c 00000000 		.4byte	0
 1109              		.section	.debug_ranges,"",%progbits
 1110              	.Ldebug_ranges0:
 1111 0000 00000000 		.4byte	.LFB84
 1112 0004 80000000 		.4byte	.LFE84
 1113 0008 00000000 		.4byte	0
 1114 000c 00000000 		.4byte	0
 1115              		.section	.debug_line,"",%progbits
 1116              	.Ldebug_line0:
 1117 0000 05020000 		.section	.debug_str,"MS",%progbits,1
 1117      0200C401 
 1117      00000201 
 1117      FB0E0D00 
 1117      01010101 
 1118              	.LASF40:
 1119 0000 6666744C 		.ascii	"fftLenBy2\000"
 1119      656E4279 
 1119      3200
 1120              	.LASF49:
 1121 000a 5F5F636F 		.ascii	"__copy_table_t\000"
 1121      70795F74 
 1121      61626C65 
 1121      5F7400
 1122              	.LASF47:
 1123 0019 61726D5F 		.ascii	"arm_rfft_instance_f32\000"
 1123      72666674 
 1123      5F696E73 
 1123      74616E63 
 1123      655F6633 
 1124              	.LASF52:
 1125 002f 5F5F7A65 		.ascii	"__zero_table_t\000"
 1125      726F5F74 
 1125      61626C65 
 1125      5F7400
 1126              	.LASF3:
 1127 003e 5F5F7569 		.ascii	"__uint8_t\000"
 1127      6E74385F 
 1127      7400
 1128              	.LASF21:
 1129 0048 41524D5F 		.ascii	"ARM_MATH_SUCCESS\000"
 1129      4D415448 
 1129      5F535543 
 1129      43455353 
 1129      00
 1130              	.LASF10:
 1131 0059 6C6F6E67 		.ascii	"long long unsigned int\000"
 1131      206C6F6E 
 1131      6720756E 
 1131      7369676E 
 1131      65642069 
 1132              	.LASF38:
 1133 0070 61726D5F 		.ascii	"arm_cfft_radix4_instance_f32\000"
 1133      63666674 
 1133      5F726164 
 1133      6978345F 
 1133      696E7374 
 1134              	.LASF48:
ARM GAS  C:\Users\IVYLIU~1\AppData\Local\Temp\ccX69Znq.s 			page 24


 1135 008d 535F4346 		.ascii	"S_CFFT\000"
 1135      465400
 1136              	.LASF51:
 1137 0094 5F5F636F 		.ascii	"__copy_table_end__\000"
 1137      70795F74 
 1137      61626C65 
 1137      5F656E64 
 1137      5F5F00
 1138              	.LASF9:
 1139 00a7 6C6F6E67 		.ascii	"long long int\000"
 1139      206C6F6E 
 1139      6720696E 
 1139      7400
 1140              	.LASF0:
 1141 00b5 7369676E 		.ascii	"signed char\000"
 1141      65642063 
 1141      68617200 
 1142              	.LASF53:
 1143 00c1 5F5F7A65 		.ascii	"__zero_table_start__\000"
 1143      726F5F74 
 1143      61626C65 
 1143      5F737461 
 1143      72745F5F 
 1144              	.LASF6:
 1145 00d6 6C6F6E67 		.ascii	"long int\000"
 1145      20696E74 
 1145      00
 1146              	.LASF34:
 1147 00df 70426974 		.ascii	"pBitRevTable\000"
 1147      52657654 
 1147      61626C65 
 1147      00
 1148              	.LASF13:
 1149 00ec 75696E74 		.ascii	"uint16_t\000"
 1149      31365F74 
 1149      00
 1150              	.LASF17:
 1151 00f5 646F7562 		.ascii	"double\000"
 1151      6C6500
 1152              	.LASF41:
 1153 00fc 69666674 		.ascii	"ifftFlagR\000"
 1153      466C6167 
 1153      5200
 1154              	.LASF7:
 1155 0106 5F5F7569 		.ascii	"__uint32_t\000"
 1155      6E743332 
 1155      5F7400
 1156              	.LASF45:
 1157 0111 70547769 		.ascii	"pTwiddleBReal\000"
 1157      64646C65 
 1157      42526561 
 1157      6C00
 1158              	.LASF60:
 1159 011f 2E5C4453 		.ascii	".\\DSP\\Source\\TransformFunctions\\arm_rfft_init_f"
 1159      505C536F 
 1159      75726365 
 1159      5C547261 
ARM GAS  C:\Users\IVYLIU~1\AppData\Local\Temp\ccX69Znq.s 			page 25


 1159      6E73666F 
 1160 014e 33322E63 		.ascii	"32.c\000"
 1160      00
 1161              	.LASF30:
 1162 0153 6666744C 		.ascii	"fftLen\000"
 1162      656E00
 1163              	.LASF50:
 1164 015a 5F5F636F 		.ascii	"__copy_table_start__\000"
 1164      70795F74 
 1164      61626C65 
 1164      5F737461 
 1164      72745F5F 
 1165              	.LASF11:
 1166 016f 756E7369 		.ascii	"unsigned int\000"
 1166      676E6564 
 1166      20696E74 
 1166      00
 1167              	.LASF55:
 1168 017c 7265616C 		.ascii	"realCoefA\000"
 1168      436F6566 
 1168      4100
 1169              	.LASF8:
 1170 0186 6C6F6E67 		.ascii	"long unsigned int\000"
 1170      20756E73 
 1170      69676E65 
 1170      6420696E 
 1170      7400
 1171              	.LASF64:
 1172 0198 61726D5F 		.ascii	"arm_cfft_radix4_init_f32\000"
 1172      63666674 
 1172      5F726164 
 1172      6978345F 
 1172      696E6974 
 1173              	.LASF5:
 1174 01b1 73686F72 		.ascii	"short unsigned int\000"
 1174      7420756E 
 1174      7369676E 
 1174      65642069 
 1174      6E7400
 1175              	.LASF28:
 1176 01c4 41524D5F 		.ascii	"ARM_MATH_DECOMPOSITION_FAILURE\000"
 1176      4D415448 
 1176      5F444543 
 1176      4F4D504F 
 1176      53495449 
 1177              	.LASF36:
 1178 01e3 62697452 		.ascii	"bitRevFactor\000"
 1178      65764661 
 1178      63746F72 
 1178      00
 1179              	.LASF27:
 1180 01f0 41524D5F 		.ascii	"ARM_MATH_TEST_FAILURE\000"
 1180      4D415448 
 1180      5F544553 
 1180      545F4641 
 1180      494C5552 
 1181              	.LASF15:
ARM GAS  C:\Users\IVYLIU~1\AppData\Local\Temp\ccX69Znq.s 			page 26


 1182 0206 73697A65 		.ascii	"sizetype\000"
 1182      74797065 
 1182      00
 1183              	.LASF19:
 1184 020f 6C6F6E67 		.ascii	"long double\000"
 1184      20646F75 
 1184      626C6500 
 1185              	.LASF42:
 1186 021b 62697452 		.ascii	"bitReverseFlagR\000"
 1186      65766572 
 1186      7365466C 
 1186      61675200 
 1187              	.LASF32:
 1188 022b 62697452 		.ascii	"bitReverseFlag\000"
 1188      65766572 
 1188      7365466C 
 1188      616700
 1189              	.LASF57:
 1190 023a 64657374 		.ascii	"dest\000"
 1190      00
 1191              	.LASF23:
 1192 023f 41524D5F 		.ascii	"ARM_MATH_LENGTH_ERROR\000"
 1192      4D415448 
 1192      5F4C454E 
 1192      4754485F 
 1192      4552524F 
 1193              	.LASF58:
 1194 0255 776C656E 		.ascii	"wlen\000"
 1194      00
 1195              	.LASF18:
 1196 025a 666C6F61 		.ascii	"float\000"
 1196      7400
 1197              	.LASF26:
 1198 0260 41524D5F 		.ascii	"ARM_MATH_SINGULAR\000"
 1198      4D415448 
 1198      5F53494E 
 1198      47554C41 
 1198      5200
 1199              	.LASF25:
 1200 0272 41524D5F 		.ascii	"ARM_MATH_NANINF\000"
 1200      4D415448 
 1200      5F4E414E 
 1200      494E4600 
 1201              	.LASF1:
 1202 0282 756E7369 		.ascii	"unsigned char\000"
 1202      676E6564 
 1202      20636861 
 1202      7200
 1203              	.LASF37:
 1204 0290 6F6E6562 		.ascii	"onebyfftLen\000"
 1204      79666674 
 1204      4C656E00 
 1205              	.LASF44:
 1206 029c 70547769 		.ascii	"pTwiddleAReal\000"
 1206      64646C65 
 1206      41526561 
 1206      6C00
ARM GAS  C:\Users\IVYLIU~1\AppData\Local\Temp\ccX69Znq.s 			page 27


 1207              	.LASF2:
 1208 02aa 73686F72 		.ascii	"short int\000"
 1208      7420696E 
 1208      7400
 1209              	.LASF22:
 1210 02b4 41524D5F 		.ascii	"ARM_MATH_ARGUMENT_ERROR\000"
 1210      4D415448 
 1210      5F415247 
 1210      554D454E 
 1210      545F4552 
 1211              	.LASF46:
 1212 02cc 70436666 		.ascii	"pCfft\000"
 1212      7400
 1213              	.LASF62:
 1214 02d2 61726D5F 		.ascii	"arm_rfft_init_f32\000"
 1214      72666674 
 1214      5F696E69 
 1214      745F6633 
 1214      3200
 1215              	.LASF14:
 1216 02e4 75696E74 		.ascii	"uint32_t\000"
 1216      33325F74 
 1216      00
 1217              	.LASF61:
 1218 02ed 5C5C766D 		.ascii	"\\\\vmware-host\\Shared Folders\\Documents\\PSoC Cr"
 1218      77617265 
 1218      2D686F73 
 1218      745C5368 
 1218      61726564 
 1219 031b 6561746F 		.ascii	"eator\\FinalProject\\SoundDetection.cydsn\000"
 1219      725C4669 
 1219      6E616C50 
 1219      726F6A65 
 1219      63745C53 
 1220              	.LASF43:
 1221 0343 74776964 		.ascii	"twidCoefRModifier\000"
 1221      436F6566 
 1221      524D6F64 
 1221      69666965 
 1221      7200
 1222              	.LASF16:
 1223 0355 63686172 		.ascii	"char\000"
 1223      00
 1224              	.LASF4:
 1225 035a 5F5F7569 		.ascii	"__uint16_t\000"
 1225      6E743136 
 1225      5F7400
 1226              	.LASF24:
 1227 0365 41524D5F 		.ascii	"ARM_MATH_SIZE_MISMATCH\000"
 1227      4D415448 
 1227      5F53495A 
 1227      455F4D49 
 1227      534D4154 
 1228              	.LASF20:
 1229 037c 666C6F61 		.ascii	"float32_t\000"
 1229      7433325F 
 1229      7400
ARM GAS  C:\Users\IVYLIU~1\AppData\Local\Temp\ccX69Znq.s 			page 28


 1230              	.LASF54:
 1231 0386 5F5F7A65 		.ascii	"__zero_table_end__\000"
 1231      726F5F74 
 1231      61626C65 
 1231      5F656E64 
 1231      5F5F00
 1232              	.LASF33:
 1233 0399 70547769 		.ascii	"pTwiddle\000"
 1233      64646C65 
 1233      00
 1234              	.LASF63:
 1235 03a2 73746174 		.ascii	"status\000"
 1235      757300
 1236              	.LASF12:
 1237 03a9 75696E74 		.ascii	"uint8_t\000"
 1237      385F7400 
 1238              	.LASF29:
 1239 03b1 61726D5F 		.ascii	"arm_status\000"
 1239      73746174 
 1239      757300
 1240              	.LASF35:
 1241 03bc 74776964 		.ascii	"twidCoefModifier\000"
 1241      436F6566 
 1241      4D6F6469 
 1241      66696572 
 1241      00
 1242              	.LASF39:
 1243 03cd 6666744C 		.ascii	"fftLenReal\000"
 1243      656E5265 
 1243      616C00
 1244              	.LASF59:
 1245 03d8 474E5520 		.ascii	"GNU C 4.9.3 20150303 (release) [ARM/embedded-4_9-br"
 1245      4320342E 
 1245      392E3320 
 1245      32303135 
 1245      30333033 
 1246 040b 616E6368 		.ascii	"anch revision 221220] -mcpu=cortex-m3 -mthumb -g -O"
 1246      20726576 
 1246      6973696F 
 1246      6E203232 
 1246      31323230 
 1247 043e 67202D73 		.ascii	"g -std=gnu99 -ffunction-sections -ffat-lto-objects\000"
 1247      74643D67 
 1247      6E753939 
 1247      202D6666 
 1247      756E6374 
 1248              	.LASF56:
 1249 0471 7265616C 		.ascii	"realCoefB\000"
 1249      436F6566 
 1249      4200
 1250              	.LASF31:
 1251 047b 69666674 		.ascii	"ifftFlag\000"
 1251      466C6167 
 1251      00
 1252              		.ident	"GCC: (GNU Tools for ARM Embedded Processors) 4.9.3 20150303 (release) [ARM/embedded-4_9-br
