ARM GAS  C:\Users\IVYLIU~1\AppData\Local\Temp\ccuAT3hg.s 			page 1


   1              		.syntax unified
   2              		.cpu cortex-m3
   3              		.fpu softvfp
   4              		.eabi_attribute 20, 1
   5              		.eabi_attribute 21, 1
   6              		.eabi_attribute 23, 3
   7              		.eabi_attribute 24, 1
   8              		.eabi_attribute 25, 1
   9              		.eabi_attribute 26, 1
  10              		.eabi_attribute 30, 1
  11              		.eabi_attribute 34, 1
  12              		.eabi_attribute 18, 4
  13              		.thumb
  14              		.file	"arm_dct4_init_q31.c"
  15              		.text
  16              	.Ltext0:
  17              		.cfi_sections	.debug_frame
  18              		.section	.text.arm_dct4_init_q31,"ax",%progbits
  19              		.align	2
  20              		.global	arm_dct4_init_q31
  21              		.thumb
  22              		.thumb_func
  23              		.type	arm_dct4_init_q31, %function
  24              	arm_dct4_init_q31:
  25              	.LFB84:
  26              		.file 1 ".\\DSP\\Source\\TransformFunctions\\arm_dct4_init_q31.c"
   1:.\DSP\Source\TransformFunctions/arm_dct4_init_q31.c **** /* ----------------------------------------------------------------------
   2:.\DSP\Source\TransformFunctions/arm_dct4_init_q31.c ****  * Project:      CMSIS DSP Library
   3:.\DSP\Source\TransformFunctions/arm_dct4_init_q31.c ****  * Title:        arm_dct4_init_q31.c
   4:.\DSP\Source\TransformFunctions/arm_dct4_init_q31.c ****  * Description:  Initialization function of DCT-4 & IDCT4 Q31
   5:.\DSP\Source\TransformFunctions/arm_dct4_init_q31.c ****  *
   6:.\DSP\Source\TransformFunctions/arm_dct4_init_q31.c ****  * $Date:        23 April 2021
   7:.\DSP\Source\TransformFunctions/arm_dct4_init_q31.c ****  * $Revision:    V1.9.0
   8:.\DSP\Source\TransformFunctions/arm_dct4_init_q31.c ****  *
   9:.\DSP\Source\TransformFunctions/arm_dct4_init_q31.c ****  * Target Processor: Cortex-M and Cortex-A cores
  10:.\DSP\Source\TransformFunctions/arm_dct4_init_q31.c ****  * -------------------------------------------------------------------- */
  11:.\DSP\Source\TransformFunctions/arm_dct4_init_q31.c **** /*
  12:.\DSP\Source\TransformFunctions/arm_dct4_init_q31.c ****  * Copyright (C) 2010-2021 ARM Limited or its affiliates. All rights reserved.
  13:.\DSP\Source\TransformFunctions/arm_dct4_init_q31.c ****  *
  14:.\DSP\Source\TransformFunctions/arm_dct4_init_q31.c ****  * SPDX-License-Identifier: Apache-2.0
  15:.\DSP\Source\TransformFunctions/arm_dct4_init_q31.c ****  *
  16:.\DSP\Source\TransformFunctions/arm_dct4_init_q31.c ****  * Licensed under the Apache License, Version 2.0 (the License); you may
  17:.\DSP\Source\TransformFunctions/arm_dct4_init_q31.c ****  * not use this file except in compliance with the License.
  18:.\DSP\Source\TransformFunctions/arm_dct4_init_q31.c ****  * You may obtain a copy of the License at
  19:.\DSP\Source\TransformFunctions/arm_dct4_init_q31.c ****  *
  20:.\DSP\Source\TransformFunctions/arm_dct4_init_q31.c ****  * www.apache.org/licenses/LICENSE-2.0
  21:.\DSP\Source\TransformFunctions/arm_dct4_init_q31.c ****  *
  22:.\DSP\Source\TransformFunctions/arm_dct4_init_q31.c ****  * Unless required by applicable law or agreed to in writing, software
  23:.\DSP\Source\TransformFunctions/arm_dct4_init_q31.c ****  * distributed under the License is distributed on an AS IS BASIS, WITHOUT
  24:.\DSP\Source\TransformFunctions/arm_dct4_init_q31.c ****  * WARRANTIES OR CONDITIONS OF ANY KIND, either express or implied.
  25:.\DSP\Source\TransformFunctions/arm_dct4_init_q31.c ****  * See the License for the specific language governing permissions and
  26:.\DSP\Source\TransformFunctions/arm_dct4_init_q31.c ****  * limitations under the License.
  27:.\DSP\Source\TransformFunctions/arm_dct4_init_q31.c ****  */
  28:.\DSP\Source\TransformFunctions/arm_dct4_init_q31.c **** 
  29:.\DSP\Source\TransformFunctions/arm_dct4_init_q31.c **** #include "dsp/transform_functions.h"
  30:.\DSP\Source\TransformFunctions/arm_dct4_init_q31.c **** #include "arm_common_tables.h"
  31:.\DSP\Source\TransformFunctions/arm_dct4_init_q31.c **** 
ARM GAS  C:\Users\IVYLIU~1\AppData\Local\Temp\ccuAT3hg.s 			page 2


  32:.\DSP\Source\TransformFunctions/arm_dct4_init_q31.c **** /**
  33:.\DSP\Source\TransformFunctions/arm_dct4_init_q31.c ****   @ingroup groupTransforms
  34:.\DSP\Source\TransformFunctions/arm_dct4_init_q31.c ****  */
  35:.\DSP\Source\TransformFunctions/arm_dct4_init_q31.c **** 
  36:.\DSP\Source\TransformFunctions/arm_dct4_init_q31.c ****  /**
  37:.\DSP\Source\TransformFunctions/arm_dct4_init_q31.c ****   @addtogroup DCT4_IDCT4
  38:.\DSP\Source\TransformFunctions/arm_dct4_init_q31.c ****   @{
  39:.\DSP\Source\TransformFunctions/arm_dct4_init_q31.c ****  */
  40:.\DSP\Source\TransformFunctions/arm_dct4_init_q31.c **** 
  41:.\DSP\Source\TransformFunctions/arm_dct4_init_q31.c **** /**
  42:.\DSP\Source\TransformFunctions/arm_dct4_init_q31.c ****   @brief  Initialization function for the Q31 DCT4/IDCT4.
  43:.\DSP\Source\TransformFunctions/arm_dct4_init_q31.c ****   @param[in,out] S          points to an instance of Q31 DCT4/IDCT4 structure.
  44:.\DSP\Source\TransformFunctions/arm_dct4_init_q31.c ****   @param[in]     S_RFFT     points to an instance of Q31 RFFT/RIFFT structure
  45:.\DSP\Source\TransformFunctions/arm_dct4_init_q31.c ****   @param[in]     S_CFFT     points to an instance of Q31 CFFT/CIFFT structure
  46:.\DSP\Source\TransformFunctions/arm_dct4_init_q31.c ****   @param[in]     N          length of the DCT4.
  47:.\DSP\Source\TransformFunctions/arm_dct4_init_q31.c ****   @param[in]     Nby2       half of the length of the DCT4.
  48:.\DSP\Source\TransformFunctions/arm_dct4_init_q31.c ****   @param[in]     normalize  normalizing factor.
  49:.\DSP\Source\TransformFunctions/arm_dct4_init_q31.c ****   @return        execution status
  50:.\DSP\Source\TransformFunctions/arm_dct4_init_q31.c ****                    - \ref ARM_MATH_SUCCESS        : Operation successful
  51:.\DSP\Source\TransformFunctions/arm_dct4_init_q31.c ****                    - \ref ARM_MATH_ARGUMENT_ERROR : <code>N</code> is not a supported transform len
  52:.\DSP\Source\TransformFunctions/arm_dct4_init_q31.c **** 
  53:.\DSP\Source\TransformFunctions/arm_dct4_init_q31.c ****   @par           Normalizing factor:
  54:.\DSP\Source\TransformFunctions/arm_dct4_init_q31.c ****                    The normalizing factor is <code>sqrt(2/N)</code>, which depends on the size of t
  55:.\DSP\Source\TransformFunctions/arm_dct4_init_q31.c ****                    Normalizing factors in 1.31 format are mentioned in the table below for differen
  56:.\DSP\Source\TransformFunctions/arm_dct4_init_q31.c **** 
  57:.\DSP\Source\TransformFunctions/arm_dct4_init_q31.c ****                    \image html dct4NormalizingQ31Table.gif
  58:.\DSP\Source\TransformFunctions/arm_dct4_init_q31.c ****  */
  59:.\DSP\Source\TransformFunctions/arm_dct4_init_q31.c **** 
  60:.\DSP\Source\TransformFunctions/arm_dct4_init_q31.c **** arm_status arm_dct4_init_q31(
  61:.\DSP\Source\TransformFunctions/arm_dct4_init_q31.c ****   arm_dct4_instance_q31 * S,
  62:.\DSP\Source\TransformFunctions/arm_dct4_init_q31.c ****   arm_rfft_instance_q31 * S_RFFT,
  63:.\DSP\Source\TransformFunctions/arm_dct4_init_q31.c ****   arm_cfft_radix4_instance_q31 * S_CFFT,
  64:.\DSP\Source\TransformFunctions/arm_dct4_init_q31.c ****   uint16_t N,
  65:.\DSP\Source\TransformFunctions/arm_dct4_init_q31.c ****   uint16_t Nby2,
  66:.\DSP\Source\TransformFunctions/arm_dct4_init_q31.c ****   q31_t normalize)
  67:.\DSP\Source\TransformFunctions/arm_dct4_init_q31.c **** {
  27              		.loc 1 67 0
  28              		.cfi_startproc
  29              		@ args = 8, pretend = 0, frame = 0
  30              		@ frame_needed = 0, uses_anonymous_args = 0
  31              	.LVL0:
  32 0000 10B5     		push	{r4, lr}
  33              		.cfi_def_cfa_offset 8
  34              		.cfi_offset 4, -8
  35              		.cfi_offset 14, -4
  36              	.LVL1:
  68:.\DSP\Source\TransformFunctions/arm_dct4_init_q31.c ****   /* Initialize the default arm status */
  69:.\DSP\Source\TransformFunctions/arm_dct4_init_q31.c ****   arm_status status = ARM_MATH_SUCCESS;
  70:.\DSP\Source\TransformFunctions/arm_dct4_init_q31.c **** 
  71:.\DSP\Source\TransformFunctions/arm_dct4_init_q31.c ****   /* Initialize the DCT4 length */
  72:.\DSP\Source\TransformFunctions/arm_dct4_init_q31.c ****   S->N = N;
  37              		.loc 1 72 0
  38 0002 0380     		strh	r3, [r0]	@ movhi
  73:.\DSP\Source\TransformFunctions/arm_dct4_init_q31.c **** 
  74:.\DSP\Source\TransformFunctions/arm_dct4_init_q31.c ****   /* Initialize the half of DCT4 length */
  75:.\DSP\Source\TransformFunctions/arm_dct4_init_q31.c ****   S->Nby2 = Nby2;
  39              		.loc 1 75 0
ARM GAS  C:\Users\IVYLIU~1\AppData\Local\Temp\ccuAT3hg.s 			page 3


  40 0004 BDF80840 		ldrh	r4, [sp, #8]
  41 0008 4480     		strh	r4, [r0, #2]	@ movhi
  76:.\DSP\Source\TransformFunctions/arm_dct4_init_q31.c **** 
  77:.\DSP\Source\TransformFunctions/arm_dct4_init_q31.c ****   /* Initialize the DCT4 Normalizing factor */
  78:.\DSP\Source\TransformFunctions/arm_dct4_init_q31.c ****   S->normalize = normalize;
  42              		.loc 1 78 0
  43 000a 039C     		ldr	r4, [sp, #12]
  44 000c 4460     		str	r4, [r0, #4]
  79:.\DSP\Source\TransformFunctions/arm_dct4_init_q31.c **** 
  80:.\DSP\Source\TransformFunctions/arm_dct4_init_q31.c ****   /* Initialize Real FFT Instance */
  81:.\DSP\Source\TransformFunctions/arm_dct4_init_q31.c ****   S->pRfft = S_RFFT;
  45              		.loc 1 81 0
  46 000e 0161     		str	r1, [r0, #16]
  82:.\DSP\Source\TransformFunctions/arm_dct4_init_q31.c **** 
  83:.\DSP\Source\TransformFunctions/arm_dct4_init_q31.c ****   /* Initialize Complex FFT Instance */
  84:.\DSP\Source\TransformFunctions/arm_dct4_init_q31.c ****   S->pCfft = S_CFFT;
  47              		.loc 1 84 0
  48 0010 4261     		str	r2, [r0, #20]
  85:.\DSP\Source\TransformFunctions/arm_dct4_init_q31.c **** 
  86:.\DSP\Source\TransformFunctions/arm_dct4_init_q31.c ****   switch (N)
  49              		.loc 1 86 0
  50 0012 B3F5007F 		cmp	r3, #512
  51 0016 15D0     		beq	.L3
  52 0018 02D8     		bhi	.L4
  53 001a 802B     		cmp	r3, #128
  54 001c 18D0     		beq	.L5
  55 001e 1DE0     		b	.L8
  56              	.L4:
  57 0020 B3F5006F 		cmp	r3, #2048
  58 0024 08D0     		beq	.L6
  59 0026 B3F5005F 		cmp	r3, #8192
  60 002a 17D1     		bne	.L8
  87:.\DSP\Source\TransformFunctions/arm_dct4_init_q31.c ****   {
  88:.\DSP\Source\TransformFunctions/arm_dct4_init_q31.c ****   #if !defined(ARM_DSP_CONFIG_TABLES) || defined(ARM_ALL_FFT_TABLES) || defined(ARM_TABLE_DCT4_Q31_
  89:.\DSP\Source\TransformFunctions/arm_dct4_init_q31.c ****     /* Initialize the table modifier values */
  90:.\DSP\Source\TransformFunctions/arm_dct4_init_q31.c ****   case 8192U:
  91:.\DSP\Source\TransformFunctions/arm_dct4_init_q31.c ****     S->pTwiddle = WeightsQ31_8192;
  61              		.loc 1 91 0
  62 002c 104A     		ldr	r2, .L10
  63              	.LVL2:
  64 002e 8260     		str	r2, [r0, #8]
  92:.\DSP\Source\TransformFunctions/arm_dct4_init_q31.c ****     S->pCosFactor = cos_factorsQ31_8192;
  65              		.loc 1 92 0
  66 0030 104A     		ldr	r2, .L10+4
  67 0032 C260     		str	r2, [r0, #12]
  69:.\DSP\Source\TransformFunctions/arm_dct4_init_q31.c **** 
  68              		.loc 1 69 0
  69 0034 0024     		movs	r4, #0
  93:.\DSP\Source\TransformFunctions/arm_dct4_init_q31.c ****     break;
  70              		.loc 1 93 0
  71 0036 12E0     		b	.L2
  72              	.LVL3:
  73              	.L6:
  94:.\DSP\Source\TransformFunctions/arm_dct4_init_q31.c ****   #endif
  95:.\DSP\Source\TransformFunctions/arm_dct4_init_q31.c **** 
  96:.\DSP\Source\TransformFunctions/arm_dct4_init_q31.c ****   #if !defined(ARM_DSP_CONFIG_TABLES) || defined(ARM_ALL_FFT_TABLES) || defined(ARM_TABLE_DCT4_Q31_
  97:.\DSP\Source\TransformFunctions/arm_dct4_init_q31.c ****   case 2048U:
ARM GAS  C:\Users\IVYLIU~1\AppData\Local\Temp\ccuAT3hg.s 			page 4


  98:.\DSP\Source\TransformFunctions/arm_dct4_init_q31.c ****     S->pTwiddle = WeightsQ31_2048;
  74              		.loc 1 98 0
  75 0038 0F4A     		ldr	r2, .L10+8
  76              	.LVL4:
  77 003a 8260     		str	r2, [r0, #8]
  99:.\DSP\Source\TransformFunctions/arm_dct4_init_q31.c ****     S->pCosFactor = cos_factorsQ31_2048;
  78              		.loc 1 99 0
  79 003c 0F4A     		ldr	r2, .L10+12
  80 003e C260     		str	r2, [r0, #12]
  69:.\DSP\Source\TransformFunctions/arm_dct4_init_q31.c **** 
  81              		.loc 1 69 0
  82 0040 0024     		movs	r4, #0
 100:.\DSP\Source\TransformFunctions/arm_dct4_init_q31.c ****     break;
  83              		.loc 1 100 0
  84 0042 0CE0     		b	.L2
  85              	.LVL5:
  86              	.L3:
 101:.\DSP\Source\TransformFunctions/arm_dct4_init_q31.c ****   #endif 
 102:.\DSP\Source\TransformFunctions/arm_dct4_init_q31.c **** 
 103:.\DSP\Source\TransformFunctions/arm_dct4_init_q31.c ****   #if !defined(ARM_DSP_CONFIG_TABLES) || defined(ARM_ALL_FFT_TABLES) || defined(ARM_TABLE_DCT4_Q31_
 104:.\DSP\Source\TransformFunctions/arm_dct4_init_q31.c ****   case 512U:
 105:.\DSP\Source\TransformFunctions/arm_dct4_init_q31.c ****     S->pTwiddle = WeightsQ31_512;
  87              		.loc 1 105 0
  88 0044 0E4A     		ldr	r2, .L10+16
  89              	.LVL6:
  90 0046 8260     		str	r2, [r0, #8]
 106:.\DSP\Source\TransformFunctions/arm_dct4_init_q31.c ****     S->pCosFactor = cos_factorsQ31_512;
  91              		.loc 1 106 0
  92 0048 0E4A     		ldr	r2, .L10+20
  93 004a C260     		str	r2, [r0, #12]
  69:.\DSP\Source\TransformFunctions/arm_dct4_init_q31.c **** 
  94              		.loc 1 69 0
  95 004c 0024     		movs	r4, #0
 107:.\DSP\Source\TransformFunctions/arm_dct4_init_q31.c ****     break;
  96              		.loc 1 107 0
  97 004e 06E0     		b	.L2
  98              	.LVL7:
  99              	.L5:
 108:.\DSP\Source\TransformFunctions/arm_dct4_init_q31.c ****   #endif 
 109:.\DSP\Source\TransformFunctions/arm_dct4_init_q31.c **** 
 110:.\DSP\Source\TransformFunctions/arm_dct4_init_q31.c ****   #if !defined(ARM_DSP_CONFIG_TABLES) || defined(ARM_ALL_FFT_TABLES) || defined(ARM_TABLE_DCT4_Q31_
 111:.\DSP\Source\TransformFunctions/arm_dct4_init_q31.c ****   case 128U:
 112:.\DSP\Source\TransformFunctions/arm_dct4_init_q31.c ****     S->pTwiddle = WeightsQ31_128;
 100              		.loc 1 112 0
 101 0050 0D4A     		ldr	r2, .L10+24
 102              	.LVL8:
 103 0052 8260     		str	r2, [r0, #8]
 113:.\DSP\Source\TransformFunctions/arm_dct4_init_q31.c ****     S->pCosFactor = cos_factorsQ31_128;
 104              		.loc 1 113 0
 105 0054 0D4A     		ldr	r2, .L10+28
 106 0056 C260     		str	r2, [r0, #12]
  69:.\DSP\Source\TransformFunctions/arm_dct4_init_q31.c **** 
 107              		.loc 1 69 0
 108 0058 0024     		movs	r4, #0
 114:.\DSP\Source\TransformFunctions/arm_dct4_init_q31.c ****     break;
 109              		.loc 1 114 0
 110 005a 00E0     		b	.L2
ARM GAS  C:\Users\IVYLIU~1\AppData\Local\Temp\ccuAT3hg.s 			page 5


 111              	.LVL9:
 112              	.L8:
 115:.\DSP\Source\TransformFunctions/arm_dct4_init_q31.c ****   #endif
 116:.\DSP\Source\TransformFunctions/arm_dct4_init_q31.c ****   default:
 117:.\DSP\Source\TransformFunctions/arm_dct4_init_q31.c ****     status = ARM_MATH_ARGUMENT_ERROR;
 113              		.loc 1 117 0
 114 005c FF24     		movs	r4, #255
 115              	.LVL10:
 116              	.L2:
 118:.\DSP\Source\TransformFunctions/arm_dct4_init_q31.c ****   }
 119:.\DSP\Source\TransformFunctions/arm_dct4_init_q31.c **** 
 120:.\DSP\Source\TransformFunctions/arm_dct4_init_q31.c ****   /* Initialize the RFFT/RIFFT Function */
 121:.\DSP\Source\TransformFunctions/arm_dct4_init_q31.c ****   arm_rfft_init_q31(S->pRfft,  S->N, 0U, 1U);
 117              		.loc 1 121 0
 118 005e 0846     		mov	r0, r1
 119              	.LVL11:
 120 0060 1946     		mov	r1, r3
 121              	.LVL12:
 122 0062 0022     		movs	r2, #0
 123 0064 0123     		movs	r3, #1
 124              	.LVL13:
 125 0066 FFF7FEFF 		bl	arm_rfft_init_q31
 126              	.LVL14:
 122:.\DSP\Source\TransformFunctions/arm_dct4_init_q31.c **** 
 123:.\DSP\Source\TransformFunctions/arm_dct4_init_q31.c ****   /* return the status of DCT4 Init function */
 124:.\DSP\Source\TransformFunctions/arm_dct4_init_q31.c ****   return (status);
 125:.\DSP\Source\TransformFunctions/arm_dct4_init_q31.c **** }
 127              		.loc 1 125 0
 128 006a 60B2     		sxtb	r0, r4
 129 006c 10BD     		pop	{r4, pc}
 130              	.LVL15:
 131              	.L11:
 132 006e 00BF     		.align	2
 133              	.L10:
 134 0070 00000000 		.word	WeightsQ31_8192
 135 0074 00000000 		.word	cos_factorsQ31_8192
 136 0078 00000000 		.word	WeightsQ31_2048
 137 007c 00000000 		.word	cos_factorsQ31_2048
 138 0080 00000000 		.word	WeightsQ31_512
 139 0084 00000000 		.word	cos_factorsQ31_512
 140 0088 00000000 		.word	WeightsQ31_128
 141 008c 00000000 		.word	cos_factorsQ31_128
 142              		.cfi_endproc
 143              	.LFE84:
 144              		.size	arm_dct4_init_q31, .-arm_dct4_init_q31
 145              		.text
 146              	.Letext0:
 147              		.file 2 "c:\\program files (x86)\\cypress\\psoc creator\\3.3\\psoc creator\\import\\gnu\\arm\\4.9.
 148              		.file 3 "c:\\program files (x86)\\cypress\\psoc creator\\3.3\\psoc creator\\import\\gnu\\arm\\4.9.
 149              		.file 4 ".\\DSP\\Include/arm_math_types.h"
 150              		.file 5 ".\\DSP\\Include/dsp/transform_functions.h"
 151              		.file 6 ".\\Core\\Include/cmsis_gcc.h"
 152              		.file 7 ".\\DSP\\Include/arm_common_tables.h"
 153              		.section	.debug_info,"",%progbits
 154              	.Ldebug_info0:
 155 0000 69050000 		.4byte	0x569
 156 0004 0400     		.2byte	0x4
ARM GAS  C:\Users\IVYLIU~1\AppData\Local\Temp\ccuAT3hg.s 			page 6


 157 0006 00000000 		.4byte	.Ldebug_abbrev0
 158 000a 04       		.byte	0x4
 159 000b 01       		.uleb128 0x1
 160 000c AB040000 		.4byte	.LASF73
 161 0010 01       		.byte	0x1
 162 0011 45040000 		.4byte	.LASF74
 163 0015 72030000 		.4byte	.LASF75
 164 0019 00000000 		.4byte	.Ldebug_ranges0+0
 165 001d 00000000 		.4byte	0
 166 0021 00000000 		.4byte	.Ldebug_line0
 167 0025 02       		.uleb128 0x2
 168 0026 01       		.byte	0x1
 169 0027 06       		.byte	0x6
 170 0028 ED000000 		.4byte	.LASF0
 171 002c 03       		.uleb128 0x3
 172 002d 60000000 		.4byte	.LASF3
 173 0031 02       		.byte	0x2
 174 0032 1D       		.byte	0x1d
 175 0033 37000000 		.4byte	0x37
 176 0037 02       		.uleb128 0x2
 177 0038 01       		.byte	0x1
 178 0039 08       		.byte	0x8
 179 003a CC020000 		.4byte	.LASF1
 180 003e 02       		.uleb128 0x2
 181 003f 02       		.byte	0x2
 182 0040 05       		.byte	0x5
 183 0041 0C030000 		.4byte	.LASF2
 184 0045 03       		.uleb128 0x3
 185 0046 DF030000 		.4byte	.LASF4
 186 004a 02       		.byte	0x2
 187 004b 2B       		.byte	0x2b
 188 004c 50000000 		.4byte	0x50
 189 0050 02       		.uleb128 0x2
 190 0051 02       		.byte	0x2
 191 0052 07       		.byte	0x7
 192 0053 AB010000 		.4byte	.LASF5
 193 0057 03       		.uleb128 0x3
 194 0058 10040000 		.4byte	.LASF6
 195 005c 02       		.byte	0x2
 196 005d 3F       		.byte	0x3f
 197 005e 62000000 		.4byte	0x62
 198 0062 02       		.uleb128 0x2
 199 0063 04       		.byte	0x4
 200 0064 05       		.byte	0x5
 201 0065 13010000 		.4byte	.LASF7
 202 0069 03       		.uleb128 0x3
 203 006a 57010000 		.4byte	.LASF8
 204 006e 02       		.byte	0x2
 205 006f 41       		.byte	0x41
 206 0070 74000000 		.4byte	0x74
 207 0074 02       		.uleb128 0x2
 208 0075 04       		.byte	0x4
 209 0076 07       		.byte	0x7
 210 0077 99010000 		.4byte	.LASF9
 211 007b 02       		.uleb128 0x2
 212 007c 08       		.byte	0x8
 213 007d 05       		.byte	0x5
ARM GAS  C:\Users\IVYLIU~1\AppData\Local\Temp\ccuAT3hg.s 			page 7


 214 007e DF000000 		.4byte	.LASF10
 215 0082 02       		.uleb128 0x2
 216 0083 08       		.byte	0x8
 217 0084 07       		.byte	0x7
 218 0085 91000000 		.4byte	.LASF11
 219 0089 04       		.uleb128 0x4
 220 008a 04       		.byte	0x4
 221 008b 05       		.byte	0x5
 222 008c 696E7400 		.ascii	"int\000"
 223 0090 02       		.uleb128 0x2
 224 0091 04       		.byte	0x4
 225 0092 07       		.byte	0x7
 226 0093 8C010000 		.4byte	.LASF12
 227 0097 03       		.uleb128 0x3
 228 0098 3D040000 		.4byte	.LASF13
 229 009c 03       		.byte	0x3
 230 009d 15       		.byte	0x15
 231 009e 2C000000 		.4byte	0x2c
 232 00a2 03       		.uleb128 0x3
 233 00a3 3D010000 		.4byte	.LASF14
 234 00a7 03       		.byte	0x3
 235 00a8 21       		.byte	0x21
 236 00a9 45000000 		.4byte	0x45
 237 00ad 03       		.uleb128 0x3
 238 00ae C4020000 		.4byte	.LASF15
 239 00b2 03       		.byte	0x3
 240 00b3 2C       		.byte	0x2c
 241 00b4 57000000 		.4byte	0x57
 242 00b8 03       		.uleb128 0x3
 243 00b9 56030000 		.4byte	.LASF16
 244 00bd 03       		.byte	0x3
 245 00be 2D       		.byte	0x2d
 246 00bf 69000000 		.4byte	0x69
 247 00c3 02       		.uleb128 0x2
 248 00c4 04       		.byte	0x4
 249 00c5 07       		.byte	0x7
 250 00c6 2D020000 		.4byte	.LASF17
 251 00ca 02       		.uleb128 0x2
 252 00cb 01       		.byte	0x1
 253 00cc 08       		.byte	0x8
 254 00cd DA030000 		.4byte	.LASF18
 255 00d1 02       		.uleb128 0x2
 256 00d2 08       		.byte	0x8
 257 00d3 04       		.byte	0x4
 258 00d4 46010000 		.4byte	.LASF19
 259 00d8 02       		.uleb128 0x2
 260 00d9 04       		.byte	0x4
 261 00da 04       		.byte	0x4
 262 00db 7C020000 		.4byte	.LASF20
 263 00df 02       		.uleb128 0x2
 264 00e0 08       		.byte	0x8
 265 00e1 04       		.byte	0x4
 266 00e2 36020000 		.4byte	.LASF21
 267 00e6 05       		.uleb128 0x5
 268 00e7 3E030000 		.4byte	.LASF22
 269 00eb 04       		.byte	0x4
 270 00ec 2401     		.2byte	0x124
ARM GAS  C:\Users\IVYLIU~1\AppData\Local\Temp\ccuAT3hg.s 			page 8


 271 00ee AD000000 		.4byte	0xad
 272 00f2 06       		.uleb128 0x6
 273 00f3 01       		.byte	0x1
 274 00f4 04       		.byte	0x4
 275 00f5 5802     		.2byte	0x258
 276 00f7 2C010000 		.4byte	0x12c
 277 00fb 07       		.uleb128 0x7
 278 00fc 80000000 		.4byte	.LASF23
 279 0100 00       		.sleb128 0
 280 0101 07       		.uleb128 0x7
 281 0102 16030000 		.4byte	.LASF24
 282 0106 7F       		.sleb128 -1
 283 0107 07       		.uleb128 0x7
 284 0108 66020000 		.4byte	.LASF25
 285 010c 7E       		.sleb128 -2
 286 010d 07       		.uleb128 0x7
 287 010e F9030000 		.4byte	.LASF26
 288 0112 7D       		.sleb128 -3
 289 0113 07       		.uleb128 0x7
 290 0114 A7020000 		.4byte	.LASF27
 291 0118 7C       		.sleb128 -4
 292 0119 07       		.uleb128 0x7
 293 011a 82020000 		.4byte	.LASF28
 294 011e 7B       		.sleb128 -5
 295 011f 07       		.uleb128 0x7
 296 0120 EA010000 		.4byte	.LASF29
 297 0124 7A       		.sleb128 -6
 298 0125 07       		.uleb128 0x7
 299 0126 BE010000 		.4byte	.LASF30
 300 012a 79       		.sleb128 -7
 301 012b 00       		.byte	0
 302 012c 05       		.uleb128 0x5
 303 012d 79040000 		.4byte	.LASF31
 304 0131 04       		.byte	0x4
 305 0132 6102     		.2byte	0x261
 306 0134 F2000000 		.4byte	0xf2
 307 0138 08       		.uleb128 0x8
 308 0139 04       		.byte	0x4
 309 013a 3E010000 		.4byte	0x13e
 310 013e 09       		.uleb128 0x9
 311 013f A2000000 		.4byte	0xa2
 312 0143 08       		.uleb128 0x8
 313 0144 04       		.byte	0x4
 314 0145 49010000 		.4byte	0x149
 315 0149 09       		.uleb128 0x9
 316 014a E6000000 		.4byte	0xe6
 317 014e 0A       		.uleb128 0xa
 318 014f 10       		.byte	0x10
 319 0150 05       		.byte	0x5
 320 0151 84       		.byte	0x84
 321 0152 AB010000 		.4byte	0x1ab
 322 0156 0B       		.uleb128 0xb
 323 0157 70010000 		.4byte	.LASF32
 324 015b 05       		.byte	0x5
 325 015c 86       		.byte	0x86
 326 015d A2000000 		.4byte	0xa2
 327 0161 00       		.byte	0
ARM GAS  C:\Users\IVYLIU~1\AppData\Local\Temp\ccuAT3hg.s 			page 9


 328 0162 0B       		.uleb128 0xb
 329 0163 44050000 		.4byte	.LASF33
 330 0167 05       		.byte	0x5
 331 0168 87       		.byte	0x87
 332 0169 97000000 		.4byte	0x97
 333 016d 02       		.byte	0x2
 334 016e 0B       		.uleb128 0xb
 335 016f 52020000 		.4byte	.LASF34
 336 0173 05       		.byte	0x5
 337 0174 88       		.byte	0x88
 338 0175 97000000 		.4byte	0x97
 339 0179 03       		.byte	0x3
 340 017a 0B       		.uleb128 0xb
 341 017b 2D040000 		.4byte	.LASF35
 342 017f 05       		.byte	0x5
 343 0180 89       		.byte	0x89
 344 0181 43010000 		.4byte	0x143
 345 0185 04       		.byte	0x4
 346 0186 0B       		.uleb128 0xb
 347 0187 30010000 		.4byte	.LASF36
 348 018b 05       		.byte	0x5
 349 018c 8A       		.byte	0x8a
 350 018d 38010000 		.4byte	0x138
 351 0191 08       		.byte	0x8
 352 0192 0B       		.uleb128 0xb
 353 0193 84040000 		.4byte	.LASF37
 354 0197 05       		.byte	0x5
 355 0198 8B       		.byte	0x8b
 356 0199 A2000000 		.4byte	0xa2
 357 019d 0C       		.byte	0xc
 358 019e 0B       		.uleb128 0xb
 359 019f DD010000 		.4byte	.LASF38
 360 01a3 05       		.byte	0x5
 361 01a4 8C       		.byte	0x8c
 362 01a5 A2000000 		.4byte	0xa2
 363 01a9 0E       		.byte	0xe
 364 01aa 00       		.byte	0
 365 01ab 03       		.uleb128 0x3
 366 01ac A8000000 		.4byte	.LASF39
 367 01b0 05       		.byte	0x5
 368 01b1 8D       		.byte	0x8d
 369 01b2 4E010000 		.4byte	0x14e
 370 01b6 0A       		.uleb128 0xa
 371 01b7 10       		.byte	0x10
 372 01b8 05       		.byte	0x5
 373 01b9 F4       		.byte	0xf4
 374 01ba EF010000 		.4byte	0x1ef
 375 01be 0B       		.uleb128 0xb
 376 01bf 70010000 		.4byte	.LASF32
 377 01c3 05       		.byte	0x5
 378 01c4 F6       		.byte	0xf6
 379 01c5 A2000000 		.4byte	0xa2
 380 01c9 00       		.byte	0
 381 01ca 0B       		.uleb128 0xb
 382 01cb 2D040000 		.4byte	.LASF35
 383 01cf 05       		.byte	0x5
 384 01d0 F7       		.byte	0xf7
ARM GAS  C:\Users\IVYLIU~1\AppData\Local\Temp\ccuAT3hg.s 			page 10


 385 01d1 43010000 		.4byte	0x143
 386 01d5 04       		.byte	0x4
 387 01d6 0B       		.uleb128 0xb
 388 01d7 30010000 		.4byte	.LASF36
 389 01db 05       		.byte	0x5
 390 01dc F8       		.byte	0xf8
 391 01dd 38010000 		.4byte	0x138
 392 01e1 08       		.byte	0x8
 393 01e2 0B       		.uleb128 0xb
 394 01e3 B7020000 		.4byte	.LASF40
 395 01e7 05       		.byte	0x5
 396 01e8 F9       		.byte	0xf9
 397 01e9 A2000000 		.4byte	0xa2
 398 01ed 0C       		.byte	0xc
 399 01ee 00       		.byte	0
 400 01ef 05       		.uleb128 0x5
 401 01f0 12000000 		.4byte	.LASF41
 402 01f4 05       		.byte	0x5
 403 01f5 0201     		.2byte	0x102
 404 01f7 B6010000 		.4byte	0x1b6
 405 01fb 0C       		.uleb128 0xc
 406 01fc 18       		.byte	0x18
 407 01fd 05       		.byte	0x5
 408 01fe 6301     		.2byte	0x163
 409 0200 60020000 		.4byte	0x260
 410 0204 0D       		.uleb128 0xd
 411 0205 95040000 		.4byte	.LASF42
 412 0209 05       		.byte	0x5
 413 020a 6501     		.2byte	0x165
 414 020c B8000000 		.4byte	0xb8
 415 0210 00       		.byte	0
 416 0211 0D       		.uleb128 0xd
 417 0212 4D010000 		.4byte	.LASF43
 418 0216 05       		.byte	0x5
 419 0217 6601     		.2byte	0x166
 420 0219 97000000 		.4byte	0x97
 421 021d 04       		.byte	0x4
 422 021e 0D       		.uleb128 0xd
 423 021f 42020000 		.4byte	.LASF44
 424 0223 05       		.byte	0x5
 425 0224 6701     		.2byte	0x167
 426 0226 97000000 		.4byte	0x97
 427 022a 05       		.byte	0x5
 428 022b 0D       		.uleb128 0xd
 429 022c C8030000 		.4byte	.LASF45
 430 0230 05       		.byte	0x5
 431 0231 6801     		.2byte	0x168
 432 0233 B8000000 		.4byte	0xb8
 433 0237 08       		.byte	0x8
 434 0238 0D       		.uleb128 0xd
 435 0239 FE020000 		.4byte	.LASF46
 436 023d 05       		.byte	0x5
 437 023e 6901     		.2byte	0x169
 438 0240 43010000 		.4byte	0x143
 439 0244 0C       		.byte	0xc
 440 0245 0D       		.uleb128 0xd
 441 0246 62010000 		.4byte	.LASF47
ARM GAS  C:\Users\IVYLIU~1\AppData\Local\Temp\ccuAT3hg.s 			page 11


 442 024a 05       		.byte	0x5
 443 024b 6A01     		.2byte	0x16a
 444 024d 43010000 		.4byte	0x143
 445 0251 10       		.byte	0x10
 446 0252 0D       		.uleb128 0xd
 447 0253 2E030000 		.4byte	.LASF48
 448 0257 05       		.byte	0x5
 449 0258 6E01     		.2byte	0x16e
 450 025a 60020000 		.4byte	0x260
 451 025e 14       		.byte	0x14
 452 025f 00       		.byte	0
 453 0260 08       		.uleb128 0x8
 454 0261 04       		.byte	0x4
 455 0262 66020000 		.4byte	0x266
 456 0266 09       		.uleb128 0x9
 457 0267 EF010000 		.4byte	0x1ef
 458 026b 05       		.uleb128 0x5
 459 026c 6A000000 		.4byte	.LASF49
 460 0270 05       		.byte	0x5
 461 0271 7001     		.2byte	0x170
 462 0273 FB010000 		.4byte	0x1fb
 463 0277 0C       		.uleb128 0xc
 464 0278 18       		.byte	0x18
 465 0279 05       		.byte	0x5
 466 027a F201     		.2byte	0x1f2
 467 027c DA020000 		.4byte	0x2da
 468 0280 0E       		.uleb128 0xe
 469 0281 4E00     		.ascii	"N\000"
 470 0283 05       		.byte	0x5
 471 0284 F401     		.2byte	0x1f4
 472 0286 A2000000 		.4byte	0xa2
 473 028a 00       		.byte	0
 474 028b 0D       		.uleb128 0xd
 475 028c 0E010000 		.4byte	.LASF50
 476 0290 05       		.byte	0x5
 477 0291 F501     		.2byte	0x1f5
 478 0293 A2000000 		.4byte	0xa2
 479 0297 02       		.byte	0x2
 480 0298 0D       		.uleb128 0xd
 481 0299 34030000 		.4byte	.LASF51
 482 029d 05       		.byte	0x5
 483 029e F601     		.2byte	0x1f6
 484 02a0 E6000000 		.4byte	0xe6
 485 02a4 04       		.byte	0x4
 486 02a5 0D       		.uleb128 0xd
 487 02a6 2D040000 		.4byte	.LASF35
 488 02aa 05       		.byte	0x5
 489 02ab F701     		.2byte	0x1f7
 490 02ad 43010000 		.4byte	0x143
 491 02b1 08       		.byte	0x8
 492 02b2 0D       		.uleb128 0xd
 493 02b3 A0040000 		.4byte	.LASF52
 494 02b7 05       		.byte	0x5
 495 02b8 F801     		.2byte	0x1f8
 496 02ba 43010000 		.4byte	0x143
 497 02be 0C       		.byte	0xc
 498 02bf 0D       		.uleb128 0xd
ARM GAS  C:\Users\IVYLIU~1\AppData\Local\Temp\ccuAT3hg.s 			page 12


 499 02c0 3C000000 		.4byte	.LASF53
 500 02c4 05       		.byte	0x5
 501 02c5 F901     		.2byte	0x1f9
 502 02c7 DA020000 		.4byte	0x2da
 503 02cb 10       		.byte	0x10
 504 02cc 0D       		.uleb128 0xd
 505 02cd 2E030000 		.4byte	.LASF48
 506 02d1 05       		.byte	0x5
 507 02d2 FA01     		.2byte	0x1fa
 508 02d4 E0020000 		.4byte	0x2e0
 509 02d8 14       		.byte	0x14
 510 02d9 00       		.byte	0
 511 02da 08       		.uleb128 0x8
 512 02db 04       		.byte	0x4
 513 02dc 6B020000 		.4byte	0x26b
 514 02e0 08       		.uleb128 0x8
 515 02e1 04       		.byte	0x4
 516 02e2 AB010000 		.4byte	0x1ab
 517 02e6 05       		.uleb128 0x5
 518 02e7 17020000 		.4byte	.LASF54
 519 02eb 05       		.byte	0x5
 520 02ec FB01     		.2byte	0x1fb
 521 02ee 77020000 		.4byte	0x277
 522 02f2 08       		.uleb128 0x8
 523 02f3 04       		.byte	0x4
 524 02f4 F8020000 		.4byte	0x2f8
 525 02f8 09       		.uleb128 0x9
 526 02f9 B8000000 		.4byte	0xb8
 527 02fd 0F       		.uleb128 0xf
 528 02fe 00000000 		.4byte	.LASF76
 529 0302 01       		.byte	0x1
 530 0303 3C       		.byte	0x3c
 531 0304 2C010000 		.4byte	0x12c
 532 0308 00000000 		.4byte	.LFB84
 533 030c 90000000 		.4byte	.LFE84-.LFB84
 534 0310 01       		.uleb128 0x1
 535 0311 9C       		.byte	0x9c
 536 0312 97030000 		.4byte	0x397
 537 0316 10       		.uleb128 0x10
 538 0317 5300     		.ascii	"S\000"
 539 0319 01       		.byte	0x1
 540 031a 3D       		.byte	0x3d
 541 031b 97030000 		.4byte	0x397
 542 031f 00000000 		.4byte	.LLST0
 543 0323 11       		.uleb128 0x11
 544 0324 10020000 		.4byte	.LASF55
 545 0328 01       		.byte	0x1
 546 0329 3E       		.byte	0x3e
 547 032a DA020000 		.4byte	0x2da
 548 032e 21000000 		.4byte	.LLST1
 549 0332 11       		.uleb128 0x11
 550 0333 C5000000 		.4byte	.LASF56
 551 0337 01       		.byte	0x1
 552 0338 3F       		.byte	0x3f
 553 0339 E0020000 		.4byte	0x2e0
 554 033d 4D000000 		.4byte	.LLST2
 555 0341 10       		.uleb128 0x10
ARM GAS  C:\Users\IVYLIU~1\AppData\Local\Temp\ccuAT3hg.s 			page 13


 556 0342 4E00     		.ascii	"N\000"
 557 0344 01       		.byte	0x1
 558 0345 40       		.byte	0x40
 559 0346 A2000000 		.4byte	0xa2
 560 034a E5000000 		.4byte	.LLST3
 561 034e 11       		.uleb128 0x11
 562 034f 0E010000 		.4byte	.LASF50
 563 0353 01       		.byte	0x1
 564 0354 41       		.byte	0x41
 565 0355 A2000000 		.4byte	0xa2
 566 0359 13010000 		.4byte	.LLST4
 567 035d 11       		.uleb128 0x11
 568 035e 34030000 		.4byte	.LASF51
 569 0362 01       		.byte	0x1
 570 0363 42       		.byte	0x42
 571 0364 E6000000 		.4byte	0xe6
 572 0368 33010000 		.4byte	.LLST5
 573 036c 12       		.uleb128 0x12
 574 036d 36040000 		.4byte	.LASF77
 575 0371 01       		.byte	0x1
 576 0372 45       		.byte	0x45
 577 0373 2C010000 		.4byte	0x12c
 578 0377 53010000 		.4byte	.LLST6
 579 037b 13       		.uleb128 0x13
 580 037c 6A000000 		.4byte	.LVL14
 581 0380 4B050000 		.4byte	0x54b
 582 0384 14       		.uleb128 0x14
 583 0385 01       		.uleb128 0x1
 584 0386 53       		.byte	0x53
 585 0387 01       		.uleb128 0x1
 586 0388 31       		.byte	0x31
 587 0389 14       		.uleb128 0x14
 588 038a 01       		.uleb128 0x1
 589 038b 52       		.byte	0x52
 590 038c 01       		.uleb128 0x1
 591 038d 30       		.byte	0x30
 592 038e 14       		.uleb128 0x14
 593 038f 01       		.uleb128 0x1
 594 0390 50       		.byte	0x50
 595 0391 03       		.uleb128 0x3
 596 0392 F3       		.byte	0xf3
 597 0393 01       		.uleb128 0x1
 598 0394 51       		.byte	0x51
 599 0395 00       		.byte	0
 600 0396 00       		.byte	0
 601 0397 08       		.uleb128 0x8
 602 0398 04       		.byte	0x4
 603 0399 E6020000 		.4byte	0x2e6
 604 039d 03       		.uleb128 0x3
 605 039e 42000000 		.4byte	.LASF57
 606 03a2 06       		.byte	0x6
 607 03a3 8B       		.byte	0x8b
 608 03a4 1E050000 		.4byte	0x51e
 609 03a8 08       		.uleb128 0x8
 610 03a9 04       		.byte	0x4
 611 03aa B8000000 		.4byte	0xb8
 612 03ae 15       		.uleb128 0x15
ARM GAS  C:\Users\IVYLIU~1\AppData\Local\Temp\ccuAT3hg.s 			page 14


 613 03af 77010000 		.4byte	.LASF58
 614 03b3 06       		.byte	0x6
 615 03b4 92       		.byte	0x92
 616 03b5 B9030000 		.4byte	0x3b9
 617 03b9 09       		.uleb128 0x9
 618 03ba 9D030000 		.4byte	0x39d
 619 03be 15       		.uleb128 0x15
 620 03bf CC000000 		.4byte	.LASF59
 621 03c3 06       		.byte	0x6
 622 03c4 93       		.byte	0x93
 623 03c5 B9030000 		.4byte	0x3b9
 624 03c9 03       		.uleb128 0x3
 625 03ca 51000000 		.4byte	.LASF60
 626 03ce 06       		.byte	0x6
 627 03cf 90       		.byte	0x90
 628 03d0 FD040000 		.4byte	0x4fd
 629 03d4 15       		.uleb128 0x15
 630 03d5 F9000000 		.4byte	.LASF61
 631 03d9 06       		.byte	0x6
 632 03da 94       		.byte	0x94
 633 03db DF030000 		.4byte	0x3df
 634 03df 09       		.uleb128 0x9
 635 03e0 C9030000 		.4byte	0x3c9
 636 03e4 15       		.uleb128 0x15
 637 03e5 1A040000 		.4byte	.LASF62
 638 03e9 06       		.byte	0x6
 639 03ea 95       		.byte	0x95
 640 03eb DF030000 		.4byte	0x3df
 641 03ef 16       		.uleb128 0x16
 642 03f0 E6000000 		.4byte	0xe6
 643 03f4 FF030000 		.4byte	0x3ff
 644 03f8 17       		.uleb128 0x17
 645 03f9 C3000000 		.4byte	0xc3
 646 03fd FF       		.byte	0xff
 647 03fe 00       		.byte	0
 648 03ff 18       		.uleb128 0x18
 649 0400 DA020000 		.4byte	.LASF63
 650 0404 07       		.byte	0x7
 651 0405 C901     		.2byte	0x1c9
 652 0407 0B040000 		.4byte	0x40b
 653 040b 09       		.uleb128 0x9
 654 040c EF030000 		.4byte	0x3ef
 655 0410 16       		.uleb128 0x16
 656 0411 E6000000 		.4byte	0xe6
 657 0415 20040000 		.4byte	0x420
 658 0419 17       		.uleb128 0x17
 659 041a C3000000 		.4byte	0xc3
 660 041e 7F       		.byte	0x7f
 661 041f 00       		.byte	0
 662 0420 18       		.uleb128 0x18
 663 0421 94020000 		.4byte	.LASF64
 664 0425 07       		.byte	0x7
 665 0426 CA01     		.2byte	0x1ca
 666 0428 2C040000 		.4byte	0x42c
 667 042c 09       		.uleb128 0x9
 668 042d 10040000 		.4byte	0x410
 669 0431 16       		.uleb128 0x16
ARM GAS  C:\Users\IVYLIU~1\AppData\Local\Temp\ccuAT3hg.s 			page 15


 670 0432 E6000000 		.4byte	0xe6
 671 0436 42040000 		.4byte	0x442
 672 043a 19       		.uleb128 0x19
 673 043b C3000000 		.4byte	0xc3
 674 043f FF03     		.2byte	0x3ff
 675 0441 00       		.byte	0
 676 0442 18       		.uleb128 0x18
 677 0443 EA030000 		.4byte	.LASF65
 678 0447 07       		.byte	0x7
 679 0448 CE01     		.2byte	0x1ce
 680 044a 4E040000 		.4byte	0x44e
 681 044e 09       		.uleb128 0x9
 682 044f 31040000 		.4byte	0x431
 683 0453 16       		.uleb128 0x16
 684 0454 E6000000 		.4byte	0xe6
 685 0458 64040000 		.4byte	0x464
 686 045c 19       		.uleb128 0x19
 687 045d C3000000 		.4byte	0xc3
 688 0461 FF01     		.2byte	0x1ff
 689 0463 00       		.byte	0
 690 0464 18       		.uleb128 0x18
 691 0465 5F030000 		.4byte	.LASF66
 692 0469 07       		.byte	0x7
 693 046a CF01     		.2byte	0x1cf
 694 046c 70040000 		.4byte	0x470
 695 0470 09       		.uleb128 0x9
 696 0471 53040000 		.4byte	0x453
 697 0475 16       		.uleb128 0x16
 698 0476 E6000000 		.4byte	0xe6
 699 047a 86040000 		.4byte	0x486
 700 047e 19       		.uleb128 0x19
 701 047f C3000000 		.4byte	0xc3
 702 0483 FF0F     		.2byte	0xfff
 703 0485 00       		.byte	0
 704 0486 18       		.uleb128 0x18
 705 0487 E9020000 		.4byte	.LASF67
 706 048b 07       		.byte	0x7
 707 048c D301     		.2byte	0x1d3
 708 048e 92040000 		.4byte	0x492
 709 0492 09       		.uleb128 0x9
 710 0493 75040000 		.4byte	0x475
 711 0497 16       		.uleb128 0x16
 712 0498 E6000000 		.4byte	0xe6
 713 049c A8040000 		.4byte	0x4a8
 714 04a0 19       		.uleb128 0x19
 715 04a1 C3000000 		.4byte	0xc3
 716 04a5 FF07     		.2byte	0x7ff
 717 04a7 00       		.byte	0
 718 04a8 18       		.uleb128 0x18
 719 04a9 1C010000 		.4byte	.LASF68
 720 04ad 07       		.byte	0x7
 721 04ae D401     		.2byte	0x1d4
 722 04b0 B4040000 		.4byte	0x4b4
 723 04b4 09       		.uleb128 0x9
 724 04b5 97040000 		.4byte	0x497
 725 04b9 16       		.uleb128 0x16
 726 04ba E6000000 		.4byte	0xe6
ARM GAS  C:\Users\IVYLIU~1\AppData\Local\Temp\ccuAT3hg.s 			page 16


 727 04be CA040000 		.4byte	0x4ca
 728 04c2 19       		.uleb128 0x19
 729 04c3 C3000000 		.4byte	0xc3
 730 04c7 FF3F     		.2byte	0x3fff
 731 04c9 00       		.byte	0
 732 04ca 18       		.uleb128 0x18
 733 04cb 00020000 		.4byte	.LASF69
 734 04cf 07       		.byte	0x7
 735 04d0 D801     		.2byte	0x1d8
 736 04d2 D6040000 		.4byte	0x4d6
 737 04d6 09       		.uleb128 0x9
 738 04d7 B9040000 		.4byte	0x4b9
 739 04db 16       		.uleb128 0x16
 740 04dc E6000000 		.4byte	0xe6
 741 04e0 EC040000 		.4byte	0x4ec
 742 04e4 19       		.uleb128 0x19
 743 04e5 C3000000 		.4byte	0xc3
 744 04e9 FF1F     		.2byte	0x1fff
 745 04eb 00       		.byte	0
 746 04ec 18       		.uleb128 0x18
 747 04ed 28000000 		.4byte	.LASF70
 748 04f1 07       		.byte	0x7
 749 04f2 D901     		.2byte	0x1d9
 750 04f4 F8040000 		.4byte	0x4f8
 751 04f8 09       		.uleb128 0x9
 752 04f9 DB040000 		.4byte	0x4db
 753 04fd 0A       		.uleb128 0xa
 754 04fe 08       		.byte	0x8
 755 04ff 06       		.byte	0x6
 756 0500 8D       		.byte	0x8d
 757 0501 1E050000 		.4byte	0x51e
 758 0505 0B       		.uleb128 0xb
 759 0506 61020000 		.4byte	.LASF71
 760 050a 06       		.byte	0x6
 761 050b 8E       		.byte	0x8e
 762 050c A8030000 		.4byte	0x3a8
 763 0510 00       		.byte	0
 764 0511 0B       		.uleb128 0xb
 765 0512 F9020000 		.4byte	.LASF72
 766 0516 06       		.byte	0x6
 767 0517 8F       		.byte	0x8f
 768 0518 B8000000 		.4byte	0xb8
 769 051c 04       		.byte	0x4
 770 051d 00       		.byte	0
 771 051e 0A       		.uleb128 0xa
 772 051f 0C       		.byte	0xc
 773 0520 06       		.byte	0x6
 774 0521 87       		.byte	0x87
 775 0522 4B050000 		.4byte	0x54b
 776 0526 1A       		.uleb128 0x1a
 777 0527 73726300 		.ascii	"src\000"
 778 052b 06       		.byte	0x6
 779 052c 88       		.byte	0x88
 780 052d F2020000 		.4byte	0x2f2
 781 0531 00       		.byte	0
 782 0532 0B       		.uleb128 0xb
 783 0533 61020000 		.4byte	.LASF71
ARM GAS  C:\Users\IVYLIU~1\AppData\Local\Temp\ccuAT3hg.s 			page 17


 784 0537 06       		.byte	0x6
 785 0538 89       		.byte	0x89
 786 0539 A8030000 		.4byte	0x3a8
 787 053d 04       		.byte	0x4
 788 053e 0B       		.uleb128 0xb
 789 053f F9020000 		.4byte	.LASF72
 790 0543 06       		.byte	0x6
 791 0544 8A       		.byte	0x8a
 792 0545 B8000000 		.4byte	0xb8
 793 0549 08       		.byte	0x8
 794 054a 00       		.byte	0
 795 054b 1B       		.uleb128 0x1b
 796 054c 44030000 		.4byte	.LASF78
 797 0550 05       		.byte	0x5
 798 0551 7201     		.2byte	0x172
 799 0553 2C010000 		.4byte	0x12c
 800 0557 1C       		.uleb128 0x1c
 801 0558 DA020000 		.4byte	0x2da
 802 055c 1C       		.uleb128 0x1c
 803 055d B8000000 		.4byte	0xb8
 804 0561 1C       		.uleb128 0x1c
 805 0562 B8000000 		.4byte	0xb8
 806 0566 1C       		.uleb128 0x1c
 807 0567 B8000000 		.4byte	0xb8
 808 056b 00       		.byte	0
 809 056c 00       		.byte	0
 810              		.section	.debug_abbrev,"",%progbits
 811              	.Ldebug_abbrev0:
 812 0000 01       		.uleb128 0x1
 813 0001 11       		.uleb128 0x11
 814 0002 01       		.byte	0x1
 815 0003 25       		.uleb128 0x25
 816 0004 0E       		.uleb128 0xe
 817 0005 13       		.uleb128 0x13
 818 0006 0B       		.uleb128 0xb
 819 0007 03       		.uleb128 0x3
 820 0008 0E       		.uleb128 0xe
 821 0009 1B       		.uleb128 0x1b
 822 000a 0E       		.uleb128 0xe
 823 000b 55       		.uleb128 0x55
 824 000c 17       		.uleb128 0x17
 825 000d 11       		.uleb128 0x11
 826 000e 01       		.uleb128 0x1
 827 000f 10       		.uleb128 0x10
 828 0010 17       		.uleb128 0x17
 829 0011 00       		.byte	0
 830 0012 00       		.byte	0
 831 0013 02       		.uleb128 0x2
 832 0014 24       		.uleb128 0x24
 833 0015 00       		.byte	0
 834 0016 0B       		.uleb128 0xb
 835 0017 0B       		.uleb128 0xb
 836 0018 3E       		.uleb128 0x3e
 837 0019 0B       		.uleb128 0xb
 838 001a 03       		.uleb128 0x3
 839 001b 0E       		.uleb128 0xe
 840 001c 00       		.byte	0
ARM GAS  C:\Users\IVYLIU~1\AppData\Local\Temp\ccuAT3hg.s 			page 18


 841 001d 00       		.byte	0
 842 001e 03       		.uleb128 0x3
 843 001f 16       		.uleb128 0x16
 844 0020 00       		.byte	0
 845 0021 03       		.uleb128 0x3
 846 0022 0E       		.uleb128 0xe
 847 0023 3A       		.uleb128 0x3a
 848 0024 0B       		.uleb128 0xb
 849 0025 3B       		.uleb128 0x3b
 850 0026 0B       		.uleb128 0xb
 851 0027 49       		.uleb128 0x49
 852 0028 13       		.uleb128 0x13
 853 0029 00       		.byte	0
 854 002a 00       		.byte	0
 855 002b 04       		.uleb128 0x4
 856 002c 24       		.uleb128 0x24
 857 002d 00       		.byte	0
 858 002e 0B       		.uleb128 0xb
 859 002f 0B       		.uleb128 0xb
 860 0030 3E       		.uleb128 0x3e
 861 0031 0B       		.uleb128 0xb
 862 0032 03       		.uleb128 0x3
 863 0033 08       		.uleb128 0x8
 864 0034 00       		.byte	0
 865 0035 00       		.byte	0
 866 0036 05       		.uleb128 0x5
 867 0037 16       		.uleb128 0x16
 868 0038 00       		.byte	0
 869 0039 03       		.uleb128 0x3
 870 003a 0E       		.uleb128 0xe
 871 003b 3A       		.uleb128 0x3a
 872 003c 0B       		.uleb128 0xb
 873 003d 3B       		.uleb128 0x3b
 874 003e 05       		.uleb128 0x5
 875 003f 49       		.uleb128 0x49
 876 0040 13       		.uleb128 0x13
 877 0041 00       		.byte	0
 878 0042 00       		.byte	0
 879 0043 06       		.uleb128 0x6
 880 0044 04       		.uleb128 0x4
 881 0045 01       		.byte	0x1
 882 0046 0B       		.uleb128 0xb
 883 0047 0B       		.uleb128 0xb
 884 0048 3A       		.uleb128 0x3a
 885 0049 0B       		.uleb128 0xb
 886 004a 3B       		.uleb128 0x3b
 887 004b 05       		.uleb128 0x5
 888 004c 01       		.uleb128 0x1
 889 004d 13       		.uleb128 0x13
 890 004e 00       		.byte	0
 891 004f 00       		.byte	0
 892 0050 07       		.uleb128 0x7
 893 0051 28       		.uleb128 0x28
 894 0052 00       		.byte	0
 895 0053 03       		.uleb128 0x3
 896 0054 0E       		.uleb128 0xe
 897 0055 1C       		.uleb128 0x1c
ARM GAS  C:\Users\IVYLIU~1\AppData\Local\Temp\ccuAT3hg.s 			page 19


 898 0056 0D       		.uleb128 0xd
 899 0057 00       		.byte	0
 900 0058 00       		.byte	0
 901 0059 08       		.uleb128 0x8
 902 005a 0F       		.uleb128 0xf
 903 005b 00       		.byte	0
 904 005c 0B       		.uleb128 0xb
 905 005d 0B       		.uleb128 0xb
 906 005e 49       		.uleb128 0x49
 907 005f 13       		.uleb128 0x13
 908 0060 00       		.byte	0
 909 0061 00       		.byte	0
 910 0062 09       		.uleb128 0x9
 911 0063 26       		.uleb128 0x26
 912 0064 00       		.byte	0
 913 0065 49       		.uleb128 0x49
 914 0066 13       		.uleb128 0x13
 915 0067 00       		.byte	0
 916 0068 00       		.byte	0
 917 0069 0A       		.uleb128 0xa
 918 006a 13       		.uleb128 0x13
 919 006b 01       		.byte	0x1
 920 006c 0B       		.uleb128 0xb
 921 006d 0B       		.uleb128 0xb
 922 006e 3A       		.uleb128 0x3a
 923 006f 0B       		.uleb128 0xb
 924 0070 3B       		.uleb128 0x3b
 925 0071 0B       		.uleb128 0xb
 926 0072 01       		.uleb128 0x1
 927 0073 13       		.uleb128 0x13
 928 0074 00       		.byte	0
 929 0075 00       		.byte	0
 930 0076 0B       		.uleb128 0xb
 931 0077 0D       		.uleb128 0xd
 932 0078 00       		.byte	0
 933 0079 03       		.uleb128 0x3
 934 007a 0E       		.uleb128 0xe
 935 007b 3A       		.uleb128 0x3a
 936 007c 0B       		.uleb128 0xb
 937 007d 3B       		.uleb128 0x3b
 938 007e 0B       		.uleb128 0xb
 939 007f 49       		.uleb128 0x49
 940 0080 13       		.uleb128 0x13
 941 0081 38       		.uleb128 0x38
 942 0082 0B       		.uleb128 0xb
 943 0083 00       		.byte	0
 944 0084 00       		.byte	0
 945 0085 0C       		.uleb128 0xc
 946 0086 13       		.uleb128 0x13
 947 0087 01       		.byte	0x1
 948 0088 0B       		.uleb128 0xb
 949 0089 0B       		.uleb128 0xb
 950 008a 3A       		.uleb128 0x3a
 951 008b 0B       		.uleb128 0xb
 952 008c 3B       		.uleb128 0x3b
 953 008d 05       		.uleb128 0x5
 954 008e 01       		.uleb128 0x1
ARM GAS  C:\Users\IVYLIU~1\AppData\Local\Temp\ccuAT3hg.s 			page 20


 955 008f 13       		.uleb128 0x13
 956 0090 00       		.byte	0
 957 0091 00       		.byte	0
 958 0092 0D       		.uleb128 0xd
 959 0093 0D       		.uleb128 0xd
 960 0094 00       		.byte	0
 961 0095 03       		.uleb128 0x3
 962 0096 0E       		.uleb128 0xe
 963 0097 3A       		.uleb128 0x3a
 964 0098 0B       		.uleb128 0xb
 965 0099 3B       		.uleb128 0x3b
 966 009a 05       		.uleb128 0x5
 967 009b 49       		.uleb128 0x49
 968 009c 13       		.uleb128 0x13
 969 009d 38       		.uleb128 0x38
 970 009e 0B       		.uleb128 0xb
 971 009f 00       		.byte	0
 972 00a0 00       		.byte	0
 973 00a1 0E       		.uleb128 0xe
 974 00a2 0D       		.uleb128 0xd
 975 00a3 00       		.byte	0
 976 00a4 03       		.uleb128 0x3
 977 00a5 08       		.uleb128 0x8
 978 00a6 3A       		.uleb128 0x3a
 979 00a7 0B       		.uleb128 0xb
 980 00a8 3B       		.uleb128 0x3b
 981 00a9 05       		.uleb128 0x5
 982 00aa 49       		.uleb128 0x49
 983 00ab 13       		.uleb128 0x13
 984 00ac 38       		.uleb128 0x38
 985 00ad 0B       		.uleb128 0xb
 986 00ae 00       		.byte	0
 987 00af 00       		.byte	0
 988 00b0 0F       		.uleb128 0xf
 989 00b1 2E       		.uleb128 0x2e
 990 00b2 01       		.byte	0x1
 991 00b3 3F       		.uleb128 0x3f
 992 00b4 19       		.uleb128 0x19
 993 00b5 03       		.uleb128 0x3
 994 00b6 0E       		.uleb128 0xe
 995 00b7 3A       		.uleb128 0x3a
 996 00b8 0B       		.uleb128 0xb
 997 00b9 3B       		.uleb128 0x3b
 998 00ba 0B       		.uleb128 0xb
 999 00bb 27       		.uleb128 0x27
 1000 00bc 19       		.uleb128 0x19
 1001 00bd 49       		.uleb128 0x49
 1002 00be 13       		.uleb128 0x13
 1003 00bf 11       		.uleb128 0x11
 1004 00c0 01       		.uleb128 0x1
 1005 00c1 12       		.uleb128 0x12
 1006 00c2 06       		.uleb128 0x6
 1007 00c3 40       		.uleb128 0x40
 1008 00c4 18       		.uleb128 0x18
 1009 00c5 9742     		.uleb128 0x2117
 1010 00c7 19       		.uleb128 0x19
 1011 00c8 01       		.uleb128 0x1
ARM GAS  C:\Users\IVYLIU~1\AppData\Local\Temp\ccuAT3hg.s 			page 21


 1012 00c9 13       		.uleb128 0x13
 1013 00ca 00       		.byte	0
 1014 00cb 00       		.byte	0
 1015 00cc 10       		.uleb128 0x10
 1016 00cd 05       		.uleb128 0x5
 1017 00ce 00       		.byte	0
 1018 00cf 03       		.uleb128 0x3
 1019 00d0 08       		.uleb128 0x8
 1020 00d1 3A       		.uleb128 0x3a
 1021 00d2 0B       		.uleb128 0xb
 1022 00d3 3B       		.uleb128 0x3b
 1023 00d4 0B       		.uleb128 0xb
 1024 00d5 49       		.uleb128 0x49
 1025 00d6 13       		.uleb128 0x13
 1026 00d7 02       		.uleb128 0x2
 1027 00d8 17       		.uleb128 0x17
 1028 00d9 00       		.byte	0
 1029 00da 00       		.byte	0
 1030 00db 11       		.uleb128 0x11
 1031 00dc 05       		.uleb128 0x5
 1032 00dd 00       		.byte	0
 1033 00de 03       		.uleb128 0x3
 1034 00df 0E       		.uleb128 0xe
 1035 00e0 3A       		.uleb128 0x3a
 1036 00e1 0B       		.uleb128 0xb
 1037 00e2 3B       		.uleb128 0x3b
 1038 00e3 0B       		.uleb128 0xb
 1039 00e4 49       		.uleb128 0x49
 1040 00e5 13       		.uleb128 0x13
 1041 00e6 02       		.uleb128 0x2
 1042 00e7 17       		.uleb128 0x17
 1043 00e8 00       		.byte	0
 1044 00e9 00       		.byte	0
 1045 00ea 12       		.uleb128 0x12
 1046 00eb 34       		.uleb128 0x34
 1047 00ec 00       		.byte	0
 1048 00ed 03       		.uleb128 0x3
 1049 00ee 0E       		.uleb128 0xe
 1050 00ef 3A       		.uleb128 0x3a
 1051 00f0 0B       		.uleb128 0xb
 1052 00f1 3B       		.uleb128 0x3b
 1053 00f2 0B       		.uleb128 0xb
 1054 00f3 49       		.uleb128 0x49
 1055 00f4 13       		.uleb128 0x13
 1056 00f5 02       		.uleb128 0x2
 1057 00f6 17       		.uleb128 0x17
 1058 00f7 00       		.byte	0
 1059 00f8 00       		.byte	0
 1060 00f9 13       		.uleb128 0x13
 1061 00fa 898201   		.uleb128 0x4109
 1062 00fd 01       		.byte	0x1
 1063 00fe 11       		.uleb128 0x11
 1064 00ff 01       		.uleb128 0x1
 1065 0100 31       		.uleb128 0x31
 1066 0101 13       		.uleb128 0x13
 1067 0102 00       		.byte	0
 1068 0103 00       		.byte	0
ARM GAS  C:\Users\IVYLIU~1\AppData\Local\Temp\ccuAT3hg.s 			page 22


 1069 0104 14       		.uleb128 0x14
 1070 0105 8A8201   		.uleb128 0x410a
 1071 0108 00       		.byte	0
 1072 0109 02       		.uleb128 0x2
 1073 010a 18       		.uleb128 0x18
 1074 010b 9142     		.uleb128 0x2111
 1075 010d 18       		.uleb128 0x18
 1076 010e 00       		.byte	0
 1077 010f 00       		.byte	0
 1078 0110 15       		.uleb128 0x15
 1079 0111 34       		.uleb128 0x34
 1080 0112 00       		.byte	0
 1081 0113 03       		.uleb128 0x3
 1082 0114 0E       		.uleb128 0xe
 1083 0115 3A       		.uleb128 0x3a
 1084 0116 0B       		.uleb128 0xb
 1085 0117 3B       		.uleb128 0x3b
 1086 0118 0B       		.uleb128 0xb
 1087 0119 49       		.uleb128 0x49
 1088 011a 13       		.uleb128 0x13
 1089 011b 3F       		.uleb128 0x3f
 1090 011c 19       		.uleb128 0x19
 1091 011d 3C       		.uleb128 0x3c
 1092 011e 19       		.uleb128 0x19
 1093 011f 00       		.byte	0
 1094 0120 00       		.byte	0
 1095 0121 16       		.uleb128 0x16
 1096 0122 01       		.uleb128 0x1
 1097 0123 01       		.byte	0x1
 1098 0124 49       		.uleb128 0x49
 1099 0125 13       		.uleb128 0x13
 1100 0126 01       		.uleb128 0x1
 1101 0127 13       		.uleb128 0x13
 1102 0128 00       		.byte	0
 1103 0129 00       		.byte	0
 1104 012a 17       		.uleb128 0x17
 1105 012b 21       		.uleb128 0x21
 1106 012c 00       		.byte	0
 1107 012d 49       		.uleb128 0x49
 1108 012e 13       		.uleb128 0x13
 1109 012f 2F       		.uleb128 0x2f
 1110 0130 0B       		.uleb128 0xb
 1111 0131 00       		.byte	0
 1112 0132 00       		.byte	0
 1113 0133 18       		.uleb128 0x18
 1114 0134 34       		.uleb128 0x34
 1115 0135 00       		.byte	0
 1116 0136 03       		.uleb128 0x3
 1117 0137 0E       		.uleb128 0xe
 1118 0138 3A       		.uleb128 0x3a
 1119 0139 0B       		.uleb128 0xb
 1120 013a 3B       		.uleb128 0x3b
 1121 013b 05       		.uleb128 0x5
 1122 013c 49       		.uleb128 0x49
 1123 013d 13       		.uleb128 0x13
 1124 013e 3F       		.uleb128 0x3f
 1125 013f 19       		.uleb128 0x19
ARM GAS  C:\Users\IVYLIU~1\AppData\Local\Temp\ccuAT3hg.s 			page 23


 1126 0140 3C       		.uleb128 0x3c
 1127 0141 19       		.uleb128 0x19
 1128 0142 00       		.byte	0
 1129 0143 00       		.byte	0
 1130 0144 19       		.uleb128 0x19
 1131 0145 21       		.uleb128 0x21
 1132 0146 00       		.byte	0
 1133 0147 49       		.uleb128 0x49
 1134 0148 13       		.uleb128 0x13
 1135 0149 2F       		.uleb128 0x2f
 1136 014a 05       		.uleb128 0x5
 1137 014b 00       		.byte	0
 1138 014c 00       		.byte	0
 1139 014d 1A       		.uleb128 0x1a
 1140 014e 0D       		.uleb128 0xd
 1141 014f 00       		.byte	0
 1142 0150 03       		.uleb128 0x3
 1143 0151 08       		.uleb128 0x8
 1144 0152 3A       		.uleb128 0x3a
 1145 0153 0B       		.uleb128 0xb
 1146 0154 3B       		.uleb128 0x3b
 1147 0155 0B       		.uleb128 0xb
 1148 0156 49       		.uleb128 0x49
 1149 0157 13       		.uleb128 0x13
 1150 0158 38       		.uleb128 0x38
 1151 0159 0B       		.uleb128 0xb
 1152 015a 00       		.byte	0
 1153 015b 00       		.byte	0
 1154 015c 1B       		.uleb128 0x1b
 1155 015d 2E       		.uleb128 0x2e
 1156 015e 01       		.byte	0x1
 1157 015f 3F       		.uleb128 0x3f
 1158 0160 19       		.uleb128 0x19
 1159 0161 03       		.uleb128 0x3
 1160 0162 0E       		.uleb128 0xe
 1161 0163 3A       		.uleb128 0x3a
 1162 0164 0B       		.uleb128 0xb
 1163 0165 3B       		.uleb128 0x3b
 1164 0166 05       		.uleb128 0x5
 1165 0167 27       		.uleb128 0x27
 1166 0168 19       		.uleb128 0x19
 1167 0169 49       		.uleb128 0x49
 1168 016a 13       		.uleb128 0x13
 1169 016b 3C       		.uleb128 0x3c
 1170 016c 19       		.uleb128 0x19
 1171 016d 00       		.byte	0
 1172 016e 00       		.byte	0
 1173 016f 1C       		.uleb128 0x1c
 1174 0170 05       		.uleb128 0x5
 1175 0171 00       		.byte	0
 1176 0172 49       		.uleb128 0x49
 1177 0173 13       		.uleb128 0x13
 1178 0174 00       		.byte	0
 1179 0175 00       		.byte	0
 1180 0176 00       		.byte	0
 1181              		.section	.debug_loc,"",%progbits
 1182              	.Ldebug_loc0:
ARM GAS  C:\Users\IVYLIU~1\AppData\Local\Temp\ccuAT3hg.s 			page 24


 1183              	.LLST0:
 1184 0000 00000000 		.4byte	.LVL0
 1185 0004 60000000 		.4byte	.LVL11
 1186 0008 0100     		.2byte	0x1
 1187 000a 50       		.byte	0x50
 1188 000b 60000000 		.4byte	.LVL11
 1189 000f 90000000 		.4byte	.LFE84
 1190 0013 0400     		.2byte	0x4
 1191 0015 F3       		.byte	0xf3
 1192 0016 01       		.uleb128 0x1
 1193 0017 50       		.byte	0x50
 1194 0018 9F       		.byte	0x9f
 1195 0019 00000000 		.4byte	0
 1196 001d 00000000 		.4byte	0
 1197              	.LLST1:
 1198 0021 00000000 		.4byte	.LVL0
 1199 0025 62000000 		.4byte	.LVL12
 1200 0029 0100     		.2byte	0x1
 1201 002b 51       		.byte	0x51
 1202 002c 62000000 		.4byte	.LVL12
 1203 0030 69000000 		.4byte	.LVL14-1
 1204 0034 0100     		.2byte	0x1
 1205 0036 50       		.byte	0x50
 1206 0037 69000000 		.4byte	.LVL14-1
 1207 003b 90000000 		.4byte	.LFE84
 1208 003f 0400     		.2byte	0x4
 1209 0041 F3       		.byte	0xf3
 1210 0042 01       		.uleb128 0x1
 1211 0043 51       		.byte	0x51
 1212 0044 9F       		.byte	0x9f
 1213 0045 00000000 		.4byte	0
 1214 0049 00000000 		.4byte	0
 1215              	.LLST2:
 1216 004d 00000000 		.4byte	.LVL0
 1217 0051 2E000000 		.4byte	.LVL2
 1218 0055 0100     		.2byte	0x1
 1219 0057 52       		.byte	0x52
 1220 0058 2E000000 		.4byte	.LVL2
 1221 005c 38000000 		.4byte	.LVL3
 1222 0060 0200     		.2byte	0x2
 1223 0062 70       		.byte	0x70
 1224 0063 14       		.sleb128 20
 1225 0064 38000000 		.4byte	.LVL3
 1226 0068 3A000000 		.4byte	.LVL4
 1227 006c 0100     		.2byte	0x1
 1228 006e 52       		.byte	0x52
 1229 006f 3A000000 		.4byte	.LVL4
 1230 0073 44000000 		.4byte	.LVL5
 1231 0077 0200     		.2byte	0x2
 1232 0079 70       		.byte	0x70
 1233 007a 14       		.sleb128 20
 1234 007b 44000000 		.4byte	.LVL5
 1235 007f 46000000 		.4byte	.LVL6
 1236 0083 0100     		.2byte	0x1
 1237 0085 52       		.byte	0x52
 1238 0086 46000000 		.4byte	.LVL6
 1239 008a 50000000 		.4byte	.LVL7
ARM GAS  C:\Users\IVYLIU~1\AppData\Local\Temp\ccuAT3hg.s 			page 25


 1240 008e 0200     		.2byte	0x2
 1241 0090 70       		.byte	0x70
 1242 0091 14       		.sleb128 20
 1243 0092 50000000 		.4byte	.LVL7
 1244 0096 52000000 		.4byte	.LVL8
 1245 009a 0100     		.2byte	0x1
 1246 009c 52       		.byte	0x52
 1247 009d 52000000 		.4byte	.LVL8
 1248 00a1 5C000000 		.4byte	.LVL9
 1249 00a5 0200     		.2byte	0x2
 1250 00a7 70       		.byte	0x70
 1251 00a8 14       		.sleb128 20
 1252 00a9 5C000000 		.4byte	.LVL9
 1253 00ad 5E000000 		.4byte	.LVL10
 1254 00b1 0100     		.2byte	0x1
 1255 00b3 52       		.byte	0x52
 1256 00b4 5E000000 		.4byte	.LVL10
 1257 00b8 60000000 		.4byte	.LVL11
 1258 00bc 0200     		.2byte	0x2
 1259 00be 70       		.byte	0x70
 1260 00bf 14       		.sleb128 20
 1261 00c0 60000000 		.4byte	.LVL11
 1262 00c4 69000000 		.4byte	.LVL14-1
 1263 00c8 0500     		.2byte	0x5
 1264 00ca F3       		.byte	0xf3
 1265 00cb 01       		.uleb128 0x1
 1266 00cc 50       		.byte	0x50
 1267 00cd 23       		.byte	0x23
 1268 00ce 14       		.uleb128 0x14
 1269 00cf 69000000 		.4byte	.LVL14-1
 1270 00d3 90000000 		.4byte	.LFE84
 1271 00d7 0400     		.2byte	0x4
 1272 00d9 F3       		.byte	0xf3
 1273 00da 01       		.uleb128 0x1
 1274 00db 52       		.byte	0x52
 1275 00dc 9F       		.byte	0x9f
 1276 00dd 00000000 		.4byte	0
 1277 00e1 00000000 		.4byte	0
 1278              	.LLST3:
 1279 00e5 00000000 		.4byte	.LVL0
 1280 00e9 66000000 		.4byte	.LVL13
 1281 00ed 0100     		.2byte	0x1
 1282 00ef 53       		.byte	0x53
 1283 00f0 66000000 		.4byte	.LVL13
 1284 00f4 69000000 		.4byte	.LVL14-1
 1285 00f8 0300     		.2byte	0x3
 1286 00fa F3       		.byte	0xf3
 1287 00fb 01       		.uleb128 0x1
 1288 00fc 50       		.byte	0x50
 1289 00fd 69000000 		.4byte	.LVL14-1
 1290 0101 90000000 		.4byte	.LFE84
 1291 0105 0400     		.2byte	0x4
 1292 0107 F3       		.byte	0xf3
 1293 0108 01       		.uleb128 0x1
 1294 0109 53       		.byte	0x53
 1295 010a 9F       		.byte	0x9f
 1296 010b 00000000 		.4byte	0
ARM GAS  C:\Users\IVYLIU~1\AppData\Local\Temp\ccuAT3hg.s 			page 26


 1297 010f 00000000 		.4byte	0
 1298              	.LLST4:
 1299 0113 00000000 		.4byte	.LVL0
 1300 0117 6E000000 		.4byte	.LVL15
 1301 011b 0200     		.2byte	0x2
 1302 011d 91       		.byte	0x91
 1303 011e 00       		.sleb128 0
 1304 011f 6E000000 		.4byte	.LVL15
 1305 0123 90000000 		.4byte	.LFE84
 1306 0127 0200     		.2byte	0x2
 1307 0129 7D       		.byte	0x7d
 1308 012a 00       		.sleb128 0
 1309 012b 00000000 		.4byte	0
 1310 012f 00000000 		.4byte	0
 1311              	.LLST5:
 1312 0133 00000000 		.4byte	.LVL0
 1313 0137 6E000000 		.4byte	.LVL15
 1314 013b 0200     		.2byte	0x2
 1315 013d 91       		.byte	0x91
 1316 013e 04       		.sleb128 4
 1317 013f 6E000000 		.4byte	.LVL15
 1318 0143 90000000 		.4byte	.LFE84
 1319 0147 0200     		.2byte	0x2
 1320 0149 7D       		.byte	0x7d
 1321 014a 04       		.sleb128 4
 1322 014b 00000000 		.4byte	0
 1323 014f 00000000 		.4byte	0
 1324              	.LLST6:
 1325 0153 02000000 		.4byte	.LVL1
 1326 0157 5E000000 		.4byte	.LVL10
 1327 015b 0200     		.2byte	0x2
 1328 015d 30       		.byte	0x30
 1329 015e 9F       		.byte	0x9f
 1330 015f 5E000000 		.4byte	.LVL10
 1331 0163 6E000000 		.4byte	.LVL15
 1332 0167 0100     		.2byte	0x1
 1333 0169 54       		.byte	0x54
 1334 016a 6E000000 		.4byte	.LVL15
 1335 016e 90000000 		.4byte	.LFE84
 1336 0172 0100     		.2byte	0x1
 1337 0174 50       		.byte	0x50
 1338 0175 00000000 		.4byte	0
 1339 0179 00000000 		.4byte	0
 1340              		.section	.debug_aranges,"",%progbits
 1341 0000 1C000000 		.4byte	0x1c
 1342 0004 0200     		.2byte	0x2
 1343 0006 00000000 		.4byte	.Ldebug_info0
 1344 000a 04       		.byte	0x4
 1345 000b 00       		.byte	0
 1346 000c 0000     		.2byte	0
 1347 000e 0000     		.2byte	0
 1348 0010 00000000 		.4byte	.LFB84
 1349 0014 90000000 		.4byte	.LFE84-.LFB84
 1350 0018 00000000 		.4byte	0
 1351 001c 00000000 		.4byte	0
 1352              		.section	.debug_ranges,"",%progbits
 1353              	.Ldebug_ranges0:
ARM GAS  C:\Users\IVYLIU~1\AppData\Local\Temp\ccuAT3hg.s 			page 27


 1354 0000 00000000 		.4byte	.LFB84
 1355 0004 90000000 		.4byte	.LFE84
 1356 0008 00000000 		.4byte	0
 1357 000c 00000000 		.4byte	0
 1358              		.section	.debug_line,"",%progbits
 1359              	.Ldebug_line0:
 1360 0000 03020000 		.section	.debug_str,"MS",%progbits,1
 1360      0200C401 
 1360      00000201 
 1360      FB0E0D00 
 1360      01010101 
 1361              	.LASF76:
 1362 0000 61726D5F 		.ascii	"arm_dct4_init_q31\000"
 1362      64637434 
 1362      5F696E69 
 1362      745F7133 
 1362      3100
 1363              	.LASF41:
 1364 0012 61726D5F 		.ascii	"arm_cfft_instance_q31\000"
 1364      63666674 
 1364      5F696E73 
 1364      74616E63 
 1364      655F7133 
 1365              	.LASF70:
 1366 0028 636F735F 		.ascii	"cos_factorsQ31_8192\000"
 1366      66616374 
 1366      6F727351 
 1366      33315F38 
 1366      31393200 
 1367              	.LASF53:
 1368 003c 70526666 		.ascii	"pRfft\000"
 1368      7400
 1369              	.LASF57:
 1370 0042 5F5F636F 		.ascii	"__copy_table_t\000"
 1370      70795F74 
 1370      61626C65 
 1370      5F7400
 1371              	.LASF60:
 1372 0051 5F5F7A65 		.ascii	"__zero_table_t\000"
 1372      726F5F74 
 1372      61626C65 
 1372      5F7400
 1373              	.LASF3:
 1374 0060 5F5F7569 		.ascii	"__uint8_t\000"
 1374      6E74385F 
 1374      7400
 1375              	.LASF49:
 1376 006a 61726D5F 		.ascii	"arm_rfft_instance_q31\000"
 1376      72666674 
 1376      5F696E73 
 1376      74616E63 
 1376      655F7133 
 1377              	.LASF23:
 1378 0080 41524D5F 		.ascii	"ARM_MATH_SUCCESS\000"
 1378      4D415448 
 1378      5F535543 
 1378      43455353 
ARM GAS  C:\Users\IVYLIU~1\AppData\Local\Temp\ccuAT3hg.s 			page 28


 1378      00
 1379              	.LASF11:
 1380 0091 6C6F6E67 		.ascii	"long long unsigned int\000"
 1380      206C6F6E 
 1380      6720756E 
 1380      7369676E 
 1380      65642069 
 1381              	.LASF39:
 1382 00a8 61726D5F 		.ascii	"arm_cfft_radix4_instance_q31\000"
 1382      63666674 
 1382      5F726164 
 1382      6978345F 
 1382      696E7374 
 1383              	.LASF56:
 1384 00c5 535F4346 		.ascii	"S_CFFT\000"
 1384      465400
 1385              	.LASF59:
 1386 00cc 5F5F636F 		.ascii	"__copy_table_end__\000"
 1386      70795F74 
 1386      61626C65 
 1386      5F656E64 
 1386      5F5F00
 1387              	.LASF10:
 1388 00df 6C6F6E67 		.ascii	"long long int\000"
 1388      206C6F6E 
 1388      6720696E 
 1388      7400
 1389              	.LASF0:
 1390 00ed 7369676E 		.ascii	"signed char\000"
 1390      65642063 
 1390      68617200 
 1391              	.LASF61:
 1392 00f9 5F5F7A65 		.ascii	"__zero_table_start__\000"
 1392      726F5F74 
 1392      61626C65 
 1392      5F737461 
 1392      72745F5F 
 1393              	.LASF50:
 1394 010e 4E627932 		.ascii	"Nby2\000"
 1394      00
 1395              	.LASF7:
 1396 0113 6C6F6E67 		.ascii	"long int\000"
 1396      20696E74 
 1396      00
 1397              	.LASF68:
 1398 011c 636F735F 		.ascii	"cos_factorsQ31_2048\000"
 1398      66616374 
 1398      6F727351 
 1398      33315F32 
 1398      30343800 
 1399              	.LASF36:
 1400 0130 70426974 		.ascii	"pBitRevTable\000"
 1400      52657654 
 1400      61626C65 
 1400      00
 1401              	.LASF14:
 1402 013d 75696E74 		.ascii	"uint16_t\000"
ARM GAS  C:\Users\IVYLIU~1\AppData\Local\Temp\ccuAT3hg.s 			page 29


 1402      31365F74 
 1402      00
 1403              	.LASF19:
 1404 0146 646F7562 		.ascii	"double\000"
 1404      6C6500
 1405              	.LASF43:
 1406 014d 69666674 		.ascii	"ifftFlagR\000"
 1406      466C6167 
 1406      5200
 1407              	.LASF8:
 1408 0157 5F5F7569 		.ascii	"__uint32_t\000"
 1408      6E743332 
 1408      5F7400
 1409              	.LASF47:
 1410 0162 70547769 		.ascii	"pTwiddleBReal\000"
 1410      64646C65 
 1410      42526561 
 1410      6C00
 1411              	.LASF32:
 1412 0170 6666744C 		.ascii	"fftLen\000"
 1412      656E00
 1413              	.LASF58:
 1414 0177 5F5F636F 		.ascii	"__copy_table_start__\000"
 1414      70795F74 
 1414      61626C65 
 1414      5F737461 
 1414      72745F5F 
 1415              	.LASF12:
 1416 018c 756E7369 		.ascii	"unsigned int\000"
 1416      676E6564 
 1416      20696E74 
 1416      00
 1417              	.LASF9:
 1418 0199 6C6F6E67 		.ascii	"long unsigned int\000"
 1418      20756E73 
 1418      69676E65 
 1418      6420696E 
 1418      7400
 1419              	.LASF5:
 1420 01ab 73686F72 		.ascii	"short unsigned int\000"
 1420      7420756E 
 1420      7369676E 
 1420      65642069 
 1420      6E7400
 1421              	.LASF30:
 1422 01be 41524D5F 		.ascii	"ARM_MATH_DECOMPOSITION_FAILURE\000"
 1422      4D415448 
 1422      5F444543 
 1422      4F4D504F 
 1422      53495449 
 1423              	.LASF38:
 1424 01dd 62697452 		.ascii	"bitRevFactor\000"
 1424      65764661 
 1424      63746F72 
 1424      00
 1425              	.LASF29:
 1426 01ea 41524D5F 		.ascii	"ARM_MATH_TEST_FAILURE\000"
ARM GAS  C:\Users\IVYLIU~1\AppData\Local\Temp\ccuAT3hg.s 			page 30


 1426      4D415448 
 1426      5F544553 
 1426      545F4641 
 1426      494C5552 
 1427              	.LASF69:
 1428 0200 57656967 		.ascii	"WeightsQ31_8192\000"
 1428      68747351 
 1428      33315F38 
 1428      31393200 
 1429              	.LASF55:
 1430 0210 535F5246 		.ascii	"S_RFFT\000"
 1430      465400
 1431              	.LASF54:
 1432 0217 61726D5F 		.ascii	"arm_dct4_instance_q31\000"
 1432      64637434 
 1432      5F696E73 
 1432      74616E63 
 1432      655F7133 
 1433              	.LASF17:
 1434 022d 73697A65 		.ascii	"sizetype\000"
 1434      74797065 
 1434      00
 1435              	.LASF21:
 1436 0236 6C6F6E67 		.ascii	"long double\000"
 1436      20646F75 
 1436      626C6500 
 1437              	.LASF44:
 1438 0242 62697452 		.ascii	"bitReverseFlagR\000"
 1438      65766572 
 1438      7365466C 
 1438      61675200 
 1439              	.LASF34:
 1440 0252 62697452 		.ascii	"bitReverseFlag\000"
 1440      65766572 
 1440      7365466C 
 1440      616700
 1441              	.LASF71:
 1442 0261 64657374 		.ascii	"dest\000"
 1442      00
 1443              	.LASF25:
 1444 0266 41524D5F 		.ascii	"ARM_MATH_LENGTH_ERROR\000"
 1444      4D415448 
 1444      5F4C454E 
 1444      4754485F 
 1444      4552524F 
 1445              	.LASF20:
 1446 027c 666C6F61 		.ascii	"float\000"
 1446      7400
 1447              	.LASF28:
 1448 0282 41524D5F 		.ascii	"ARM_MATH_SINGULAR\000"
 1448      4D415448 
 1448      5F53494E 
 1448      47554C41 
 1448      5200
 1449              	.LASF64:
 1450 0294 636F735F 		.ascii	"cos_factorsQ31_128\000"
 1450      66616374 
ARM GAS  C:\Users\IVYLIU~1\AppData\Local\Temp\ccuAT3hg.s 			page 31


 1450      6F727351 
 1450      33315F31 
 1450      323800
 1451              	.LASF27:
 1452 02a7 41524D5F 		.ascii	"ARM_MATH_NANINF\000"
 1452      4D415448 
 1452      5F4E414E 
 1452      494E4600 
 1453              	.LASF40:
 1454 02b7 62697452 		.ascii	"bitRevLength\000"
 1454      65764C65 
 1454      6E677468 
 1454      00
 1455              	.LASF15:
 1456 02c4 696E7433 		.ascii	"int32_t\000"
 1456      325F7400 
 1457              	.LASF1:
 1458 02cc 756E7369 		.ascii	"unsigned char\000"
 1458      676E6564 
 1458      20636861 
 1458      7200
 1459              	.LASF63:
 1460 02da 57656967 		.ascii	"WeightsQ31_128\000"
 1460      68747351 
 1460      33315F31 
 1460      323800
 1461              	.LASF67:
 1462 02e9 57656967 		.ascii	"WeightsQ31_2048\000"
 1462      68747351 
 1462      33315F32 
 1462      30343800 
 1463              	.LASF72:
 1464 02f9 776C656E 		.ascii	"wlen\000"
 1464      00
 1465              	.LASF46:
 1466 02fe 70547769 		.ascii	"pTwiddleAReal\000"
 1466      64646C65 
 1466      41526561 
 1466      6C00
 1467              	.LASF2:
 1468 030c 73686F72 		.ascii	"short int\000"
 1468      7420696E 
 1468      7400
 1469              	.LASF24:
 1470 0316 41524D5F 		.ascii	"ARM_MATH_ARGUMENT_ERROR\000"
 1470      4D415448 
 1470      5F415247 
 1470      554D454E 
 1470      545F4552 
 1471              	.LASF48:
 1472 032e 70436666 		.ascii	"pCfft\000"
 1472      7400
 1473              	.LASF51:
 1474 0334 6E6F726D 		.ascii	"normalize\000"
 1474      616C697A 
 1474      6500
 1475              	.LASF22:
ARM GAS  C:\Users\IVYLIU~1\AppData\Local\Temp\ccuAT3hg.s 			page 32


 1476 033e 7133315F 		.ascii	"q31_t\000"
 1476      7400
 1477              	.LASF78:
 1478 0344 61726D5F 		.ascii	"arm_rfft_init_q31\000"
 1478      72666674 
 1478      5F696E69 
 1478      745F7133 
 1478      3100
 1479              	.LASF16:
 1480 0356 75696E74 		.ascii	"uint32_t\000"
 1480      33325F74 
 1480      00
 1481              	.LASF66:
 1482 035f 636F735F 		.ascii	"cos_factorsQ31_512\000"
 1482      66616374 
 1482      6F727351 
 1482      33315F35 
 1482      313200
 1483              	.LASF75:
 1484 0372 5C5C766D 		.ascii	"\\\\vmware-host\\Shared Folders\\Documents\\PSoC Cr"
 1484      77617265 
 1484      2D686F73 
 1484      745C5368 
 1484      61726564 
 1485 03a0 6561746F 		.ascii	"eator\\FinalProject\\SoundDetection.cydsn\000"
 1485      725C4669 
 1485      6E616C50 
 1485      726F6A65 
 1485      63745C53 
 1486              	.LASF45:
 1487 03c8 74776964 		.ascii	"twidCoefRModifier\000"
 1487      436F6566 
 1487      524D6F64 
 1487      69666965 
 1487      7200
 1488              	.LASF18:
 1489 03da 63686172 		.ascii	"char\000"
 1489      00
 1490              	.LASF4:
 1491 03df 5F5F7569 		.ascii	"__uint16_t\000"
 1491      6E743136 
 1491      5F7400
 1492              	.LASF65:
 1493 03ea 57656967 		.ascii	"WeightsQ31_512\000"
 1493      68747351 
 1493      33315F35 
 1493      313200
 1494              	.LASF26:
 1495 03f9 41524D5F 		.ascii	"ARM_MATH_SIZE_MISMATCH\000"
 1495      4D415448 
 1495      5F53495A 
 1495      455F4D49 
 1495      534D4154 
 1496              	.LASF6:
 1497 0410 5F5F696E 		.ascii	"__int32_t\000"
 1497      7433325F 
 1497      7400
ARM GAS  C:\Users\IVYLIU~1\AppData\Local\Temp\ccuAT3hg.s 			page 33


 1498              	.LASF62:
 1499 041a 5F5F7A65 		.ascii	"__zero_table_end__\000"
 1499      726F5F74 
 1499      61626C65 
 1499      5F656E64 
 1499      5F5F00
 1500              	.LASF35:
 1501 042d 70547769 		.ascii	"pTwiddle\000"
 1501      64646C65 
 1501      00
 1502              	.LASF77:
 1503 0436 73746174 		.ascii	"status\000"
 1503      757300
 1504              	.LASF13:
 1505 043d 75696E74 		.ascii	"uint8_t\000"
 1505      385F7400 
 1506              	.LASF74:
 1507 0445 2E5C4453 		.ascii	".\\DSP\\Source\\TransformFunctions\\arm_dct4_init_q"
 1507      505C536F 
 1507      75726365 
 1507      5C547261 
 1507      6E73666F 
 1508 0474 33312E63 		.ascii	"31.c\000"
 1508      00
 1509              	.LASF31:
 1510 0479 61726D5F 		.ascii	"arm_status\000"
 1510      73746174 
 1510      757300
 1511              	.LASF37:
 1512 0484 74776964 		.ascii	"twidCoefModifier\000"
 1512      436F6566 
 1512      4D6F6469 
 1512      66696572 
 1512      00
 1513              	.LASF42:
 1514 0495 6666744C 		.ascii	"fftLenReal\000"
 1514      656E5265 
 1514      616C00
 1515              	.LASF52:
 1516 04a0 70436F73 		.ascii	"pCosFactor\000"
 1516      46616374 
 1516      6F7200
 1517              	.LASF73:
 1518 04ab 474E5520 		.ascii	"GNU C 4.9.3 20150303 (release) [ARM/embedded-4_9-br"
 1518      4320342E 
 1518      392E3320 
 1518      32303135 
 1518      30333033 
 1519 04de 616E6368 		.ascii	"anch revision 221220] -mcpu=cortex-m3 -mthumb -g -O"
 1519      20726576 
 1519      6973696F 
 1519      6E203232 
 1519      31323230 
 1520 0511 67202D73 		.ascii	"g -std=gnu99 -ffunction-sections -ffat-lto-objects\000"
 1520      74643D67 
 1520      6E753939 
 1520      202D6666 
ARM GAS  C:\Users\IVYLIU~1\AppData\Local\Temp\ccuAT3hg.s 			page 34


 1520      756E6374 
 1521              	.LASF33:
 1522 0544 69666674 		.ascii	"ifftFlag\000"
 1522      466C6167 
 1522      00
 1523              		.ident	"GCC: (GNU Tools for ARM Embedded Processors) 4.9.3 20150303 (release) [ARM/embedded-4_9-br
