ARM GAS  C:\Users\IVYLIU~1\AppData\Local\Temp\ccufEq9w.s 			page 1


   1              		.syntax unified
   2              		.cpu cortex-m3
   3              		.fpu softvfp
   4              		.eabi_attribute 20, 1
   5              		.eabi_attribute 21, 1
   6              		.eabi_attribute 23, 3
   7              		.eabi_attribute 24, 1
   8              		.eabi_attribute 25, 1
   9              		.eabi_attribute 26, 1
  10              		.eabi_attribute 30, 1
  11              		.eabi_attribute 34, 1
  12              		.eabi_attribute 18, 4
  13              		.thumb
  14              		.file	"arm_and_u16.c"
  15              		.text
  16              	.Ltext0:
  17              		.cfi_sections	.debug_frame
  18              		.section	.text.arm_and_u16,"ax",%progbits
  19              		.align	2
  20              		.global	arm_and_u16
  21              		.thumb
  22              		.thumb_func
  23              		.type	arm_and_u16, %function
  24              	arm_and_u16:
  25              	.LFB83:
  26              		.file 1 ".\\DSP\\Source\\BasicMathFunctions\\arm_and_u16.c"
   1:.\DSP\Source\BasicMathFunctions/arm_and_u16.c **** /* ----------------------------------------------------------------------
   2:.\DSP\Source\BasicMathFunctions/arm_and_u16.c ****  * Project:      CMSIS DSP Library
   3:.\DSP\Source\BasicMathFunctions/arm_and_u16.c ****  * Title:        arm_and_u16.c
   4:.\DSP\Source\BasicMathFunctions/arm_and_u16.c ****  * Description:  uint16_t bitwise AND
   5:.\DSP\Source\BasicMathFunctions/arm_and_u16.c ****  *
   6:.\DSP\Source\BasicMathFunctions/arm_and_u16.c ****  * $Date:        23 April 2021
   7:.\DSP\Source\BasicMathFunctions/arm_and_u16.c ****  * $Revision:    V1.9.0
   8:.\DSP\Source\BasicMathFunctions/arm_and_u16.c ****  *
   9:.\DSP\Source\BasicMathFunctions/arm_and_u16.c ****  * Target Processor: Cortex-M and Cortex-A cores
  10:.\DSP\Source\BasicMathFunctions/arm_and_u16.c ****  * -------------------------------------------------------------------- */
  11:.\DSP\Source\BasicMathFunctions/arm_and_u16.c **** /*
  12:.\DSP\Source\BasicMathFunctions/arm_and_u16.c ****  * Copyright (C) 2010-2021 ARM Limited or its affiliates. All rights reserved.
  13:.\DSP\Source\BasicMathFunctions/arm_and_u16.c ****  *
  14:.\DSP\Source\BasicMathFunctions/arm_and_u16.c ****  * SPDX-License-Identifier: Apache-2.0
  15:.\DSP\Source\BasicMathFunctions/arm_and_u16.c ****  *
  16:.\DSP\Source\BasicMathFunctions/arm_and_u16.c ****  * Licensed under the Apache License, Version 2.0 (the License); you may
  17:.\DSP\Source\BasicMathFunctions/arm_and_u16.c ****  * not use this file except in compliance with the License.
  18:.\DSP\Source\BasicMathFunctions/arm_and_u16.c ****  * You may obtain a copy of the License at
  19:.\DSP\Source\BasicMathFunctions/arm_and_u16.c ****  *
  20:.\DSP\Source\BasicMathFunctions/arm_and_u16.c ****  * www.apache.org/licenses/LICENSE-2.0
  21:.\DSP\Source\BasicMathFunctions/arm_and_u16.c ****  *
  22:.\DSP\Source\BasicMathFunctions/arm_and_u16.c ****  * Unless required by applicable law or agreed to in writing, software
  23:.\DSP\Source\BasicMathFunctions/arm_and_u16.c ****  * distributed under the License is distributed on an AS IS BASIS, WITHOUT
  24:.\DSP\Source\BasicMathFunctions/arm_and_u16.c ****  * WARRANTIES OR CONDITIONS OF ANY KIND, either express or implied.
  25:.\DSP\Source\BasicMathFunctions/arm_and_u16.c ****  * See the License for the specific language governing permissions and
  26:.\DSP\Source\BasicMathFunctions/arm_and_u16.c ****  * limitations under the License.
  27:.\DSP\Source\BasicMathFunctions/arm_and_u16.c ****  */
  28:.\DSP\Source\BasicMathFunctions/arm_and_u16.c **** 
  29:.\DSP\Source\BasicMathFunctions/arm_and_u16.c **** #include "dsp/basic_math_functions.h"
  30:.\DSP\Source\BasicMathFunctions/arm_and_u16.c **** 
  31:.\DSP\Source\BasicMathFunctions/arm_and_u16.c **** /**
ARM GAS  C:\Users\IVYLIU~1\AppData\Local\Temp\ccufEq9w.s 			page 2


  32:.\DSP\Source\BasicMathFunctions/arm_and_u16.c ****   @ingroup groupMath
  33:.\DSP\Source\BasicMathFunctions/arm_and_u16.c ****  */
  34:.\DSP\Source\BasicMathFunctions/arm_and_u16.c **** 
  35:.\DSP\Source\BasicMathFunctions/arm_and_u16.c **** /**
  36:.\DSP\Source\BasicMathFunctions/arm_and_u16.c ****   @defgroup And Vector bitwise AND
  37:.\DSP\Source\BasicMathFunctions/arm_and_u16.c **** 
  38:.\DSP\Source\BasicMathFunctions/arm_and_u16.c ****   Compute the logical bitwise AND.
  39:.\DSP\Source\BasicMathFunctions/arm_and_u16.c **** 
  40:.\DSP\Source\BasicMathFunctions/arm_and_u16.c ****   There are separate functions for uint32_t, uint16_t, and uint7_t data types.
  41:.\DSP\Source\BasicMathFunctions/arm_and_u16.c ****  */
  42:.\DSP\Source\BasicMathFunctions/arm_and_u16.c **** 
  43:.\DSP\Source\BasicMathFunctions/arm_and_u16.c **** /**
  44:.\DSP\Source\BasicMathFunctions/arm_and_u16.c ****   @addtogroup And
  45:.\DSP\Source\BasicMathFunctions/arm_and_u16.c ****   @{
  46:.\DSP\Source\BasicMathFunctions/arm_and_u16.c ****  */
  47:.\DSP\Source\BasicMathFunctions/arm_and_u16.c **** 
  48:.\DSP\Source\BasicMathFunctions/arm_and_u16.c **** /**
  49:.\DSP\Source\BasicMathFunctions/arm_and_u16.c ****   @brief         Compute the logical bitwise AND of two fixed-point vectors.
  50:.\DSP\Source\BasicMathFunctions/arm_and_u16.c ****   @param[in]     pSrcA      points to input vector A
  51:.\DSP\Source\BasicMathFunctions/arm_and_u16.c ****   @param[in]     pSrcB      points to input vector B
  52:.\DSP\Source\BasicMathFunctions/arm_and_u16.c ****   @param[out]    pDst       points to output vector
  53:.\DSP\Source\BasicMathFunctions/arm_and_u16.c ****   @param[in]     blockSize  number of samples in each vector
  54:.\DSP\Source\BasicMathFunctions/arm_and_u16.c ****   @return        none
  55:.\DSP\Source\BasicMathFunctions/arm_and_u16.c ****  */
  56:.\DSP\Source\BasicMathFunctions/arm_and_u16.c **** 
  57:.\DSP\Source\BasicMathFunctions/arm_and_u16.c **** void arm_and_u16(
  58:.\DSP\Source\BasicMathFunctions/arm_and_u16.c ****     const uint16_t * pSrcA,
  59:.\DSP\Source\BasicMathFunctions/arm_and_u16.c ****     const uint16_t * pSrcB,
  60:.\DSP\Source\BasicMathFunctions/arm_and_u16.c ****           uint16_t * pDst,
  61:.\DSP\Source\BasicMathFunctions/arm_and_u16.c ****           uint32_t blockSize)
  62:.\DSP\Source\BasicMathFunctions/arm_and_u16.c **** {
  27              		.loc 1 62 0
  28              		.cfi_startproc
  29              		@ args = 0, pretend = 0, frame = 0
  30              		@ frame_needed = 0, uses_anonymous_args = 0
  31              		@ link register save eliminated.
  32              	.LVL0:
  33 0000 30B4     		push	{r4, r5}
  34              		.cfi_def_cfa_offset 8
  35              		.cfi_offset 4, -8
  36              		.cfi_offset 5, -4
  37              	.LVL1:
  63:.\DSP\Source\BasicMathFunctions/arm_and_u16.c ****     uint32_t blkCnt;      /* Loop counter */
  64:.\DSP\Source\BasicMathFunctions/arm_and_u16.c **** 
  65:.\DSP\Source\BasicMathFunctions/arm_and_u16.c **** #if defined(ARM_MATH_MVEI) && !defined(ARM_MATH_AUTOVECTORIZE)
  66:.\DSP\Source\BasicMathFunctions/arm_and_u16.c ****     uint16x8_t vecSrcA, vecSrcB;
  67:.\DSP\Source\BasicMathFunctions/arm_and_u16.c **** 
  68:.\DSP\Source\BasicMathFunctions/arm_and_u16.c ****     /* Compute 8 outputs at a time */
  69:.\DSP\Source\BasicMathFunctions/arm_and_u16.c ****     blkCnt = blockSize >> 3;
  70:.\DSP\Source\BasicMathFunctions/arm_and_u16.c **** 
  71:.\DSP\Source\BasicMathFunctions/arm_and_u16.c ****     while (blkCnt > 0U)
  72:.\DSP\Source\BasicMathFunctions/arm_and_u16.c ****     {
  73:.\DSP\Source\BasicMathFunctions/arm_and_u16.c ****         vecSrcA = vld1q(pSrcA);
  74:.\DSP\Source\BasicMathFunctions/arm_and_u16.c ****         vecSrcB = vld1q(pSrcB);
  75:.\DSP\Source\BasicMathFunctions/arm_and_u16.c **** 
  76:.\DSP\Source\BasicMathFunctions/arm_and_u16.c ****         vst1q(pDst, vandq_u16(vecSrcA, vecSrcB) );
  77:.\DSP\Source\BasicMathFunctions/arm_and_u16.c **** 
ARM GAS  C:\Users\IVYLIU~1\AppData\Local\Temp\ccufEq9w.s 			page 3


  78:.\DSP\Source\BasicMathFunctions/arm_and_u16.c ****         pSrcA += 8;
  79:.\DSP\Source\BasicMathFunctions/arm_and_u16.c ****         pSrcB += 8;
  80:.\DSP\Source\BasicMathFunctions/arm_and_u16.c ****         pDst  += 8;
  81:.\DSP\Source\BasicMathFunctions/arm_and_u16.c **** 
  82:.\DSP\Source\BasicMathFunctions/arm_and_u16.c ****         /* Decrement the loop counter */
  83:.\DSP\Source\BasicMathFunctions/arm_and_u16.c ****         blkCnt--;
  84:.\DSP\Source\BasicMathFunctions/arm_and_u16.c ****     }
  85:.\DSP\Source\BasicMathFunctions/arm_and_u16.c **** 
  86:.\DSP\Source\BasicMathFunctions/arm_and_u16.c ****     /* Tail */
  87:.\DSP\Source\BasicMathFunctions/arm_and_u16.c ****     blkCnt = blockSize & 7;
  88:.\DSP\Source\BasicMathFunctions/arm_and_u16.c **** 
  89:.\DSP\Source\BasicMathFunctions/arm_and_u16.c ****     if (blkCnt > 0U)
  90:.\DSP\Source\BasicMathFunctions/arm_and_u16.c ****     {
  91:.\DSP\Source\BasicMathFunctions/arm_and_u16.c ****         mve_pred16_t p0 = vctp16q(blkCnt);
  92:.\DSP\Source\BasicMathFunctions/arm_and_u16.c ****         vecSrcA = vld1q(pSrcA);
  93:.\DSP\Source\BasicMathFunctions/arm_and_u16.c ****         vecSrcB = vld1q(pSrcB);
  94:.\DSP\Source\BasicMathFunctions/arm_and_u16.c ****         vstrhq_p(pDst, vandq_u16(vecSrcA, vecSrcB), p0);
  95:.\DSP\Source\BasicMathFunctions/arm_and_u16.c ****     }
  96:.\DSP\Source\BasicMathFunctions/arm_and_u16.c **** #else
  97:.\DSP\Source\BasicMathFunctions/arm_and_u16.c **** #if defined(ARM_MATH_NEON) && !defined(ARM_MATH_AUTOVECTORIZE)
  98:.\DSP\Source\BasicMathFunctions/arm_and_u16.c ****     uint16x8_t vecA, vecB;
  99:.\DSP\Source\BasicMathFunctions/arm_and_u16.c **** 
 100:.\DSP\Source\BasicMathFunctions/arm_and_u16.c ****     /* Compute 8 outputs at a time */
 101:.\DSP\Source\BasicMathFunctions/arm_and_u16.c ****     blkCnt = blockSize >> 3U;
 102:.\DSP\Source\BasicMathFunctions/arm_and_u16.c **** 
 103:.\DSP\Source\BasicMathFunctions/arm_and_u16.c ****     while (blkCnt > 0U)
 104:.\DSP\Source\BasicMathFunctions/arm_and_u16.c ****     {
 105:.\DSP\Source\BasicMathFunctions/arm_and_u16.c ****         vecA = vld1q_u16(pSrcA);
 106:.\DSP\Source\BasicMathFunctions/arm_and_u16.c ****         vecB = vld1q_u16(pSrcB);
 107:.\DSP\Source\BasicMathFunctions/arm_and_u16.c **** 
 108:.\DSP\Source\BasicMathFunctions/arm_and_u16.c ****         vst1q_u16(pDst, vandq_u16(vecA, vecB) );
 109:.\DSP\Source\BasicMathFunctions/arm_and_u16.c **** 
 110:.\DSP\Source\BasicMathFunctions/arm_and_u16.c ****         pSrcA += 8;
 111:.\DSP\Source\BasicMathFunctions/arm_and_u16.c ****         pSrcB += 8;
 112:.\DSP\Source\BasicMathFunctions/arm_and_u16.c ****         pDst  += 8;
 113:.\DSP\Source\BasicMathFunctions/arm_and_u16.c **** 
 114:.\DSP\Source\BasicMathFunctions/arm_and_u16.c ****         /* Decrement the loop counter */
 115:.\DSP\Source\BasicMathFunctions/arm_and_u16.c ****         blkCnt--;
 116:.\DSP\Source\BasicMathFunctions/arm_and_u16.c ****     }
 117:.\DSP\Source\BasicMathFunctions/arm_and_u16.c **** 
 118:.\DSP\Source\BasicMathFunctions/arm_and_u16.c ****     /* Tail */
 119:.\DSP\Source\BasicMathFunctions/arm_and_u16.c ****     blkCnt = blockSize & 7;
 120:.\DSP\Source\BasicMathFunctions/arm_and_u16.c **** #else
 121:.\DSP\Source\BasicMathFunctions/arm_and_u16.c ****     /* Initialize blkCnt with number of samples */
 122:.\DSP\Source\BasicMathFunctions/arm_and_u16.c ****     blkCnt = blockSize;
 123:.\DSP\Source\BasicMathFunctions/arm_and_u16.c **** #endif
 124:.\DSP\Source\BasicMathFunctions/arm_and_u16.c **** 
 125:.\DSP\Source\BasicMathFunctions/arm_and_u16.c ****     while (blkCnt > 0U)
  38              		.loc 1 125 0
  39 0002 07E0     		b	.L2
  40              	.LVL2:
  41              	.L3:
 126:.\DSP\Source\BasicMathFunctions/arm_and_u16.c ****     {
 127:.\DSP\Source\BasicMathFunctions/arm_and_u16.c ****         *pDst++ = (*pSrcA++)&(*pSrcB++);
  42              		.loc 1 127 0
  43 0004 0588     		ldrh	r5, [r0]
  44              	.LVL3:
ARM GAS  C:\Users\IVYLIU~1\AppData\Local\Temp\ccufEq9w.s 			page 4


  45 0006 0C88     		ldrh	r4, [r1]
  46 0008 2C40     		ands	r4, r4, r5
  47 000a 1480     		strh	r4, [r2]	@ movhi
 128:.\DSP\Source\BasicMathFunctions/arm_and_u16.c **** 
 129:.\DSP\Source\BasicMathFunctions/arm_and_u16.c ****         /* Decrement the loop counter */
 130:.\DSP\Source\BasicMathFunctions/arm_and_u16.c ****         blkCnt--;
  48              		.loc 1 130 0
  49 000c 013B     		subs	r3, r3, #1
  50              	.LVL4:
 127:.\DSP\Source\BasicMathFunctions/arm_and_u16.c **** 
  51              		.loc 1 127 0
  52 000e 0232     		adds	r2, r2, #2
  53              	.LVL5:
  54 0010 0231     		adds	r1, r1, #2
  55              	.LVL6:
  56 0012 0230     		adds	r0, r0, #2
  57              	.LVL7:
  58              	.L2:
 125:.\DSP\Source\BasicMathFunctions/arm_and_u16.c ****     {
  59              		.loc 1 125 0
  60 0014 002B     		cmp	r3, #0
  61 0016 F5D1     		bne	.L3
 131:.\DSP\Source\BasicMathFunctions/arm_and_u16.c ****     }
 132:.\DSP\Source\BasicMathFunctions/arm_and_u16.c **** #endif /* if defined(ARM_MATH_MVEI) */
 133:.\DSP\Source\BasicMathFunctions/arm_and_u16.c **** }
  62              		.loc 1 133 0
  63 0018 30BC     		pop	{r4, r5}
  64              		.cfi_restore 5
  65              		.cfi_restore 4
  66              		.cfi_def_cfa_offset 0
  67 001a 7047     		bx	lr
  68              		.cfi_endproc
  69              	.LFE83:
  70              		.size	arm_and_u16, .-arm_and_u16
  71              		.text
  72              	.Letext0:
  73              		.file 2 "c:\\program files (x86)\\cypress\\psoc creator\\3.3\\psoc creator\\import\\gnu\\arm\\4.9.
  74              		.file 3 "c:\\program files (x86)\\cypress\\psoc creator\\3.3\\psoc creator\\import\\gnu\\arm\\4.9.
  75              		.file 4 ".\\Core\\Include/cmsis_gcc.h"
  76              		.section	.debug_info,"",%progbits
  77              	.Ldebug_info0:
  78 0000 CE010000 		.4byte	0x1ce
  79 0004 0400     		.2byte	0x4
  80 0006 00000000 		.4byte	.Ldebug_abbrev0
  81 000a 04       		.byte	0x4
  82 000b 01       		.uleb128 0x1
  83 000c A9010000 		.4byte	.LASF30
  84 0010 01       		.byte	0x1
  85 0011 B7000000 		.4byte	.LASF31
  86 0015 3B010000 		.4byte	.LASF32
  87 0019 00000000 		.4byte	.Ldebug_ranges0+0
  88 001d 00000000 		.4byte	0
  89 0021 00000000 		.4byte	.Ldebug_line0
  90 0025 02       		.uleb128 0x2
  91 0026 01       		.byte	0x1
  92 0027 06       		.byte	0x6
  93 0028 75020000 		.4byte	.LASF0
ARM GAS  C:\Users\IVYLIU~1\AppData\Local\Temp\ccufEq9w.s 			page 5


  94 002c 02       		.uleb128 0x2
  95 002d 01       		.byte	0x1
  96 002e 08       		.byte	0x8
  97 002f 48000000 		.4byte	.LASF1
  98 0033 02       		.uleb128 0x2
  99 0034 02       		.byte	0x2
 100 0035 05       		.byte	0x5
 101 0036 96010000 		.4byte	.LASF2
 102 003a 03       		.uleb128 0x3
 103 003b 9A000000 		.4byte	.LASF5
 104 003f 02       		.byte	0x2
 105 0040 2B       		.byte	0x2b
 106 0041 45000000 		.4byte	0x45
 107 0045 02       		.uleb128 0x2
 108 0046 02       		.byte	0x2
 109 0047 07       		.byte	0x7
 110 0048 82000000 		.4byte	.LASF3
 111 004c 02       		.uleb128 0x2
 112 004d 04       		.byte	0x4
 113 004e 05       		.byte	0x5
 114 004f 4B020000 		.4byte	.LASF4
 115 0053 03       		.uleb128 0x3
 116 0054 AC000000 		.4byte	.LASF6
 117 0058 02       		.byte	0x2
 118 0059 41       		.byte	0x41
 119 005a 5E000000 		.4byte	0x5e
 120 005e 02       		.uleb128 0x2
 121 005f 04       		.byte	0x4
 122 0060 07       		.byte	0x7
 123 0061 70000000 		.4byte	.LASF7
 124 0065 02       		.uleb128 0x2
 125 0066 08       		.byte	0x8
 126 0067 05       		.byte	0x5
 127 0068 1E010000 		.4byte	.LASF8
 128 006c 02       		.uleb128 0x2
 129 006d 08       		.byte	0x8
 130 006e 07       		.byte	0x7
 131 006f FE000000 		.4byte	.LASF9
 132 0073 04       		.uleb128 0x4
 133 0074 04       		.byte	0x4
 134 0075 05       		.byte	0x5
 135 0076 696E7400 		.ascii	"int\000"
 136 007a 02       		.uleb128 0x2
 137 007b 04       		.byte	0x4
 138 007c 07       		.byte	0x7
 139 007d F1000000 		.4byte	.LASF10
 140 0081 03       		.uleb128 0x3
 141 0082 A0010000 		.4byte	.LASF11
 142 0086 03       		.byte	0x3
 143 0087 21       		.byte	0x21
 144 0088 3A000000 		.4byte	0x3a
 145 008c 03       		.uleb128 0x3
 146 008d 42020000 		.4byte	.LASF12
 147 0091 03       		.byte	0x3
 148 0092 2D       		.byte	0x2d
 149 0093 53000000 		.4byte	0x53
 150 0097 02       		.uleb128 0x2
ARM GAS  C:\Users\IVYLIU~1\AppData\Local\Temp\ccufEq9w.s 			page 6


 151 0098 04       		.byte	0x4
 152 0099 07       		.byte	0x7
 153 009a 15010000 		.4byte	.LASF13
 154 009e 02       		.uleb128 0x2
 155 009f 01       		.byte	0x1
 156 00a0 08       		.byte	0x8
 157 00a1 36010000 		.4byte	.LASF14
 158 00a5 02       		.uleb128 0x2
 159 00a6 08       		.byte	0x8
 160 00a7 04       		.byte	0x4
 161 00a8 A5000000 		.4byte	.LASF15
 162 00ac 02       		.uleb128 0x2
 163 00ad 04       		.byte	0x4
 164 00ae 04       		.byte	0x4
 165 00af 3D000000 		.4byte	.LASF16
 166 00b3 02       		.uleb128 0x2
 167 00b4 08       		.byte	0x8
 168 00b5 04       		.byte	0x4
 169 00b6 54020000 		.4byte	.LASF17
 170 00ba 05       		.uleb128 0x5
 171 00bb E5000000 		.4byte	.LASF33
 172 00bf 01       		.byte	0x1
 173 00c0 39       		.byte	0x39
 174 00c1 00000000 		.4byte	.LFB83
 175 00c5 1C000000 		.4byte	.LFE83-.LFB83
 176 00c9 01       		.uleb128 0x1
 177 00ca 9C       		.byte	0x9c
 178 00cb 19010000 		.4byte	0x119
 179 00cf 06       		.uleb128 0x6
 180 00d0 22000000 		.4byte	.LASF18
 181 00d4 01       		.byte	0x1
 182 00d5 3A       		.byte	0x3a
 183 00d6 19010000 		.4byte	0x119
 184 00da 00000000 		.4byte	.LLST0
 185 00de 06       		.uleb128 0x6
 186 00df 28000000 		.4byte	.LASF19
 187 00e3 01       		.byte	0x1
 188 00e4 3B       		.byte	0x3b
 189 00e5 19010000 		.4byte	0x119
 190 00e9 2B000000 		.4byte	.LLST1
 191 00ed 06       		.uleb128 0x6
 192 00ee 95000000 		.4byte	.LASF20
 193 00f2 01       		.byte	0x1
 194 00f3 3C       		.byte	0x3c
 195 00f4 24010000 		.4byte	0x124
 196 00f8 56000000 		.4byte	.LLST2
 197 00fc 06       		.uleb128 0x6
 198 00fd 2C010000 		.4byte	.LASF21
 199 0101 01       		.byte	0x1
 200 0102 3D       		.byte	0x3d
 201 0103 8C000000 		.4byte	0x8c
 202 0107 81000000 		.4byte	.LLST3
 203 010b 07       		.uleb128 0x7
 204 010c 56000000 		.4byte	.LASF34
 205 0110 01       		.byte	0x1
 206 0111 3F       		.byte	0x3f
 207 0112 8C000000 		.4byte	0x8c
ARM GAS  C:\Users\IVYLIU~1\AppData\Local\Temp\ccufEq9w.s 			page 7


 208 0116 01       		.uleb128 0x1
 209 0117 53       		.byte	0x53
 210 0118 00       		.byte	0
 211 0119 08       		.uleb128 0x8
 212 011a 04       		.byte	0x4
 213 011b 1F010000 		.4byte	0x11f
 214 011f 09       		.uleb128 0x9
 215 0120 81000000 		.4byte	0x81
 216 0124 08       		.uleb128 0x8
 217 0125 04       		.byte	0x4
 218 0126 81000000 		.4byte	0x81
 219 012a 03       		.uleb128 0x3
 220 012b 13000000 		.4byte	.LASF22
 221 012f 04       		.byte	0x4
 222 0130 8B       		.byte	0x8b
 223 0131 A8010000 		.4byte	0x1a8
 224 0135 08       		.uleb128 0x8
 225 0136 04       		.byte	0x4
 226 0137 3B010000 		.4byte	0x13b
 227 013b 09       		.uleb128 0x9
 228 013c 8C000000 		.4byte	0x8c
 229 0140 08       		.uleb128 0x8
 230 0141 04       		.byte	0x4
 231 0142 8C000000 		.4byte	0x8c
 232 0146 0A       		.uleb128 0xa
 233 0147 81020000 		.4byte	.LASF23
 234 014b 04       		.byte	0x4
 235 014c 92       		.byte	0x92
 236 014d 51010000 		.4byte	0x151
 237 0151 09       		.uleb128 0x9
 238 0152 2A010000 		.4byte	0x12a
 239 0156 0A       		.uleb128 0xa
 240 0157 5D000000 		.4byte	.LASF24
 241 015b 04       		.byte	0x4
 242 015c 93       		.byte	0x93
 243 015d 51010000 		.4byte	0x151
 244 0161 03       		.uleb128 0x3
 245 0162 2E000000 		.4byte	.LASF25
 246 0166 04       		.byte	0x4
 247 0167 90       		.byte	0x90
 248 0168 87010000 		.4byte	0x187
 249 016c 0A       		.uleb128 0xa
 250 016d 60020000 		.4byte	.LASF26
 251 0171 04       		.byte	0x4
 252 0172 94       		.byte	0x94
 253 0173 77010000 		.4byte	0x177
 254 0177 09       		.uleb128 0x9
 255 0178 61010000 		.4byte	0x161
 256 017c 0A       		.uleb128 0xa
 257 017d 00000000 		.4byte	.LASF27
 258 0181 04       		.byte	0x4
 259 0182 95       		.byte	0x95
 260 0183 77010000 		.4byte	0x177
 261 0187 0B       		.uleb128 0xb
 262 0188 08       		.byte	0x8
 263 0189 04       		.byte	0x4
 264 018a 8D       		.byte	0x8d
ARM GAS  C:\Users\IVYLIU~1\AppData\Local\Temp\ccufEq9w.s 			page 8


 265 018b A8010000 		.4byte	0x1a8
 266 018f 0C       		.uleb128 0xc
 267 0190 43000000 		.4byte	.LASF28
 268 0194 04       		.byte	0x4
 269 0195 8E       		.byte	0x8e
 270 0196 40010000 		.4byte	0x140
 271 019a 00       		.byte	0
 272 019b 0C       		.uleb128 0xc
 273 019c 91010000 		.4byte	.LASF29
 274 01a0 04       		.byte	0x4
 275 01a1 8F       		.byte	0x8f
 276 01a2 8C000000 		.4byte	0x8c
 277 01a6 04       		.byte	0x4
 278 01a7 00       		.byte	0
 279 01a8 0D       		.uleb128 0xd
 280 01a9 0C       		.byte	0xc
 281 01aa 04       		.byte	0x4
 282 01ab 87       		.byte	0x87
 283 01ac 0E       		.uleb128 0xe
 284 01ad 73726300 		.ascii	"src\000"
 285 01b1 04       		.byte	0x4
 286 01b2 88       		.byte	0x88
 287 01b3 35010000 		.4byte	0x135
 288 01b7 00       		.byte	0
 289 01b8 0C       		.uleb128 0xc
 290 01b9 43000000 		.4byte	.LASF28
 291 01bd 04       		.byte	0x4
 292 01be 89       		.byte	0x89
 293 01bf 40010000 		.4byte	0x140
 294 01c3 04       		.byte	0x4
 295 01c4 0C       		.uleb128 0xc
 296 01c5 91010000 		.4byte	.LASF29
 297 01c9 04       		.byte	0x4
 298 01ca 8A       		.byte	0x8a
 299 01cb 8C000000 		.4byte	0x8c
 300 01cf 08       		.byte	0x8
 301 01d0 00       		.byte	0
 302 01d1 00       		.byte	0
 303              		.section	.debug_abbrev,"",%progbits
 304              	.Ldebug_abbrev0:
 305 0000 01       		.uleb128 0x1
 306 0001 11       		.uleb128 0x11
 307 0002 01       		.byte	0x1
 308 0003 25       		.uleb128 0x25
 309 0004 0E       		.uleb128 0xe
 310 0005 13       		.uleb128 0x13
 311 0006 0B       		.uleb128 0xb
 312 0007 03       		.uleb128 0x3
 313 0008 0E       		.uleb128 0xe
 314 0009 1B       		.uleb128 0x1b
 315 000a 0E       		.uleb128 0xe
 316 000b 55       		.uleb128 0x55
 317 000c 17       		.uleb128 0x17
 318 000d 11       		.uleb128 0x11
 319 000e 01       		.uleb128 0x1
 320 000f 10       		.uleb128 0x10
 321 0010 17       		.uleb128 0x17
ARM GAS  C:\Users\IVYLIU~1\AppData\Local\Temp\ccufEq9w.s 			page 9


 322 0011 00       		.byte	0
 323 0012 00       		.byte	0
 324 0013 02       		.uleb128 0x2
 325 0014 24       		.uleb128 0x24
 326 0015 00       		.byte	0
 327 0016 0B       		.uleb128 0xb
 328 0017 0B       		.uleb128 0xb
 329 0018 3E       		.uleb128 0x3e
 330 0019 0B       		.uleb128 0xb
 331 001a 03       		.uleb128 0x3
 332 001b 0E       		.uleb128 0xe
 333 001c 00       		.byte	0
 334 001d 00       		.byte	0
 335 001e 03       		.uleb128 0x3
 336 001f 16       		.uleb128 0x16
 337 0020 00       		.byte	0
 338 0021 03       		.uleb128 0x3
 339 0022 0E       		.uleb128 0xe
 340 0023 3A       		.uleb128 0x3a
 341 0024 0B       		.uleb128 0xb
 342 0025 3B       		.uleb128 0x3b
 343 0026 0B       		.uleb128 0xb
 344 0027 49       		.uleb128 0x49
 345 0028 13       		.uleb128 0x13
 346 0029 00       		.byte	0
 347 002a 00       		.byte	0
 348 002b 04       		.uleb128 0x4
 349 002c 24       		.uleb128 0x24
 350 002d 00       		.byte	0
 351 002e 0B       		.uleb128 0xb
 352 002f 0B       		.uleb128 0xb
 353 0030 3E       		.uleb128 0x3e
 354 0031 0B       		.uleb128 0xb
 355 0032 03       		.uleb128 0x3
 356 0033 08       		.uleb128 0x8
 357 0034 00       		.byte	0
 358 0035 00       		.byte	0
 359 0036 05       		.uleb128 0x5
 360 0037 2E       		.uleb128 0x2e
 361 0038 01       		.byte	0x1
 362 0039 3F       		.uleb128 0x3f
 363 003a 19       		.uleb128 0x19
 364 003b 03       		.uleb128 0x3
 365 003c 0E       		.uleb128 0xe
 366 003d 3A       		.uleb128 0x3a
 367 003e 0B       		.uleb128 0xb
 368 003f 3B       		.uleb128 0x3b
 369 0040 0B       		.uleb128 0xb
 370 0041 27       		.uleb128 0x27
 371 0042 19       		.uleb128 0x19
 372 0043 11       		.uleb128 0x11
 373 0044 01       		.uleb128 0x1
 374 0045 12       		.uleb128 0x12
 375 0046 06       		.uleb128 0x6
 376 0047 40       		.uleb128 0x40
 377 0048 18       		.uleb128 0x18
 378 0049 9742     		.uleb128 0x2117
ARM GAS  C:\Users\IVYLIU~1\AppData\Local\Temp\ccufEq9w.s 			page 10


 379 004b 19       		.uleb128 0x19
 380 004c 01       		.uleb128 0x1
 381 004d 13       		.uleb128 0x13
 382 004e 00       		.byte	0
 383 004f 00       		.byte	0
 384 0050 06       		.uleb128 0x6
 385 0051 05       		.uleb128 0x5
 386 0052 00       		.byte	0
 387 0053 03       		.uleb128 0x3
 388 0054 0E       		.uleb128 0xe
 389 0055 3A       		.uleb128 0x3a
 390 0056 0B       		.uleb128 0xb
 391 0057 3B       		.uleb128 0x3b
 392 0058 0B       		.uleb128 0xb
 393 0059 49       		.uleb128 0x49
 394 005a 13       		.uleb128 0x13
 395 005b 02       		.uleb128 0x2
 396 005c 17       		.uleb128 0x17
 397 005d 00       		.byte	0
 398 005e 00       		.byte	0
 399 005f 07       		.uleb128 0x7
 400 0060 34       		.uleb128 0x34
 401 0061 00       		.byte	0
 402 0062 03       		.uleb128 0x3
 403 0063 0E       		.uleb128 0xe
 404 0064 3A       		.uleb128 0x3a
 405 0065 0B       		.uleb128 0xb
 406 0066 3B       		.uleb128 0x3b
 407 0067 0B       		.uleb128 0xb
 408 0068 49       		.uleb128 0x49
 409 0069 13       		.uleb128 0x13
 410 006a 02       		.uleb128 0x2
 411 006b 18       		.uleb128 0x18
 412 006c 00       		.byte	0
 413 006d 00       		.byte	0
 414 006e 08       		.uleb128 0x8
 415 006f 0F       		.uleb128 0xf
 416 0070 00       		.byte	0
 417 0071 0B       		.uleb128 0xb
 418 0072 0B       		.uleb128 0xb
 419 0073 49       		.uleb128 0x49
 420 0074 13       		.uleb128 0x13
 421 0075 00       		.byte	0
 422 0076 00       		.byte	0
 423 0077 09       		.uleb128 0x9
 424 0078 26       		.uleb128 0x26
 425 0079 00       		.byte	0
 426 007a 49       		.uleb128 0x49
 427 007b 13       		.uleb128 0x13
 428 007c 00       		.byte	0
 429 007d 00       		.byte	0
 430 007e 0A       		.uleb128 0xa
 431 007f 34       		.uleb128 0x34
 432 0080 00       		.byte	0
 433 0081 03       		.uleb128 0x3
 434 0082 0E       		.uleb128 0xe
 435 0083 3A       		.uleb128 0x3a
ARM GAS  C:\Users\IVYLIU~1\AppData\Local\Temp\ccufEq9w.s 			page 11


 436 0084 0B       		.uleb128 0xb
 437 0085 3B       		.uleb128 0x3b
 438 0086 0B       		.uleb128 0xb
 439 0087 49       		.uleb128 0x49
 440 0088 13       		.uleb128 0x13
 441 0089 3F       		.uleb128 0x3f
 442 008a 19       		.uleb128 0x19
 443 008b 3C       		.uleb128 0x3c
 444 008c 19       		.uleb128 0x19
 445 008d 00       		.byte	0
 446 008e 00       		.byte	0
 447 008f 0B       		.uleb128 0xb
 448 0090 13       		.uleb128 0x13
 449 0091 01       		.byte	0x1
 450 0092 0B       		.uleb128 0xb
 451 0093 0B       		.uleb128 0xb
 452 0094 3A       		.uleb128 0x3a
 453 0095 0B       		.uleb128 0xb
 454 0096 3B       		.uleb128 0x3b
 455 0097 0B       		.uleb128 0xb
 456 0098 01       		.uleb128 0x1
 457 0099 13       		.uleb128 0x13
 458 009a 00       		.byte	0
 459 009b 00       		.byte	0
 460 009c 0C       		.uleb128 0xc
 461 009d 0D       		.uleb128 0xd
 462 009e 00       		.byte	0
 463 009f 03       		.uleb128 0x3
 464 00a0 0E       		.uleb128 0xe
 465 00a1 3A       		.uleb128 0x3a
 466 00a2 0B       		.uleb128 0xb
 467 00a3 3B       		.uleb128 0x3b
 468 00a4 0B       		.uleb128 0xb
 469 00a5 49       		.uleb128 0x49
 470 00a6 13       		.uleb128 0x13
 471 00a7 38       		.uleb128 0x38
 472 00a8 0B       		.uleb128 0xb
 473 00a9 00       		.byte	0
 474 00aa 00       		.byte	0
 475 00ab 0D       		.uleb128 0xd
 476 00ac 13       		.uleb128 0x13
 477 00ad 01       		.byte	0x1
 478 00ae 0B       		.uleb128 0xb
 479 00af 0B       		.uleb128 0xb
 480 00b0 3A       		.uleb128 0x3a
 481 00b1 0B       		.uleb128 0xb
 482 00b2 3B       		.uleb128 0x3b
 483 00b3 0B       		.uleb128 0xb
 484 00b4 00       		.byte	0
 485 00b5 00       		.byte	0
 486 00b6 0E       		.uleb128 0xe
 487 00b7 0D       		.uleb128 0xd
 488 00b8 00       		.byte	0
 489 00b9 03       		.uleb128 0x3
 490 00ba 08       		.uleb128 0x8
 491 00bb 3A       		.uleb128 0x3a
 492 00bc 0B       		.uleb128 0xb
ARM GAS  C:\Users\IVYLIU~1\AppData\Local\Temp\ccufEq9w.s 			page 12


 493 00bd 3B       		.uleb128 0x3b
 494 00be 0B       		.uleb128 0xb
 495 00bf 49       		.uleb128 0x49
 496 00c0 13       		.uleb128 0x13
 497 00c1 38       		.uleb128 0x38
 498 00c2 0B       		.uleb128 0xb
 499 00c3 00       		.byte	0
 500 00c4 00       		.byte	0
 501 00c5 00       		.byte	0
 502              		.section	.debug_loc,"",%progbits
 503              	.Ldebug_loc0:
 504              	.LLST0:
 505 0000 00000000 		.4byte	.LVL0
 506 0004 04000000 		.4byte	.LVL2
 507 0008 0100     		.2byte	0x1
 508 000a 50       		.byte	0x50
 509 000b 04000000 		.4byte	.LVL2
 510 000f 14000000 		.4byte	.LVL7
 511 0013 0300     		.2byte	0x3
 512 0015 70       		.byte	0x70
 513 0016 02       		.sleb128 2
 514 0017 9F       		.byte	0x9f
 515 0018 14000000 		.4byte	.LVL7
 516 001c 1C000000 		.4byte	.LFE83
 517 0020 0100     		.2byte	0x1
 518 0022 50       		.byte	0x50
 519 0023 00000000 		.4byte	0
 520 0027 00000000 		.4byte	0
 521              	.LLST1:
 522 002b 00000000 		.4byte	.LVL0
 523 002f 06000000 		.4byte	.LVL3
 524 0033 0100     		.2byte	0x1
 525 0035 51       		.byte	0x51
 526 0036 06000000 		.4byte	.LVL3
 527 003a 12000000 		.4byte	.LVL6
 528 003e 0300     		.2byte	0x3
 529 0040 71       		.byte	0x71
 530 0041 02       		.sleb128 2
 531 0042 9F       		.byte	0x9f
 532 0043 12000000 		.4byte	.LVL6
 533 0047 1C000000 		.4byte	.LFE83
 534 004b 0100     		.2byte	0x1
 535 004d 51       		.byte	0x51
 536 004e 00000000 		.4byte	0
 537 0052 00000000 		.4byte	0
 538              	.LLST2:
 539 0056 00000000 		.4byte	.LVL0
 540 005a 04000000 		.4byte	.LVL2
 541 005e 0100     		.2byte	0x1
 542 0060 52       		.byte	0x52
 543 0061 04000000 		.4byte	.LVL2
 544 0065 10000000 		.4byte	.LVL5
 545 0069 0300     		.2byte	0x3
 546 006b 72       		.byte	0x72
 547 006c 02       		.sleb128 2
 548 006d 9F       		.byte	0x9f
 549 006e 10000000 		.4byte	.LVL5
ARM GAS  C:\Users\IVYLIU~1\AppData\Local\Temp\ccufEq9w.s 			page 13


 550 0072 1C000000 		.4byte	.LFE83
 551 0076 0100     		.2byte	0x1
 552 0078 52       		.byte	0x52
 553 0079 00000000 		.4byte	0
 554 007d 00000000 		.4byte	0
 555              	.LLST3:
 556 0081 00000000 		.4byte	.LVL0
 557 0085 04000000 		.4byte	.LVL2
 558 0089 0100     		.2byte	0x1
 559 008b 53       		.byte	0x53
 560 008c 04000000 		.4byte	.LVL2
 561 0090 1C000000 		.4byte	.LFE83
 562 0094 0400     		.2byte	0x4
 563 0096 F3       		.byte	0xf3
 564 0097 01       		.uleb128 0x1
 565 0098 53       		.byte	0x53
 566 0099 9F       		.byte	0x9f
 567 009a 00000000 		.4byte	0
 568 009e 00000000 		.4byte	0
 569              		.section	.debug_aranges,"",%progbits
 570 0000 1C000000 		.4byte	0x1c
 571 0004 0200     		.2byte	0x2
 572 0006 00000000 		.4byte	.Ldebug_info0
 573 000a 04       		.byte	0x4
 574 000b 00       		.byte	0
 575 000c 0000     		.2byte	0
 576 000e 0000     		.2byte	0
 577 0010 00000000 		.4byte	.LFB83
 578 0014 1C000000 		.4byte	.LFE83-.LFB83
 579 0018 00000000 		.4byte	0
 580 001c 00000000 		.4byte	0
 581              		.section	.debug_ranges,"",%progbits
 582              	.Ldebug_ranges0:
 583 0000 00000000 		.4byte	.LFB83
 584 0004 1C000000 		.4byte	.LFE83
 585 0008 00000000 		.4byte	0
 586 000c 00000000 		.4byte	0
 587              		.section	.debug_line,"",%progbits
 588              	.Ldebug_line0:
 589 0000 77010000 		.section	.debug_str,"MS",%progbits,1
 589      02005A01 
 589      00000201 
 589      FB0E0D00 
 589      01010101 
 590              	.LASF27:
 591 0000 5F5F7A65 		.ascii	"__zero_table_end__\000"
 591      726F5F74 
 591      61626C65 
 591      5F656E64 
 591      5F5F00
 592              	.LASF22:
 593 0013 5F5F636F 		.ascii	"__copy_table_t\000"
 593      70795F74 
 593      61626C65 
 593      5F7400
 594              	.LASF18:
 595 0022 70537263 		.ascii	"pSrcA\000"
ARM GAS  C:\Users\IVYLIU~1\AppData\Local\Temp\ccufEq9w.s 			page 14


 595      4100
 596              	.LASF19:
 597 0028 70537263 		.ascii	"pSrcB\000"
 597      4200
 598              	.LASF25:
 599 002e 5F5F7A65 		.ascii	"__zero_table_t\000"
 599      726F5F74 
 599      61626C65 
 599      5F7400
 600              	.LASF16:
 601 003d 666C6F61 		.ascii	"float\000"
 601      7400
 602              	.LASF28:
 603 0043 64657374 		.ascii	"dest\000"
 603      00
 604              	.LASF1:
 605 0048 756E7369 		.ascii	"unsigned char\000"
 605      676E6564 
 605      20636861 
 605      7200
 606              	.LASF34:
 607 0056 626C6B43 		.ascii	"blkCnt\000"
 607      6E7400
 608              	.LASF24:
 609 005d 5F5F636F 		.ascii	"__copy_table_end__\000"
 609      70795F74 
 609      61626C65 
 609      5F656E64 
 609      5F5F00
 610              	.LASF7:
 611 0070 6C6F6E67 		.ascii	"long unsigned int\000"
 611      20756E73 
 611      69676E65 
 611      6420696E 
 611      7400
 612              	.LASF3:
 613 0082 73686F72 		.ascii	"short unsigned int\000"
 613      7420756E 
 613      7369676E 
 613      65642069 
 613      6E7400
 614              	.LASF20:
 615 0095 70447374 		.ascii	"pDst\000"
 615      00
 616              	.LASF5:
 617 009a 5F5F7569 		.ascii	"__uint16_t\000"
 617      6E743136 
 617      5F7400
 618              	.LASF15:
 619 00a5 646F7562 		.ascii	"double\000"
 619      6C6500
 620              	.LASF6:
 621 00ac 5F5F7569 		.ascii	"__uint32_t\000"
 621      6E743332 
 621      5F7400
 622              	.LASF31:
 623 00b7 2E5C4453 		.ascii	".\\DSP\\Source\\BasicMathFunctions\\arm_and_u16.c\000"
ARM GAS  C:\Users\IVYLIU~1\AppData\Local\Temp\ccufEq9w.s 			page 15


 623      505C536F 
 623      75726365 
 623      5C426173 
 623      69634D61 
 624              	.LASF33:
 625 00e5 61726D5F 		.ascii	"arm_and_u16\000"
 625      616E645F 
 625      75313600 
 626              	.LASF10:
 627 00f1 756E7369 		.ascii	"unsigned int\000"
 627      676E6564 
 627      20696E74 
 627      00
 628              	.LASF9:
 629 00fe 6C6F6E67 		.ascii	"long long unsigned int\000"
 629      206C6F6E 
 629      6720756E 
 629      7369676E 
 629      65642069 
 630              	.LASF13:
 631 0115 73697A65 		.ascii	"sizetype\000"
 631      74797065 
 631      00
 632              	.LASF8:
 633 011e 6C6F6E67 		.ascii	"long long int\000"
 633      206C6F6E 
 633      6720696E 
 633      7400
 634              	.LASF21:
 635 012c 626C6F63 		.ascii	"blockSize\000"
 635      6B53697A 
 635      6500
 636              	.LASF14:
 637 0136 63686172 		.ascii	"char\000"
 637      00
 638              	.LASF32:
 639 013b 5C5C766D 		.ascii	"\\\\vmware-host\\Shared Folders\\Documents\\PSoC Cr"
 639      77617265 
 639      2D686F73 
 639      745C5368 
 639      61726564 
 640 0169 6561746F 		.ascii	"eator\\FinalProject\\SoundDetection.cydsn\000"
 640      725C4669 
 640      6E616C50 
 640      726F6A65 
 640      63745C53 
 641              	.LASF29:
 642 0191 776C656E 		.ascii	"wlen\000"
 642      00
 643              	.LASF2:
 644 0196 73686F72 		.ascii	"short int\000"
 644      7420696E 
 644      7400
 645              	.LASF11:
 646 01a0 75696E74 		.ascii	"uint16_t\000"
 646      31365F74 
 646      00
ARM GAS  C:\Users\IVYLIU~1\AppData\Local\Temp\ccufEq9w.s 			page 16


 647              	.LASF30:
 648 01a9 474E5520 		.ascii	"GNU C 4.9.3 20150303 (release) [ARM/embedded-4_9-br"
 648      4320342E 
 648      392E3320 
 648      32303135 
 648      30333033 
 649 01dc 616E6368 		.ascii	"anch revision 221220] -mcpu=cortex-m3 -mthumb -g -O"
 649      20726576 
 649      6973696F 
 649      6E203232 
 649      31323230 
 650 020f 67202D73 		.ascii	"g -std=gnu99 -ffunction-sections -ffat-lto-objects\000"
 650      74643D67 
 650      6E753939 
 650      202D6666 
 650      756E6374 
 651              	.LASF12:
 652 0242 75696E74 		.ascii	"uint32_t\000"
 652      33325F74 
 652      00
 653              	.LASF4:
 654 024b 6C6F6E67 		.ascii	"long int\000"
 654      20696E74 
 654      00
 655              	.LASF17:
 656 0254 6C6F6E67 		.ascii	"long double\000"
 656      20646F75 
 656      626C6500 
 657              	.LASF26:
 658 0260 5F5F7A65 		.ascii	"__zero_table_start__\000"
 658      726F5F74 
 658      61626C65 
 658      5F737461 
 658      72745F5F 
 659              	.LASF0:
 660 0275 7369676E 		.ascii	"signed char\000"
 660      65642063 
 660      68617200 
 661              	.LASF23:
 662 0281 5F5F636F 		.ascii	"__copy_table_start__\000"
 662      70795F74 
 662      61626C65 
 662      5F737461 
 662      72745F5F 
 663              		.ident	"GCC: (GNU Tools for ARM Embedded Processors) 4.9.3 20150303 (release) [ARM/embedded-4_9-br
