ARM GAS  C:\Users\IVYLIU~1\AppData\Local\Temp\cctay6yL.s 			page 1


   1              		.syntax unified
   2              		.cpu cortex-m3
   3              		.fpu softvfp
   4              		.eabi_attribute 20, 1
   5              		.eabi_attribute 21, 1
   6              		.eabi_attribute 23, 3
   7              		.eabi_attribute 24, 1
   8              		.eabi_attribute 25, 1
   9              		.eabi_attribute 26, 1
  10              		.eabi_attribute 30, 1
  11              		.eabi_attribute 34, 1
  12              		.eabi_attribute 18, 4
  13              		.thumb
  14              		.file	"arm_offset_f64.c"
  15              		.text
  16              	.Ltext0:
  17              		.cfi_sections	.debug_frame
  18              		.global	__aeabi_dadd
  19              		.section	.text.arm_offset_f64,"ax",%progbits
  20              		.align	2
  21              		.global	arm_offset_f64
  22              		.thumb
  23              		.thumb_func
  24              		.type	arm_offset_f64, %function
  25              	arm_offset_f64:
  26              	.LFB83:
  27              		.file 1 ".\\DSP\\Source\\BasicMathFunctions\\arm_offset_f64.c"
   1:.\DSP\Source\BasicMathFunctions/arm_offset_f64.c **** /* ----------------------------------------------------------------------
   2:.\DSP\Source\BasicMathFunctions/arm_offset_f64.c ****  * Project:      CMSIS DSP Library
   3:.\DSP\Source\BasicMathFunctions/arm_offset_f64.c ****  * Title:        arm_offset_f64.c
   4:.\DSP\Source\BasicMathFunctions/arm_offset_f64.c ****  * Description:  Floating-point vector offset
   5:.\DSP\Source\BasicMathFunctions/arm_offset_f64.c ****  *
   6:.\DSP\Source\BasicMathFunctions/arm_offset_f64.c ****  * $Date:        13 September 2021
   7:.\DSP\Source\BasicMathFunctions/arm_offset_f64.c ****  * $Revision:    V1.10.0
   8:.\DSP\Source\BasicMathFunctions/arm_offset_f64.c ****  *
   9:.\DSP\Source\BasicMathFunctions/arm_offset_f64.c ****  * Target Processor: Cortex-M and Cortex-A cores
  10:.\DSP\Source\BasicMathFunctions/arm_offset_f64.c ****  * -------------------------------------------------------------------- */
  11:.\DSP\Source\BasicMathFunctions/arm_offset_f64.c **** /*
  12:.\DSP\Source\BasicMathFunctions/arm_offset_f64.c ****  * Copyright (C) 2010-2021 ARM Limited or its affiliates. All rights reserved.
  13:.\DSP\Source\BasicMathFunctions/arm_offset_f64.c ****  *
  14:.\DSP\Source\BasicMathFunctions/arm_offset_f64.c ****  * SPDX-License-Identifier: Apache-2.0
  15:.\DSP\Source\BasicMathFunctions/arm_offset_f64.c ****  *
  16:.\DSP\Source\BasicMathFunctions/arm_offset_f64.c ****  * Licensed under the Apache License, Version 2.0 (the License); you may
  17:.\DSP\Source\BasicMathFunctions/arm_offset_f64.c ****  * not use this file except in compliance with the License.
  18:.\DSP\Source\BasicMathFunctions/arm_offset_f64.c ****  * You may obtain a copy of the License at
  19:.\DSP\Source\BasicMathFunctions/arm_offset_f64.c ****  *
  20:.\DSP\Source\BasicMathFunctions/arm_offset_f64.c ****  * www.apache.org/licenses/LICENSE-2.0
  21:.\DSP\Source\BasicMathFunctions/arm_offset_f64.c ****  *
  22:.\DSP\Source\BasicMathFunctions/arm_offset_f64.c ****  * Unless required by applicable law or agreed to in writing, software
  23:.\DSP\Source\BasicMathFunctions/arm_offset_f64.c ****  * distributed under the License is distributed on an AS IS BASIS, WITHOUT
  24:.\DSP\Source\BasicMathFunctions/arm_offset_f64.c ****  * WARRANTIES OR CONDITIONS OF ANY KIND, either express or implied.
  25:.\DSP\Source\BasicMathFunctions/arm_offset_f64.c ****  * See the License for the specific language governing permissions and
  26:.\DSP\Source\BasicMathFunctions/arm_offset_f64.c ****  * limitations under the License.
  27:.\DSP\Source\BasicMathFunctions/arm_offset_f64.c ****  */
  28:.\DSP\Source\BasicMathFunctions/arm_offset_f64.c **** 
  29:.\DSP\Source\BasicMathFunctions/arm_offset_f64.c **** #include "dsp/basic_math_functions.h"
  30:.\DSP\Source\BasicMathFunctions/arm_offset_f64.c **** 
ARM GAS  C:\Users\IVYLIU~1\AppData\Local\Temp\cctay6yL.s 			page 2


  31:.\DSP\Source\BasicMathFunctions/arm_offset_f64.c **** /**
  32:.\DSP\Source\BasicMathFunctions/arm_offset_f64.c ****   @ingroup groupMath
  33:.\DSP\Source\BasicMathFunctions/arm_offset_f64.c ****  */
  34:.\DSP\Source\BasicMathFunctions/arm_offset_f64.c **** 
  35:.\DSP\Source\BasicMathFunctions/arm_offset_f64.c **** /**
  36:.\DSP\Source\BasicMathFunctions/arm_offset_f64.c ****   @addtogroup BasicOffset
  37:.\DSP\Source\BasicMathFunctions/arm_offset_f64.c ****   @{
  38:.\DSP\Source\BasicMathFunctions/arm_offset_f64.c ****  */
  39:.\DSP\Source\BasicMathFunctions/arm_offset_f64.c **** 
  40:.\DSP\Source\BasicMathFunctions/arm_offset_f64.c **** /**
  41:.\DSP\Source\BasicMathFunctions/arm_offset_f64.c ****   @brief         Adds a constant offset to a floating-point vector.
  42:.\DSP\Source\BasicMathFunctions/arm_offset_f64.c ****   @param[in]     pSrc       points to the input vector
  43:.\DSP\Source\BasicMathFunctions/arm_offset_f64.c ****   @param[in]     offset     is the offset to be added
  44:.\DSP\Source\BasicMathFunctions/arm_offset_f64.c ****   @param[out]    pDst       points to the output vector
  45:.\DSP\Source\BasicMathFunctions/arm_offset_f64.c ****   @param[in]     blockSize  number of samples in each vector
  46:.\DSP\Source\BasicMathFunctions/arm_offset_f64.c ****   @return        none
  47:.\DSP\Source\BasicMathFunctions/arm_offset_f64.c ****  */
  48:.\DSP\Source\BasicMathFunctions/arm_offset_f64.c **** 
  49:.\DSP\Source\BasicMathFunctions/arm_offset_f64.c **** void arm_offset_f64(
  50:.\DSP\Source\BasicMathFunctions/arm_offset_f64.c ****   const float64_t * pSrc,
  51:.\DSP\Source\BasicMathFunctions/arm_offset_f64.c ****         float64_t offset,
  52:.\DSP\Source\BasicMathFunctions/arm_offset_f64.c ****         float64_t * pDst,
  53:.\DSP\Source\BasicMathFunctions/arm_offset_f64.c ****         uint32_t blockSize)
  54:.\DSP\Source\BasicMathFunctions/arm_offset_f64.c **** {
  28              		.loc 1 54 0
  29              		.cfi_startproc
  30              		@ args = 8, pretend = 0, frame = 0
  31              		@ frame_needed = 0, uses_anonymous_args = 0
  32              	.LVL0:
  33 0000 2DE9F843 		push	{r3, r4, r5, r6, r7, r8, r9, lr}
  34              		.cfi_def_cfa_offset 32
  35              		.cfi_offset 3, -32
  36              		.cfi_offset 4, -28
  37              		.cfi_offset 5, -24
  38              		.cfi_offset 6, -20
  39              		.cfi_offset 7, -16
  40              		.cfi_offset 8, -12
  41              		.cfi_offset 9, -8
  42              		.cfi_offset 14, -4
  43 0004 1646     		mov	r6, r2
  44 0006 1F46     		mov	r7, r3
  45 0008 089D     		ldr	r5, [sp, #32]
  46 000a 099C     		ldr	r4, [sp, #36]
  47              	.LVL1:
  55:.\DSP\Source\BasicMathFunctions/arm_offset_f64.c ****   uint32_t blkCnt;                               /* Loop counter */
  56:.\DSP\Source\BasicMathFunctions/arm_offset_f64.c **** 
  57:.\DSP\Source\BasicMathFunctions/arm_offset_f64.c ****   /* Initialize blkCnt with number of samples */
  58:.\DSP\Source\BasicMathFunctions/arm_offset_f64.c ****   blkCnt = blockSize;
  59:.\DSP\Source\BasicMathFunctions/arm_offset_f64.c **** 
  60:.\DSP\Source\BasicMathFunctions/arm_offset_f64.c ****   while (blkCnt > 0U)
  48              		.loc 1 60 0
  49 000c 0DE0     		b	.L2
  50              	.LVL2:
  51              	.L3:
  61:.\DSP\Source\BasicMathFunctions/arm_offset_f64.c ****   {
  62:.\DSP\Source\BasicMathFunctions/arm_offset_f64.c ****     /* C = A + offset */
  63:.\DSP\Source\BasicMathFunctions/arm_offset_f64.c **** 
ARM GAS  C:\Users\IVYLIU~1\AppData\Local\Temp\cctay6yL.s 			page 3


  64:.\DSP\Source\BasicMathFunctions/arm_offset_f64.c ****     /* Add offset and store result in destination buffer. */
  65:.\DSP\Source\BasicMathFunctions/arm_offset_f64.c ****     *pDst++ = (*pSrc++) + offset;
  52              		.loc 1 65 0
  53 000e 05F10809 		add	r9, r5, #8
  54              	.LVL3:
  55 0012 00F10808 		add	r8, r0, #8
  56              	.LVL4:
  57 0016 03C8     		ldmia	r0, {r0-r1}
  58 0018 3246     		mov	r2, r6
  59 001a 3B46     		mov	r3, r7
  60 001c FFF7FEFF 		bl	__aeabi_dadd
  61              	.LVL5:
  62 0020 C5E90001 		strd	r0, [r5]
  66:.\DSP\Source\BasicMathFunctions/arm_offset_f64.c **** 
  67:.\DSP\Source\BasicMathFunctions/arm_offset_f64.c ****     /* Decrement loop counter */
  68:.\DSP\Source\BasicMathFunctions/arm_offset_f64.c ****     blkCnt--;
  63              		.loc 1 68 0
  64 0024 013C     		subs	r4, r4, #1
  65              	.LVL6:
  65:.\DSP\Source\BasicMathFunctions/arm_offset_f64.c **** 
  66              		.loc 1 65 0
  67 0026 4D46     		mov	r5, r9
  68 0028 4046     		mov	r0, r8
  69              	.LVL7:
  70              	.L2:
  60:.\DSP\Source\BasicMathFunctions/arm_offset_f64.c ****   {
  71              		.loc 1 60 0
  72 002a 002C     		cmp	r4, #0
  73 002c EFD1     		bne	.L3
  69:.\DSP\Source\BasicMathFunctions/arm_offset_f64.c ****   }
  70:.\DSP\Source\BasicMathFunctions/arm_offset_f64.c **** 
  71:.\DSP\Source\BasicMathFunctions/arm_offset_f64.c **** }
  74              		.loc 1 71 0
  75 002e BDE8F883 		pop	{r3, r4, r5, r6, r7, r8, r9, pc}
  76              		.cfi_endproc
  77              	.LFE83:
  78              		.size	arm_offset_f64, .-arm_offset_f64
  79 0032 00BF     		.text
  80              	.Letext0:
  81              		.file 2 "c:\\program files (x86)\\cypress\\psoc creator\\3.3\\psoc creator\\import\\gnu\\arm\\4.9.
  82              		.file 3 "c:\\program files (x86)\\cypress\\psoc creator\\3.3\\psoc creator\\import\\gnu\\arm\\4.9.
  83              		.file 4 ".\\DSP\\Include/arm_math_types.h"
  84              		.file 5 ".\\Core\\Include/cmsis_gcc.h"
  85              		.section	.debug_info,"",%progbits
  86              	.Ldebug_info0:
  87 0000 C3010000 		.4byte	0x1c3
  88 0004 0400     		.2byte	0x4
  89 0006 00000000 		.4byte	.Ldebug_abbrev0
  90 000a 04       		.byte	0x4
  91 000b 01       		.uleb128 0x1
  92 000c A0010000 		.4byte	.LASF29
  93 0010 01       		.byte	0x1
  94 0011 DE000000 		.4byte	.LASF30
  95 0015 2C010000 		.4byte	.LASF31
  96 0019 00000000 		.4byte	.Ldebug_ranges0+0
  97 001d 00000000 		.4byte	0
  98 0021 00000000 		.4byte	.Ldebug_line0
ARM GAS  C:\Users\IVYLIU~1\AppData\Local\Temp\cctay6yL.s 			page 4


  99 0025 02       		.uleb128 0x2
 100 0026 08       		.byte	0x8
 101 0027 04       		.byte	0x4
 102 0028 9F000000 		.4byte	.LASF0
 103 002c 02       		.uleb128 0x2
 104 002d 01       		.byte	0x1
 105 002e 06       		.byte	0x6
 106 002f 6C020000 		.4byte	.LASF1
 107 0033 02       		.uleb128 0x2
 108 0034 01       		.byte	0x1
 109 0035 08       		.byte	0x8
 110 0036 46000000 		.4byte	.LASF2
 111 003a 02       		.uleb128 0x2
 112 003b 02       		.byte	0x2
 113 003c 05       		.byte	0x5
 114 003d 87010000 		.4byte	.LASF3
 115 0041 02       		.uleb128 0x2
 116 0042 02       		.byte	0x2
 117 0043 07       		.byte	0x7
 118 0044 87000000 		.4byte	.LASF4
 119 0048 02       		.uleb128 0x2
 120 0049 04       		.byte	0x4
 121 004a 05       		.byte	0x5
 122 004b 42020000 		.4byte	.LASF5
 123 004f 03       		.uleb128 0x3
 124 0050 A6000000 		.4byte	.LASF10
 125 0054 02       		.byte	0x2
 126 0055 41       		.byte	0x41
 127 0056 5A000000 		.4byte	0x5a
 128 005a 02       		.uleb128 0x2
 129 005b 04       		.byte	0x4
 130 005c 07       		.byte	0x7
 131 005d 75000000 		.4byte	.LASF6
 132 0061 02       		.uleb128 0x2
 133 0062 08       		.byte	0x8
 134 0063 05       		.byte	0x5
 135 0064 0F010000 		.4byte	.LASF7
 136 0068 02       		.uleb128 0x2
 137 0069 08       		.byte	0x8
 138 006a 07       		.byte	0x7
 139 006b BE000000 		.4byte	.LASF8
 140 006f 04       		.uleb128 0x4
 141 0070 04       		.byte	0x4
 142 0071 05       		.byte	0x5
 143 0072 696E7400 		.ascii	"int\000"
 144 0076 02       		.uleb128 0x2
 145 0077 04       		.byte	0x4
 146 0078 07       		.byte	0x7
 147 0079 B1000000 		.4byte	.LASF9
 148 007d 03       		.uleb128 0x3
 149 007e 39020000 		.4byte	.LASF11
 150 0082 03       		.byte	0x3
 151 0083 2D       		.byte	0x2d
 152 0084 4F000000 		.4byte	0x4f
 153 0088 02       		.uleb128 0x2
 154 0089 04       		.byte	0x4
 155 008a 07       		.byte	0x7
ARM GAS  C:\Users\IVYLIU~1\AppData\Local\Temp\cctay6yL.s 			page 5


 156 008b D5000000 		.4byte	.LASF12
 157 008f 02       		.uleb128 0x2
 158 0090 01       		.byte	0x1
 159 0091 08       		.byte	0x8
 160 0092 27010000 		.4byte	.LASF13
 161 0096 02       		.uleb128 0x2
 162 0097 04       		.byte	0x4
 163 0098 04       		.byte	0x4
 164 0099 3B000000 		.4byte	.LASF14
 165 009d 02       		.uleb128 0x2
 166 009e 08       		.byte	0x8
 167 009f 04       		.byte	0x4
 168 00a0 4B020000 		.4byte	.LASF15
 169 00a4 05       		.uleb128 0x5
 170 00a5 22000000 		.4byte	.LASF16
 171 00a9 04       		.byte	0x4
 172 00aa 3501     		.2byte	0x135
 173 00ac 25000000 		.4byte	0x25
 174 00b0 06       		.uleb128 0x6
 175 00b1 91010000 		.4byte	.LASF32
 176 00b5 01       		.byte	0x1
 177 00b6 31       		.byte	0x31
 178 00b7 00000000 		.4byte	.LFB83
 179 00bb 32000000 		.4byte	.LFE83-.LFB83
 180 00bf 01       		.uleb128 0x1
 181 00c0 9C       		.byte	0x9c
 182 00c1 0E010000 		.4byte	0x10e
 183 00c5 07       		.uleb128 0x7
 184 00c6 78020000 		.4byte	.LASF17
 185 00ca 01       		.byte	0x1
 186 00cb 32       		.byte	0x32
 187 00cc 0E010000 		.4byte	0x10e
 188 00d0 00000000 		.4byte	.LLST0
 189 00d4 07       		.uleb128 0x7
 190 00d5 6E000000 		.4byte	.LASF18
 191 00d9 01       		.byte	0x1
 192 00da 33       		.byte	0x33
 193 00db A4000000 		.4byte	0xa4
 194 00df 29000000 		.4byte	.LLST1
 195 00e3 07       		.uleb128 0x7
 196 00e4 9A000000 		.4byte	.LASF19
 197 00e8 01       		.byte	0x1
 198 00e9 34       		.byte	0x34
 199 00ea 19010000 		.4byte	0x119
 200 00ee 51000000 		.4byte	.LLST2
 201 00f2 08       		.uleb128 0x8
 202 00f3 1D010000 		.4byte	.LASF20
 203 00f7 01       		.byte	0x1
 204 00f8 35       		.byte	0x35
 205 00f9 7D000000 		.4byte	0x7d
 206 00fd 02       		.uleb128 0x2
 207 00fe 91       		.byte	0x91
 208 00ff 04       		.sleb128 4
 209 0100 09       		.uleb128 0x9
 210 0101 54000000 		.4byte	.LASF33
 211 0105 01       		.byte	0x1
 212 0106 37       		.byte	0x37
ARM GAS  C:\Users\IVYLIU~1\AppData\Local\Temp\cctay6yL.s 			page 6


 213 0107 7D000000 		.4byte	0x7d
 214 010b 01       		.uleb128 0x1
 215 010c 54       		.byte	0x54
 216 010d 00       		.byte	0
 217 010e 0A       		.uleb128 0xa
 218 010f 04       		.byte	0x4
 219 0110 14010000 		.4byte	0x114
 220 0114 0B       		.uleb128 0xb
 221 0115 A4000000 		.4byte	0xa4
 222 0119 0A       		.uleb128 0xa
 223 011a 04       		.byte	0x4
 224 011b A4000000 		.4byte	0xa4
 225 011f 03       		.uleb128 0x3
 226 0120 13000000 		.4byte	.LASF21
 227 0124 05       		.byte	0x5
 228 0125 8B       		.byte	0x8b
 229 0126 9D010000 		.4byte	0x19d
 230 012a 0A       		.uleb128 0xa
 231 012b 04       		.byte	0x4
 232 012c 30010000 		.4byte	0x130
 233 0130 0B       		.uleb128 0xb
 234 0131 7D000000 		.4byte	0x7d
 235 0135 0A       		.uleb128 0xa
 236 0136 04       		.byte	0x4
 237 0137 7D000000 		.4byte	0x7d
 238 013b 0C       		.uleb128 0xc
 239 013c 7D020000 		.4byte	.LASF22
 240 0140 05       		.byte	0x5
 241 0141 92       		.byte	0x92
 242 0142 46010000 		.4byte	0x146
 243 0146 0B       		.uleb128 0xb
 244 0147 1F010000 		.4byte	0x11f
 245 014b 0C       		.uleb128 0xc
 246 014c 5B000000 		.4byte	.LASF23
 247 0150 05       		.byte	0x5
 248 0151 93       		.byte	0x93
 249 0152 46010000 		.4byte	0x146
 250 0156 03       		.uleb128 0x3
 251 0157 2C000000 		.4byte	.LASF24
 252 015b 05       		.byte	0x5
 253 015c 90       		.byte	0x90
 254 015d 7C010000 		.4byte	0x17c
 255 0161 0C       		.uleb128 0xc
 256 0162 57020000 		.4byte	.LASF25
 257 0166 05       		.byte	0x5
 258 0167 94       		.byte	0x94
 259 0168 6C010000 		.4byte	0x16c
 260 016c 0B       		.uleb128 0xb
 261 016d 56010000 		.4byte	0x156
 262 0171 0C       		.uleb128 0xc
 263 0172 00000000 		.4byte	.LASF26
 264 0176 05       		.byte	0x5
 265 0177 95       		.byte	0x95
 266 0178 6C010000 		.4byte	0x16c
 267 017c 0D       		.uleb128 0xd
 268 017d 08       		.byte	0x8
 269 017e 05       		.byte	0x5
ARM GAS  C:\Users\IVYLIU~1\AppData\Local\Temp\cctay6yL.s 			page 7


 270 017f 8D       		.byte	0x8d
 271 0180 9D010000 		.4byte	0x19d
 272 0184 0E       		.uleb128 0xe
 273 0185 41000000 		.4byte	.LASF27
 274 0189 05       		.byte	0x5
 275 018a 8E       		.byte	0x8e
 276 018b 35010000 		.4byte	0x135
 277 018f 00       		.byte	0
 278 0190 0E       		.uleb128 0xe
 279 0191 82010000 		.4byte	.LASF28
 280 0195 05       		.byte	0x5
 281 0196 8F       		.byte	0x8f
 282 0197 7D000000 		.4byte	0x7d
 283 019b 04       		.byte	0x4
 284 019c 00       		.byte	0
 285 019d 0F       		.uleb128 0xf
 286 019e 0C       		.byte	0xc
 287 019f 05       		.byte	0x5
 288 01a0 87       		.byte	0x87
 289 01a1 10       		.uleb128 0x10
 290 01a2 73726300 		.ascii	"src\000"
 291 01a6 05       		.byte	0x5
 292 01a7 88       		.byte	0x88
 293 01a8 2A010000 		.4byte	0x12a
 294 01ac 00       		.byte	0
 295 01ad 0E       		.uleb128 0xe
 296 01ae 41000000 		.4byte	.LASF27
 297 01b2 05       		.byte	0x5
 298 01b3 89       		.byte	0x89
 299 01b4 35010000 		.4byte	0x135
 300 01b8 04       		.byte	0x4
 301 01b9 0E       		.uleb128 0xe
 302 01ba 82010000 		.4byte	.LASF28
 303 01be 05       		.byte	0x5
 304 01bf 8A       		.byte	0x8a
 305 01c0 7D000000 		.4byte	0x7d
 306 01c4 08       		.byte	0x8
 307 01c5 00       		.byte	0
 308 01c6 00       		.byte	0
 309              		.section	.debug_abbrev,"",%progbits
 310              	.Ldebug_abbrev0:
 311 0000 01       		.uleb128 0x1
 312 0001 11       		.uleb128 0x11
 313 0002 01       		.byte	0x1
 314 0003 25       		.uleb128 0x25
 315 0004 0E       		.uleb128 0xe
 316 0005 13       		.uleb128 0x13
 317 0006 0B       		.uleb128 0xb
 318 0007 03       		.uleb128 0x3
 319 0008 0E       		.uleb128 0xe
 320 0009 1B       		.uleb128 0x1b
 321 000a 0E       		.uleb128 0xe
 322 000b 55       		.uleb128 0x55
 323 000c 17       		.uleb128 0x17
 324 000d 11       		.uleb128 0x11
 325 000e 01       		.uleb128 0x1
 326 000f 10       		.uleb128 0x10
ARM GAS  C:\Users\IVYLIU~1\AppData\Local\Temp\cctay6yL.s 			page 8


 327 0010 17       		.uleb128 0x17
 328 0011 00       		.byte	0
 329 0012 00       		.byte	0
 330 0013 02       		.uleb128 0x2
 331 0014 24       		.uleb128 0x24
 332 0015 00       		.byte	0
 333 0016 0B       		.uleb128 0xb
 334 0017 0B       		.uleb128 0xb
 335 0018 3E       		.uleb128 0x3e
 336 0019 0B       		.uleb128 0xb
 337 001a 03       		.uleb128 0x3
 338 001b 0E       		.uleb128 0xe
 339 001c 00       		.byte	0
 340 001d 00       		.byte	0
 341 001e 03       		.uleb128 0x3
 342 001f 16       		.uleb128 0x16
 343 0020 00       		.byte	0
 344 0021 03       		.uleb128 0x3
 345 0022 0E       		.uleb128 0xe
 346 0023 3A       		.uleb128 0x3a
 347 0024 0B       		.uleb128 0xb
 348 0025 3B       		.uleb128 0x3b
 349 0026 0B       		.uleb128 0xb
 350 0027 49       		.uleb128 0x49
 351 0028 13       		.uleb128 0x13
 352 0029 00       		.byte	0
 353 002a 00       		.byte	0
 354 002b 04       		.uleb128 0x4
 355 002c 24       		.uleb128 0x24
 356 002d 00       		.byte	0
 357 002e 0B       		.uleb128 0xb
 358 002f 0B       		.uleb128 0xb
 359 0030 3E       		.uleb128 0x3e
 360 0031 0B       		.uleb128 0xb
 361 0032 03       		.uleb128 0x3
 362 0033 08       		.uleb128 0x8
 363 0034 00       		.byte	0
 364 0035 00       		.byte	0
 365 0036 05       		.uleb128 0x5
 366 0037 16       		.uleb128 0x16
 367 0038 00       		.byte	0
 368 0039 03       		.uleb128 0x3
 369 003a 0E       		.uleb128 0xe
 370 003b 3A       		.uleb128 0x3a
 371 003c 0B       		.uleb128 0xb
 372 003d 3B       		.uleb128 0x3b
 373 003e 05       		.uleb128 0x5
 374 003f 49       		.uleb128 0x49
 375 0040 13       		.uleb128 0x13
 376 0041 00       		.byte	0
 377 0042 00       		.byte	0
 378 0043 06       		.uleb128 0x6
 379 0044 2E       		.uleb128 0x2e
 380 0045 01       		.byte	0x1
 381 0046 3F       		.uleb128 0x3f
 382 0047 19       		.uleb128 0x19
 383 0048 03       		.uleb128 0x3
ARM GAS  C:\Users\IVYLIU~1\AppData\Local\Temp\cctay6yL.s 			page 9


 384 0049 0E       		.uleb128 0xe
 385 004a 3A       		.uleb128 0x3a
 386 004b 0B       		.uleb128 0xb
 387 004c 3B       		.uleb128 0x3b
 388 004d 0B       		.uleb128 0xb
 389 004e 27       		.uleb128 0x27
 390 004f 19       		.uleb128 0x19
 391 0050 11       		.uleb128 0x11
 392 0051 01       		.uleb128 0x1
 393 0052 12       		.uleb128 0x12
 394 0053 06       		.uleb128 0x6
 395 0054 40       		.uleb128 0x40
 396 0055 18       		.uleb128 0x18
 397 0056 9642     		.uleb128 0x2116
 398 0058 19       		.uleb128 0x19
 399 0059 01       		.uleb128 0x1
 400 005a 13       		.uleb128 0x13
 401 005b 00       		.byte	0
 402 005c 00       		.byte	0
 403 005d 07       		.uleb128 0x7
 404 005e 05       		.uleb128 0x5
 405 005f 00       		.byte	0
 406 0060 03       		.uleb128 0x3
 407 0061 0E       		.uleb128 0xe
 408 0062 3A       		.uleb128 0x3a
 409 0063 0B       		.uleb128 0xb
 410 0064 3B       		.uleb128 0x3b
 411 0065 0B       		.uleb128 0xb
 412 0066 49       		.uleb128 0x49
 413 0067 13       		.uleb128 0x13
 414 0068 02       		.uleb128 0x2
 415 0069 17       		.uleb128 0x17
 416 006a 00       		.byte	0
 417 006b 00       		.byte	0
 418 006c 08       		.uleb128 0x8
 419 006d 05       		.uleb128 0x5
 420 006e 00       		.byte	0
 421 006f 03       		.uleb128 0x3
 422 0070 0E       		.uleb128 0xe
 423 0071 3A       		.uleb128 0x3a
 424 0072 0B       		.uleb128 0xb
 425 0073 3B       		.uleb128 0x3b
 426 0074 0B       		.uleb128 0xb
 427 0075 49       		.uleb128 0x49
 428 0076 13       		.uleb128 0x13
 429 0077 02       		.uleb128 0x2
 430 0078 18       		.uleb128 0x18
 431 0079 00       		.byte	0
 432 007a 00       		.byte	0
 433 007b 09       		.uleb128 0x9
 434 007c 34       		.uleb128 0x34
 435 007d 00       		.byte	0
 436 007e 03       		.uleb128 0x3
 437 007f 0E       		.uleb128 0xe
 438 0080 3A       		.uleb128 0x3a
 439 0081 0B       		.uleb128 0xb
 440 0082 3B       		.uleb128 0x3b
ARM GAS  C:\Users\IVYLIU~1\AppData\Local\Temp\cctay6yL.s 			page 10


 441 0083 0B       		.uleb128 0xb
 442 0084 49       		.uleb128 0x49
 443 0085 13       		.uleb128 0x13
 444 0086 02       		.uleb128 0x2
 445 0087 18       		.uleb128 0x18
 446 0088 00       		.byte	0
 447 0089 00       		.byte	0
 448 008a 0A       		.uleb128 0xa
 449 008b 0F       		.uleb128 0xf
 450 008c 00       		.byte	0
 451 008d 0B       		.uleb128 0xb
 452 008e 0B       		.uleb128 0xb
 453 008f 49       		.uleb128 0x49
 454 0090 13       		.uleb128 0x13
 455 0091 00       		.byte	0
 456 0092 00       		.byte	0
 457 0093 0B       		.uleb128 0xb
 458 0094 26       		.uleb128 0x26
 459 0095 00       		.byte	0
 460 0096 49       		.uleb128 0x49
 461 0097 13       		.uleb128 0x13
 462 0098 00       		.byte	0
 463 0099 00       		.byte	0
 464 009a 0C       		.uleb128 0xc
 465 009b 34       		.uleb128 0x34
 466 009c 00       		.byte	0
 467 009d 03       		.uleb128 0x3
 468 009e 0E       		.uleb128 0xe
 469 009f 3A       		.uleb128 0x3a
 470 00a0 0B       		.uleb128 0xb
 471 00a1 3B       		.uleb128 0x3b
 472 00a2 0B       		.uleb128 0xb
 473 00a3 49       		.uleb128 0x49
 474 00a4 13       		.uleb128 0x13
 475 00a5 3F       		.uleb128 0x3f
 476 00a6 19       		.uleb128 0x19
 477 00a7 3C       		.uleb128 0x3c
 478 00a8 19       		.uleb128 0x19
 479 00a9 00       		.byte	0
 480 00aa 00       		.byte	0
 481 00ab 0D       		.uleb128 0xd
 482 00ac 13       		.uleb128 0x13
 483 00ad 01       		.byte	0x1
 484 00ae 0B       		.uleb128 0xb
 485 00af 0B       		.uleb128 0xb
 486 00b0 3A       		.uleb128 0x3a
 487 00b1 0B       		.uleb128 0xb
 488 00b2 3B       		.uleb128 0x3b
 489 00b3 0B       		.uleb128 0xb
 490 00b4 01       		.uleb128 0x1
 491 00b5 13       		.uleb128 0x13
 492 00b6 00       		.byte	0
 493 00b7 00       		.byte	0
 494 00b8 0E       		.uleb128 0xe
 495 00b9 0D       		.uleb128 0xd
 496 00ba 00       		.byte	0
 497 00bb 03       		.uleb128 0x3
ARM GAS  C:\Users\IVYLIU~1\AppData\Local\Temp\cctay6yL.s 			page 11


 498 00bc 0E       		.uleb128 0xe
 499 00bd 3A       		.uleb128 0x3a
 500 00be 0B       		.uleb128 0xb
 501 00bf 3B       		.uleb128 0x3b
 502 00c0 0B       		.uleb128 0xb
 503 00c1 49       		.uleb128 0x49
 504 00c2 13       		.uleb128 0x13
 505 00c3 38       		.uleb128 0x38
 506 00c4 0B       		.uleb128 0xb
 507 00c5 00       		.byte	0
 508 00c6 00       		.byte	0
 509 00c7 0F       		.uleb128 0xf
 510 00c8 13       		.uleb128 0x13
 511 00c9 01       		.byte	0x1
 512 00ca 0B       		.uleb128 0xb
 513 00cb 0B       		.uleb128 0xb
 514 00cc 3A       		.uleb128 0x3a
 515 00cd 0B       		.uleb128 0xb
 516 00ce 3B       		.uleb128 0x3b
 517 00cf 0B       		.uleb128 0xb
 518 00d0 00       		.byte	0
 519 00d1 00       		.byte	0
 520 00d2 10       		.uleb128 0x10
 521 00d3 0D       		.uleb128 0xd
 522 00d4 00       		.byte	0
 523 00d5 03       		.uleb128 0x3
 524 00d6 08       		.uleb128 0x8
 525 00d7 3A       		.uleb128 0x3a
 526 00d8 0B       		.uleb128 0xb
 527 00d9 3B       		.uleb128 0x3b
 528 00da 0B       		.uleb128 0xb
 529 00db 49       		.uleb128 0x49
 530 00dc 13       		.uleb128 0x13
 531 00dd 38       		.uleb128 0x38
 532 00de 0B       		.uleb128 0xb
 533 00df 00       		.byte	0
 534 00e0 00       		.byte	0
 535 00e1 00       		.byte	0
 536              		.section	.debug_loc,"",%progbits
 537              	.Ldebug_loc0:
 538              	.LLST0:
 539 0000 00000000 		.4byte	.LVL0
 540 0004 16000000 		.4byte	.LVL4
 541 0008 0100     		.2byte	0x1
 542 000a 50       		.byte	0x50
 543 000b 16000000 		.4byte	.LVL4
 544 000f 2A000000 		.4byte	.LVL7
 545 0013 0100     		.2byte	0x1
 546 0015 58       		.byte	0x58
 547 0016 2A000000 		.4byte	.LVL7
 548 001a 32000000 		.4byte	.LFE83
 549 001e 0100     		.2byte	0x1
 550 0020 50       		.byte	0x50
 551 0021 00000000 		.4byte	0
 552 0025 00000000 		.4byte	0
 553              	.LLST1:
 554 0029 00000000 		.4byte	.LVL0
ARM GAS  C:\Users\IVYLIU~1\AppData\Local\Temp\cctay6yL.s 			page 12


 555 002d 0E000000 		.4byte	.LVL2
 556 0031 0600     		.2byte	0x6
 557 0033 52       		.byte	0x52
 558 0034 93       		.byte	0x93
 559 0035 04       		.uleb128 0x4
 560 0036 53       		.byte	0x53
 561 0037 93       		.byte	0x93
 562 0038 04       		.uleb128 0x4
 563 0039 0E000000 		.4byte	.LVL2
 564 003d 32000000 		.4byte	.LFE83
 565 0041 0600     		.2byte	0x6
 566 0043 F3       		.byte	0xf3
 567 0044 03       		.uleb128 0x3
 568 0045 F5       		.byte	0xf5
 569 0046 02       		.uleb128 0x2
 570 0047 25       		.uleb128 0x25
 571 0048 9F       		.byte	0x9f
 572 0049 00000000 		.4byte	0
 573 004d 00000000 		.4byte	0
 574              	.LLST2:
 575 0051 00000000 		.4byte	.LVL0
 576 0055 0E000000 		.4byte	.LVL2
 577 0059 0200     		.2byte	0x2
 578 005b 91       		.byte	0x91
 579 005c 00       		.sleb128 0
 580 005d 0E000000 		.4byte	.LVL2
 581 0061 12000000 		.4byte	.LVL3
 582 0065 0100     		.2byte	0x1
 583 0067 55       		.byte	0x55
 584 0068 12000000 		.4byte	.LVL3
 585 006c 2A000000 		.4byte	.LVL7
 586 0070 0100     		.2byte	0x1
 587 0072 59       		.byte	0x59
 588 0073 2A000000 		.4byte	.LVL7
 589 0077 32000000 		.4byte	.LFE83
 590 007b 0100     		.2byte	0x1
 591 007d 55       		.byte	0x55
 592 007e 00000000 		.4byte	0
 593 0082 00000000 		.4byte	0
 594              		.section	.debug_aranges,"",%progbits
 595 0000 1C000000 		.4byte	0x1c
 596 0004 0200     		.2byte	0x2
 597 0006 00000000 		.4byte	.Ldebug_info0
 598 000a 04       		.byte	0x4
 599 000b 00       		.byte	0
 600 000c 0000     		.2byte	0
 601 000e 0000     		.2byte	0
 602 0010 00000000 		.4byte	.LFB83
 603 0014 32000000 		.4byte	.LFE83-.LFB83
 604 0018 00000000 		.4byte	0
 605 001c 00000000 		.4byte	0
 606              		.section	.debug_ranges,"",%progbits
 607              	.Ldebug_ranges0:
 608 0000 00000000 		.4byte	.LFB83
 609 0004 32000000 		.4byte	.LFE83
 610 0008 00000000 		.4byte	0
 611 000c 00000000 		.4byte	0
ARM GAS  C:\Users\IVYLIU~1\AppData\Local\Temp\cctay6yL.s 			page 13


 612              		.section	.debug_line,"",%progbits
 613              	.Ldebug_line0:
 614 0000 9C010000 		.section	.debug_str,"MS",%progbits,1
 614      02007F01 
 614      00000201 
 614      FB0E0D00 
 614      01010101 
 615              	.LASF26:
 616 0000 5F5F7A65 		.ascii	"__zero_table_end__\000"
 616      726F5F74 
 616      61626C65 
 616      5F656E64 
 616      5F5F00
 617              	.LASF21:
 618 0013 5F5F636F 		.ascii	"__copy_table_t\000"
 618      70795F74 
 618      61626C65 
 618      5F7400
 619              	.LASF16:
 620 0022 666C6F61 		.ascii	"float64_t\000"
 620      7436345F 
 620      7400
 621              	.LASF24:
 622 002c 5F5F7A65 		.ascii	"__zero_table_t\000"
 622      726F5F74 
 622      61626C65 
 622      5F7400
 623              	.LASF14:
 624 003b 666C6F61 		.ascii	"float\000"
 624      7400
 625              	.LASF27:
 626 0041 64657374 		.ascii	"dest\000"
 626      00
 627              	.LASF2:
 628 0046 756E7369 		.ascii	"unsigned char\000"
 628      676E6564 
 628      20636861 
 628      7200
 629              	.LASF33:
 630 0054 626C6B43 		.ascii	"blkCnt\000"
 630      6E7400
 631              	.LASF23:
 632 005b 5F5F636F 		.ascii	"__copy_table_end__\000"
 632      70795F74 
 632      61626C65 
 632      5F656E64 
 632      5F5F00
 633              	.LASF18:
 634 006e 6F666673 		.ascii	"offset\000"
 634      657400
 635              	.LASF6:
 636 0075 6C6F6E67 		.ascii	"long unsigned int\000"
 636      20756E73 
 636      69676E65 
 636      6420696E 
 636      7400
 637              	.LASF4:
ARM GAS  C:\Users\IVYLIU~1\AppData\Local\Temp\cctay6yL.s 			page 14


 638 0087 73686F72 		.ascii	"short unsigned int\000"
 638      7420756E 
 638      7369676E 
 638      65642069 
 638      6E7400
 639              	.LASF19:
 640 009a 70447374 		.ascii	"pDst\000"
 640      00
 641              	.LASF0:
 642 009f 646F7562 		.ascii	"double\000"
 642      6C6500
 643              	.LASF10:
 644 00a6 5F5F7569 		.ascii	"__uint32_t\000"
 644      6E743332 
 644      5F7400
 645              	.LASF9:
 646 00b1 756E7369 		.ascii	"unsigned int\000"
 646      676E6564 
 646      20696E74 
 646      00
 647              	.LASF8:
 648 00be 6C6F6E67 		.ascii	"long long unsigned int\000"
 648      206C6F6E 
 648      6720756E 
 648      7369676E 
 648      65642069 
 649              	.LASF12:
 650 00d5 73697A65 		.ascii	"sizetype\000"
 650      74797065 
 650      00
 651              	.LASF30:
 652 00de 2E5C4453 		.ascii	".\\DSP\\Source\\BasicMathFunctions\\arm_offset_f64."
 652      505C536F 
 652      75726365 
 652      5C426173 
 652      69634D61 
 653 010d 6300     		.ascii	"c\000"
 654              	.LASF7:
 655 010f 6C6F6E67 		.ascii	"long long int\000"
 655      206C6F6E 
 655      6720696E 
 655      7400
 656              	.LASF20:
 657 011d 626C6F63 		.ascii	"blockSize\000"
 657      6B53697A 
 657      6500
 658              	.LASF13:
 659 0127 63686172 		.ascii	"char\000"
 659      00
 660              	.LASF31:
 661 012c 5C5C766D 		.ascii	"\\\\vmware-host\\Shared Folders\\Documents\\PSoC Cr"
 661      77617265 
 661      2D686F73 
 661      745C5368 
 661      61726564 
 662 015a 6561746F 		.ascii	"eator\\FinalProject\\SoundDetection.cydsn\000"
 662      725C4669 
ARM GAS  C:\Users\IVYLIU~1\AppData\Local\Temp\cctay6yL.s 			page 15


 662      6E616C50 
 662      726F6A65 
 662      63745C53 
 663              	.LASF28:
 664 0182 776C656E 		.ascii	"wlen\000"
 664      00
 665              	.LASF3:
 666 0187 73686F72 		.ascii	"short int\000"
 666      7420696E 
 666      7400
 667              	.LASF32:
 668 0191 61726D5F 		.ascii	"arm_offset_f64\000"
 668      6F666673 
 668      65745F66 
 668      363400
 669              	.LASF29:
 670 01a0 474E5520 		.ascii	"GNU C 4.9.3 20150303 (release) [ARM/embedded-4_9-br"
 670      4320342E 
 670      392E3320 
 670      32303135 
 670      30333033 
 671 01d3 616E6368 		.ascii	"anch revision 221220] -mcpu=cortex-m3 -mthumb -g -O"
 671      20726576 
 671      6973696F 
 671      6E203232 
 671      31323230 
 672 0206 67202D73 		.ascii	"g -std=gnu99 -ffunction-sections -ffat-lto-objects\000"
 672      74643D67 
 672      6E753939 
 672      202D6666 
 672      756E6374 
 673              	.LASF11:
 674 0239 75696E74 		.ascii	"uint32_t\000"
 674      33325F74 
 674      00
 675              	.LASF5:
 676 0242 6C6F6E67 		.ascii	"long int\000"
 676      20696E74 
 676      00
 677              	.LASF15:
 678 024b 6C6F6E67 		.ascii	"long double\000"
 678      20646F75 
 678      626C6500 
 679              	.LASF25:
 680 0257 5F5F7A65 		.ascii	"__zero_table_start__\000"
 680      726F5F74 
 680      61626C65 
 680      5F737461 
 680      72745F5F 
 681              	.LASF1:
 682 026c 7369676E 		.ascii	"signed char\000"
 682      65642063 
 682      68617200 
 683              	.LASF17:
 684 0278 70537263 		.ascii	"pSrc\000"
 684      00
 685              	.LASF22:
ARM GAS  C:\Users\IVYLIU~1\AppData\Local\Temp\cctay6yL.s 			page 16


 686 027d 5F5F636F 		.ascii	"__copy_table_start__\000"
 686      70795F74 
 686      61626C65 
 686      5F737461 
 686      72745F5F 
 687              		.ident	"GCC: (GNU Tools for ARM Embedded Processors) 4.9.3 20150303 (release) [ARM/embedded-4_9-br
