ARM GAS  C:\Users\IVYLIU~1\AppData\Local\Temp\ccg57oOg.s 			page 1


   1              		.syntax unified
   2              		.cpu cortex-m3
   3              		.fpu softvfp
   4              		.eabi_attribute 20, 1
   5              		.eabi_attribute 21, 1
   6              		.eabi_attribute 23, 3
   7              		.eabi_attribute 24, 1
   8              		.eabi_attribute 25, 1
   9              		.eabi_attribute 26, 1
  10              		.eabi_attribute 30, 1
  11              		.eabi_attribute 34, 1
  12              		.eabi_attribute 18, 4
  13              		.thumb
  14              		.file	"arm_mfcc_init_q31.c"
  15              		.text
  16              	.Ltext0:
  17              		.cfi_sections	.debug_frame
  18              		.section	.text.arm_mfcc_init_q31,"ax",%progbits
  19              		.align	2
  20              		.global	arm_mfcc_init_q31
  21              		.thumb
  22              		.thumb_func
  23              		.type	arm_mfcc_init_q31, %function
  24              	arm_mfcc_init_q31:
  25              	.LFB84:
  26              		.file 1 ".\\DSP\\Source\\TransformFunctions\\arm_mfcc_init_q31.c"
   1:.\DSP\Source\TransformFunctions/arm_mfcc_init_q31.c **** /* ----------------------------------------------------------------------
   2:.\DSP\Source\TransformFunctions/arm_mfcc_init_q31.c ****  * Project:      CMSIS DSP Library
   3:.\DSP\Source\TransformFunctions/arm_mfcc_init_q31.c ****  * Title:        arm_mfcc_init_q31.c
   4:.\DSP\Source\TransformFunctions/arm_mfcc_init_q31.c ****  * Description:  MFCC initialization function for the q31 version
   5:.\DSP\Source\TransformFunctions/arm_mfcc_init_q31.c ****  *
   6:.\DSP\Source\TransformFunctions/arm_mfcc_init_q31.c ****  * $Date:        07 September 2021
   7:.\DSP\Source\TransformFunctions/arm_mfcc_init_q31.c ****  * $Revision:    V1.10.0
   8:.\DSP\Source\TransformFunctions/arm_mfcc_init_q31.c ****  *
   9:.\DSP\Source\TransformFunctions/arm_mfcc_init_q31.c ****  * Target Processor: Cortex-M and Cortex-A cores
  10:.\DSP\Source\TransformFunctions/arm_mfcc_init_q31.c ****  * -------------------------------------------------------------------- */
  11:.\DSP\Source\TransformFunctions/arm_mfcc_init_q31.c **** /*
  12:.\DSP\Source\TransformFunctions/arm_mfcc_init_q31.c ****  * Copyright (C) 2010-2021 ARM Limited or its affiliates. All rights reserved.
  13:.\DSP\Source\TransformFunctions/arm_mfcc_init_q31.c ****  *
  14:.\DSP\Source\TransformFunctions/arm_mfcc_init_q31.c ****  * SPDX-License-Identifier: Apache-2.0
  15:.\DSP\Source\TransformFunctions/arm_mfcc_init_q31.c ****  *
  16:.\DSP\Source\TransformFunctions/arm_mfcc_init_q31.c ****  * Licensed under the Apache License, Version 2.0 (the License); you may
  17:.\DSP\Source\TransformFunctions/arm_mfcc_init_q31.c ****  * not use this file except in compliance with the License.
  18:.\DSP\Source\TransformFunctions/arm_mfcc_init_q31.c ****  * You may obtain a copy of the License at
  19:.\DSP\Source\TransformFunctions/arm_mfcc_init_q31.c ****  *
  20:.\DSP\Source\TransformFunctions/arm_mfcc_init_q31.c ****  * www.apache.org/licenses/LICENSE-2.0
  21:.\DSP\Source\TransformFunctions/arm_mfcc_init_q31.c ****  *
  22:.\DSP\Source\TransformFunctions/arm_mfcc_init_q31.c ****  * Unless required by applicable law or agreed to in writing, software
  23:.\DSP\Source\TransformFunctions/arm_mfcc_init_q31.c ****  * distributed under the License is distributed on an AS IS BASIS, WITHOUT
  24:.\DSP\Source\TransformFunctions/arm_mfcc_init_q31.c ****  * WARRANTIES OR CONDITIONS OF ANY KIND, either express or implied.
  25:.\DSP\Source\TransformFunctions/arm_mfcc_init_q31.c ****  * See the License for the specific language governing permissions and
  26:.\DSP\Source\TransformFunctions/arm_mfcc_init_q31.c ****  * limitations under the License.
  27:.\DSP\Source\TransformFunctions/arm_mfcc_init_q31.c ****  */
  28:.\DSP\Source\TransformFunctions/arm_mfcc_init_q31.c **** 
  29:.\DSP\Source\TransformFunctions/arm_mfcc_init_q31.c **** /**
  30:.\DSP\Source\TransformFunctions/arm_mfcc_init_q31.c ****   @ingroup groupTransforms
  31:.\DSP\Source\TransformFunctions/arm_mfcc_init_q31.c ****  */
ARM GAS  C:\Users\IVYLIU~1\AppData\Local\Temp\ccg57oOg.s 			page 2


  32:.\DSP\Source\TransformFunctions/arm_mfcc_init_q31.c **** 
  33:.\DSP\Source\TransformFunctions/arm_mfcc_init_q31.c **** 
  34:.\DSP\Source\TransformFunctions/arm_mfcc_init_q31.c **** /**
  35:.\DSP\Source\TransformFunctions/arm_mfcc_init_q31.c ****   @addtogroup MFCC
  36:.\DSP\Source\TransformFunctions/arm_mfcc_init_q31.c ****   @{
  37:.\DSP\Source\TransformFunctions/arm_mfcc_init_q31.c ****  */
  38:.\DSP\Source\TransformFunctions/arm_mfcc_init_q31.c **** 
  39:.\DSP\Source\TransformFunctions/arm_mfcc_init_q31.c **** 
  40:.\DSP\Source\TransformFunctions/arm_mfcc_init_q31.c **** #include "dsp/transform_functions.h"
  41:.\DSP\Source\TransformFunctions/arm_mfcc_init_q31.c **** 
  42:.\DSP\Source\TransformFunctions/arm_mfcc_init_q31.c **** 
  43:.\DSP\Source\TransformFunctions/arm_mfcc_init_q31.c **** 
  44:.\DSP\Source\TransformFunctions/arm_mfcc_init_q31.c **** /**
  45:.\DSP\Source\TransformFunctions/arm_mfcc_init_q31.c ****   @brief         Initialization of the MFCC F32 instance structure
  46:.\DSP\Source\TransformFunctions/arm_mfcc_init_q31.c ****   @param[out]    S       points to the mfcc instance structure
  47:.\DSP\Source\TransformFunctions/arm_mfcc_init_q31.c ****   @param[in]     fftLen  fft length
  48:.\DSP\Source\TransformFunctions/arm_mfcc_init_q31.c ****   @param[in]     nbMelFilters  number of Mel filters
  49:.\DSP\Source\TransformFunctions/arm_mfcc_init_q31.c ****   @param[in]     nbDctOutputs  number of Dct outputs
  50:.\DSP\Source\TransformFunctions/arm_mfcc_init_q31.c ****   @param[in]     dctCoefs  points to an array of DCT coefficients
  51:.\DSP\Source\TransformFunctions/arm_mfcc_init_q31.c ****   @param[in]     filterPos  points of the array of filter positions
  52:.\DSP\Source\TransformFunctions/arm_mfcc_init_q31.c ****   @param[in]     filterLengths  points to the array of filter lengths
  53:.\DSP\Source\TransformFunctions/arm_mfcc_init_q31.c ****   @param[in]     filterCoefs  points to the array of filter coefficients
  54:.\DSP\Source\TransformFunctions/arm_mfcc_init_q31.c ****   @param[in]     windowCoefs  points to the array of window coefficients
  55:.\DSP\Source\TransformFunctions/arm_mfcc_init_q31.c **** 
  56:.\DSP\Source\TransformFunctions/arm_mfcc_init_q31.c ****   @return        error status
  57:.\DSP\Source\TransformFunctions/arm_mfcc_init_q31.c **** 
  58:.\DSP\Source\TransformFunctions/arm_mfcc_init_q31.c ****   @par           Description
  59:.\DSP\Source\TransformFunctions/arm_mfcc_init_q31.c ****                    The matrix of Mel filter coefficients is sparse.
  60:.\DSP\Source\TransformFunctions/arm_mfcc_init_q31.c ****                    Most of the coefficients are zero.
  61:.\DSP\Source\TransformFunctions/arm_mfcc_init_q31.c ****                    To avoid multiplying the spectrogram by those zeros, the
  62:.\DSP\Source\TransformFunctions/arm_mfcc_init_q31.c ****                    filter is applied only to a given position in the spectrogram
  63:.\DSP\Source\TransformFunctions/arm_mfcc_init_q31.c ****                    and on a given number of FFT bins (the filter length).
  64:.\DSP\Source\TransformFunctions/arm_mfcc_init_q31.c ****                    It is the reason for the arrays filterPos and filterLengths.
  65:.\DSP\Source\TransformFunctions/arm_mfcc_init_q31.c **** 
  66:.\DSP\Source\TransformFunctions/arm_mfcc_init_q31.c ****                    window coefficients can describe (for instance) a Hamming window.
  67:.\DSP\Source\TransformFunctions/arm_mfcc_init_q31.c ****                    The array has the same size as the FFT length.
  68:.\DSP\Source\TransformFunctions/arm_mfcc_init_q31.c **** 
  69:.\DSP\Source\TransformFunctions/arm_mfcc_init_q31.c ****                    The folder Scripts is containing a Python script which can be used
  70:.\DSP\Source\TransformFunctions/arm_mfcc_init_q31.c ****                    to generate the filter, dct and window arrays.
  71:.\DSP\Source\TransformFunctions/arm_mfcc_init_q31.c ****  */
  72:.\DSP\Source\TransformFunctions/arm_mfcc_init_q31.c **** 
  73:.\DSP\Source\TransformFunctions/arm_mfcc_init_q31.c **** arm_status arm_mfcc_init_q31(
  74:.\DSP\Source\TransformFunctions/arm_mfcc_init_q31.c ****   arm_mfcc_instance_q31 * S,
  75:.\DSP\Source\TransformFunctions/arm_mfcc_init_q31.c ****   uint32_t fftLen,
  76:.\DSP\Source\TransformFunctions/arm_mfcc_init_q31.c ****   uint32_t nbMelFilters,
  77:.\DSP\Source\TransformFunctions/arm_mfcc_init_q31.c ****   uint32_t nbDctOutputs,
  78:.\DSP\Source\TransformFunctions/arm_mfcc_init_q31.c ****   const q31_t *dctCoefs,
  79:.\DSP\Source\TransformFunctions/arm_mfcc_init_q31.c ****   const uint32_t *filterPos,
  80:.\DSP\Source\TransformFunctions/arm_mfcc_init_q31.c ****   const uint32_t *filterLengths,
  81:.\DSP\Source\TransformFunctions/arm_mfcc_init_q31.c ****   const q31_t *filterCoefs,
  82:.\DSP\Source\TransformFunctions/arm_mfcc_init_q31.c ****   const q31_t *windowCoefs
  83:.\DSP\Source\TransformFunctions/arm_mfcc_init_q31.c ****   )
  84:.\DSP\Source\TransformFunctions/arm_mfcc_init_q31.c **** {
  27              		.loc 1 84 0
  28              		.cfi_startproc
  29              		@ args = 20, pretend = 0, frame = 0
  30              		@ frame_needed = 0, uses_anonymous_args = 0
ARM GAS  C:\Users\IVYLIU~1\AppData\Local\Temp\ccg57oOg.s 			page 3


  31              	.LVL0:
  32 0000 08B5     		push	{r3, lr}
  33              		.cfi_def_cfa_offset 8
  34              		.cfi_offset 3, -8
  35              		.cfi_offset 14, -4
  85:.\DSP\Source\TransformFunctions/arm_mfcc_init_q31.c ****  arm_status status;
  86:.\DSP\Source\TransformFunctions/arm_mfcc_init_q31.c **** 
  87:.\DSP\Source\TransformFunctions/arm_mfcc_init_q31.c ****  S->fftLen=fftLen;
  36              		.loc 1 87 0
  37 0002 4161     		str	r1, [r0, #20]
  88:.\DSP\Source\TransformFunctions/arm_mfcc_init_q31.c ****  S->nbMelFilters=nbMelFilters;
  38              		.loc 1 88 0
  39 0004 8261     		str	r2, [r0, #24]
  89:.\DSP\Source\TransformFunctions/arm_mfcc_init_q31.c ****  S->nbDctOutputs=nbDctOutputs;
  40              		.loc 1 89 0
  41 0006 C361     		str	r3, [r0, #28]
  90:.\DSP\Source\TransformFunctions/arm_mfcc_init_q31.c ****  S->dctCoefs=dctCoefs;
  42              		.loc 1 90 0
  43 0008 029B     		ldr	r3, [sp, #8]
  44              	.LVL1:
  45 000a 0360     		str	r3, [r0]
  91:.\DSP\Source\TransformFunctions/arm_mfcc_init_q31.c ****  S->filterPos=filterPos;
  46              		.loc 1 91 0
  47 000c 039B     		ldr	r3, [sp, #12]
  48 000e C360     		str	r3, [r0, #12]
  92:.\DSP\Source\TransformFunctions/arm_mfcc_init_q31.c ****  S->filterLengths=filterLengths;
  49              		.loc 1 92 0
  50 0010 049B     		ldr	r3, [sp, #16]
  51 0012 0361     		str	r3, [r0, #16]
  93:.\DSP\Source\TransformFunctions/arm_mfcc_init_q31.c ****  S->filterCoefs=filterCoefs;
  52              		.loc 1 93 0
  53 0014 059B     		ldr	r3, [sp, #20]
  54 0016 4360     		str	r3, [r0, #4]
  94:.\DSP\Source\TransformFunctions/arm_mfcc_init_q31.c ****  S->windowCoefs=windowCoefs;
  55              		.loc 1 94 0
  56 0018 069B     		ldr	r3, [sp, #24]
  57 001a 8360     		str	r3, [r0, #8]
  95:.\DSP\Source\TransformFunctions/arm_mfcc_init_q31.c **** 
  96:.\DSP\Source\TransformFunctions/arm_mfcc_init_q31.c ****  #if defined(ARM_MFCC_CFFT_BASED)
  97:.\DSP\Source\TransformFunctions/arm_mfcc_init_q31.c ****  status=arm_cfft_init_q31(&(S->cfft),fftLen);
  98:.\DSP\Source\TransformFunctions/arm_mfcc_init_q31.c ****  #else
  99:.\DSP\Source\TransformFunctions/arm_mfcc_init_q31.c ****  status=arm_rfft_init_q31(&(S->rfft),fftLen,0,1);
  58              		.loc 1 99 0
  59 001c 2030     		adds	r0, r0, #32
  60              	.LVL2:
  61 001e 0022     		movs	r2, #0
  62              	.LVL3:
  63 0020 0123     		movs	r3, #1
  64 0022 FFF7FEFF 		bl	arm_rfft_init_q31
  65              	.LVL4:
 100:.\DSP\Source\TransformFunctions/arm_mfcc_init_q31.c ****  #endif
 101:.\DSP\Source\TransformFunctions/arm_mfcc_init_q31.c ****  
 102:.\DSP\Source\TransformFunctions/arm_mfcc_init_q31.c ****  return(status);
 103:.\DSP\Source\TransformFunctions/arm_mfcc_init_q31.c **** }
  66              		.loc 1 103 0
  67 0026 08BD     		pop	{r3, pc}
  68              		.cfi_endproc
ARM GAS  C:\Users\IVYLIU~1\AppData\Local\Temp\ccg57oOg.s 			page 4


  69              	.LFE84:
  70              		.size	arm_mfcc_init_q31, .-arm_mfcc_init_q31
  71              		.text
  72              	.Letext0:
  73              		.file 2 "c:\\program files (x86)\\cypress\\psoc creator\\3.3\\psoc creator\\import\\gnu\\arm\\4.9.
  74              		.file 3 "c:\\program files (x86)\\cypress\\psoc creator\\3.3\\psoc creator\\import\\gnu\\arm\\4.9.
  75              		.file 4 ".\\DSP\\Include/arm_math_types.h"
  76              		.file 5 ".\\DSP\\Include/dsp/transform_functions.h"
  77              		.file 6 ".\\Core\\Include/cmsis_gcc.h"
  78              		.section	.debug_info,"",%progbits
  79              	.Ldebug_info0:
  80 0000 3A040000 		.4byte	0x43a
  81 0004 0400     		.2byte	0x4
  82 0006 00000000 		.4byte	.Ldebug_abbrev0
  83 000a 04       		.byte	0x4
  84 000b 01       		.uleb128 0x1
  85 000c FF030000 		.4byte	.LASF62
  86 0010 01       		.byte	0x1
  87 0011 C0030000 		.4byte	.LASF63
  88 0015 F1020000 		.4byte	.LASF64
  89 0019 00000000 		.4byte	.Ldebug_ranges0+0
  90 001d 00000000 		.4byte	0
  91 0021 00000000 		.4byte	.Ldebug_line0
  92 0025 02       		.uleb128 0x2
  93 0026 01       		.byte	0x1
  94 0027 06       		.byte	0x6
  95 0028 9D000000 		.4byte	.LASF0
  96 002c 03       		.uleb128 0x3
  97 002d 34000000 		.4byte	.LASF3
  98 0031 02       		.byte	0x2
  99 0032 1D       		.byte	0x1d
 100 0033 37000000 		.4byte	0x37
 101 0037 02       		.uleb128 0x2
 102 0038 01       		.byte	0x1
 103 0039 08       		.byte	0x8
 104 003a 67020000 		.4byte	.LASF1
 105 003e 02       		.uleb128 0x2
 106 003f 02       		.byte	0x2
 107 0040 05       		.byte	0x5
 108 0041 88020000 		.4byte	.LASF2
 109 0045 03       		.uleb128 0x3
 110 0046 5E030000 		.4byte	.LASF4
 111 004a 02       		.byte	0x2
 112 004b 2B       		.byte	0x2b
 113 004c 50000000 		.4byte	0x50
 114 0050 02       		.uleb128 0x2
 115 0051 02       		.byte	0x2
 116 0052 07       		.byte	0x7
 117 0053 72010000 		.4byte	.LASF5
 118 0057 03       		.uleb128 0x3
 119 0058 80030000 		.4byte	.LASF6
 120 005c 02       		.byte	0x2
 121 005d 3F       		.byte	0x3f
 122 005e 62000000 		.4byte	0x62
 123 0062 02       		.uleb128 0x2
 124 0063 04       		.byte	0x4
 125 0064 05       		.byte	0x5
ARM GAS  C:\Users\IVYLIU~1\AppData\Local\Temp\ccg57oOg.s 			page 5


 126 0065 CA000000 		.4byte	.LASF7
 127 0069 03       		.uleb128 0x3
 128 006a FA000000 		.4byte	.LASF8
 129 006e 02       		.byte	0x2
 130 006f 41       		.byte	0x41
 131 0070 74000000 		.4byte	0x74
 132 0074 02       		.uleb128 0x2
 133 0075 04       		.byte	0x4
 134 0076 07       		.byte	0x7
 135 0077 46010000 		.4byte	.LASF9
 136 007b 02       		.uleb128 0x2
 137 007c 08       		.byte	0x8
 138 007d 05       		.byte	0x5
 139 007e 8F000000 		.4byte	.LASF10
 140 0082 02       		.uleb128 0x2
 141 0083 08       		.byte	0x8
 142 0084 07       		.byte	0x7
 143 0085 65000000 		.4byte	.LASF11
 144 0089 04       		.uleb128 0x4
 145 008a 04       		.byte	0x4
 146 008b 05       		.byte	0x5
 147 008c 696E7400 		.ascii	"int\000"
 148 0090 02       		.uleb128 0x2
 149 0091 04       		.byte	0x4
 150 0092 07       		.byte	0x7
 151 0093 39010000 		.4byte	.LASF12
 152 0097 03       		.uleb128 0x3
 153 0098 AD030000 		.4byte	.LASF13
 154 009c 03       		.byte	0x3
 155 009d 15       		.byte	0x15
 156 009e 2C000000 		.4byte	0x2c
 157 00a2 03       		.uleb128 0x3
 158 00a3 E0000000 		.4byte	.LASF14
 159 00a7 03       		.byte	0x3
 160 00a8 21       		.byte	0x21
 161 00a9 45000000 		.4byte	0x45
 162 00ad 03       		.uleb128 0x3
 163 00ae 5F020000 		.4byte	.LASF15
 164 00b2 03       		.byte	0x3
 165 00b3 2C       		.byte	0x2c
 166 00b4 57000000 		.4byte	0x57
 167 00b8 03       		.uleb128 0x3
 168 00b9 E8020000 		.4byte	.LASF16
 169 00bd 03       		.byte	0x3
 170 00be 2D       		.byte	0x2d
 171 00bf 69000000 		.4byte	0x69
 172 00c3 02       		.uleb128 0x2
 173 00c4 04       		.byte	0x4
 174 00c5 07       		.byte	0x7
 175 00c6 D4010000 		.4byte	.LASF17
 176 00ca 02       		.uleb128 0x2
 177 00cb 01       		.byte	0x1
 178 00cc 08       		.byte	0x8
 179 00cd 59030000 		.4byte	.LASF18
 180 00d1 02       		.uleb128 0x2
 181 00d2 08       		.byte	0x8
 182 00d3 04       		.byte	0x4
ARM GAS  C:\Users\IVYLIU~1\AppData\Local\Temp\ccg57oOg.s 			page 6


 183 00d4 E9000000 		.4byte	.LASF19
 184 00d8 02       		.uleb128 0x2
 185 00d9 04       		.byte	0x4
 186 00da 04       		.byte	0x4
 187 00db 2A020000 		.4byte	.LASF20
 188 00df 02       		.uleb128 0x2
 189 00e0 08       		.byte	0x8
 190 00e1 04       		.byte	0x4
 191 00e2 DD010000 		.4byte	.LASF21
 192 00e6 05       		.uleb128 0x5
 193 00e7 D0020000 		.4byte	.LASF22
 194 00eb 04       		.byte	0x4
 195 00ec 2401     		.2byte	0x124
 196 00ee AD000000 		.4byte	0xad
 197 00f2 06       		.uleb128 0x6
 198 00f3 01       		.byte	0x1
 199 00f4 04       		.byte	0x4
 200 00f5 5802     		.2byte	0x258
 201 00f7 2C010000 		.4byte	0x12c
 202 00fb 07       		.uleb128 0x7
 203 00fc 54000000 		.4byte	.LASF23
 204 0100 00       		.sleb128 0
 205 0101 07       		.uleb128 0x7
 206 0102 A4020000 		.4byte	.LASF24
 207 0106 7F       		.sleb128 -1
 208 0107 07       		.uleb128 0x7
 209 0108 14020000 		.4byte	.LASF25
 210 010c 7E       		.sleb128 -2
 211 010d 07       		.uleb128 0x7
 212 010e 69030000 		.4byte	.LASF26
 213 0112 7D       		.sleb128 -3
 214 0113 07       		.uleb128 0x7
 215 0114 42020000 		.4byte	.LASF27
 216 0118 7C       		.sleb128 -4
 217 0119 07       		.uleb128 0x7
 218 011a 30020000 		.4byte	.LASF28
 219 011e 7B       		.sleb128 -5
 220 011f 07       		.uleb128 0x7
 221 0120 AD010000 		.4byte	.LASF29
 222 0124 7A       		.sleb128 -6
 223 0125 07       		.uleb128 0x7
 224 0126 85010000 		.4byte	.LASF30
 225 012a 79       		.sleb128 -7
 226 012b 00       		.byte	0
 227 012c 05       		.uleb128 0x5
 228 012d B5030000 		.4byte	.LASF31
 229 0131 04       		.byte	0x4
 230 0132 6102     		.2byte	0x261
 231 0134 F2000000 		.4byte	0xf2
 232 0138 08       		.uleb128 0x8
 233 0139 04       		.byte	0x4
 234 013a 3E010000 		.4byte	0x13e
 235 013e 09       		.uleb128 0x9
 236 013f A2000000 		.4byte	0xa2
 237 0143 08       		.uleb128 0x8
 238 0144 04       		.byte	0x4
 239 0145 49010000 		.4byte	0x149
ARM GAS  C:\Users\IVYLIU~1\AppData\Local\Temp\ccg57oOg.s 			page 7


 240 0149 09       		.uleb128 0x9
 241 014a E6000000 		.4byte	0xe6
 242 014e 0A       		.uleb128 0xa
 243 014f 10       		.byte	0x10
 244 0150 05       		.byte	0x5
 245 0151 F4       		.byte	0xf4
 246 0152 87010000 		.4byte	0x187
 247 0156 0B       		.uleb128 0xb
 248 0157 13010000 		.4byte	.LASF32
 249 015b 05       		.byte	0x5
 250 015c F6       		.byte	0xf6
 251 015d A2000000 		.4byte	0xa2
 252 0161 00       		.byte	0
 253 0162 0B       		.uleb128 0xb
 254 0163 9D030000 		.4byte	.LASF33
 255 0167 05       		.byte	0x5
 256 0168 F7       		.byte	0xf7
 257 0169 43010000 		.4byte	0x143
 258 016d 04       		.byte	0x4
 259 016e 0B       		.uleb128 0xb
 260 016f D3000000 		.4byte	.LASF34
 261 0173 05       		.byte	0x5
 262 0174 F8       		.byte	0xf8
 263 0175 38010000 		.4byte	0x138
 264 0179 08       		.byte	0x8
 265 017a 0B       		.uleb128 0xb
 266 017b 52020000 		.4byte	.LASF35
 267 017f 05       		.byte	0x5
 268 0180 F9       		.byte	0xf9
 269 0181 A2000000 		.4byte	0xa2
 270 0185 0C       		.byte	0xc
 271 0186 00       		.byte	0
 272 0187 05       		.uleb128 0x5
 273 0188 00000000 		.4byte	.LASF36
 274 018c 05       		.byte	0x5
 275 018d 0201     		.2byte	0x102
 276 018f 4E010000 		.4byte	0x14e
 277 0193 0C       		.uleb128 0xc
 278 0194 18       		.byte	0x18
 279 0195 05       		.byte	0x5
 280 0196 6301     		.2byte	0x163
 281 0198 F8010000 		.4byte	0x1f8
 282 019c 0D       		.uleb128 0xd
 283 019d F4030000 		.4byte	.LASF37
 284 01a1 05       		.byte	0x5
 285 01a2 6501     		.2byte	0x165
 286 01a4 B8000000 		.4byte	0xb8
 287 01a8 00       		.byte	0
 288 01a9 0D       		.uleb128 0xd
 289 01aa F0000000 		.4byte	.LASF38
 290 01ae 05       		.byte	0x5
 291 01af 6601     		.2byte	0x166
 292 01b1 97000000 		.4byte	0x97
 293 01b5 04       		.byte	0x4
 294 01b6 0D       		.uleb128 0xd
 295 01b7 E9010000 		.4byte	.LASF39
 296 01bb 05       		.byte	0x5
ARM GAS  C:\Users\IVYLIU~1\AppData\Local\Temp\ccg57oOg.s 			page 8


 297 01bc 6701     		.2byte	0x167
 298 01be 97000000 		.4byte	0x97
 299 01c2 05       		.byte	0x5
 300 01c3 0D       		.uleb128 0xd
 301 01c4 47030000 		.4byte	.LASF40
 302 01c8 05       		.byte	0x5
 303 01c9 6801     		.2byte	0x168
 304 01cb B8000000 		.4byte	0xb8
 305 01cf 08       		.byte	0x8
 306 01d0 0D       		.uleb128 0xd
 307 01d1 7A020000 		.4byte	.LASF41
 308 01d5 05       		.byte	0x5
 309 01d6 6901     		.2byte	0x169
 310 01d8 43010000 		.4byte	0x143
 311 01dc 0C       		.byte	0xc
 312 01dd 0D       		.uleb128 0xd
 313 01de 05010000 		.4byte	.LASF42
 314 01e2 05       		.byte	0x5
 315 01e3 6A01     		.2byte	0x16a
 316 01e5 43010000 		.4byte	0x143
 317 01e9 10       		.byte	0x10
 318 01ea 0D       		.uleb128 0xd
 319 01eb BC020000 		.4byte	.LASF43
 320 01ef 05       		.byte	0x5
 321 01f0 6E01     		.2byte	0x16e
 322 01f2 F8010000 		.4byte	0x1f8
 323 01f6 14       		.byte	0x14
 324 01f7 00       		.byte	0
 325 01f8 08       		.uleb128 0x8
 326 01f9 04       		.byte	0x4
 327 01fa FE010000 		.4byte	0x1fe
 328 01fe 09       		.uleb128 0x9
 329 01ff 87010000 		.4byte	0x187
 330 0203 05       		.uleb128 0x5
 331 0204 3E000000 		.4byte	.LASF44
 332 0208 05       		.byte	0x5
 333 0209 7001     		.2byte	0x170
 334 020b 93010000 		.4byte	0x193
 335 020f 08       		.uleb128 0x8
 336 0210 04       		.byte	0x4
 337 0211 03020000 		.4byte	0x203
 338 0215 08       		.uleb128 0x8
 339 0216 04       		.byte	0x4
 340 0217 1B020000 		.4byte	0x21b
 341 021b 09       		.uleb128 0x9
 342 021c B8000000 		.4byte	0xb8
 343 0220 0C       		.uleb128 0xc
 344 0221 38       		.byte	0x38
 345 0222 05       		.byte	0x5
 346 0223 7C02     		.2byte	0x27c
 347 0225 9F020000 		.4byte	0x29f
 348 0229 0D       		.uleb128 0xd
 349 022a A4010000 		.4byte	.LASF45
 350 022e 05       		.byte	0x5
 351 022f 7E02     		.2byte	0x27e
 352 0231 43010000 		.4byte	0x143
 353 0235 00       		.byte	0
ARM GAS  C:\Users\IVYLIU~1\AppData\Local\Temp\ccg57oOg.s 			page 9


 354 0236 0D       		.uleb128 0xd
 355 0237 A9000000 		.4byte	.LASF46
 356 023b 05       		.byte	0x5
 357 023c 7F02     		.2byte	0x27f
 358 023e 43010000 		.4byte	0x143
 359 0242 04       		.byte	0x4
 360 0243 0D       		.uleb128 0xd
 361 0244 C8010000 		.4byte	.LASF47
 362 0248 05       		.byte	0x5
 363 0249 8002     		.2byte	0x280
 364 024b 43010000 		.4byte	0x143
 365 024f 08       		.byte	0x8
 366 0250 0D       		.uleb128 0xd
 367 0251 2F010000 		.4byte	.LASF48
 368 0255 05       		.byte	0x5
 369 0256 8102     		.2byte	0x281
 370 0258 15020000 		.4byte	0x215
 371 025c 0C       		.byte	0xc
 372 025d 0D       		.uleb128 0xd
 373 025e C2020000 		.4byte	.LASF49
 374 0262 05       		.byte	0x5
 375 0263 8202     		.2byte	0x282
 376 0265 15020000 		.4byte	0x215
 377 0269 10       		.byte	0x10
 378 026a 0D       		.uleb128 0xd
 379 026b 13010000 		.4byte	.LASF32
 380 026f 05       		.byte	0x5
 381 0270 8302     		.2byte	0x283
 382 0272 B8000000 		.4byte	0xb8
 383 0276 14       		.byte	0x14
 384 0277 0D       		.uleb128 0xd
 385 0278 65010000 		.4byte	.LASF50
 386 027c 05       		.byte	0x5
 387 027d 8402     		.2byte	0x284
 388 027f B8000000 		.4byte	0xb8
 389 0283 18       		.byte	0x18
 390 0284 0D       		.uleb128 0xd
 391 0285 58010000 		.4byte	.LASF51
 392 0289 05       		.byte	0x5
 393 028a 8502     		.2byte	0x285
 394 028c B8000000 		.4byte	0xb8
 395 0290 1C       		.byte	0x1c
 396 0291 0D       		.uleb128 0xd
 397 0292 C3010000 		.4byte	.LASF52
 398 0296 05       		.byte	0x5
 399 0297 8B02     		.2byte	0x28b
 400 0299 03020000 		.4byte	0x203
 401 029d 20       		.byte	0x20
 402 029e 00       		.byte	0
 403 029f 05       		.uleb128 0x5
 404 02a0 F9010000 		.4byte	.LASF53
 405 02a4 05       		.byte	0x5
 406 02a5 8D02     		.2byte	0x28d
 407 02a7 20020000 		.4byte	0x220
 408 02ab 0E       		.uleb128 0xe
 409 02ac 92020000 		.4byte	.LASF65
 410 02b0 01       		.byte	0x1
ARM GAS  C:\Users\IVYLIU~1\AppData\Local\Temp\ccg57oOg.s 			page 10


 411 02b1 49       		.byte	0x49
 412 02b2 2C010000 		.4byte	0x12c
 413 02b6 00000000 		.4byte	.LFB84
 414 02ba 28000000 		.4byte	.LFE84-.LFB84
 415 02be 01       		.uleb128 0x1
 416 02bf 9C       		.byte	0x9c
 417 02c0 76030000 		.4byte	0x376
 418 02c4 0F       		.uleb128 0xf
 419 02c5 5300     		.ascii	"S\000"
 420 02c7 01       		.byte	0x1
 421 02c8 4A       		.byte	0x4a
 422 02c9 76030000 		.4byte	0x376
 423 02cd 00000000 		.4byte	.LLST0
 424 02d1 10       		.uleb128 0x10
 425 02d2 13010000 		.4byte	.LASF32
 426 02d6 01       		.byte	0x1
 427 02d7 4B       		.byte	0x4b
 428 02d8 B8000000 		.4byte	0xb8
 429 02dc 2E000000 		.4byte	.LLST1
 430 02e0 10       		.uleb128 0x10
 431 02e1 65010000 		.4byte	.LASF50
 432 02e5 01       		.byte	0x1
 433 02e6 4C       		.byte	0x4c
 434 02e7 B8000000 		.4byte	0xb8
 435 02eb 4F000000 		.4byte	.LLST2
 436 02ef 10       		.uleb128 0x10
 437 02f0 58010000 		.4byte	.LASF51
 438 02f4 01       		.byte	0x1
 439 02f5 4D       		.byte	0x4d
 440 02f6 B8000000 		.4byte	0xb8
 441 02fa 7C000000 		.4byte	.LLST3
 442 02fe 11       		.uleb128 0x11
 443 02ff A4010000 		.4byte	.LASF45
 444 0303 01       		.byte	0x1
 445 0304 4E       		.byte	0x4e
 446 0305 43010000 		.4byte	0x143
 447 0309 02       		.uleb128 0x2
 448 030a 91       		.byte	0x91
 449 030b 00       		.sleb128 0
 450 030c 11       		.uleb128 0x11
 451 030d 2F010000 		.4byte	.LASF48
 452 0311 01       		.byte	0x1
 453 0312 4F       		.byte	0x4f
 454 0313 15020000 		.4byte	0x215
 455 0317 02       		.uleb128 0x2
 456 0318 91       		.byte	0x91
 457 0319 04       		.sleb128 4
 458 031a 11       		.uleb128 0x11
 459 031b C2020000 		.4byte	.LASF49
 460 031f 01       		.byte	0x1
 461 0320 50       		.byte	0x50
 462 0321 15020000 		.4byte	0x215
 463 0325 02       		.uleb128 0x2
 464 0326 91       		.byte	0x91
 465 0327 08       		.sleb128 8
 466 0328 11       		.uleb128 0x11
 467 0329 A9000000 		.4byte	.LASF46
ARM GAS  C:\Users\IVYLIU~1\AppData\Local\Temp\ccg57oOg.s 			page 11


 468 032d 01       		.byte	0x1
 469 032e 51       		.byte	0x51
 470 032f 43010000 		.4byte	0x143
 471 0333 02       		.uleb128 0x2
 472 0334 91       		.byte	0x91
 473 0335 0C       		.sleb128 12
 474 0336 11       		.uleb128 0x11
 475 0337 C8010000 		.4byte	.LASF47
 476 033b 01       		.byte	0x1
 477 033c 52       		.byte	0x52
 478 033d 43010000 		.4byte	0x143
 479 0341 02       		.uleb128 0x2
 480 0342 91       		.byte	0x91
 481 0343 10       		.sleb128 16
 482 0344 12       		.uleb128 0x12
 483 0345 A6030000 		.4byte	.LASF66
 484 0349 01       		.byte	0x1
 485 034a 55       		.byte	0x55
 486 034b 2C010000 		.4byte	0x12c
 487 034f 01       		.uleb128 0x1
 488 0350 50       		.byte	0x50
 489 0351 13       		.uleb128 0x13
 490 0352 26000000 		.4byte	.LVL4
 491 0356 1C040000 		.4byte	0x41c
 492 035a 14       		.uleb128 0x14
 493 035b 01       		.uleb128 0x1
 494 035c 53       		.byte	0x53
 495 035d 01       		.uleb128 0x1
 496 035e 31       		.byte	0x31
 497 035f 14       		.uleb128 0x14
 498 0360 01       		.uleb128 0x1
 499 0361 52       		.byte	0x52
 500 0362 01       		.uleb128 0x1
 501 0363 30       		.byte	0x30
 502 0364 14       		.uleb128 0x14
 503 0365 01       		.uleb128 0x1
 504 0366 51       		.byte	0x51
 505 0367 03       		.uleb128 0x3
 506 0368 F3       		.byte	0xf3
 507 0369 01       		.uleb128 0x1
 508 036a 51       		.byte	0x51
 509 036b 14       		.uleb128 0x14
 510 036c 01       		.uleb128 0x1
 511 036d 50       		.byte	0x50
 512 036e 05       		.uleb128 0x5
 513 036f F3       		.byte	0xf3
 514 0370 01       		.uleb128 0x1
 515 0371 50       		.byte	0x50
 516 0372 23       		.byte	0x23
 517 0373 20       		.uleb128 0x20
 518 0374 00       		.byte	0
 519 0375 00       		.byte	0
 520 0376 08       		.uleb128 0x8
 521 0377 04       		.byte	0x4
 522 0378 9F020000 		.4byte	0x29f
 523 037c 03       		.uleb128 0x3
 524 037d 16000000 		.4byte	.LASF54
ARM GAS  C:\Users\IVYLIU~1\AppData\Local\Temp\ccg57oOg.s 			page 12


 525 0381 06       		.byte	0x6
 526 0382 8B       		.byte	0x8b
 527 0383 EF030000 		.4byte	0x3ef
 528 0387 08       		.uleb128 0x8
 529 0388 04       		.byte	0x4
 530 0389 B8000000 		.4byte	0xb8
 531 038d 15       		.uleb128 0x15
 532 038e 1A010000 		.4byte	.LASF55
 533 0392 06       		.byte	0x6
 534 0393 92       		.byte	0x92
 535 0394 98030000 		.4byte	0x398
 536 0398 09       		.uleb128 0x9
 537 0399 7C030000 		.4byte	0x37c
 538 039d 15       		.uleb128 0x15
 539 039e 7C000000 		.4byte	.LASF56
 540 03a2 06       		.byte	0x6
 541 03a3 93       		.byte	0x93
 542 03a4 98030000 		.4byte	0x398
 543 03a8 03       		.uleb128 0x3
 544 03a9 25000000 		.4byte	.LASF57
 545 03ad 06       		.byte	0x6
 546 03ae 90       		.byte	0x90
 547 03af CE030000 		.4byte	0x3ce
 548 03b3 15       		.uleb128 0x15
 549 03b4 B5000000 		.4byte	.LASF58
 550 03b8 06       		.byte	0x6
 551 03b9 94       		.byte	0x94
 552 03ba BE030000 		.4byte	0x3be
 553 03be 09       		.uleb128 0x9
 554 03bf A8030000 		.4byte	0x3a8
 555 03c3 15       		.uleb128 0x15
 556 03c4 8A030000 		.4byte	.LASF59
 557 03c8 06       		.byte	0x6
 558 03c9 95       		.byte	0x95
 559 03ca BE030000 		.4byte	0x3be
 560 03ce 0A       		.uleb128 0xa
 561 03cf 08       		.byte	0x8
 562 03d0 06       		.byte	0x6
 563 03d1 8D       		.byte	0x8d
 564 03d2 EF030000 		.4byte	0x3ef
 565 03d6 0B       		.uleb128 0xb
 566 03d7 0F020000 		.4byte	.LASF60
 567 03db 06       		.byte	0x6
 568 03dc 8E       		.byte	0x8e
 569 03dd 87030000 		.4byte	0x387
 570 03e1 00       		.byte	0
 571 03e2 0B       		.uleb128 0xb
 572 03e3 75020000 		.4byte	.LASF61
 573 03e7 06       		.byte	0x6
 574 03e8 8F       		.byte	0x8f
 575 03e9 B8000000 		.4byte	0xb8
 576 03ed 04       		.byte	0x4
 577 03ee 00       		.byte	0
 578 03ef 0A       		.uleb128 0xa
 579 03f0 0C       		.byte	0xc
 580 03f1 06       		.byte	0x6
 581 03f2 87       		.byte	0x87
ARM GAS  C:\Users\IVYLIU~1\AppData\Local\Temp\ccg57oOg.s 			page 13


 582 03f3 1C040000 		.4byte	0x41c
 583 03f7 16       		.uleb128 0x16
 584 03f8 73726300 		.ascii	"src\000"
 585 03fc 06       		.byte	0x6
 586 03fd 88       		.byte	0x88
 587 03fe 15020000 		.4byte	0x215
 588 0402 00       		.byte	0
 589 0403 0B       		.uleb128 0xb
 590 0404 0F020000 		.4byte	.LASF60
 591 0408 06       		.byte	0x6
 592 0409 89       		.byte	0x89
 593 040a 87030000 		.4byte	0x387
 594 040e 04       		.byte	0x4
 595 040f 0B       		.uleb128 0xb
 596 0410 75020000 		.4byte	.LASF61
 597 0414 06       		.byte	0x6
 598 0415 8A       		.byte	0x8a
 599 0416 B8000000 		.4byte	0xb8
 600 041a 08       		.byte	0x8
 601 041b 00       		.byte	0
 602 041c 17       		.uleb128 0x17
 603 041d D6020000 		.4byte	.LASF67
 604 0421 05       		.byte	0x5
 605 0422 7201     		.2byte	0x172
 606 0424 2C010000 		.4byte	0x12c
 607 0428 18       		.uleb128 0x18
 608 0429 0F020000 		.4byte	0x20f
 609 042d 18       		.uleb128 0x18
 610 042e B8000000 		.4byte	0xb8
 611 0432 18       		.uleb128 0x18
 612 0433 B8000000 		.4byte	0xb8
 613 0437 18       		.uleb128 0x18
 614 0438 B8000000 		.4byte	0xb8
 615 043c 00       		.byte	0
 616 043d 00       		.byte	0
 617              		.section	.debug_abbrev,"",%progbits
 618              	.Ldebug_abbrev0:
 619 0000 01       		.uleb128 0x1
 620 0001 11       		.uleb128 0x11
 621 0002 01       		.byte	0x1
 622 0003 25       		.uleb128 0x25
 623 0004 0E       		.uleb128 0xe
 624 0005 13       		.uleb128 0x13
 625 0006 0B       		.uleb128 0xb
 626 0007 03       		.uleb128 0x3
 627 0008 0E       		.uleb128 0xe
 628 0009 1B       		.uleb128 0x1b
 629 000a 0E       		.uleb128 0xe
 630 000b 55       		.uleb128 0x55
 631 000c 17       		.uleb128 0x17
 632 000d 11       		.uleb128 0x11
 633 000e 01       		.uleb128 0x1
 634 000f 10       		.uleb128 0x10
 635 0010 17       		.uleb128 0x17
 636 0011 00       		.byte	0
 637 0012 00       		.byte	0
 638 0013 02       		.uleb128 0x2
ARM GAS  C:\Users\IVYLIU~1\AppData\Local\Temp\ccg57oOg.s 			page 14


 639 0014 24       		.uleb128 0x24
 640 0015 00       		.byte	0
 641 0016 0B       		.uleb128 0xb
 642 0017 0B       		.uleb128 0xb
 643 0018 3E       		.uleb128 0x3e
 644 0019 0B       		.uleb128 0xb
 645 001a 03       		.uleb128 0x3
 646 001b 0E       		.uleb128 0xe
 647 001c 00       		.byte	0
 648 001d 00       		.byte	0
 649 001e 03       		.uleb128 0x3
 650 001f 16       		.uleb128 0x16
 651 0020 00       		.byte	0
 652 0021 03       		.uleb128 0x3
 653 0022 0E       		.uleb128 0xe
 654 0023 3A       		.uleb128 0x3a
 655 0024 0B       		.uleb128 0xb
 656 0025 3B       		.uleb128 0x3b
 657 0026 0B       		.uleb128 0xb
 658 0027 49       		.uleb128 0x49
 659 0028 13       		.uleb128 0x13
 660 0029 00       		.byte	0
 661 002a 00       		.byte	0
 662 002b 04       		.uleb128 0x4
 663 002c 24       		.uleb128 0x24
 664 002d 00       		.byte	0
 665 002e 0B       		.uleb128 0xb
 666 002f 0B       		.uleb128 0xb
 667 0030 3E       		.uleb128 0x3e
 668 0031 0B       		.uleb128 0xb
 669 0032 03       		.uleb128 0x3
 670 0033 08       		.uleb128 0x8
 671 0034 00       		.byte	0
 672 0035 00       		.byte	0
 673 0036 05       		.uleb128 0x5
 674 0037 16       		.uleb128 0x16
 675 0038 00       		.byte	0
 676 0039 03       		.uleb128 0x3
 677 003a 0E       		.uleb128 0xe
 678 003b 3A       		.uleb128 0x3a
 679 003c 0B       		.uleb128 0xb
 680 003d 3B       		.uleb128 0x3b
 681 003e 05       		.uleb128 0x5
 682 003f 49       		.uleb128 0x49
 683 0040 13       		.uleb128 0x13
 684 0041 00       		.byte	0
 685 0042 00       		.byte	0
 686 0043 06       		.uleb128 0x6
 687 0044 04       		.uleb128 0x4
 688 0045 01       		.byte	0x1
 689 0046 0B       		.uleb128 0xb
 690 0047 0B       		.uleb128 0xb
 691 0048 3A       		.uleb128 0x3a
 692 0049 0B       		.uleb128 0xb
 693 004a 3B       		.uleb128 0x3b
 694 004b 05       		.uleb128 0x5
 695 004c 01       		.uleb128 0x1
ARM GAS  C:\Users\IVYLIU~1\AppData\Local\Temp\ccg57oOg.s 			page 15


 696 004d 13       		.uleb128 0x13
 697 004e 00       		.byte	0
 698 004f 00       		.byte	0
 699 0050 07       		.uleb128 0x7
 700 0051 28       		.uleb128 0x28
 701 0052 00       		.byte	0
 702 0053 03       		.uleb128 0x3
 703 0054 0E       		.uleb128 0xe
 704 0055 1C       		.uleb128 0x1c
 705 0056 0D       		.uleb128 0xd
 706 0057 00       		.byte	0
 707 0058 00       		.byte	0
 708 0059 08       		.uleb128 0x8
 709 005a 0F       		.uleb128 0xf
 710 005b 00       		.byte	0
 711 005c 0B       		.uleb128 0xb
 712 005d 0B       		.uleb128 0xb
 713 005e 49       		.uleb128 0x49
 714 005f 13       		.uleb128 0x13
 715 0060 00       		.byte	0
 716 0061 00       		.byte	0
 717 0062 09       		.uleb128 0x9
 718 0063 26       		.uleb128 0x26
 719 0064 00       		.byte	0
 720 0065 49       		.uleb128 0x49
 721 0066 13       		.uleb128 0x13
 722 0067 00       		.byte	0
 723 0068 00       		.byte	0
 724 0069 0A       		.uleb128 0xa
 725 006a 13       		.uleb128 0x13
 726 006b 01       		.byte	0x1
 727 006c 0B       		.uleb128 0xb
 728 006d 0B       		.uleb128 0xb
 729 006e 3A       		.uleb128 0x3a
 730 006f 0B       		.uleb128 0xb
 731 0070 3B       		.uleb128 0x3b
 732 0071 0B       		.uleb128 0xb
 733 0072 01       		.uleb128 0x1
 734 0073 13       		.uleb128 0x13
 735 0074 00       		.byte	0
 736 0075 00       		.byte	0
 737 0076 0B       		.uleb128 0xb
 738 0077 0D       		.uleb128 0xd
 739 0078 00       		.byte	0
 740 0079 03       		.uleb128 0x3
 741 007a 0E       		.uleb128 0xe
 742 007b 3A       		.uleb128 0x3a
 743 007c 0B       		.uleb128 0xb
 744 007d 3B       		.uleb128 0x3b
 745 007e 0B       		.uleb128 0xb
 746 007f 49       		.uleb128 0x49
 747 0080 13       		.uleb128 0x13
 748 0081 38       		.uleb128 0x38
 749 0082 0B       		.uleb128 0xb
 750 0083 00       		.byte	0
 751 0084 00       		.byte	0
 752 0085 0C       		.uleb128 0xc
ARM GAS  C:\Users\IVYLIU~1\AppData\Local\Temp\ccg57oOg.s 			page 16


 753 0086 13       		.uleb128 0x13
 754 0087 01       		.byte	0x1
 755 0088 0B       		.uleb128 0xb
 756 0089 0B       		.uleb128 0xb
 757 008a 3A       		.uleb128 0x3a
 758 008b 0B       		.uleb128 0xb
 759 008c 3B       		.uleb128 0x3b
 760 008d 05       		.uleb128 0x5
 761 008e 01       		.uleb128 0x1
 762 008f 13       		.uleb128 0x13
 763 0090 00       		.byte	0
 764 0091 00       		.byte	0
 765 0092 0D       		.uleb128 0xd
 766 0093 0D       		.uleb128 0xd
 767 0094 00       		.byte	0
 768 0095 03       		.uleb128 0x3
 769 0096 0E       		.uleb128 0xe
 770 0097 3A       		.uleb128 0x3a
 771 0098 0B       		.uleb128 0xb
 772 0099 3B       		.uleb128 0x3b
 773 009a 05       		.uleb128 0x5
 774 009b 49       		.uleb128 0x49
 775 009c 13       		.uleb128 0x13
 776 009d 38       		.uleb128 0x38
 777 009e 0B       		.uleb128 0xb
 778 009f 00       		.byte	0
 779 00a0 00       		.byte	0
 780 00a1 0E       		.uleb128 0xe
 781 00a2 2E       		.uleb128 0x2e
 782 00a3 01       		.byte	0x1
 783 00a4 3F       		.uleb128 0x3f
 784 00a5 19       		.uleb128 0x19
 785 00a6 03       		.uleb128 0x3
 786 00a7 0E       		.uleb128 0xe
 787 00a8 3A       		.uleb128 0x3a
 788 00a9 0B       		.uleb128 0xb
 789 00aa 3B       		.uleb128 0x3b
 790 00ab 0B       		.uleb128 0xb
 791 00ac 27       		.uleb128 0x27
 792 00ad 19       		.uleb128 0x19
 793 00ae 49       		.uleb128 0x49
 794 00af 13       		.uleb128 0x13
 795 00b0 11       		.uleb128 0x11
 796 00b1 01       		.uleb128 0x1
 797 00b2 12       		.uleb128 0x12
 798 00b3 06       		.uleb128 0x6
 799 00b4 40       		.uleb128 0x40
 800 00b5 18       		.uleb128 0x18
 801 00b6 9742     		.uleb128 0x2117
 802 00b8 19       		.uleb128 0x19
 803 00b9 01       		.uleb128 0x1
 804 00ba 13       		.uleb128 0x13
 805 00bb 00       		.byte	0
 806 00bc 00       		.byte	0
 807 00bd 0F       		.uleb128 0xf
 808 00be 05       		.uleb128 0x5
 809 00bf 00       		.byte	0
ARM GAS  C:\Users\IVYLIU~1\AppData\Local\Temp\ccg57oOg.s 			page 17


 810 00c0 03       		.uleb128 0x3
 811 00c1 08       		.uleb128 0x8
 812 00c2 3A       		.uleb128 0x3a
 813 00c3 0B       		.uleb128 0xb
 814 00c4 3B       		.uleb128 0x3b
 815 00c5 0B       		.uleb128 0xb
 816 00c6 49       		.uleb128 0x49
 817 00c7 13       		.uleb128 0x13
 818 00c8 02       		.uleb128 0x2
 819 00c9 17       		.uleb128 0x17
 820 00ca 00       		.byte	0
 821 00cb 00       		.byte	0
 822 00cc 10       		.uleb128 0x10
 823 00cd 05       		.uleb128 0x5
 824 00ce 00       		.byte	0
 825 00cf 03       		.uleb128 0x3
 826 00d0 0E       		.uleb128 0xe
 827 00d1 3A       		.uleb128 0x3a
 828 00d2 0B       		.uleb128 0xb
 829 00d3 3B       		.uleb128 0x3b
 830 00d4 0B       		.uleb128 0xb
 831 00d5 49       		.uleb128 0x49
 832 00d6 13       		.uleb128 0x13
 833 00d7 02       		.uleb128 0x2
 834 00d8 17       		.uleb128 0x17
 835 00d9 00       		.byte	0
 836 00da 00       		.byte	0
 837 00db 11       		.uleb128 0x11
 838 00dc 05       		.uleb128 0x5
 839 00dd 00       		.byte	0
 840 00de 03       		.uleb128 0x3
 841 00df 0E       		.uleb128 0xe
 842 00e0 3A       		.uleb128 0x3a
 843 00e1 0B       		.uleb128 0xb
 844 00e2 3B       		.uleb128 0x3b
 845 00e3 0B       		.uleb128 0xb
 846 00e4 49       		.uleb128 0x49
 847 00e5 13       		.uleb128 0x13
 848 00e6 02       		.uleb128 0x2
 849 00e7 18       		.uleb128 0x18
 850 00e8 00       		.byte	0
 851 00e9 00       		.byte	0
 852 00ea 12       		.uleb128 0x12
 853 00eb 34       		.uleb128 0x34
 854 00ec 00       		.byte	0
 855 00ed 03       		.uleb128 0x3
 856 00ee 0E       		.uleb128 0xe
 857 00ef 3A       		.uleb128 0x3a
 858 00f0 0B       		.uleb128 0xb
 859 00f1 3B       		.uleb128 0x3b
 860 00f2 0B       		.uleb128 0xb
 861 00f3 49       		.uleb128 0x49
 862 00f4 13       		.uleb128 0x13
 863 00f5 02       		.uleb128 0x2
 864 00f6 18       		.uleb128 0x18
 865 00f7 00       		.byte	0
 866 00f8 00       		.byte	0
ARM GAS  C:\Users\IVYLIU~1\AppData\Local\Temp\ccg57oOg.s 			page 18


 867 00f9 13       		.uleb128 0x13
 868 00fa 898201   		.uleb128 0x4109
 869 00fd 01       		.byte	0x1
 870 00fe 11       		.uleb128 0x11
 871 00ff 01       		.uleb128 0x1
 872 0100 31       		.uleb128 0x31
 873 0101 13       		.uleb128 0x13
 874 0102 00       		.byte	0
 875 0103 00       		.byte	0
 876 0104 14       		.uleb128 0x14
 877 0105 8A8201   		.uleb128 0x410a
 878 0108 00       		.byte	0
 879 0109 02       		.uleb128 0x2
 880 010a 18       		.uleb128 0x18
 881 010b 9142     		.uleb128 0x2111
 882 010d 18       		.uleb128 0x18
 883 010e 00       		.byte	0
 884 010f 00       		.byte	0
 885 0110 15       		.uleb128 0x15
 886 0111 34       		.uleb128 0x34
 887 0112 00       		.byte	0
 888 0113 03       		.uleb128 0x3
 889 0114 0E       		.uleb128 0xe
 890 0115 3A       		.uleb128 0x3a
 891 0116 0B       		.uleb128 0xb
 892 0117 3B       		.uleb128 0x3b
 893 0118 0B       		.uleb128 0xb
 894 0119 49       		.uleb128 0x49
 895 011a 13       		.uleb128 0x13
 896 011b 3F       		.uleb128 0x3f
 897 011c 19       		.uleb128 0x19
 898 011d 3C       		.uleb128 0x3c
 899 011e 19       		.uleb128 0x19
 900 011f 00       		.byte	0
 901 0120 00       		.byte	0
 902 0121 16       		.uleb128 0x16
 903 0122 0D       		.uleb128 0xd
 904 0123 00       		.byte	0
 905 0124 03       		.uleb128 0x3
 906 0125 08       		.uleb128 0x8
 907 0126 3A       		.uleb128 0x3a
 908 0127 0B       		.uleb128 0xb
 909 0128 3B       		.uleb128 0x3b
 910 0129 0B       		.uleb128 0xb
 911 012a 49       		.uleb128 0x49
 912 012b 13       		.uleb128 0x13
 913 012c 38       		.uleb128 0x38
 914 012d 0B       		.uleb128 0xb
 915 012e 00       		.byte	0
 916 012f 00       		.byte	0
 917 0130 17       		.uleb128 0x17
 918 0131 2E       		.uleb128 0x2e
 919 0132 01       		.byte	0x1
 920 0133 3F       		.uleb128 0x3f
 921 0134 19       		.uleb128 0x19
 922 0135 03       		.uleb128 0x3
 923 0136 0E       		.uleb128 0xe
ARM GAS  C:\Users\IVYLIU~1\AppData\Local\Temp\ccg57oOg.s 			page 19


 924 0137 3A       		.uleb128 0x3a
 925 0138 0B       		.uleb128 0xb
 926 0139 3B       		.uleb128 0x3b
 927 013a 05       		.uleb128 0x5
 928 013b 27       		.uleb128 0x27
 929 013c 19       		.uleb128 0x19
 930 013d 49       		.uleb128 0x49
 931 013e 13       		.uleb128 0x13
 932 013f 3C       		.uleb128 0x3c
 933 0140 19       		.uleb128 0x19
 934 0141 00       		.byte	0
 935 0142 00       		.byte	0
 936 0143 18       		.uleb128 0x18
 937 0144 05       		.uleb128 0x5
 938 0145 00       		.byte	0
 939 0146 49       		.uleb128 0x49
 940 0147 13       		.uleb128 0x13
 941 0148 00       		.byte	0
 942 0149 00       		.byte	0
 943 014a 00       		.byte	0
 944              		.section	.debug_loc,"",%progbits
 945              	.Ldebug_loc0:
 946              	.LLST0:
 947 0000 00000000 		.4byte	.LVL0
 948 0004 1E000000 		.4byte	.LVL2
 949 0008 0100     		.2byte	0x1
 950 000a 50       		.byte	0x50
 951 000b 1E000000 		.4byte	.LVL2
 952 000f 25000000 		.4byte	.LVL4-1
 953 0013 0300     		.2byte	0x3
 954 0015 70       		.byte	0x70
 955 0016 60       		.sleb128 -32
 956 0017 9F       		.byte	0x9f
 957 0018 25000000 		.4byte	.LVL4-1
 958 001c 28000000 		.4byte	.LFE84
 959 0020 0400     		.2byte	0x4
 960 0022 F3       		.byte	0xf3
 961 0023 01       		.uleb128 0x1
 962 0024 50       		.byte	0x50
 963 0025 9F       		.byte	0x9f
 964 0026 00000000 		.4byte	0
 965 002a 00000000 		.4byte	0
 966              	.LLST1:
 967 002e 00000000 		.4byte	.LVL0
 968 0032 25000000 		.4byte	.LVL4-1
 969 0036 0100     		.2byte	0x1
 970 0038 51       		.byte	0x51
 971 0039 25000000 		.4byte	.LVL4-1
 972 003d 28000000 		.4byte	.LFE84
 973 0041 0400     		.2byte	0x4
 974 0043 F3       		.byte	0xf3
 975 0044 01       		.uleb128 0x1
 976 0045 51       		.byte	0x51
 977 0046 9F       		.byte	0x9f
 978 0047 00000000 		.4byte	0
 979 004b 00000000 		.4byte	0
 980              	.LLST2:
ARM GAS  C:\Users\IVYLIU~1\AppData\Local\Temp\ccg57oOg.s 			page 20


 981 004f 00000000 		.4byte	.LVL0
 982 0053 20000000 		.4byte	.LVL3
 983 0057 0100     		.2byte	0x1
 984 0059 52       		.byte	0x52
 985 005a 20000000 		.4byte	.LVL3
 986 005e 25000000 		.4byte	.LVL4-1
 987 0062 0200     		.2byte	0x2
 988 0064 70       		.byte	0x70
 989 0065 78       		.sleb128 -8
 990 0066 25000000 		.4byte	.LVL4-1
 991 006a 28000000 		.4byte	.LFE84
 992 006e 0400     		.2byte	0x4
 993 0070 F3       		.byte	0xf3
 994 0071 01       		.uleb128 0x1
 995 0072 52       		.byte	0x52
 996 0073 9F       		.byte	0x9f
 997 0074 00000000 		.4byte	0
 998 0078 00000000 		.4byte	0
 999              	.LLST3:
 1000 007c 00000000 		.4byte	.LVL0
 1001 0080 0A000000 		.4byte	.LVL1
 1002 0084 0100     		.2byte	0x1
 1003 0086 53       		.byte	0x53
 1004 0087 0A000000 		.4byte	.LVL1
 1005 008b 1E000000 		.4byte	.LVL2
 1006 008f 0200     		.2byte	0x2
 1007 0091 70       		.byte	0x70
 1008 0092 1C       		.sleb128 28
 1009 0093 1E000000 		.4byte	.LVL2
 1010 0097 25000000 		.4byte	.LVL4-1
 1011 009b 0200     		.2byte	0x2
 1012 009d 70       		.byte	0x70
 1013 009e 7C       		.sleb128 -4
 1014 009f 25000000 		.4byte	.LVL4-1
 1015 00a3 28000000 		.4byte	.LFE84
 1016 00a7 0400     		.2byte	0x4
 1017 00a9 F3       		.byte	0xf3
 1018 00aa 01       		.uleb128 0x1
 1019 00ab 53       		.byte	0x53
 1020 00ac 9F       		.byte	0x9f
 1021 00ad 00000000 		.4byte	0
 1022 00b1 00000000 		.4byte	0
 1023              		.section	.debug_aranges,"",%progbits
 1024 0000 1C000000 		.4byte	0x1c
 1025 0004 0200     		.2byte	0x2
 1026 0006 00000000 		.4byte	.Ldebug_info0
 1027 000a 04       		.byte	0x4
 1028 000b 00       		.byte	0
 1029 000c 0000     		.2byte	0
 1030 000e 0000     		.2byte	0
 1031 0010 00000000 		.4byte	.LFB84
 1032 0014 28000000 		.4byte	.LFE84-.LFB84
 1033 0018 00000000 		.4byte	0
 1034 001c 00000000 		.4byte	0
 1035              		.section	.debug_ranges,"",%progbits
 1036              	.Ldebug_ranges0:
 1037 0000 00000000 		.4byte	.LFB84
ARM GAS  C:\Users\IVYLIU~1\AppData\Local\Temp\ccg57oOg.s 			page 21


 1038 0004 28000000 		.4byte	.LFE84
 1039 0008 00000000 		.4byte	0
 1040 000c 00000000 		.4byte	0
 1041              		.section	.debug_line,"",%progbits
 1042              	.Ldebug_line0:
 1043 0000 CD010000 		.section	.debug_str,"MS",%progbits,1
 1043      0200AD01 
 1043      00000201 
 1043      FB0E0D00 
 1043      01010101 
 1044              	.LASF36:
 1045 0000 61726D5F 		.ascii	"arm_cfft_instance_q31\000"
 1045      63666674 
 1045      5F696E73 
 1045      74616E63 
 1045      655F7133 
 1046              	.LASF54:
 1047 0016 5F5F636F 		.ascii	"__copy_table_t\000"
 1047      70795F74 
 1047      61626C65 
 1047      5F7400
 1048              	.LASF57:
 1049 0025 5F5F7A65 		.ascii	"__zero_table_t\000"
 1049      726F5F74 
 1049      61626C65 
 1049      5F7400
 1050              	.LASF3:
 1051 0034 5F5F7569 		.ascii	"__uint8_t\000"
 1051      6E74385F 
 1051      7400
 1052              	.LASF44:
 1053 003e 61726D5F 		.ascii	"arm_rfft_instance_q31\000"
 1053      72666674 
 1053      5F696E73 
 1053      74616E63 
 1053      655F7133 
 1054              	.LASF23:
 1055 0054 41524D5F 		.ascii	"ARM_MATH_SUCCESS\000"
 1055      4D415448 
 1055      5F535543 
 1055      43455353 
 1055      00
 1056              	.LASF11:
 1057 0065 6C6F6E67 		.ascii	"long long unsigned int\000"
 1057      206C6F6E 
 1057      6720756E 
 1057      7369676E 
 1057      65642069 
 1058              	.LASF56:
 1059 007c 5F5F636F 		.ascii	"__copy_table_end__\000"
 1059      70795F74 
 1059      61626C65 
 1059      5F656E64 
 1059      5F5F00
 1060              	.LASF10:
 1061 008f 6C6F6E67 		.ascii	"long long int\000"
 1061      206C6F6E 
ARM GAS  C:\Users\IVYLIU~1\AppData\Local\Temp\ccg57oOg.s 			page 22


 1061      6720696E 
 1061      7400
 1062              	.LASF0:
 1063 009d 7369676E 		.ascii	"signed char\000"
 1063      65642063 
 1063      68617200 
 1064              	.LASF46:
 1065 00a9 66696C74 		.ascii	"filterCoefs\000"
 1065      6572436F 
 1065      65667300 
 1066              	.LASF58:
 1067 00b5 5F5F7A65 		.ascii	"__zero_table_start__\000"
 1067      726F5F74 
 1067      61626C65 
 1067      5F737461 
 1067      72745F5F 
 1068              	.LASF7:
 1069 00ca 6C6F6E67 		.ascii	"long int\000"
 1069      20696E74 
 1069      00
 1070              	.LASF34:
 1071 00d3 70426974 		.ascii	"pBitRevTable\000"
 1071      52657654 
 1071      61626C65 
 1071      00
 1072              	.LASF14:
 1073 00e0 75696E74 		.ascii	"uint16_t\000"
 1073      31365F74 
 1073      00
 1074              	.LASF19:
 1075 00e9 646F7562 		.ascii	"double\000"
 1075      6C6500
 1076              	.LASF38:
 1077 00f0 69666674 		.ascii	"ifftFlagR\000"
 1077      466C6167 
 1077      5200
 1078              	.LASF8:
 1079 00fa 5F5F7569 		.ascii	"__uint32_t\000"
 1079      6E743332 
 1079      5F7400
 1080              	.LASF42:
 1081 0105 70547769 		.ascii	"pTwiddleBReal\000"
 1081      64646C65 
 1081      42526561 
 1081      6C00
 1082              	.LASF32:
 1083 0113 6666744C 		.ascii	"fftLen\000"
 1083      656E00
 1084              	.LASF55:
 1085 011a 5F5F636F 		.ascii	"__copy_table_start__\000"
 1085      70795F74 
 1085      61626C65 
 1085      5F737461 
 1085      72745F5F 
 1086              	.LASF48:
 1087 012f 66696C74 		.ascii	"filterPos\000"
 1087      6572506F 
ARM GAS  C:\Users\IVYLIU~1\AppData\Local\Temp\ccg57oOg.s 			page 23


 1087      7300
 1088              	.LASF12:
 1089 0139 756E7369 		.ascii	"unsigned int\000"
 1089      676E6564 
 1089      20696E74 
 1089      00
 1090              	.LASF9:
 1091 0146 6C6F6E67 		.ascii	"long unsigned int\000"
 1091      20756E73 
 1091      69676E65 
 1091      6420696E 
 1091      7400
 1092              	.LASF51:
 1093 0158 6E624463 		.ascii	"nbDctOutputs\000"
 1093      744F7574 
 1093      70757473 
 1093      00
 1094              	.LASF50:
 1095 0165 6E624D65 		.ascii	"nbMelFilters\000"
 1095      6C46696C 
 1095      74657273 
 1095      00
 1096              	.LASF5:
 1097 0172 73686F72 		.ascii	"short unsigned int\000"
 1097      7420756E 
 1097      7369676E 
 1097      65642069 
 1097      6E7400
 1098              	.LASF30:
 1099 0185 41524D5F 		.ascii	"ARM_MATH_DECOMPOSITION_FAILURE\000"
 1099      4D415448 
 1099      5F444543 
 1099      4F4D504F 
 1099      53495449 
 1100              	.LASF45:
 1101 01a4 64637443 		.ascii	"dctCoefs\000"
 1101      6F656673 
 1101      00
 1102              	.LASF29:
 1103 01ad 41524D5F 		.ascii	"ARM_MATH_TEST_FAILURE\000"
 1103      4D415448 
 1103      5F544553 
 1103      545F4641 
 1103      494C5552 
 1104              	.LASF52:
 1105 01c3 72666674 		.ascii	"rfft\000"
 1105      00
 1106              	.LASF47:
 1107 01c8 77696E64 		.ascii	"windowCoefs\000"
 1107      6F77436F 
 1107      65667300 
 1108              	.LASF17:
 1109 01d4 73697A65 		.ascii	"sizetype\000"
 1109      74797065 
 1109      00
 1110              	.LASF21:
 1111 01dd 6C6F6E67 		.ascii	"long double\000"
ARM GAS  C:\Users\IVYLIU~1\AppData\Local\Temp\ccg57oOg.s 			page 24


 1111      20646F75 
 1111      626C6500 
 1112              	.LASF39:
 1113 01e9 62697452 		.ascii	"bitReverseFlagR\000"
 1113      65766572 
 1113      7365466C 
 1113      61675200 
 1114              	.LASF53:
 1115 01f9 61726D5F 		.ascii	"arm_mfcc_instance_q31\000"
 1115      6D666363 
 1115      5F696E73 
 1115      74616E63 
 1115      655F7133 
 1116              	.LASF60:
 1117 020f 64657374 		.ascii	"dest\000"
 1117      00
 1118              	.LASF25:
 1119 0214 41524D5F 		.ascii	"ARM_MATH_LENGTH_ERROR\000"
 1119      4D415448 
 1119      5F4C454E 
 1119      4754485F 
 1119      4552524F 
 1120              	.LASF20:
 1121 022a 666C6F61 		.ascii	"float\000"
 1121      7400
 1122              	.LASF28:
 1123 0230 41524D5F 		.ascii	"ARM_MATH_SINGULAR\000"
 1123      4D415448 
 1123      5F53494E 
 1123      47554C41 
 1123      5200
 1124              	.LASF27:
 1125 0242 41524D5F 		.ascii	"ARM_MATH_NANINF\000"
 1125      4D415448 
 1125      5F4E414E 
 1125      494E4600 
 1126              	.LASF35:
 1127 0252 62697452 		.ascii	"bitRevLength\000"
 1127      65764C65 
 1127      6E677468 
 1127      00
 1128              	.LASF15:
 1129 025f 696E7433 		.ascii	"int32_t\000"
 1129      325F7400 
 1130              	.LASF1:
 1131 0267 756E7369 		.ascii	"unsigned char\000"
 1131      676E6564 
 1131      20636861 
 1131      7200
 1132              	.LASF61:
 1133 0275 776C656E 		.ascii	"wlen\000"
 1133      00
 1134              	.LASF41:
 1135 027a 70547769 		.ascii	"pTwiddleAReal\000"
 1135      64646C65 
 1135      41526561 
 1135      6C00
ARM GAS  C:\Users\IVYLIU~1\AppData\Local\Temp\ccg57oOg.s 			page 25


 1136              	.LASF2:
 1137 0288 73686F72 		.ascii	"short int\000"
 1137      7420696E 
 1137      7400
 1138              	.LASF65:
 1139 0292 61726D5F 		.ascii	"arm_mfcc_init_q31\000"
 1139      6D666363 
 1139      5F696E69 
 1139      745F7133 
 1139      3100
 1140              	.LASF24:
 1141 02a4 41524D5F 		.ascii	"ARM_MATH_ARGUMENT_ERROR\000"
 1141      4D415448 
 1141      5F415247 
 1141      554D454E 
 1141      545F4552 
 1142              	.LASF43:
 1143 02bc 70436666 		.ascii	"pCfft\000"
 1143      7400
 1144              	.LASF49:
 1145 02c2 66696C74 		.ascii	"filterLengths\000"
 1145      65724C65 
 1145      6E677468 
 1145      7300
 1146              	.LASF22:
 1147 02d0 7133315F 		.ascii	"q31_t\000"
 1147      7400
 1148              	.LASF67:
 1149 02d6 61726D5F 		.ascii	"arm_rfft_init_q31\000"
 1149      72666674 
 1149      5F696E69 
 1149      745F7133 
 1149      3100
 1150              	.LASF16:
 1151 02e8 75696E74 		.ascii	"uint32_t\000"
 1151      33325F74 
 1151      00
 1152              	.LASF64:
 1153 02f1 5C5C766D 		.ascii	"\\\\vmware-host\\Shared Folders\\Documents\\PSoC Cr"
 1153      77617265 
 1153      2D686F73 
 1153      745C5368 
 1153      61726564 
 1154 031f 6561746F 		.ascii	"eator\\FinalProject\\SoundDetection.cydsn\000"
 1154      725C4669 
 1154      6E616C50 
 1154      726F6A65 
 1154      63745C53 
 1155              	.LASF40:
 1156 0347 74776964 		.ascii	"twidCoefRModifier\000"
 1156      436F6566 
 1156      524D6F64 
 1156      69666965 
 1156      7200
 1157              	.LASF18:
 1158 0359 63686172 		.ascii	"char\000"
 1158      00
ARM GAS  C:\Users\IVYLIU~1\AppData\Local\Temp\ccg57oOg.s 			page 26


 1159              	.LASF4:
 1160 035e 5F5F7569 		.ascii	"__uint16_t\000"
 1160      6E743136 
 1160      5F7400
 1161              	.LASF26:
 1162 0369 41524D5F 		.ascii	"ARM_MATH_SIZE_MISMATCH\000"
 1162      4D415448 
 1162      5F53495A 
 1162      455F4D49 
 1162      534D4154 
 1163              	.LASF6:
 1164 0380 5F5F696E 		.ascii	"__int32_t\000"
 1164      7433325F 
 1164      7400
 1165              	.LASF59:
 1166 038a 5F5F7A65 		.ascii	"__zero_table_end__\000"
 1166      726F5F74 
 1166      61626C65 
 1166      5F656E64 
 1166      5F5F00
 1167              	.LASF33:
 1168 039d 70547769 		.ascii	"pTwiddle\000"
 1168      64646C65 
 1168      00
 1169              	.LASF66:
 1170 03a6 73746174 		.ascii	"status\000"
 1170      757300
 1171              	.LASF13:
 1172 03ad 75696E74 		.ascii	"uint8_t\000"
 1172      385F7400 
 1173              	.LASF31:
 1174 03b5 61726D5F 		.ascii	"arm_status\000"
 1174      73746174 
 1174      757300
 1175              	.LASF63:
 1176 03c0 2E5C4453 		.ascii	".\\DSP\\Source\\TransformFunctions\\arm_mfcc_init_q"
 1176      505C536F 
 1176      75726365 
 1176      5C547261 
 1176      6E73666F 
 1177 03ef 33312E63 		.ascii	"31.c\000"
 1177      00
 1178              	.LASF37:
 1179 03f4 6666744C 		.ascii	"fftLenReal\000"
 1179      656E5265 
 1179      616C00
 1180              	.LASF62:
 1181 03ff 474E5520 		.ascii	"GNU C 4.9.3 20150303 (release) [ARM/embedded-4_9-br"
 1181      4320342E 
 1181      392E3320 
 1181      32303135 
 1181      30333033 
 1182 0432 616E6368 		.ascii	"anch revision 221220] -mcpu=cortex-m3 -mthumb -g -O"
 1182      20726576 
 1182      6973696F 
 1182      6E203232 
 1182      31323230 
ARM GAS  C:\Users\IVYLIU~1\AppData\Local\Temp\ccg57oOg.s 			page 27


 1183 0465 67202D73 		.ascii	"g -std=gnu99 -ffunction-sections -ffat-lto-objects\000"
 1183      74643D67 
 1183      6E753939 
 1183      202D6666 
 1183      756E6374 
 1184              		.ident	"GCC: (GNU Tools for ARM Embedded Processors) 4.9.3 20150303 (release) [ARM/embedded-4_9-br
