ARM GAS  C:\Users\IVYLIU~1\AppData\Local\Temp\cc3S6Fs0.s 			page 1


   1              		.syntax unified
   2              		.cpu cortex-m3
   3              		.fpu softvfp
   4              		.eabi_attribute 20, 1
   5              		.eabi_attribute 21, 1
   6              		.eabi_attribute 23, 3
   7              		.eabi_attribute 24, 1
   8              		.eabi_attribute 25, 1
   9              		.eabi_attribute 26, 1
  10              		.eabi_attribute 30, 1
  11              		.eabi_attribute 34, 1
  12              		.eabi_attribute 18, 4
  13              		.thumb
  14              		.file	"arm_cmplx_mag_squared_q15.c"
  15              		.text
  16              	.Ltext0:
  17              		.cfi_sections	.debug_frame
  18              		.section	.text.arm_cmplx_mag_squared_q15,"ax",%progbits
  19              		.align	2
  20              		.global	arm_cmplx_mag_squared_q15
  21              		.thumb
  22              		.thumb_func
  23              		.type	arm_cmplx_mag_squared_q15, %function
  24              	arm_cmplx_mag_squared_q15:
  25              	.LFB84:
  26              		.file 1 ".\\DSP\\Source\\ComplexMathFunctions\\arm_cmplx_mag_squared_q15.c"
   1:.\DSP\Source\ComplexMathFunctions/arm_cmplx_mag_squared_q15.c **** /* ----------------------------------------------------------------------
   2:.\DSP\Source\ComplexMathFunctions/arm_cmplx_mag_squared_q15.c ****  * Project:      CMSIS DSP Library
   3:.\DSP\Source\ComplexMathFunctions/arm_cmplx_mag_squared_q15.c ****  * Title:        arm_cmplx_mag_squared_q15.c
   4:.\DSP\Source\ComplexMathFunctions/arm_cmplx_mag_squared_q15.c ****  * Description:  Q15 complex magnitude squared
   5:.\DSP\Source\ComplexMathFunctions/arm_cmplx_mag_squared_q15.c ****  *
   6:.\DSP\Source\ComplexMathFunctions/arm_cmplx_mag_squared_q15.c ****  * $Date:        23 April 2021
   7:.\DSP\Source\ComplexMathFunctions/arm_cmplx_mag_squared_q15.c ****  * $Revision:    V1.9.0
   8:.\DSP\Source\ComplexMathFunctions/arm_cmplx_mag_squared_q15.c ****  *
   9:.\DSP\Source\ComplexMathFunctions/arm_cmplx_mag_squared_q15.c ****  * Target Processor: Cortex-M and Cortex-A cores
  10:.\DSP\Source\ComplexMathFunctions/arm_cmplx_mag_squared_q15.c ****  * -------------------------------------------------------------------- */
  11:.\DSP\Source\ComplexMathFunctions/arm_cmplx_mag_squared_q15.c **** /*
  12:.\DSP\Source\ComplexMathFunctions/arm_cmplx_mag_squared_q15.c ****  * Copyright (C) 2010-2021 ARM Limited or its affiliates. All rights reserved.
  13:.\DSP\Source\ComplexMathFunctions/arm_cmplx_mag_squared_q15.c ****  *
  14:.\DSP\Source\ComplexMathFunctions/arm_cmplx_mag_squared_q15.c ****  * SPDX-License-Identifier: Apache-2.0
  15:.\DSP\Source\ComplexMathFunctions/arm_cmplx_mag_squared_q15.c ****  *
  16:.\DSP\Source\ComplexMathFunctions/arm_cmplx_mag_squared_q15.c ****  * Licensed under the Apache License, Version 2.0 (the License); you may
  17:.\DSP\Source\ComplexMathFunctions/arm_cmplx_mag_squared_q15.c ****  * not use this file except in compliance with the License.
  18:.\DSP\Source\ComplexMathFunctions/arm_cmplx_mag_squared_q15.c ****  * You may obtain a copy of the License at
  19:.\DSP\Source\ComplexMathFunctions/arm_cmplx_mag_squared_q15.c ****  *
  20:.\DSP\Source\ComplexMathFunctions/arm_cmplx_mag_squared_q15.c ****  * www.apache.org/licenses/LICENSE-2.0
  21:.\DSP\Source\ComplexMathFunctions/arm_cmplx_mag_squared_q15.c ****  *
  22:.\DSP\Source\ComplexMathFunctions/arm_cmplx_mag_squared_q15.c ****  * Unless required by applicable law or agreed to in writing, software
  23:.\DSP\Source\ComplexMathFunctions/arm_cmplx_mag_squared_q15.c ****  * distributed under the License is distributed on an AS IS BASIS, WITHOUT
  24:.\DSP\Source\ComplexMathFunctions/arm_cmplx_mag_squared_q15.c ****  * WARRANTIES OR CONDITIONS OF ANY KIND, either express or implied.
  25:.\DSP\Source\ComplexMathFunctions/arm_cmplx_mag_squared_q15.c ****  * See the License for the specific language governing permissions and
  26:.\DSP\Source\ComplexMathFunctions/arm_cmplx_mag_squared_q15.c ****  * limitations under the License.
  27:.\DSP\Source\ComplexMathFunctions/arm_cmplx_mag_squared_q15.c ****  */
  28:.\DSP\Source\ComplexMathFunctions/arm_cmplx_mag_squared_q15.c **** 
  29:.\DSP\Source\ComplexMathFunctions/arm_cmplx_mag_squared_q15.c **** #include "dsp/complex_math_functions.h"
  30:.\DSP\Source\ComplexMathFunctions/arm_cmplx_mag_squared_q15.c **** 
  31:.\DSP\Source\ComplexMathFunctions/arm_cmplx_mag_squared_q15.c **** /**
ARM GAS  C:\Users\IVYLIU~1\AppData\Local\Temp\cc3S6Fs0.s 			page 2


  32:.\DSP\Source\ComplexMathFunctions/arm_cmplx_mag_squared_q15.c ****   @ingroup groupCmplxMath
  33:.\DSP\Source\ComplexMathFunctions/arm_cmplx_mag_squared_q15.c ****  */
  34:.\DSP\Source\ComplexMathFunctions/arm_cmplx_mag_squared_q15.c **** 
  35:.\DSP\Source\ComplexMathFunctions/arm_cmplx_mag_squared_q15.c **** /**
  36:.\DSP\Source\ComplexMathFunctions/arm_cmplx_mag_squared_q15.c ****   @addtogroup cmplx_mag_squared
  37:.\DSP\Source\ComplexMathFunctions/arm_cmplx_mag_squared_q15.c ****   @{
  38:.\DSP\Source\ComplexMathFunctions/arm_cmplx_mag_squared_q15.c ****  */
  39:.\DSP\Source\ComplexMathFunctions/arm_cmplx_mag_squared_q15.c **** 
  40:.\DSP\Source\ComplexMathFunctions/arm_cmplx_mag_squared_q15.c **** /**
  41:.\DSP\Source\ComplexMathFunctions/arm_cmplx_mag_squared_q15.c ****   @brief         Q15 complex magnitude squared.
  42:.\DSP\Source\ComplexMathFunctions/arm_cmplx_mag_squared_q15.c ****   @param[in]     pSrc        points to input vector
  43:.\DSP\Source\ComplexMathFunctions/arm_cmplx_mag_squared_q15.c ****   @param[out]    pDst        points to output vector
  44:.\DSP\Source\ComplexMathFunctions/arm_cmplx_mag_squared_q15.c ****   @param[in]     numSamples  number of samples in each vector
  45:.\DSP\Source\ComplexMathFunctions/arm_cmplx_mag_squared_q15.c ****   @return        none
  46:.\DSP\Source\ComplexMathFunctions/arm_cmplx_mag_squared_q15.c **** 
  47:.\DSP\Source\ComplexMathFunctions/arm_cmplx_mag_squared_q15.c ****   @par           Scaling and Overflow Behavior
  48:.\DSP\Source\ComplexMathFunctions/arm_cmplx_mag_squared_q15.c ****                    The function implements 1.15 by 1.15 multiplications and finally output is conve
  49:.\DSP\Source\ComplexMathFunctions/arm_cmplx_mag_squared_q15.c ****  */
  50:.\DSP\Source\ComplexMathFunctions/arm_cmplx_mag_squared_q15.c **** 
  51:.\DSP\Source\ComplexMathFunctions/arm_cmplx_mag_squared_q15.c **** #if defined(ARM_MATH_MVEI) && !defined(ARM_MATH_AUTOVECTORIZE)
  52:.\DSP\Source\ComplexMathFunctions/arm_cmplx_mag_squared_q15.c **** 
  53:.\DSP\Source\ComplexMathFunctions/arm_cmplx_mag_squared_q15.c **** void arm_cmplx_mag_squared_q15(
  54:.\DSP\Source\ComplexMathFunctions/arm_cmplx_mag_squared_q15.c ****   const q15_t * pSrc,
  55:.\DSP\Source\ComplexMathFunctions/arm_cmplx_mag_squared_q15.c ****         q15_t * pDst,
  56:.\DSP\Source\ComplexMathFunctions/arm_cmplx_mag_squared_q15.c ****         uint32_t numSamples)
  57:.\DSP\Source\ComplexMathFunctions/arm_cmplx_mag_squared_q15.c **** {
  58:.\DSP\Source\ComplexMathFunctions/arm_cmplx_mag_squared_q15.c ****   int32_t blockSize = numSamples;  /* loop counters */
  59:.\DSP\Source\ComplexMathFunctions/arm_cmplx_mag_squared_q15.c ****   uint32_t  blkCnt;           /* loop counters */
  60:.\DSP\Source\ComplexMathFunctions/arm_cmplx_mag_squared_q15.c ****   q31_t in;
  61:.\DSP\Source\ComplexMathFunctions/arm_cmplx_mag_squared_q15.c ****   q31_t acc0;                                    /* Accumulators */
  62:.\DSP\Source\ComplexMathFunctions/arm_cmplx_mag_squared_q15.c ****   q15x8x2_t vecSrc;
  63:.\DSP\Source\ComplexMathFunctions/arm_cmplx_mag_squared_q15.c ****   q15x8_t vReal, vImag;
  64:.\DSP\Source\ComplexMathFunctions/arm_cmplx_mag_squared_q15.c ****   q15x8_t vMagSq;
  65:.\DSP\Source\ComplexMathFunctions/arm_cmplx_mag_squared_q15.c **** 
  66:.\DSP\Source\ComplexMathFunctions/arm_cmplx_mag_squared_q15.c ****   
  67:.\DSP\Source\ComplexMathFunctions/arm_cmplx_mag_squared_q15.c ****   blkCnt = blockSize >> 3;
  68:.\DSP\Source\ComplexMathFunctions/arm_cmplx_mag_squared_q15.c ****   while (blkCnt > 0U)
  69:.\DSP\Source\ComplexMathFunctions/arm_cmplx_mag_squared_q15.c ****   {
  70:.\DSP\Source\ComplexMathFunctions/arm_cmplx_mag_squared_q15.c ****     vecSrc = vld2q(pSrc);
  71:.\DSP\Source\ComplexMathFunctions/arm_cmplx_mag_squared_q15.c ****     vReal = vmulhq(vecSrc.val[0], vecSrc.val[0]);
  72:.\DSP\Source\ComplexMathFunctions/arm_cmplx_mag_squared_q15.c ****     vImag = vmulhq(vecSrc.val[1], vecSrc.val[1]);
  73:.\DSP\Source\ComplexMathFunctions/arm_cmplx_mag_squared_q15.c ****     vMagSq = vqaddq(vReal, vImag);
  74:.\DSP\Source\ComplexMathFunctions/arm_cmplx_mag_squared_q15.c ****     vMagSq = vshrq(vMagSq, 1);
  75:.\DSP\Source\ComplexMathFunctions/arm_cmplx_mag_squared_q15.c **** 
  76:.\DSP\Source\ComplexMathFunctions/arm_cmplx_mag_squared_q15.c ****     vst1q(pDst, vMagSq);
  77:.\DSP\Source\ComplexMathFunctions/arm_cmplx_mag_squared_q15.c **** 
  78:.\DSP\Source\ComplexMathFunctions/arm_cmplx_mag_squared_q15.c ****     pSrc += 16;
  79:.\DSP\Source\ComplexMathFunctions/arm_cmplx_mag_squared_q15.c ****     pDst += 8;
  80:.\DSP\Source\ComplexMathFunctions/arm_cmplx_mag_squared_q15.c ****     /*
  81:.\DSP\Source\ComplexMathFunctions/arm_cmplx_mag_squared_q15.c ****      * Decrement the blkCnt loop counter
  82:.\DSP\Source\ComplexMathFunctions/arm_cmplx_mag_squared_q15.c ****      * Advance vector source and destination pointers
  83:.\DSP\Source\ComplexMathFunctions/arm_cmplx_mag_squared_q15.c ****      */
  84:.\DSP\Source\ComplexMathFunctions/arm_cmplx_mag_squared_q15.c ****     blkCnt --;
  85:.\DSP\Source\ComplexMathFunctions/arm_cmplx_mag_squared_q15.c ****   }
  86:.\DSP\Source\ComplexMathFunctions/arm_cmplx_mag_squared_q15.c **** 
  87:.\DSP\Source\ComplexMathFunctions/arm_cmplx_mag_squared_q15.c ****   /*
  88:.\DSP\Source\ComplexMathFunctions/arm_cmplx_mag_squared_q15.c ****    * tail
ARM GAS  C:\Users\IVYLIU~1\AppData\Local\Temp\cc3S6Fs0.s 			page 3


  89:.\DSP\Source\ComplexMathFunctions/arm_cmplx_mag_squared_q15.c ****    */
  90:.\DSP\Source\ComplexMathFunctions/arm_cmplx_mag_squared_q15.c ****   blkCnt = blockSize & 7;
  91:.\DSP\Source\ComplexMathFunctions/arm_cmplx_mag_squared_q15.c ****   while (blkCnt > 0U)
  92:.\DSP\Source\ComplexMathFunctions/arm_cmplx_mag_squared_q15.c ****   {
  93:.\DSP\Source\ComplexMathFunctions/arm_cmplx_mag_squared_q15.c ****     /* C[0] = (A[0] * A[0] + A[1] * A[1]) */
  94:.\DSP\Source\ComplexMathFunctions/arm_cmplx_mag_squared_q15.c **** 
  95:.\DSP\Source\ComplexMathFunctions/arm_cmplx_mag_squared_q15.c ****     in = read_q15x2_ia ((q15_t **) &pSrc);
  96:.\DSP\Source\ComplexMathFunctions/arm_cmplx_mag_squared_q15.c ****     acc0 = __SMUAD(in, in);
  97:.\DSP\Source\ComplexMathFunctions/arm_cmplx_mag_squared_q15.c **** 
  98:.\DSP\Source\ComplexMathFunctions/arm_cmplx_mag_squared_q15.c ****     /* store result in 3.13 format in destination buffer. */
  99:.\DSP\Source\ComplexMathFunctions/arm_cmplx_mag_squared_q15.c ****     *pDst++ = (q15_t) (acc0 >> 17);
 100:.\DSP\Source\ComplexMathFunctions/arm_cmplx_mag_squared_q15.c **** 
 101:.\DSP\Source\ComplexMathFunctions/arm_cmplx_mag_squared_q15.c **** 
 102:.\DSP\Source\ComplexMathFunctions/arm_cmplx_mag_squared_q15.c ****     /* Decrement loop counter */
 103:.\DSP\Source\ComplexMathFunctions/arm_cmplx_mag_squared_q15.c ****     blkCnt--;
 104:.\DSP\Source\ComplexMathFunctions/arm_cmplx_mag_squared_q15.c ****   }
 105:.\DSP\Source\ComplexMathFunctions/arm_cmplx_mag_squared_q15.c **** 
 106:.\DSP\Source\ComplexMathFunctions/arm_cmplx_mag_squared_q15.c **** }
 107:.\DSP\Source\ComplexMathFunctions/arm_cmplx_mag_squared_q15.c **** 
 108:.\DSP\Source\ComplexMathFunctions/arm_cmplx_mag_squared_q15.c **** #else
 109:.\DSP\Source\ComplexMathFunctions/arm_cmplx_mag_squared_q15.c **** void arm_cmplx_mag_squared_q15(
 110:.\DSP\Source\ComplexMathFunctions/arm_cmplx_mag_squared_q15.c ****   const q15_t * pSrc,
 111:.\DSP\Source\ComplexMathFunctions/arm_cmplx_mag_squared_q15.c ****         q15_t * pDst,
 112:.\DSP\Source\ComplexMathFunctions/arm_cmplx_mag_squared_q15.c ****         uint32_t numSamples)
 113:.\DSP\Source\ComplexMathFunctions/arm_cmplx_mag_squared_q15.c **** {
  27              		.loc 1 113 0
  28              		.cfi_startproc
  29              		@ args = 0, pretend = 0, frame = 0
  30              		@ frame_needed = 0, uses_anonymous_args = 0
  31              		@ link register save eliminated.
  32              	.LVL0:
  33 0000 30B4     		push	{r4, r5}
  34              		.cfi_def_cfa_offset 8
  35              		.cfi_offset 4, -8
  36              		.cfi_offset 5, -4
  37 0002 0D46     		mov	r5, r1
  38              	.LVL1:
 114:.\DSP\Source\ComplexMathFunctions/arm_cmplx_mag_squared_q15.c ****         uint32_t blkCnt;                               /* Loop counter */
 115:.\DSP\Source\ComplexMathFunctions/arm_cmplx_mag_squared_q15.c **** 
 116:.\DSP\Source\ComplexMathFunctions/arm_cmplx_mag_squared_q15.c **** #if defined (ARM_MATH_DSP)
 117:.\DSP\Source\ComplexMathFunctions/arm_cmplx_mag_squared_q15.c ****         q31_t in;
 118:.\DSP\Source\ComplexMathFunctions/arm_cmplx_mag_squared_q15.c ****         q31_t acc0;                                    /* Accumulators */
 119:.\DSP\Source\ComplexMathFunctions/arm_cmplx_mag_squared_q15.c **** #else
 120:.\DSP\Source\ComplexMathFunctions/arm_cmplx_mag_squared_q15.c ****         q15_t real, imag;                              /* Temporary input variables */
 121:.\DSP\Source\ComplexMathFunctions/arm_cmplx_mag_squared_q15.c ****         q31_t acc0, acc1;                              /* Accumulators */
 122:.\DSP\Source\ComplexMathFunctions/arm_cmplx_mag_squared_q15.c **** #endif
 123:.\DSP\Source\ComplexMathFunctions/arm_cmplx_mag_squared_q15.c **** 
 124:.\DSP\Source\ComplexMathFunctions/arm_cmplx_mag_squared_q15.c **** #if defined (ARM_MATH_LOOPUNROLL)
 125:.\DSP\Source\ComplexMathFunctions/arm_cmplx_mag_squared_q15.c **** 
 126:.\DSP\Source\ComplexMathFunctions/arm_cmplx_mag_squared_q15.c ****   /* Loop unrolling: Compute 4 outputs at a time */
 127:.\DSP\Source\ComplexMathFunctions/arm_cmplx_mag_squared_q15.c ****   blkCnt = numSamples >> 2U;
 128:.\DSP\Source\ComplexMathFunctions/arm_cmplx_mag_squared_q15.c **** 
 129:.\DSP\Source\ComplexMathFunctions/arm_cmplx_mag_squared_q15.c ****   while (blkCnt > 0U)
 130:.\DSP\Source\ComplexMathFunctions/arm_cmplx_mag_squared_q15.c ****   {
 131:.\DSP\Source\ComplexMathFunctions/arm_cmplx_mag_squared_q15.c ****     /* C[0] = (A[0] * A[0] + A[1] * A[1]) */
 132:.\DSP\Source\ComplexMathFunctions/arm_cmplx_mag_squared_q15.c **** 
 133:.\DSP\Source\ComplexMathFunctions/arm_cmplx_mag_squared_q15.c **** #if defined (ARM_MATH_DSP)
ARM GAS  C:\Users\IVYLIU~1\AppData\Local\Temp\cc3S6Fs0.s 			page 4


 134:.\DSP\Source\ComplexMathFunctions/arm_cmplx_mag_squared_q15.c ****     in = read_q15x2_ia (&pSrc);
 135:.\DSP\Source\ComplexMathFunctions/arm_cmplx_mag_squared_q15.c ****     acc0 = __SMUAD(in, in);
 136:.\DSP\Source\ComplexMathFunctions/arm_cmplx_mag_squared_q15.c ****     /* store result in 3.13 format in destination buffer. */
 137:.\DSP\Source\ComplexMathFunctions/arm_cmplx_mag_squared_q15.c ****     *pDst++ = (q15_t) (acc0 >> 17);
 138:.\DSP\Source\ComplexMathFunctions/arm_cmplx_mag_squared_q15.c **** 
 139:.\DSP\Source\ComplexMathFunctions/arm_cmplx_mag_squared_q15.c ****     in = read_q15x2_ia (&pSrc);
 140:.\DSP\Source\ComplexMathFunctions/arm_cmplx_mag_squared_q15.c ****     acc0 = __SMUAD(in, in);
 141:.\DSP\Source\ComplexMathFunctions/arm_cmplx_mag_squared_q15.c ****     *pDst++ = (q15_t) (acc0 >> 17);
 142:.\DSP\Source\ComplexMathFunctions/arm_cmplx_mag_squared_q15.c **** 
 143:.\DSP\Source\ComplexMathFunctions/arm_cmplx_mag_squared_q15.c ****     in = read_q15x2_ia (&pSrc);
 144:.\DSP\Source\ComplexMathFunctions/arm_cmplx_mag_squared_q15.c ****     acc0 = __SMUAD(in, in);
 145:.\DSP\Source\ComplexMathFunctions/arm_cmplx_mag_squared_q15.c ****     *pDst++ = (q15_t) (acc0 >> 17);
 146:.\DSP\Source\ComplexMathFunctions/arm_cmplx_mag_squared_q15.c **** 
 147:.\DSP\Source\ComplexMathFunctions/arm_cmplx_mag_squared_q15.c ****     in = read_q15x2_ia (&pSrc);
 148:.\DSP\Source\ComplexMathFunctions/arm_cmplx_mag_squared_q15.c ****     acc0 = __SMUAD(in, in);
 149:.\DSP\Source\ComplexMathFunctions/arm_cmplx_mag_squared_q15.c ****     *pDst++ = (q15_t) (acc0 >> 17);
 150:.\DSP\Source\ComplexMathFunctions/arm_cmplx_mag_squared_q15.c **** #else
 151:.\DSP\Source\ComplexMathFunctions/arm_cmplx_mag_squared_q15.c ****     real = *pSrc++;
 152:.\DSP\Source\ComplexMathFunctions/arm_cmplx_mag_squared_q15.c ****     imag = *pSrc++;
 153:.\DSP\Source\ComplexMathFunctions/arm_cmplx_mag_squared_q15.c ****     acc0 = ((q31_t) real * real);
 154:.\DSP\Source\ComplexMathFunctions/arm_cmplx_mag_squared_q15.c ****     acc1 = ((q31_t) imag * imag);
 155:.\DSP\Source\ComplexMathFunctions/arm_cmplx_mag_squared_q15.c ****     /* store result in 3.13 format in destination buffer. */
 156:.\DSP\Source\ComplexMathFunctions/arm_cmplx_mag_squared_q15.c ****     *pDst++ = (q15_t) (((q63_t) acc0 + acc1) >> 17);
 157:.\DSP\Source\ComplexMathFunctions/arm_cmplx_mag_squared_q15.c **** 
 158:.\DSP\Source\ComplexMathFunctions/arm_cmplx_mag_squared_q15.c ****     real = *pSrc++;
 159:.\DSP\Source\ComplexMathFunctions/arm_cmplx_mag_squared_q15.c ****     imag = *pSrc++;
 160:.\DSP\Source\ComplexMathFunctions/arm_cmplx_mag_squared_q15.c ****     acc0 = ((q31_t) real * real);
 161:.\DSP\Source\ComplexMathFunctions/arm_cmplx_mag_squared_q15.c ****     acc1 = ((q31_t) imag * imag);
 162:.\DSP\Source\ComplexMathFunctions/arm_cmplx_mag_squared_q15.c ****     *pDst++ = (q15_t) (((q63_t) acc0 + acc1) >> 17);
 163:.\DSP\Source\ComplexMathFunctions/arm_cmplx_mag_squared_q15.c **** 
 164:.\DSP\Source\ComplexMathFunctions/arm_cmplx_mag_squared_q15.c ****     real = *pSrc++;
 165:.\DSP\Source\ComplexMathFunctions/arm_cmplx_mag_squared_q15.c ****     imag = *pSrc++;
 166:.\DSP\Source\ComplexMathFunctions/arm_cmplx_mag_squared_q15.c ****     acc0 = ((q31_t) real * real);
 167:.\DSP\Source\ComplexMathFunctions/arm_cmplx_mag_squared_q15.c ****     acc1 = ((q31_t) imag * imag);
 168:.\DSP\Source\ComplexMathFunctions/arm_cmplx_mag_squared_q15.c ****     *pDst++ = (q15_t) (((q63_t) acc0 + acc1) >> 17);
 169:.\DSP\Source\ComplexMathFunctions/arm_cmplx_mag_squared_q15.c **** 
 170:.\DSP\Source\ComplexMathFunctions/arm_cmplx_mag_squared_q15.c ****     real = *pSrc++;
 171:.\DSP\Source\ComplexMathFunctions/arm_cmplx_mag_squared_q15.c ****     imag = *pSrc++;
 172:.\DSP\Source\ComplexMathFunctions/arm_cmplx_mag_squared_q15.c ****     acc0 = ((q31_t) real * real);
 173:.\DSP\Source\ComplexMathFunctions/arm_cmplx_mag_squared_q15.c ****     acc1 = ((q31_t) imag * imag);
 174:.\DSP\Source\ComplexMathFunctions/arm_cmplx_mag_squared_q15.c ****     *pDst++ = (q15_t) (((q63_t) acc0 + acc1) >> 17);
 175:.\DSP\Source\ComplexMathFunctions/arm_cmplx_mag_squared_q15.c **** #endif /* #if defined (ARM_MATH_DSP) */
 176:.\DSP\Source\ComplexMathFunctions/arm_cmplx_mag_squared_q15.c **** 
 177:.\DSP\Source\ComplexMathFunctions/arm_cmplx_mag_squared_q15.c ****     /* Decrement loop counter */
 178:.\DSP\Source\ComplexMathFunctions/arm_cmplx_mag_squared_q15.c ****     blkCnt--;
 179:.\DSP\Source\ComplexMathFunctions/arm_cmplx_mag_squared_q15.c ****   }
 180:.\DSP\Source\ComplexMathFunctions/arm_cmplx_mag_squared_q15.c **** 
 181:.\DSP\Source\ComplexMathFunctions/arm_cmplx_mag_squared_q15.c ****   /* Loop unrolling: Compute remaining outputs */
 182:.\DSP\Source\ComplexMathFunctions/arm_cmplx_mag_squared_q15.c ****   blkCnt = numSamples % 0x4U;
 183:.\DSP\Source\ComplexMathFunctions/arm_cmplx_mag_squared_q15.c **** 
 184:.\DSP\Source\ComplexMathFunctions/arm_cmplx_mag_squared_q15.c **** #else
 185:.\DSP\Source\ComplexMathFunctions/arm_cmplx_mag_squared_q15.c **** 
 186:.\DSP\Source\ComplexMathFunctions/arm_cmplx_mag_squared_q15.c ****   /* Initialize blkCnt with number of samples */
 187:.\DSP\Source\ComplexMathFunctions/arm_cmplx_mag_squared_q15.c ****   blkCnt = numSamples;
 188:.\DSP\Source\ComplexMathFunctions/arm_cmplx_mag_squared_q15.c **** 
 189:.\DSP\Source\ComplexMathFunctions/arm_cmplx_mag_squared_q15.c **** #endif /* #if defined (ARM_MATH_LOOPUNROLL) */
 190:.\DSP\Source\ComplexMathFunctions/arm_cmplx_mag_squared_q15.c **** 
ARM GAS  C:\Users\IVYLIU~1\AppData\Local\Temp\cc3S6Fs0.s 			page 5


 191:.\DSP\Source\ComplexMathFunctions/arm_cmplx_mag_squared_q15.c ****   while (blkCnt > 0U)
  39              		.loc 1 191 0
  40 0004 13E0     		b	.L2
  41              	.LVL2:
  42              	.L3:
 192:.\DSP\Source\ComplexMathFunctions/arm_cmplx_mag_squared_q15.c ****   {
 193:.\DSP\Source\ComplexMathFunctions/arm_cmplx_mag_squared_q15.c ****     /* C[0] = (A[0] * A[0] + A[1] * A[1]) */
 194:.\DSP\Source\ComplexMathFunctions/arm_cmplx_mag_squared_q15.c **** 
 195:.\DSP\Source\ComplexMathFunctions/arm_cmplx_mag_squared_q15.c **** #if defined (ARM_MATH_DSP)
 196:.\DSP\Source\ComplexMathFunctions/arm_cmplx_mag_squared_q15.c ****     in = read_q15x2_ia (&pSrc);
 197:.\DSP\Source\ComplexMathFunctions/arm_cmplx_mag_squared_q15.c ****     acc0 = __SMUAD(in, in);
 198:.\DSP\Source\ComplexMathFunctions/arm_cmplx_mag_squared_q15.c **** 
 199:.\DSP\Source\ComplexMathFunctions/arm_cmplx_mag_squared_q15.c ****     /* store result in 3.13 format in destination buffer. */
 200:.\DSP\Source\ComplexMathFunctions/arm_cmplx_mag_squared_q15.c ****     *pDst++ = (q15_t) (acc0 >> 17);
 201:.\DSP\Source\ComplexMathFunctions/arm_cmplx_mag_squared_q15.c **** #else
 202:.\DSP\Source\ComplexMathFunctions/arm_cmplx_mag_squared_q15.c ****     real = *pSrc++;
  43              		.loc 1 202 0
  44 0006 0446     		mov	r4, r0
  45              	.LVL3:
 203:.\DSP\Source\ComplexMathFunctions/arm_cmplx_mag_squared_q15.c ****     imag = *pSrc++;
 204:.\DSP\Source\ComplexMathFunctions/arm_cmplx_mag_squared_q15.c ****     acc0 = ((q31_t) real * real);
  46              		.loc 1 204 0
  47 0008 34F9043B 		ldrsh	r3, [r4], #4
  48 000c 03FB03F3 		mul	r3, r3, r3
  49              	.LVL4:
 205:.\DSP\Source\ComplexMathFunctions/arm_cmplx_mag_squared_q15.c ****     acc1 = ((q31_t) imag * imag);
  50              		.loc 1 205 0
  51 0010 B0F90200 		ldrsh	r0, [r0, #2]
  52              	.LVL5:
  53 0014 00FB00F0 		mul	r0, r0, r0
  54              	.LVL6:
 206:.\DSP\Source\ComplexMathFunctions/arm_cmplx_mag_squared_q15.c **** 
 207:.\DSP\Source\ComplexMathFunctions/arm_cmplx_mag_squared_q15.c ****     /* store result in 3.13 format in destination buffer. */
 208:.\DSP\Source\ComplexMathFunctions/arm_cmplx_mag_squared_q15.c ****     *pDst++ = (q15_t) (((q63_t) acc0 + acc1) >> 17);
  55              		.loc 1 208 0
  56 0018 C117     		asrs	r1, r0, #31
  57 001a C018     		adds	r0, r0, r3
  58              	.LVL7:
  59 001c 41EBE371 		adc	r1, r1, r3, asr #31
  60 0020 430C     		lsrs	r3, r0, #17
  61              	.LVL8:
  62 0022 43EAC133 		orr	r3, r3, r1, lsl #15
  63 0026 2B80     		strh	r3, [r5]	@ movhi
  64              	.LVL9:
 209:.\DSP\Source\ComplexMathFunctions/arm_cmplx_mag_squared_q15.c **** #endif
 210:.\DSP\Source\ComplexMathFunctions/arm_cmplx_mag_squared_q15.c **** 
 211:.\DSP\Source\ComplexMathFunctions/arm_cmplx_mag_squared_q15.c ****     /* Decrement loop counter */
 212:.\DSP\Source\ComplexMathFunctions/arm_cmplx_mag_squared_q15.c ****     blkCnt--;
  65              		.loc 1 212 0
  66 0028 013A     		subs	r2, r2, #1
  67              	.LVL10:
 208:.\DSP\Source\ComplexMathFunctions/arm_cmplx_mag_squared_q15.c **** #endif
  68              		.loc 1 208 0
  69 002a 0235     		adds	r5, r5, #2
  70              	.LVL11:
 203:.\DSP\Source\ComplexMathFunctions/arm_cmplx_mag_squared_q15.c ****     acc0 = ((q31_t) real * real);
  71              		.loc 1 203 0
ARM GAS  C:\Users\IVYLIU~1\AppData\Local\Temp\cc3S6Fs0.s 			page 6


  72 002c 2046     		mov	r0, r4
  73              	.LVL12:
  74              	.L2:
 191:.\DSP\Source\ComplexMathFunctions/arm_cmplx_mag_squared_q15.c ****   {
  75              		.loc 1 191 0
  76 002e 002A     		cmp	r2, #0
  77 0030 E9D1     		bne	.L3
 213:.\DSP\Source\ComplexMathFunctions/arm_cmplx_mag_squared_q15.c ****   }
 214:.\DSP\Source\ComplexMathFunctions/arm_cmplx_mag_squared_q15.c **** 
 215:.\DSP\Source\ComplexMathFunctions/arm_cmplx_mag_squared_q15.c **** }
  78              		.loc 1 215 0
  79 0032 30BC     		pop	{r4, r5}
  80              		.cfi_restore 5
  81              		.cfi_restore 4
  82              		.cfi_def_cfa_offset 0
  83              	.LVL13:
  84 0034 7047     		bx	lr
  85              		.cfi_endproc
  86              	.LFE84:
  87              		.size	arm_cmplx_mag_squared_q15, .-arm_cmplx_mag_squared_q15
  88 0036 00BF     		.text
  89              	.Letext0:
  90              		.file 2 "c:\\program files (x86)\\cypress\\psoc creator\\3.3\\psoc creator\\import\\gnu\\arm\\4.9.
  91              		.file 3 "c:\\program files (x86)\\cypress\\psoc creator\\3.3\\psoc creator\\import\\gnu\\arm\\4.9.
  92              		.file 4 ".\\DSP\\Include/arm_math_types.h"
  93              		.file 5 ".\\Core\\Include/cmsis_gcc.h"
  94              		.section	.debug_info,"",%progbits
  95              	.Ldebug_info0:
  96 0000 4B020000 		.4byte	0x24b
  97 0004 0400     		.2byte	0x4
  98 0006 00000000 		.4byte	.Ldebug_abbrev0
  99 000a 04       		.byte	0x4
 100 000b 01       		.uleb128 0x1
 101 000c EF010000 		.4byte	.LASF41
 102 0010 01       		.byte	0x1
 103 0011 8C000000 		.4byte	.LASF42
 104 0015 8A010000 		.4byte	.LASF43
 105 0019 00000000 		.4byte	.Ldebug_ranges0+0
 106 001d 00000000 		.4byte	0
 107 0021 00000000 		.4byte	.Ldebug_line0
 108 0025 02       		.uleb128 0x2
 109 0026 01       		.byte	0x1
 110 0027 06       		.byte	0x6
 111 0028 BB020000 		.4byte	.LASF0
 112 002c 02       		.uleb128 0x2
 113 002d 01       		.byte	0x1
 114 002e 08       		.byte	0x8
 115 002f 64000000 		.4byte	.LASF1
 116 0033 03       		.uleb128 0x3
 117 0034 2A000000 		.4byte	.LASF4
 118 0038 02       		.byte	0x2
 119 0039 29       		.byte	0x29
 120 003a 3E000000 		.4byte	0x3e
 121 003e 02       		.uleb128 0x2
 122 003f 02       		.byte	0x2
 123 0040 05       		.byte	0x5
 124 0041 E5010000 		.4byte	.LASF2
ARM GAS  C:\Users\IVYLIU~1\AppData\Local\Temp\cc3S6Fs0.s 			page 7


 125 0045 02       		.uleb128 0x2
 126 0046 02       		.byte	0x2
 127 0047 07       		.byte	0x7
 128 0048 DC000000 		.4byte	.LASF3
 129 004c 03       		.uleb128 0x3
 130 004d 34000000 		.4byte	.LASF5
 131 0051 02       		.byte	0x2
 132 0052 3F       		.byte	0x3f
 133 0053 57000000 		.4byte	0x57
 134 0057 02       		.uleb128 0x2
 135 0058 04       		.byte	0x4
 136 0059 05       		.byte	0x5
 137 005a 91020000 		.4byte	.LASF6
 138 005e 03       		.uleb128 0x3
 139 005f 05010000 		.4byte	.LASF7
 140 0063 02       		.byte	0x2
 141 0064 41       		.byte	0x41
 142 0065 69000000 		.4byte	0x69
 143 0069 02       		.uleb128 0x2
 144 006a 04       		.byte	0x4
 145 006b 07       		.byte	0x7
 146 006c CA000000 		.4byte	.LASF8
 147 0070 03       		.uleb128 0x3
 148 0071 F4000000 		.4byte	.LASF9
 149 0075 02       		.byte	0x2
 150 0076 59       		.byte	0x59
 151 0077 7B000000 		.4byte	0x7b
 152 007b 02       		.uleb128 0x2
 153 007c 08       		.byte	0x8
 154 007d 05       		.byte	0x5
 155 007e 77010000 		.4byte	.LASF10
 156 0082 02       		.uleb128 0x2
 157 0083 08       		.byte	0x8
 158 0084 07       		.byte	0x7
 159 0085 41010000 		.4byte	.LASF11
 160 0089 04       		.uleb128 0x4
 161 008a 04       		.byte	0x4
 162 008b 05       		.byte	0x5
 163 008c 696E7400 		.ascii	"int\000"
 164 0090 02       		.uleb128 0x2
 165 0091 04       		.byte	0x4
 166 0092 07       		.byte	0x7
 167 0093 15010000 		.4byte	.LASF12
 168 0097 03       		.uleb128 0x3
 169 0098 5E010000 		.4byte	.LASF13
 170 009c 03       		.byte	0x3
 171 009d 20       		.byte	0x20
 172 009e 33000000 		.4byte	0x33
 173 00a2 03       		.uleb128 0x3
 174 00a3 66010000 		.4byte	.LASF14
 175 00a7 03       		.byte	0x3
 176 00a8 2C       		.byte	0x2c
 177 00a9 4C000000 		.4byte	0x4c
 178 00ad 03       		.uleb128 0x3
 179 00ae 88020000 		.4byte	.LASF15
 180 00b2 03       		.byte	0x3
 181 00b3 2D       		.byte	0x2d
ARM GAS  C:\Users\IVYLIU~1\AppData\Local\Temp\cc3S6Fs0.s 			page 8


 182 00b4 5E000000 		.4byte	0x5e
 183 00b8 03       		.uleb128 0x3
 184 00b9 13000000 		.4byte	.LASF16
 185 00bd 03       		.byte	0x3
 186 00be 38       		.byte	0x38
 187 00bf 70000000 		.4byte	0x70
 188 00c3 02       		.uleb128 0x2
 189 00c4 04       		.byte	0x4
 190 00c5 07       		.byte	0x7
 191 00c6 6E010000 		.4byte	.LASF17
 192 00ca 02       		.uleb128 0x2
 193 00cb 01       		.byte	0x1
 194 00cc 08       		.byte	0x8
 195 00cd 85010000 		.4byte	.LASF18
 196 00d1 02       		.uleb128 0x2
 197 00d2 08       		.byte	0x8
 198 00d3 04       		.byte	0x4
 199 00d4 FE000000 		.4byte	.LASF19
 200 00d8 02       		.uleb128 0x2
 201 00d9 04       		.byte	0x4
 202 00da 04       		.byte	0x4
 203 00db 53000000 		.4byte	.LASF20
 204 00df 02       		.uleb128 0x2
 205 00e0 08       		.byte	0x8
 206 00e1 04       		.byte	0x4
 207 00e2 9A020000 		.4byte	.LASF21
 208 00e6 05       		.uleb128 0x5
 209 00e7 4D000000 		.4byte	.LASF22
 210 00eb 04       		.byte	0x4
 211 00ec 1F01     		.2byte	0x11f
 212 00ee 97000000 		.4byte	0x97
 213 00f2 05       		.uleb128 0x5
 214 00f3 5E000000 		.4byte	.LASF23
 215 00f7 04       		.byte	0x4
 216 00f8 2401     		.2byte	0x124
 217 00fa A2000000 		.4byte	0xa2
 218 00fe 05       		.uleb128 0x5
 219 00ff 58010000 		.4byte	.LASF24
 220 0103 04       		.byte	0x4
 221 0104 2901     		.2byte	0x129
 222 0106 B8000000 		.4byte	0xb8
 223 010a 06       		.uleb128 0x6
 224 010b 27010000 		.4byte	.LASF44
 225 010f 01       		.byte	0x1
 226 0110 6D       		.byte	0x6d
 227 0111 00000000 		.4byte	.LFB84
 228 0115 36000000 		.4byte	.LFE84-.LFB84
 229 0119 01       		.uleb128 0x1
 230 011a 9C       		.byte	0x9c
 231 011b 96010000 		.4byte	0x196
 232 011f 07       		.uleb128 0x7
 233 0120 C7020000 		.4byte	.LASF25
 234 0124 01       		.byte	0x1
 235 0125 6E       		.byte	0x6e
 236 0126 96010000 		.4byte	0x196
 237 012a 00000000 		.4byte	.LLST0
 238 012e 07       		.uleb128 0x7
ARM GAS  C:\Users\IVYLIU~1\AppData\Local\Temp\cc3S6Fs0.s 			page 9


 239 012f EF000000 		.4byte	.LASF26
 240 0133 01       		.byte	0x1
 241 0134 6F       		.byte	0x6f
 242 0135 A1010000 		.4byte	0x1a1
 243 0139 43000000 		.4byte	.LLST1
 244 013d 07       		.uleb128 0x7
 245 013e CC020000 		.4byte	.LASF27
 246 0142 01       		.byte	0x1
 247 0143 70       		.byte	0x70
 248 0144 AD000000 		.4byte	0xad
 249 0148 79000000 		.4byte	.LLST2
 250 014c 08       		.uleb128 0x8
 251 014d 72000000 		.4byte	.LASF28
 252 0151 01       		.byte	0x1
 253 0152 72       		.byte	0x72
 254 0153 AD000000 		.4byte	0xad
 255 0157 01       		.uleb128 0x1
 256 0158 52       		.byte	0x52
 257 0159 09       		.uleb128 0x9
 258 015a 22010000 		.4byte	.LASF29
 259 015e 01       		.byte	0x1
 260 015f 78       		.byte	0x78
 261 0160 E6000000 		.4byte	0xe6
 262 0164 9A000000 		.4byte	.LLST3
 263 0168 09       		.uleb128 0x9
 264 0169 10010000 		.4byte	.LASF30
 265 016d 01       		.byte	0x1
 266 016e 78       		.byte	0x78
 267 016f E6000000 		.4byte	0xe6
 268 0173 BA000000 		.4byte	.LLST4
 269 0177 09       		.uleb128 0x9
 270 0178 EC020000 		.4byte	.LASF31
 271 017c 01       		.byte	0x1
 272 017d 79       		.byte	0x79
 273 017e F2000000 		.4byte	0xf2
 274 0182 DA000000 		.4byte	.LLST5
 275 0186 09       		.uleb128 0x9
 276 0187 F1020000 		.4byte	.LASF32
 277 018b 01       		.byte	0x1
 278 018c 79       		.byte	0x79
 279 018d F2000000 		.4byte	0xf2
 280 0191 09010000 		.4byte	.LLST6
 281 0195 00       		.byte	0
 282 0196 0A       		.uleb128 0xa
 283 0197 04       		.byte	0x4
 284 0198 9C010000 		.4byte	0x19c
 285 019c 0B       		.uleb128 0xb
 286 019d E6000000 		.4byte	0xe6
 287 01a1 0A       		.uleb128 0xa
 288 01a2 04       		.byte	0x4
 289 01a3 E6000000 		.4byte	0xe6
 290 01a7 03       		.uleb128 0x3
 291 01a8 1B000000 		.4byte	.LASF33
 292 01ac 05       		.byte	0x5
 293 01ad 8B       		.byte	0x8b
 294 01ae 25020000 		.4byte	0x225
 295 01b2 0A       		.uleb128 0xa
ARM GAS  C:\Users\IVYLIU~1\AppData\Local\Temp\cc3S6Fs0.s 			page 10


 296 01b3 04       		.byte	0x4
 297 01b4 B8010000 		.4byte	0x1b8
 298 01b8 0B       		.uleb128 0xb
 299 01b9 AD000000 		.4byte	0xad
 300 01bd 0A       		.uleb128 0xa
 301 01be 04       		.byte	0x4
 302 01bf AD000000 		.4byte	0xad
 303 01c3 0C       		.uleb128 0xc
 304 01c4 D7020000 		.4byte	.LASF34
 305 01c8 05       		.byte	0x5
 306 01c9 92       		.byte	0x92
 307 01ca CE010000 		.4byte	0x1ce
 308 01ce 0B       		.uleb128 0xb
 309 01cf A7010000 		.4byte	0x1a7
 310 01d3 0C       		.uleb128 0xc
 311 01d4 79000000 		.4byte	.LASF35
 312 01d8 05       		.byte	0x5
 313 01d9 93       		.byte	0x93
 314 01da CE010000 		.4byte	0x1ce
 315 01de 03       		.uleb128 0x3
 316 01df 3E000000 		.4byte	.LASF36
 317 01e3 05       		.byte	0x5
 318 01e4 90       		.byte	0x90
 319 01e5 04020000 		.4byte	0x204
 320 01e9 0C       		.uleb128 0xc
 321 01ea A6020000 		.4byte	.LASF37
 322 01ee 05       		.byte	0x5
 323 01ef 94       		.byte	0x94
 324 01f0 F4010000 		.4byte	0x1f4
 325 01f4 0B       		.uleb128 0xb
 326 01f5 DE010000 		.4byte	0x1de
 327 01f9 0C       		.uleb128 0xc
 328 01fa 00000000 		.4byte	.LASF38
 329 01fe 05       		.byte	0x5
 330 01ff 95       		.byte	0x95
 331 0200 F4010000 		.4byte	0x1f4
 332 0204 0D       		.uleb128 0xd
 333 0205 08       		.byte	0x8
 334 0206 05       		.byte	0x5
 335 0207 8D       		.byte	0x8d
 336 0208 25020000 		.4byte	0x225
 337 020c 0E       		.uleb128 0xe
 338 020d 59000000 		.4byte	.LASF39
 339 0211 05       		.byte	0x5
 340 0212 8E       		.byte	0x8e
 341 0213 BD010000 		.4byte	0x1bd
 342 0217 00       		.byte	0
 343 0218 0E       		.uleb128 0xe
 344 0219 E0010000 		.4byte	.LASF40
 345 021d 05       		.byte	0x5
 346 021e 8F       		.byte	0x8f
 347 021f AD000000 		.4byte	0xad
 348 0223 04       		.byte	0x4
 349 0224 00       		.byte	0
 350 0225 0F       		.uleb128 0xf
 351 0226 0C       		.byte	0xc
 352 0227 05       		.byte	0x5
ARM GAS  C:\Users\IVYLIU~1\AppData\Local\Temp\cc3S6Fs0.s 			page 11


 353 0228 87       		.byte	0x87
 354 0229 10       		.uleb128 0x10
 355 022a 73726300 		.ascii	"src\000"
 356 022e 05       		.byte	0x5
 357 022f 88       		.byte	0x88
 358 0230 B2010000 		.4byte	0x1b2
 359 0234 00       		.byte	0
 360 0235 0E       		.uleb128 0xe
 361 0236 59000000 		.4byte	.LASF39
 362 023a 05       		.byte	0x5
 363 023b 89       		.byte	0x89
 364 023c BD010000 		.4byte	0x1bd
 365 0240 04       		.byte	0x4
 366 0241 0E       		.uleb128 0xe
 367 0242 E0010000 		.4byte	.LASF40
 368 0246 05       		.byte	0x5
 369 0247 8A       		.byte	0x8a
 370 0248 AD000000 		.4byte	0xad
 371 024c 08       		.byte	0x8
 372 024d 00       		.byte	0
 373 024e 00       		.byte	0
 374              		.section	.debug_abbrev,"",%progbits
 375              	.Ldebug_abbrev0:
 376 0000 01       		.uleb128 0x1
 377 0001 11       		.uleb128 0x11
 378 0002 01       		.byte	0x1
 379 0003 25       		.uleb128 0x25
 380 0004 0E       		.uleb128 0xe
 381 0005 13       		.uleb128 0x13
 382 0006 0B       		.uleb128 0xb
 383 0007 03       		.uleb128 0x3
 384 0008 0E       		.uleb128 0xe
 385 0009 1B       		.uleb128 0x1b
 386 000a 0E       		.uleb128 0xe
 387 000b 55       		.uleb128 0x55
 388 000c 17       		.uleb128 0x17
 389 000d 11       		.uleb128 0x11
 390 000e 01       		.uleb128 0x1
 391 000f 10       		.uleb128 0x10
 392 0010 17       		.uleb128 0x17
 393 0011 00       		.byte	0
 394 0012 00       		.byte	0
 395 0013 02       		.uleb128 0x2
 396 0014 24       		.uleb128 0x24
 397 0015 00       		.byte	0
 398 0016 0B       		.uleb128 0xb
 399 0017 0B       		.uleb128 0xb
 400 0018 3E       		.uleb128 0x3e
 401 0019 0B       		.uleb128 0xb
 402 001a 03       		.uleb128 0x3
 403 001b 0E       		.uleb128 0xe
 404 001c 00       		.byte	0
 405 001d 00       		.byte	0
 406 001e 03       		.uleb128 0x3
 407 001f 16       		.uleb128 0x16
 408 0020 00       		.byte	0
 409 0021 03       		.uleb128 0x3
ARM GAS  C:\Users\IVYLIU~1\AppData\Local\Temp\cc3S6Fs0.s 			page 12


 410 0022 0E       		.uleb128 0xe
 411 0023 3A       		.uleb128 0x3a
 412 0024 0B       		.uleb128 0xb
 413 0025 3B       		.uleb128 0x3b
 414 0026 0B       		.uleb128 0xb
 415 0027 49       		.uleb128 0x49
 416 0028 13       		.uleb128 0x13
 417 0029 00       		.byte	0
 418 002a 00       		.byte	0
 419 002b 04       		.uleb128 0x4
 420 002c 24       		.uleb128 0x24
 421 002d 00       		.byte	0
 422 002e 0B       		.uleb128 0xb
 423 002f 0B       		.uleb128 0xb
 424 0030 3E       		.uleb128 0x3e
 425 0031 0B       		.uleb128 0xb
 426 0032 03       		.uleb128 0x3
 427 0033 08       		.uleb128 0x8
 428 0034 00       		.byte	0
 429 0035 00       		.byte	0
 430 0036 05       		.uleb128 0x5
 431 0037 16       		.uleb128 0x16
 432 0038 00       		.byte	0
 433 0039 03       		.uleb128 0x3
 434 003a 0E       		.uleb128 0xe
 435 003b 3A       		.uleb128 0x3a
 436 003c 0B       		.uleb128 0xb
 437 003d 3B       		.uleb128 0x3b
 438 003e 05       		.uleb128 0x5
 439 003f 49       		.uleb128 0x49
 440 0040 13       		.uleb128 0x13
 441 0041 00       		.byte	0
 442 0042 00       		.byte	0
 443 0043 06       		.uleb128 0x6
 444 0044 2E       		.uleb128 0x2e
 445 0045 01       		.byte	0x1
 446 0046 3F       		.uleb128 0x3f
 447 0047 19       		.uleb128 0x19
 448 0048 03       		.uleb128 0x3
 449 0049 0E       		.uleb128 0xe
 450 004a 3A       		.uleb128 0x3a
 451 004b 0B       		.uleb128 0xb
 452 004c 3B       		.uleb128 0x3b
 453 004d 0B       		.uleb128 0xb
 454 004e 27       		.uleb128 0x27
 455 004f 19       		.uleb128 0x19
 456 0050 11       		.uleb128 0x11
 457 0051 01       		.uleb128 0x1
 458 0052 12       		.uleb128 0x12
 459 0053 06       		.uleb128 0x6
 460 0054 40       		.uleb128 0x40
 461 0055 18       		.uleb128 0x18
 462 0056 9742     		.uleb128 0x2117
 463 0058 19       		.uleb128 0x19
 464 0059 01       		.uleb128 0x1
 465 005a 13       		.uleb128 0x13
 466 005b 00       		.byte	0
ARM GAS  C:\Users\IVYLIU~1\AppData\Local\Temp\cc3S6Fs0.s 			page 13


 467 005c 00       		.byte	0
 468 005d 07       		.uleb128 0x7
 469 005e 05       		.uleb128 0x5
 470 005f 00       		.byte	0
 471 0060 03       		.uleb128 0x3
 472 0061 0E       		.uleb128 0xe
 473 0062 3A       		.uleb128 0x3a
 474 0063 0B       		.uleb128 0xb
 475 0064 3B       		.uleb128 0x3b
 476 0065 0B       		.uleb128 0xb
 477 0066 49       		.uleb128 0x49
 478 0067 13       		.uleb128 0x13
 479 0068 02       		.uleb128 0x2
 480 0069 17       		.uleb128 0x17
 481 006a 00       		.byte	0
 482 006b 00       		.byte	0
 483 006c 08       		.uleb128 0x8
 484 006d 34       		.uleb128 0x34
 485 006e 00       		.byte	0
 486 006f 03       		.uleb128 0x3
 487 0070 0E       		.uleb128 0xe
 488 0071 3A       		.uleb128 0x3a
 489 0072 0B       		.uleb128 0xb
 490 0073 3B       		.uleb128 0x3b
 491 0074 0B       		.uleb128 0xb
 492 0075 49       		.uleb128 0x49
 493 0076 13       		.uleb128 0x13
 494 0077 02       		.uleb128 0x2
 495 0078 18       		.uleb128 0x18
 496 0079 00       		.byte	0
 497 007a 00       		.byte	0
 498 007b 09       		.uleb128 0x9
 499 007c 34       		.uleb128 0x34
 500 007d 00       		.byte	0
 501 007e 03       		.uleb128 0x3
 502 007f 0E       		.uleb128 0xe
 503 0080 3A       		.uleb128 0x3a
 504 0081 0B       		.uleb128 0xb
 505 0082 3B       		.uleb128 0x3b
 506 0083 0B       		.uleb128 0xb
 507 0084 49       		.uleb128 0x49
 508 0085 13       		.uleb128 0x13
 509 0086 02       		.uleb128 0x2
 510 0087 17       		.uleb128 0x17
 511 0088 00       		.byte	0
 512 0089 00       		.byte	0
 513 008a 0A       		.uleb128 0xa
 514 008b 0F       		.uleb128 0xf
 515 008c 00       		.byte	0
 516 008d 0B       		.uleb128 0xb
 517 008e 0B       		.uleb128 0xb
 518 008f 49       		.uleb128 0x49
 519 0090 13       		.uleb128 0x13
 520 0091 00       		.byte	0
 521 0092 00       		.byte	0
 522 0093 0B       		.uleb128 0xb
 523 0094 26       		.uleb128 0x26
ARM GAS  C:\Users\IVYLIU~1\AppData\Local\Temp\cc3S6Fs0.s 			page 14


 524 0095 00       		.byte	0
 525 0096 49       		.uleb128 0x49
 526 0097 13       		.uleb128 0x13
 527 0098 00       		.byte	0
 528 0099 00       		.byte	0
 529 009a 0C       		.uleb128 0xc
 530 009b 34       		.uleb128 0x34
 531 009c 00       		.byte	0
 532 009d 03       		.uleb128 0x3
 533 009e 0E       		.uleb128 0xe
 534 009f 3A       		.uleb128 0x3a
 535 00a0 0B       		.uleb128 0xb
 536 00a1 3B       		.uleb128 0x3b
 537 00a2 0B       		.uleb128 0xb
 538 00a3 49       		.uleb128 0x49
 539 00a4 13       		.uleb128 0x13
 540 00a5 3F       		.uleb128 0x3f
 541 00a6 19       		.uleb128 0x19
 542 00a7 3C       		.uleb128 0x3c
 543 00a8 19       		.uleb128 0x19
 544 00a9 00       		.byte	0
 545 00aa 00       		.byte	0
 546 00ab 0D       		.uleb128 0xd
 547 00ac 13       		.uleb128 0x13
 548 00ad 01       		.byte	0x1
 549 00ae 0B       		.uleb128 0xb
 550 00af 0B       		.uleb128 0xb
 551 00b0 3A       		.uleb128 0x3a
 552 00b1 0B       		.uleb128 0xb
 553 00b2 3B       		.uleb128 0x3b
 554 00b3 0B       		.uleb128 0xb
 555 00b4 01       		.uleb128 0x1
 556 00b5 13       		.uleb128 0x13
 557 00b6 00       		.byte	0
 558 00b7 00       		.byte	0
 559 00b8 0E       		.uleb128 0xe
 560 00b9 0D       		.uleb128 0xd
 561 00ba 00       		.byte	0
 562 00bb 03       		.uleb128 0x3
 563 00bc 0E       		.uleb128 0xe
 564 00bd 3A       		.uleb128 0x3a
 565 00be 0B       		.uleb128 0xb
 566 00bf 3B       		.uleb128 0x3b
 567 00c0 0B       		.uleb128 0xb
 568 00c1 49       		.uleb128 0x49
 569 00c2 13       		.uleb128 0x13
 570 00c3 38       		.uleb128 0x38
 571 00c4 0B       		.uleb128 0xb
 572 00c5 00       		.byte	0
 573 00c6 00       		.byte	0
 574 00c7 0F       		.uleb128 0xf
 575 00c8 13       		.uleb128 0x13
 576 00c9 01       		.byte	0x1
 577 00ca 0B       		.uleb128 0xb
 578 00cb 0B       		.uleb128 0xb
 579 00cc 3A       		.uleb128 0x3a
 580 00cd 0B       		.uleb128 0xb
ARM GAS  C:\Users\IVYLIU~1\AppData\Local\Temp\cc3S6Fs0.s 			page 15


 581 00ce 3B       		.uleb128 0x3b
 582 00cf 0B       		.uleb128 0xb
 583 00d0 00       		.byte	0
 584 00d1 00       		.byte	0
 585 00d2 10       		.uleb128 0x10
 586 00d3 0D       		.uleb128 0xd
 587 00d4 00       		.byte	0
 588 00d5 03       		.uleb128 0x3
 589 00d6 08       		.uleb128 0x8
 590 00d7 3A       		.uleb128 0x3a
 591 00d8 0B       		.uleb128 0xb
 592 00d9 3B       		.uleb128 0x3b
 593 00da 0B       		.uleb128 0xb
 594 00db 49       		.uleb128 0x49
 595 00dc 13       		.uleb128 0x13
 596 00dd 38       		.uleb128 0x38
 597 00de 0B       		.uleb128 0xb
 598 00df 00       		.byte	0
 599 00e0 00       		.byte	0
 600 00e1 00       		.byte	0
 601              		.section	.debug_loc,"",%progbits
 602              	.Ldebug_loc0:
 603              	.LLST0:
 604 0000 00000000 		.4byte	.LVL0
 605 0004 06000000 		.4byte	.LVL2
 606 0008 0100     		.2byte	0x1
 607 000a 50       		.byte	0x50
 608 000b 06000000 		.4byte	.LVL2
 609 000f 08000000 		.4byte	.LVL3
 610 0013 0300     		.2byte	0x3
 611 0015 70       		.byte	0x70
 612 0016 02       		.sleb128 2
 613 0017 9F       		.byte	0x9f
 614 0018 08000000 		.4byte	.LVL3
 615 001c 14000000 		.4byte	.LVL5
 616 0020 0100     		.2byte	0x1
 617 0022 50       		.byte	0x50
 618 0023 14000000 		.4byte	.LVL5
 619 0027 2E000000 		.4byte	.LVL12
 620 002b 0300     		.2byte	0x3
 621 002d 74       		.byte	0x74
 622 002e 7C       		.sleb128 -4
 623 002f 9F       		.byte	0x9f
 624 0030 2E000000 		.4byte	.LVL12
 625 0034 36000000 		.4byte	.LFE84
 626 0038 0100     		.2byte	0x1
 627 003a 50       		.byte	0x50
 628 003b 00000000 		.4byte	0
 629 003f 00000000 		.4byte	0
 630              	.LLST1:
 631 0043 00000000 		.4byte	.LVL0
 632 0047 06000000 		.4byte	.LVL2
 633 004b 0100     		.2byte	0x1
 634 004d 51       		.byte	0x51
 635 004e 06000000 		.4byte	.LVL2
 636 0052 18000000 		.4byte	.LVL6
 637 0056 0100     		.2byte	0x1
ARM GAS  C:\Users\IVYLIU~1\AppData\Local\Temp\cc3S6Fs0.s 			page 16


 638 0058 55       		.byte	0x55
 639 0059 18000000 		.4byte	.LVL6
 640 005d 2C000000 		.4byte	.LVL11
 641 0061 0300     		.2byte	0x3
 642 0063 75       		.byte	0x75
 643 0064 02       		.sleb128 2
 644 0065 9F       		.byte	0x9f
 645 0066 2C000000 		.4byte	.LVL11
 646 006a 34000000 		.4byte	.LVL13
 647 006e 0100     		.2byte	0x1
 648 0070 55       		.byte	0x55
 649 0071 00000000 		.4byte	0
 650 0075 00000000 		.4byte	0
 651              	.LLST2:
 652 0079 00000000 		.4byte	.LVL0
 653 007d 06000000 		.4byte	.LVL2
 654 0081 0100     		.2byte	0x1
 655 0083 52       		.byte	0x52
 656 0084 06000000 		.4byte	.LVL2
 657 0088 36000000 		.4byte	.LFE84
 658 008c 0400     		.2byte	0x4
 659 008e F3       		.byte	0xf3
 660 008f 01       		.uleb128 0x1
 661 0090 52       		.byte	0x52
 662 0091 9F       		.byte	0x9f
 663 0092 00000000 		.4byte	0
 664 0096 00000000 		.4byte	0
 665              	.LLST3:
 666 009a 08000000 		.4byte	.LVL3
 667 009e 14000000 		.4byte	.LVL5
 668 00a2 0200     		.2byte	0x2
 669 00a4 70       		.byte	0x70
 670 00a5 00       		.sleb128 0
 671 00a6 14000000 		.4byte	.LVL5
 672 00aa 28000000 		.4byte	.LVL9
 673 00ae 0200     		.2byte	0x2
 674 00b0 74       		.byte	0x74
 675 00b1 7C       		.sleb128 -4
 676 00b2 00000000 		.4byte	0
 677 00b6 00000000 		.4byte	0
 678              	.LLST4:
 679 00ba 08000000 		.4byte	.LVL3
 680 00be 14000000 		.4byte	.LVL5
 681 00c2 0200     		.2byte	0x2
 682 00c4 70       		.byte	0x70
 683 00c5 02       		.sleb128 2
 684 00c6 14000000 		.4byte	.LVL5
 685 00ca 28000000 		.4byte	.LVL9
 686 00ce 0200     		.2byte	0x2
 687 00d0 74       		.byte	0x74
 688 00d1 7E       		.sleb128 -2
 689 00d2 00000000 		.4byte	0
 690 00d6 00000000 		.4byte	0
 691              	.LLST5:
 692 00da 10000000 		.4byte	.LVL4
 693 00de 22000000 		.4byte	.LVL8
 694 00e2 0100     		.2byte	0x1
ARM GAS  C:\Users\IVYLIU~1\AppData\Local\Temp\cc3S6Fs0.s 			page 17


 695 00e4 53       		.byte	0x53
 696 00e5 22000000 		.4byte	.LVL8
 697 00e9 28000000 		.4byte	.LVL9
 698 00ed 1200     		.2byte	0x12
 699 00ef 74       		.byte	0x74
 700 00f0 7C       		.sleb128 -4
 701 00f1 94       		.byte	0x94
 702 00f2 02       		.byte	0x2
 703 00f3 40       		.byte	0x40
 704 00f4 24       		.byte	0x24
 705 00f5 40       		.byte	0x40
 706 00f6 26       		.byte	0x26
 707 00f7 74       		.byte	0x74
 708 00f8 7C       		.sleb128 -4
 709 00f9 94       		.byte	0x94
 710 00fa 02       		.byte	0x2
 711 00fb 40       		.byte	0x40
 712 00fc 24       		.byte	0x24
 713 00fd 40       		.byte	0x40
 714 00fe 26       		.byte	0x26
 715 00ff 1E       		.byte	0x1e
 716 0100 9F       		.byte	0x9f
 717 0101 00000000 		.4byte	0
 718 0105 00000000 		.4byte	0
 719              	.LLST6:
 720 0109 18000000 		.4byte	.LVL6
 721 010d 1C000000 		.4byte	.LVL7
 722 0111 0100     		.2byte	0x1
 723 0113 50       		.byte	0x50
 724 0114 1C000000 		.4byte	.LVL7
 725 0118 28000000 		.4byte	.LVL9
 726 011c 1200     		.2byte	0x12
 727 011e 74       		.byte	0x74
 728 011f 7E       		.sleb128 -2
 729 0120 94       		.byte	0x94
 730 0121 02       		.byte	0x2
 731 0122 40       		.byte	0x40
 732 0123 24       		.byte	0x24
 733 0124 40       		.byte	0x40
 734 0125 26       		.byte	0x26
 735 0126 74       		.byte	0x74
 736 0127 7E       		.sleb128 -2
 737 0128 94       		.byte	0x94
 738 0129 02       		.byte	0x2
 739 012a 40       		.byte	0x40
 740 012b 24       		.byte	0x24
 741 012c 40       		.byte	0x40
 742 012d 26       		.byte	0x26
 743 012e 1E       		.byte	0x1e
 744 012f 9F       		.byte	0x9f
 745 0130 00000000 		.4byte	0
 746 0134 00000000 		.4byte	0
 747              		.section	.debug_aranges,"",%progbits
 748 0000 1C000000 		.4byte	0x1c
 749 0004 0200     		.2byte	0x2
 750 0006 00000000 		.4byte	.Ldebug_info0
 751 000a 04       		.byte	0x4
ARM GAS  C:\Users\IVYLIU~1\AppData\Local\Temp\cc3S6Fs0.s 			page 18


 752 000b 00       		.byte	0
 753 000c 0000     		.2byte	0
 754 000e 0000     		.2byte	0
 755 0010 00000000 		.4byte	.LFB84
 756 0014 36000000 		.4byte	.LFE84-.LFB84
 757 0018 00000000 		.4byte	0
 758 001c 00000000 		.4byte	0
 759              		.section	.debug_ranges,"",%progbits
 760              	.Ldebug_ranges0:
 761 0000 00000000 		.4byte	.LFB84
 762 0004 36000000 		.4byte	.LFE84
 763 0008 00000000 		.4byte	0
 764 000c 00000000 		.4byte	0
 765              		.section	.debug_line,"",%progbits
 766              	.Ldebug_line0:
 767 0000 B5010000 		.section	.debug_str,"MS",%progbits,1
 767      02008C01 
 767      00000201 
 767      FB0E0D00 
 767      01010101 
 768              	.LASF38:
 769 0000 5F5F7A65 		.ascii	"__zero_table_end__\000"
 769      726F5F74 
 769      61626C65 
 769      5F656E64 
 769      5F5F00
 770              	.LASF16:
 771 0013 696E7436 		.ascii	"int64_t\000"
 771      345F7400 
 772              	.LASF33:
 773 001b 5F5F636F 		.ascii	"__copy_table_t\000"
 773      70795F74 
 773      61626C65 
 773      5F7400
 774              	.LASF4:
 775 002a 5F5F696E 		.ascii	"__int16_t\000"
 775      7431365F 
 775      7400
 776              	.LASF5:
 777 0034 5F5F696E 		.ascii	"__int32_t\000"
 777      7433325F 
 777      7400
 778              	.LASF36:
 779 003e 5F5F7A65 		.ascii	"__zero_table_t\000"
 779      726F5F74 
 779      61626C65 
 779      5F7400
 780              	.LASF22:
 781 004d 7131355F 		.ascii	"q15_t\000"
 781      7400
 782              	.LASF20:
 783 0053 666C6F61 		.ascii	"float\000"
 783      7400
 784              	.LASF39:
 785 0059 64657374 		.ascii	"dest\000"
 785      00
 786              	.LASF23:
ARM GAS  C:\Users\IVYLIU~1\AppData\Local\Temp\cc3S6Fs0.s 			page 19


 787 005e 7133315F 		.ascii	"q31_t\000"
 787      7400
 788              	.LASF1:
 789 0064 756E7369 		.ascii	"unsigned char\000"
 789      676E6564 
 789      20636861 
 789      7200
 790              	.LASF28:
 791 0072 626C6B43 		.ascii	"blkCnt\000"
 791      6E7400
 792              	.LASF35:
 793 0079 5F5F636F 		.ascii	"__copy_table_end__\000"
 793      70795F74 
 793      61626C65 
 793      5F656E64 
 793      5F5F00
 794              	.LASF42:
 795 008c 2E5C4453 		.ascii	".\\DSP\\Source\\ComplexMathFunctions\\arm_cmplx_mag"
 795      505C536F 
 795      75726365 
 795      5C436F6D 
 795      706C6578 
 796 00bb 5F737175 		.ascii	"_squared_q15.c\000"
 796      61726564 
 796      5F713135 
 796      2E6300
 797              	.LASF8:
 798 00ca 6C6F6E67 		.ascii	"long unsigned int\000"
 798      20756E73 
 798      69676E65 
 798      6420696E 
 798      7400
 799              	.LASF3:
 800 00dc 73686F72 		.ascii	"short unsigned int\000"
 800      7420756E 
 800      7369676E 
 800      65642069 
 800      6E7400
 801              	.LASF26:
 802 00ef 70447374 		.ascii	"pDst\000"
 802      00
 803              	.LASF9:
 804 00f4 5F5F696E 		.ascii	"__int64_t\000"
 804      7436345F 
 804      7400
 805              	.LASF19:
 806 00fe 646F7562 		.ascii	"double\000"
 806      6C6500
 807              	.LASF7:
 808 0105 5F5F7569 		.ascii	"__uint32_t\000"
 808      6E743332 
 808      5F7400
 809              	.LASF30:
 810 0110 696D6167 		.ascii	"imag\000"
 810      00
 811              	.LASF12:
 812 0115 756E7369 		.ascii	"unsigned int\000"
ARM GAS  C:\Users\IVYLIU~1\AppData\Local\Temp\cc3S6Fs0.s 			page 20


 812      676E6564 
 812      20696E74 
 812      00
 813              	.LASF29:
 814 0122 7265616C 		.ascii	"real\000"
 814      00
 815              	.LASF44:
 816 0127 61726D5F 		.ascii	"arm_cmplx_mag_squared_q15\000"
 816      636D706C 
 816      785F6D61 
 816      675F7371 
 816      75617265 
 817              	.LASF11:
 818 0141 6C6F6E67 		.ascii	"long long unsigned int\000"
 818      206C6F6E 
 818      6720756E 
 818      7369676E 
 818      65642069 
 819              	.LASF24:
 820 0158 7136335F 		.ascii	"q63_t\000"
 820      7400
 821              	.LASF13:
 822 015e 696E7431 		.ascii	"int16_t\000"
 822      365F7400 
 823              	.LASF14:
 824 0166 696E7433 		.ascii	"int32_t\000"
 824      325F7400 
 825              	.LASF17:
 826 016e 73697A65 		.ascii	"sizetype\000"
 826      74797065 
 826      00
 827              	.LASF10:
 828 0177 6C6F6E67 		.ascii	"long long int\000"
 828      206C6F6E 
 828      6720696E 
 828      7400
 829              	.LASF18:
 830 0185 63686172 		.ascii	"char\000"
 830      00
 831              	.LASF43:
 832 018a 5C5C766D 		.ascii	"\\\\vmware-host\\Shared Folders\\Documents\\PSoC Cr"
 832      77617265 
 832      2D686F73 
 832      745C5368 
 832      61726564 
 833 01b8 6561746F 		.ascii	"eator\\FinalProject\\SoundDetection.cydsn\000"
 833      725C4669 
 833      6E616C50 
 833      726F6A65 
 833      63745C53 
 834              	.LASF40:
 835 01e0 776C656E 		.ascii	"wlen\000"
 835      00
 836              	.LASF2:
 837 01e5 73686F72 		.ascii	"short int\000"
 837      7420696E 
 837      7400
ARM GAS  C:\Users\IVYLIU~1\AppData\Local\Temp\cc3S6Fs0.s 			page 21


 838              	.LASF41:
 839 01ef 474E5520 		.ascii	"GNU C 4.9.3 20150303 (release) [ARM/embedded-4_9-br"
 839      4320342E 
 839      392E3320 
 839      32303135 
 839      30333033 
 840 0222 616E6368 		.ascii	"anch revision 221220] -mcpu=cortex-m3 -mthumb -g -O"
 840      20726576 
 840      6973696F 
 840      6E203232 
 840      31323230 
 841 0255 67202D73 		.ascii	"g -std=gnu99 -ffunction-sections -ffat-lto-objects\000"
 841      74643D67 
 841      6E753939 
 841      202D6666 
 841      756E6374 
 842              	.LASF15:
 843 0288 75696E74 		.ascii	"uint32_t\000"
 843      33325F74 
 843      00
 844              	.LASF6:
 845 0291 6C6F6E67 		.ascii	"long int\000"
 845      20696E74 
 845      00
 846              	.LASF21:
 847 029a 6C6F6E67 		.ascii	"long double\000"
 847      20646F75 
 847      626C6500 
 848              	.LASF37:
 849 02a6 5F5F7A65 		.ascii	"__zero_table_start__\000"
 849      726F5F74 
 849      61626C65 
 849      5F737461 
 849      72745F5F 
 850              	.LASF0:
 851 02bb 7369676E 		.ascii	"signed char\000"
 851      65642063 
 851      68617200 
 852              	.LASF25:
 853 02c7 70537263 		.ascii	"pSrc\000"
 853      00
 854              	.LASF27:
 855 02cc 6E756D53 		.ascii	"numSamples\000"
 855      616D706C 
 855      657300
 856              	.LASF34:
 857 02d7 5F5F636F 		.ascii	"__copy_table_start__\000"
 857      70795F74 
 857      61626C65 
 857      5F737461 
 857      72745F5F 
 858              	.LASF31:
 859 02ec 61636330 		.ascii	"acc0\000"
 859      00
 860              	.LASF32:
 861 02f1 61636331 		.ascii	"acc1\000"
 861      00
ARM GAS  C:\Users\IVYLIU~1\AppData\Local\Temp\cc3S6Fs0.s 			page 22


 862              		.ident	"GCC: (GNU Tools for ARM Embedded Processors) 4.9.3 20150303 (release) [ARM/embedded-4_9-br
