ARM GAS  C:\Users\IVYLIU~1\AppData\Local\Temp\ccheDygg.s 			page 1


   1              		.syntax unified
   2              		.cpu cortex-m3
   3              		.fpu softvfp
   4              		.eabi_attribute 20, 1
   5              		.eabi_attribute 21, 1
   6              		.eabi_attribute 23, 3
   7              		.eabi_attribute 24, 1
   8              		.eabi_attribute 25, 1
   9              		.eabi_attribute 26, 1
  10              		.eabi_attribute 30, 1
  11              		.eabi_attribute 34, 1
  12              		.eabi_attribute 18, 4
  13              		.thumb
  14              		.file	"arm_negate_f32.c"
  15              		.text
  16              	.Ltext0:
  17              		.cfi_sections	.debug_frame
  18              		.section	.text.arm_negate_f32,"ax",%progbits
  19              		.align	2
  20              		.global	arm_negate_f32
  21              		.thumb
  22              		.thumb_func
  23              		.type	arm_negate_f32, %function
  24              	arm_negate_f32:
  25              	.LFB83:
  26              		.file 1 ".\\DSP\\Source\\BasicMathFunctions\\arm_negate_f32.c"
   1:.\DSP\Source\BasicMathFunctions/arm_negate_f32.c **** /* ----------------------------------------------------------------------
   2:.\DSP\Source\BasicMathFunctions/arm_negate_f32.c ****  * Project:      CMSIS DSP Library
   3:.\DSP\Source\BasicMathFunctions/arm_negate_f32.c ****  * Title:        arm_negate_f32.c
   4:.\DSP\Source\BasicMathFunctions/arm_negate_f32.c ****  * Description:  Negates floating-point vectors
   5:.\DSP\Source\BasicMathFunctions/arm_negate_f32.c ****  *
   6:.\DSP\Source\BasicMathFunctions/arm_negate_f32.c ****  * $Date:        23 April 2021
   7:.\DSP\Source\BasicMathFunctions/arm_negate_f32.c ****  * $Revision:    V1.9.0
   8:.\DSP\Source\BasicMathFunctions/arm_negate_f32.c ****  *
   9:.\DSP\Source\BasicMathFunctions/arm_negate_f32.c ****  * Target Processor: Cortex-M and Cortex-A cores
  10:.\DSP\Source\BasicMathFunctions/arm_negate_f32.c ****  * -------------------------------------------------------------------- */
  11:.\DSP\Source\BasicMathFunctions/arm_negate_f32.c **** /*
  12:.\DSP\Source\BasicMathFunctions/arm_negate_f32.c ****  * Copyright (C) 2010-2021 ARM Limited or its affiliates. All rights reserved.
  13:.\DSP\Source\BasicMathFunctions/arm_negate_f32.c ****  *
  14:.\DSP\Source\BasicMathFunctions/arm_negate_f32.c ****  * SPDX-License-Identifier: Apache-2.0
  15:.\DSP\Source\BasicMathFunctions/arm_negate_f32.c ****  *
  16:.\DSP\Source\BasicMathFunctions/arm_negate_f32.c ****  * Licensed under the Apache License, Version 2.0 (the License); you may
  17:.\DSP\Source\BasicMathFunctions/arm_negate_f32.c ****  * not use this file except in compliance with the License.
  18:.\DSP\Source\BasicMathFunctions/arm_negate_f32.c ****  * You may obtain a copy of the License at
  19:.\DSP\Source\BasicMathFunctions/arm_negate_f32.c ****  *
  20:.\DSP\Source\BasicMathFunctions/arm_negate_f32.c ****  * www.apache.org/licenses/LICENSE-2.0
  21:.\DSP\Source\BasicMathFunctions/arm_negate_f32.c ****  *
  22:.\DSP\Source\BasicMathFunctions/arm_negate_f32.c ****  * Unless required by applicable law or agreed to in writing, software
  23:.\DSP\Source\BasicMathFunctions/arm_negate_f32.c ****  * distributed under the License is distributed on an AS IS BASIS, WITHOUT
  24:.\DSP\Source\BasicMathFunctions/arm_negate_f32.c ****  * WARRANTIES OR CONDITIONS OF ANY KIND, either express or implied.
  25:.\DSP\Source\BasicMathFunctions/arm_negate_f32.c ****  * See the License for the specific language governing permissions and
  26:.\DSP\Source\BasicMathFunctions/arm_negate_f32.c ****  * limitations under the License.
  27:.\DSP\Source\BasicMathFunctions/arm_negate_f32.c ****  */
  28:.\DSP\Source\BasicMathFunctions/arm_negate_f32.c **** 
  29:.\DSP\Source\BasicMathFunctions/arm_negate_f32.c **** #include "dsp/basic_math_functions.h"
  30:.\DSP\Source\BasicMathFunctions/arm_negate_f32.c **** 
  31:.\DSP\Source\BasicMathFunctions/arm_negate_f32.c **** /**
ARM GAS  C:\Users\IVYLIU~1\AppData\Local\Temp\ccheDygg.s 			page 2


  32:.\DSP\Source\BasicMathFunctions/arm_negate_f32.c ****   @ingroup groupMath
  33:.\DSP\Source\BasicMathFunctions/arm_negate_f32.c ****  */
  34:.\DSP\Source\BasicMathFunctions/arm_negate_f32.c **** 
  35:.\DSP\Source\BasicMathFunctions/arm_negate_f32.c **** /**
  36:.\DSP\Source\BasicMathFunctions/arm_negate_f32.c ****   @defgroup BasicNegate Vector Negate
  37:.\DSP\Source\BasicMathFunctions/arm_negate_f32.c **** 
  38:.\DSP\Source\BasicMathFunctions/arm_negate_f32.c ****   Negates the elements of a vector.
  39:.\DSP\Source\BasicMathFunctions/arm_negate_f32.c **** 
  40:.\DSP\Source\BasicMathFunctions/arm_negate_f32.c ****   <pre>
  41:.\DSP\Source\BasicMathFunctions/arm_negate_f32.c ****       pDst[n] = -pSrc[n],   0 <= n < blockSize.
  42:.\DSP\Source\BasicMathFunctions/arm_negate_f32.c ****   </pre>
  43:.\DSP\Source\BasicMathFunctions/arm_negate_f32.c **** 
  44:.\DSP\Source\BasicMathFunctions/arm_negate_f32.c ****   The functions support in-place computation allowing the source and
  45:.\DSP\Source\BasicMathFunctions/arm_negate_f32.c ****   destination pointers to reference the same memory buffer.
  46:.\DSP\Source\BasicMathFunctions/arm_negate_f32.c ****   There are separate functions for floating-point, Q7, Q15, and Q31 data types.
  47:.\DSP\Source\BasicMathFunctions/arm_negate_f32.c ****  */
  48:.\DSP\Source\BasicMathFunctions/arm_negate_f32.c **** 
  49:.\DSP\Source\BasicMathFunctions/arm_negate_f32.c **** /**
  50:.\DSP\Source\BasicMathFunctions/arm_negate_f32.c ****   @addtogroup BasicNegate
  51:.\DSP\Source\BasicMathFunctions/arm_negate_f32.c ****   @{
  52:.\DSP\Source\BasicMathFunctions/arm_negate_f32.c ****  */
  53:.\DSP\Source\BasicMathFunctions/arm_negate_f32.c **** 
  54:.\DSP\Source\BasicMathFunctions/arm_negate_f32.c **** /**
  55:.\DSP\Source\BasicMathFunctions/arm_negate_f32.c ****   @brief         Negates the elements of a floating-point vector.
  56:.\DSP\Source\BasicMathFunctions/arm_negate_f32.c ****   @param[in]     pSrc       points to input vector.
  57:.\DSP\Source\BasicMathFunctions/arm_negate_f32.c ****   @param[out]    pDst       points to output vector.
  58:.\DSP\Source\BasicMathFunctions/arm_negate_f32.c ****   @param[in]     blockSize  number of samples in each vector.
  59:.\DSP\Source\BasicMathFunctions/arm_negate_f32.c ****   @return        none
  60:.\DSP\Source\BasicMathFunctions/arm_negate_f32.c ****  */
  61:.\DSP\Source\BasicMathFunctions/arm_negate_f32.c **** 
  62:.\DSP\Source\BasicMathFunctions/arm_negate_f32.c **** #if defined(ARM_MATH_MVEF) && !defined(ARM_MATH_AUTOVECTORIZE)
  63:.\DSP\Source\BasicMathFunctions/arm_negate_f32.c **** 
  64:.\DSP\Source\BasicMathFunctions/arm_negate_f32.c **** #include "arm_helium_utils.h"
  65:.\DSP\Source\BasicMathFunctions/arm_negate_f32.c **** 
  66:.\DSP\Source\BasicMathFunctions/arm_negate_f32.c **** void arm_negate_f32(
  67:.\DSP\Source\BasicMathFunctions/arm_negate_f32.c ****   const float32_t * pSrc,
  68:.\DSP\Source\BasicMathFunctions/arm_negate_f32.c ****         float32_t * pDst,
  69:.\DSP\Source\BasicMathFunctions/arm_negate_f32.c ****         uint32_t blockSize)
  70:.\DSP\Source\BasicMathFunctions/arm_negate_f32.c **** {
  71:.\DSP\Source\BasicMathFunctions/arm_negate_f32.c ****     uint32_t blkCnt;                               /* Loop counter */
  72:.\DSP\Source\BasicMathFunctions/arm_negate_f32.c ****     f32x4_t vec1;
  73:.\DSP\Source\BasicMathFunctions/arm_negate_f32.c ****     f32x4_t res;
  74:.\DSP\Source\BasicMathFunctions/arm_negate_f32.c **** 
  75:.\DSP\Source\BasicMathFunctions/arm_negate_f32.c **** 
  76:.\DSP\Source\BasicMathFunctions/arm_negate_f32.c ****     /* Compute 4 outputs at a time */
  77:.\DSP\Source\BasicMathFunctions/arm_negate_f32.c ****     blkCnt = blockSize >> 2U;
  78:.\DSP\Source\BasicMathFunctions/arm_negate_f32.c ****     while (blkCnt > 0U)
  79:.\DSP\Source\BasicMathFunctions/arm_negate_f32.c ****     {
  80:.\DSP\Source\BasicMathFunctions/arm_negate_f32.c ****         /* C = |A| */
  81:.\DSP\Source\BasicMathFunctions/arm_negate_f32.c **** 
  82:.\DSP\Source\BasicMathFunctions/arm_negate_f32.c ****         /* Calculate absolute values and then store the results in the destination buffer. */
  83:.\DSP\Source\BasicMathFunctions/arm_negate_f32.c ****         vec1 = vld1q(pSrc);
  84:.\DSP\Source\BasicMathFunctions/arm_negate_f32.c ****         res = vnegq(vec1);
  85:.\DSP\Source\BasicMathFunctions/arm_negate_f32.c ****         vst1q(pDst, res);
  86:.\DSP\Source\BasicMathFunctions/arm_negate_f32.c **** 
  87:.\DSP\Source\BasicMathFunctions/arm_negate_f32.c ****         /* Increment pointers */
  88:.\DSP\Source\BasicMathFunctions/arm_negate_f32.c ****         pSrc += 4;
ARM GAS  C:\Users\IVYLIU~1\AppData\Local\Temp\ccheDygg.s 			page 3


  89:.\DSP\Source\BasicMathFunctions/arm_negate_f32.c ****         pDst += 4;
  90:.\DSP\Source\BasicMathFunctions/arm_negate_f32.c ****         
  91:.\DSP\Source\BasicMathFunctions/arm_negate_f32.c ****         /* Decrement the loop counter */
  92:.\DSP\Source\BasicMathFunctions/arm_negate_f32.c ****         blkCnt--;
  93:.\DSP\Source\BasicMathFunctions/arm_negate_f32.c ****     }
  94:.\DSP\Source\BasicMathFunctions/arm_negate_f32.c **** 
  95:.\DSP\Source\BasicMathFunctions/arm_negate_f32.c ****     /* Tail */
  96:.\DSP\Source\BasicMathFunctions/arm_negate_f32.c ****     blkCnt = blockSize & 0x3;
  97:.\DSP\Source\BasicMathFunctions/arm_negate_f32.c ****     if (blkCnt > 0U)
  98:.\DSP\Source\BasicMathFunctions/arm_negate_f32.c ****     {
  99:.\DSP\Source\BasicMathFunctions/arm_negate_f32.c ****       /* C = |A| */
 100:.\DSP\Source\BasicMathFunctions/arm_negate_f32.c ****       mve_pred16_t p0 = vctp32q(blkCnt);
 101:.\DSP\Source\BasicMathFunctions/arm_negate_f32.c ****       vec1 = vld1q((float32_t const *) pSrc);
 102:.\DSP\Source\BasicMathFunctions/arm_negate_f32.c ****       vstrwq_p(pDst, vnegq(vec1), p0);
 103:.\DSP\Source\BasicMathFunctions/arm_negate_f32.c ****     }
 104:.\DSP\Source\BasicMathFunctions/arm_negate_f32.c **** 
 105:.\DSP\Source\BasicMathFunctions/arm_negate_f32.c **** }
 106:.\DSP\Source\BasicMathFunctions/arm_negate_f32.c **** 
 107:.\DSP\Source\BasicMathFunctions/arm_negate_f32.c **** #else
 108:.\DSP\Source\BasicMathFunctions/arm_negate_f32.c **** void arm_negate_f32(
 109:.\DSP\Source\BasicMathFunctions/arm_negate_f32.c ****   const float32_t * pSrc,
 110:.\DSP\Source\BasicMathFunctions/arm_negate_f32.c ****         float32_t * pDst,
 111:.\DSP\Source\BasicMathFunctions/arm_negate_f32.c ****         uint32_t blockSize)
 112:.\DSP\Source\BasicMathFunctions/arm_negate_f32.c **** {
  27              		.loc 1 112 0
  28              		.cfi_startproc
  29              		@ args = 0, pretend = 0, frame = 0
  30              		@ frame_needed = 0, uses_anonymous_args = 0
  31              		@ link register save eliminated.
  32              	.LVL0:
 113:.\DSP\Source\BasicMathFunctions/arm_negate_f32.c ****         uint32_t blkCnt;                               /* Loop counter */
 114:.\DSP\Source\BasicMathFunctions/arm_negate_f32.c **** 
 115:.\DSP\Source\BasicMathFunctions/arm_negate_f32.c **** #if defined(ARM_MATH_NEON_EXPERIMENTAL) && !defined(ARM_MATH_AUTOVECTORIZE)
 116:.\DSP\Source\BasicMathFunctions/arm_negate_f32.c ****     f32x4_t vec1;
 117:.\DSP\Source\BasicMathFunctions/arm_negate_f32.c ****     f32x4_t res;
 118:.\DSP\Source\BasicMathFunctions/arm_negate_f32.c **** 
 119:.\DSP\Source\BasicMathFunctions/arm_negate_f32.c ****     /* Compute 4 outputs at a time */
 120:.\DSP\Source\BasicMathFunctions/arm_negate_f32.c ****     blkCnt = blockSize >> 2U;
 121:.\DSP\Source\BasicMathFunctions/arm_negate_f32.c **** 
 122:.\DSP\Source\BasicMathFunctions/arm_negate_f32.c ****     while (blkCnt > 0U)
 123:.\DSP\Source\BasicMathFunctions/arm_negate_f32.c ****     {
 124:.\DSP\Source\BasicMathFunctions/arm_negate_f32.c ****         /* C = -A */
 125:.\DSP\Source\BasicMathFunctions/arm_negate_f32.c **** 
 126:.\DSP\Source\BasicMathFunctions/arm_negate_f32.c ****     	/* Negate and then store the results in the destination buffer. */
 127:.\DSP\Source\BasicMathFunctions/arm_negate_f32.c ****         vec1 = vld1q_f32(pSrc);
 128:.\DSP\Source\BasicMathFunctions/arm_negate_f32.c ****         res = vnegq_f32(vec1);
 129:.\DSP\Source\BasicMathFunctions/arm_negate_f32.c ****         vst1q_f32(pDst, res);
 130:.\DSP\Source\BasicMathFunctions/arm_negate_f32.c **** 
 131:.\DSP\Source\BasicMathFunctions/arm_negate_f32.c ****         /* Increment pointers */
 132:.\DSP\Source\BasicMathFunctions/arm_negate_f32.c ****         pSrc += 4;
 133:.\DSP\Source\BasicMathFunctions/arm_negate_f32.c ****         pDst += 4;
 134:.\DSP\Source\BasicMathFunctions/arm_negate_f32.c ****         
 135:.\DSP\Source\BasicMathFunctions/arm_negate_f32.c ****         /* Decrement the loop counter */
 136:.\DSP\Source\BasicMathFunctions/arm_negate_f32.c ****         blkCnt--;
 137:.\DSP\Source\BasicMathFunctions/arm_negate_f32.c ****     }
 138:.\DSP\Source\BasicMathFunctions/arm_negate_f32.c **** 
 139:.\DSP\Source\BasicMathFunctions/arm_negate_f32.c ****     /* Tail */
ARM GAS  C:\Users\IVYLIU~1\AppData\Local\Temp\ccheDygg.s 			page 4


 140:.\DSP\Source\BasicMathFunctions/arm_negate_f32.c ****     blkCnt = blockSize & 0x3;
 141:.\DSP\Source\BasicMathFunctions/arm_negate_f32.c **** 
 142:.\DSP\Source\BasicMathFunctions/arm_negate_f32.c **** #else
 143:.\DSP\Source\BasicMathFunctions/arm_negate_f32.c **** #if defined (ARM_MATH_LOOPUNROLL) && !defined(ARM_MATH_AUTOVECTORIZE)
 144:.\DSP\Source\BasicMathFunctions/arm_negate_f32.c **** 
 145:.\DSP\Source\BasicMathFunctions/arm_negate_f32.c ****   /* Loop unrolling: Compute 4 outputs at a time */
 146:.\DSP\Source\BasicMathFunctions/arm_negate_f32.c ****   blkCnt = blockSize >> 2U;
 147:.\DSP\Source\BasicMathFunctions/arm_negate_f32.c **** 
 148:.\DSP\Source\BasicMathFunctions/arm_negate_f32.c ****   while (blkCnt > 0U)
 149:.\DSP\Source\BasicMathFunctions/arm_negate_f32.c ****   {
 150:.\DSP\Source\BasicMathFunctions/arm_negate_f32.c ****     /* C = -A */
 151:.\DSP\Source\BasicMathFunctions/arm_negate_f32.c **** 
 152:.\DSP\Source\BasicMathFunctions/arm_negate_f32.c ****     /* Negate and store result in destination buffer. */
 153:.\DSP\Source\BasicMathFunctions/arm_negate_f32.c ****     *pDst++ = -*pSrc++;
 154:.\DSP\Source\BasicMathFunctions/arm_negate_f32.c **** 
 155:.\DSP\Source\BasicMathFunctions/arm_negate_f32.c ****     *pDst++ = -*pSrc++;
 156:.\DSP\Source\BasicMathFunctions/arm_negate_f32.c **** 
 157:.\DSP\Source\BasicMathFunctions/arm_negate_f32.c ****     *pDst++ = -*pSrc++;
 158:.\DSP\Source\BasicMathFunctions/arm_negate_f32.c **** 
 159:.\DSP\Source\BasicMathFunctions/arm_negate_f32.c ****     *pDst++ = -*pSrc++;
 160:.\DSP\Source\BasicMathFunctions/arm_negate_f32.c **** 
 161:.\DSP\Source\BasicMathFunctions/arm_negate_f32.c ****     /* Decrement loop counter */
 162:.\DSP\Source\BasicMathFunctions/arm_negate_f32.c ****     blkCnt--;
 163:.\DSP\Source\BasicMathFunctions/arm_negate_f32.c ****   }
 164:.\DSP\Source\BasicMathFunctions/arm_negate_f32.c **** 
 165:.\DSP\Source\BasicMathFunctions/arm_negate_f32.c ****   /* Loop unrolling: Compute remaining outputs */
 166:.\DSP\Source\BasicMathFunctions/arm_negate_f32.c ****   blkCnt = blockSize % 0x4U;
 167:.\DSP\Source\BasicMathFunctions/arm_negate_f32.c **** 
 168:.\DSP\Source\BasicMathFunctions/arm_negate_f32.c **** #else
 169:.\DSP\Source\BasicMathFunctions/arm_negate_f32.c **** 
 170:.\DSP\Source\BasicMathFunctions/arm_negate_f32.c ****   /* Initialize blkCnt with number of samples */
 171:.\DSP\Source\BasicMathFunctions/arm_negate_f32.c ****   blkCnt = blockSize;
 172:.\DSP\Source\BasicMathFunctions/arm_negate_f32.c **** 
 173:.\DSP\Source\BasicMathFunctions/arm_negate_f32.c **** #endif /* #if defined (ARM_MATH_LOOPUNROLL) */
 174:.\DSP\Source\BasicMathFunctions/arm_negate_f32.c **** #endif /* #if defined(ARM_MATH_NEON_EXPERIMENTAL) */
 175:.\DSP\Source\BasicMathFunctions/arm_negate_f32.c **** 
 176:.\DSP\Source\BasicMathFunctions/arm_negate_f32.c ****   while (blkCnt > 0U)
  33              		.loc 1 176 0
  34 0000 06E0     		b	.L2
  35              	.LVL1:
  36              	.L3:
 177:.\DSP\Source\BasicMathFunctions/arm_negate_f32.c ****   {
 178:.\DSP\Source\BasicMathFunctions/arm_negate_f32.c ****     /* C = -A */
 179:.\DSP\Source\BasicMathFunctions/arm_negate_f32.c **** 
 180:.\DSP\Source\BasicMathFunctions/arm_negate_f32.c ****     /* Negate and store result in destination buffer. */
 181:.\DSP\Source\BasicMathFunctions/arm_negate_f32.c ****     *pDst++ = -*pSrc++;
  37              		.loc 1 181 0
  38 0002 0368     		ldr	r3, [r0]	@ float
  39 0004 03F10043 		add	r3, r3, #-2147483648
  40 0008 0B60     		str	r3, [r1]	@ float
 182:.\DSP\Source\BasicMathFunctions/arm_negate_f32.c **** 
 183:.\DSP\Source\BasicMathFunctions/arm_negate_f32.c ****     /* Decrement loop counter */
 184:.\DSP\Source\BasicMathFunctions/arm_negate_f32.c ****     blkCnt--;
  41              		.loc 1 184 0
  42 000a 013A     		subs	r2, r2, #1
  43              	.LVL2:
 181:.\DSP\Source\BasicMathFunctions/arm_negate_f32.c **** 
ARM GAS  C:\Users\IVYLIU~1\AppData\Local\Temp\ccheDygg.s 			page 5


  44              		.loc 1 181 0
  45 000c 0431     		adds	r1, r1, #4
  46              	.LVL3:
  47 000e 0430     		adds	r0, r0, #4
  48              	.LVL4:
  49              	.L2:
 176:.\DSP\Source\BasicMathFunctions/arm_negate_f32.c ****   {
  50              		.loc 1 176 0
  51 0010 002A     		cmp	r2, #0
  52 0012 F6D1     		bne	.L3
 185:.\DSP\Source\BasicMathFunctions/arm_negate_f32.c ****   }
 186:.\DSP\Source\BasicMathFunctions/arm_negate_f32.c **** 
 187:.\DSP\Source\BasicMathFunctions/arm_negate_f32.c **** }
  53              		.loc 1 187 0
  54 0014 7047     		bx	lr
  55              		.cfi_endproc
  56              	.LFE83:
  57              		.size	arm_negate_f32, .-arm_negate_f32
  58 0016 00BF     		.text
  59              	.Letext0:
  60              		.file 2 "c:\\program files (x86)\\cypress\\psoc creator\\3.3\\psoc creator\\import\\gnu\\arm\\4.9.
  61              		.file 3 "c:\\program files (x86)\\cypress\\psoc creator\\3.3\\psoc creator\\import\\gnu\\arm\\4.9.
  62              		.file 4 ".\\DSP\\Include/arm_math_types.h"
  63              		.file 5 ".\\Core\\Include/cmsis_gcc.h"
  64              		.section	.debug_info,"",%progbits
  65              	.Ldebug_info0:
  66 0000 B5010000 		.4byte	0x1b5
  67 0004 0400     		.2byte	0x4
  68 0006 00000000 		.4byte	.Ldebug_abbrev0
  69 000a 04       		.byte	0x4
  70 000b 01       		.uleb128 0x1
  71 000c 68010000 		.4byte	.LASF28
  72 0010 01       		.byte	0x1
  73 0011 5A020000 		.4byte	.LASF29
  74 0015 03010000 		.4byte	.LASF30
  75 0019 00000000 		.4byte	.Ldebug_ranges0+0
  76 001d 00000000 		.4byte	0
  77 0021 00000000 		.4byte	.Ldebug_line0
  78 0025 02       		.uleb128 0x2
  79 0026 01       		.byte	0x1
  80 0027 06       		.byte	0x6
  81 0028 34020000 		.4byte	.LASF0
  82 002c 02       		.uleb128 0x2
  83 002d 01       		.byte	0x1
  84 002e 08       		.byte	0x8
  85 002f 3C000000 		.4byte	.LASF1
  86 0033 02       		.uleb128 0x2
  87 0034 02       		.byte	0x2
  88 0035 05       		.byte	0x5
  89 0036 5E010000 		.4byte	.LASF2
  90 003a 02       		.uleb128 0x2
  91 003b 02       		.byte	0x2
  92 003c 07       		.byte	0x7
  93 003d 76000000 		.4byte	.LASF3
  94 0041 02       		.uleb128 0x2
  95 0042 04       		.byte	0x4
  96 0043 05       		.byte	0x5
ARM GAS  C:\Users\IVYLIU~1\AppData\Local\Temp\ccheDygg.s 			page 6


  97 0044 0A020000 		.4byte	.LASF4
  98 0048 03       		.uleb128 0x3
  99 0049 AE000000 		.4byte	.LASF9
 100 004d 02       		.byte	0x2
 101 004e 41       		.byte	0x41
 102 004f 53000000 		.4byte	0x53
 103 0053 02       		.uleb128 0x2
 104 0054 04       		.byte	0x4
 105 0055 07       		.byte	0x7
 106 0056 64000000 		.4byte	.LASF5
 107 005a 02       		.uleb128 0x2
 108 005b 08       		.byte	0x8
 109 005c 05       		.byte	0x5
 110 005d E6000000 		.4byte	.LASF6
 111 0061 02       		.uleb128 0x2
 112 0062 08       		.byte	0x8
 113 0063 07       		.byte	0x7
 114 0064 C6000000 		.4byte	.LASF7
 115 0068 04       		.uleb128 0x4
 116 0069 04       		.byte	0x4
 117 006a 05       		.byte	0x5
 118 006b 696E7400 		.ascii	"int\000"
 119 006f 02       		.uleb128 0x2
 120 0070 04       		.byte	0x4
 121 0071 07       		.byte	0x7
 122 0072 B9000000 		.4byte	.LASF8
 123 0076 03       		.uleb128 0x3
 124 0077 01020000 		.4byte	.LASF10
 125 007b 03       		.byte	0x3
 126 007c 2D       		.byte	0x2d
 127 007d 48000000 		.4byte	0x48
 128 0081 02       		.uleb128 0x2
 129 0082 04       		.byte	0x4
 130 0083 07       		.byte	0x7
 131 0084 DD000000 		.4byte	.LASF11
 132 0088 02       		.uleb128 0x2
 133 0089 01       		.byte	0x1
 134 008a 08       		.byte	0x8
 135 008b FE000000 		.4byte	.LASF12
 136 008f 02       		.uleb128 0x2
 137 0090 08       		.byte	0x8
 138 0091 04       		.byte	0x4
 139 0092 9D000000 		.4byte	.LASF13
 140 0096 02       		.uleb128 0x2
 141 0097 04       		.byte	0x4
 142 0098 04       		.byte	0x4
 143 0099 31000000 		.4byte	.LASF14
 144 009d 02       		.uleb128 0x2
 145 009e 08       		.byte	0x8
 146 009f 04       		.byte	0x4
 147 00a0 13020000 		.4byte	.LASF15
 148 00a4 05       		.uleb128 0x5
 149 00a5 A4000000 		.4byte	.LASF16
 150 00a9 04       		.byte	0x4
 151 00aa 2F01     		.2byte	0x12f
 152 00ac 96000000 		.4byte	0x96
 153 00b0 06       		.uleb128 0x6
ARM GAS  C:\Users\IVYLIU~1\AppData\Local\Temp\ccheDygg.s 			page 7


 154 00b1 89000000 		.4byte	.LASF31
 155 00b5 01       		.byte	0x1
 156 00b6 6C       		.byte	0x6c
 157 00b7 00000000 		.4byte	.LFB83
 158 00bb 16000000 		.4byte	.LFE83-.LFB83
 159 00bf 01       		.uleb128 0x1
 160 00c0 9C       		.byte	0x9c
 161 00c1 00010000 		.4byte	0x100
 162 00c5 07       		.uleb128 0x7
 163 00c6 40020000 		.4byte	.LASF17
 164 00ca 01       		.byte	0x1
 165 00cb 6D       		.byte	0x6d
 166 00cc 00010000 		.4byte	0x100
 167 00d0 00000000 		.4byte	.LLST0
 168 00d4 07       		.uleb128 0x7
 169 00d5 98000000 		.4byte	.LASF18
 170 00d9 01       		.byte	0x1
 171 00da 6E       		.byte	0x6e
 172 00db 0B010000 		.4byte	0x10b
 173 00df 2B000000 		.4byte	.LLST1
 174 00e3 07       		.uleb128 0x7
 175 00e4 F4000000 		.4byte	.LASF19
 176 00e8 01       		.byte	0x1
 177 00e9 6F       		.byte	0x6f
 178 00ea 76000000 		.4byte	0x76
 179 00ee 56000000 		.4byte	.LLST2
 180 00f2 08       		.uleb128 0x8
 181 00f3 4A000000 		.4byte	.LASF32
 182 00f7 01       		.byte	0x1
 183 00f8 71       		.byte	0x71
 184 00f9 76000000 		.4byte	0x76
 185 00fd 01       		.uleb128 0x1
 186 00fe 52       		.byte	0x52
 187 00ff 00       		.byte	0
 188 0100 09       		.uleb128 0x9
 189 0101 04       		.byte	0x4
 190 0102 06010000 		.4byte	0x106
 191 0106 0A       		.uleb128 0xa
 192 0107 A4000000 		.4byte	0xa4
 193 010b 09       		.uleb128 0x9
 194 010c 04       		.byte	0x4
 195 010d A4000000 		.4byte	0xa4
 196 0111 03       		.uleb128 0x3
 197 0112 13000000 		.4byte	.LASF20
 198 0116 05       		.byte	0x5
 199 0117 8B       		.byte	0x8b
 200 0118 8F010000 		.4byte	0x18f
 201 011c 09       		.uleb128 0x9
 202 011d 04       		.byte	0x4
 203 011e 22010000 		.4byte	0x122
 204 0122 0A       		.uleb128 0xa
 205 0123 76000000 		.4byte	0x76
 206 0127 09       		.uleb128 0x9
 207 0128 04       		.byte	0x4
 208 0129 76000000 		.4byte	0x76
 209 012d 0B       		.uleb128 0xb
 210 012e 45020000 		.4byte	.LASF21
ARM GAS  C:\Users\IVYLIU~1\AppData\Local\Temp\ccheDygg.s 			page 8


 211 0132 05       		.byte	0x5
 212 0133 92       		.byte	0x92
 213 0134 38010000 		.4byte	0x138
 214 0138 0A       		.uleb128 0xa
 215 0139 11010000 		.4byte	0x111
 216 013d 0B       		.uleb128 0xb
 217 013e 51000000 		.4byte	.LASF22
 218 0142 05       		.byte	0x5
 219 0143 93       		.byte	0x93
 220 0144 38010000 		.4byte	0x138
 221 0148 03       		.uleb128 0x3
 222 0149 22000000 		.4byte	.LASF23
 223 014d 05       		.byte	0x5
 224 014e 90       		.byte	0x90
 225 014f 6E010000 		.4byte	0x16e
 226 0153 0B       		.uleb128 0xb
 227 0154 1F020000 		.4byte	.LASF24
 228 0158 05       		.byte	0x5
 229 0159 94       		.byte	0x94
 230 015a 5E010000 		.4byte	0x15e
 231 015e 0A       		.uleb128 0xa
 232 015f 48010000 		.4byte	0x148
 233 0163 0B       		.uleb128 0xb
 234 0164 00000000 		.4byte	.LASF25
 235 0168 05       		.byte	0x5
 236 0169 95       		.byte	0x95
 237 016a 5E010000 		.4byte	0x15e
 238 016e 0C       		.uleb128 0xc
 239 016f 08       		.byte	0x8
 240 0170 05       		.byte	0x5
 241 0171 8D       		.byte	0x8d
 242 0172 8F010000 		.4byte	0x18f
 243 0176 0D       		.uleb128 0xd
 244 0177 37000000 		.4byte	.LASF26
 245 017b 05       		.byte	0x5
 246 017c 8E       		.byte	0x8e
 247 017d 27010000 		.4byte	0x127
 248 0181 00       		.byte	0
 249 0182 0D       		.uleb128 0xd
 250 0183 59010000 		.4byte	.LASF27
 251 0187 05       		.byte	0x5
 252 0188 8F       		.byte	0x8f
 253 0189 76000000 		.4byte	0x76
 254 018d 04       		.byte	0x4
 255 018e 00       		.byte	0
 256 018f 0E       		.uleb128 0xe
 257 0190 0C       		.byte	0xc
 258 0191 05       		.byte	0x5
 259 0192 87       		.byte	0x87
 260 0193 0F       		.uleb128 0xf
 261 0194 73726300 		.ascii	"src\000"
 262 0198 05       		.byte	0x5
 263 0199 88       		.byte	0x88
 264 019a 1C010000 		.4byte	0x11c
 265 019e 00       		.byte	0
 266 019f 0D       		.uleb128 0xd
 267 01a0 37000000 		.4byte	.LASF26
ARM GAS  C:\Users\IVYLIU~1\AppData\Local\Temp\ccheDygg.s 			page 9


 268 01a4 05       		.byte	0x5
 269 01a5 89       		.byte	0x89
 270 01a6 27010000 		.4byte	0x127
 271 01aa 04       		.byte	0x4
 272 01ab 0D       		.uleb128 0xd
 273 01ac 59010000 		.4byte	.LASF27
 274 01b0 05       		.byte	0x5
 275 01b1 8A       		.byte	0x8a
 276 01b2 76000000 		.4byte	0x76
 277 01b6 08       		.byte	0x8
 278 01b7 00       		.byte	0
 279 01b8 00       		.byte	0
 280              		.section	.debug_abbrev,"",%progbits
 281              	.Ldebug_abbrev0:
 282 0000 01       		.uleb128 0x1
 283 0001 11       		.uleb128 0x11
 284 0002 01       		.byte	0x1
 285 0003 25       		.uleb128 0x25
 286 0004 0E       		.uleb128 0xe
 287 0005 13       		.uleb128 0x13
 288 0006 0B       		.uleb128 0xb
 289 0007 03       		.uleb128 0x3
 290 0008 0E       		.uleb128 0xe
 291 0009 1B       		.uleb128 0x1b
 292 000a 0E       		.uleb128 0xe
 293 000b 55       		.uleb128 0x55
 294 000c 17       		.uleb128 0x17
 295 000d 11       		.uleb128 0x11
 296 000e 01       		.uleb128 0x1
 297 000f 10       		.uleb128 0x10
 298 0010 17       		.uleb128 0x17
 299 0011 00       		.byte	0
 300 0012 00       		.byte	0
 301 0013 02       		.uleb128 0x2
 302 0014 24       		.uleb128 0x24
 303 0015 00       		.byte	0
 304 0016 0B       		.uleb128 0xb
 305 0017 0B       		.uleb128 0xb
 306 0018 3E       		.uleb128 0x3e
 307 0019 0B       		.uleb128 0xb
 308 001a 03       		.uleb128 0x3
 309 001b 0E       		.uleb128 0xe
 310 001c 00       		.byte	0
 311 001d 00       		.byte	0
 312 001e 03       		.uleb128 0x3
 313 001f 16       		.uleb128 0x16
 314 0020 00       		.byte	0
 315 0021 03       		.uleb128 0x3
 316 0022 0E       		.uleb128 0xe
 317 0023 3A       		.uleb128 0x3a
 318 0024 0B       		.uleb128 0xb
 319 0025 3B       		.uleb128 0x3b
 320 0026 0B       		.uleb128 0xb
 321 0027 49       		.uleb128 0x49
 322 0028 13       		.uleb128 0x13
 323 0029 00       		.byte	0
 324 002a 00       		.byte	0
ARM GAS  C:\Users\IVYLIU~1\AppData\Local\Temp\ccheDygg.s 			page 10


 325 002b 04       		.uleb128 0x4
 326 002c 24       		.uleb128 0x24
 327 002d 00       		.byte	0
 328 002e 0B       		.uleb128 0xb
 329 002f 0B       		.uleb128 0xb
 330 0030 3E       		.uleb128 0x3e
 331 0031 0B       		.uleb128 0xb
 332 0032 03       		.uleb128 0x3
 333 0033 08       		.uleb128 0x8
 334 0034 00       		.byte	0
 335 0035 00       		.byte	0
 336 0036 05       		.uleb128 0x5
 337 0037 16       		.uleb128 0x16
 338 0038 00       		.byte	0
 339 0039 03       		.uleb128 0x3
 340 003a 0E       		.uleb128 0xe
 341 003b 3A       		.uleb128 0x3a
 342 003c 0B       		.uleb128 0xb
 343 003d 3B       		.uleb128 0x3b
 344 003e 05       		.uleb128 0x5
 345 003f 49       		.uleb128 0x49
 346 0040 13       		.uleb128 0x13
 347 0041 00       		.byte	0
 348 0042 00       		.byte	0
 349 0043 06       		.uleb128 0x6
 350 0044 2E       		.uleb128 0x2e
 351 0045 01       		.byte	0x1
 352 0046 3F       		.uleb128 0x3f
 353 0047 19       		.uleb128 0x19
 354 0048 03       		.uleb128 0x3
 355 0049 0E       		.uleb128 0xe
 356 004a 3A       		.uleb128 0x3a
 357 004b 0B       		.uleb128 0xb
 358 004c 3B       		.uleb128 0x3b
 359 004d 0B       		.uleb128 0xb
 360 004e 27       		.uleb128 0x27
 361 004f 19       		.uleb128 0x19
 362 0050 11       		.uleb128 0x11
 363 0051 01       		.uleb128 0x1
 364 0052 12       		.uleb128 0x12
 365 0053 06       		.uleb128 0x6
 366 0054 40       		.uleb128 0x40
 367 0055 18       		.uleb128 0x18
 368 0056 9742     		.uleb128 0x2117
 369 0058 19       		.uleb128 0x19
 370 0059 01       		.uleb128 0x1
 371 005a 13       		.uleb128 0x13
 372 005b 00       		.byte	0
 373 005c 00       		.byte	0
 374 005d 07       		.uleb128 0x7
 375 005e 05       		.uleb128 0x5
 376 005f 00       		.byte	0
 377 0060 03       		.uleb128 0x3
 378 0061 0E       		.uleb128 0xe
 379 0062 3A       		.uleb128 0x3a
 380 0063 0B       		.uleb128 0xb
 381 0064 3B       		.uleb128 0x3b
ARM GAS  C:\Users\IVYLIU~1\AppData\Local\Temp\ccheDygg.s 			page 11


 382 0065 0B       		.uleb128 0xb
 383 0066 49       		.uleb128 0x49
 384 0067 13       		.uleb128 0x13
 385 0068 02       		.uleb128 0x2
 386 0069 17       		.uleb128 0x17
 387 006a 00       		.byte	0
 388 006b 00       		.byte	0
 389 006c 08       		.uleb128 0x8
 390 006d 34       		.uleb128 0x34
 391 006e 00       		.byte	0
 392 006f 03       		.uleb128 0x3
 393 0070 0E       		.uleb128 0xe
 394 0071 3A       		.uleb128 0x3a
 395 0072 0B       		.uleb128 0xb
 396 0073 3B       		.uleb128 0x3b
 397 0074 0B       		.uleb128 0xb
 398 0075 49       		.uleb128 0x49
 399 0076 13       		.uleb128 0x13
 400 0077 02       		.uleb128 0x2
 401 0078 18       		.uleb128 0x18
 402 0079 00       		.byte	0
 403 007a 00       		.byte	0
 404 007b 09       		.uleb128 0x9
 405 007c 0F       		.uleb128 0xf
 406 007d 00       		.byte	0
 407 007e 0B       		.uleb128 0xb
 408 007f 0B       		.uleb128 0xb
 409 0080 49       		.uleb128 0x49
 410 0081 13       		.uleb128 0x13
 411 0082 00       		.byte	0
 412 0083 00       		.byte	0
 413 0084 0A       		.uleb128 0xa
 414 0085 26       		.uleb128 0x26
 415 0086 00       		.byte	0
 416 0087 49       		.uleb128 0x49
 417 0088 13       		.uleb128 0x13
 418 0089 00       		.byte	0
 419 008a 00       		.byte	0
 420 008b 0B       		.uleb128 0xb
 421 008c 34       		.uleb128 0x34
 422 008d 00       		.byte	0
 423 008e 03       		.uleb128 0x3
 424 008f 0E       		.uleb128 0xe
 425 0090 3A       		.uleb128 0x3a
 426 0091 0B       		.uleb128 0xb
 427 0092 3B       		.uleb128 0x3b
 428 0093 0B       		.uleb128 0xb
 429 0094 49       		.uleb128 0x49
 430 0095 13       		.uleb128 0x13
 431 0096 3F       		.uleb128 0x3f
 432 0097 19       		.uleb128 0x19
 433 0098 3C       		.uleb128 0x3c
 434 0099 19       		.uleb128 0x19
 435 009a 00       		.byte	0
 436 009b 00       		.byte	0
 437 009c 0C       		.uleb128 0xc
 438 009d 13       		.uleb128 0x13
ARM GAS  C:\Users\IVYLIU~1\AppData\Local\Temp\ccheDygg.s 			page 12


 439 009e 01       		.byte	0x1
 440 009f 0B       		.uleb128 0xb
 441 00a0 0B       		.uleb128 0xb
 442 00a1 3A       		.uleb128 0x3a
 443 00a2 0B       		.uleb128 0xb
 444 00a3 3B       		.uleb128 0x3b
 445 00a4 0B       		.uleb128 0xb
 446 00a5 01       		.uleb128 0x1
 447 00a6 13       		.uleb128 0x13
 448 00a7 00       		.byte	0
 449 00a8 00       		.byte	0
 450 00a9 0D       		.uleb128 0xd
 451 00aa 0D       		.uleb128 0xd
 452 00ab 00       		.byte	0
 453 00ac 03       		.uleb128 0x3
 454 00ad 0E       		.uleb128 0xe
 455 00ae 3A       		.uleb128 0x3a
 456 00af 0B       		.uleb128 0xb
 457 00b0 3B       		.uleb128 0x3b
 458 00b1 0B       		.uleb128 0xb
 459 00b2 49       		.uleb128 0x49
 460 00b3 13       		.uleb128 0x13
 461 00b4 38       		.uleb128 0x38
 462 00b5 0B       		.uleb128 0xb
 463 00b6 00       		.byte	0
 464 00b7 00       		.byte	0
 465 00b8 0E       		.uleb128 0xe
 466 00b9 13       		.uleb128 0x13
 467 00ba 01       		.byte	0x1
 468 00bb 0B       		.uleb128 0xb
 469 00bc 0B       		.uleb128 0xb
 470 00bd 3A       		.uleb128 0x3a
 471 00be 0B       		.uleb128 0xb
 472 00bf 3B       		.uleb128 0x3b
 473 00c0 0B       		.uleb128 0xb
 474 00c1 00       		.byte	0
 475 00c2 00       		.byte	0
 476 00c3 0F       		.uleb128 0xf
 477 00c4 0D       		.uleb128 0xd
 478 00c5 00       		.byte	0
 479 00c6 03       		.uleb128 0x3
 480 00c7 08       		.uleb128 0x8
 481 00c8 3A       		.uleb128 0x3a
 482 00c9 0B       		.uleb128 0xb
 483 00ca 3B       		.uleb128 0x3b
 484 00cb 0B       		.uleb128 0xb
 485 00cc 49       		.uleb128 0x49
 486 00cd 13       		.uleb128 0x13
 487 00ce 38       		.uleb128 0x38
 488 00cf 0B       		.uleb128 0xb
 489 00d0 00       		.byte	0
 490 00d1 00       		.byte	0
 491 00d2 00       		.byte	0
 492              		.section	.debug_loc,"",%progbits
 493              	.Ldebug_loc0:
 494              	.LLST0:
 495 0000 00000000 		.4byte	.LVL0
ARM GAS  C:\Users\IVYLIU~1\AppData\Local\Temp\ccheDygg.s 			page 13


 496 0004 02000000 		.4byte	.LVL1
 497 0008 0100     		.2byte	0x1
 498 000a 50       		.byte	0x50
 499 000b 02000000 		.4byte	.LVL1
 500 000f 10000000 		.4byte	.LVL4
 501 0013 0300     		.2byte	0x3
 502 0015 70       		.byte	0x70
 503 0016 04       		.sleb128 4
 504 0017 9F       		.byte	0x9f
 505 0018 10000000 		.4byte	.LVL4
 506 001c 16000000 		.4byte	.LFE83
 507 0020 0100     		.2byte	0x1
 508 0022 50       		.byte	0x50
 509 0023 00000000 		.4byte	0
 510 0027 00000000 		.4byte	0
 511              	.LLST1:
 512 002b 00000000 		.4byte	.LVL0
 513 002f 02000000 		.4byte	.LVL1
 514 0033 0100     		.2byte	0x1
 515 0035 51       		.byte	0x51
 516 0036 02000000 		.4byte	.LVL1
 517 003a 0E000000 		.4byte	.LVL3
 518 003e 0300     		.2byte	0x3
 519 0040 71       		.byte	0x71
 520 0041 04       		.sleb128 4
 521 0042 9F       		.byte	0x9f
 522 0043 0E000000 		.4byte	.LVL3
 523 0047 16000000 		.4byte	.LFE83
 524 004b 0100     		.2byte	0x1
 525 004d 51       		.byte	0x51
 526 004e 00000000 		.4byte	0
 527 0052 00000000 		.4byte	0
 528              	.LLST2:
 529 0056 00000000 		.4byte	.LVL0
 530 005a 02000000 		.4byte	.LVL1
 531 005e 0100     		.2byte	0x1
 532 0060 52       		.byte	0x52
 533 0061 02000000 		.4byte	.LVL1
 534 0065 16000000 		.4byte	.LFE83
 535 0069 0400     		.2byte	0x4
 536 006b F3       		.byte	0xf3
 537 006c 01       		.uleb128 0x1
 538 006d 52       		.byte	0x52
 539 006e 9F       		.byte	0x9f
 540 006f 00000000 		.4byte	0
 541 0073 00000000 		.4byte	0
 542              		.section	.debug_aranges,"",%progbits
 543 0000 1C000000 		.4byte	0x1c
 544 0004 0200     		.2byte	0x2
 545 0006 00000000 		.4byte	.Ldebug_info0
 546 000a 04       		.byte	0x4
 547 000b 00       		.byte	0
 548 000c 0000     		.2byte	0
 549 000e 0000     		.2byte	0
 550 0010 00000000 		.4byte	.LFB83
 551 0014 16000000 		.4byte	.LFE83-.LFB83
 552 0018 00000000 		.4byte	0
ARM GAS  C:\Users\IVYLIU~1\AppData\Local\Temp\ccheDygg.s 			page 14


 553 001c 00000000 		.4byte	0
 554              		.section	.debug_ranges,"",%progbits
 555              	.Ldebug_ranges0:
 556 0000 00000000 		.4byte	.LFB83
 557 0004 16000000 		.4byte	.LFE83
 558 0008 00000000 		.4byte	0
 559 000c 00000000 		.4byte	0
 560              		.section	.debug_line,"",%progbits
 561              	.Ldebug_line0:
 562 0000 A0010000 		.section	.debug_str,"MS",%progbits,1
 562      02007F01 
 562      00000201 
 562      FB0E0D00 
 562      01010101 
 563              	.LASF25:
 564 0000 5F5F7A65 		.ascii	"__zero_table_end__\000"
 564      726F5F74 
 564      61626C65 
 564      5F656E64 
 564      5F5F00
 565              	.LASF20:
 566 0013 5F5F636F 		.ascii	"__copy_table_t\000"
 566      70795F74 
 566      61626C65 
 566      5F7400
 567              	.LASF23:
 568 0022 5F5F7A65 		.ascii	"__zero_table_t\000"
 568      726F5F74 
 568      61626C65 
 568      5F7400
 569              	.LASF14:
 570 0031 666C6F61 		.ascii	"float\000"
 570      7400
 571              	.LASF26:
 572 0037 64657374 		.ascii	"dest\000"
 572      00
 573              	.LASF1:
 574 003c 756E7369 		.ascii	"unsigned char\000"
 574      676E6564 
 574      20636861 
 574      7200
 575              	.LASF32:
 576 004a 626C6B43 		.ascii	"blkCnt\000"
 576      6E7400
 577              	.LASF22:
 578 0051 5F5F636F 		.ascii	"__copy_table_end__\000"
 578      70795F74 
 578      61626C65 
 578      5F656E64 
 578      5F5F00
 579              	.LASF5:
 580 0064 6C6F6E67 		.ascii	"long unsigned int\000"
 580      20756E73 
 580      69676E65 
 580      6420696E 
 580      7400
 581              	.LASF3:
ARM GAS  C:\Users\IVYLIU~1\AppData\Local\Temp\ccheDygg.s 			page 15


 582 0076 73686F72 		.ascii	"short unsigned int\000"
 582      7420756E 
 582      7369676E 
 582      65642069 
 582      6E7400
 583              	.LASF31:
 584 0089 61726D5F 		.ascii	"arm_negate_f32\000"
 584      6E656761 
 584      74655F66 
 584      333200
 585              	.LASF18:
 586 0098 70447374 		.ascii	"pDst\000"
 586      00
 587              	.LASF13:
 588 009d 646F7562 		.ascii	"double\000"
 588      6C6500
 589              	.LASF16:
 590 00a4 666C6F61 		.ascii	"float32_t\000"
 590      7433325F 
 590      7400
 591              	.LASF9:
 592 00ae 5F5F7569 		.ascii	"__uint32_t\000"
 592      6E743332 
 592      5F7400
 593              	.LASF8:
 594 00b9 756E7369 		.ascii	"unsigned int\000"
 594      676E6564 
 594      20696E74 
 594      00
 595              	.LASF7:
 596 00c6 6C6F6E67 		.ascii	"long long unsigned int\000"
 596      206C6F6E 
 596      6720756E 
 596      7369676E 
 596      65642069 
 597              	.LASF11:
 598 00dd 73697A65 		.ascii	"sizetype\000"
 598      74797065 
 598      00
 599              	.LASF6:
 600 00e6 6C6F6E67 		.ascii	"long long int\000"
 600      206C6F6E 
 600      6720696E 
 600      7400
 601              	.LASF19:
 602 00f4 626C6F63 		.ascii	"blockSize\000"
 602      6B53697A 
 602      6500
 603              	.LASF12:
 604 00fe 63686172 		.ascii	"char\000"
 604      00
 605              	.LASF30:
 606 0103 5C5C766D 		.ascii	"\\\\vmware-host\\Shared Folders\\Documents\\PSoC Cr"
 606      77617265 
 606      2D686F73 
 606      745C5368 
 606      61726564 
ARM GAS  C:\Users\IVYLIU~1\AppData\Local\Temp\ccheDygg.s 			page 16


 607 0131 6561746F 		.ascii	"eator\\FinalProject\\SoundDetection.cydsn\000"
 607      725C4669 
 607      6E616C50 
 607      726F6A65 
 607      63745C53 
 608              	.LASF27:
 609 0159 776C656E 		.ascii	"wlen\000"
 609      00
 610              	.LASF2:
 611 015e 73686F72 		.ascii	"short int\000"
 611      7420696E 
 611      7400
 612              	.LASF28:
 613 0168 474E5520 		.ascii	"GNU C 4.9.3 20150303 (release) [ARM/embedded-4_9-br"
 613      4320342E 
 613      392E3320 
 613      32303135 
 613      30333033 
 614 019b 616E6368 		.ascii	"anch revision 221220] -mcpu=cortex-m3 -mthumb -g -O"
 614      20726576 
 614      6973696F 
 614      6E203232 
 614      31323230 
 615 01ce 67202D73 		.ascii	"g -std=gnu99 -ffunction-sections -ffat-lto-objects\000"
 615      74643D67 
 615      6E753939 
 615      202D6666 
 615      756E6374 
 616              	.LASF10:
 617 0201 75696E74 		.ascii	"uint32_t\000"
 617      33325F74 
 617      00
 618              	.LASF4:
 619 020a 6C6F6E67 		.ascii	"long int\000"
 619      20696E74 
 619      00
 620              	.LASF15:
 621 0213 6C6F6E67 		.ascii	"long double\000"
 621      20646F75 
 621      626C6500 
 622              	.LASF24:
 623 021f 5F5F7A65 		.ascii	"__zero_table_start__\000"
 623      726F5F74 
 623      61626C65 
 623      5F737461 
 623      72745F5F 
 624              	.LASF0:
 625 0234 7369676E 		.ascii	"signed char\000"
 625      65642063 
 625      68617200 
 626              	.LASF17:
 627 0240 70537263 		.ascii	"pSrc\000"
 627      00
 628              	.LASF21:
 629 0245 5F5F636F 		.ascii	"__copy_table_start__\000"
 629      70795F74 
 629      61626C65 
ARM GAS  C:\Users\IVYLIU~1\AppData\Local\Temp\ccheDygg.s 			page 17


 629      5F737461 
 629      72745F5F 
 630              	.LASF29:
 631 025a 2E5C4453 		.ascii	".\\DSP\\Source\\BasicMathFunctions\\arm_negate_f32."
 631      505C536F 
 631      75726365 
 631      5C426173 
 631      69634D61 
 632 0289 6300     		.ascii	"c\000"
 633              		.ident	"GCC: (GNU Tools for ARM Embedded Processors) 4.9.3 20150303 (release) [ARM/embedded-4_9-br
