ARM GAS  C:\Users\IVYLIU~1\AppData\Local\Temp\ccBcjrx4.s 			page 1


   1              		.syntax unified
   2              		.cpu cortex-m3
   3              		.fpu softvfp
   4              		.eabi_attribute 20, 1
   5              		.eabi_attribute 21, 1
   6              		.eabi_attribute 23, 3
   7              		.eabi_attribute 24, 1
   8              		.eabi_attribute 25, 1
   9              		.eabi_attribute 26, 1
  10              		.eabi_attribute 30, 1
  11              		.eabi_attribute 34, 1
  12              		.eabi_attribute 18, 4
  13              		.thumb
  14              		.file	"arm_mfcc_init_f32.c"
  15              		.text
  16              	.Ltext0:
  17              		.cfi_sections	.debug_frame
  18              		.section	.text.arm_mfcc_init_f32,"ax",%progbits
  19              		.align	2
  20              		.global	arm_mfcc_init_f32
  21              		.thumb
  22              		.thumb_func
  23              		.type	arm_mfcc_init_f32, %function
  24              	arm_mfcc_init_f32:
  25              	.LFB84:
  26              		.file 1 ".\\DSP\\Source\\TransformFunctions\\arm_mfcc_init_f32.c"
   1:.\DSP\Source\TransformFunctions/arm_mfcc_init_f32.c **** /* ----------------------------------------------------------------------
   2:.\DSP\Source\TransformFunctions/arm_mfcc_init_f32.c ****  * Project:      CMSIS DSP Library
   3:.\DSP\Source\TransformFunctions/arm_mfcc_init_f32.c ****  * Title:        arm_mfcc_init_f32.c
   4:.\DSP\Source\TransformFunctions/arm_mfcc_init_f32.c ****  * Description:  MFCC initialization function for the f32 version
   5:.\DSP\Source\TransformFunctions/arm_mfcc_init_f32.c ****  *
   6:.\DSP\Source\TransformFunctions/arm_mfcc_init_f32.c ****  * $Date:        07 September 2021
   7:.\DSP\Source\TransformFunctions/arm_mfcc_init_f32.c ****  * $Revision:    V1.10.0
   8:.\DSP\Source\TransformFunctions/arm_mfcc_init_f32.c ****  *
   9:.\DSP\Source\TransformFunctions/arm_mfcc_init_f32.c ****  * Target Processor: Cortex-M and Cortex-A cores
  10:.\DSP\Source\TransformFunctions/arm_mfcc_init_f32.c ****  * -------------------------------------------------------------------- */
  11:.\DSP\Source\TransformFunctions/arm_mfcc_init_f32.c **** /*
  12:.\DSP\Source\TransformFunctions/arm_mfcc_init_f32.c ****  * Copyright (C) 2010-2021 ARM Limited or its affiliates. All rights reserved.
  13:.\DSP\Source\TransformFunctions/arm_mfcc_init_f32.c ****  *
  14:.\DSP\Source\TransformFunctions/arm_mfcc_init_f32.c ****  * SPDX-License-Identifier: Apache-2.0
  15:.\DSP\Source\TransformFunctions/arm_mfcc_init_f32.c ****  *
  16:.\DSP\Source\TransformFunctions/arm_mfcc_init_f32.c ****  * Licensed under the Apache License, Version 2.0 (the License); you may
  17:.\DSP\Source\TransformFunctions/arm_mfcc_init_f32.c ****  * not use this file except in compliance with the License.
  18:.\DSP\Source\TransformFunctions/arm_mfcc_init_f32.c ****  * You may obtain a copy of the License at
  19:.\DSP\Source\TransformFunctions/arm_mfcc_init_f32.c ****  *
  20:.\DSP\Source\TransformFunctions/arm_mfcc_init_f32.c ****  * www.apache.org/licenses/LICENSE-2.0
  21:.\DSP\Source\TransformFunctions/arm_mfcc_init_f32.c ****  *
  22:.\DSP\Source\TransformFunctions/arm_mfcc_init_f32.c ****  * Unless required by applicable law or agreed to in writing, software
  23:.\DSP\Source\TransformFunctions/arm_mfcc_init_f32.c ****  * distributed under the License is distributed on an AS IS BASIS, WITHOUT
  24:.\DSP\Source\TransformFunctions/arm_mfcc_init_f32.c ****  * WARRANTIES OR CONDITIONS OF ANY KIND, either express or implied.
  25:.\DSP\Source\TransformFunctions/arm_mfcc_init_f32.c ****  * See the License for the specific language governing permissions and
  26:.\DSP\Source\TransformFunctions/arm_mfcc_init_f32.c ****  * limitations under the License.
  27:.\DSP\Source\TransformFunctions/arm_mfcc_init_f32.c ****  */
  28:.\DSP\Source\TransformFunctions/arm_mfcc_init_f32.c **** 
  29:.\DSP\Source\TransformFunctions/arm_mfcc_init_f32.c **** /**
  30:.\DSP\Source\TransformFunctions/arm_mfcc_init_f32.c ****   @ingroup groupTransforms
  31:.\DSP\Source\TransformFunctions/arm_mfcc_init_f32.c ****  */
ARM GAS  C:\Users\IVYLIU~1\AppData\Local\Temp\ccBcjrx4.s 			page 2


  32:.\DSP\Source\TransformFunctions/arm_mfcc_init_f32.c **** 
  33:.\DSP\Source\TransformFunctions/arm_mfcc_init_f32.c **** 
  34:.\DSP\Source\TransformFunctions/arm_mfcc_init_f32.c **** /**
  35:.\DSP\Source\TransformFunctions/arm_mfcc_init_f32.c ****   @addtogroup MFCC
  36:.\DSP\Source\TransformFunctions/arm_mfcc_init_f32.c ****   @{
  37:.\DSP\Source\TransformFunctions/arm_mfcc_init_f32.c ****  */
  38:.\DSP\Source\TransformFunctions/arm_mfcc_init_f32.c **** 
  39:.\DSP\Source\TransformFunctions/arm_mfcc_init_f32.c **** 
  40:.\DSP\Source\TransformFunctions/arm_mfcc_init_f32.c **** #include "dsp/transform_functions.h"
  41:.\DSP\Source\TransformFunctions/arm_mfcc_init_f32.c **** 
  42:.\DSP\Source\TransformFunctions/arm_mfcc_init_f32.c **** 
  43:.\DSP\Source\TransformFunctions/arm_mfcc_init_f32.c **** 
  44:.\DSP\Source\TransformFunctions/arm_mfcc_init_f32.c **** /**
  45:.\DSP\Source\TransformFunctions/arm_mfcc_init_f32.c ****   @brief         Initialization of the MFCC F32 instance structure
  46:.\DSP\Source\TransformFunctions/arm_mfcc_init_f32.c ****   @param[out]    S       points to the mfcc instance structure
  47:.\DSP\Source\TransformFunctions/arm_mfcc_init_f32.c ****   @param[in]     fftLen  fft length
  48:.\DSP\Source\TransformFunctions/arm_mfcc_init_f32.c ****   @param[in]     nbMelFilters  number of Mel filters
  49:.\DSP\Source\TransformFunctions/arm_mfcc_init_f32.c ****   @param[in]     nbDctOutputs  number of Dct outputs
  50:.\DSP\Source\TransformFunctions/arm_mfcc_init_f32.c ****   @param[in]     dctCoefs  points to an array of DCT coefficients
  51:.\DSP\Source\TransformFunctions/arm_mfcc_init_f32.c ****   @param[in]     filterPos  points of the array of filter positions
  52:.\DSP\Source\TransformFunctions/arm_mfcc_init_f32.c ****   @param[in]     filterLengths  points to the array of filter lengths
  53:.\DSP\Source\TransformFunctions/arm_mfcc_init_f32.c ****   @param[in]     filterCoefs  points to the array of filter coefficients
  54:.\DSP\Source\TransformFunctions/arm_mfcc_init_f32.c ****   @param[in]     windowCoefs  points to the array of window coefficients
  55:.\DSP\Source\TransformFunctions/arm_mfcc_init_f32.c **** 
  56:.\DSP\Source\TransformFunctions/arm_mfcc_init_f32.c ****   @return        error status
  57:.\DSP\Source\TransformFunctions/arm_mfcc_init_f32.c **** 
  58:.\DSP\Source\TransformFunctions/arm_mfcc_init_f32.c ****   @par           Description
  59:.\DSP\Source\TransformFunctions/arm_mfcc_init_f32.c ****                    The matrix of Mel filter coefficients is sparse.
  60:.\DSP\Source\TransformFunctions/arm_mfcc_init_f32.c ****                    Most of the coefficients are zero.
  61:.\DSP\Source\TransformFunctions/arm_mfcc_init_f32.c ****                    To avoid multiplying the spectrogram by those zeros, the
  62:.\DSP\Source\TransformFunctions/arm_mfcc_init_f32.c ****                    filter is applied only to a given position in the spectrogram
  63:.\DSP\Source\TransformFunctions/arm_mfcc_init_f32.c ****                    and on a given number of FFT bins (the filter length).
  64:.\DSP\Source\TransformFunctions/arm_mfcc_init_f32.c ****                    It is the reason for the arrays filterPos and filterLengths.
  65:.\DSP\Source\TransformFunctions/arm_mfcc_init_f32.c **** 
  66:.\DSP\Source\TransformFunctions/arm_mfcc_init_f32.c ****                    window coefficients can describe (for instance) a Hamming window.
  67:.\DSP\Source\TransformFunctions/arm_mfcc_init_f32.c ****                    The array has the same size as the FFT length.
  68:.\DSP\Source\TransformFunctions/arm_mfcc_init_f32.c **** 
  69:.\DSP\Source\TransformFunctions/arm_mfcc_init_f32.c ****                    The folder Scripts is containing a Python script which can be used
  70:.\DSP\Source\TransformFunctions/arm_mfcc_init_f32.c ****                    to generate the filter, dct and window arrays.
  71:.\DSP\Source\TransformFunctions/arm_mfcc_init_f32.c ****  */
  72:.\DSP\Source\TransformFunctions/arm_mfcc_init_f32.c **** 
  73:.\DSP\Source\TransformFunctions/arm_mfcc_init_f32.c **** arm_status arm_mfcc_init_f32(
  74:.\DSP\Source\TransformFunctions/arm_mfcc_init_f32.c ****   arm_mfcc_instance_f32 * S,
  75:.\DSP\Source\TransformFunctions/arm_mfcc_init_f32.c ****   uint32_t fftLen,
  76:.\DSP\Source\TransformFunctions/arm_mfcc_init_f32.c ****   uint32_t nbMelFilters,
  77:.\DSP\Source\TransformFunctions/arm_mfcc_init_f32.c ****   uint32_t nbDctOutputs,
  78:.\DSP\Source\TransformFunctions/arm_mfcc_init_f32.c ****   const float32_t *dctCoefs,
  79:.\DSP\Source\TransformFunctions/arm_mfcc_init_f32.c ****   const uint32_t *filterPos,
  80:.\DSP\Source\TransformFunctions/arm_mfcc_init_f32.c ****   const uint32_t *filterLengths,
  81:.\DSP\Source\TransformFunctions/arm_mfcc_init_f32.c ****   const float32_t *filterCoefs,
  82:.\DSP\Source\TransformFunctions/arm_mfcc_init_f32.c ****   const float32_t *windowCoefs
  83:.\DSP\Source\TransformFunctions/arm_mfcc_init_f32.c ****   )
  84:.\DSP\Source\TransformFunctions/arm_mfcc_init_f32.c **** {
  27              		.loc 1 84 0
  28              		.cfi_startproc
  29              		@ args = 20, pretend = 0, frame = 0
  30              		@ frame_needed = 0, uses_anonymous_args = 0
ARM GAS  C:\Users\IVYLIU~1\AppData\Local\Temp\ccBcjrx4.s 			page 3


  31              	.LVL0:
  32 0000 08B5     		push	{r3, lr}
  33              		.cfi_def_cfa_offset 8
  34              		.cfi_offset 3, -8
  35              		.cfi_offset 14, -4
  85:.\DSP\Source\TransformFunctions/arm_mfcc_init_f32.c ****  arm_status status;
  86:.\DSP\Source\TransformFunctions/arm_mfcc_init_f32.c **** 
  87:.\DSP\Source\TransformFunctions/arm_mfcc_init_f32.c ****  S->fftLen=fftLen;
  36              		.loc 1 87 0
  37 0002 4161     		str	r1, [r0, #20]
  88:.\DSP\Source\TransformFunctions/arm_mfcc_init_f32.c ****  S->nbMelFilters=nbMelFilters;
  38              		.loc 1 88 0
  39 0004 8261     		str	r2, [r0, #24]
  89:.\DSP\Source\TransformFunctions/arm_mfcc_init_f32.c ****  S->nbDctOutputs=nbDctOutputs;
  40              		.loc 1 89 0
  41 0006 C361     		str	r3, [r0, #28]
  90:.\DSP\Source\TransformFunctions/arm_mfcc_init_f32.c ****  S->dctCoefs=dctCoefs;
  42              		.loc 1 90 0
  43 0008 029B     		ldr	r3, [sp, #8]
  44              	.LVL1:
  45 000a 0360     		str	r3, [r0]
  91:.\DSP\Source\TransformFunctions/arm_mfcc_init_f32.c ****  S->filterPos=filterPos;
  46              		.loc 1 91 0
  47 000c 039B     		ldr	r3, [sp, #12]
  48 000e C360     		str	r3, [r0, #12]
  92:.\DSP\Source\TransformFunctions/arm_mfcc_init_f32.c ****  S->filterLengths=filterLengths;
  49              		.loc 1 92 0
  50 0010 049B     		ldr	r3, [sp, #16]
  51 0012 0361     		str	r3, [r0, #16]
  93:.\DSP\Source\TransformFunctions/arm_mfcc_init_f32.c ****  S->filterCoefs=filterCoefs;
  52              		.loc 1 93 0
  53 0014 059B     		ldr	r3, [sp, #20]
  54 0016 4360     		str	r3, [r0, #4]
  94:.\DSP\Source\TransformFunctions/arm_mfcc_init_f32.c ****  S->windowCoefs=windowCoefs;
  55              		.loc 1 94 0
  56 0018 069B     		ldr	r3, [sp, #24]
  57 001a 8360     		str	r3, [r0, #8]
  95:.\DSP\Source\TransformFunctions/arm_mfcc_init_f32.c **** 
  96:.\DSP\Source\TransformFunctions/arm_mfcc_init_f32.c ****  #if defined(ARM_MFCC_CFFT_BASED)
  97:.\DSP\Source\TransformFunctions/arm_mfcc_init_f32.c ****  status=arm_cfft_init_f32(&(S->cfft),fftLen);
  98:.\DSP\Source\TransformFunctions/arm_mfcc_init_f32.c ****  #else
  99:.\DSP\Source\TransformFunctions/arm_mfcc_init_f32.c ****  status=arm_rfft_fast_init_f32(&(S->rfft),fftLen);
  58              		.loc 1 99 0
  59 001c 2030     		adds	r0, r0, #32
  60              	.LVL2:
  61 001e 89B2     		uxth	r1, r1
  62              	.LVL3:
  63 0020 FFF7FEFF 		bl	arm_rfft_fast_init_f32
  64              	.LVL4:
 100:.\DSP\Source\TransformFunctions/arm_mfcc_init_f32.c ****  #endif
 101:.\DSP\Source\TransformFunctions/arm_mfcc_init_f32.c ****  
 102:.\DSP\Source\TransformFunctions/arm_mfcc_init_f32.c ****  return(status);
 103:.\DSP\Source\TransformFunctions/arm_mfcc_init_f32.c **** }
  65              		.loc 1 103 0
  66 0024 08BD     		pop	{r3, pc}
  67              		.cfi_endproc
  68              	.LFE84:
ARM GAS  C:\Users\IVYLIU~1\AppData\Local\Temp\ccBcjrx4.s 			page 4


  69              		.size	arm_mfcc_init_f32, .-arm_mfcc_init_f32
  70 0026 00BF     		.text
  71              	.Letext0:
  72              		.file 2 "c:\\program files (x86)\\cypress\\psoc creator\\3.3\\psoc creator\\import\\gnu\\arm\\4.9.
  73              		.file 3 "c:\\program files (x86)\\cypress\\psoc creator\\3.3\\psoc creator\\import\\gnu\\arm\\4.9.
  74              		.file 4 ".\\DSP\\Include/arm_math_types.h"
  75              		.file 5 ".\\DSP\\Include/dsp/transform_functions.h"
  76              		.file 6 ".\\Core\\Include/cmsis_gcc.h"
  77              		.section	.debug_info,"",%progbits
  78              	.Ldebug_info0:
  79 0000 C4030000 		.4byte	0x3c4
  80 0004 0400     		.2byte	0x4
  81 0006 00000000 		.4byte	.Ldebug_abbrev0
  82 000a 04       		.byte	0x4
  83 000b 01       		.uleb128 0x1
  84 000c 33030000 		.4byte	.LASF54
  85 0010 01       		.byte	0x1
  86 0011 A5010000 		.4byte	.LASF55
  87 0015 A8020000 		.4byte	.LASF56
  88 0019 00000000 		.4byte	.Ldebug_ranges0+0
  89 001d 00000000 		.4byte	0
  90 0021 00000000 		.4byte	.Ldebug_line0
  91 0025 02       		.uleb128 0x2
  92 0026 01       		.byte	0x1
  93 0027 06       		.byte	0x6
  94 0028 04040000 		.4byte	.LASF0
  95 002c 02       		.uleb128 0x2
  96 002d 01       		.byte	0x1
  97 002e 08       		.byte	0x8
  98 002f D6000000 		.4byte	.LASF1
  99 0033 02       		.uleb128 0x2
 100 0034 02       		.byte	0x2
 101 0035 05       		.byte	0x5
 102 0036 14030000 		.4byte	.LASF2
 103 003a 03       		.uleb128 0x3
 104 003b 66010000 		.4byte	.LASF5
 105 003f 02       		.byte	0x2
 106 0040 2B       		.byte	0x2b
 107 0041 45000000 		.4byte	0x45
 108 0045 02       		.uleb128 0x2
 109 0046 02       		.byte	0x2
 110 0047 07       		.byte	0x7
 111 0048 1B010000 		.4byte	.LASF3
 112 004c 02       		.uleb128 0x2
 113 004d 04       		.byte	0x4
 114 004e 05       		.byte	0x5
 115 004f DA030000 		.4byte	.LASF4
 116 0053 03       		.uleb128 0x3
 117 0054 82010000 		.4byte	.LASF6
 118 0058 02       		.byte	0x2
 119 0059 41       		.byte	0x41
 120 005a 5E000000 		.4byte	0x5e
 121 005e 02       		.uleb128 0x2
 122 005f 04       		.byte	0x4
 123 0060 07       		.byte	0x7
 124 0061 09010000 		.4byte	.LASF7
 125 0065 02       		.uleb128 0x2
ARM GAS  C:\Users\IVYLIU~1\AppData\Local\Temp\ccBcjrx4.s 			page 5


 126 0066 08       		.byte	0x8
 127 0067 05       		.byte	0x5
 128 0068 70020000 		.4byte	.LASF8
 129 006c 02       		.uleb128 0x2
 130 006d 08       		.byte	0x8
 131 006e 07       		.byte	0x7
 132 006f FC010000 		.4byte	.LASF9
 133 0073 04       		.uleb128 0x4
 134 0074 04       		.byte	0x4
 135 0075 05       		.byte	0x5
 136 0076 696E7400 		.ascii	"int\000"
 137 007a 02       		.uleb128 0x2
 138 007b 04       		.byte	0x4
 139 007c 07       		.byte	0x7
 140 007d D9010000 		.4byte	.LASF10
 141 0081 03       		.uleb128 0x3
 142 0082 2A030000 		.4byte	.LASF11
 143 0086 03       		.byte	0x3
 144 0087 21       		.byte	0x21
 145 0088 3A000000 		.4byte	0x3a
 146 008c 03       		.uleb128 0x3
 147 008d 35010000 		.4byte	.LASF12
 148 0091 03       		.byte	0x3
 149 0092 2D       		.byte	0x2d
 150 0093 53000000 		.4byte	0x53
 151 0097 02       		.uleb128 0x2
 152 0098 04       		.byte	0x4
 153 0099 07       		.byte	0x7
 154 009a 67020000 		.4byte	.LASF13
 155 009e 02       		.uleb128 0x2
 156 009f 01       		.byte	0x1
 157 00a0 08       		.byte	0x8
 158 00a1 87020000 		.4byte	.LASF14
 159 00a5 02       		.uleb128 0x2
 160 00a6 08       		.byte	0x8
 161 00a7 04       		.byte	0x4
 162 00a8 71010000 		.4byte	.LASF15
 163 00ac 02       		.uleb128 0x2
 164 00ad 04       		.byte	0x4
 165 00ae 04       		.byte	0x4
 166 00af B0000000 		.4byte	.LASF16
 167 00b3 02       		.uleb128 0x2
 168 00b4 08       		.byte	0x8
 169 00b5 04       		.byte	0x4
 170 00b6 E3030000 		.4byte	.LASF17
 171 00ba 05       		.uleb128 0x5
 172 00bb 78010000 		.4byte	.LASF18
 173 00bf 04       		.byte	0x4
 174 00c0 2F01     		.2byte	0x12f
 175 00c2 AC000000 		.4byte	0xac
 176 00c6 06       		.uleb128 0x6
 177 00c7 01       		.byte	0x1
 178 00c8 04       		.byte	0x4
 179 00c9 5802     		.2byte	0x258
 180 00cb 00010000 		.4byte	0x100
 181 00cf 07       		.uleb128 0x7
 182 00d0 FE020000 		.4byte	.LASF19
ARM GAS  C:\Users\IVYLIU~1\AppData\Local\Temp\ccBcjrx4.s 			page 6


 183 00d4 00       		.sleb128 0
 184 00d5 07       		.uleb128 0x7
 185 00d6 8D010000 		.4byte	.LASF20
 186 00da 7F       		.sleb128 -1
 187 00db 07       		.uleb128 0x7
 188 00dc 20000000 		.4byte	.LASF21
 189 00e0 7E       		.sleb128 -2
 190 00e1 07       		.uleb128 0x7
 191 00e2 8C000000 		.4byte	.LASF22
 192 00e6 7D       		.sleb128 -3
 193 00e7 07       		.uleb128 0x7
 194 00e8 8C020000 		.4byte	.LASF23
 195 00ec 7C       		.sleb128 -4
 196 00ed 07       		.uleb128 0x7
 197 00ee 18020000 		.4byte	.LASF24
 198 00f2 7B       		.sleb128 -5
 199 00f3 07       		.uleb128 0x7
 200 00f4 3E010000 		.4byte	.LASF25
 201 00f8 7A       		.sleb128 -6
 202 00f9 07       		.uleb128 0x7
 203 00fa 48020000 		.4byte	.LASF26
 204 00fe 79       		.sleb128 -7
 205 00ff 00       		.byte	0
 206 0100 05       		.uleb128 0x5
 207 0101 25040000 		.4byte	.LASF27
 208 0105 04       		.byte	0x4
 209 0106 6102     		.2byte	0x261
 210 0108 C6000000 		.4byte	0xc6
 211 010c 08       		.uleb128 0x8
 212 010d 04       		.byte	0x4
 213 010e 12010000 		.4byte	0x112
 214 0112 09       		.uleb128 0x9
 215 0113 81000000 		.4byte	0x81
 216 0117 08       		.uleb128 0x8
 217 0118 04       		.byte	0x4
 218 0119 1D010000 		.4byte	0x11d
 219 011d 09       		.uleb128 0x9
 220 011e BA000000 		.4byte	0xba
 221 0122 0A       		.uleb128 0xa
 222 0123 10       		.byte	0x10
 223 0124 05       		.byte	0x5
 224 0125 1101     		.2byte	0x111
 225 0127 60010000 		.4byte	0x160
 226 012b 0B       		.uleb128 0xb
 227 012c 2E010000 		.4byte	.LASF28
 228 0130 05       		.byte	0x5
 229 0131 1301     		.2byte	0x113
 230 0133 81000000 		.4byte	0x81
 231 0137 00       		.byte	0
 232 0138 0B       		.uleb128 0xb
 233 0139 7E020000 		.4byte	.LASF29
 234 013d 05       		.byte	0x5
 235 013e 1401     		.2byte	0x114
 236 0140 17010000 		.4byte	0x117
 237 0144 04       		.byte	0x4
 238 0145 0B       		.uleb128 0xb
 239 0146 A3000000 		.4byte	.LASF30
ARM GAS  C:\Users\IVYLIU~1\AppData\Local\Temp\ccBcjrx4.s 			page 7


 240 014a 05       		.byte	0x5
 241 014b 1501     		.2byte	0x115
 242 014d 0C010000 		.4byte	0x10c
 243 0151 08       		.byte	0x8
 244 0152 0B       		.uleb128 0xb
 245 0153 13000000 		.4byte	.LASF31
 246 0157 05       		.byte	0x5
 247 0158 1601     		.2byte	0x116
 248 015a 81000000 		.4byte	0x81
 249 015e 0C       		.byte	0xc
 250 015f 00       		.byte	0
 251 0160 05       		.uleb128 0x5
 252 0161 E6010000 		.4byte	.LASF32
 253 0165 05       		.byte	0x5
 254 0166 1F01     		.2byte	0x11f
 255 0168 22010000 		.4byte	0x122
 256 016c 0A       		.uleb128 0xa
 257 016d 18       		.byte	0x18
 258 016e 05       		.byte	0x5
 259 016f B001     		.2byte	0x1b0
 260 0171 9D010000 		.4byte	0x19d
 261 0175 0B       		.uleb128 0xb
 262 0176 61010000 		.4byte	.LASF33
 263 017a 05       		.byte	0x5
 264 017b B201     		.2byte	0x1b2
 265 017d 60010000 		.4byte	0x160
 266 0181 00       		.byte	0
 267 0182 0B       		.uleb128 0xb
 268 0183 2A020000 		.4byte	.LASF34
 269 0187 05       		.byte	0x5
 270 0188 B301     		.2byte	0x1b3
 271 018a 81000000 		.4byte	0x81
 272 018e 10       		.byte	0x10
 273 018f 0B       		.uleb128 0xb
 274 0190 36000000 		.4byte	.LASF35
 275 0194 05       		.byte	0x5
 276 0195 B401     		.2byte	0x1b4
 277 0197 17010000 		.4byte	0x117
 278 019b 14       		.byte	0x14
 279 019c 00       		.byte	0
 280 019d 05       		.uleb128 0x5
 281 019e BB000000 		.4byte	.LASF36
 282 01a2 05       		.byte	0x5
 283 01a3 B501     		.2byte	0x1b5
 284 01a5 6C010000 		.4byte	0x16c
 285 01a9 0A       		.uleb128 0xa
 286 01aa 38       		.byte	0x38
 287 01ab 05       		.byte	0x5
 288 01ac 4D02     		.2byte	0x24d
 289 01ae 28020000 		.4byte	0x228
 290 01b2 0B       		.uleb128 0xb
 291 01b3 35020000 		.4byte	.LASF37
 292 01b7 05       		.byte	0x5
 293 01b8 4F02     		.2byte	0x24f
 294 01ba 17010000 		.4byte	0x117
 295 01be 00       		.byte	0
 296 01bf 0B       		.uleb128 0xb
ARM GAS  C:\Users\IVYLIU~1\AppData\Local\Temp\ccBcjrx4.s 			page 8


 297 01c0 1E030000 		.4byte	.LASF38
 298 01c4 05       		.byte	0x5
 299 01c5 5002     		.2byte	0x250
 300 01c7 17010000 		.4byte	0x117
 301 01cb 04       		.byte	0x4
 302 01cc 0B       		.uleb128 0xb
 303 01cd 9C020000 		.4byte	.LASF39
 304 01d1 05       		.byte	0x5
 305 01d2 5102     		.2byte	0x251
 306 01d4 17010000 		.4byte	0x117
 307 01d8 08       		.byte	0x8
 308 01d9 0B       		.uleb128 0xb
 309 01da 3E020000 		.4byte	.LASF40
 310 01de 05       		.byte	0x5
 311 01df 5202     		.2byte	0x252
 312 01e1 28020000 		.4byte	0x228
 313 01e5 0C       		.byte	0xc
 314 01e6 0B       		.uleb128 0xb
 315 01e7 CC030000 		.4byte	.LASF41
 316 01eb 05       		.byte	0x5
 317 01ec 5302     		.2byte	0x253
 318 01ee 28020000 		.4byte	0x228
 319 01f2 10       		.byte	0x10
 320 01f3 0B       		.uleb128 0xb
 321 01f4 2E010000 		.4byte	.LASF28
 322 01f8 05       		.byte	0x5
 323 01f9 5402     		.2byte	0x254
 324 01fb 8C000000 		.4byte	0x8c
 325 01ff 14       		.byte	0x14
 326 0200 0B       		.uleb128 0xb
 327 0201 52000000 		.4byte	.LASF42
 328 0205 05       		.byte	0x5
 329 0206 5502     		.2byte	0x255
 330 0208 8C000000 		.4byte	0x8c
 331 020c 18       		.byte	0x18
 332 020d 0B       		.uleb128 0xb
 333 020e 54010000 		.4byte	.LASF43
 334 0212 05       		.byte	0x5
 335 0213 5602     		.2byte	0x256
 336 0215 8C000000 		.4byte	0x8c
 337 0219 1C       		.byte	0x1c
 338 021a 0B       		.uleb128 0xb
 339 021b 13020000 		.4byte	.LASF44
 340 021f 05       		.byte	0x5
 341 0220 5C02     		.2byte	0x25c
 342 0222 9D010000 		.4byte	0x19d
 343 0226 20       		.byte	0x20
 344 0227 00       		.byte	0
 345 0228 08       		.uleb128 0x8
 346 0229 04       		.byte	0x4
 347 022a 2E020000 		.4byte	0x22e
 348 022e 09       		.uleb128 0x9
 349 022f 8C000000 		.4byte	0x8c
 350 0233 05       		.uleb128 0x5
 351 0234 30040000 		.4byte	.LASF45
 352 0238 05       		.byte	0x5
 353 0239 5E02     		.2byte	0x25e
ARM GAS  C:\Users\IVYLIU~1\AppData\Local\Temp\ccBcjrx4.s 			page 9


 354 023b A9010000 		.4byte	0x1a9
 355 023f 0C       		.uleb128 0xc
 356 0240 F7000000 		.4byte	.LASF57
 357 0244 01       		.byte	0x1
 358 0245 49       		.byte	0x49
 359 0246 00010000 		.4byte	0x100
 360 024a 00000000 		.4byte	.LFB84
 361 024e 26000000 		.4byte	.LFE84-.LFB84
 362 0252 01       		.uleb128 0x1
 363 0253 9C       		.byte	0x9c
 364 0254 00030000 		.4byte	0x300
 365 0258 0D       		.uleb128 0xd
 366 0259 5300     		.ascii	"S\000"
 367 025b 01       		.byte	0x1
 368 025c 4A       		.byte	0x4a
 369 025d 00030000 		.4byte	0x300
 370 0261 00000000 		.4byte	.LLST0
 371 0265 0E       		.uleb128 0xe
 372 0266 2E010000 		.4byte	.LASF28
 373 026a 01       		.byte	0x1
 374 026b 4B       		.byte	0x4b
 375 026c 8C000000 		.4byte	0x8c
 376 0270 2E000000 		.4byte	.LLST1
 377 0274 0E       		.uleb128 0xe
 378 0275 52000000 		.4byte	.LASF42
 379 0279 01       		.byte	0x1
 380 027a 4C       		.byte	0x4c
 381 027b 8C000000 		.4byte	0x8c
 382 027f 5B000000 		.4byte	.LLST2
 383 0283 0E       		.uleb128 0xe
 384 0284 54010000 		.4byte	.LASF43
 385 0288 01       		.byte	0x1
 386 0289 4D       		.byte	0x4d
 387 028a 8C000000 		.4byte	0x8c
 388 028e 7C000000 		.4byte	.LLST3
 389 0292 0F       		.uleb128 0xf
 390 0293 35020000 		.4byte	.LASF37
 391 0297 01       		.byte	0x1
 392 0298 4E       		.byte	0x4e
 393 0299 17010000 		.4byte	0x117
 394 029d 02       		.uleb128 0x2
 395 029e 91       		.byte	0x91
 396 029f 00       		.sleb128 0
 397 02a0 0F       		.uleb128 0xf
 398 02a1 3E020000 		.4byte	.LASF40
 399 02a5 01       		.byte	0x1
 400 02a6 4F       		.byte	0x4f
 401 02a7 28020000 		.4byte	0x228
 402 02ab 02       		.uleb128 0x2
 403 02ac 91       		.byte	0x91
 404 02ad 04       		.sleb128 4
 405 02ae 0F       		.uleb128 0xf
 406 02af CC030000 		.4byte	.LASF41
 407 02b3 01       		.byte	0x1
 408 02b4 50       		.byte	0x50
 409 02b5 28020000 		.4byte	0x228
 410 02b9 02       		.uleb128 0x2
ARM GAS  C:\Users\IVYLIU~1\AppData\Local\Temp\ccBcjrx4.s 			page 10


 411 02ba 91       		.byte	0x91
 412 02bb 08       		.sleb128 8
 413 02bc 0F       		.uleb128 0xf
 414 02bd 1E030000 		.4byte	.LASF38
 415 02c1 01       		.byte	0x1
 416 02c2 51       		.byte	0x51
 417 02c3 17010000 		.4byte	0x117
 418 02c7 02       		.uleb128 0x2
 419 02c8 91       		.byte	0x91
 420 02c9 0C       		.sleb128 12
 421 02ca 0F       		.uleb128 0xf
 422 02cb 9C020000 		.4byte	.LASF39
 423 02cf 01       		.byte	0x1
 424 02d0 52       		.byte	0x52
 425 02d1 17010000 		.4byte	0x117
 426 02d5 02       		.uleb128 0x2
 427 02d6 91       		.byte	0x91
 428 02d7 10       		.sleb128 16
 429 02d8 10       		.uleb128 0x10
 430 02d9 6E000000 		.4byte	.LASF58
 431 02dd 01       		.byte	0x1
 432 02de 55       		.byte	0x55
 433 02df 00010000 		.4byte	0x100
 434 02e3 01       		.uleb128 0x1
 435 02e4 50       		.byte	0x50
 436 02e5 11       		.uleb128 0x11
 437 02e6 24000000 		.4byte	.LVL4
 438 02ea A6030000 		.4byte	0x3a6
 439 02ee 12       		.uleb128 0x12
 440 02ef 01       		.uleb128 0x1
 441 02f0 51       		.byte	0x51
 442 02f1 03       		.uleb128 0x3
 443 02f2 F3       		.byte	0xf3
 444 02f3 01       		.uleb128 0x1
 445 02f4 51       		.byte	0x51
 446 02f5 12       		.uleb128 0x12
 447 02f6 01       		.uleb128 0x1
 448 02f7 50       		.byte	0x50
 449 02f8 05       		.uleb128 0x5
 450 02f9 F3       		.byte	0xf3
 451 02fa 01       		.uleb128 0x1
 452 02fb 50       		.byte	0x50
 453 02fc 23       		.byte	0x23
 454 02fd 20       		.uleb128 0x20
 455 02fe 00       		.byte	0
 456 02ff 00       		.byte	0
 457 0300 08       		.uleb128 0x8
 458 0301 04       		.byte	0x4
 459 0302 33020000 		.4byte	0x233
 460 0306 03       		.uleb128 0x3
 461 0307 43000000 		.4byte	.LASF46
 462 030b 06       		.byte	0x6
 463 030c 8B       		.byte	0x8b
 464 030d 79030000 		.4byte	0x379
 465 0311 08       		.uleb128 0x8
 466 0312 04       		.byte	0x4
 467 0313 8C000000 		.4byte	0x8c
ARM GAS  C:\Users\IVYLIU~1\AppData\Local\Temp\ccBcjrx4.s 			page 11


 468 0317 13       		.uleb128 0x13
 469 0318 10040000 		.4byte	.LASF47
 470 031c 06       		.byte	0x6
 471 031d 92       		.byte	0x92
 472 031e 22030000 		.4byte	0x322
 473 0322 09       		.uleb128 0x9
 474 0323 06030000 		.4byte	0x306
 475 0327 13       		.uleb128 0x13
 476 0328 E4000000 		.4byte	.LASF48
 477 032c 06       		.byte	0x6
 478 032d 93       		.byte	0x93
 479 032e 22030000 		.4byte	0x322
 480 0332 03       		.uleb128 0x3
 481 0333 5F000000 		.4byte	.LASF49
 482 0337 06       		.byte	0x6
 483 0338 90       		.byte	0x90
 484 0339 58030000 		.4byte	0x358
 485 033d 13       		.uleb128 0x13
 486 033e EF030000 		.4byte	.LASF50
 487 0342 06       		.byte	0x6
 488 0343 94       		.byte	0x94
 489 0344 48030000 		.4byte	0x348
 490 0348 09       		.uleb128 0x9
 491 0349 32030000 		.4byte	0x332
 492 034d 13       		.uleb128 0x13
 493 034e 00000000 		.4byte	.LASF51
 494 0352 06       		.byte	0x6
 495 0353 95       		.byte	0x95
 496 0354 48030000 		.4byte	0x348
 497 0358 14       		.uleb128 0x14
 498 0359 08       		.byte	0x8
 499 035a 06       		.byte	0x6
 500 035b 8D       		.byte	0x8d
 501 035c 79030000 		.4byte	0x379
 502 0360 15       		.uleb128 0x15
 503 0361 B6000000 		.4byte	.LASF52
 504 0365 06       		.byte	0x6
 505 0366 8E       		.byte	0x8e
 506 0367 11030000 		.4byte	0x311
 507 036b 00       		.byte	0
 508 036c 15       		.uleb128 0x15
 509 036d 0F030000 		.4byte	.LASF53
 510 0371 06       		.byte	0x6
 511 0372 8F       		.byte	0x8f
 512 0373 8C000000 		.4byte	0x8c
 513 0377 04       		.byte	0x4
 514 0378 00       		.byte	0
 515 0379 14       		.uleb128 0x14
 516 037a 0C       		.byte	0xc
 517 037b 06       		.byte	0x6
 518 037c 87       		.byte	0x87
 519 037d A6030000 		.4byte	0x3a6
 520 0381 16       		.uleb128 0x16
 521 0382 73726300 		.ascii	"src\000"
 522 0386 06       		.byte	0x6
 523 0387 88       		.byte	0x88
 524 0388 28020000 		.4byte	0x228
ARM GAS  C:\Users\IVYLIU~1\AppData\Local\Temp\ccBcjrx4.s 			page 12


 525 038c 00       		.byte	0
 526 038d 15       		.uleb128 0x15
 527 038e B6000000 		.4byte	.LASF52
 528 0392 06       		.byte	0x6
 529 0393 89       		.byte	0x89
 530 0394 11030000 		.4byte	0x311
 531 0398 04       		.byte	0x4
 532 0399 15       		.uleb128 0x15
 533 039a 0F030000 		.4byte	.LASF53
 534 039e 06       		.byte	0x6
 535 039f 8A       		.byte	0x8a
 536 03a0 8C000000 		.4byte	0x8c
 537 03a4 08       		.byte	0x8
 538 03a5 00       		.byte	0
 539 03a6 17       		.uleb128 0x17
 540 03a7 75000000 		.4byte	.LASF59
 541 03ab 05       		.byte	0x5
 542 03ac B701     		.2byte	0x1b7
 543 03ae 00010000 		.4byte	0x100
 544 03b2 C1030000 		.4byte	0x3c1
 545 03b6 18       		.uleb128 0x18
 546 03b7 C1030000 		.4byte	0x3c1
 547 03bb 18       		.uleb128 0x18
 548 03bc 81000000 		.4byte	0x81
 549 03c0 00       		.byte	0
 550 03c1 08       		.uleb128 0x8
 551 03c2 04       		.byte	0x4
 552 03c3 9D010000 		.4byte	0x19d
 553 03c7 00       		.byte	0
 554              		.section	.debug_abbrev,"",%progbits
 555              	.Ldebug_abbrev0:
 556 0000 01       		.uleb128 0x1
 557 0001 11       		.uleb128 0x11
 558 0002 01       		.byte	0x1
 559 0003 25       		.uleb128 0x25
 560 0004 0E       		.uleb128 0xe
 561 0005 13       		.uleb128 0x13
 562 0006 0B       		.uleb128 0xb
 563 0007 03       		.uleb128 0x3
 564 0008 0E       		.uleb128 0xe
 565 0009 1B       		.uleb128 0x1b
 566 000a 0E       		.uleb128 0xe
 567 000b 55       		.uleb128 0x55
 568 000c 17       		.uleb128 0x17
 569 000d 11       		.uleb128 0x11
 570 000e 01       		.uleb128 0x1
 571 000f 10       		.uleb128 0x10
 572 0010 17       		.uleb128 0x17
 573 0011 00       		.byte	0
 574 0012 00       		.byte	0
 575 0013 02       		.uleb128 0x2
 576 0014 24       		.uleb128 0x24
 577 0015 00       		.byte	0
 578 0016 0B       		.uleb128 0xb
 579 0017 0B       		.uleb128 0xb
 580 0018 3E       		.uleb128 0x3e
 581 0019 0B       		.uleb128 0xb
ARM GAS  C:\Users\IVYLIU~1\AppData\Local\Temp\ccBcjrx4.s 			page 13


 582 001a 03       		.uleb128 0x3
 583 001b 0E       		.uleb128 0xe
 584 001c 00       		.byte	0
 585 001d 00       		.byte	0
 586 001e 03       		.uleb128 0x3
 587 001f 16       		.uleb128 0x16
 588 0020 00       		.byte	0
 589 0021 03       		.uleb128 0x3
 590 0022 0E       		.uleb128 0xe
 591 0023 3A       		.uleb128 0x3a
 592 0024 0B       		.uleb128 0xb
 593 0025 3B       		.uleb128 0x3b
 594 0026 0B       		.uleb128 0xb
 595 0027 49       		.uleb128 0x49
 596 0028 13       		.uleb128 0x13
 597 0029 00       		.byte	0
 598 002a 00       		.byte	0
 599 002b 04       		.uleb128 0x4
 600 002c 24       		.uleb128 0x24
 601 002d 00       		.byte	0
 602 002e 0B       		.uleb128 0xb
 603 002f 0B       		.uleb128 0xb
 604 0030 3E       		.uleb128 0x3e
 605 0031 0B       		.uleb128 0xb
 606 0032 03       		.uleb128 0x3
 607 0033 08       		.uleb128 0x8
 608 0034 00       		.byte	0
 609 0035 00       		.byte	0
 610 0036 05       		.uleb128 0x5
 611 0037 16       		.uleb128 0x16
 612 0038 00       		.byte	0
 613 0039 03       		.uleb128 0x3
 614 003a 0E       		.uleb128 0xe
 615 003b 3A       		.uleb128 0x3a
 616 003c 0B       		.uleb128 0xb
 617 003d 3B       		.uleb128 0x3b
 618 003e 05       		.uleb128 0x5
 619 003f 49       		.uleb128 0x49
 620 0040 13       		.uleb128 0x13
 621 0041 00       		.byte	0
 622 0042 00       		.byte	0
 623 0043 06       		.uleb128 0x6
 624 0044 04       		.uleb128 0x4
 625 0045 01       		.byte	0x1
 626 0046 0B       		.uleb128 0xb
 627 0047 0B       		.uleb128 0xb
 628 0048 3A       		.uleb128 0x3a
 629 0049 0B       		.uleb128 0xb
 630 004a 3B       		.uleb128 0x3b
 631 004b 05       		.uleb128 0x5
 632 004c 01       		.uleb128 0x1
 633 004d 13       		.uleb128 0x13
 634 004e 00       		.byte	0
 635 004f 00       		.byte	0
 636 0050 07       		.uleb128 0x7
 637 0051 28       		.uleb128 0x28
 638 0052 00       		.byte	0
ARM GAS  C:\Users\IVYLIU~1\AppData\Local\Temp\ccBcjrx4.s 			page 14


 639 0053 03       		.uleb128 0x3
 640 0054 0E       		.uleb128 0xe
 641 0055 1C       		.uleb128 0x1c
 642 0056 0D       		.uleb128 0xd
 643 0057 00       		.byte	0
 644 0058 00       		.byte	0
 645 0059 08       		.uleb128 0x8
 646 005a 0F       		.uleb128 0xf
 647 005b 00       		.byte	0
 648 005c 0B       		.uleb128 0xb
 649 005d 0B       		.uleb128 0xb
 650 005e 49       		.uleb128 0x49
 651 005f 13       		.uleb128 0x13
 652 0060 00       		.byte	0
 653 0061 00       		.byte	0
 654 0062 09       		.uleb128 0x9
 655 0063 26       		.uleb128 0x26
 656 0064 00       		.byte	0
 657 0065 49       		.uleb128 0x49
 658 0066 13       		.uleb128 0x13
 659 0067 00       		.byte	0
 660 0068 00       		.byte	0
 661 0069 0A       		.uleb128 0xa
 662 006a 13       		.uleb128 0x13
 663 006b 01       		.byte	0x1
 664 006c 0B       		.uleb128 0xb
 665 006d 0B       		.uleb128 0xb
 666 006e 3A       		.uleb128 0x3a
 667 006f 0B       		.uleb128 0xb
 668 0070 3B       		.uleb128 0x3b
 669 0071 05       		.uleb128 0x5
 670 0072 01       		.uleb128 0x1
 671 0073 13       		.uleb128 0x13
 672 0074 00       		.byte	0
 673 0075 00       		.byte	0
 674 0076 0B       		.uleb128 0xb
 675 0077 0D       		.uleb128 0xd
 676 0078 00       		.byte	0
 677 0079 03       		.uleb128 0x3
 678 007a 0E       		.uleb128 0xe
 679 007b 3A       		.uleb128 0x3a
 680 007c 0B       		.uleb128 0xb
 681 007d 3B       		.uleb128 0x3b
 682 007e 05       		.uleb128 0x5
 683 007f 49       		.uleb128 0x49
 684 0080 13       		.uleb128 0x13
 685 0081 38       		.uleb128 0x38
 686 0082 0B       		.uleb128 0xb
 687 0083 00       		.byte	0
 688 0084 00       		.byte	0
 689 0085 0C       		.uleb128 0xc
 690 0086 2E       		.uleb128 0x2e
 691 0087 01       		.byte	0x1
 692 0088 3F       		.uleb128 0x3f
 693 0089 19       		.uleb128 0x19
 694 008a 03       		.uleb128 0x3
 695 008b 0E       		.uleb128 0xe
ARM GAS  C:\Users\IVYLIU~1\AppData\Local\Temp\ccBcjrx4.s 			page 15


 696 008c 3A       		.uleb128 0x3a
 697 008d 0B       		.uleb128 0xb
 698 008e 3B       		.uleb128 0x3b
 699 008f 0B       		.uleb128 0xb
 700 0090 27       		.uleb128 0x27
 701 0091 19       		.uleb128 0x19
 702 0092 49       		.uleb128 0x49
 703 0093 13       		.uleb128 0x13
 704 0094 11       		.uleb128 0x11
 705 0095 01       		.uleb128 0x1
 706 0096 12       		.uleb128 0x12
 707 0097 06       		.uleb128 0x6
 708 0098 40       		.uleb128 0x40
 709 0099 18       		.uleb128 0x18
 710 009a 9742     		.uleb128 0x2117
 711 009c 19       		.uleb128 0x19
 712 009d 01       		.uleb128 0x1
 713 009e 13       		.uleb128 0x13
 714 009f 00       		.byte	0
 715 00a0 00       		.byte	0
 716 00a1 0D       		.uleb128 0xd
 717 00a2 05       		.uleb128 0x5
 718 00a3 00       		.byte	0
 719 00a4 03       		.uleb128 0x3
 720 00a5 08       		.uleb128 0x8
 721 00a6 3A       		.uleb128 0x3a
 722 00a7 0B       		.uleb128 0xb
 723 00a8 3B       		.uleb128 0x3b
 724 00a9 0B       		.uleb128 0xb
 725 00aa 49       		.uleb128 0x49
 726 00ab 13       		.uleb128 0x13
 727 00ac 02       		.uleb128 0x2
 728 00ad 17       		.uleb128 0x17
 729 00ae 00       		.byte	0
 730 00af 00       		.byte	0
 731 00b0 0E       		.uleb128 0xe
 732 00b1 05       		.uleb128 0x5
 733 00b2 00       		.byte	0
 734 00b3 03       		.uleb128 0x3
 735 00b4 0E       		.uleb128 0xe
 736 00b5 3A       		.uleb128 0x3a
 737 00b6 0B       		.uleb128 0xb
 738 00b7 3B       		.uleb128 0x3b
 739 00b8 0B       		.uleb128 0xb
 740 00b9 49       		.uleb128 0x49
 741 00ba 13       		.uleb128 0x13
 742 00bb 02       		.uleb128 0x2
 743 00bc 17       		.uleb128 0x17
 744 00bd 00       		.byte	0
 745 00be 00       		.byte	0
 746 00bf 0F       		.uleb128 0xf
 747 00c0 05       		.uleb128 0x5
 748 00c1 00       		.byte	0
 749 00c2 03       		.uleb128 0x3
 750 00c3 0E       		.uleb128 0xe
 751 00c4 3A       		.uleb128 0x3a
 752 00c5 0B       		.uleb128 0xb
ARM GAS  C:\Users\IVYLIU~1\AppData\Local\Temp\ccBcjrx4.s 			page 16


 753 00c6 3B       		.uleb128 0x3b
 754 00c7 0B       		.uleb128 0xb
 755 00c8 49       		.uleb128 0x49
 756 00c9 13       		.uleb128 0x13
 757 00ca 02       		.uleb128 0x2
 758 00cb 18       		.uleb128 0x18
 759 00cc 00       		.byte	0
 760 00cd 00       		.byte	0
 761 00ce 10       		.uleb128 0x10
 762 00cf 34       		.uleb128 0x34
 763 00d0 00       		.byte	0
 764 00d1 03       		.uleb128 0x3
 765 00d2 0E       		.uleb128 0xe
 766 00d3 3A       		.uleb128 0x3a
 767 00d4 0B       		.uleb128 0xb
 768 00d5 3B       		.uleb128 0x3b
 769 00d6 0B       		.uleb128 0xb
 770 00d7 49       		.uleb128 0x49
 771 00d8 13       		.uleb128 0x13
 772 00d9 02       		.uleb128 0x2
 773 00da 18       		.uleb128 0x18
 774 00db 00       		.byte	0
 775 00dc 00       		.byte	0
 776 00dd 11       		.uleb128 0x11
 777 00de 898201   		.uleb128 0x4109
 778 00e1 01       		.byte	0x1
 779 00e2 11       		.uleb128 0x11
 780 00e3 01       		.uleb128 0x1
 781 00e4 31       		.uleb128 0x31
 782 00e5 13       		.uleb128 0x13
 783 00e6 00       		.byte	0
 784 00e7 00       		.byte	0
 785 00e8 12       		.uleb128 0x12
 786 00e9 8A8201   		.uleb128 0x410a
 787 00ec 00       		.byte	0
 788 00ed 02       		.uleb128 0x2
 789 00ee 18       		.uleb128 0x18
 790 00ef 9142     		.uleb128 0x2111
 791 00f1 18       		.uleb128 0x18
 792 00f2 00       		.byte	0
 793 00f3 00       		.byte	0
 794 00f4 13       		.uleb128 0x13
 795 00f5 34       		.uleb128 0x34
 796 00f6 00       		.byte	0
 797 00f7 03       		.uleb128 0x3
 798 00f8 0E       		.uleb128 0xe
 799 00f9 3A       		.uleb128 0x3a
 800 00fa 0B       		.uleb128 0xb
 801 00fb 3B       		.uleb128 0x3b
 802 00fc 0B       		.uleb128 0xb
 803 00fd 49       		.uleb128 0x49
 804 00fe 13       		.uleb128 0x13
 805 00ff 3F       		.uleb128 0x3f
 806 0100 19       		.uleb128 0x19
 807 0101 3C       		.uleb128 0x3c
 808 0102 19       		.uleb128 0x19
 809 0103 00       		.byte	0
ARM GAS  C:\Users\IVYLIU~1\AppData\Local\Temp\ccBcjrx4.s 			page 17


 810 0104 00       		.byte	0
 811 0105 14       		.uleb128 0x14
 812 0106 13       		.uleb128 0x13
 813 0107 01       		.byte	0x1
 814 0108 0B       		.uleb128 0xb
 815 0109 0B       		.uleb128 0xb
 816 010a 3A       		.uleb128 0x3a
 817 010b 0B       		.uleb128 0xb
 818 010c 3B       		.uleb128 0x3b
 819 010d 0B       		.uleb128 0xb
 820 010e 01       		.uleb128 0x1
 821 010f 13       		.uleb128 0x13
 822 0110 00       		.byte	0
 823 0111 00       		.byte	0
 824 0112 15       		.uleb128 0x15
 825 0113 0D       		.uleb128 0xd
 826 0114 00       		.byte	0
 827 0115 03       		.uleb128 0x3
 828 0116 0E       		.uleb128 0xe
 829 0117 3A       		.uleb128 0x3a
 830 0118 0B       		.uleb128 0xb
 831 0119 3B       		.uleb128 0x3b
 832 011a 0B       		.uleb128 0xb
 833 011b 49       		.uleb128 0x49
 834 011c 13       		.uleb128 0x13
 835 011d 38       		.uleb128 0x38
 836 011e 0B       		.uleb128 0xb
 837 011f 00       		.byte	0
 838 0120 00       		.byte	0
 839 0121 16       		.uleb128 0x16
 840 0122 0D       		.uleb128 0xd
 841 0123 00       		.byte	0
 842 0124 03       		.uleb128 0x3
 843 0125 08       		.uleb128 0x8
 844 0126 3A       		.uleb128 0x3a
 845 0127 0B       		.uleb128 0xb
 846 0128 3B       		.uleb128 0x3b
 847 0129 0B       		.uleb128 0xb
 848 012a 49       		.uleb128 0x49
 849 012b 13       		.uleb128 0x13
 850 012c 38       		.uleb128 0x38
 851 012d 0B       		.uleb128 0xb
 852 012e 00       		.byte	0
 853 012f 00       		.byte	0
 854 0130 17       		.uleb128 0x17
 855 0131 2E       		.uleb128 0x2e
 856 0132 01       		.byte	0x1
 857 0133 3F       		.uleb128 0x3f
 858 0134 19       		.uleb128 0x19
 859 0135 03       		.uleb128 0x3
 860 0136 0E       		.uleb128 0xe
 861 0137 3A       		.uleb128 0x3a
 862 0138 0B       		.uleb128 0xb
 863 0139 3B       		.uleb128 0x3b
 864 013a 05       		.uleb128 0x5
 865 013b 27       		.uleb128 0x27
 866 013c 19       		.uleb128 0x19
ARM GAS  C:\Users\IVYLIU~1\AppData\Local\Temp\ccBcjrx4.s 			page 18


 867 013d 49       		.uleb128 0x49
 868 013e 13       		.uleb128 0x13
 869 013f 3C       		.uleb128 0x3c
 870 0140 19       		.uleb128 0x19
 871 0141 01       		.uleb128 0x1
 872 0142 13       		.uleb128 0x13
 873 0143 00       		.byte	0
 874 0144 00       		.byte	0
 875 0145 18       		.uleb128 0x18
 876 0146 05       		.uleb128 0x5
 877 0147 00       		.byte	0
 878 0148 49       		.uleb128 0x49
 879 0149 13       		.uleb128 0x13
 880 014a 00       		.byte	0
 881 014b 00       		.byte	0
 882 014c 00       		.byte	0
 883              		.section	.debug_loc,"",%progbits
 884              	.Ldebug_loc0:
 885              	.LLST0:
 886 0000 00000000 		.4byte	.LVL0
 887 0004 1E000000 		.4byte	.LVL2
 888 0008 0100     		.2byte	0x1
 889 000a 50       		.byte	0x50
 890 000b 1E000000 		.4byte	.LVL2
 891 000f 23000000 		.4byte	.LVL4-1
 892 0013 0300     		.2byte	0x3
 893 0015 70       		.byte	0x70
 894 0016 60       		.sleb128 -32
 895 0017 9F       		.byte	0x9f
 896 0018 23000000 		.4byte	.LVL4-1
 897 001c 26000000 		.4byte	.LFE84
 898 0020 0400     		.2byte	0x4
 899 0022 F3       		.byte	0xf3
 900 0023 01       		.uleb128 0x1
 901 0024 50       		.byte	0x50
 902 0025 9F       		.byte	0x9f
 903 0026 00000000 		.4byte	0
 904 002a 00000000 		.4byte	0
 905              	.LLST1:
 906 002e 00000000 		.4byte	.LVL0
 907 0032 20000000 		.4byte	.LVL3
 908 0036 0100     		.2byte	0x1
 909 0038 51       		.byte	0x51
 910 0039 20000000 		.4byte	.LVL3
 911 003d 23000000 		.4byte	.LVL4-1
 912 0041 0200     		.2byte	0x2
 913 0043 70       		.byte	0x70
 914 0044 74       		.sleb128 -12
 915 0045 23000000 		.4byte	.LVL4-1
 916 0049 26000000 		.4byte	.LFE84
 917 004d 0400     		.2byte	0x4
 918 004f F3       		.byte	0xf3
 919 0050 01       		.uleb128 0x1
 920 0051 51       		.byte	0x51
 921 0052 9F       		.byte	0x9f
 922 0053 00000000 		.4byte	0
 923 0057 00000000 		.4byte	0
ARM GAS  C:\Users\IVYLIU~1\AppData\Local\Temp\ccBcjrx4.s 			page 19


 924              	.LLST2:
 925 005b 00000000 		.4byte	.LVL0
 926 005f 23000000 		.4byte	.LVL4-1
 927 0063 0100     		.2byte	0x1
 928 0065 52       		.byte	0x52
 929 0066 23000000 		.4byte	.LVL4-1
 930 006a 26000000 		.4byte	.LFE84
 931 006e 0400     		.2byte	0x4
 932 0070 F3       		.byte	0xf3
 933 0071 01       		.uleb128 0x1
 934 0072 52       		.byte	0x52
 935 0073 9F       		.byte	0x9f
 936 0074 00000000 		.4byte	0
 937 0078 00000000 		.4byte	0
 938              	.LLST3:
 939 007c 00000000 		.4byte	.LVL0
 940 0080 0A000000 		.4byte	.LVL1
 941 0084 0100     		.2byte	0x1
 942 0086 53       		.byte	0x53
 943 0087 0A000000 		.4byte	.LVL1
 944 008b 1E000000 		.4byte	.LVL2
 945 008f 0200     		.2byte	0x2
 946 0091 70       		.byte	0x70
 947 0092 1C       		.sleb128 28
 948 0093 1E000000 		.4byte	.LVL2
 949 0097 23000000 		.4byte	.LVL4-1
 950 009b 0200     		.2byte	0x2
 951 009d 70       		.byte	0x70
 952 009e 7C       		.sleb128 -4
 953 009f 23000000 		.4byte	.LVL4-1
 954 00a3 26000000 		.4byte	.LFE84
 955 00a7 0400     		.2byte	0x4
 956 00a9 F3       		.byte	0xf3
 957 00aa 01       		.uleb128 0x1
 958 00ab 53       		.byte	0x53
 959 00ac 9F       		.byte	0x9f
 960 00ad 00000000 		.4byte	0
 961 00b1 00000000 		.4byte	0
 962              		.section	.debug_aranges,"",%progbits
 963 0000 1C000000 		.4byte	0x1c
 964 0004 0200     		.2byte	0x2
 965 0006 00000000 		.4byte	.Ldebug_info0
 966 000a 04       		.byte	0x4
 967 000b 00       		.byte	0
 968 000c 0000     		.2byte	0
 969 000e 0000     		.2byte	0
 970 0010 00000000 		.4byte	.LFB84
 971 0014 26000000 		.4byte	.LFE84-.LFB84
 972 0018 00000000 		.4byte	0
 973 001c 00000000 		.4byte	0
 974              		.section	.debug_ranges,"",%progbits
 975              	.Ldebug_ranges0:
 976 0000 00000000 		.4byte	.LFB84
 977 0004 26000000 		.4byte	.LFE84
 978 0008 00000000 		.4byte	0
 979 000c 00000000 		.4byte	0
 980              		.section	.debug_line,"",%progbits
ARM GAS  C:\Users\IVYLIU~1\AppData\Local\Temp\ccBcjrx4.s 			page 20


 981              	.Ldebug_line0:
 982 0000 CD010000 		.section	.debug_str,"MS",%progbits,1
 982      0200AD01 
 982      00000201 
 982      FB0E0D00 
 982      01010101 
 983              	.LASF51:
 984 0000 5F5F7A65 		.ascii	"__zero_table_end__\000"
 984      726F5F74 
 984      61626C65 
 984      5F656E64 
 984      5F5F00
 985              	.LASF31:
 986 0013 62697452 		.ascii	"bitRevLength\000"
 986      65764C65 
 986      6E677468 
 986      00
 987              	.LASF21:
 988 0020 41524D5F 		.ascii	"ARM_MATH_LENGTH_ERROR\000"
 988      4D415448 
 988      5F4C454E 
 988      4754485F 
 988      4552524F 
 989              	.LASF35:
 990 0036 70547769 		.ascii	"pTwiddleRFFT\000"
 990      64646C65 
 990      52464654 
 990      00
 991              	.LASF46:
 992 0043 5F5F636F 		.ascii	"__copy_table_t\000"
 992      70795F74 
 992      61626C65 
 992      5F7400
 993              	.LASF42:
 994 0052 6E624D65 		.ascii	"nbMelFilters\000"
 994      6C46696C 
 994      74657273 
 994      00
 995              	.LASF49:
 996 005f 5F5F7A65 		.ascii	"__zero_table_t\000"
 996      726F5F74 
 996      61626C65 
 996      5F7400
 997              	.LASF58:
 998 006e 73746174 		.ascii	"status\000"
 998      757300
 999              	.LASF59:
 1000 0075 61726D5F 		.ascii	"arm_rfft_fast_init_f32\000"
 1000      72666674 
 1000      5F666173 
 1000      745F696E 
 1000      69745F66 
 1001              	.LASF22:
 1002 008c 41524D5F 		.ascii	"ARM_MATH_SIZE_MISMATCH\000"
 1002      4D415448 
 1002      5F53495A 
 1002      455F4D49 
ARM GAS  C:\Users\IVYLIU~1\AppData\Local\Temp\ccBcjrx4.s 			page 21


 1002      534D4154 
 1003              	.LASF30:
 1004 00a3 70426974 		.ascii	"pBitRevTable\000"
 1004      52657654 
 1004      61626C65 
 1004      00
 1005              	.LASF16:
 1006 00b0 666C6F61 		.ascii	"float\000"
 1006      7400
 1007              	.LASF52:
 1008 00b6 64657374 		.ascii	"dest\000"
 1008      00
 1009              	.LASF36:
 1010 00bb 61726D5F 		.ascii	"arm_rfft_fast_instance_f32\000"
 1010      72666674 
 1010      5F666173 
 1010      745F696E 
 1010      7374616E 
 1011              	.LASF1:
 1012 00d6 756E7369 		.ascii	"unsigned char\000"
 1012      676E6564 
 1012      20636861 
 1012      7200
 1013              	.LASF48:
 1014 00e4 5F5F636F 		.ascii	"__copy_table_end__\000"
 1014      70795F74 
 1014      61626C65 
 1014      5F656E64 
 1014      5F5F00
 1015              	.LASF57:
 1016 00f7 61726D5F 		.ascii	"arm_mfcc_init_f32\000"
 1016      6D666363 
 1016      5F696E69 
 1016      745F6633 
 1016      3200
 1017              	.LASF7:
 1018 0109 6C6F6E67 		.ascii	"long unsigned int\000"
 1018      20756E73 
 1018      69676E65 
 1018      6420696E 
 1018      7400
 1019              	.LASF3:
 1020 011b 73686F72 		.ascii	"short unsigned int\000"
 1020      7420756E 
 1020      7369676E 
 1020      65642069 
 1020      6E7400
 1021              	.LASF28:
 1022 012e 6666744C 		.ascii	"fftLen\000"
 1022      656E00
 1023              	.LASF12:
 1024 0135 75696E74 		.ascii	"uint32_t\000"
 1024      33325F74 
 1024      00
 1025              	.LASF25:
 1026 013e 41524D5F 		.ascii	"ARM_MATH_TEST_FAILURE\000"
 1026      4D415448 
ARM GAS  C:\Users\IVYLIU~1\AppData\Local\Temp\ccBcjrx4.s 			page 22


 1026      5F544553 
 1026      545F4641 
 1026      494C5552 
 1027              	.LASF43:
 1028 0154 6E624463 		.ascii	"nbDctOutputs\000"
 1028      744F7574 
 1028      70757473 
 1028      00
 1029              	.LASF33:
 1030 0161 53696E74 		.ascii	"Sint\000"
 1030      00
 1031              	.LASF5:
 1032 0166 5F5F7569 		.ascii	"__uint16_t\000"
 1032      6E743136 
 1032      5F7400
 1033              	.LASF15:
 1034 0171 646F7562 		.ascii	"double\000"
 1034      6C6500
 1035              	.LASF18:
 1036 0178 666C6F61 		.ascii	"float32_t\000"
 1036      7433325F 
 1036      7400
 1037              	.LASF6:
 1038 0182 5F5F7569 		.ascii	"__uint32_t\000"
 1038      6E743332 
 1038      5F7400
 1039              	.LASF20:
 1040 018d 41524D5F 		.ascii	"ARM_MATH_ARGUMENT_ERROR\000"
 1040      4D415448 
 1040      5F415247 
 1040      554D454E 
 1040      545F4552 
 1041              	.LASF55:
 1042 01a5 2E5C4453 		.ascii	".\\DSP\\Source\\TransformFunctions\\arm_mfcc_init_f"
 1042      505C536F 
 1042      75726365 
 1042      5C547261 
 1042      6E73666F 
 1043 01d4 33322E63 		.ascii	"32.c\000"
 1043      00
 1044              	.LASF10:
 1045 01d9 756E7369 		.ascii	"unsigned int\000"
 1045      676E6564 
 1045      20696E74 
 1045      00
 1046              	.LASF32:
 1047 01e6 61726D5F 		.ascii	"arm_cfft_instance_f32\000"
 1047      63666674 
 1047      5F696E73 
 1047      74616E63 
 1047      655F6633 
 1048              	.LASF9:
 1049 01fc 6C6F6E67 		.ascii	"long long unsigned int\000"
 1049      206C6F6E 
 1049      6720756E 
 1049      7369676E 
 1049      65642069 
ARM GAS  C:\Users\IVYLIU~1\AppData\Local\Temp\ccBcjrx4.s 			page 23


 1050              	.LASF44:
 1051 0213 72666674 		.ascii	"rfft\000"
 1051      00
 1052              	.LASF24:
 1053 0218 41524D5F 		.ascii	"ARM_MATH_SINGULAR\000"
 1053      4D415448 
 1053      5F53494E 
 1053      47554C41 
 1053      5200
 1054              	.LASF34:
 1055 022a 6666744C 		.ascii	"fftLenRFFT\000"
 1055      656E5246 
 1055      465400
 1056              	.LASF37:
 1057 0235 64637443 		.ascii	"dctCoefs\000"
 1057      6F656673 
 1057      00
 1058              	.LASF40:
 1059 023e 66696C74 		.ascii	"filterPos\000"
 1059      6572506F 
 1059      7300
 1060              	.LASF26:
 1061 0248 41524D5F 		.ascii	"ARM_MATH_DECOMPOSITION_FAILURE\000"
 1061      4D415448 
 1061      5F444543 
 1061      4F4D504F 
 1061      53495449 
 1062              	.LASF13:
 1063 0267 73697A65 		.ascii	"sizetype\000"
 1063      74797065 
 1063      00
 1064              	.LASF8:
 1065 0270 6C6F6E67 		.ascii	"long long int\000"
 1065      206C6F6E 
 1065      6720696E 
 1065      7400
 1066              	.LASF29:
 1067 027e 70547769 		.ascii	"pTwiddle\000"
 1067      64646C65 
 1067      00
 1068              	.LASF14:
 1069 0287 63686172 		.ascii	"char\000"
 1069      00
 1070              	.LASF23:
 1071 028c 41524D5F 		.ascii	"ARM_MATH_NANINF\000"
 1071      4D415448 
 1071      5F4E414E 
 1071      494E4600 
 1072              	.LASF39:
 1073 029c 77696E64 		.ascii	"windowCoefs\000"
 1073      6F77436F 
 1073      65667300 
 1074              	.LASF56:
 1075 02a8 5C5C766D 		.ascii	"\\\\vmware-host\\Shared Folders\\Documents\\PSoC Cr"
 1075      77617265 
 1075      2D686F73 
 1075      745C5368 
ARM GAS  C:\Users\IVYLIU~1\AppData\Local\Temp\ccBcjrx4.s 			page 24


 1075      61726564 
 1076 02d6 6561746F 		.ascii	"eator\\FinalProject\\SoundDetection.cydsn\000"
 1076      725C4669 
 1076      6E616C50 
 1076      726F6A65 
 1076      63745C53 
 1077              	.LASF19:
 1078 02fe 41524D5F 		.ascii	"ARM_MATH_SUCCESS\000"
 1078      4D415448 
 1078      5F535543 
 1078      43455353 
 1078      00
 1079              	.LASF53:
 1080 030f 776C656E 		.ascii	"wlen\000"
 1080      00
 1081              	.LASF2:
 1082 0314 73686F72 		.ascii	"short int\000"
 1082      7420696E 
 1082      7400
 1083              	.LASF38:
 1084 031e 66696C74 		.ascii	"filterCoefs\000"
 1084      6572436F 
 1084      65667300 
 1085              	.LASF11:
 1086 032a 75696E74 		.ascii	"uint16_t\000"
 1086      31365F74 
 1086      00
 1087              	.LASF54:
 1088 0333 474E5520 		.ascii	"GNU C 4.9.3 20150303 (release) [ARM/embedded-4_9-br"
 1088      4320342E 
 1088      392E3320 
 1088      32303135 
 1088      30333033 
 1089 0366 616E6368 		.ascii	"anch revision 221220] -mcpu=cortex-m3 -mthumb -g -O"
 1089      20726576 
 1089      6973696F 
 1089      6E203232 
 1089      31323230 
 1090 0399 67202D73 		.ascii	"g -std=gnu99 -ffunction-sections -ffat-lto-objects\000"
 1090      74643D67 
 1090      6E753939 
 1090      202D6666 
 1090      756E6374 
 1091              	.LASF41:
 1092 03cc 66696C74 		.ascii	"filterLengths\000"
 1092      65724C65 
 1092      6E677468 
 1092      7300
 1093              	.LASF4:
 1094 03da 6C6F6E67 		.ascii	"long int\000"
 1094      20696E74 
 1094      00
 1095              	.LASF17:
 1096 03e3 6C6F6E67 		.ascii	"long double\000"
 1096      20646F75 
 1096      626C6500 
 1097              	.LASF50:
ARM GAS  C:\Users\IVYLIU~1\AppData\Local\Temp\ccBcjrx4.s 			page 25


 1098 03ef 5F5F7A65 		.ascii	"__zero_table_start__\000"
 1098      726F5F74 
 1098      61626C65 
 1098      5F737461 
 1098      72745F5F 
 1099              	.LASF0:
 1100 0404 7369676E 		.ascii	"signed char\000"
 1100      65642063 
 1100      68617200 
 1101              	.LASF47:
 1102 0410 5F5F636F 		.ascii	"__copy_table_start__\000"
 1102      70795F74 
 1102      61626C65 
 1102      5F737461 
 1102      72745F5F 
 1103              	.LASF27:
 1104 0425 61726D5F 		.ascii	"arm_status\000"
 1104      73746174 
 1104      757300
 1105              	.LASF45:
 1106 0430 61726D5F 		.ascii	"arm_mfcc_instance_f32\000"
 1106      6D666363 
 1106      5F696E73 
 1106      74616E63 
 1106      655F6633 
 1107              		.ident	"GCC: (GNU Tools for ARM Embedded Processors) 4.9.3 20150303 (release) [ARM/embedded-4_9-br
