ARM GAS  C:\Users\IVYLIU~1\AppData\Local\Temp\ccogUZmk.s 			page 1


   1              		.syntax unified
   2              		.cpu cortex-m3
   3              		.fpu softvfp
   4              		.eabi_attribute 20, 1
   5              		.eabi_attribute 21, 1
   6              		.eabi_attribute 23, 3
   7              		.eabi_attribute 24, 1
   8              		.eabi_attribute 25, 1
   9              		.eabi_attribute 26, 1
  10              		.eabi_attribute 30, 1
  11              		.eabi_attribute 34, 1
  12              		.eabi_attribute 18, 4
  13              		.thumb
  14              		.file	"arm_cmplx_conj_q15.c"
  15              		.text
  16              	.Ltext0:
  17              		.cfi_sections	.debug_frame
  18              		.section	.text.arm_cmplx_conj_q15,"ax",%progbits
  19              		.align	2
  20              		.global	arm_cmplx_conj_q15
  21              		.thumb
  22              		.thumb_func
  23              		.type	arm_cmplx_conj_q15, %function
  24              	arm_cmplx_conj_q15:
  25              	.LFB84:
  26              		.file 1 ".\\DSP\\Source\\ComplexMathFunctions\\arm_cmplx_conj_q15.c"
   1:.\DSP\Source\ComplexMathFunctions/arm_cmplx_conj_q15.c **** /* ----------------------------------------------------------------------
   2:.\DSP\Source\ComplexMathFunctions/arm_cmplx_conj_q15.c ****  * Project:      CMSIS DSP Library
   3:.\DSP\Source\ComplexMathFunctions/arm_cmplx_conj_q15.c ****  * Title:        arm_cmplx_conj_q15.c
   4:.\DSP\Source\ComplexMathFunctions/arm_cmplx_conj_q15.c ****  * Description:  Q15 complex conjugate
   5:.\DSP\Source\ComplexMathFunctions/arm_cmplx_conj_q15.c ****  *
   6:.\DSP\Source\ComplexMathFunctions/arm_cmplx_conj_q15.c ****  * $Date:        23 April 2021
   7:.\DSP\Source\ComplexMathFunctions/arm_cmplx_conj_q15.c ****  * $Revision:    V1.9.0
   8:.\DSP\Source\ComplexMathFunctions/arm_cmplx_conj_q15.c ****  *
   9:.\DSP\Source\ComplexMathFunctions/arm_cmplx_conj_q15.c ****  * Target Processor: Cortex-M and Cortex-A cores
  10:.\DSP\Source\ComplexMathFunctions/arm_cmplx_conj_q15.c ****  * -------------------------------------------------------------------- */
  11:.\DSP\Source\ComplexMathFunctions/arm_cmplx_conj_q15.c **** /*
  12:.\DSP\Source\ComplexMathFunctions/arm_cmplx_conj_q15.c ****  * Copyright (C) 2010-2021 ARM Limited or its affiliates. All rights reserved.
  13:.\DSP\Source\ComplexMathFunctions/arm_cmplx_conj_q15.c ****  *
  14:.\DSP\Source\ComplexMathFunctions/arm_cmplx_conj_q15.c ****  * SPDX-License-Identifier: Apache-2.0
  15:.\DSP\Source\ComplexMathFunctions/arm_cmplx_conj_q15.c ****  *
  16:.\DSP\Source\ComplexMathFunctions/arm_cmplx_conj_q15.c ****  * Licensed under the Apache License, Version 2.0 (the License); you may
  17:.\DSP\Source\ComplexMathFunctions/arm_cmplx_conj_q15.c ****  * not use this file except in compliance with the License.
  18:.\DSP\Source\ComplexMathFunctions/arm_cmplx_conj_q15.c ****  * You may obtain a copy of the License at
  19:.\DSP\Source\ComplexMathFunctions/arm_cmplx_conj_q15.c ****  *
  20:.\DSP\Source\ComplexMathFunctions/arm_cmplx_conj_q15.c ****  * www.apache.org/licenses/LICENSE-2.0
  21:.\DSP\Source\ComplexMathFunctions/arm_cmplx_conj_q15.c ****  *
  22:.\DSP\Source\ComplexMathFunctions/arm_cmplx_conj_q15.c ****  * Unless required by applicable law or agreed to in writing, software
  23:.\DSP\Source\ComplexMathFunctions/arm_cmplx_conj_q15.c ****  * distributed under the License is distributed on an AS IS BASIS, WITHOUT
  24:.\DSP\Source\ComplexMathFunctions/arm_cmplx_conj_q15.c ****  * WARRANTIES OR CONDITIONS OF ANY KIND, either express or implied.
  25:.\DSP\Source\ComplexMathFunctions/arm_cmplx_conj_q15.c ****  * See the License for the specific language governing permissions and
  26:.\DSP\Source\ComplexMathFunctions/arm_cmplx_conj_q15.c ****  * limitations under the License.
  27:.\DSP\Source\ComplexMathFunctions/arm_cmplx_conj_q15.c ****  */
  28:.\DSP\Source\ComplexMathFunctions/arm_cmplx_conj_q15.c **** 
  29:.\DSP\Source\ComplexMathFunctions/arm_cmplx_conj_q15.c **** #include "dsp/complex_math_functions.h"
  30:.\DSP\Source\ComplexMathFunctions/arm_cmplx_conj_q15.c **** 
  31:.\DSP\Source\ComplexMathFunctions/arm_cmplx_conj_q15.c **** /**
ARM GAS  C:\Users\IVYLIU~1\AppData\Local\Temp\ccogUZmk.s 			page 2


  32:.\DSP\Source\ComplexMathFunctions/arm_cmplx_conj_q15.c ****   @ingroup groupCmplxMath
  33:.\DSP\Source\ComplexMathFunctions/arm_cmplx_conj_q15.c ****  */
  34:.\DSP\Source\ComplexMathFunctions/arm_cmplx_conj_q15.c **** 
  35:.\DSP\Source\ComplexMathFunctions/arm_cmplx_conj_q15.c **** /**
  36:.\DSP\Source\ComplexMathFunctions/arm_cmplx_conj_q15.c ****   @addtogroup cmplx_conj
  37:.\DSP\Source\ComplexMathFunctions/arm_cmplx_conj_q15.c ****   @{
  38:.\DSP\Source\ComplexMathFunctions/arm_cmplx_conj_q15.c ****  */
  39:.\DSP\Source\ComplexMathFunctions/arm_cmplx_conj_q15.c **** 
  40:.\DSP\Source\ComplexMathFunctions/arm_cmplx_conj_q15.c **** /**
  41:.\DSP\Source\ComplexMathFunctions/arm_cmplx_conj_q15.c ****   @brief         Q15 complex conjugate.
  42:.\DSP\Source\ComplexMathFunctions/arm_cmplx_conj_q15.c ****   @param[in]     pSrc        points to the input vector
  43:.\DSP\Source\ComplexMathFunctions/arm_cmplx_conj_q15.c ****   @param[out]    pDst        points to the output vector
  44:.\DSP\Source\ComplexMathFunctions/arm_cmplx_conj_q15.c ****   @param[in]     numSamples  number of samples in each vector
  45:.\DSP\Source\ComplexMathFunctions/arm_cmplx_conj_q15.c ****   @return        none
  46:.\DSP\Source\ComplexMathFunctions/arm_cmplx_conj_q15.c **** 
  47:.\DSP\Source\ComplexMathFunctions/arm_cmplx_conj_q15.c ****   @par           Scaling and Overflow Behavior
  48:.\DSP\Source\ComplexMathFunctions/arm_cmplx_conj_q15.c ****                    The function uses saturating arithmetic.
  49:.\DSP\Source\ComplexMathFunctions/arm_cmplx_conj_q15.c ****                    The Q15 value -1 (0x8000) is saturated to the maximum allowable positive value 0
  50:.\DSP\Source\ComplexMathFunctions/arm_cmplx_conj_q15.c ****  */
  51:.\DSP\Source\ComplexMathFunctions/arm_cmplx_conj_q15.c **** 
  52:.\DSP\Source\ComplexMathFunctions/arm_cmplx_conj_q15.c **** 
  53:.\DSP\Source\ComplexMathFunctions/arm_cmplx_conj_q15.c **** #if defined(ARM_MATH_MVEI) && !defined(ARM_MATH_AUTOVECTORIZE)
  54:.\DSP\Source\ComplexMathFunctions/arm_cmplx_conj_q15.c **** void arm_cmplx_conj_q15(
  55:.\DSP\Source\ComplexMathFunctions/arm_cmplx_conj_q15.c ****   const q15_t * pSrc,
  56:.\DSP\Source\ComplexMathFunctions/arm_cmplx_conj_q15.c ****         q15_t * pDst,
  57:.\DSP\Source\ComplexMathFunctions/arm_cmplx_conj_q15.c ****         uint32_t numSamples)
  58:.\DSP\Source\ComplexMathFunctions/arm_cmplx_conj_q15.c **** {
  59:.\DSP\Source\ComplexMathFunctions/arm_cmplx_conj_q15.c ****     uint32_t blockSize = numSamples * CMPLX_DIM;   /* loop counters */
  60:.\DSP\Source\ComplexMathFunctions/arm_cmplx_conj_q15.c ****     uint32_t blkCnt;
  61:.\DSP\Source\ComplexMathFunctions/arm_cmplx_conj_q15.c ****     q31_t in1; 
  62:.\DSP\Source\ComplexMathFunctions/arm_cmplx_conj_q15.c **** 
  63:.\DSP\Source\ComplexMathFunctions/arm_cmplx_conj_q15.c ****     q15x8x2_t vecSrc;
  64:.\DSP\Source\ComplexMathFunctions/arm_cmplx_conj_q15.c ****     q15x8_t zero;
  65:.\DSP\Source\ComplexMathFunctions/arm_cmplx_conj_q15.c **** 
  66:.\DSP\Source\ComplexMathFunctions/arm_cmplx_conj_q15.c ****     zero = vdupq_n_s16(0);
  67:.\DSP\Source\ComplexMathFunctions/arm_cmplx_conj_q15.c **** 
  68:.\DSP\Source\ComplexMathFunctions/arm_cmplx_conj_q15.c ****     /* Compute 8 real samples at a time */
  69:.\DSP\Source\ComplexMathFunctions/arm_cmplx_conj_q15.c ****     blkCnt = blockSize >> 4U;
  70:.\DSP\Source\ComplexMathFunctions/arm_cmplx_conj_q15.c ****     while (blkCnt > 0U)
  71:.\DSP\Source\ComplexMathFunctions/arm_cmplx_conj_q15.c ****     {
  72:.\DSP\Source\ComplexMathFunctions/arm_cmplx_conj_q15.c ****         vecSrc = vld2q(pSrc);
  73:.\DSP\Source\ComplexMathFunctions/arm_cmplx_conj_q15.c ****         vecSrc.val[1] = vqsubq(zero, vecSrc.val[1]);
  74:.\DSP\Source\ComplexMathFunctions/arm_cmplx_conj_q15.c ****         vst2q(pDst,vecSrc);
  75:.\DSP\Source\ComplexMathFunctions/arm_cmplx_conj_q15.c ****         /*
  76:.\DSP\Source\ComplexMathFunctions/arm_cmplx_conj_q15.c ****          * Decrement the blkCnt loop counter
  77:.\DSP\Source\ComplexMathFunctions/arm_cmplx_conj_q15.c ****          * Advance vector source and destination pointers
  78:.\DSP\Source\ComplexMathFunctions/arm_cmplx_conj_q15.c ****          */
  79:.\DSP\Source\ComplexMathFunctions/arm_cmplx_conj_q15.c ****         pSrc += 16;
  80:.\DSP\Source\ComplexMathFunctions/arm_cmplx_conj_q15.c ****         pDst += 16;
  81:.\DSP\Source\ComplexMathFunctions/arm_cmplx_conj_q15.c ****         blkCnt --;
  82:.\DSP\Source\ComplexMathFunctions/arm_cmplx_conj_q15.c ****     }
  83:.\DSP\Source\ComplexMathFunctions/arm_cmplx_conj_q15.c ****     
  84:.\DSP\Source\ComplexMathFunctions/arm_cmplx_conj_q15.c ****      /* Tail */
  85:.\DSP\Source\ComplexMathFunctions/arm_cmplx_conj_q15.c ****     blkCnt = (blockSize & 0xF) >> 1;
  86:.\DSP\Source\ComplexMathFunctions/arm_cmplx_conj_q15.c **** 
  87:.\DSP\Source\ComplexMathFunctions/arm_cmplx_conj_q15.c ****     while (blkCnt > 0U)
  88:.\DSP\Source\ComplexMathFunctions/arm_cmplx_conj_q15.c ****     {
ARM GAS  C:\Users\IVYLIU~1\AppData\Local\Temp\ccogUZmk.s 			page 3


  89:.\DSP\Source\ComplexMathFunctions/arm_cmplx_conj_q15.c ****       /* C[0] + jC[1] = A[0]+ j(-1)A[1] */
  90:.\DSP\Source\ComplexMathFunctions/arm_cmplx_conj_q15.c ****   
  91:.\DSP\Source\ComplexMathFunctions/arm_cmplx_conj_q15.c ****       /* Calculate Complex Conjugate and store result in destination buffer. */
  92:.\DSP\Source\ComplexMathFunctions/arm_cmplx_conj_q15.c ****       *pDst++ =  *pSrc++;
  93:.\DSP\Source\ComplexMathFunctions/arm_cmplx_conj_q15.c ****       in1 = *pSrc++;
  94:.\DSP\Source\ComplexMathFunctions/arm_cmplx_conj_q15.c ****       *pDst++ = __SSAT(-in1, 16);
  95:.\DSP\Source\ComplexMathFunctions/arm_cmplx_conj_q15.c ****   
  96:.\DSP\Source\ComplexMathFunctions/arm_cmplx_conj_q15.c ****       /* Decrement loop counter */
  97:.\DSP\Source\ComplexMathFunctions/arm_cmplx_conj_q15.c ****       blkCnt--;
  98:.\DSP\Source\ComplexMathFunctions/arm_cmplx_conj_q15.c ****     }
  99:.\DSP\Source\ComplexMathFunctions/arm_cmplx_conj_q15.c **** }
 100:.\DSP\Source\ComplexMathFunctions/arm_cmplx_conj_q15.c **** #else
 101:.\DSP\Source\ComplexMathFunctions/arm_cmplx_conj_q15.c **** void arm_cmplx_conj_q15(
 102:.\DSP\Source\ComplexMathFunctions/arm_cmplx_conj_q15.c ****   const q15_t * pSrc,
 103:.\DSP\Source\ComplexMathFunctions/arm_cmplx_conj_q15.c ****         q15_t * pDst,
 104:.\DSP\Source\ComplexMathFunctions/arm_cmplx_conj_q15.c ****         uint32_t numSamples)
 105:.\DSP\Source\ComplexMathFunctions/arm_cmplx_conj_q15.c **** {
  27              		.loc 1 105 0
  28              		.cfi_startproc
  29              		@ args = 0, pretend = 0, frame = 0
  30              		@ frame_needed = 0, uses_anonymous_args = 0
  31              		@ link register save eliminated.
  32              	.LVL0:
  33 0000 30B4     		push	{r4, r5}
  34              		.cfi_def_cfa_offset 8
  35              		.cfi_offset 4, -8
  36              		.cfi_offset 5, -4
  37              	.LVL1:
 106:.\DSP\Source\ComplexMathFunctions/arm_cmplx_conj_q15.c ****         uint32_t blkCnt;                               /* Loop counter */
 107:.\DSP\Source\ComplexMathFunctions/arm_cmplx_conj_q15.c ****         q31_t in1;                                     /* Temporary input variable */
 108:.\DSP\Source\ComplexMathFunctions/arm_cmplx_conj_q15.c **** 
 109:.\DSP\Source\ComplexMathFunctions/arm_cmplx_conj_q15.c **** #if defined (ARM_MATH_LOOPUNROLL) && defined (ARM_MATH_DSP)
 110:.\DSP\Source\ComplexMathFunctions/arm_cmplx_conj_q15.c ****         q31_t in2, in3, in4;                           /* Temporary input variables */
 111:.\DSP\Source\ComplexMathFunctions/arm_cmplx_conj_q15.c **** #endif
 112:.\DSP\Source\ComplexMathFunctions/arm_cmplx_conj_q15.c **** 
 113:.\DSP\Source\ComplexMathFunctions/arm_cmplx_conj_q15.c **** 
 114:.\DSP\Source\ComplexMathFunctions/arm_cmplx_conj_q15.c **** #if defined (ARM_MATH_LOOPUNROLL)
 115:.\DSP\Source\ComplexMathFunctions/arm_cmplx_conj_q15.c **** 
 116:.\DSP\Source\ComplexMathFunctions/arm_cmplx_conj_q15.c ****   /* Loop unrolling: Compute 4 outputs at a time */
 117:.\DSP\Source\ComplexMathFunctions/arm_cmplx_conj_q15.c ****   blkCnt = numSamples >> 2U;
 118:.\DSP\Source\ComplexMathFunctions/arm_cmplx_conj_q15.c **** 
 119:.\DSP\Source\ComplexMathFunctions/arm_cmplx_conj_q15.c ****   while (blkCnt > 0U)
 120:.\DSP\Source\ComplexMathFunctions/arm_cmplx_conj_q15.c ****   {
 121:.\DSP\Source\ComplexMathFunctions/arm_cmplx_conj_q15.c ****     /* C[0] + jC[1] = A[0]+ j(-1)A[1] */
 122:.\DSP\Source\ComplexMathFunctions/arm_cmplx_conj_q15.c **** 
 123:.\DSP\Source\ComplexMathFunctions/arm_cmplx_conj_q15.c ****     /* Calculate Complex Conjugate and store result in destination buffer. */
 124:.\DSP\Source\ComplexMathFunctions/arm_cmplx_conj_q15.c **** 
 125:.\DSP\Source\ComplexMathFunctions/arm_cmplx_conj_q15.c **** #if defined (ARM_MATH_DSP)
 126:.\DSP\Source\ComplexMathFunctions/arm_cmplx_conj_q15.c ****     in1 = read_q15x2_ia (&pSrc);
 127:.\DSP\Source\ComplexMathFunctions/arm_cmplx_conj_q15.c ****     in2 = read_q15x2_ia (&pSrc);
 128:.\DSP\Source\ComplexMathFunctions/arm_cmplx_conj_q15.c ****     in3 = read_q15x2_ia (&pSrc);
 129:.\DSP\Source\ComplexMathFunctions/arm_cmplx_conj_q15.c ****     in4 = read_q15x2_ia (&pSrc);
 130:.\DSP\Source\ComplexMathFunctions/arm_cmplx_conj_q15.c **** 
 131:.\DSP\Source\ComplexMathFunctions/arm_cmplx_conj_q15.c **** #ifndef ARM_MATH_BIG_ENDIAN
 132:.\DSP\Source\ComplexMathFunctions/arm_cmplx_conj_q15.c ****     in1 = __QASX(0, in1);
 133:.\DSP\Source\ComplexMathFunctions/arm_cmplx_conj_q15.c ****     in2 = __QASX(0, in2);
 134:.\DSP\Source\ComplexMathFunctions/arm_cmplx_conj_q15.c ****     in3 = __QASX(0, in3);
ARM GAS  C:\Users\IVYLIU~1\AppData\Local\Temp\ccogUZmk.s 			page 4


 135:.\DSP\Source\ComplexMathFunctions/arm_cmplx_conj_q15.c ****     in4 = __QASX(0, in4);
 136:.\DSP\Source\ComplexMathFunctions/arm_cmplx_conj_q15.c **** #else
 137:.\DSP\Source\ComplexMathFunctions/arm_cmplx_conj_q15.c ****     in1 = __QSAX(0, in1);
 138:.\DSP\Source\ComplexMathFunctions/arm_cmplx_conj_q15.c ****     in2 = __QSAX(0, in2);
 139:.\DSP\Source\ComplexMathFunctions/arm_cmplx_conj_q15.c ****     in3 = __QSAX(0, in3);
 140:.\DSP\Source\ComplexMathFunctions/arm_cmplx_conj_q15.c ****     in4 = __QSAX(0, in4);
 141:.\DSP\Source\ComplexMathFunctions/arm_cmplx_conj_q15.c **** #endif /* #ifndef ARM_MATH_BIG_ENDIAN */
 142:.\DSP\Source\ComplexMathFunctions/arm_cmplx_conj_q15.c **** 
 143:.\DSP\Source\ComplexMathFunctions/arm_cmplx_conj_q15.c ****     in1 = ((uint32_t) in1 >> 16) | ((uint32_t) in1 << 16);
 144:.\DSP\Source\ComplexMathFunctions/arm_cmplx_conj_q15.c ****     in2 = ((uint32_t) in2 >> 16) | ((uint32_t) in2 << 16);
 145:.\DSP\Source\ComplexMathFunctions/arm_cmplx_conj_q15.c ****     in3 = ((uint32_t) in3 >> 16) | ((uint32_t) in3 << 16);
 146:.\DSP\Source\ComplexMathFunctions/arm_cmplx_conj_q15.c ****     in4 = ((uint32_t) in4 >> 16) | ((uint32_t) in4 << 16);
 147:.\DSP\Source\ComplexMathFunctions/arm_cmplx_conj_q15.c **** 
 148:.\DSP\Source\ComplexMathFunctions/arm_cmplx_conj_q15.c ****     write_q15x2_ia (&pDst, in1);
 149:.\DSP\Source\ComplexMathFunctions/arm_cmplx_conj_q15.c ****     write_q15x2_ia (&pDst, in2);
 150:.\DSP\Source\ComplexMathFunctions/arm_cmplx_conj_q15.c ****     write_q15x2_ia (&pDst, in3);
 151:.\DSP\Source\ComplexMathFunctions/arm_cmplx_conj_q15.c ****     write_q15x2_ia (&pDst, in4);
 152:.\DSP\Source\ComplexMathFunctions/arm_cmplx_conj_q15.c **** #else
 153:.\DSP\Source\ComplexMathFunctions/arm_cmplx_conj_q15.c ****     *pDst++ =  *pSrc++;
 154:.\DSP\Source\ComplexMathFunctions/arm_cmplx_conj_q15.c ****     in1 = *pSrc++;
 155:.\DSP\Source\ComplexMathFunctions/arm_cmplx_conj_q15.c ****     *pDst++ = (in1 == (q15_t) 0x8000) ? (q15_t) 0x7fff : -in1;
 156:.\DSP\Source\ComplexMathFunctions/arm_cmplx_conj_q15.c **** 
 157:.\DSP\Source\ComplexMathFunctions/arm_cmplx_conj_q15.c ****     *pDst++ =  *pSrc++;
 158:.\DSP\Source\ComplexMathFunctions/arm_cmplx_conj_q15.c ****     in1 = *pSrc++;
 159:.\DSP\Source\ComplexMathFunctions/arm_cmplx_conj_q15.c ****     *pDst++ = (in1 == (q15_t) 0x8000) ? (q15_t) 0x7fff : -in1;
 160:.\DSP\Source\ComplexMathFunctions/arm_cmplx_conj_q15.c **** 
 161:.\DSP\Source\ComplexMathFunctions/arm_cmplx_conj_q15.c ****     *pDst++ =  *pSrc++;
 162:.\DSP\Source\ComplexMathFunctions/arm_cmplx_conj_q15.c ****     in1 = *pSrc++;
 163:.\DSP\Source\ComplexMathFunctions/arm_cmplx_conj_q15.c ****     *pDst++ = (in1 == (q15_t) 0x8000) ? (q15_t) 0x7fff : -in1;
 164:.\DSP\Source\ComplexMathFunctions/arm_cmplx_conj_q15.c **** 
 165:.\DSP\Source\ComplexMathFunctions/arm_cmplx_conj_q15.c ****     *pDst++ =  *pSrc++;
 166:.\DSP\Source\ComplexMathFunctions/arm_cmplx_conj_q15.c ****     in1 = *pSrc++;
 167:.\DSP\Source\ComplexMathFunctions/arm_cmplx_conj_q15.c ****     *pDst++ = (in1 == (q15_t) 0x8000) ? (q15_t) 0x7fff : -in1;
 168:.\DSP\Source\ComplexMathFunctions/arm_cmplx_conj_q15.c **** 
 169:.\DSP\Source\ComplexMathFunctions/arm_cmplx_conj_q15.c **** #endif /* #if defined (ARM_MATH_DSP) */
 170:.\DSP\Source\ComplexMathFunctions/arm_cmplx_conj_q15.c **** 
 171:.\DSP\Source\ComplexMathFunctions/arm_cmplx_conj_q15.c ****     /* Decrement loop counter */
 172:.\DSP\Source\ComplexMathFunctions/arm_cmplx_conj_q15.c ****     blkCnt--;
 173:.\DSP\Source\ComplexMathFunctions/arm_cmplx_conj_q15.c ****   }
 174:.\DSP\Source\ComplexMathFunctions/arm_cmplx_conj_q15.c **** 
 175:.\DSP\Source\ComplexMathFunctions/arm_cmplx_conj_q15.c ****   /* Loop unrolling: Compute remaining outputs */
 176:.\DSP\Source\ComplexMathFunctions/arm_cmplx_conj_q15.c ****   blkCnt = numSamples % 0x4U;
 177:.\DSP\Source\ComplexMathFunctions/arm_cmplx_conj_q15.c **** 
 178:.\DSP\Source\ComplexMathFunctions/arm_cmplx_conj_q15.c **** #else
 179:.\DSP\Source\ComplexMathFunctions/arm_cmplx_conj_q15.c **** 
 180:.\DSP\Source\ComplexMathFunctions/arm_cmplx_conj_q15.c ****   /* Initialize blkCnt with number of samples */
 181:.\DSP\Source\ComplexMathFunctions/arm_cmplx_conj_q15.c ****   blkCnt = numSamples;
 182:.\DSP\Source\ComplexMathFunctions/arm_cmplx_conj_q15.c **** 
 183:.\DSP\Source\ComplexMathFunctions/arm_cmplx_conj_q15.c **** #endif /* #if defined (ARM_MATH_LOOPUNROLL) */
 184:.\DSP\Source\ComplexMathFunctions/arm_cmplx_conj_q15.c **** 
 185:.\DSP\Source\ComplexMathFunctions/arm_cmplx_conj_q15.c ****   while (blkCnt > 0U)
  38              		.loc 1 185 0
  39 0002 13E0     		b	.L2
  40              	.LVL2:
  41              	.L4:
 186:.\DSP\Source\ComplexMathFunctions/arm_cmplx_conj_q15.c ****   {
 187:.\DSP\Source\ComplexMathFunctions/arm_cmplx_conj_q15.c ****     /* C[0] + jC[1] = A[0]+ j(-1)A[1] */
ARM GAS  C:\Users\IVYLIU~1\AppData\Local\Temp\ccogUZmk.s 			page 5


 188:.\DSP\Source\ComplexMathFunctions/arm_cmplx_conj_q15.c **** 
 189:.\DSP\Source\ComplexMathFunctions/arm_cmplx_conj_q15.c ****     /* Calculate Complex Conjugate and store result in destination buffer. */
 190:.\DSP\Source\ComplexMathFunctions/arm_cmplx_conj_q15.c ****     *pDst++ =  *pSrc++;
  42              		.loc 1 190 0
  43 0004 0446     		mov	r4, r0
  44 0006 34F8043B 		ldrh	r3, [r4], #4
  45 000a 0D46     		mov	r5, r1
  46 000c 25F8043B 		strh	r3, [r5], #4	@ movhi
  47              	.LVL3:
 191:.\DSP\Source\ComplexMathFunctions/arm_cmplx_conj_q15.c ****     in1 = *pSrc++;
  48              		.loc 1 191 0
  49 0010 4388     		ldrh	r3, [r0, #2]
  50 0012 18B2     		sxth	r0, r3
  51              	.LVL4:
 192:.\DSP\Source\ComplexMathFunctions/arm_cmplx_conj_q15.c **** #if defined (ARM_MATH_DSP)
 193:.\DSP\Source\ComplexMathFunctions/arm_cmplx_conj_q15.c ****     *pDst++ = __SSAT(-in1, 16);
 194:.\DSP\Source\ComplexMathFunctions/arm_cmplx_conj_q15.c **** #else
 195:.\DSP\Source\ComplexMathFunctions/arm_cmplx_conj_q15.c ****     *pDst++ = (in1 == (q15_t) 0x8000) ? (q15_t) 0x7fff : -in1;
  52              		.loc 1 195 0
  53 0014 10F5004F 		cmn	r0, #32768
  54 0018 02D0     		beq	.L5
  55              		.loc 1 195 0 is_stmt 0 discriminator 1
  56 001a 5B42     		negs	r3, r3
  57 001c 9BB2     		uxth	r3, r3
  58 001e 01E0     		b	.L3
  59              	.L5:
  60              		.loc 1 195 0
  61 0020 47F6FF73 		movw	r3, #32767
  62              	.L3:
  63              		.loc 1 195 0 discriminator 4
  64 0024 4B80     		strh	r3, [r1, #2]	@ movhi
 196:.\DSP\Source\ComplexMathFunctions/arm_cmplx_conj_q15.c **** #endif
 197:.\DSP\Source\ComplexMathFunctions/arm_cmplx_conj_q15.c **** 
 198:.\DSP\Source\ComplexMathFunctions/arm_cmplx_conj_q15.c ****     /* Decrement loop counter */
 199:.\DSP\Source\ComplexMathFunctions/arm_cmplx_conj_q15.c ****     blkCnt--;
  65              		.loc 1 199 0 is_stmt 1 discriminator 4
  66 0026 013A     		subs	r2, r2, #1
  67              	.LVL5:
 195:.\DSP\Source\ComplexMathFunctions/arm_cmplx_conj_q15.c **** #endif
  68              		.loc 1 195 0 discriminator 4
  69 0028 2946     		mov	r1, r5
 191:.\DSP\Source\ComplexMathFunctions/arm_cmplx_conj_q15.c **** #if defined (ARM_MATH_DSP)
  70              		.loc 1 191 0 discriminator 4
  71 002a 2046     		mov	r0, r4
  72              	.LVL6:
  73              	.L2:
 185:.\DSP\Source\ComplexMathFunctions/arm_cmplx_conj_q15.c ****   {
  74              		.loc 1 185 0
  75 002c 002A     		cmp	r2, #0
  76 002e E9D1     		bne	.L4
 200:.\DSP\Source\ComplexMathFunctions/arm_cmplx_conj_q15.c ****   }
 201:.\DSP\Source\ComplexMathFunctions/arm_cmplx_conj_q15.c **** 
 202:.\DSP\Source\ComplexMathFunctions/arm_cmplx_conj_q15.c **** }
  77              		.loc 1 202 0
  78 0030 30BC     		pop	{r4, r5}
  79              		.cfi_restore 5
  80              		.cfi_restore 4
ARM GAS  C:\Users\IVYLIU~1\AppData\Local\Temp\ccogUZmk.s 			page 6


  81              		.cfi_def_cfa_offset 0
  82 0032 7047     		bx	lr
  83              		.cfi_endproc
  84              	.LFE84:
  85              		.size	arm_cmplx_conj_q15, .-arm_cmplx_conj_q15
  86              		.text
  87              	.Letext0:
  88              		.file 2 "c:\\program files (x86)\\cypress\\psoc creator\\3.3\\psoc creator\\import\\gnu\\arm\\4.9.
  89              		.file 3 "c:\\program files (x86)\\cypress\\psoc creator\\3.3\\psoc creator\\import\\gnu\\arm\\4.9.
  90              		.file 4 ".\\DSP\\Include/arm_math_types.h"
  91              		.file 5 ".\\Core\\Include/cmsis_gcc.h"
  92              		.section	.debug_info,"",%progbits
  93              	.Ldebug_info0:
  94 0000 FC010000 		.4byte	0x1fc
  95 0004 0400     		.2byte	0x4
  96 0006 00000000 		.4byte	.Ldebug_abbrev0
  97 000a 04       		.byte	0x4
  98 000b 01       		.uleb128 0x1
  99 000c BF010000 		.4byte	.LASF34
 100 0010 01       		.byte	0x1
 101 0011 07010000 		.4byte	.LASF35
 102 0015 5A010000 		.4byte	.LASF36
 103 0019 00000000 		.4byte	.Ldebug_ranges0+0
 104 001d 00000000 		.4byte	0
 105 0021 00000000 		.4byte	.Ldebug_line0
 106 0025 02       		.uleb128 0x2
 107 0026 01       		.byte	0x1
 108 0027 06       		.byte	0x6
 109 0028 8B020000 		.4byte	.LASF0
 110 002c 02       		.uleb128 0x2
 111 002d 01       		.byte	0x1
 112 002e 08       		.byte	0x8
 113 002f 64000000 		.4byte	.LASF1
 114 0033 03       		.uleb128 0x3
 115 0034 22000000 		.4byte	.LASF4
 116 0038 02       		.byte	0x2
 117 0039 29       		.byte	0x29
 118 003a 3E000000 		.4byte	0x3e
 119 003e 02       		.uleb128 0x2
 120 003f 02       		.byte	0x2
 121 0040 05       		.byte	0x5
 122 0041 B5010000 		.4byte	.LASF2
 123 0045 02       		.uleb128 0x2
 124 0046 02       		.byte	0x2
 125 0047 07       		.byte	0x7
 126 0048 9E000000 		.4byte	.LASF3
 127 004c 03       		.uleb128 0x3
 128 004d 2C000000 		.4byte	.LASF5
 129 0051 02       		.byte	0x2
 130 0052 3F       		.byte	0x3f
 131 0053 57000000 		.4byte	0x57
 132 0057 02       		.uleb128 0x2
 133 0058 04       		.byte	0x4
 134 0059 05       		.byte	0x5
 135 005a 61020000 		.4byte	.LASF6
 136 005e 03       		.uleb128 0x3
 137 005f BD000000 		.4byte	.LASF7
ARM GAS  C:\Users\IVYLIU~1\AppData\Local\Temp\ccogUZmk.s 			page 7


 138 0063 02       		.byte	0x2
 139 0064 41       		.byte	0x41
 140 0065 69000000 		.4byte	0x69
 141 0069 02       		.uleb128 0x2
 142 006a 04       		.byte	0x4
 143 006b 07       		.byte	0x7
 144 006c 8C000000 		.4byte	.LASF8
 145 0070 02       		.uleb128 0x2
 146 0071 08       		.byte	0x8
 147 0072 05       		.byte	0x5
 148 0073 47010000 		.4byte	.LASF9
 149 0077 02       		.uleb128 0x2
 150 0078 08       		.byte	0x8
 151 0079 07       		.byte	0x7
 152 007a E8000000 		.4byte	.LASF10
 153 007e 04       		.uleb128 0x4
 154 007f 04       		.byte	0x4
 155 0080 05       		.byte	0x5
 156 0081 696E7400 		.ascii	"int\000"
 157 0085 02       		.uleb128 0x2
 158 0086 04       		.byte	0x4
 159 0087 07       		.byte	0x7
 160 0088 DB000000 		.4byte	.LASF11
 161 008c 03       		.uleb128 0x3
 162 008d FF000000 		.4byte	.LASF12
 163 0091 03       		.byte	0x3
 164 0092 20       		.byte	0x20
 165 0093 33000000 		.4byte	0x33
 166 0097 03       		.uleb128 0x3
 167 0098 45000000 		.4byte	.LASF13
 168 009c 03       		.byte	0x3
 169 009d 2C       		.byte	0x2c
 170 009e 4C000000 		.4byte	0x4c
 171 00a2 03       		.uleb128 0x3
 172 00a3 58020000 		.4byte	.LASF14
 173 00a7 03       		.byte	0x3
 174 00a8 2D       		.byte	0x2d
 175 00a9 5E000000 		.4byte	0x5e
 176 00ad 02       		.uleb128 0x2
 177 00ae 04       		.byte	0x4
 178 00af 07       		.byte	0x7
 179 00b0 3E010000 		.4byte	.LASF15
 180 00b4 02       		.uleb128 0x2
 181 00b5 01       		.byte	0x1
 182 00b6 08       		.byte	0x8
 183 00b7 55010000 		.4byte	.LASF16
 184 00bb 02       		.uleb128 0x2
 185 00bc 08       		.byte	0x8
 186 00bd 04       		.byte	0x4
 187 00be B6000000 		.4byte	.LASF17
 188 00c2 02       		.uleb128 0x2
 189 00c3 04       		.byte	0x4
 190 00c4 04       		.byte	0x4
 191 00c5 53000000 		.4byte	.LASF18
 192 00c9 02       		.uleb128 0x2
 193 00ca 08       		.byte	0x8
 194 00cb 04       		.byte	0x4
ARM GAS  C:\Users\IVYLIU~1\AppData\Local\Temp\ccogUZmk.s 			page 8


 195 00cc 6A020000 		.4byte	.LASF19
 196 00d0 05       		.uleb128 0x5
 197 00d1 4D000000 		.4byte	.LASF20
 198 00d5 04       		.byte	0x4
 199 00d6 1F01     		.2byte	0x11f
 200 00d8 8C000000 		.4byte	0x8c
 201 00dc 05       		.uleb128 0x5
 202 00dd 5E000000 		.4byte	.LASF21
 203 00e1 04       		.byte	0x4
 204 00e2 2401     		.2byte	0x124
 205 00e4 97000000 		.4byte	0x97
 206 00e8 06       		.uleb128 0x6
 207 00e9 C8000000 		.4byte	.LASF37
 208 00ed 01       		.byte	0x1
 209 00ee 65       		.byte	0x65
 210 00ef 00000000 		.4byte	.LFB84
 211 00f3 34000000 		.4byte	.LFE84-.LFB84
 212 00f7 01       		.uleb128 0x1
 213 00f8 9C       		.byte	0x9c
 214 00f9 47010000 		.4byte	0x147
 215 00fd 07       		.uleb128 0x7
 216 00fe 97020000 		.4byte	.LASF22
 217 0102 01       		.byte	0x1
 218 0103 66       		.byte	0x66
 219 0104 47010000 		.4byte	0x147
 220 0108 00000000 		.4byte	.LLST0
 221 010c 07       		.uleb128 0x7
 222 010d B1000000 		.4byte	.LASF23
 223 0111 01       		.byte	0x1
 224 0112 67       		.byte	0x67
 225 0113 52010000 		.4byte	0x152
 226 0117 36000000 		.4byte	.LLST1
 227 011b 07       		.uleb128 0x7
 228 011c 9C020000 		.4byte	.LASF24
 229 0120 01       		.byte	0x1
 230 0121 68       		.byte	0x68
 231 0122 A2000000 		.4byte	0xa2
 232 0126 6C000000 		.4byte	.LLST2
 233 012a 08       		.uleb128 0x8
 234 012b 72000000 		.4byte	.LASF25
 235 012f 01       		.byte	0x1
 236 0130 6A       		.byte	0x6a
 237 0131 A2000000 		.4byte	0xa2
 238 0135 01       		.uleb128 0x1
 239 0136 52       		.byte	0x52
 240 0137 09       		.uleb128 0x9
 241 0138 696E3100 		.ascii	"in1\000"
 242 013c 01       		.byte	0x1
 243 013d 6B       		.byte	0x6b
 244 013e DC000000 		.4byte	0xdc
 245 0142 8D000000 		.4byte	.LLST3
 246 0146 00       		.byte	0
 247 0147 0A       		.uleb128 0xa
 248 0148 04       		.byte	0x4
 249 0149 4D010000 		.4byte	0x14d
 250 014d 0B       		.uleb128 0xb
 251 014e D0000000 		.4byte	0xd0
ARM GAS  C:\Users\IVYLIU~1\AppData\Local\Temp\ccogUZmk.s 			page 9


 252 0152 0A       		.uleb128 0xa
 253 0153 04       		.byte	0x4
 254 0154 D0000000 		.4byte	0xd0
 255 0158 03       		.uleb128 0x3
 256 0159 13000000 		.4byte	.LASF26
 257 015d 05       		.byte	0x5
 258 015e 8B       		.byte	0x8b
 259 015f D6010000 		.4byte	0x1d6
 260 0163 0A       		.uleb128 0xa
 261 0164 04       		.byte	0x4
 262 0165 69010000 		.4byte	0x169
 263 0169 0B       		.uleb128 0xb
 264 016a A2000000 		.4byte	0xa2
 265 016e 0A       		.uleb128 0xa
 266 016f 04       		.byte	0x4
 267 0170 A2000000 		.4byte	0xa2
 268 0174 0C       		.uleb128 0xc
 269 0175 A7020000 		.4byte	.LASF27
 270 0179 05       		.byte	0x5
 271 017a 92       		.byte	0x92
 272 017b 7F010000 		.4byte	0x17f
 273 017f 0B       		.uleb128 0xb
 274 0180 58010000 		.4byte	0x158
 275 0184 0C       		.uleb128 0xc
 276 0185 79000000 		.4byte	.LASF28
 277 0189 05       		.byte	0x5
 278 018a 93       		.byte	0x93
 279 018b 7F010000 		.4byte	0x17f
 280 018f 03       		.uleb128 0x3
 281 0190 36000000 		.4byte	.LASF29
 282 0194 05       		.byte	0x5
 283 0195 90       		.byte	0x90
 284 0196 B5010000 		.4byte	0x1b5
 285 019a 0C       		.uleb128 0xc
 286 019b 76020000 		.4byte	.LASF30
 287 019f 05       		.byte	0x5
 288 01a0 94       		.byte	0x94
 289 01a1 A5010000 		.4byte	0x1a5
 290 01a5 0B       		.uleb128 0xb
 291 01a6 8F010000 		.4byte	0x18f
 292 01aa 0C       		.uleb128 0xc
 293 01ab 00000000 		.4byte	.LASF31
 294 01af 05       		.byte	0x5
 295 01b0 95       		.byte	0x95
 296 01b1 A5010000 		.4byte	0x1a5
 297 01b5 0D       		.uleb128 0xd
 298 01b6 08       		.byte	0x8
 299 01b7 05       		.byte	0x5
 300 01b8 8D       		.byte	0x8d
 301 01b9 D6010000 		.4byte	0x1d6
 302 01bd 0E       		.uleb128 0xe
 303 01be 59000000 		.4byte	.LASF32
 304 01c2 05       		.byte	0x5
 305 01c3 8E       		.byte	0x8e
 306 01c4 6E010000 		.4byte	0x16e
 307 01c8 00       		.byte	0
 308 01c9 0E       		.uleb128 0xe
ARM GAS  C:\Users\IVYLIU~1\AppData\Local\Temp\ccogUZmk.s 			page 10


 309 01ca B0010000 		.4byte	.LASF33
 310 01ce 05       		.byte	0x5
 311 01cf 8F       		.byte	0x8f
 312 01d0 A2000000 		.4byte	0xa2
 313 01d4 04       		.byte	0x4
 314 01d5 00       		.byte	0
 315 01d6 0F       		.uleb128 0xf
 316 01d7 0C       		.byte	0xc
 317 01d8 05       		.byte	0x5
 318 01d9 87       		.byte	0x87
 319 01da 10       		.uleb128 0x10
 320 01db 73726300 		.ascii	"src\000"
 321 01df 05       		.byte	0x5
 322 01e0 88       		.byte	0x88
 323 01e1 63010000 		.4byte	0x163
 324 01e5 00       		.byte	0
 325 01e6 0E       		.uleb128 0xe
 326 01e7 59000000 		.4byte	.LASF32
 327 01eb 05       		.byte	0x5
 328 01ec 89       		.byte	0x89
 329 01ed 6E010000 		.4byte	0x16e
 330 01f1 04       		.byte	0x4
 331 01f2 0E       		.uleb128 0xe
 332 01f3 B0010000 		.4byte	.LASF33
 333 01f7 05       		.byte	0x5
 334 01f8 8A       		.byte	0x8a
 335 01f9 A2000000 		.4byte	0xa2
 336 01fd 08       		.byte	0x8
 337 01fe 00       		.byte	0
 338 01ff 00       		.byte	0
 339              		.section	.debug_abbrev,"",%progbits
 340              	.Ldebug_abbrev0:
 341 0000 01       		.uleb128 0x1
 342 0001 11       		.uleb128 0x11
 343 0002 01       		.byte	0x1
 344 0003 25       		.uleb128 0x25
 345 0004 0E       		.uleb128 0xe
 346 0005 13       		.uleb128 0x13
 347 0006 0B       		.uleb128 0xb
 348 0007 03       		.uleb128 0x3
 349 0008 0E       		.uleb128 0xe
 350 0009 1B       		.uleb128 0x1b
 351 000a 0E       		.uleb128 0xe
 352 000b 55       		.uleb128 0x55
 353 000c 17       		.uleb128 0x17
 354 000d 11       		.uleb128 0x11
 355 000e 01       		.uleb128 0x1
 356 000f 10       		.uleb128 0x10
 357 0010 17       		.uleb128 0x17
 358 0011 00       		.byte	0
 359 0012 00       		.byte	0
 360 0013 02       		.uleb128 0x2
 361 0014 24       		.uleb128 0x24
 362 0015 00       		.byte	0
 363 0016 0B       		.uleb128 0xb
 364 0017 0B       		.uleb128 0xb
 365 0018 3E       		.uleb128 0x3e
ARM GAS  C:\Users\IVYLIU~1\AppData\Local\Temp\ccogUZmk.s 			page 11


 366 0019 0B       		.uleb128 0xb
 367 001a 03       		.uleb128 0x3
 368 001b 0E       		.uleb128 0xe
 369 001c 00       		.byte	0
 370 001d 00       		.byte	0
 371 001e 03       		.uleb128 0x3
 372 001f 16       		.uleb128 0x16
 373 0020 00       		.byte	0
 374 0021 03       		.uleb128 0x3
 375 0022 0E       		.uleb128 0xe
 376 0023 3A       		.uleb128 0x3a
 377 0024 0B       		.uleb128 0xb
 378 0025 3B       		.uleb128 0x3b
 379 0026 0B       		.uleb128 0xb
 380 0027 49       		.uleb128 0x49
 381 0028 13       		.uleb128 0x13
 382 0029 00       		.byte	0
 383 002a 00       		.byte	0
 384 002b 04       		.uleb128 0x4
 385 002c 24       		.uleb128 0x24
 386 002d 00       		.byte	0
 387 002e 0B       		.uleb128 0xb
 388 002f 0B       		.uleb128 0xb
 389 0030 3E       		.uleb128 0x3e
 390 0031 0B       		.uleb128 0xb
 391 0032 03       		.uleb128 0x3
 392 0033 08       		.uleb128 0x8
 393 0034 00       		.byte	0
 394 0035 00       		.byte	0
 395 0036 05       		.uleb128 0x5
 396 0037 16       		.uleb128 0x16
 397 0038 00       		.byte	0
 398 0039 03       		.uleb128 0x3
 399 003a 0E       		.uleb128 0xe
 400 003b 3A       		.uleb128 0x3a
 401 003c 0B       		.uleb128 0xb
 402 003d 3B       		.uleb128 0x3b
 403 003e 05       		.uleb128 0x5
 404 003f 49       		.uleb128 0x49
 405 0040 13       		.uleb128 0x13
 406 0041 00       		.byte	0
 407 0042 00       		.byte	0
 408 0043 06       		.uleb128 0x6
 409 0044 2E       		.uleb128 0x2e
 410 0045 01       		.byte	0x1
 411 0046 3F       		.uleb128 0x3f
 412 0047 19       		.uleb128 0x19
 413 0048 03       		.uleb128 0x3
 414 0049 0E       		.uleb128 0xe
 415 004a 3A       		.uleb128 0x3a
 416 004b 0B       		.uleb128 0xb
 417 004c 3B       		.uleb128 0x3b
 418 004d 0B       		.uleb128 0xb
 419 004e 27       		.uleb128 0x27
 420 004f 19       		.uleb128 0x19
 421 0050 11       		.uleb128 0x11
 422 0051 01       		.uleb128 0x1
ARM GAS  C:\Users\IVYLIU~1\AppData\Local\Temp\ccogUZmk.s 			page 12


 423 0052 12       		.uleb128 0x12
 424 0053 06       		.uleb128 0x6
 425 0054 40       		.uleb128 0x40
 426 0055 18       		.uleb128 0x18
 427 0056 9742     		.uleb128 0x2117
 428 0058 19       		.uleb128 0x19
 429 0059 01       		.uleb128 0x1
 430 005a 13       		.uleb128 0x13
 431 005b 00       		.byte	0
 432 005c 00       		.byte	0
 433 005d 07       		.uleb128 0x7
 434 005e 05       		.uleb128 0x5
 435 005f 00       		.byte	0
 436 0060 03       		.uleb128 0x3
 437 0061 0E       		.uleb128 0xe
 438 0062 3A       		.uleb128 0x3a
 439 0063 0B       		.uleb128 0xb
 440 0064 3B       		.uleb128 0x3b
 441 0065 0B       		.uleb128 0xb
 442 0066 49       		.uleb128 0x49
 443 0067 13       		.uleb128 0x13
 444 0068 02       		.uleb128 0x2
 445 0069 17       		.uleb128 0x17
 446 006a 00       		.byte	0
 447 006b 00       		.byte	0
 448 006c 08       		.uleb128 0x8
 449 006d 34       		.uleb128 0x34
 450 006e 00       		.byte	0
 451 006f 03       		.uleb128 0x3
 452 0070 0E       		.uleb128 0xe
 453 0071 3A       		.uleb128 0x3a
 454 0072 0B       		.uleb128 0xb
 455 0073 3B       		.uleb128 0x3b
 456 0074 0B       		.uleb128 0xb
 457 0075 49       		.uleb128 0x49
 458 0076 13       		.uleb128 0x13
 459 0077 02       		.uleb128 0x2
 460 0078 18       		.uleb128 0x18
 461 0079 00       		.byte	0
 462 007a 00       		.byte	0
 463 007b 09       		.uleb128 0x9
 464 007c 34       		.uleb128 0x34
 465 007d 00       		.byte	0
 466 007e 03       		.uleb128 0x3
 467 007f 08       		.uleb128 0x8
 468 0080 3A       		.uleb128 0x3a
 469 0081 0B       		.uleb128 0xb
 470 0082 3B       		.uleb128 0x3b
 471 0083 0B       		.uleb128 0xb
 472 0084 49       		.uleb128 0x49
 473 0085 13       		.uleb128 0x13
 474 0086 02       		.uleb128 0x2
 475 0087 17       		.uleb128 0x17
 476 0088 00       		.byte	0
 477 0089 00       		.byte	0
 478 008a 0A       		.uleb128 0xa
 479 008b 0F       		.uleb128 0xf
ARM GAS  C:\Users\IVYLIU~1\AppData\Local\Temp\ccogUZmk.s 			page 13


 480 008c 00       		.byte	0
 481 008d 0B       		.uleb128 0xb
 482 008e 0B       		.uleb128 0xb
 483 008f 49       		.uleb128 0x49
 484 0090 13       		.uleb128 0x13
 485 0091 00       		.byte	0
 486 0092 00       		.byte	0
 487 0093 0B       		.uleb128 0xb
 488 0094 26       		.uleb128 0x26
 489 0095 00       		.byte	0
 490 0096 49       		.uleb128 0x49
 491 0097 13       		.uleb128 0x13
 492 0098 00       		.byte	0
 493 0099 00       		.byte	0
 494 009a 0C       		.uleb128 0xc
 495 009b 34       		.uleb128 0x34
 496 009c 00       		.byte	0
 497 009d 03       		.uleb128 0x3
 498 009e 0E       		.uleb128 0xe
 499 009f 3A       		.uleb128 0x3a
 500 00a0 0B       		.uleb128 0xb
 501 00a1 3B       		.uleb128 0x3b
 502 00a2 0B       		.uleb128 0xb
 503 00a3 49       		.uleb128 0x49
 504 00a4 13       		.uleb128 0x13
 505 00a5 3F       		.uleb128 0x3f
 506 00a6 19       		.uleb128 0x19
 507 00a7 3C       		.uleb128 0x3c
 508 00a8 19       		.uleb128 0x19
 509 00a9 00       		.byte	0
 510 00aa 00       		.byte	0
 511 00ab 0D       		.uleb128 0xd
 512 00ac 13       		.uleb128 0x13
 513 00ad 01       		.byte	0x1
 514 00ae 0B       		.uleb128 0xb
 515 00af 0B       		.uleb128 0xb
 516 00b0 3A       		.uleb128 0x3a
 517 00b1 0B       		.uleb128 0xb
 518 00b2 3B       		.uleb128 0x3b
 519 00b3 0B       		.uleb128 0xb
 520 00b4 01       		.uleb128 0x1
 521 00b5 13       		.uleb128 0x13
 522 00b6 00       		.byte	0
 523 00b7 00       		.byte	0
 524 00b8 0E       		.uleb128 0xe
 525 00b9 0D       		.uleb128 0xd
 526 00ba 00       		.byte	0
 527 00bb 03       		.uleb128 0x3
 528 00bc 0E       		.uleb128 0xe
 529 00bd 3A       		.uleb128 0x3a
 530 00be 0B       		.uleb128 0xb
 531 00bf 3B       		.uleb128 0x3b
 532 00c0 0B       		.uleb128 0xb
 533 00c1 49       		.uleb128 0x49
 534 00c2 13       		.uleb128 0x13
 535 00c3 38       		.uleb128 0x38
 536 00c4 0B       		.uleb128 0xb
ARM GAS  C:\Users\IVYLIU~1\AppData\Local\Temp\ccogUZmk.s 			page 14


 537 00c5 00       		.byte	0
 538 00c6 00       		.byte	0
 539 00c7 0F       		.uleb128 0xf
 540 00c8 13       		.uleb128 0x13
 541 00c9 01       		.byte	0x1
 542 00ca 0B       		.uleb128 0xb
 543 00cb 0B       		.uleb128 0xb
 544 00cc 3A       		.uleb128 0x3a
 545 00cd 0B       		.uleb128 0xb
 546 00ce 3B       		.uleb128 0x3b
 547 00cf 0B       		.uleb128 0xb
 548 00d0 00       		.byte	0
 549 00d1 00       		.byte	0
 550 00d2 10       		.uleb128 0x10
 551 00d3 0D       		.uleb128 0xd
 552 00d4 00       		.byte	0
 553 00d5 03       		.uleb128 0x3
 554 00d6 08       		.uleb128 0x8
 555 00d7 3A       		.uleb128 0x3a
 556 00d8 0B       		.uleb128 0xb
 557 00d9 3B       		.uleb128 0x3b
 558 00da 0B       		.uleb128 0xb
 559 00db 49       		.uleb128 0x49
 560 00dc 13       		.uleb128 0x13
 561 00dd 38       		.uleb128 0x38
 562 00de 0B       		.uleb128 0xb
 563 00df 00       		.byte	0
 564 00e0 00       		.byte	0
 565 00e1 00       		.byte	0
 566              		.section	.debug_loc,"",%progbits
 567              	.Ldebug_loc0:
 568              	.LLST0:
 569 0000 00000000 		.4byte	.LVL0
 570 0004 04000000 		.4byte	.LVL2
 571 0008 0100     		.2byte	0x1
 572 000a 50       		.byte	0x50
 573 000b 04000000 		.4byte	.LVL2
 574 000f 10000000 		.4byte	.LVL3
 575 0013 0300     		.2byte	0x3
 576 0015 70       		.byte	0x70
 577 0016 02       		.sleb128 2
 578 0017 9F       		.byte	0x9f
 579 0018 10000000 		.4byte	.LVL3
 580 001c 2C000000 		.4byte	.LVL6
 581 0020 0100     		.2byte	0x1
 582 0022 54       		.byte	0x54
 583 0023 2C000000 		.4byte	.LVL6
 584 0027 34000000 		.4byte	.LFE84
 585 002b 0100     		.2byte	0x1
 586 002d 50       		.byte	0x50
 587 002e 00000000 		.4byte	0
 588 0032 00000000 		.4byte	0
 589              	.LLST1:
 590 0036 00000000 		.4byte	.LVL0
 591 003a 04000000 		.4byte	.LVL2
 592 003e 0100     		.2byte	0x1
 593 0040 51       		.byte	0x51
ARM GAS  C:\Users\IVYLIU~1\AppData\Local\Temp\ccogUZmk.s 			page 15


 594 0041 04000000 		.4byte	.LVL2
 595 0045 14000000 		.4byte	.LVL4
 596 0049 0300     		.2byte	0x3
 597 004b 71       		.byte	0x71
 598 004c 02       		.sleb128 2
 599 004d 9F       		.byte	0x9f
 600 004e 14000000 		.4byte	.LVL4
 601 0052 2C000000 		.4byte	.LVL6
 602 0056 0100     		.2byte	0x1
 603 0058 55       		.byte	0x55
 604 0059 2C000000 		.4byte	.LVL6
 605 005d 34000000 		.4byte	.LFE84
 606 0061 0100     		.2byte	0x1
 607 0063 51       		.byte	0x51
 608 0064 00000000 		.4byte	0
 609 0068 00000000 		.4byte	0
 610              	.LLST2:
 611 006c 00000000 		.4byte	.LVL0
 612 0070 04000000 		.4byte	.LVL2
 613 0074 0100     		.2byte	0x1
 614 0076 52       		.byte	0x52
 615 0077 04000000 		.4byte	.LVL2
 616 007b 34000000 		.4byte	.LFE84
 617 007f 0400     		.2byte	0x4
 618 0081 F3       		.byte	0xf3
 619 0082 01       		.uleb128 0x1
 620 0083 52       		.byte	0x52
 621 0084 9F       		.byte	0x9f
 622 0085 00000000 		.4byte	0
 623 0089 00000000 		.4byte	0
 624              	.LLST3:
 625 008d 14000000 		.4byte	.LVL4
 626 0091 2C000000 		.4byte	.LVL6
 627 0095 0100     		.2byte	0x1
 628 0097 50       		.byte	0x50
 629 0098 00000000 		.4byte	0
 630 009c 00000000 		.4byte	0
 631              		.section	.debug_aranges,"",%progbits
 632 0000 1C000000 		.4byte	0x1c
 633 0004 0200     		.2byte	0x2
 634 0006 00000000 		.4byte	.Ldebug_info0
 635 000a 04       		.byte	0x4
 636 000b 00       		.byte	0
 637 000c 0000     		.2byte	0
 638 000e 0000     		.2byte	0
 639 0010 00000000 		.4byte	.LFB84
 640 0014 34000000 		.4byte	.LFE84-.LFB84
 641 0018 00000000 		.4byte	0
 642 001c 00000000 		.4byte	0
 643              		.section	.debug_ranges,"",%progbits
 644              	.Ldebug_ranges0:
 645 0000 00000000 		.4byte	.LFB84
 646 0004 34000000 		.4byte	.LFE84
 647 0008 00000000 		.4byte	0
 648 000c 00000000 		.4byte	0
 649              		.section	.debug_line,"",%progbits
 650              	.Ldebug_line0:
ARM GAS  C:\Users\IVYLIU~1\AppData\Local\Temp\ccogUZmk.s 			page 16


 651 0000 C4010000 		.section	.debug_str,"MS",%progbits,1
 651      02008501 
 651      00000201 
 651      FB0E0D00 
 651      01010101 
 652              	.LASF31:
 653 0000 5F5F7A65 		.ascii	"__zero_table_end__\000"
 653      726F5F74 
 653      61626C65 
 653      5F656E64 
 653      5F5F00
 654              	.LASF26:
 655 0013 5F5F636F 		.ascii	"__copy_table_t\000"
 655      70795F74 
 655      61626C65 
 655      5F7400
 656              	.LASF4:
 657 0022 5F5F696E 		.ascii	"__int16_t\000"
 657      7431365F 
 657      7400
 658              	.LASF5:
 659 002c 5F5F696E 		.ascii	"__int32_t\000"
 659      7433325F 
 659      7400
 660              	.LASF29:
 661 0036 5F5F7A65 		.ascii	"__zero_table_t\000"
 661      726F5F74 
 661      61626C65 
 661      5F7400
 662              	.LASF13:
 663 0045 696E7433 		.ascii	"int32_t\000"
 663      325F7400 
 664              	.LASF20:
 665 004d 7131355F 		.ascii	"q15_t\000"
 665      7400
 666              	.LASF18:
 667 0053 666C6F61 		.ascii	"float\000"
 667      7400
 668              	.LASF32:
 669 0059 64657374 		.ascii	"dest\000"
 669      00
 670              	.LASF21:
 671 005e 7133315F 		.ascii	"q31_t\000"
 671      7400
 672              	.LASF1:
 673 0064 756E7369 		.ascii	"unsigned char\000"
 673      676E6564 
 673      20636861 
 673      7200
 674              	.LASF25:
 675 0072 626C6B43 		.ascii	"blkCnt\000"
 675      6E7400
 676              	.LASF28:
 677 0079 5F5F636F 		.ascii	"__copy_table_end__\000"
 677      70795F74 
 677      61626C65 
 677      5F656E64 
ARM GAS  C:\Users\IVYLIU~1\AppData\Local\Temp\ccogUZmk.s 			page 17


 677      5F5F00
 678              	.LASF8:
 679 008c 6C6F6E67 		.ascii	"long unsigned int\000"
 679      20756E73 
 679      69676E65 
 679      6420696E 
 679      7400
 680              	.LASF3:
 681 009e 73686F72 		.ascii	"short unsigned int\000"
 681      7420756E 
 681      7369676E 
 681      65642069 
 681      6E7400
 682              	.LASF23:
 683 00b1 70447374 		.ascii	"pDst\000"
 683      00
 684              	.LASF17:
 685 00b6 646F7562 		.ascii	"double\000"
 685      6C6500
 686              	.LASF7:
 687 00bd 5F5F7569 		.ascii	"__uint32_t\000"
 687      6E743332 
 687      5F7400
 688              	.LASF37:
 689 00c8 61726D5F 		.ascii	"arm_cmplx_conj_q15\000"
 689      636D706C 
 689      785F636F 
 689      6E6A5F71 
 689      313500
 690              	.LASF11:
 691 00db 756E7369 		.ascii	"unsigned int\000"
 691      676E6564 
 691      20696E74 
 691      00
 692              	.LASF10:
 693 00e8 6C6F6E67 		.ascii	"long long unsigned int\000"
 693      206C6F6E 
 693      6720756E 
 693      7369676E 
 693      65642069 
 694              	.LASF12:
 695 00ff 696E7431 		.ascii	"int16_t\000"
 695      365F7400 
 696              	.LASF35:
 697 0107 2E5C4453 		.ascii	".\\DSP\\Source\\ComplexMathFunctions\\arm_cmplx_con"
 697      505C536F 
 697      75726365 
 697      5C436F6D 
 697      706C6578 
 698 0136 6A5F7131 		.ascii	"j_q15.c\000"
 698      352E6300 
 699              	.LASF15:
 700 013e 73697A65 		.ascii	"sizetype\000"
 700      74797065 
 700      00
 701              	.LASF9:
 702 0147 6C6F6E67 		.ascii	"long long int\000"
ARM GAS  C:\Users\IVYLIU~1\AppData\Local\Temp\ccogUZmk.s 			page 18


 702      206C6F6E 
 702      6720696E 
 702      7400
 703              	.LASF16:
 704 0155 63686172 		.ascii	"char\000"
 704      00
 705              	.LASF36:
 706 015a 5C5C766D 		.ascii	"\\\\vmware-host\\Shared Folders\\Documents\\PSoC Cr"
 706      77617265 
 706      2D686F73 
 706      745C5368 
 706      61726564 
 707 0188 6561746F 		.ascii	"eator\\FinalProject\\SoundDetection.cydsn\000"
 707      725C4669 
 707      6E616C50 
 707      726F6A65 
 707      63745C53 
 708              	.LASF33:
 709 01b0 776C656E 		.ascii	"wlen\000"
 709      00
 710              	.LASF2:
 711 01b5 73686F72 		.ascii	"short int\000"
 711      7420696E 
 711      7400
 712              	.LASF34:
 713 01bf 474E5520 		.ascii	"GNU C 4.9.3 20150303 (release) [ARM/embedded-4_9-br"
 713      4320342E 
 713      392E3320 
 713      32303135 
 713      30333033 
 714 01f2 616E6368 		.ascii	"anch revision 221220] -mcpu=cortex-m3 -mthumb -g -O"
 714      20726576 
 714      6973696F 
 714      6E203232 
 714      31323230 
 715 0225 67202D73 		.ascii	"g -std=gnu99 -ffunction-sections -ffat-lto-objects\000"
 715      74643D67 
 715      6E753939 
 715      202D6666 
 715      756E6374 
 716              	.LASF14:
 717 0258 75696E74 		.ascii	"uint32_t\000"
 717      33325F74 
 717      00
 718              	.LASF6:
 719 0261 6C6F6E67 		.ascii	"long int\000"
 719      20696E74 
 719      00
 720              	.LASF19:
 721 026a 6C6F6E67 		.ascii	"long double\000"
 721      20646F75 
 721      626C6500 
 722              	.LASF30:
 723 0276 5F5F7A65 		.ascii	"__zero_table_start__\000"
 723      726F5F74 
 723      61626C65 
 723      5F737461 
ARM GAS  C:\Users\IVYLIU~1\AppData\Local\Temp\ccogUZmk.s 			page 19


 723      72745F5F 
 724              	.LASF0:
 725 028b 7369676E 		.ascii	"signed char\000"
 725      65642063 
 725      68617200 
 726              	.LASF22:
 727 0297 70537263 		.ascii	"pSrc\000"
 727      00
 728              	.LASF24:
 729 029c 6E756D53 		.ascii	"numSamples\000"
 729      616D706C 
 729      657300
 730              	.LASF27:
 731 02a7 5F5F636F 		.ascii	"__copy_table_start__\000"
 731      70795F74 
 731      61626C65 
 731      5F737461 
 731      72745F5F 
 732              		.ident	"GCC: (GNU Tools for ARM Embedded Processors) 4.9.3 20150303 (release) [ARM/embedded-4_9-br
