ARM GAS  C:\Users\IVYLIU~1\AppData\Local\Temp\ccuR5w3d.s 			page 1


   1              		.syntax unified
   2              		.cpu cortex-m3
   3              		.fpu softvfp
   4              		.eabi_attribute 20, 1
   5              		.eabi_attribute 21, 1
   6              		.eabi_attribute 23, 3
   7              		.eabi_attribute 24, 1
   8              		.eabi_attribute 25, 1
   9              		.eabi_attribute 26, 1
  10              		.eabi_attribute 30, 1
  11              		.eabi_attribute 34, 1
  12              		.eabi_attribute 18, 4
  13              		.thumb
  14              		.file	"arm_cmplx_conj_f16.c"
  15              		.text
  16              	.Ltext0:
  17              		.cfi_sections	.debug_frame
  18              	.Letext0:
  19              		.file 1 "c:\\program files (x86)\\cypress\\psoc creator\\3.3\\psoc creator\\import\\gnu\\arm\\4.9.
  20              		.file 2 "c:\\program files (x86)\\cypress\\psoc creator\\3.3\\psoc creator\\import\\gnu\\arm\\4.9.
  21              		.file 3 ".\\Core\\Include/cmsis_gcc.h"
  22              		.section	.debug_info,"",%progbits
  23              	.Ldebug_info0:
  24 0000 40010000 		.4byte	0x140
  25 0004 0400     		.2byte	0x4
  26 0006 00000000 		.4byte	.Ldebug_abbrev0
  27 000a 04       		.byte	0x4
  28 000b 01       		.uleb128 0x1
  29 000c 67000000 		.4byte	.LASF24
  30 0010 01       		.byte	0x1
  31 0011 25000000 		.4byte	.LASF25
  32 0015 98010000 		.4byte	.LASF26
  33 0019 00000000 		.4byte	.Ldebug_line0
  34 001d 02       		.uleb128 0x2
  35 001e 01       		.byte	0x1
  36 001f 06       		.byte	0x6
  37 0020 23020000 		.4byte	.LASF0
  38 0024 02       		.uleb128 0x2
  39 0025 01       		.byte	0x1
  40 0026 08       		.byte	0x8
  41 0027 54010000 		.4byte	.LASF1
  42 002b 02       		.uleb128 0x2
  43 002c 02       		.byte	0x2
  44 002d 05       		.byte	0x5
  45 002e 4A020000 		.4byte	.LASF2
  46 0032 02       		.uleb128 0x2
  47 0033 02       		.byte	0x2
  48 0034 07       		.byte	0x7
  49 0035 10020000 		.4byte	.LASF3
  50 0039 02       		.uleb128 0x2
  51 003a 04       		.byte	0x4
  52 003b 05       		.byte	0x5
  53 003c 07020000 		.4byte	.LASF4
  54 0040 03       		.uleb128 0x3
  55 0041 5C000000 		.4byte	.LASF9
  56 0045 01       		.byte	0x1
  57 0046 41       		.byte	0x41
ARM GAS  C:\Users\IVYLIU~1\AppData\Local\Temp\ccuR5w3d.s 			page 2


  58 0047 4B000000 		.4byte	0x4b
  59 004b 02       		.uleb128 0x2
  60 004c 04       		.byte	0x4
  61 004d 07       		.byte	0x7
  62 004e EE010000 		.4byte	.LASF5
  63 0052 02       		.uleb128 0x2
  64 0053 08       		.byte	0x8
  65 0054 05       		.byte	0x5
  66 0055 00000000 		.4byte	.LASF6
  67 0059 02       		.uleb128 0x2
  68 005a 08       		.byte	0x8
  69 005b 07       		.byte	0x7
  70 005c 22010000 		.4byte	.LASF7
  71 0060 04       		.uleb128 0x4
  72 0061 04       		.byte	0x4
  73 0062 05       		.byte	0x5
  74 0063 696E7400 		.ascii	"int\000"
  75 0067 02       		.uleb128 0x2
  76 0068 04       		.byte	0x4
  77 0069 07       		.byte	0x7
  78 006a 13000000 		.4byte	.LASF8
  79 006e 03       		.uleb128 0x3
  80 006f 7C010000 		.4byte	.LASF10
  81 0073 02       		.byte	0x2
  82 0074 2D       		.byte	0x2d
  83 0075 40000000 		.4byte	0x40
  84 0079 02       		.uleb128 0x2
  85 007a 04       		.byte	0x4
  86 007b 07       		.byte	0x7
  87 007c 54020000 		.4byte	.LASF11
  88 0080 02       		.uleb128 0x2
  89 0081 01       		.byte	0x1
  90 0082 08       		.byte	0x8
  91 0083 62010000 		.4byte	.LASF12
  92 0087 02       		.uleb128 0x2
  93 0088 08       		.byte	0x8
  94 0089 04       		.byte	0x4
  95 008a 00020000 		.4byte	.LASF13
  96 008e 02       		.uleb128 0x2
  97 008f 04       		.byte	0x4
  98 0090 04       		.byte	0x4
  99 0091 39010000 		.4byte	.LASF14
 100 0095 02       		.uleb128 0x2
 101 0096 08       		.byte	0x8
 102 0097 04       		.byte	0x4
 103 0098 2F020000 		.4byte	.LASF15
 104 009c 03       		.uleb128 0x3
 105 009d 3B020000 		.4byte	.LASF16
 106 00a1 03       		.byte	0x3
 107 00a2 8B       		.byte	0x8b
 108 00a3 1A010000 		.4byte	0x11a
 109 00a7 05       		.uleb128 0x5
 110 00a8 04       		.byte	0x4
 111 00a9 AD000000 		.4byte	0xad
 112 00ad 06       		.uleb128 0x6
 113 00ae 6E000000 		.4byte	0x6e
 114 00b2 05       		.uleb128 0x5
ARM GAS  C:\Users\IVYLIU~1\AppData\Local\Temp\ccuR5w3d.s 			page 3


 115 00b3 04       		.byte	0x4
 116 00b4 6E000000 		.4byte	0x6e
 117 00b8 07       		.uleb128 0x7
 118 00b9 3F010000 		.4byte	.LASF17
 119 00bd 03       		.byte	0x3
 120 00be 92       		.byte	0x92
 121 00bf C3000000 		.4byte	0xc3
 122 00c3 06       		.uleb128 0x6
 123 00c4 9C000000 		.4byte	0x9c
 124 00c8 07       		.uleb128 0x7
 125 00c9 85010000 		.4byte	.LASF18
 126 00cd 03       		.byte	0x3
 127 00ce 93       		.byte	0x93
 128 00cf C3000000 		.4byte	0xc3
 129 00d3 03       		.uleb128 0x3
 130 00d4 13010000 		.4byte	.LASF19
 131 00d8 03       		.byte	0x3
 132 00d9 90       		.byte	0x90
 133 00da F9000000 		.4byte	0xf9
 134 00de 07       		.uleb128 0x7
 135 00df 67010000 		.4byte	.LASF20
 136 00e3 03       		.byte	0x3
 137 00e4 94       		.byte	0x94
 138 00e5 E9000000 		.4byte	0xe9
 139 00e9 06       		.uleb128 0x6
 140 00ea D3000000 		.4byte	0xd3
 141 00ee 07       		.uleb128 0x7
 142 00ef 00010000 		.4byte	.LASF21
 143 00f3 03       		.byte	0x3
 144 00f4 95       		.byte	0x95
 145 00f5 E9000000 		.4byte	0xe9
 146 00f9 08       		.uleb128 0x8
 147 00fa 08       		.byte	0x8
 148 00fb 03       		.byte	0x3
 149 00fc 8D       		.byte	0x8d
 150 00fd 1A010000 		.4byte	0x11a
 151 0101 09       		.uleb128 0x9
 152 0102 20000000 		.4byte	.LASF22
 153 0106 03       		.byte	0x3
 154 0107 8E       		.byte	0x8e
 155 0108 B2000000 		.4byte	0xb2
 156 010c 00       		.byte	0
 157 010d 09       		.uleb128 0x9
 158 010e 0E000000 		.4byte	.LASF23
 159 0112 03       		.byte	0x3
 160 0113 8F       		.byte	0x8f
 161 0114 6E000000 		.4byte	0x6e
 162 0118 04       		.byte	0x4
 163 0119 00       		.byte	0
 164 011a 0A       		.uleb128 0xa
 165 011b 0C       		.byte	0xc
 166 011c 03       		.byte	0x3
 167 011d 87       		.byte	0x87
 168 011e 0B       		.uleb128 0xb
 169 011f 73726300 		.ascii	"src\000"
 170 0123 03       		.byte	0x3
 171 0124 88       		.byte	0x88
ARM GAS  C:\Users\IVYLIU~1\AppData\Local\Temp\ccuR5w3d.s 			page 4


 172 0125 A7000000 		.4byte	0xa7
 173 0129 00       		.byte	0
 174 012a 09       		.uleb128 0x9
 175 012b 20000000 		.4byte	.LASF22
 176 012f 03       		.byte	0x3
 177 0130 89       		.byte	0x89
 178 0131 B2000000 		.4byte	0xb2
 179 0135 04       		.byte	0x4
 180 0136 09       		.uleb128 0x9
 181 0137 0E000000 		.4byte	.LASF23
 182 013b 03       		.byte	0x3
 183 013c 8A       		.byte	0x8a
 184 013d 6E000000 		.4byte	0x6e
 185 0141 08       		.byte	0x8
 186 0142 00       		.byte	0
 187 0143 00       		.byte	0
 188              		.section	.debug_abbrev,"",%progbits
 189              	.Ldebug_abbrev0:
 190 0000 01       		.uleb128 0x1
 191 0001 11       		.uleb128 0x11
 192 0002 01       		.byte	0x1
 193 0003 25       		.uleb128 0x25
 194 0004 0E       		.uleb128 0xe
 195 0005 13       		.uleb128 0x13
 196 0006 0B       		.uleb128 0xb
 197 0007 03       		.uleb128 0x3
 198 0008 0E       		.uleb128 0xe
 199 0009 1B       		.uleb128 0x1b
 200 000a 0E       		.uleb128 0xe
 201 000b 10       		.uleb128 0x10
 202 000c 17       		.uleb128 0x17
 203 000d 00       		.byte	0
 204 000e 00       		.byte	0
 205 000f 02       		.uleb128 0x2
 206 0010 24       		.uleb128 0x24
 207 0011 00       		.byte	0
 208 0012 0B       		.uleb128 0xb
 209 0013 0B       		.uleb128 0xb
 210 0014 3E       		.uleb128 0x3e
 211 0015 0B       		.uleb128 0xb
 212 0016 03       		.uleb128 0x3
 213 0017 0E       		.uleb128 0xe
 214 0018 00       		.byte	0
 215 0019 00       		.byte	0
 216 001a 03       		.uleb128 0x3
 217 001b 16       		.uleb128 0x16
 218 001c 00       		.byte	0
 219 001d 03       		.uleb128 0x3
 220 001e 0E       		.uleb128 0xe
 221 001f 3A       		.uleb128 0x3a
 222 0020 0B       		.uleb128 0xb
 223 0021 3B       		.uleb128 0x3b
 224 0022 0B       		.uleb128 0xb
 225 0023 49       		.uleb128 0x49
 226 0024 13       		.uleb128 0x13
 227 0025 00       		.byte	0
 228 0026 00       		.byte	0
ARM GAS  C:\Users\IVYLIU~1\AppData\Local\Temp\ccuR5w3d.s 			page 5


 229 0027 04       		.uleb128 0x4
 230 0028 24       		.uleb128 0x24
 231 0029 00       		.byte	0
 232 002a 0B       		.uleb128 0xb
 233 002b 0B       		.uleb128 0xb
 234 002c 3E       		.uleb128 0x3e
 235 002d 0B       		.uleb128 0xb
 236 002e 03       		.uleb128 0x3
 237 002f 08       		.uleb128 0x8
 238 0030 00       		.byte	0
 239 0031 00       		.byte	0
 240 0032 05       		.uleb128 0x5
 241 0033 0F       		.uleb128 0xf
 242 0034 00       		.byte	0
 243 0035 0B       		.uleb128 0xb
 244 0036 0B       		.uleb128 0xb
 245 0037 49       		.uleb128 0x49
 246 0038 13       		.uleb128 0x13
 247 0039 00       		.byte	0
 248 003a 00       		.byte	0
 249 003b 06       		.uleb128 0x6
 250 003c 26       		.uleb128 0x26
 251 003d 00       		.byte	0
 252 003e 49       		.uleb128 0x49
 253 003f 13       		.uleb128 0x13
 254 0040 00       		.byte	0
 255 0041 00       		.byte	0
 256 0042 07       		.uleb128 0x7
 257 0043 34       		.uleb128 0x34
 258 0044 00       		.byte	0
 259 0045 03       		.uleb128 0x3
 260 0046 0E       		.uleb128 0xe
 261 0047 3A       		.uleb128 0x3a
 262 0048 0B       		.uleb128 0xb
 263 0049 3B       		.uleb128 0x3b
 264 004a 0B       		.uleb128 0xb
 265 004b 49       		.uleb128 0x49
 266 004c 13       		.uleb128 0x13
 267 004d 3F       		.uleb128 0x3f
 268 004e 19       		.uleb128 0x19
 269 004f 3C       		.uleb128 0x3c
 270 0050 19       		.uleb128 0x19
 271 0051 00       		.byte	0
 272 0052 00       		.byte	0
 273 0053 08       		.uleb128 0x8
 274 0054 13       		.uleb128 0x13
 275 0055 01       		.byte	0x1
 276 0056 0B       		.uleb128 0xb
 277 0057 0B       		.uleb128 0xb
 278 0058 3A       		.uleb128 0x3a
 279 0059 0B       		.uleb128 0xb
 280 005a 3B       		.uleb128 0x3b
 281 005b 0B       		.uleb128 0xb
 282 005c 01       		.uleb128 0x1
 283 005d 13       		.uleb128 0x13
 284 005e 00       		.byte	0
 285 005f 00       		.byte	0
ARM GAS  C:\Users\IVYLIU~1\AppData\Local\Temp\ccuR5w3d.s 			page 6


 286 0060 09       		.uleb128 0x9
 287 0061 0D       		.uleb128 0xd
 288 0062 00       		.byte	0
 289 0063 03       		.uleb128 0x3
 290 0064 0E       		.uleb128 0xe
 291 0065 3A       		.uleb128 0x3a
 292 0066 0B       		.uleb128 0xb
 293 0067 3B       		.uleb128 0x3b
 294 0068 0B       		.uleb128 0xb
 295 0069 49       		.uleb128 0x49
 296 006a 13       		.uleb128 0x13
 297 006b 38       		.uleb128 0x38
 298 006c 0B       		.uleb128 0xb
 299 006d 00       		.byte	0
 300 006e 00       		.byte	0
 301 006f 0A       		.uleb128 0xa
 302 0070 13       		.uleb128 0x13
 303 0071 01       		.byte	0x1
 304 0072 0B       		.uleb128 0xb
 305 0073 0B       		.uleb128 0xb
 306 0074 3A       		.uleb128 0x3a
 307 0075 0B       		.uleb128 0xb
 308 0076 3B       		.uleb128 0x3b
 309 0077 0B       		.uleb128 0xb
 310 0078 00       		.byte	0
 311 0079 00       		.byte	0
 312 007a 0B       		.uleb128 0xb
 313 007b 0D       		.uleb128 0xd
 314 007c 00       		.byte	0
 315 007d 03       		.uleb128 0x3
 316 007e 08       		.uleb128 0x8
 317 007f 3A       		.uleb128 0x3a
 318 0080 0B       		.uleb128 0xb
 319 0081 3B       		.uleb128 0x3b
 320 0082 0B       		.uleb128 0xb
 321 0083 49       		.uleb128 0x49
 322 0084 13       		.uleb128 0x13
 323 0085 38       		.uleb128 0x38
 324 0086 0B       		.uleb128 0xb
 325 0087 00       		.byte	0
 326 0088 00       		.byte	0
 327 0089 00       		.byte	0
 328              		.section	.debug_aranges,"",%progbits
 329 0000 14000000 		.4byte	0x14
 330 0004 0200     		.2byte	0x2
 331 0006 00000000 		.4byte	.Ldebug_info0
 332 000a 04       		.byte	0x4
 333 000b 00       		.byte	0
 334 000c 0000     		.2byte	0
 335 000e 0000     		.2byte	0
 336 0010 00000000 		.4byte	0
 337 0014 00000000 		.4byte	0
 338              		.section	.debug_line,"",%progbits
 339              	.Ldebug_line0:
 340 0000 2F010000 		.section	.debug_str,"MS",%progbits,1
 340      02002901 
 340      00000201 
ARM GAS  C:\Users\IVYLIU~1\AppData\Local\Temp\ccuR5w3d.s 			page 7


 340      FB0E0D00 
 340      01010101 
 341              	.LASF6:
 342 0000 6C6F6E67 		.ascii	"long long int\000"
 342      206C6F6E 
 342      6720696E 
 342      7400
 343              	.LASF23:
 344 000e 776C656E 		.ascii	"wlen\000"
 344      00
 345              	.LASF8:
 346 0013 756E7369 		.ascii	"unsigned int\000"
 346      676E6564 
 346      20696E74 
 346      00
 347              	.LASF22:
 348 0020 64657374 		.ascii	"dest\000"
 348      00
 349              	.LASF25:
 350 0025 2E5C4453 		.ascii	".\\DSP\\Source\\ComplexMathFunctions\\arm_cmplx_con"
 350      505C536F 
 350      75726365 
 350      5C436F6D 
 350      706C6578 
 351 0054 6A5F6631 		.ascii	"j_f16.c\000"
 351      362E6300 
 352              	.LASF9:
 353 005c 5F5F7569 		.ascii	"__uint32_t\000"
 353      6E743332 
 353      5F7400
 354              	.LASF24:
 355 0067 474E5520 		.ascii	"GNU C 4.9.3 20150303 (release) [ARM/embedded-4_9-br"
 355      4320342E 
 355      392E3320 
 355      32303135 
 355      30333033 
 356 009a 616E6368 		.ascii	"anch revision 221220] -mcpu=cortex-m3 -mthumb -g -O"
 356      20726576 
 356      6973696F 
 356      6E203232 
 356      31323230 
 357 00cd 67202D73 		.ascii	"g -std=gnu99 -ffunction-sections -ffat-lto-objects\000"
 357      74643D67 
 357      6E753939 
 357      202D6666 
 357      756E6374 
 358              	.LASF21:
 359 0100 5F5F7A65 		.ascii	"__zero_table_end__\000"
 359      726F5F74 
 359      61626C65 
 359      5F656E64 
 359      5F5F00
 360              	.LASF19:
 361 0113 5F5F7A65 		.ascii	"__zero_table_t\000"
 361      726F5F74 
 361      61626C65 
 361      5F7400
ARM GAS  C:\Users\IVYLIU~1\AppData\Local\Temp\ccuR5w3d.s 			page 8


 362              	.LASF7:
 363 0122 6C6F6E67 		.ascii	"long long unsigned int\000"
 363      206C6F6E 
 363      6720756E 
 363      7369676E 
 363      65642069 
 364              	.LASF14:
 365 0139 666C6F61 		.ascii	"float\000"
 365      7400
 366              	.LASF17:
 367 013f 5F5F636F 		.ascii	"__copy_table_start__\000"
 367      70795F74 
 367      61626C65 
 367      5F737461 
 367      72745F5F 
 368              	.LASF1:
 369 0154 756E7369 		.ascii	"unsigned char\000"
 369      676E6564 
 369      20636861 
 369      7200
 370              	.LASF12:
 371 0162 63686172 		.ascii	"char\000"
 371      00
 372              	.LASF20:
 373 0167 5F5F7A65 		.ascii	"__zero_table_start__\000"
 373      726F5F74 
 373      61626C65 
 373      5F737461 
 373      72745F5F 
 374              	.LASF10:
 375 017c 75696E74 		.ascii	"uint32_t\000"
 375      33325F74 
 375      00
 376              	.LASF18:
 377 0185 5F5F636F 		.ascii	"__copy_table_end__\000"
 377      70795F74 
 377      61626C65 
 377      5F656E64 
 377      5F5F00
 378              	.LASF26:
 379 0198 5C5C766D 		.ascii	"\\\\vmware-host\\Shared Folders\\Documents\\PSoC Cr"
 379      77617265 
 379      2D686F73 
 379      745C5368 
 379      61726564 
 380 01c6 6561746F 		.ascii	"eator\\FinalProject\\SoundDetection.cydsn\000"
 380      725C4669 
 380      6E616C50 
 380      726F6A65 
 380      63745C53 
 381              	.LASF5:
 382 01ee 6C6F6E67 		.ascii	"long unsigned int\000"
 382      20756E73 
 382      69676E65 
 382      6420696E 
 382      7400
 383              	.LASF13:
ARM GAS  C:\Users\IVYLIU~1\AppData\Local\Temp\ccuR5w3d.s 			page 9


 384 0200 646F7562 		.ascii	"double\000"
 384      6C6500
 385              	.LASF4:
 386 0207 6C6F6E67 		.ascii	"long int\000"
 386      20696E74 
 386      00
 387              	.LASF3:
 388 0210 73686F72 		.ascii	"short unsigned int\000"
 388      7420756E 
 388      7369676E 
 388      65642069 
 388      6E7400
 389              	.LASF0:
 390 0223 7369676E 		.ascii	"signed char\000"
 390      65642063 
 390      68617200 
 391              	.LASF15:
 392 022f 6C6F6E67 		.ascii	"long double\000"
 392      20646F75 
 392      626C6500 
 393              	.LASF16:
 394 023b 5F5F636F 		.ascii	"__copy_table_t\000"
 394      70795F74 
 394      61626C65 
 394      5F7400
 395              	.LASF2:
 396 024a 73686F72 		.ascii	"short int\000"
 396      7420696E 
 396      7400
 397              	.LASF11:
 398 0254 73697A65 		.ascii	"sizetype\000"
 398      74797065 
 398      00
 399              		.ident	"GCC: (GNU Tools for ARM Embedded Processors) 4.9.3 20150303 (release) [ARM/embedded-4_9-br
