--------------- Build Started: 05/12/2024 17:35:12 Project: SoundDetection, Configuration: ARM GCC 4.9-2015-q1-update Debug ---------------
The code generation step is up to date.
arm-none-eabi-gcc.exe -mcpu=cortex-m3 -mthumb -Wno-main -I.\Core\Include -I.\DSP\Include -I. -IGenerated_Source\PSoC5 -Wa,-alh=.\CortexM3\ARM_GCC_493\Debug/main.lst -g -D DEBUG -D ARM_MATH_CM3 -Wall -ffunction-sections -Og -ffat-lto-objects -std=gnu99 -lm -c .\main.c -o .\CortexM3\ARM_GCC_493\Debug\main.o
In file included from Generated_Source\PSoC5/core_cm3_psoc5.h:49:0,
                 from Generated_Source\PSoC5/project.h:34,
                 from .\main.c:16:
.\Core\Include/core_cm3.h:147:6: warning: #warning "__VTOR_PRESENT not defined in device header file; using default!" [-Wcpp]
     #warning "__VTOR_PRESENT not defined in device header file; using default!"
      ^
.\main.c: In function 'main':
.\main.c:55:14: warning: unused variable 'i' [-Wunused-variable]
     uint16_t i = 0;
              ^
.\main.c: In function 'detectNote':
.\main.c:100:21: warning: format '%d' expects argument of type 'int', but argument 3 has type 'uint32_t' [-Wformat=]
                     sprintf(cur_string, "%d", testIndex);
                     ^
.\main.c:100:21: warning: format '%d' expects argument of type 'int', but argument 3 has type 'uint32_t' [-Wformat=]
arm-none-eabi-ar.exe -rs .\CortexM3\ARM_GCC_493\Debug\SoundDetection.a .\CortexM3\ARM_GCC_493\Debug\cyfitter_cfg.o .\CortexM3\ARM_GCC_493\Debug\ADC_DelSig_1.o .\CortexM3\ARM_GCC_493\Debug\ADC_DelSig_1_PM.o .\CortexM3\ARM_GCC_493\Debug\ADC_DelSig_1_INT.o .\CortexM3\ARM_GCC_493\Debug\ADC_DelSig_1_AMux.o .\CortexM3\ARM_GCC_493\Debug\ADC_DelSig_1_Ext_CP_Clk.o .\CortexM3\ARM_GCC_493\Debug\ADC_DelSig_1_IRQ.o .\CortexM3\ARM_GCC_493\Debug\ADC_DelSig_1_theACLK.o .\CortexM3\ARM_GCC_493\Debug\CyBootAsmGnu.o .\CortexM3\ARM_GCC_493\Debug\CyDmac.o .\CortexM3\ARM_GCC_493\Debug\CyFlash.o .\CortexM3\ARM_GCC_493\Debug\CyLib.o .\CortexM3\ARM_GCC_493\Debug\cyPm.o .\CortexM3\ARM_GCC_493\Debug\CySpc.o .\CortexM3\ARM_GCC_493\Debug\cyutils.o .\CortexM3\ARM_GCC_493\Debug\LCD_Char_1.o .\CortexM3\ARM_GCC_493\Debug\LCD_Char_1_PM.o .\CortexM3\ARM_GCC_493\Debug\Pin_1.o .\CortexM3\ARM_GCC_493\Debug\LCD_Char_1_LCDPort.o .\CortexM3\ARM_GCC_493\Debug\adc_threshold.o
arm-none-eabi-ar.exe: creating .\CortexM3\ARM_GCC_493\Debug\SoundDetection.a
arm-none-eabi-gcc.exe -Wl,--start-group -o .\CortexM3\ARM_GCC_493\Debug\SoundDetection.elf .\CortexM3\ARM_GCC_493\Debug\main.o .\CortexM3\ARM_GCC_493\Debug\arm_const_structs.o .\CortexM3\ARM_GCC_493\Debug\arm_bitreversal2.o .\CortexM3\ARM_GCC_493\Debug\arm_common_tables.o .\CortexM3\ARM_GCC_493\Debug\arm_cfft_f32.o .\CortexM3\ARM_GCC_493\Debug\arm_cmplx_mag_f32.o .\CortexM3\ARM_GCC_493\Debug\arm_max_f32.o .\CortexM3\ARM_GCC_493\Debug\arm_cfft_init_f32.o .\CortexM3\ARM_GCC_493\Debug\arm_cfft_radix8_f32.o .\CortexM3\ARM_GCC_493\Debug\cymetadata.o .\CortexM3\ARM_GCC_493\Debug\Cm3Start.o .\CortexM3\ARM_GCC_493\Debug\SoundDetection.a "C:\Program Files (x86)\Cypress\PSoC Creator\3.3\PSoC Creator\psoc\content\cycomponentlibrary\CyComponentLibrary.cylib\CortexM3\ARM_GCC_493\Debug\CyComponentLibrary.a" -mcpu=cortex-m3 -mthumb -g -ffunction-sections -Og -ffat-lto-objects -l m -L Generated_Source\PSoC5 -Wl,-Map,.\CortexM3\ARM_GCC_493\Debug/SoundDetection.map -T Generated_Source\PSoC5\cm3gcc.ld -specs=nano.specs -Wl,--gc-sections -Wl,--end-group
cyelftool.exe -C "\\vmware-host\Shared Folders\Documents\PSoC Creator\FinalProject\SoundDetection.cydsn\CortexM3\ARM_GCC_493\Debug\SoundDetection.elf" --flash_row_size 256 --flash_size 262144
cyelftool.exe -S "\\vmware-host\Shared Folders\Documents\PSoC Creator\FinalProject\SoundDetection.cydsn\CortexM3\ARM_GCC_493\Debug\SoundDetection.elf"
Flash used: 103168 of 262144 bytes (39.4%).
SRAM used: 14957 of 65536 bytes (22.8%). Stack: 2048 bytes. Heap: 128 bytes.
--------------- Build Succeeded: 05/12/2024 17:35:31 ---------------
