ARM GAS  C:\Users\IVYLIU~1\AppData\Local\Temp\cc7vFZ2W.s 			page 1


   1              		.syntax unified
   2              		.cpu cortex-m3
   3              		.fpu softvfp
   4              		.eabi_attribute 20, 1
   5              		.eabi_attribute 21, 1
   6              		.eabi_attribute 23, 3
   7              		.eabi_attribute 24, 1
   8              		.eabi_attribute 25, 1
   9              		.eabi_attribute 26, 1
  10              		.eabi_attribute 30, 1
  11              		.eabi_attribute 34, 1
  12              		.eabi_attribute 18, 4
  13              		.thumb
  14              		.file	"cymetadata.c"
  15              		.text
  16              	.Ltext0:
  17              		.cfi_sections	.debug_frame
  18              		.global	cy_metadata
  19              		.global	cy_meta_flashprotect
  20              		.global	cy_meta_wonvl
  21              		.global	cy_meta_custnvl
  22              		.global	cy_meta_configecc
  23              		.section	.cyconfigecc,"a",%progbits
  24              		.align	2
  25              		.type	cy_meta_configecc, %object
  26              		.size	cy_meta_configecc, 120
  27              	cy_meta_configecc:
  28 0000 01       		.byte	1
  29 0001 09       		.byte	9
  30 0002 01       		.byte	1
  31 0003 40       		.byte	64
  32 0004 04       		.byte	4
  33 0005 0A       		.byte	10
  34 0006 01       		.byte	1
  35 0007 40       		.byte	64
  36 0008 01       		.byte	1
  37 0009 0B       		.byte	11
  38 000a 01       		.byte	1
  39 000b 40       		.byte	64
  40 000c 01       		.byte	1
  41 000d 15       		.byte	21
  42 000e 01       		.byte	1
  43 000f 40       		.byte	64
  44 0010 01       		.byte	1
  45 0011 1B       		.byte	27
  46 0012 01       		.byte	1
  47 0013 40       		.byte	64
  48 0014 02       		.byte	2
  49 0015 44       		.byte	68
  50 0016 01       		.byte	1
  51 0017 40       		.byte	64
  52 0018 01       		.byte	1
  53 0019 45       		.byte	69
  54 001a 01       		.byte	1
  55 001b 40       		.byte	64
  56 001c 03       		.byte	3
  57 001d 46       		.byte	70
ARM GAS  C:\Users\IVYLIU~1\AppData\Local\Temp\cc7vFZ2W.s 			page 2


  58 001e 01       		.byte	1
  59 001f 40       		.byte	64
  60 0020 03       		.byte	3
  61 0021 47       		.byte	71
  62 0022 01       		.byte	1
  63 0023 40       		.byte	64
  64 0024 02       		.byte	2
  65 0025 48       		.byte	72
  66 0026 01       		.byte	1
  67 0027 40       		.byte	64
  68 0028 01       		.byte	1
  69 0029 49       		.byte	73
  70 002a 01       		.byte	1
  71 002b 40       		.byte	64
  72 002c 01       		.byte	1
  73 002d 4C       		.byte	76
  74 002e 01       		.byte	1
  75 002f 40       		.byte	64
  76 0030 02       		.byte	2
  77 0031 4D       		.byte	77
  78 0032 01       		.byte	1
  79 0033 40       		.byte	64
  80 0034 B5       		.byte	-75
  81 0035 02       		.byte	2
  82 0036 B8       		.byte	-72
  83 0037 02       		.byte	2
  84 0038 BE       		.byte	-66
  85 0039 01       		.byte	1
  86 003a D8       		.byte	-40
  87 003b 04       		.byte	4
  88 003c DF       		.byte	-33
  89 003d 01       		.byte	1
  90 003e 1D       		.byte	29
  91 003f 02       		.byte	2
  92 0040 EC       		.byte	-20
  93 0041 10       		.byte	16
  94 0042 EC       		.byte	-20
  95 0043 10       		.byte	16
  96 0044 7C       		.byte	124
  97 0045 01       		.byte	1
  98 0046 DE       		.byte	-34
  99 0047 01       		.byte	1
 100 0048 94       		.byte	-108
 101 0049 01       		.byte	1
 102 004a 45       		.byte	69
 103 004b 08       		.byte	8
 104 004c 94       		.byte	-108
 105 004d 01       		.byte	1
 106 004e D0       		.byte	-48
 107 004f 01       		.byte	1
 108 0050 A5       		.byte	-91
 109 0051 08       		.byte	8
 110 0052 B4       		.byte	-76
 111 0053 01       		.byte	1
 112 0054 EC       		.byte	-20
 113 0055 08       		.byte	8
 114 0056 25       		.byte	37
ARM GAS  C:\Users\IVYLIU~1\AppData\Local\Temp\cc7vFZ2W.s 			page 3


 115 0057 10       		.byte	16
 116 0058 C8       		.byte	-56
 117 0059 20       		.byte	32
 118 005a B5       		.byte	-75
 119 005b 10       		.byte	16
 120 005c A5       		.byte	-91
 121 005d 08       		.byte	8
 122 005e B5       		.byte	-75
 123 005f 08       		.byte	8
 124 0060 EC       		.byte	-20
 125 0061 08       		.byte	8
 126 0062 00       		.byte	0
 127 0063 00       		.byte	0
 128 0064 00       		.byte	0
 129 0065 7F       		.byte	127
 130 0066 7F       		.byte	127
 131 0067 00       		.byte	0
 132 0068 00       		.byte	0
 133 0069 00       		.byte	0
 134 006a 00       		.byte	0
 135 006b 00       		.byte	0
 136 006c 00       		.byte	0
 137 006d 04       		.byte	4
 138 006e 04       		.byte	4
 139 006f 00       		.byte	0
 140 0070 00       		.byte	0
 141 0071 00       		.byte	0
 142 0072 40       		.byte	64
 143 0073 00       		.byte	0
 144 0074 18       		.byte	24
 145 0075 00       		.byte	0
 146 0076 18       		.byte	24
 147 0077 01       		.byte	1
 148              		.section	.cywolatch,"a",%progbits
 149              		.align	2
 150              		.type	cy_meta_wonvl, %object
 151              		.size	cy_meta_wonvl, 4
 152              	cy_meta_wonvl:
 153 0000 BC       		.byte	-68
 154 0001 90       		.byte	-112
 155 0002 AC       		.byte	-84
 156 0003 AF       		.byte	-81
 157              		.section	.cycustnvl,"a",%progbits
 158              		.align	2
 159              		.type	cy_meta_custnvl, %object
 160              		.size	cy_meta_custnvl, 4
 161              	cy_meta_custnvl:
 162 0000 00       		.byte	0
 163 0001 00       		.byte	0
 164 0002 40       		.byte	64
 165 0003 05       		.byte	5
 166              		.section	.cymeta,"a",%progbits
 167              		.align	2
 168              		.type	cy_metadata, %object
 169              		.size	cy_metadata, 12
 170              	cy_metadata:
 171 0000 00       		.byte	0
ARM GAS  C:\Users\IVYLIU~1\AppData\Local\Temp\cc7vFZ2W.s 			page 4


 172 0001 01       		.byte	1
 173 0002 2E       		.byte	46
 174 0003 12       		.byte	18
 175 0004 30       		.byte	48
 176 0005 69       		.byte	105
 177 0006 00       		.byte	0
 178 0007 01       		.byte	1
 179 0008 00       		.byte	0
 180 0009 00       		.byte	0
 181 000a 00       		.byte	0
 182 000b 00       		.byte	0
 183              		.section	.cyflashprotect,"a",%progbits
 184              		.align	2
 185              		.type	cy_meta_flashprotect, %object
 186              		.size	cy_meta_flashprotect, 256
 187              	cy_meta_flashprotect:
 188 0000 00000000 		.space	256
 188      00000000 
 188      00000000 
 188      00000000 
 188      00000000 
 189              		.text
 190              	.Letext0:
 191              		.file 1 ".\\Generated_Source\\PSoC5\\cymetadata.c"
 192              		.file 2 ".\\Generated_Source\\PSoC5\\cytypes.h"
 193              		.section	.debug_info,"",%progbits
 194              	.Ldebug_info0:
 195 0000 36010000 		.4byte	0x136
 196 0004 0400     		.2byte	0x4
 197 0006 00000000 		.4byte	.Ldebug_abbrev0
 198 000a 04       		.byte	0x4
 199 000b 01       		.uleb128 0x1
 200 000c 5D010000 		.4byte	.LASF18
 201 0010 01       		.byte	0x1
 202 0011 00000000 		.4byte	.LASF19
 203 0015 F7000000 		.4byte	.LASF20
 204 0019 00000000 		.4byte	.Ldebug_line0
 205 001d 02       		.uleb128 0x2
 206 001e 01       		.byte	0x1
 207 001f 06       		.byte	0x6
 208 0020 FF010000 		.4byte	.LASF0
 209 0024 02       		.uleb128 0x2
 210 0025 01       		.byte	0x1
 211 0026 08       		.byte	0x8
 212 0027 38000000 		.4byte	.LASF1
 213 002b 02       		.uleb128 0x2
 214 002c 02       		.byte	0x2
 215 002d 05       		.byte	0x5
 216 002e 4D010000 		.4byte	.LASF2
 217 0032 02       		.uleb128 0x2
 218 0033 02       		.byte	0x2
 219 0034 07       		.byte	0x7
 220 0035 58000000 		.4byte	.LASF3
 221 0039 02       		.uleb128 0x2
 222 003a 04       		.byte	0x4
 223 003b 05       		.byte	0x5
 224 003c F6010000 		.4byte	.LASF4
ARM GAS  C:\Users\IVYLIU~1\AppData\Local\Temp\cc7vFZ2W.s 			page 5


 225 0040 02       		.uleb128 0x2
 226 0041 04       		.byte	0x4
 227 0042 07       		.byte	0x7
 228 0043 46000000 		.4byte	.LASF5
 229 0047 02       		.uleb128 0x2
 230 0048 08       		.byte	0x8
 231 0049 05       		.byte	0x5
 232 004a E4000000 		.4byte	.LASF6
 233 004e 02       		.uleb128 0x2
 234 004f 08       		.byte	0x8
 235 0050 07       		.byte	0x7
 236 0051 A1000000 		.4byte	.LASF7
 237 0055 03       		.uleb128 0x3
 238 0056 04       		.byte	0x4
 239 0057 05       		.byte	0x5
 240 0058 696E7400 		.ascii	"int\000"
 241 005c 02       		.uleb128 0x2
 242 005d 04       		.byte	0x4
 243 005e 07       		.byte	0x7
 244 005f 94000000 		.4byte	.LASF8
 245 0063 04       		.uleb128 0x4
 246 0064 57010000 		.4byte	.LASF21
 247 0068 02       		.byte	0x2
 248 0069 9201     		.2byte	0x192
 249 006b 24000000 		.4byte	0x24
 250 006f 02       		.uleb128 0x2
 251 0070 04       		.byte	0x4
 252 0071 04       		.byte	0x4
 253 0072 32000000 		.4byte	.LASF9
 254 0076 02       		.uleb128 0x2
 255 0077 08       		.byte	0x8
 256 0078 04       		.byte	0x4
 257 0079 6B000000 		.4byte	.LASF10
 258 007d 02       		.uleb128 0x2
 259 007e 01       		.byte	0x1
 260 007f 08       		.byte	0x8
 261 0080 F2000000 		.4byte	.LASF11
 262 0084 05       		.uleb128 0x5
 263 0085 63000000 		.4byte	0x63
 264 0089 94000000 		.4byte	0x94
 265 008d 06       		.uleb128 0x6
 266 008e 94000000 		.4byte	0x94
 267 0092 77       		.byte	0x77
 268 0093 00       		.byte	0
 269 0094 02       		.uleb128 0x2
 270 0095 04       		.byte	0x4
 271 0096 07       		.byte	0x7
 272 0097 DB000000 		.4byte	.LASF12
 273 009b 07       		.uleb128 0x7
 274 009c 82000000 		.4byte	.LASF13
 275 00a0 01       		.byte	0x1
 276 00a1 1F       		.byte	0x1f
 277 00a2 AC000000 		.4byte	0xac
 278 00a6 05       		.uleb128 0x5
 279 00a7 03       		.byte	0x3
 280 00a8 00000000 		.4byte	cy_meta_configecc
 281 00ac 08       		.uleb128 0x8
ARM GAS  C:\Users\IVYLIU~1\AppData\Local\Temp\cc7vFZ2W.s 			page 6


 282 00ad 84000000 		.4byte	0x84
 283 00b1 05       		.uleb128 0x5
 284 00b2 63000000 		.4byte	0x63
 285 00b6 C1000000 		.4byte	0xc1
 286 00ba 06       		.uleb128 0x6
 287 00bb 94000000 		.4byte	0x94
 288 00bf 03       		.byte	0x3
 289 00c0 00       		.byte	0
 290 00c1 07       		.uleb128 0x7
 291 00c2 72000000 		.4byte	.LASF14
 292 00c6 01       		.byte	0x1
 293 00c7 3B       		.byte	0x3b
 294 00c8 D2000000 		.4byte	0xd2
 295 00cc 05       		.uleb128 0x5
 296 00cd 03       		.byte	0x3
 297 00ce 00000000 		.4byte	cy_meta_custnvl
 298 00d2 08       		.uleb128 0x8
 299 00d3 B1000000 		.4byte	0xb1
 300 00d7 07       		.uleb128 0x7
 301 00d8 CD000000 		.4byte	.LASF15
 302 00dc 01       		.byte	0x1
 303 00dd 49       		.byte	0x49
 304 00de E8000000 		.4byte	0xe8
 305 00e2 05       		.uleb128 0x5
 306 00e3 03       		.byte	0x3
 307 00e4 00000000 		.4byte	cy_meta_wonvl
 308 00e8 08       		.uleb128 0x8
 309 00e9 B1000000 		.4byte	0xb1
 310 00ed 05       		.uleb128 0x5
 311 00ee 63000000 		.4byte	0x63
 312 00f2 FD000000 		.4byte	0xfd
 313 00f6 06       		.uleb128 0x6
 314 00f7 94000000 		.4byte	0x94
 315 00fb FF       		.byte	0xff
 316 00fc 00       		.byte	0
 317 00fd 07       		.uleb128 0x7
 318 00fe B8000000 		.4byte	.LASF16
 319 0102 01       		.byte	0x1
 320 0103 57       		.byte	0x57
 321 0104 0E010000 		.4byte	0x10e
 322 0108 05       		.uleb128 0x5
 323 0109 03       		.byte	0x3
 324 010a 00000000 		.4byte	cy_meta_flashprotect
 325 010e 08       		.uleb128 0x8
 326 010f ED000000 		.4byte	0xed
 327 0113 05       		.uleb128 0x5
 328 0114 63000000 		.4byte	0x63
 329 0118 23010000 		.4byte	0x123
 330 011c 06       		.uleb128 0x6
 331 011d 94000000 		.4byte	0x94
 332 0121 0B       		.byte	0xb
 333 0122 00       		.byte	0
 334 0123 07       		.uleb128 0x7
 335 0124 26000000 		.4byte	.LASF17
 336 0128 01       		.byte	0x1
 337 0129 84       		.byte	0x84
 338 012a 34010000 		.4byte	0x134
ARM GAS  C:\Users\IVYLIU~1\AppData\Local\Temp\cc7vFZ2W.s 			page 7


 339 012e 05       		.uleb128 0x5
 340 012f 03       		.byte	0x3
 341 0130 00000000 		.4byte	cy_metadata
 342 0134 08       		.uleb128 0x8
 343 0135 13010000 		.4byte	0x113
 344 0139 00       		.byte	0
 345              		.section	.debug_abbrev,"",%progbits
 346              	.Ldebug_abbrev0:
 347 0000 01       		.uleb128 0x1
 348 0001 11       		.uleb128 0x11
 349 0002 01       		.byte	0x1
 350 0003 25       		.uleb128 0x25
 351 0004 0E       		.uleb128 0xe
 352 0005 13       		.uleb128 0x13
 353 0006 0B       		.uleb128 0xb
 354 0007 03       		.uleb128 0x3
 355 0008 0E       		.uleb128 0xe
 356 0009 1B       		.uleb128 0x1b
 357 000a 0E       		.uleb128 0xe
 358 000b 10       		.uleb128 0x10
 359 000c 17       		.uleb128 0x17
 360 000d 00       		.byte	0
 361 000e 00       		.byte	0
 362 000f 02       		.uleb128 0x2
 363 0010 24       		.uleb128 0x24
 364 0011 00       		.byte	0
 365 0012 0B       		.uleb128 0xb
 366 0013 0B       		.uleb128 0xb
 367 0014 3E       		.uleb128 0x3e
 368 0015 0B       		.uleb128 0xb
 369 0016 03       		.uleb128 0x3
 370 0017 0E       		.uleb128 0xe
 371 0018 00       		.byte	0
 372 0019 00       		.byte	0
 373 001a 03       		.uleb128 0x3
 374 001b 24       		.uleb128 0x24
 375 001c 00       		.byte	0
 376 001d 0B       		.uleb128 0xb
 377 001e 0B       		.uleb128 0xb
 378 001f 3E       		.uleb128 0x3e
 379 0020 0B       		.uleb128 0xb
 380 0021 03       		.uleb128 0x3
 381 0022 08       		.uleb128 0x8
 382 0023 00       		.byte	0
 383 0024 00       		.byte	0
 384 0025 04       		.uleb128 0x4
 385 0026 16       		.uleb128 0x16
 386 0027 00       		.byte	0
 387 0028 03       		.uleb128 0x3
 388 0029 0E       		.uleb128 0xe
 389 002a 3A       		.uleb128 0x3a
 390 002b 0B       		.uleb128 0xb
 391 002c 3B       		.uleb128 0x3b
 392 002d 05       		.uleb128 0x5
 393 002e 49       		.uleb128 0x49
 394 002f 13       		.uleb128 0x13
 395 0030 00       		.byte	0
ARM GAS  C:\Users\IVYLIU~1\AppData\Local\Temp\cc7vFZ2W.s 			page 8


 396 0031 00       		.byte	0
 397 0032 05       		.uleb128 0x5
 398 0033 01       		.uleb128 0x1
 399 0034 01       		.byte	0x1
 400 0035 49       		.uleb128 0x49
 401 0036 13       		.uleb128 0x13
 402 0037 01       		.uleb128 0x1
 403 0038 13       		.uleb128 0x13
 404 0039 00       		.byte	0
 405 003a 00       		.byte	0
 406 003b 06       		.uleb128 0x6
 407 003c 21       		.uleb128 0x21
 408 003d 00       		.byte	0
 409 003e 49       		.uleb128 0x49
 410 003f 13       		.uleb128 0x13
 411 0040 2F       		.uleb128 0x2f
 412 0041 0B       		.uleb128 0xb
 413 0042 00       		.byte	0
 414 0043 00       		.byte	0
 415 0044 07       		.uleb128 0x7
 416 0045 34       		.uleb128 0x34
 417 0046 00       		.byte	0
 418 0047 03       		.uleb128 0x3
 419 0048 0E       		.uleb128 0xe
 420 0049 3A       		.uleb128 0x3a
 421 004a 0B       		.uleb128 0xb
 422 004b 3B       		.uleb128 0x3b
 423 004c 0B       		.uleb128 0xb
 424 004d 49       		.uleb128 0x49
 425 004e 13       		.uleb128 0x13
 426 004f 3F       		.uleb128 0x3f
 427 0050 19       		.uleb128 0x19
 428 0051 02       		.uleb128 0x2
 429 0052 18       		.uleb128 0x18
 430 0053 00       		.byte	0
 431 0054 00       		.byte	0
 432 0055 08       		.uleb128 0x8
 433 0056 26       		.uleb128 0x26
 434 0057 00       		.byte	0
 435 0058 49       		.uleb128 0x49
 436 0059 13       		.uleb128 0x13
 437 005a 00       		.byte	0
 438 005b 00       		.byte	0
 439 005c 00       		.byte	0
 440              		.section	.debug_aranges,"",%progbits
 441 0000 14000000 		.4byte	0x14
 442 0004 0200     		.2byte	0x2
 443 0006 00000000 		.4byte	.Ldebug_info0
 444 000a 04       		.byte	0x4
 445 000b 00       		.byte	0
 446 000c 0000     		.2byte	0
 447 000e 0000     		.2byte	0
 448 0010 00000000 		.4byte	0
 449 0014 00000000 		.4byte	0
 450              		.section	.debug_line,"",%progbits
 451              	.Ldebug_line0:
 452 0000 4F000000 		.section	.debug_str,"MS",%progbits,1
ARM GAS  C:\Users\IVYLIU~1\AppData\Local\Temp\cc7vFZ2W.s 			page 9


 452      02004900 
 452      00000201 
 452      FB0E0D00 
 452      01010101 
 453              	.LASF19:
 454 0000 2E5C4765 		.ascii	".\\Generated_Source\\PSoC5\\cymetadata.c\000"
 454      6E657261 
 454      7465645F 
 454      536F7572 
 454      63655C50 
 455              	.LASF17:
 456 0026 63795F6D 		.ascii	"cy_metadata\000"
 456      65746164 
 456      61746100 
 457              	.LASF9:
 458 0032 666C6F61 		.ascii	"float\000"
 458      7400
 459              	.LASF1:
 460 0038 756E7369 		.ascii	"unsigned char\000"
 460      676E6564 
 460      20636861 
 460      7200
 461              	.LASF5:
 462 0046 6C6F6E67 		.ascii	"long unsigned int\000"
 462      20756E73 
 462      69676E65 
 462      6420696E 
 462      7400
 463              	.LASF3:
 464 0058 73686F72 		.ascii	"short unsigned int\000"
 464      7420756E 
 464      7369676E 
 464      65642069 
 464      6E7400
 465              	.LASF10:
 466 006b 646F7562 		.ascii	"double\000"
 466      6C6500
 467              	.LASF14:
 468 0072 63795F6D 		.ascii	"cy_meta_custnvl\000"
 468      6574615F 
 468      63757374 
 468      6E766C00 
 469              	.LASF13:
 470 0082 63795F6D 		.ascii	"cy_meta_configecc\000"
 470      6574615F 
 470      636F6E66 
 470      69676563 
 470      6300
 471              	.LASF8:
 472 0094 756E7369 		.ascii	"unsigned int\000"
 472      676E6564 
 472      20696E74 
 472      00
 473              	.LASF7:
 474 00a1 6C6F6E67 		.ascii	"long long unsigned int\000"
 474      206C6F6E 
 474      6720756E 
ARM GAS  C:\Users\IVYLIU~1\AppData\Local\Temp\cc7vFZ2W.s 			page 10


 474      7369676E 
 474      65642069 
 475              	.LASF16:
 476 00b8 63795F6D 		.ascii	"cy_meta_flashprotect\000"
 476      6574615F 
 476      666C6173 
 476      6870726F 
 476      74656374 
 477              	.LASF15:
 478 00cd 63795F6D 		.ascii	"cy_meta_wonvl\000"
 478      6574615F 
 478      776F6E76 
 478      6C00
 479              	.LASF12:
 480 00db 73697A65 		.ascii	"sizetype\000"
 480      74797065 
 480      00
 481              	.LASF6:
 482 00e4 6C6F6E67 		.ascii	"long long int\000"
 482      206C6F6E 
 482      6720696E 
 482      7400
 483              	.LASF11:
 484 00f2 63686172 		.ascii	"char\000"
 484      00
 485              	.LASF20:
 486 00f7 5C5C766D 		.ascii	"\\\\vmware-host\\Shared Folders\\Documents\\PSoC Cr"
 486      77617265 
 486      2D686F73 
 486      745C5368 
 486      61726564 
 487 0125 6561746F 		.ascii	"eator\\FinalProject\\SoundDetection.cydsn\000"
 487      725C4669 
 487      6E616C50 
 487      726F6A65 
 487      63745C53 
 488              	.LASF2:
 489 014d 73686F72 		.ascii	"short int\000"
 489      7420696E 
 489      7400
 490              	.LASF21:
 491 0157 75696E74 		.ascii	"uint8\000"
 491      3800
 492              	.LASF18:
 493 015d 474E5520 		.ascii	"GNU C 4.9.3 20150303 (release) [ARM/embedded-4_9-br"
 493      4320342E 
 493      392E3320 
 493      32303135 
 493      30333033 
 494 0190 616E6368 		.ascii	"anch revision 221220] -mcpu=cortex-m3 -mthumb -g -O"
 494      20726576 
 494      6973696F 
 494      6E203232 
 494      31323230 
 495 01c3 67202D73 		.ascii	"g -std=gnu99 -ffunction-sections -ffat-lto-objects\000"
 495      74643D67 
 495      6E753939 
ARM GAS  C:\Users\IVYLIU~1\AppData\Local\Temp\cc7vFZ2W.s 			page 11


 495      202D6666 
 495      756E6374 
 496              	.LASF4:
 497 01f6 6C6F6E67 		.ascii	"long int\000"
 497      20696E74 
 497      00
 498              	.LASF0:
 499 01ff 7369676E 		.ascii	"signed char\000"
 499      65642063 
 499      68617200 
 500              		.ident	"GCC: (GNU Tools for ARM Embedded Processors) 4.9.3 20150303 (release) [ARM/embedded-4_9-br
