ARM GAS  C:\Users\IVYLIU~1\AppData\Local\Temp\ccZQkPWo.s 			page 1


   1              		.syntax unified
   2              		.cpu cortex-m3
   3              		.fpu softvfp
   4              		.eabi_attribute 20, 1
   5              		.eabi_attribute 21, 1
   6              		.eabi_attribute 23, 3
   7              		.eabi_attribute 24, 1
   8              		.eabi_attribute 25, 1
   9              		.eabi_attribute 26, 1
  10              		.eabi_attribute 30, 1
  11              		.eabi_attribute 34, 1
  12              		.eabi_attribute 18, 4
  13              		.thumb
  14              		.file	"cymetadata.c"
  15              		.text
  16              	.Ltext0:
  17              		.cfi_sections	.debug_frame
  18              		.global	cy_metadata
  19              		.global	cy_meta_flashprotect
  20              		.global	cy_meta_wonvl
  21              		.global	cy_meta_custnvl
  22              		.global	cy_meta_configecc
  23              		.section	.cyconfigecc,"a",%progbits
  24              		.align	2
  25              		.type	cy_meta_configecc, %object
  26              		.size	cy_meta_configecc, 732
  27              	cy_meta_configecc:
  28 0000 05       		.byte	5
  29 0001 52       		.byte	82
  30 0002 00       		.byte	0
  31 0003 40       		.byte	64
  32 0004 01       		.byte	1
  33 0005 64       		.byte	100
  34 0006 00       		.byte	0
  35 0007 40       		.byte	64
  36 0008 04       		.byte	4
  37 0009 04       		.byte	4
  38 000a 01       		.byte	1
  39 000b 40       		.byte	64
  40 000c 01       		.byte	1
  41 000d 05       		.byte	5
  42 000e 01       		.byte	1
  43 000f 40       		.byte	64
  44 0010 01       		.byte	1
  45 0011 07       		.byte	7
  46 0012 01       		.byte	1
  47 0013 40       		.byte	64
  48 0014 01       		.byte	1
  49 0015 09       		.byte	9
  50 0016 01       		.byte	1
  51 0017 40       		.byte	64
  52 0018 07       		.byte	7
  53 0019 0B       		.byte	11
  54 001a 01       		.byte	1
  55 001b 40       		.byte	64
  56 001c 58       		.byte	88
  57 001d 0C       		.byte	12
ARM GAS  C:\Users\IVYLIU~1\AppData\Local\Temp\ccZQkPWo.s 			page 2


  58 001e 01       		.byte	1
  59 001f 40       		.byte	64
  60 0020 3C       		.byte	60
  61 0021 0D       		.byte	13
  62 0022 01       		.byte	1
  63 0023 40       		.byte	64
  64 0024 44       		.byte	68
  65 0025 0E       		.byte	14
  66 0026 01       		.byte	1
  67 0027 40       		.byte	64
  68 0028 31       		.byte	49
  69 0029 0F       		.byte	15
  70 002a 01       		.byte	1
  71 002b 40       		.byte	64
  72 002c 06       		.byte	6
  73 002d 44       		.byte	68
  74 002e 01       		.byte	1
  75 002f 40       		.byte	64
  76 0030 0D       		.byte	13
  77 0031 45       		.byte	69
  78 0032 01       		.byte	1
  79 0033 40       		.byte	64
  80 0034 0A       		.byte	10
  81 0035 46       		.byte	70
  82 0036 01       		.byte	1
  83 0037 40       		.byte	64
  84 0038 02       		.byte	2
  85 0039 47       		.byte	71
  86 003a 01       		.byte	1
  87 003b 40       		.byte	64
  88 003c 02       		.byte	2
  89 003d 50       		.byte	80
  90 003e 01       		.byte	1
  91 003f 40       		.byte	64
  92 0040 10       		.byte	16
  93 0041 C4       		.byte	-60
  94 0042 11       		.byte	17
  95 0043 80       		.byte	-128
  96 0044 14       		.byte	20
  97 0045 02       		.byte	2
  98 0046 30       		.byte	48
  99 0047 0C       		.byte	12
 100 0048 31       		.byte	49
 101 0049 04       		.byte	4
 102 004a 8F       		.byte	-113
 103 004b 0F       		.byte	15
 104 004c 39       		.byte	57
 105 004d 80       		.byte	-128
 106 004e 3F       		.byte	63
 107 004f 40       		.byte	64
 108 0050 59       		.byte	89
 109 0051 04       		.byte	4
 110 0052 5F       		.byte	95
 111 0053 01       		.byte	1
 112 0054 20       		.byte	32
 113 0055 01       		.byte	1
 114 0056 B4       		.byte	-76
ARM GAS  C:\Users\IVYLIU~1\AppData\Local\Temp\ccZQkPWo.s 			page 3


 115 0057 01       		.byte	1
 116 0058 EC       		.byte	-20
 117 0059 10       		.byte	16
 118 005a AD       		.byte	-83
 119 005b 40       		.byte	64
 120 005c AE       		.byte	-82
 121 005d 01       		.byte	1
 122 005e AF       		.byte	-81
 123 005f 04       		.byte	4
 124 0060 B0       		.byte	-80
 125 0061 84       		.byte	-124
 126 0062 B4       		.byte	-76
 127 0063 01       		.byte	1
 128 0064 B5       		.byte	-75
 129 0065 01       		.byte	1
 130 0066 E8       		.byte	-24
 131 0067 08       		.byte	8
 132 0068 01       		.byte	1
 133 0069 68       		.byte	104
 134 006a 05       		.byte	5
 135 006b 68       		.byte	104
 136 006c 0A       		.byte	10
 137 006d 03       		.byte	3
 138 006e 0C       		.byte	12
 139 006f 01       		.byte	1
 140 0070 11       		.byte	17
 141 0071 09       		.byte	9
 142 0072 12       		.byte	18
 143 0073 02       		.byte	2
 144 0074 13       		.byte	19
 145 0075 12       		.byte	18
 146 0076 15       		.byte	21
 147 0077 16       		.byte	22
 148 0078 17       		.byte	23
 149 0079 21       		.byte	33
 150 007a 19       		.byte	25
 151 007b 14       		.byte	20
 152 007c 1B       		.byte	27
 153 007d 40       		.byte	64
 154 007e 1D       		.byte	29
 155 007f 10       		.byte	16
 156 0080 1F       		.byte	31
 157 0081 68       		.byte	104
 158 0082 21       		.byte	33
 159 0083 04       		.byte	4
 160 0084 25       		.byte	37
 161 0085 68       		.byte	104
 162 0086 26       		.byte	38
 163 0087 03       		.byte	3
 164 0088 29       		.byte	41
 165 0089 68       		.byte	104
 166 008a 2D       		.byte	45
 167 008b 68       		.byte	104
 168 008c 30       		.byte	48
 169 008d 03       		.byte	3
 170 008e 33       		.byte	51
 171 008f 07       		.byte	7
ARM GAS  C:\Users\IVYLIU~1\AppData\Local\Temp\ccZQkPWo.s 			page 4


 172 0090 37       		.byte	55
 173 0091 78       		.byte	120
 174 0092 3B       		.byte	59
 175 0093 88       		.byte	-120
 176 0094 58       		.byte	88
 177 0095 04       		.byte	4
 178 0096 59       		.byte	89
 179 0097 04       		.byte	4
 180 0098 5F       		.byte	95
 181 0099 01       		.byte	1
 182 009a 80       		.byte	-128
 183 009b 60       		.byte	96
 184 009c 81       		.byte	-127
 185 009d 03       		.byte	3
 186 009e 83       		.byte	-125
 187 009f 04       		.byte	4
 188 00a0 84       		.byte	-124
 189 00a1 80       		.byte	-128
 190 00a2 85       		.byte	-123
 191 00a3 05       		.byte	5
 192 00a4 86       		.byte	-122
 193 00a5 04       		.byte	4
 194 00a6 87       		.byte	-121
 195 00a7 0A       		.byte	10
 196 00a8 88       		.byte	-120
 197 00a9 0A       		.byte	10
 198 00aa 8A       		.byte	-118
 199 00ab 10       		.byte	16
 200 00ac 8C       		.byte	-116
 201 00ad 07       		.byte	7
 202 00ae 8E       		.byte	-114
 203 00af 38       		.byte	56
 204 00b0 90       		.byte	-112
 205 00b1 84       		.byte	-124
 206 00b2 91       		.byte	-111
 207 00b3 0E       		.byte	14
 208 00b4 95       		.byte	-107
 209 00b5 04       		.byte	4
 210 00b6 96       		.byte	-106
 211 00b7 80       		.byte	-128
 212 00b8 97       		.byte	-105
 213 00b9 09       		.byte	9
 214 00ba 98       		.byte	-104
 215 00bb 04       		.byte	4
 216 00bc 9C       		.byte	-100
 217 00bd 01       		.byte	1
 218 00be A0       		.byte	-96
 219 00bf 84       		.byte	-124
 220 00c0 A4       		.byte	-92
 221 00c1 84       		.byte	-124
 222 00c2 A8       		.byte	-88
 223 00c3 56       		.byte	86
 224 00c4 AA       		.byte	-86
 225 00c5 09       		.byte	9
 226 00c6 AC       		.byte	-84
 227 00c7 04       		.byte	4
 228 00c8 AE       		.byte	-82
ARM GAS  C:\Users\IVYLIU~1\AppData\Local\Temp\ccZQkPWo.s 			page 5


 229 00c9 80       		.byte	-128
 230 00ca B1       		.byte	-79
 231 00cb 0F       		.byte	15
 232 00cc B4       		.byte	-76
 233 00cd 80       		.byte	-128
 234 00ce B6       		.byte	-74
 235 00cf 7F       		.byte	127
 236 00d0 B8       		.byte	-72
 237 00d1 80       		.byte	-128
 238 00d2 B9       		.byte	-71
 239 00d3 02       		.byte	2
 240 00d4 BE       		.byte	-66
 241 00d5 10       		.byte	16
 242 00d6 C0       		.byte	-64
 243 00d7 36       		.byte	54
 244 00d8 C1       		.byte	-63
 245 00d9 04       		.byte	4
 246 00da C2       		.byte	-62
 247 00db 20       		.byte	32
 248 00dc C4       		.byte	-60
 249 00dd 01       		.byte	1
 250 00de C5       		.byte	-59
 251 00df BE       		.byte	-66
 252 00e0 C6       		.byte	-58
 253 00e1 FC       		.byte	-4
 254 00e2 C7       		.byte	-57
 255 00e3 0D       		.byte	13
 256 00e4 C8       		.byte	-56
 257 00e5 1F       		.byte	31
 258 00e6 C9       		.byte	-55
 259 00e7 FF       		.byte	-1
 260 00e8 CA       		.byte	-54
 261 00e9 FF       		.byte	-1
 262 00ea CB       		.byte	-53
 263 00eb FF       		.byte	-1
 264 00ec CC       		.byte	-52
 265 00ed 22       		.byte	34
 266 00ee CE       		.byte	-50
 267 00ef F0       		.byte	-16
 268 00f0 CF       		.byte	-49
 269 00f1 08       		.byte	8
 270 00f2 D0       		.byte	-48
 271 00f3 04       		.byte	4
 272 00f4 D4       		.byte	-44
 273 00f5 40       		.byte	64
 274 00f6 D8       		.byte	-40
 275 00f7 04       		.byte	4
 276 00f8 D9       		.byte	-39
 277 00f9 04       		.byte	4
 278 00fa DA       		.byte	-38
 279 00fb 04       		.byte	4
 280 00fc DB       		.byte	-37
 281 00fd 04       		.byte	4
 282 00fe DF       		.byte	-33
 283 00ff 01       		.byte	1
 284 0100 E2       		.byte	-30
 285 0101 C0       		.byte	-64
ARM GAS  C:\Users\IVYLIU~1\AppData\Local\Temp\ccZQkPWo.s 			page 6


 286 0102 E4       		.byte	-28
 287 0103 40       		.byte	64
 288 0104 E5       		.byte	-27
 289 0105 01       		.byte	1
 290 0106 E6       		.byte	-26
 291 0107 10       		.byte	16
 292 0108 E7       		.byte	-25
 293 0109 11       		.byte	17
 294 010a E8       		.byte	-24
 295 010b C0       		.byte	-64
 296 010c E9       		.byte	-23
 297 010d 01       		.byte	1
 298 010e EB       		.byte	-21
 299 010f 11       		.byte	17
 300 0110 EC       		.byte	-20
 301 0111 40       		.byte	64
 302 0112 ED       		.byte	-19
 303 0113 01       		.byte	1
 304 0114 EE       		.byte	-18
 305 0115 40       		.byte	64
 306 0116 EF       		.byte	-17
 307 0117 01       		.byte	1
 308 0118 00       		.byte	0
 309 0119 08       		.byte	8
 310 011a 01       		.byte	1
 311 011b 02       		.byte	2
 312 011c 03       		.byte	3
 313 011d 05       		.byte	5
 314 011e 04       		.byte	4
 315 011f 20       		.byte	32
 316 0120 07       		.byte	7
 317 0121 01       		.byte	1
 318 0122 09       		.byte	9
 319 0123 09       		.byte	9
 320 0124 0A       		.byte	10
 321 0125 09       		.byte	9
 322 0126 0E       		.byte	14
 323 0127 80       		.byte	-128
 324 0128 10       		.byte	16
 325 0129 A2       		.byte	-94
 326 012a 12       		.byte	18
 327 012b 08       		.byte	8
 328 012c 17       		.byte	23
 329 012d 04       		.byte	4
 330 012e 1A       		.byte	26
 331 012f 01       		.byte	1
 332 0130 1B       		.byte	27
 333 0131 10       		.byte	16
 334 0132 1D       		.byte	29
 335 0133 01       		.byte	1
 336 0134 1E       		.byte	30
 337 0135 80       		.byte	-128
 338 0136 21       		.byte	33
 339 0137 02       		.byte	2
 340 0138 24       		.byte	36
 341 0139 20       		.byte	32
 342 013a 26       		.byte	38
ARM GAS  C:\Users\IVYLIU~1\AppData\Local\Temp\ccZQkPWo.s 			page 7


 343 013b 88       		.byte	-120
 344 013c 27       		.byte	39
 345 013d 20       		.byte	32
 346 013e 2C       		.byte	44
 347 013f 26       		.byte	38
 348 0140 2F       		.byte	47
 349 0141 80       		.byte	-128
 350 0142 31       		.byte	49
 351 0143 02       		.byte	2
 352 0144 32       		.byte	50
 353 0145 08       		.byte	8
 354 0146 36       		.byte	54
 355 0147 80       		.byte	-128
 356 0148 37       		.byte	55
 357 0149 25       		.byte	37
 358 014a 38       		.byte	56
 359 014b 08       		.byte	8
 360 014c 39       		.byte	57
 361 014d 02       		.byte	2
 362 014e 3C       		.byte	60
 363 014f 08       		.byte	8
 364 0150 3D       		.byte	61
 365 0151 02       		.byte	2
 366 0152 40       		.byte	64
 367 0153 05       		.byte	5
 368 0154 41       		.byte	65
 369 0155 01       		.byte	1
 370 0156 43       		.byte	67
 371 0157 05       		.byte	5
 372 0158 49       		.byte	73
 373 0159 0A       		.byte	10
 374 015a 4A       		.byte	74
 375 015b 08       		.byte	8
 376 015c 51       		.byte	81
 377 015d 08       		.byte	8
 378 015e 52       		.byte	82
 379 015f 10       		.byte	16
 380 0160 53       		.byte	83
 381 0161 84       		.byte	-124
 382 0162 61       		.byte	97
 383 0163 40       		.byte	64
 384 0164 62       		.byte	98
 385 0165 10       		.byte	16
 386 0166 63       		.byte	99
 387 0167 20       		.byte	32
 388 0168 89       		.byte	-119
 389 0169 02       		.byte	2
 390 016a 90       		.byte	-112
 391 016b 0C       		.byte	12
 392 016c 92       		.byte	-110
 393 016d 08       		.byte	8
 394 016e 94       		.byte	-108
 395 016f 20       		.byte	32
 396 0170 9B       		.byte	-101
 397 0171 05       		.byte	5
 398 0172 9D       		.byte	-99
 399 0173 08       		.byte	8
ARM GAS  C:\Users\IVYLIU~1\AppData\Local\Temp\ccZQkPWo.s 			page 8


 400 0174 A0       		.byte	-96
 401 0175 A6       		.byte	-90
 402 0176 A1       		.byte	-95
 403 0177 01       		.byte	1
 404 0178 A7       		.byte	-89
 405 0179 80       		.byte	-128
 406 017a B0       		.byte	-80
 407 017b 20       		.byte	32
 408 017c B3       		.byte	-77
 409 017d 80       		.byte	-128
 410 017e C0       		.byte	-64
 411 017f CF       		.byte	-49
 412 0180 C2       		.byte	-62
 413 0181 1F       		.byte	31
 414 0182 C4       		.byte	-60
 415 0183 2F       		.byte	47
 416 0184 CA       		.byte	-54
 417 0185 F0       		.byte	-16
 418 0186 CC       		.byte	-52
 419 0187 F3       		.byte	-13
 420 0188 CE       		.byte	-50
 421 0189 C3       		.byte	-61
 422 018a D0       		.byte	-48
 423 018b 0F       		.byte	15
 424 018c D2       		.byte	-46
 425 018d 04       		.byte	4
 426 018e D8       		.byte	-40
 427 018f 0E       		.byte	14
 428 0190 05       		.byte	5
 429 0191 09       		.byte	9
 430 0192 07       		.byte	7
 431 0193 06       		.byte	6
 432 0194 08       		.byte	8
 433 0195 01       		.byte	1
 434 0196 09       		.byte	9
 435 0197 07       		.byte	7
 436 0198 0B       		.byte	11
 437 0199 08       		.byte	8
 438 019a 0C       		.byte	12
 439 019b 01       		.byte	1
 440 019c 0D       		.byte	13
 441 019d 04       		.byte	4
 442 019e 10       		.byte	16
 443 019f 02       		.byte	2
 444 01a0 13       		.byte	19
 445 01a1 0B       		.byte	11
 446 01a2 14       		.byte	20
 447 01a3 01       		.byte	1
 448 01a4 17       		.byte	23
 449 01a5 04       		.byte	4
 450 01a6 19       		.byte	25
 451 01a7 04       		.byte	4
 452 01a8 1D       		.byte	29
 453 01a9 04       		.byte	4
 454 01aa 20       		.byte	32
 455 01ab 02       		.byte	2
 456 01ac 24       		.byte	36
ARM GAS  C:\Users\IVYLIU~1\AppData\Local\Temp\ccZQkPWo.s 			page 9


 457 01ad 02       		.byte	2
 458 01ae 25       		.byte	37
 459 01af 01       		.byte	1
 460 01b0 27       		.byte	39
 461 01b1 06       		.byte	6
 462 01b2 28       		.byte	40
 463 01b3 02       		.byte	2
 464 01b4 2D       		.byte	45
 465 01b5 04       		.byte	4
 466 01b6 2E       		.byte	46
 467 01b7 02       		.byte	2
 468 01b8 33       		.byte	51
 469 01b9 07       		.byte	7
 470 01ba 34       		.byte	52
 471 01bb 02       		.byte	2
 472 01bc 36       		.byte	54
 473 01bd 01       		.byte	1
 474 01be 37       		.byte	55
 475 01bf 08       		.byte	8
 476 01c0 3B       		.byte	59
 477 01c1 08       		.byte	8
 478 01c2 3E       		.byte	62
 479 01c3 50       		.byte	80
 480 01c4 3F       		.byte	63
 481 01c5 40       		.byte	64
 482 01c6 54       		.byte	84
 483 01c7 09       		.byte	9
 484 01c8 58       		.byte	88
 485 01c9 04       		.byte	4
 486 01ca 59       		.byte	89
 487 01cb 04       		.byte	4
 488 01cc 5B       		.byte	91
 489 01cd 04       		.byte	4
 490 01ce 5F       		.byte	95
 491 01cf 01       		.byte	1
 492 01d0 81       		.byte	-127
 493 01d1 1A       		.byte	26
 494 01d2 85       		.byte	-123
 495 01d3 02       		.byte	2
 496 01d4 87       		.byte	-121
 497 01d5 18       		.byte	24
 498 01d6 88       		.byte	-120
 499 01d7 09       		.byte	9
 500 01d8 8A       		.byte	-118
 501 01d9 06       		.byte	6
 502 01da 8C       		.byte	-116
 503 01db 03       		.byte	3
 504 01dc 8D       		.byte	-115
 505 01dd 1A       		.byte	26
 506 01de 8E       		.byte	-114
 507 01df 0C       		.byte	12
 508 01e0 90       		.byte	-112
 509 01e1 02       		.byte	2
 510 01e2 91       		.byte	-111
 511 01e3 13       		.byte	19
 512 01e4 92       		.byte	-110
 513 01e5 0D       		.byte	13
ARM GAS  C:\Users\IVYLIU~1\AppData\Local\Temp\ccZQkPWo.s 			page 10


 514 01e6 93       		.byte	-109
 515 01e7 04       		.byte	4
 516 01e8 95       		.byte	-107
 517 01e9 01       		.byte	1
 518 01ea 97       		.byte	-105
 519 01eb 18       		.byte	24
 520 01ec 99       		.byte	-103
 521 01ed 18       		.byte	24
 522 01ee A1       		.byte	-95
 523 01ef 02       		.byte	2
 524 01f0 A4       		.byte	-92
 525 01f1 05       		.byte	5
 526 01f2 A5       		.byte	-91
 527 01f3 18       		.byte	24
 528 01f4 A6       		.byte	-90
 529 01f5 0A       		.byte	10
 530 01f6 A7       		.byte	-89
 531 01f7 02       		.byte	2
 532 01f8 A9       		.byte	-87
 533 01f9 1C       		.byte	28
 534 01fa AB       		.byte	-85
 535 01fb 03       		.byte	3
 536 01fc AD       		.byte	-83
 537 01fd 18       		.byte	24
 538 01fe AF       		.byte	-81
 539 01ff 02       		.byte	2
 540 0200 B0       		.byte	-80
 541 0201 0F       		.byte	15
 542 0202 B4       		.byte	-76
 543 0203 0F       		.byte	15
 544 0204 B5       		.byte	-75
 545 0205 0F       		.byte	15
 546 0206 B7       		.byte	-73
 547 0207 13       		.byte	19
 548 0208 BA       		.byte	-70
 549 0209 22       		.byte	34
 550 020a BB       		.byte	-69
 551 020b 20       		.byte	32
 552 020c D6       		.byte	-42
 553 020d 02       		.byte	2
 554 020e D7       		.byte	-41
 555 020f 28       		.byte	40
 556 0210 D8       		.byte	-40
 557 0211 04       		.byte	4
 558 0212 D9       		.byte	-39
 559 0213 04       		.byte	4
 560 0214 DB       		.byte	-37
 561 0215 04       		.byte	4
 562 0216 DF       		.byte	-33
 563 0217 01       		.byte	1
 564 0218 03       		.byte	3
 565 0219 05       		.byte	5
 566 021a 04       		.byte	4
 567 021b 20       		.byte	32
 568 021c 07       		.byte	7
 569 021d 01       		.byte	1
 570 021e 09       		.byte	9
ARM GAS  C:\Users\IVYLIU~1\AppData\Local\Temp\ccZQkPWo.s 			page 11


 571 021f 01       		.byte	1
 572 0220 0B       		.byte	11
 573 0221 10       		.byte	16
 574 0222 0E       		.byte	14
 575 0223 80       		.byte	-128
 576 0224 10       		.byte	16
 577 0225 AA       		.byte	-86
 578 0226 17       		.byte	23
 579 0227 04       		.byte	4
 580 0228 18       		.byte	24
 581 0229 05       		.byte	5
 582 022a 1E       		.byte	30
 583 022b 80       		.byte	-128
 584 022c 1F       		.byte	31
 585 022d 10       		.byte	16
 586 022e 22       		.byte	34
 587 022f 44       		.byte	68
 588 0230 23       		.byte	35
 589 0231 20       		.byte	32
 590 0232 24       		.byte	36
 591 0233 08       		.byte	8
 592 0234 27       		.byte	39
 593 0235 05       		.byte	5
 594 0236 28       		.byte	40
 595 0237 10       		.byte	16
 596 0238 2B       		.byte	43
 597 0239 02       		.byte	2
 598 023a 2C       		.byte	44
 599 023b 20       		.byte	32
 600 023c 2E       		.byte	46
 601 023d 20       		.byte	32
 602 023e 2F       		.byte	47
 603 023f 82       		.byte	-126
 604 0240 30       		.byte	48
 605 0241 A8       		.byte	-88
 606 0242 33       		.byte	51
 607 0243 01       		.byte	1
 608 0244 34       		.byte	52
 609 0245 10       		.byte	16
 610 0246 37       		.byte	55
 611 0247 25       		.byte	37
 612 0248 38       		.byte	56
 613 0249 A8       		.byte	-88
 614 024a 3A       		.byte	58
 615 024b 20       		.byte	32
 616 024c 3B       		.byte	59
 617 024d 10       		.byte	16
 618 024e 3C       		.byte	60
 619 024f 88       		.byte	-120
 620 0250 3D       		.byte	61
 621 0251 02       		.byte	2
 622 0252 48       		.byte	72
 623 0253 0C       		.byte	12
 624 0254 58       		.byte	88
 625 0255 20       		.byte	32
 626 0256 59       		.byte	89
 627 0257 09       		.byte	9
ARM GAS  C:\Users\IVYLIU~1\AppData\Local\Temp\ccZQkPWo.s 			page 12


 628 0258 5A       		.byte	90
 629 0259 80       		.byte	-128
 630 025a 60       		.byte	96
 631 025b 01       		.byte	1
 632 025c 67       		.byte	103
 633 025d 20       		.byte	32
 634 025e 6C       		.byte	108
 635 025f 6A       		.byte	106
 636 0260 6D       		.byte	109
 637 0261 02       		.byte	2
 638 0262 6F       		.byte	111
 639 0263 02       		.byte	2
 640 0264 74       		.byte	116
 641 0265 C0       		.byte	-64
 642 0266 8C       		.byte	-116
 643 0267 04       		.byte	4
 644 0268 8D       		.byte	-115
 645 0269 01       		.byte	1
 646 026a C0       		.byte	-64
 647 026b C3       		.byte	-61
 648 026c C2       		.byte	-62
 649 026d 1C       		.byte	28
 650 026e C4       		.byte	-60
 651 026f 2F       		.byte	47
 652 0270 CA       		.byte	-54
 653 0271 FA       		.byte	-6
 654 0272 CC       		.byte	-52
 655 0273 EF       		.byte	-17
 656 0274 CE       		.byte	-50
 657 0275 DE       		.byte	-34
 658 0276 D6       		.byte	-42
 659 0277 0F       		.byte	15
 660 0278 D8       		.byte	-40
 661 0279 48       		.byte	72
 662 027a 06       		.byte	6
 663 027b 40       		.byte	64
 664 027c 56       		.byte	86
 665 027d 40       		.byte	64
 666 027e 5F       		.byte	95
 667 027f 20       		.byte	32
 668 0280 C0       		.byte	-64
 669 0281 04       		.byte	4
 670 0282 D4       		.byte	-44
 671 0283 02       		.byte	2
 672 0284 D6       		.byte	-42
 673 0285 04       		.byte	4
 674 0286 06       		.byte	6
 675 0287 80       		.byte	-128
 676 0288 50       		.byte	80
 677 0289 10       		.byte	16
 678 028a 54       		.byte	84
 679 028b 20       		.byte	32
 680 028c 58       		.byte	88
 681 028d 04       		.byte	4
 682 028e 5C       		.byte	92
 683 028f 01       		.byte	1
 684 0290 66       		.byte	102
ARM GAS  C:\Users\IVYLIU~1\AppData\Local\Temp\ccZQkPWo.s 			page 13


 685 0291 10       		.byte	16
 686 0292 8A       		.byte	-118
 687 0293 10       		.byte	16
 688 0294 9F       		.byte	-97
 689 0295 20       		.byte	32
 690 0296 C0       		.byte	-64
 691 0297 04       		.byte	4
 692 0298 D4       		.byte	-44
 693 0299 06       		.byte	6
 694 029a D6       		.byte	-42
 695 029b 03       		.byte	3
 696 029c D8       		.byte	-40
 697 029d 01       		.byte	1
 698 029e E4       		.byte	-28
 699 029f 04       		.byte	4
 700 02a0 07       		.byte	7
 701 02a1 20       		.byte	32
 702 02a2 94       		.byte	-108
 703 02a3 01       		.byte	1
 704 02a4 9F       		.byte	-97
 705 02a5 20       		.byte	32
 706 02a6 A4       		.byte	-92
 707 02a7 20       		.byte	32
 708 02a8 AC       		.byte	-84
 709 02a9 04       		.byte	4
 710 02aa B4       		.byte	-76
 711 02ab 10       		.byte	16
 712 02ac B6       		.byte	-74
 713 02ad 80       		.byte	-128
 714 02ae C0       		.byte	-64
 715 02af 04       		.byte	4
 716 02b0 EC       		.byte	-20
 717 02b1 02       		.byte	2
 718 02b2 EE       		.byte	-18
 719 02b3 08       		.byte	8
 720 02b4 B4       		.byte	-76
 721 02b5 21       		.byte	33
 722 02b6 EC       		.byte	-20
 723 02b7 08       		.byte	8
 724 02b8 00       		.byte	0
 725 02b9 01       		.byte	1
 726 02ba 0E       		.byte	14
 727 02bb 01       		.byte	1
 728 02bc 20       		.byte	32
 729 02bd 00       		.byte	0
 730 02be 00       		.byte	0
 731 02bf 20       		.byte	32
 732 02c0 00       		.byte	0
 733 02c1 00       		.byte	0
 734 02c2 00       		.byte	0
 735 02c3 00       		.byte	0
 736 02c4 00       		.byte	0
 737 02c5 00       		.byte	0
 738 02c6 00       		.byte	0
 739 02c7 00       		.byte	0
 740 02c8 02       		.byte	2
 741 02c9 FC       		.byte	-4
ARM GAS  C:\Users\IVYLIU~1\AppData\Local\Temp\ccZQkPWo.s 			page 14


 742 02ca FC       		.byte	-4
 743 02cb 00       		.byte	0
 744 02cc DC       		.byte	-36
 745 02cd 00       		.byte	0
 746 02ce 00       		.byte	0
 747 02cf 00       		.byte	0
 748 02d0 02       		.byte	2
 749 02d1 00       		.byte	0
 750 02d2 00       		.byte	0
 751 02d3 0E       		.byte	14
 752 02d4 0C       		.byte	12
 753 02d5 00       		.byte	0
 754 02d6 0C       		.byte	12
 755 02d7 00       		.byte	0
 756 02d8 00       		.byte	0
 757 02d9 00       		.byte	0
 758 02da 00       		.byte	0
 759 02db 00       		.byte	0
 760              		.section	.cywolatch,"a",%progbits
 761              		.align	2
 762              		.type	cy_meta_wonvl, %object
 763              		.size	cy_meta_wonvl, 4
 764              	cy_meta_wonvl:
 765 0000 BC       		.byte	-68
 766 0001 90       		.byte	-112
 767 0002 AC       		.byte	-84
 768 0003 AF       		.byte	-81
 769              		.section	.cycustnvl,"a",%progbits
 770              		.align	2
 771              		.type	cy_meta_custnvl, %object
 772              		.size	cy_meta_custnvl, 4
 773              	cy_meta_custnvl:
 774 0000 00       		.byte	0
 775 0001 00       		.byte	0
 776 0002 40       		.byte	64
 777 0003 05       		.byte	5
 778              		.section	.cymeta,"a",%progbits
 779              		.align	2
 780              		.type	cy_metadata, %object
 781              		.size	cy_metadata, 12
 782              	cy_metadata:
 783 0000 00       		.byte	0
 784 0001 01       		.byte	1
 785 0002 2E       		.byte	46
 786 0003 12       		.byte	18
 787 0004 30       		.byte	48
 788 0005 69       		.byte	105
 789 0006 00       		.byte	0
 790 0007 01       		.byte	1
 791 0008 00       		.byte	0
 792 0009 00       		.byte	0
 793 000a 00       		.byte	0
 794 000b 00       		.byte	0
 795              		.section	.cyflashprotect,"a",%progbits
 796              		.align	2
 797              		.type	cy_meta_flashprotect, %object
 798              		.size	cy_meta_flashprotect, 256
ARM GAS  C:\Users\IVYLIU~1\AppData\Local\Temp\ccZQkPWo.s 			page 15


 799              	cy_meta_flashprotect:
 800 0000 00000000 		.space	256
 800      00000000 
 800      00000000 
 800      00000000 
 800      00000000 
 801              		.text
 802              	.Letext0:
 803              		.file 1 ".\\Generated_Source\\PSoC5\\cymetadata.c"
 804              		.file 2 ".\\Generated_Source\\PSoC5\\cytypes.h"
 805              		.section	.debug_info,"",%progbits
 806              	.Ldebug_info0:
 807 0000 36010000 		.4byte	0x136
 808 0004 0400     		.2byte	0x4
 809 0006 00000000 		.4byte	.Ldebug_abbrev0
 810 000a 04       		.byte	0x4
 811 000b 01       		.uleb128 0x1
 812 000c 94000000 		.4byte	.LASF18
 813 0010 01       		.byte	0x1
 814 0011 00000000 		.4byte	.LASF19
 815 0015 46010000 		.4byte	.LASF20
 816 0019 00000000 		.4byte	.Ldebug_line0
 817 001d 02       		.uleb128 0x2
 818 001e 01       		.byte	0x1
 819 001f 06       		.byte	0x6
 820 0020 F4010000 		.4byte	.LASF0
 821 0024 02       		.uleb128 0x2
 822 0025 01       		.byte	0x1
 823 0026 08       		.byte	0x8
 824 0027 38000000 		.4byte	.LASF1
 825 002b 02       		.uleb128 0x2
 826 002c 02       		.byte	0x2
 827 002d 05       		.byte	0x5
 828 002e DB010000 		.4byte	.LASF2
 829 0032 02       		.uleb128 0x2
 830 0033 02       		.byte	0x2
 831 0034 07       		.byte	0x7
 832 0035 58000000 		.4byte	.LASF3
 833 0039 02       		.uleb128 0x2
 834 003a 04       		.byte	0x4
 835 003b 05       		.byte	0x5
 836 003c EB010000 		.4byte	.LASF4
 837 0040 02       		.uleb128 0x2
 838 0041 04       		.byte	0x4
 839 0042 07       		.byte	0x7
 840 0043 46000000 		.4byte	.LASF5
 841 0047 02       		.uleb128 0x2
 842 0048 08       		.byte	0x8
 843 0049 05       		.byte	0x5
 844 004a C8010000 		.4byte	.LASF6
 845 004e 02       		.uleb128 0x2
 846 004f 08       		.byte	0x8
 847 0050 07       		.byte	0x7
 848 0051 2F010000 		.4byte	.LASF7
 849 0055 03       		.uleb128 0x3
 850 0056 04       		.byte	0x4
 851 0057 05       		.byte	0x5
ARM GAS  C:\Users\IVYLIU~1\AppData\Local\Temp\ccZQkPWo.s 			page 16


 852 0058 696E7400 		.ascii	"int\000"
 853 005c 02       		.uleb128 0x2
 854 005d 04       		.byte	0x4
 855 005e 07       		.byte	0x7
 856 005f 22010000 		.4byte	.LASF8
 857 0063 04       		.uleb128 0x4
 858 0064 E5010000 		.4byte	.LASF21
 859 0068 02       		.byte	0x2
 860 0069 C2       		.byte	0xc2
 861 006a 24000000 		.4byte	0x24
 862 006e 02       		.uleb128 0x2
 863 006f 04       		.byte	0x4
 864 0070 04       		.byte	0x4
 865 0071 32000000 		.4byte	.LASF9
 866 0075 02       		.uleb128 0x2
 867 0076 08       		.byte	0x8
 868 0077 04       		.byte	0x4
 869 0078 6B000000 		.4byte	.LASF10
 870 007c 02       		.uleb128 0x2
 871 007d 01       		.byte	0x1
 872 007e 08       		.byte	0x8
 873 007f D6010000 		.4byte	.LASF11
 874 0083 05       		.uleb128 0x5
 875 0084 63000000 		.4byte	0x63
 876 0088 94000000 		.4byte	0x94
 877 008c 06       		.uleb128 0x6
 878 008d 94000000 		.4byte	0x94
 879 0091 DB02     		.2byte	0x2db
 880 0093 00       		.byte	0
 881 0094 02       		.uleb128 0x2
 882 0095 04       		.byte	0x4
 883 0096 07       		.byte	0x7
 884 0097 BF010000 		.4byte	.LASF12
 885 009b 07       		.uleb128 0x7
 886 009c 82000000 		.4byte	.LASF13
 887 00a0 01       		.byte	0x1
 888 00a1 1F       		.byte	0x1f
 889 00a2 AC000000 		.4byte	0xac
 890 00a6 05       		.uleb128 0x5
 891 00a7 03       		.byte	0x3
 892 00a8 00000000 		.4byte	cy_meta_configecc
 893 00ac 08       		.uleb128 0x8
 894 00ad 83000000 		.4byte	0x83
 895 00b1 05       		.uleb128 0x5
 896 00b2 63000000 		.4byte	0x63
 897 00b6 C1000000 		.4byte	0xc1
 898 00ba 09       		.uleb128 0x9
 899 00bb 94000000 		.4byte	0x94
 900 00bf 03       		.byte	0x3
 901 00c0 00       		.byte	0
 902 00c1 07       		.uleb128 0x7
 903 00c2 72000000 		.4byte	.LASF14
 904 00c6 01       		.byte	0x1
 905 00c7 88       		.byte	0x88
 906 00c8 D2000000 		.4byte	0xd2
 907 00cc 05       		.uleb128 0x5
 908 00cd 03       		.byte	0x3
ARM GAS  C:\Users\IVYLIU~1\AppData\Local\Temp\ccZQkPWo.s 			page 17


 909 00ce 00000000 		.4byte	cy_meta_custnvl
 910 00d2 08       		.uleb128 0x8
 911 00d3 B1000000 		.4byte	0xb1
 912 00d7 07       		.uleb128 0x7
 913 00d8 B1010000 		.4byte	.LASF15
 914 00dc 01       		.byte	0x1
 915 00dd 96       		.byte	0x96
 916 00de E8000000 		.4byte	0xe8
 917 00e2 05       		.uleb128 0x5
 918 00e3 03       		.byte	0x3
 919 00e4 00000000 		.4byte	cy_meta_wonvl
 920 00e8 08       		.uleb128 0x8
 921 00e9 B1000000 		.4byte	0xb1
 922 00ed 05       		.uleb128 0x5
 923 00ee 63000000 		.4byte	0x63
 924 00f2 FD000000 		.4byte	0xfd
 925 00f6 09       		.uleb128 0x9
 926 00f7 94000000 		.4byte	0x94
 927 00fb FF       		.byte	0xff
 928 00fc 00       		.byte	0
 929 00fd 07       		.uleb128 0x7
 930 00fe 9C010000 		.4byte	.LASF16
 931 0102 01       		.byte	0x1
 932 0103 A4       		.byte	0xa4
 933 0104 0E010000 		.4byte	0x10e
 934 0108 05       		.uleb128 0x5
 935 0109 03       		.byte	0x3
 936 010a 00000000 		.4byte	cy_meta_flashprotect
 937 010e 08       		.uleb128 0x8
 938 010f ED000000 		.4byte	0xed
 939 0113 05       		.uleb128 0x5
 940 0114 63000000 		.4byte	0x63
 941 0118 23010000 		.4byte	0x123
 942 011c 09       		.uleb128 0x9
 943 011d 94000000 		.4byte	0x94
 944 0121 0B       		.byte	0xb
 945 0122 00       		.byte	0
 946 0123 07       		.uleb128 0x7
 947 0124 26000000 		.4byte	.LASF17
 948 0128 01       		.byte	0x1
 949 0129 D1       		.byte	0xd1
 950 012a 34010000 		.4byte	0x134
 951 012e 05       		.uleb128 0x5
 952 012f 03       		.byte	0x3
 953 0130 00000000 		.4byte	cy_metadata
 954 0134 08       		.uleb128 0x8
 955 0135 13010000 		.4byte	0x113
 956 0139 00       		.byte	0
 957              		.section	.debug_abbrev,"",%progbits
 958              	.Ldebug_abbrev0:
 959 0000 01       		.uleb128 0x1
 960 0001 11       		.uleb128 0x11
 961 0002 01       		.byte	0x1
 962 0003 25       		.uleb128 0x25
 963 0004 0E       		.uleb128 0xe
 964 0005 13       		.uleb128 0x13
 965 0006 0B       		.uleb128 0xb
ARM GAS  C:\Users\IVYLIU~1\AppData\Local\Temp\ccZQkPWo.s 			page 18


 966 0007 03       		.uleb128 0x3
 967 0008 0E       		.uleb128 0xe
 968 0009 1B       		.uleb128 0x1b
 969 000a 0E       		.uleb128 0xe
 970 000b 10       		.uleb128 0x10
 971 000c 17       		.uleb128 0x17
 972 000d 00       		.byte	0
 973 000e 00       		.byte	0
 974 000f 02       		.uleb128 0x2
 975 0010 24       		.uleb128 0x24
 976 0011 00       		.byte	0
 977 0012 0B       		.uleb128 0xb
 978 0013 0B       		.uleb128 0xb
 979 0014 3E       		.uleb128 0x3e
 980 0015 0B       		.uleb128 0xb
 981 0016 03       		.uleb128 0x3
 982 0017 0E       		.uleb128 0xe
 983 0018 00       		.byte	0
 984 0019 00       		.byte	0
 985 001a 03       		.uleb128 0x3
 986 001b 24       		.uleb128 0x24
 987 001c 00       		.byte	0
 988 001d 0B       		.uleb128 0xb
 989 001e 0B       		.uleb128 0xb
 990 001f 3E       		.uleb128 0x3e
 991 0020 0B       		.uleb128 0xb
 992 0021 03       		.uleb128 0x3
 993 0022 08       		.uleb128 0x8
 994 0023 00       		.byte	0
 995 0024 00       		.byte	0
 996 0025 04       		.uleb128 0x4
 997 0026 16       		.uleb128 0x16
 998 0027 00       		.byte	0
 999 0028 03       		.uleb128 0x3
 1000 0029 0E       		.uleb128 0xe
 1001 002a 3A       		.uleb128 0x3a
 1002 002b 0B       		.uleb128 0xb
 1003 002c 3B       		.uleb128 0x3b
 1004 002d 0B       		.uleb128 0xb
 1005 002e 49       		.uleb128 0x49
 1006 002f 13       		.uleb128 0x13
 1007 0030 00       		.byte	0
 1008 0031 00       		.byte	0
 1009 0032 05       		.uleb128 0x5
 1010 0033 01       		.uleb128 0x1
 1011 0034 01       		.byte	0x1
 1012 0035 49       		.uleb128 0x49
 1013 0036 13       		.uleb128 0x13
 1014 0037 01       		.uleb128 0x1
 1015 0038 13       		.uleb128 0x13
 1016 0039 00       		.byte	0
 1017 003a 00       		.byte	0
 1018 003b 06       		.uleb128 0x6
 1019 003c 21       		.uleb128 0x21
 1020 003d 00       		.byte	0
 1021 003e 49       		.uleb128 0x49
 1022 003f 13       		.uleb128 0x13
ARM GAS  C:\Users\IVYLIU~1\AppData\Local\Temp\ccZQkPWo.s 			page 19


 1023 0040 2F       		.uleb128 0x2f
 1024 0041 05       		.uleb128 0x5
 1025 0042 00       		.byte	0
 1026 0043 00       		.byte	0
 1027 0044 07       		.uleb128 0x7
 1028 0045 34       		.uleb128 0x34
 1029 0046 00       		.byte	0
 1030 0047 03       		.uleb128 0x3
 1031 0048 0E       		.uleb128 0xe
 1032 0049 3A       		.uleb128 0x3a
 1033 004a 0B       		.uleb128 0xb
 1034 004b 3B       		.uleb128 0x3b
 1035 004c 0B       		.uleb128 0xb
 1036 004d 49       		.uleb128 0x49
 1037 004e 13       		.uleb128 0x13
 1038 004f 3F       		.uleb128 0x3f
 1039 0050 19       		.uleb128 0x19
 1040 0051 02       		.uleb128 0x2
 1041 0052 18       		.uleb128 0x18
 1042 0053 00       		.byte	0
 1043 0054 00       		.byte	0
 1044 0055 08       		.uleb128 0x8
 1045 0056 26       		.uleb128 0x26
 1046 0057 00       		.byte	0
 1047 0058 49       		.uleb128 0x49
 1048 0059 13       		.uleb128 0x13
 1049 005a 00       		.byte	0
 1050 005b 00       		.byte	0
 1051 005c 09       		.uleb128 0x9
 1052 005d 21       		.uleb128 0x21
 1053 005e 00       		.byte	0
 1054 005f 49       		.uleb128 0x49
 1055 0060 13       		.uleb128 0x13
 1056 0061 2F       		.uleb128 0x2f
 1057 0062 0B       		.uleb128 0xb
 1058 0063 00       		.byte	0
 1059 0064 00       		.byte	0
 1060 0065 00       		.byte	0
 1061              		.section	.debug_aranges,"",%progbits
 1062 0000 14000000 		.4byte	0x14
 1063 0004 0200     		.2byte	0x2
 1064 0006 00000000 		.4byte	.Ldebug_info0
 1065 000a 04       		.byte	0x4
 1066 000b 00       		.byte	0
 1067 000c 0000     		.2byte	0
 1068 000e 0000     		.2byte	0
 1069 0010 00000000 		.4byte	0
 1070 0014 00000000 		.4byte	0
 1071              		.section	.debug_line,"",%progbits
 1072              	.Ldebug_line0:
 1073 0000 4F000000 		.section	.debug_str,"MS",%progbits,1
 1073      02004900 
 1073      00000201 
 1073      FB0E0D00 
 1073      01010101 
 1074              	.LASF19:
 1075 0000 2E5C4765 		.ascii	".\\Generated_Source\\PSoC5\\cymetadata.c\000"
ARM GAS  C:\Users\IVYLIU~1\AppData\Local\Temp\ccZQkPWo.s 			page 20


 1075      6E657261 
 1075      7465645F 
 1075      536F7572 
 1075      63655C50 
 1076              	.LASF17:
 1077 0026 63795F6D 		.ascii	"cy_metadata\000"
 1077      65746164 
 1077      61746100 
 1078              	.LASF9:
 1079 0032 666C6F61 		.ascii	"float\000"
 1079      7400
 1080              	.LASF1:
 1081 0038 756E7369 		.ascii	"unsigned char\000"
 1081      676E6564 
 1081      20636861 
 1081      7200
 1082              	.LASF5:
 1083 0046 6C6F6E67 		.ascii	"long unsigned int\000"
 1083      20756E73 
 1083      69676E65 
 1083      6420696E 
 1083      7400
 1084              	.LASF3:
 1085 0058 73686F72 		.ascii	"short unsigned int\000"
 1085      7420756E 
 1085      7369676E 
 1085      65642069 
 1085      6E7400
 1086              	.LASF10:
 1087 006b 646F7562 		.ascii	"double\000"
 1087      6C6500
 1088              	.LASF14:
 1089 0072 63795F6D 		.ascii	"cy_meta_custnvl\000"
 1089      6574615F 
 1089      63757374 
 1089      6E766C00 
 1090              	.LASF13:
 1091 0082 63795F6D 		.ascii	"cy_meta_configecc\000"
 1091      6574615F 
 1091      636F6E66 
 1091      69676563 
 1091      6300
 1092              	.LASF18:
 1093 0094 474E5520 		.ascii	"GNU C 4.9.3 20150303 (release) [ARM/embedded-4_9-br"
 1093      4320342E 
 1093      392E3320 
 1093      32303135 
 1093      30333033 
 1094 00c7 616E6368 		.ascii	"anch revision 221220] -mcpu=cortex-m3 -mthumb -g -O"
 1094      20726576 
 1094      6973696F 
 1094      6E203232 
 1094      31323230 
 1095 00fa 67202D66 		.ascii	"g -ffunction-sections -ffat-lto-objects\000"
 1095      66756E63 
 1095      74696F6E 
 1095      2D736563 
ARM GAS  C:\Users\IVYLIU~1\AppData\Local\Temp\ccZQkPWo.s 			page 21


 1095      74696F6E 
 1096              	.LASF8:
 1097 0122 756E7369 		.ascii	"unsigned int\000"
 1097      676E6564 
 1097      20696E74 
 1097      00
 1098              	.LASF7:
 1099 012f 6C6F6E67 		.ascii	"long long unsigned int\000"
 1099      206C6F6E 
 1099      6720756E 
 1099      7369676E 
 1099      65642069 
 1100              	.LASF20:
 1101 0146 5C5C766D 		.ascii	"\\\\vmware-host\\Shared Folders\\Documents\\PSoC Cr"
 1101      77617265 
 1101      2D686F73 
 1101      745C5368 
 1101      61726564 
 1102 0174 6561746F 		.ascii	"eator\\FinalProject\\TFT_with_emWin.cydsn\000"
 1102      725C4669 
 1102      6E616C50 
 1102      726F6A65 
 1102      63745C54 
 1103              	.LASF16:
 1104 019c 63795F6D 		.ascii	"cy_meta_flashprotect\000"
 1104      6574615F 
 1104      666C6173 
 1104      6870726F 
 1104      74656374 
 1105              	.LASF15:
 1106 01b1 63795F6D 		.ascii	"cy_meta_wonvl\000"
 1106      6574615F 
 1106      776F6E76 
 1106      6C00
 1107              	.LASF12:
 1108 01bf 73697A65 		.ascii	"sizetype\000"
 1108      74797065 
 1108      00
 1109              	.LASF6:
 1110 01c8 6C6F6E67 		.ascii	"long long int\000"
 1110      206C6F6E 
 1110      6720696E 
 1110      7400
 1111              	.LASF11:
 1112 01d6 63686172 		.ascii	"char\000"
 1112      00
 1113              	.LASF2:
 1114 01db 73686F72 		.ascii	"short int\000"
 1114      7420696E 
 1114      7400
 1115              	.LASF21:
 1116 01e5 75696E74 		.ascii	"uint8\000"
 1116      3800
 1117              	.LASF4:
 1118 01eb 6C6F6E67 		.ascii	"long int\000"
 1118      20696E74 
 1118      00
ARM GAS  C:\Users\IVYLIU~1\AppData\Local\Temp\ccZQkPWo.s 			page 22


 1119              	.LASF0:
 1120 01f4 7369676E 		.ascii	"signed char\000"
 1120      65642063 
 1120      68617200 
 1121              		.ident	"GCC: (GNU Tools for ARM Embedded Processors) 4.9.3 20150303 (release) [ARM/embedded-4_9-br
