--------------- Rebuild Started: 05/11/2024 12:32:51 Project: TFT_with_emWin, Configuration: ARM GCC 4.9-2015-q1-update Debug ---------------
Deleting file ".\CortexM3\ARM_GCC_493\Debug\main.o"
Deleting file ".\CortexM3\ARM_GCC_493\Debug\tft.o"
Deleting file ".\CortexM3\ARM_GCC_493\Debug\GUI_X.o"
Deleting file ".\CortexM3\ARM_GCC_493\Debug\GUIConf.o"
Deleting file ".\CortexM3\ARM_GCC_493\Debug\LCDConf.o"
Deleting file ".\CortexM3\ARM_GCC_493\Debug\cyfitter_cfg.o"
Deleting file ".\CortexM3\ARM_GCC_493\Debug\cymetadata.o"
Deleting file ".\CortexM3\ARM_GCC_493\Debug\SPIM_1.o"
Deleting file ".\CortexM3\ARM_GCC_493\Debug\SPIM_1_PM.o"
Deleting file ".\CortexM3\ARM_GCC_493\Debug\SPIM_1_INT.o"
Deleting file ".\CortexM3\ARM_GCC_493\Debug\MOSI.o"
Deleting file ".\CortexM3\ARM_GCC_493\Debug\SCLK.o"
Deleting file ".\CortexM3\ARM_GCC_493\Debug\SS.o"
Deleting file ".\CortexM3\ARM_GCC_493\Debug\MISO.o"
Deleting file ".\CortexM3\ARM_GCC_493\Debug\DC.o"
Deleting file ".\CortexM3\ARM_GCC_493\Debug\RESET.o"
Deleting file ".\CortexM3\ARM_GCC_493\Debug\SPIM_1_IntClock.o"
Deleting file ".\CortexM3\ARM_GCC_493\Debug\Cm3Start.o"
Deleting file ".\CortexM3\ARM_GCC_493\Debug\CyBootAsmGnu.o"
Deleting file ".\CortexM3\ARM_GCC_493\Debug\CyDmac.o"
Deleting file ".\CortexM3\ARM_GCC_493\Debug\CyFlash.o"
Deleting file ".\CortexM3\ARM_GCC_493\Debug\CyLib.o"
Deleting file ".\CortexM3\ARM_GCC_493\Debug\cyPm.o"
Deleting file ".\CortexM3\ARM_GCC_493\Debug\CySpc.o"
Deleting file ".\CortexM3\ARM_GCC_493\Debug\cyutils.o"
Deleting file ".\CortexM3\ARM_GCC_493\Debug\LED.o"
Deleting file ".\CortexM3\ARM_GCC_493\Debug\TFT_with_emWin.hex"
Deleting file ".\CortexM3\ARM_GCC_493\Debug\TFT_with_emWin.elf"
Deleting file ".\CortexM3\ARM_GCC_493\Debug\TFT_with_emWin.map"
Deleting file ".\TFT_with_emWin.cycdx"
Deleting file ".\TFT_with_emWin.rpt"
Deleting file ".\TFT_with_emWin_timing.html"
Deleting file ".\CortexM3\ARM_GCC_493\Debug\.deps\C_FILE.P"
Deleting file ".\CortexM3\ARM_GCC_493\Debug\.deps\ARM_C_FILE.P"
Deleting file ".\CortexM3\ARM_GCC_493\Debug\.deps\GNU_ARM_ASM_FILE.P"
cydsfit.exe -.appdatapath "C:\Users\Ivy Liu\AppData\Local\Cypress Semiconductor\PSoC Creator\3.3" -.fdsnotice -.fdswarpdepfile=warp_dependencies.txt -.fdselabdepfile=elab_dependencies.txt -.fdsbldfile=generated_files.txt -p "\\vmware-host\Shared Folders\Documents\PSoC Creator\FinalProject\TFT_with_emWin.cydsn\TFT_with_emWin.cyprj" -d CY8C5868AXI-LP035 -s "\\vmware-host\Shared Folders\Documents\PSoC Creator\FinalProject\TFT_with_emWin.cydsn\Generated_Source\PSoC5" -- -yv2 -q10 -ygs -o2 -v3 -.fftcfgtype=LE
Elaborating Design...
HDL Generation ...
Synthesis ...
Place and Route ...
Tech mapping ...
Analog Placement ...
Analog Routing ...
Analog Code Generation ...
Digital Placement ...
Digital Routing ...
Bitstream Generation ...
Static timing analysis ...
API Generation ...
Dependency Generation ...
Clean Temporary Files ...
arm-none-eabi-gcc.exe -mcpu=cortex-m3 -mthumb -Wno-main -I..\..\emWinGraphics_v5_46\Code\Include\PSoC4_5\nosnts -I..\..\emWinGraphics_v5_46\Code\Include\PSoC4_5 -I. -IGenerated_Source\PSoC5 -Wa,-alh=.\CortexM3\ARM_GCC_493\Debug/main.lst -g -D DEBUG -Wall -ffunction-sections -Og -ffat-lto-objects -c .\main.c -o .\CortexM3\ARM_GCC_493\Debug\main.o
.\main.c:13:17: fatal error: GUI.h: No such file or directory
 #include "GUI.h"
                 ^
compilation terminated.
The command 'arm-none-eabi-gcc.exe' failed with exit code '1'.
--------------- Rebuild Failed: 05/11/2024 12:33:29 ---------------
